
Log started (V12.10.0.0) Tue Apr 20 03:39:51 2021


Problem 'asset.lp' read.
Read time = 0.01 sec. (0.47 ticks)
New value for default parallel thread count: 1
New value for time limit in seconds: 150
Version identifier: 12.10.0.0 | 2019-11-26 | 843d4de
CPXPARAM_Threads                                 1
CPXPARAM_TimeLimit                               150
Found incumbent of value -0.795192 after 0.00 sec. (0.20 ticks)
Tried aggregator 4 times.
MIP Presolve eliminated 2539 rows and 879 columns.
MIP Presolve modified 3107 coefficients.
Aggregator did 916 substitutions.
Reduced MIP has 1265 rows, 1388 columns, and 6125 nonzeros.
Reduced MIP has 1147 binaries, 188 generals, 0 SOSs, and 0 indicators.
Presolve time = 0.02 sec. (15.12 ticks)
Probing fixed 246 vars, tightened 77 bounds.
Probing time = 0.01 sec. (6.23 ticks)
Cover probing fixed 0 vars, tightened 61 bounds.
Tried aggregator 2 times.
MIP Presolve eliminated 405 rows and 402 columns.
MIP Presolve modified 150 coefficients.
Aggregator did 4 substitutions.
Reduced MIP has 856 rows, 982 columns, and 4004 nonzeros.
Reduced MIP has 822 binaries, 109 generals, 0 SOSs, and 0 indicators.
Presolve time = 0.01 sec. (6.93 ticks)
Probing time = 0.00 sec. (2.59 ticks)
Tried aggregator 1 time.
Detecting symmetries...
MIP Presolve modified 368 coefficients.
Reduced MIP has 856 rows, 982 columns, and 4004 nonzeros.
Reduced MIP has 822 binaries, 109 generals, 0 SOSs, and 0 indicators.
Presolve time = 0.00 sec. (2.74 ticks)
Probing time = 0.00 sec. (2.55 ticks)
Clique table members: 3041.
MIP emphasis: balance optimality and feasibility.
MIP search method: dynamic search.
Parallel mode: none, using 1 thread.
Root relaxation solution time = 0.01 sec. (7.80 ticks)

        Nodes                                         Cuts/
   Node  Left     Objective  IInf  Best Integer    Best Bound    ItCnt     Gap

*     0+    0                           -0.7952     1165.4168              --- 
      0     0      761.4826   161       -0.7952      761.4826      568     --- 
      0     0      744.0678   161       -0.7952     Cuts: 314      931     --- 
      0     0      731.9108   161       -0.7952     Cuts: 314     1501     --- 
      0     0      725.4199   161       -0.7952     Cuts: 314     1776     --- 
      0     0      720.9269   161       -0.7952     Cuts: 289     2075     --- 
      0     0      718.5857   161       -0.7952     Cuts: 307     2391     --- 
*     0+    0                           65.3582      718.5857           999.46%
      0     0        cutoff             65.3582      718.5857     2391  999.46%
Detecting symmetries...
      0     0      716.5487   161       65.3582     Cuts: 220     2629  996.34%
      0     0      715.9684   161       65.3582     Cuts: 169     2775  995.45%
      0     0      714.8734   161       65.3582     Cuts: 196     2951  993.78%
      0     0      714.0632   161       65.3582     Cuts: 286     3063  992.54%
      0     0      712.7812   161       65.3582     Cuts: 202     3174  990.58%
      0     0      712.1093   161       65.3582     Cuts: 203     3287  989.55%
      0     0      711.6050   161       65.3582     Cuts: 239     3397  988.78%
      0     0      711.1875   161       65.3582     Cuts: 113     3475  988.14%
      0     0      710.9313   161       65.3582     Cuts: 142     3542  987.75%
      0     0      710.8160   161       65.3582     Cuts: 168     3631  987.57%
      0     0      710.3862   161       65.3582     Cuts: 126     3711  986.91%
*     0+    0                          144.4131      710.3862           391.91%
*     0+    0                          210.2155      710.3862           237.93%
      0     0      709.9639   161      210.2155     Cuts: 250     3806  237.73%
      0     0      709.6973   161      210.2155     Cuts: 180     3893  237.60%
      0     0      709.5823   161      210.2155     Cuts: 100     3948  237.55%
      0     0      709.4494   161      210.2155      Cuts: 42     4025  237.49%
Detecting symmetries...
      0     2      709.4494   229      210.2155      709.4203     4025  237.47%
Elapsed time = 0.59 sec. (627.23 ticks, tree = 0.01 MB, solutions = 3)
     52    45      628.0448   106      210.2155      707.4053     8363  236.51%
*    90+   66                          544.9160      707.4053            29.82%
*    94    65      integral     0      544.9161      707.4053     8701   29.82%
    152   107      702.6719   184      544.9161      706.7445    11606   29.70%
    198   147      631.8059   127      544.9161      706.6923    14345   29.69%
    286   224      635.3452   120      544.9161      706.0274    17921   29.57%
*   370+  284                          552.4242      705.8606            27.78%
    386   298      650.4803   164      552.4242      703.8941    20977   27.42%
*   440+  340                          558.2751      703.8941            26.08%
    504   397      649.2111   153      558.2751      702.8281    24218   25.89%
*   540+  416                          562.8068      702.8281            24.88%
    571   445      589.3266    81      562.8068      702.6710    27419   24.85%
    646   509      691.7318   188      562.8068      701.8796    31027   24.71%
    716   567      683.9156   192      562.8068      701.7149    34754   24.68%
    970   783      585.0043    99      562.8068      699.7506    47932   24.33%
Elapsed time = 3.12 sec. (3753.59 ticks, tree = 4.66 MB, solutions = 8)

Performing restart 1

Repeating presolve.
Tried aggregator 2 times.
MIP Presolve modified 740 coefficients.
Aggregator did 10 substitutions.
Reduced MIP has 846 rows, 972 columns, and 3392 nonzeros.
Reduced MIP has 812 binaries, 109 generals, 0 SOSs, and 0 indicators.
Presolve time = 0.00 sec. (4.69 ticks)
Tried aggregator 1 time.
Reduced MIP has 846 rows, 972 columns, and 3392 nonzeros.
Reduced MIP has 812 binaries, 109 generals, 0 SOSs, and 0 indicators.
Presolve time = 0.00 sec. (2.62 ticks)
Represolve time = 0.03 sec. (21.04 ticks)
   1162     0      674.5492   202      562.8068     Cuts: 311    62734   19.85%
   1162     0      662.7179   202      562.8068     Cuts: 275    63011   17.75%
   1162     0      657.4401   202      562.8068     Cuts: 197    63250   16.81%
*  1162+    0                          562.8069      657.4401            16.81%
   1162     0        cutoff            562.8069      657.4401    63250   16.81%
   1162     0      651.6931   202      562.8069     Cuts: 181    63487   15.79%
   1162     0      648.4269   202      562.8069     Cuts: 220    63732   15.21%
   1162     0      647.1129   202      562.8069     Cuts: 142    63879   14.98%
   1162     0      644.7688   202      562.8069     Cuts: 132    64050   14.56%
   1162     0      644.2646   202      562.8069     Cuts: 123    64135   14.47%
   1162     0      643.7590   202      562.8069     Cuts: 120    64316   14.38%
*  1162+    0                          562.8075      643.7590            14.38%
   1162     0      643.2805   202      562.8075     Cuts: 133    64513   14.30%
   1162     0      642.9767   202      562.8075      Cuts: 92    64698   14.24%
   1162     0      642.6372   202      562.8075      Cuts: 83    64838   14.18%
   1162     0      642.3981   202      562.8075      Cuts: 64    64989   14.14%
   1162     0      642.0364   202      562.8075     Cuts: 102    65140   14.08%
   1162     0      641.6061   202      562.8075      Cuts: 94    65269   14.00%
   1162     0      641.3207   202      562.8075     Cuts: 108    65367   13.95%
   1162     0      641.0843   202      562.8075      Cuts: 59    65495   13.91%
   1162     0      640.4279   202      562.8075     Cuts: 118    65615   13.79%
   1162     0      640.0033   202      562.8075      Cuts: 82    65756   13.72%
   1162     0      639.8135   202      562.8075      Cuts: 87    65828   13.68%
   1162     0      639.1826   202      562.8075      Cuts: 54    66091   13.57%
   1162     0      638.7444   202      562.8075      Cuts: 71    66273   13.49%
   1162     0      637.4194   202      562.8075      Cuts: 86    66523   13.26%
   1162     0      637.0794   202      562.8075      Cuts: 98    66639   13.20%
   1162     0      636.4519   202      562.8075      Cuts: 63    66752   13.09%
   1162     0      635.8267   202      562.8075      Cuts: 96    66839   12.97%
   1162     0      635.4108   202      562.8075      Cuts: 95    66906   12.90%
   1162     0      634.0770   202      562.8075      Cuts: 70    66998   12.66%
   1162     0      633.0374   202      562.8075      Cuts: 76    67087   12.48%
   1162     0      632.8206   202      562.8075      Cuts: 84    67160   12.44%
   1162     0      632.5068   202      562.8075      Cuts: 70    67254   12.38%
   1162     0      632.1399   202      562.8075      Cuts: 52    67373   12.32%
   1162     0      631.6089   202      562.8075     Cuts: 119    67526   12.22%
   1162     0      631.0051   202      562.8075      Cuts: 39    67589   12.12%
   1162     0      630.6932   202      562.8075      Cuts: 67    67654   12.06%
   1162     0      630.4431   202      562.8075      Cuts: 48    67783   12.02%
   1162     0      630.0399   202      562.8075     Cuts: 135    67955   11.95%
   1162     0      629.9215   202      562.8075      Cuts: 65    68024   11.92%
   1162     0      629.8892   202      562.8075      Cuts: 49    68092   11.92%
   1162     0      628.5499   202      562.8075      Cuts: 61    68272   11.68%
   1162     0      627.8772   202      562.8075     Cuts: 124    68415   11.56%
   1162     0      627.2038   202      562.8075      Cuts: 79    68545   11.44%
   1162     0      626.8459   202      562.8075     Cuts: 123    68697   11.38%
   1162     0      626.5014   202      562.8075      Cuts: 66    68805   11.32%
   1162     0      626.4311   202      562.8075      Cuts: 77    68859   11.30%
   1162     0      625.9282   202      562.8075      Cuts: 50    68995   11.22%
   1162     0      625.2044   202      562.8075      Cuts: 68    69136   11.09%
   1162     0      625.1042   202      562.8075     Cuts: 117    69224   11.07%
   1162     2      625.1042   178      562.8075      625.0944    69224   11.07%
   1186    26      611.0463   137      562.8075      624.0495    71764   10.88%
   1319   132      594.7201   128      562.8075      620.8371    79240   10.31%
   1501   281      616.6346   136      562.8075      620.3850    90400   10.23%
   1689   453      586.4866   117      562.8075      618.8398   100403    9.96%
   1910   647      603.1990   109      562.8075      615.8378   112157    9.42%
   2113   826      595.2804    35      562.8075      614.5013   123145    9.18%
   2304   992      606.8146   132      562.8075      613.5474   134355    9.02%
   2560  1213      595.3753   108      562.8075      612.9103   146635    8.90%
   2749  1367      580.2747    72      562.8075      612.5050   158648    8.83%
Elapsed time = 14.63 sec. (17478.71 ticks, tree = 2.05 MB, solutions = 10)
   3006  1584      586.4857    98      562.8075      612.2902   172190    8.79%
*  3162+ 1709                          563.3659      611.9364             8.62%
   3240  1780      578.5733   106      563.3659      611.5418   185594    8.55%
   3482  1973      594.2028   131      563.3659      610.8794   199956    8.43%
   3699  2141      595.2049   127      563.3659      610.5727   212791    8.38%
   3892  2295      564.1620    50      563.3659      610.2627   224792    8.32%
   4043  2404      569.4331    94      563.3659      609.9606   235918    8.27%
*  4162+ 2493                          563.3676      609.7787             8.24%
   4255  2567      601.8827   127      563.3676      609.6451   247986    8.21%
   4411  2690      579.1044   111      563.3676      609.5446   259781    8.20%
   4573  2816      581.0750   122      563.3676      609.4512   272457    8.18%
   4805  2998      600.3696    97      563.3676      609.2286   287366    8.14%
Elapsed time = 22.11 sec. (27097.97 ticks, tree = 3.22 MB, solutions = 12)
   5002  3156      576.7019   115      563.3676      609.1241   300581    8.12%
   5214  3321      592.7234   103      563.3676      608.8976   314274    8.08%
*  5282+ 3341                          565.3647      608.8191             7.69%
*  5289  3345      integral     0      565.3652      608.8191   318625    7.69%
*  5389+ 3402                          566.2296      608.5760             7.48%
   5442  3444      580.4714   114      566.2296      608.5244   328488    7.47%
   5601  3562      604.4534    94      566.2296      608.3710   338934    7.44%
   5752  3678      586.5352   103      566.2296      608.2580   348998    7.42%
   5953  3828      591.8137    77      566.2296      608.1577   359078    7.40%
   6102  3937      578.6230    47      566.2296      608.0467   372176    7.39%
   6270  4059      574.5165    46      566.2296      607.8158   384985    7.34%
   6468  4206      588.7731   142      566.2296      607.7070   399408    7.33%
Elapsed time = 29.09 sec. (36056.11 ticks, tree = 5.35 MB, solutions = 15)
   6647  4332      584.5480    82      566.2296      607.4749   413199    7.28%
   6855  4485      591.3757   107      566.2296      607.3675   427387    7.27%
   7052  4639      588.3890   103      566.2296      607.3100   440221    7.26%
   7189  4731      599.8474    62      566.2296      607.2029   452119    7.24%
   7374  4864      573.9023   102      566.2296      607.0982   464946    7.22%
   7527  4974      589.2049   128      566.2296      607.0441   476295    7.21%
   7653  5063      584.7163   159      566.2296      606.9368   489084    7.19%
   7824  5179      569.9482   111      566.2296      606.8611   502315    7.18%
   8013  5310      593.8913   144      566.2296      606.6338   516502    7.14%
*  8162+ 5426                          566.2298      606.5321             7.12%
   8228  5479      591.0159   150      566.2298      606.4656   529593    7.11%
Elapsed time = 36.50 sec. (45639.27 ticks, tree = 6.67 MB, solutions = 16)
*  8262+ 5503                          566.2298      606.4619             7.11%
   8420  5619      585.7215    94      566.2298      606.3164   542377    7.08%
   8600  5747      576.1714   114      566.2298      606.0739   556201    7.04%
   8762  5858      596.9482    98      566.2298      605.9482   567857    7.01%
   8920  5971      589.3008    68      566.2298      605.7867   581752    6.99%
   9071  6077      589.5418   108      566.2298      605.6879   596185    6.97%
   9264  6216      569.4326   110      566.2298      605.6382   610426    6.96%
   9428  6323      600.9094   109      566.2298      605.5477   623946    6.94%
   9574  6417      572.5200   117      566.2298      605.4754   636240    6.93%
   9739  6518      600.0562   138      566.2298      605.3724   648378    6.91%
   9926  6659      595.3225   110      566.2298      605.1994   658501    6.88%
Elapsed time = 44.02 sec. (55240.17 ticks, tree = 8.68 MB, solutions = 17)
  10093  6778      581.0743   137      566.2298      605.1563   670633    6.87%
  10250  6898      589.3469   139      566.2298      605.0848   683474    6.86%
  10407  7009      598.8168    90      566.2298      605.0244   695533    6.85%
  10560  7116      591.4342   115      566.2298      604.8587   707749    6.82%
  10749  7253      598.4671   115      566.2298      604.7350   721282    6.80%
  10905  7357      594.0838   136      566.2298      604.6459   734214    6.78%
* 10972  6875      integral     0      571.5467      604.6428   739067    5.79%
* 11072+ 6946                          571.5473      604.5826             5.78%
  11098  6963      603.9897   135      571.5473      604.5769   748375    5.78%
  11259  7063      601.4210    78      571.5473      604.4934   762607    5.76%
* 11402+ 7157                          571.5481      604.4169             5.75%
* 11402+ 7157                          571.5483      604.4169             5.75%
* 11402+ 7157                          571.5487      604.4169             5.75%
* 11402+ 7094                          571.9268      604.4169             5.68%
* 11403+ 7095                          571.9269      604.4169             5.68%
* 11403+ 7095                          571.9278      604.4169             5.68%
* 11403+ 7086                          571.9672      604.4169             5.67%
* 11403+ 7086                          571.9686      604.4169             5.67%
* 11403+ 7086                          571.9690      604.4169             5.67%
  11403  7088      580.1099    69      571.9690      604.4102   772607    5.67%
  11404  7087        cutoff            571.9690      604.4070   772629    5.67%
Elapsed time = 61.16 sec. (74605.30 ticks, tree = 9.17 MB, solutions = 28)
  11562  7179      585.1186   117      571.9690      604.2998   786156    5.65%
  11716  7277      599.2557   117      571.9690      604.2338   799445    5.64%
  11887  7380      587.6020   114      571.9690      604.1320   814468    5.62%
  12063  7492      601.3644    90      571.9690      604.0245   828336    5.60%
  12220  7601      574.3232    79      571.9690      603.9117   843032    5.58%
  12389  7687        cutoff            571.9690      603.8250   857290    5.57%
  12497  7737      593.2565   139      571.9690      603.7619   869651    5.56%
  12649  7833      575.3135   124      571.9690      603.6426   882518    5.54%
  12787  7917      583.6514   122      571.9690      603.5558   894115    5.52%
  12933  8002      581.8008    40      571.9690      603.4904   905384    5.51%
Elapsed time = 68.73 sec. (84230.51 ticks, tree = 9.92 MB, solutions = 28)
  13091  8109      586.3035   114      571.9690      603.4218   917813    5.50%
  13251  8211      599.8967   137      571.9690      603.3103   930041    5.48%
  13376  8269      573.4521    98      571.9690      603.2365   943234    5.47%
  13522  8366      578.1548    76      571.9690      603.1515   955511    5.45%
  13679  8451      596.2533   120      571.9690      603.0923   969227    5.44%
  13842  8540      596.9539   139      571.9690      602.9986   982357    5.43%
  14031  8663      582.1406   142      571.9690      602.9055   997456    5.41%
  14202  8764      590.9294   135      571.9690      602.8265  1008038    5.39%
  14352  8852      585.6504   109      571.9690      602.7612  1021149    5.38%
  14506  8933      600.5314   142      571.9690      602.6562  1033833    5.37%
Elapsed time = 76.22 sec. (93821.81 ticks, tree = 11.94 MB, solutions = 28)
  14687  9050      577.3864    64      571.9690      602.5645  1047627    5.35%
  14844  9145      600.7177    95      571.9690      602.4581  1061092    5.33%
  14974  9222      592.8175   102      571.9690      602.3850  1075241    5.32%
  15094  9281      586.1199   125      571.9690      602.3003  1088460    5.30%
  15252  9380        cutoff            571.9690      602.2472  1101714    5.29%
  15408  9492      592.0878    99      571.9690      602.1732  1115540    5.28%
  15551  9571      599.8109   138      571.9690      602.0650  1128196    5.26%
  15685  9642      586.9659    81      571.9690      601.9580  1140992    5.24%
  15842  9738      586.7200    80      571.9690      601.8438  1153847    5.22%
  16422 10083      580.9578   114      571.9690      601.5492  1206079    5.17%
Elapsed time = 86.03 sec. (106360.56 ticks, tree = 12.75 MB, solutions = 28)
  17044 10450      585.9638   133      571.9690      601.2796  1258519    5.12%
  17597 10734      575.9679   108      571.9690      600.9087  1310024    5.06%
  18241 11099      577.7891    79      571.9690      600.6313  1366092    5.01%
  18861 11433      577.6632    93      571.9690      600.3556  1421092    4.96%
  19445 11758      595.0758   122      571.9690      600.1353  1471348    4.92%
  20043 12065      577.6746   112      571.9690      599.7980  1523187    4.87%
  20638 12385      574.1216   111      571.9690      599.5917  1575876    4.83%
  21291 12762      577.7386   105      571.9690      599.3740  1630309    4.79%

Performing restart 2

Repeating presolve.
Tried aggregator 1 time.
MIP Presolve eliminated 110 rows and 0 columns.
MIP Presolve modified 40 coefficients.
Reduced MIP has 736 rows, 972 columns, and 8120 nonzeros.
Reduced MIP has 812 binaries, 109 generals, 0 SOSs, and 0 indicators.
Presolve time = 0.00 sec. (4.57 ticks)
Tried aggregator 1 time.
Reduced MIP has 736 rows, 972 columns, and 8120 nonzeros.
Reduced MIP has 812 binaries, 109 generals, 0 SOSs, and 0 indicators.
Presolve time = 0.01 sec. (4.68 ticks)
Represolve time = 0.12 sec. (81.55 ticks)
  21864     0      624.7565   175      571.9690      Cuts: 70  1674629    4.76%
  21864     0      624.3060   175      571.9690      Cuts: 63  1674724    4.76%
  21864     0      623.3075   175      571.9690     Cuts: 128  1674853    4.76%
  21864     0      622.8352   175      571.9690     Cuts: 102  1674972    4.76%
  21864     0      622.4045   175      571.9690      Cuts: 50  1675058    4.76%
  21864     0      622.1144   175      571.9690     Cuts: 103  1675174    4.76%
  21864     0      621.5345   175      571.9690     Cuts: 118  1675285    4.76%
  21864     0      621.3436   175      571.9690      Cuts: 76  1675377    4.76%
  21864     0      621.1958   175      571.9690     Cuts: 157  1675496    4.76%
  21864     2      621.1958   222      571.9690      599.2006  1675496    4.76%
  21979    84      582.4641    69      571.9690      599.2006  1686809    4.76%
Elapsed time = 116.63 sec. (145341.12 ticks, tree = 0.07 MB, solutions = 28)
  22334   360      599.8556   105      571.9690      599.2006  1707714    4.76%
  22904   736      588.5197   104      571.9690      599.2006  1751060    4.76%
  23433  1042      595.4042   131      571.9690      599.0022  1801971    4.73%
  24002  1413      580.1265   119      571.9690      598.1188  1848337    4.57%
  24709  1834      592.4778    98      571.9690      596.7802  1904717    4.34%
  25435  2214      584.5156   111      571.9690      595.9442  1962028    4.19%
Starting limited solution polishing.
  26075  2533        cutoff            571.9690      594.9771  2018306    4.02%
* 26264+ 2646                          571.9691      594.8768             4.01%
  26698  2867      584.1170   128      571.9691      594.4649  2068896    3.93%
  27167  3090      582.1321   134      571.9691      593.9078  2105552    3.84%
  27771  3327      586.3216   130      571.9691      593.1581  2154225    3.70%
Elapsed time = 147.20 sec. (183589.47 ticks, tree = 2.57 MB, solutions = 29)

GUB cover cuts applied:  33
Clique cuts applied:  60
Cover cuts applied:  13
Implied bound cuts applied:  74
Flow cuts applied:  11
Mixed integer rounding cuts applied:  112
Zero-half cuts applied:  98
Multi commodity flow cuts applied:  1
Lift and project cuts applied:  39
Gomory fractional cuts applied:  8

Root node processing (before b&c):
  Real time             =    0.58 sec. (624.78 ticks)
Sequential b&c:
  Real time             =  149.42 sec. (186430.74 ticks)
                          ------------
Total (root+branch&cut) =  150.00 sec. (187055.52 ticks)

Solution pool: 30 solutions saved.

MIP - Time limit exceeded, integer feasible:  Objective =  5.7196907303e+02
Current MIP best bound =  5.9262771326e+02 (gap = 20.6586, 3.61%)
Solution time =  150.00 sec.  Iterations = 2195154  Nodes = 28278 (3535)
Deterministic time = 187055.53 ticks  (1247.03 ticks/sec)


Incumbent solution
Variable Name           Solution Value
F                           610.000000
f1                            0.830927
f2                           37.200000
y16                           1.000000
y105                          1.000000
y7                            1.000000
y262                          1.000000
y256                          1.000000
y213                          1.000000
y131                          1.000000
y197                          1.000000
y67                           1.000000
y50                           1.000000
y119                          1.000000
y100                          1.000000
y55                           1.000000
y149                          1.000000
y219                          1.000000
y66                           1.000000
y173                          1.000000
y23                           1.000000
s41                           2.670000
s127                          2.690000
s222                          2.690000
s14                           2.720000
s180                          2.720000
s228                          2.730000
s238                          2.740000
s70                           2.840000
s75                           2.900000
s3                            2.960000
s5                            3.000000
s122                          3.010000
s108                          3.020000
s16                           3.903720
s134                          3.070000
s195                          3.070000
s247                          3.170000
s253                          3.180000
s105                          4.164443
s187                          3.240000
s198                          3.240000
s220                          3.290000
s20                           3.340000
s156                          3.360000
s7                            4.058061
s262                          3.947635
s168                          3.450000
s256                          4.033279
s135                          3.490000
s166                          3.500000
s214                          3.500000
s90                           3.580000
s31                           3.700000
s196                          3.740000
s260                          3.750000
s32                           3.760000
s153                          3.770000
s230                          3.790000
s213                          4.726483
s264                          3.910000
s45                           3.940000
s103                          4.030000
s131                          4.974393
s263                          4.060000
s178                          4.070000
s197                          4.713474
s67                           4.866251
s157                          4.140000
s50                           5.107925
s30                           4.210000
s143                          4.240000
s190                          4.240000
s119                          4.804849
s130                          4.340000
s100                          5.279427
s177                          4.430000
s55                           5.370186
s78                           4.480000
s236                          4.550000
s158                          4.690000
s149                          5.427144
s219                          4.950563
s246                          4.960000
s66                           5.136406
s173                          5.532139
s23                           5.593032
s164                          5.480000
x115x7x1                      1.000000
x104x105x1                    2.000000
x193x7x1                      1.000000
x120x16x1                     2.000000
x252x50x1                     1.000000
x252x119x1                    0.000000
x252x130x1                   -0.000000
x118x119x1                    1.000000
x206x50x1                     1.000000
x206x119x1                   -0.000000
x206x100x1                    0.000000
x97x256x2                     2.000000
x58x131x2                     1.000000
x58x219x2                     1.000000
x13x197x2                     1.000000
x13x67x2                      1.000000
x118x197x2                    1.000000
x80x67x2                      1.000000
x206x131x2                    1.000000
x244x262x3                    2.000000
x193x219x3                    1.000000
x252x55x3                     1.000000
x80x119x3                     1.000000
x184x213x3                    2.000000
x184x130x3                   -0.000000
x184x219x3                    0.000000
x249x66x3                     2.000000
x16x130x1                     0.000000
x16x100x1                     2.000000
x134x130x3                    0.000000
x134x149x3                   -0.000000
x105x173x1                    1.000000
x105x23x1                     1.000000
x7x55x1                       1.000000
x7x149x1                      1.000000
x262x0x3                      1.000000
x262x149x3                    1.000000
x262x219x3                   -0.000000
x256x173x2                    1.000000
x256x23x2                     1.000000
x213x0x3                      2.000000
x131x0x2                      2.000000
x197x0x2                      2.000000
x67x0x2                       2.000000
x50x0x1                       2.000000
x119x0x1                      1.000000
x119x0x3                      1.000000
x100x0x1                      2.000000
x55x0x1                       1.000000
x55x0x3                       1.000000
x149x0x1                      1.000000
x149x0x3                      1.000000
x219x0x2                      1.000000
x219x0x3                      1.000000
x66x0x3                       2.000000
x173x0x1                      1.000000
x173x0x2                      1.000000
x23x0x1                       1.000000
x23x0x2                       1.000000
s115                          2.206163
z115z7z1                      1.000000
z115z264z1                    1.000000
z115z157z1                    1.000000
z115z50z1                     1.000000
z115z143z1                    1.000000
z115z100z1                    1.000000
s244                          2.446143
z244z262z3                    1.000000
z244z213z3                    1.000000
z244z190z3                    1.000000
z244z236z3                    1.000000
z244z246z3                    1.000000
z244z66z3                     1.000000
s97                           2.476065
z97z256z2                     1.000000
s104                          2.846667
z104z105z1                    1.000000
z104z100z1                    1.000000
s193                          2.683498
z193z7z1                      1.000000
z193z236z3                    1.000000
z193z219z3                    1.000000
z193z246z3                    1.000000
z193z66z3                     1.000000
s120                          2.727293
z120z16z1                     1.000000
z120z50z1                     1.000000
z120z100z1                    1.000000
s58                           3.404275
z58z131z2                     1.000000
z58z219z2                     1.000000
s13                           3.437255
z13z197z2                     1.000000
z13z67z2                      1.000000
s252                          3.442564
z252z50z1                     1.000000
z252z119z1                    0.000000
z252z130z1                   -0.000000
z252z55z3                     1.000000
z252z246z3                    1.000000
z252z66z3                     1.000000
s118                          3.477620
z118z197z2                    1.000000
z118z119z1                    1.000000
s80                           3.472871
z80z67z2                      1.000000
z80z119z3                     1.000000
z80z246z3                     1.000000
z80z66z3                      1.000000
s184                          3.496575
z184z213z3                    1.000000
z184z130z3                   -0.000000
z184z219z3                    0.000000
z184z66z3                     1.000000
s206                          3.578926
z206z131z2                    1.000000
z206z50z1                     1.000000
z206z119z1                   -0.000000
z206z100z1                    0.000000
s249                          3.539744
z249z66z3                     1.000000
z16z130z1                     0.000000
z16z100z1                     1.000000
z134z130z3                    0.000000
z134z149z3                   -0.000000
z105z173z1                    1.000000
z105z23z1                     1.000000
z7z55z1                       1.000000
z7z149z1                      1.000000
z262z149z3                    1.000000
z262z219z3                   -0.000000
z256z173z2                    1.000000
z256z23z2                     1.000000
All other variables in the range 1-3185 are 0.
