
Log started (V12.10.0.0) Sun Apr  4 08:49:10 2021


Problem 'asset.lp' read.
Read time = 0.01 sec. (0.15 ticks)
New value for default parallel thread count: 1
New value for time limit in seconds: 300
Version identifier: 12.10.0.0 | 2019-11-26 | 843d4de
CPXPARAM_Threads                                 1
CPXPARAM_TimeLimit                               300
Found incumbent of value -0.885889 after 0.00 sec. (0.07 ticks)
Tried aggregator 3 times.
MIP Presolve eliminated 235 rows and 81 columns.
MIP Presolve modified 1235 coefficients.
Aggregator did 445 substitutions.
Reduced MIP has 725 rows, 803 columns, and 3258 nonzeros.
Reduced MIP has 627 binaries, 139 generals, 0 SOSs, and 0 indicators.
Presolve time = 0.01 sec. (6.86 ticks)
Probing fixed 44 vars, tightened 13 bounds.
Probing time = 0.00 sec. (2.11 ticks)
Cover probing fixed 0 vars, tightened 34 bounds.
Tried aggregator 1 time.
Detecting symmetries...
MIP Presolve eliminated 79 rows and 77 columns.
MIP Presolve modified 300 coefficients.
Reduced MIP has 646 rows, 726 columns, and 2754 nonzeros.
Reduced MIP has 563 binaries, 126 generals, 0 SOSs, and 0 indicators.
Presolve time = 0.00 sec. (3.00 ticks)
Probing time = 0.00 sec. (1.60 ticks)
Clique table members: 1799.
MIP emphasis: balance optimality and feasibility.
MIP search method: dynamic search.
Parallel mode: none, using 1 thread.
Root relaxation solution time = 0.01 sec. (6.01 ticks)

        Nodes                                         Cuts/
   Node  Left     Objective  IInf  Best Integer    Best Bound    ItCnt     Gap

*     0+    0                           -0.8859      108.7939              --- 
      0     0      106.2520   212       -0.8859      106.2520      410     --- 
      0     0      105.0742   212       -0.8859     Cuts: 261      755     --- 
      0     0      104.7469   212       -0.8859     Cuts: 261     1186     --- 
      0     0      104.7095   212       -0.8859     Cuts: 261     1409     --- 
      0     0      104.7074   212       -0.8859     Cuts: 201     1707     --- 
      0     0      104.7056   212       -0.8859     Cuts: 161     1892     --- 
Detecting symmetries...
      0     0      104.6933   212       -0.8859     Cuts: 139     2146     --- 
*     0+    0                           13.2645      104.6933           689.28%
*     0+    0                           18.4330      104.6933           467.97%
      0     0        cutoff             18.4330      104.6933     2146  467.97%
      0     0      104.6915   212       18.4330     Cuts: 131     2296  467.96%
*     0+    0                           39.7610      104.6915           163.30%
*     0+    0                           39.7619      104.6915           163.30%
*     0+    0                           42.2437      104.6915           147.83%
*     0+    0                           42.2458      104.6915           147.82%
*     0+    0                           54.6112      104.6915            91.70%
      0     0        cutoff             54.6112      104.6915     2296   91.70%
Detecting symmetries...
      0     2      104.6915   242       54.6112      104.6914     2296   91.70%
Elapsed time = 0.32 sec. (348.97 ticks, tree = 0.01 MB, solutions = 7)
*    60+   52                           88.2871      104.6914            18.58%
*    60+   52                           88.2873      104.6914            18.58%
*    69    57      integral     0       88.2873      104.6914     5080   18.58%
*   140+  110                           90.9257      104.6910            15.14%
*   170+  128                           91.2445      104.6894            14.74%
    170   130      104.3488   150       91.2445      104.6894     8794   14.74%
*   270+  214                           93.3424      104.6894            12.16%
*   270+  214                           93.3424      104.6894            12.16%
*   280+  224                           93.3427      104.6894            12.16%
    361   307       95.3563    87       93.3427      104.6893    12724   12.16%
*   380+  318                           93.3429      104.6891            12.16%
    469   404      104.1571   195       93.3429      104.6851    16570   12.15%

Performing restart 1

Repeating presolve.
Tried aggregator 1 time.
MIP Presolve modified 511 coefficients.
Reduced MIP has 646 rows, 726 columns, and 2477 nonzeros.
Reduced MIP has 563 binaries, 126 generals, 0 SOSs, and 0 indicators.
Presolve time = 0.00 sec. (2.32 ticks)
Tried aggregator 1 time.
Reduced MIP has 646 rows, 726 columns, and 2477 nonzeros.
Reduced MIP has 563 binaries, 126 generals, 0 SOSs, and 0 indicators.
Presolve time = 0.00 sec. (1.87 ticks)
Represolve time = 0.01 sec. (10.97 ticks)
    490     0      104.6162   229       93.3429     Cuts: 185    19255   12.08%
    490     0      104.5923   229       93.3429     Cuts: 140    19506   12.05%
    490     0      104.5666   229       93.3429     Cuts: 161    19904   12.02%
*   490+    0                           93.3439      104.5666            12.02%
    490     0        cutoff             93.3439      104.5666    19904   12.02%
    490     0      104.5153   229       93.3439     Cuts: 127    20193   11.97%
    490     0      104.4804   229       93.3439     Cuts: 132    20345   11.93%
    490     0      104.4701   229       93.3439     Cuts: 100    20498   11.92%
    490     0      104.4652   229       93.3439      Cuts: 94    20621   11.91%
    490     0      104.4634   229       93.3439      Cuts: 77    20722   11.91%
    490     0      104.4593   229       93.3439      Cuts: 87    20870   11.91%
*   490+    0                           93.3455      104.4593            11.91%
    490     0      104.4568   229       93.3455      Cuts: 92    21027   11.90%
    490     0      104.4522   229       93.3455      Cuts: 64    21098   11.90%
    490     0      104.4509   229       93.3455      Cuts: 59    21191   11.90%
    490     0      104.4408   229       93.3455      Cuts: 70    21317   11.89%
    490     0      104.4285   229       93.3455      Cuts: 90    21439   11.87%
    490     0      104.4142   229       93.3455      Cuts: 64    21541   11.86%
    490     0      104.3963   229       93.3455      Cuts: 54    21628   11.84%
    490     0      104.3919   229       93.3455      Cuts: 73    21735   11.83%
    490     0      104.3833   229       93.3455      Cuts: 61    21850   11.82%
*   490+    0                           93.3471      104.3833            11.82%
*   490+    0                           94.0543      104.3833            10.98%
*   490+    0                           94.0549      104.3833            10.98%
    490     0        cutoff             94.0549      104.3833    21850   10.98%
    490     0      104.3801   229       94.0549      Cuts: 74    21895   10.98%
    490     0      104.3774   229       94.0549      Cuts: 54    21942   10.98%
*   490+    0                           94.3747      104.3774            10.60%
*   490+    0                           94.3750      104.3774            10.60%
*   490+    0                           94.3780      104.3774            10.60%
*   490+    0                           94.3780      104.3774            10.60%
*   490+    0                           94.3780      104.3774            10.60%
    490     0        cutoff             94.3780      104.3774    21942   10.60%
    490     2      104.3774   249       94.3780      104.3549    21942   10.57%
    491     3      104.3184   242       94.3780      104.3183    22117   10.53%
    494     6      104.1410   215       94.3780      104.2937    22924   10.51%
    497     9      103.8984   204       94.3780      104.2711    24680   10.48%
    501    13      103.8044   182       94.3780      104.2711    25724   10.48%
*   606   103      integral     0       94.5707      104.2711    31255   10.26%
*   607   102      integral     0       94.5709      104.2711    31258   10.26%
    615   108      102.0438   182       94.5709      103.7951    32476    9.75%
Elapsed time = 5.58 sec. (6454.48 ticks, tree = 0.14 MB, solutions = 28)
*   707+  181                           94.5718      103.5398             9.48%
    808   259      100.7821   170       94.5718      103.3682    43778    9.30%
*   830+  274                           95.8604      103.3682             7.83%
*   930+  361                           95.8607      103.3498             7.81%
    999   417      102.9114   156       95.8607      103.2398    53888    7.70%
   1237   614       96.5026   147       95.8607      103.2087    65082    7.67%
   1452   796      100.9871   177       95.8607      103.1992    75720    7.66%
   1678   989       99.9207   145       95.8607      103.0825    87867    7.53%
   1929  1191      101.8136   126       95.8607      102.9371   102569    7.38%
*  2110+ 1164                           96.7649      102.9059             6.35%
*  2120+ 1174                           96.7661      102.9059             6.34%
   2147  1199      102.8370   160       96.7661      102.8760   116336    6.31%
*  2220+ 1085                           97.4889      102.8654             5.52%
*  2230+ 1094                           97.4892      102.8654             5.51%
*  2280+ 1135                           97.5119      102.8646             5.49%
*  2290+ 1145                           97.5119      102.8646             5.49%
   2382  1210       99.9951   163       97.5119      102.8431   127613    5.47%
*  2390+ 1213                           97.5137      102.8374             5.46%
*  2430+ 1053                           98.3482      102.8370             4.56%
*  2490+ 1107                           98.3490      102.8369             4.56%
*  2548  1020      integral     0       98.6865      102.8365   134769    4.21%
   2600  1061       99.6334   132       98.6865      102.7925   139050    4.16%
   2761  1165       99.8397   147       98.6865      102.7799   150063    4.15%
Elapsed time = 13.40 sec. (16102.97 ticks, tree = 0.79 MB, solutions = 41)
*  2870+ 1226                           98.6866      102.7111             4.08%
*  2890+ 1242                           98.6869      102.7111             4.08%
   2949  1277       99.8092   100       98.6869      102.6898   162937    4.06%
*  2990+ 1293                           98.6881      102.6779             4.04%
   3096  1367      101.4373   186       98.6881      102.6460   174721    4.01%
*  3150+ 1399                           98.6890      102.6456             4.01%
*  3150+ 1399                           98.6890      102.6456             4.01%
*  3190+ 1426                           98.6893      102.6312             3.99%
   3248  1471      101.1941   144       98.6893      102.6266   185212    3.99%
   3379  1527      101.5092   150       98.6893      102.6116   196541    3.97%
   3494  1595       98.7479   139       98.6893      102.6087   208342    3.97%
   3652  1691      102.4500   151       98.6893      102.5158   219742    3.88%
   3877  1847       99.0712   114       98.6893      102.4729   232510    3.83%
   4087  1969      100.8780   168       98.6893      102.4410   245011    3.80%
   4239  2074       99.0526   160       98.6893      102.3902   258589    3.75%
   4410  2186      101.6546   144       98.6893      102.3251   272545    3.68%
Elapsed time = 21.28 sec. (25721.49 ticks, tree = 1.53 MB, solutions = 47)
   4625  2302      101.4577    78       98.6893      102.3008   285380    3.66%
*  4770+ 1933                           98.8304      102.2685             3.48%
   4807  1971       98.8442    79       98.8304      102.2683   297198    3.48%
*  4810+ 1964                           98.8312      102.2683             3.48%
*  4910+ 2045                           98.8313      102.2651             3.47%
*  4970+ 2079                           98.8325      102.2630             3.47%
*  4990+ 2091                           98.8330      102.2630             3.47%
*  4990+ 2091                           98.8331      102.2630             3.47%
*  4990+ 2085                           98.8336      102.2630             3.47%
*  5010+ 2098                           98.8341      102.2630             3.47%
   5058  2119        cutoff             98.8341      102.2347   307324    3.44%
*  5090+ 1704                           99.2890      102.2101             2.94%
*  5090+ 1704                           99.2890      102.2101             2.94%
*  5110+ 1723                           99.2896      102.2101             2.94%
*  5110+ 1723                           99.2897      102.2101             2.94%
*  5120+ 1648                           99.4083      102.2080             2.82%
   5159  1669      101.9410   167       99.4083      102.1767   316575    2.78%
*  5220+ 1687                           99.4084      102.1690             2.78%
   5275  1710      101.4517   175       99.4084      102.1182   327428    2.73%
   5384  1762       99.8413   135       99.4084      102.0697   338586    2.68%
   5468  1788       99.7093   160       99.4084      101.9571   350385    2.56%
   5570  1824      100.9689    95       99.4084      101.9203   363070    2.53%
   5692  1858        cutoff             99.4084      101.8549   376449    2.46%
   5788  1876      100.1123   131       99.4084      101.8131   390160    2.42%
Elapsed time = 29.08 sec. (35306.12 ticks, tree = 1.34 MB, solutions = 61)
   5935  1919       99.6971    74       99.4084      101.8016   404607    2.41%
   6047  1930        cutoff             99.4084      101.7331   417435    2.34%
   6126  1955      101.3440   196       99.4084      101.7222   428853    2.33%
   6228  2021       99.4958   121       99.4084      101.6870   439644    2.29%
   6343  2062      101.3683   156       99.4084      101.6809   451145    2.29%
   6451  2089      101.3579   141       99.4084      101.6773   463421    2.28%
   6551  2088      101.5764   144       99.4084      101.6550   477069    2.26%
   6666  2102      101.0316   164       99.4084      101.6070   490969    2.21%
   6778  2142      100.6739   149       99.4084      101.5871   503723    2.19%
   6893  2154       99.9070   169       99.4084      101.5516   516123    2.16%
Elapsed time = 36.90 sec. (44950.66 ticks, tree = 1.53 MB, solutions = 61)
   6988  2174      100.1674   136       99.4084      101.5372   529082    2.14%
   7094  2188      101.2773   132       99.4084      101.5072   542685    2.11%
   7222  2193      100.9718    97       99.4084      101.4672   555907    2.07%
   7385  2220      101.0008   143       99.4084      101.4375   569187    2.04%
   7526  2272      100.4303   155       99.4084      101.4130   581384    2.02%
   7728  2247      100.6508    92       99.4084      101.3955   595238    2.00%
   7881  2270       99.5096   165       99.4084      101.3414   607797    1.94%
   7956  2270        cutoff             99.4084      101.3384   619751    1.94%
   8038  2278       99.9785   106       99.4084      101.3222   632626    1.93%
   8221  2323      100.7190   126       99.4084      101.2682   645386    1.87%
Elapsed time = 44.72 sec. (54560.13 ticks, tree = 1.67 MB, solutions = 61)
*  8260+ 2341                           99.4103      101.2650             1.87%
*  8360+ 2366                           99.4105      101.2223             1.82%
   8381  2375      100.5119   134       99.4105      101.2217   657755    1.82%
   8519  2401      101.0227   159       99.4105      101.1747   671449    1.77%
   8668  2397      101.1399   174       99.4105      101.1428   684157    1.74%
   8787  2400       99.6523   136       99.4105      101.1241   697211    1.72%
   8948  2374        cutoff             99.4105      101.0815   711695    1.68%
   9096  2346       99.6778   143       99.4105      101.0327   726354    1.63%
*  9317  2318      integral     0       99.4109      101.0025   738118    1.60%
   9353  2335      100.9932   139       99.4109      100.9947   740430    1.59%
*  9417+ 2321                           99.4116      100.9754             1.57%
   9555  2289       99.6108    91       99.4116      100.9660   755582    1.56%
   9701  2263      100.7006   132       99.4116      100.9193   770154    1.52%
*  9810+ 2227                           99.4119      100.8961             1.49%
*  9810+ 2227                           99.4120      100.8961             1.49%
   9810  2227        cutoff             99.4120      100.8947   779922    1.49%
Elapsed time = 52.81 sec. (64210.97 ticks, tree = 1.68 MB, solutions = 67)
*  9811+ 2225                           99.4123      100.8947             1.49%
   9812  2224    infeasible             99.4123      100.8919   779924    1.49%
   9978  2176      100.1375   131       99.4123      100.8269   794516    1.42%
  10102  2138       99.6064   143       99.4123      100.8029   808479    1.40%
  10236  2117      100.7728   121       99.4123      100.7739   822148    1.37%
  10383  2095      100.2644   141       99.4123      100.7272   835560    1.32%
  10566  2056        cutoff             99.4123      100.6986   849391    1.29%
  10746  1988      100.1150   147       99.4123      100.6536   864130    1.25%
  10923  1929        cutoff             99.4123      100.5977   879648    1.19%
  11134  1877      100.5295    83       99.4123      100.5381   895065    1.13%
  11445  1698      100.1242   140       99.4123      100.4664   910642    1.06%
Elapsed time = 67.28 sec. (80428.13 ticks, tree = 1.30 MB, solutions = 68)
  11644  1593       99.6395   118       99.4123      100.4100   925723    1.00%
  11797  1589        cutoff             99.4123      100.3693   940071    0.96%
  12000  1543       99.5360   165       99.4123      100.3181   954919    0.91%
  12169  1559       99.9511   119       99.4123      100.3007   969554    0.89%
  12340  1497  -1.00000e+75   120       99.4123      100.2337   984901    0.83%
  12556  1370       99.4255   113       99.4123      100.1452   999964    0.74%
  12818  1238       99.9963   145       99.4123      100.0743  1014193    0.67%
  13066  1101       99.9963   110       99.4123       99.9998  1027671    0.59%
  13336   988        cutoff             99.4123       99.9507  1041339    0.54%
  13657   798       99.4943   143       99.4123       99.8511  1055571    0.44%
Elapsed time = 75.10 sec. (90113.74 ticks, tree = 0.70 MB, solutions = 68)
  14021   569       99.6616   133       99.4123       99.6850  1069275    0.27%
  14501   211        cutoff             99.4123       99.4974  1082565    0.09%
  15165   450       99.4152    25       99.4123       99.4233  1092038    0.01%
  15881   952       99.4220    72       99.4123       99.4227  1098485    0.01%

GUB cover cuts applied:  14
Clique cuts applied:  97
Cover cuts applied:  5
Implied bound cuts applied:  103
Flow cuts applied:  16
Mixed integer rounding cuts applied:  207
Zero-half cuts applied:  44
Lift and project cuts applied:  30
Gomory fractional cuts applied:  8

Root node processing (before b&c):
  Real time             =    0.32 sec. (349.60 ticks)
Sequential b&c:
  Real time             =   78.36 sec. (93945.28 ticks)
                          ------------
Total (root+branch&cut) =   78.68 sec. (94294.87 ticks)

Solution pool: 69 solutions saved.

MIP - Integer optimal, tolerance (0.0001/1e-06):  Objective =  9.9412271704e+01
Current MIP best bound =  9.9422203654e+01 (gap = 0.00993195, 0.01%)
Solution time =   78.68 sec.  Iterations = 1100947  Nodes = 16171 (1159)
Deterministic time = 94294.88 ticks  (1198.53 ticks/sec)


Incumbent solution
Variable Name           Solution Value
F                           140.000000
f1                            0.937728
f2                           39.650000
y90                           1.000000
y129                          1.000000
y139                          1.000000
y143                          1.000000
y154                          1.000000
y188                          1.000000
y250                          1.000000
y50                           1.000000
y24                           1.000000
y29                           1.000000
y34                           1.000000
y184                          1.000000
y111                          1.000000
y208                          1.000000
y185                          1.000000
y174                          1.000000
y67                           1.000000
y254                          1.000000
y241                          1.000000
y282                          1.000000
y213                          1.000000
y214                          1.000000
y112                          1.000000
y226                          1.000000
s90                           6.451321
s93                           6.000000
s97                           6.000000
s102                          6.000000
s129                          6.240208
s139                          6.145291
s143                          6.264196
s154                          6.310882
s172                          6.000000
s188                          6.282040
s196                          6.000000
s221                          6.000000
s231                          6.000000
s238                          6.000000
s257                          6.000000
s280                          6.000000
s250                          6.681747
s50                           6.726891
s24                           7.026005
s124                          6.250000
s29                           6.465707
s34                           7.229738
s184                          7.475061
s111                          7.523056
s208                          6.540000
s185                          7.592491
s22                           6.700000
s174                          7.664029
s67                           7.136011
s254                          7.737236
s241                          7.533708
s282                          7.603500
s213                          7.680634
s214                          6.994137
s112                          7.688707
s13                           6.880000
s219                          7.010000
s226                          7.957992
x10x282x1                     1.000000
x116x214x1                    1.000000
x216x250x1                    1.000000
x216x208x1                    1.000000
x142x139x1                    2.000000
x9x90x1                       1.000000
x9x188x1                      1.000000
x224x154x1                    1.000000
x224x50x1                     1.000000
x242x129x2                    1.000000
x55x24x2                      1.000000
x55x184x2                     1.000000
x8x90x2                       1.000000
x8x154x2                      1.000000
x116x24x2                     1.000000
x47x241x2                     1.000000
x101x29x2                     2.000000
x222x208x2                    1.000000
x209x250x3                    1.000000
x209x50x3                     1.000000
x10x34x3                      1.000000
x47x241x3                     1.000000
x27x67x3                      2.000000
x110x34x3                     1.000000
x110x214x3                    1.000000
x227x129x3                    1.000000
x227x143x3                    1.000000
x57x188x3                     1.000000
x222x143x3                    1.000000
x90x174x1                     1.000000
x90x174x2                     1.000000
x129x184x2                    1.000000
x129x185x3                    1.000000
x139x282x1                    1.000000
x139x213x1                    1.000000
x143x185x3                    1.000000
x143x112x3                    1.000000
x154x0x1                      1.000000
x154x254x2                    1.000000
x188x0x1                      1.000000
x188x112x3                    1.000000
x250x0x1                      1.000000
x250x226x3                    1.000000
x50x0x1                       1.000000
x50x226x3                     1.000000
x24x0x2                       2.000000
x29x111x2                     2.000000
x34x0x3                       2.000000
x184x0x2                      2.000000
x111x0x2                      2.000000
x208x213x1                    1.000000
x208x254x2                    1.000000
x185x0x3                      2.000000
x174x0x1                      1.000000
x174x0x2                      1.000000
x67x0x3                       2.000000
x254x0x2                      2.000000
x241x0x2                      1.000000
x241x0x3                      1.000000
x282x0x1                      2.000000
x213x0x1                      2.000000
x214x0x1                      1.000000
x214x0x3                      1.000000
x112x0x3                      2.000000
x226x0x3                      2.000000
s242                          4.792164
z242z129z2                    1.000000
z242z29z2                     1.000000
z242z184z2                    1.000000
z242z111z2                    1.000000
z242z254z2                    1.000000
s209                          5.063917
z209z250z3                    1.000000
z209z50z3                     1.000000
z209z112z3                    1.000000
z209z219z3                    1.000000
z209z226z3                    1.000000
s55                           5.214614
z55z24z2                      1.000000
z55z184z2                     1.000000
s10                           5.306187
z10z34z3                      1.000000
z10z282z1                     1.000000
s8                            5.217715
z8z90z2                       1.000000
z8z154z2                      1.000000
z8z254z2                      1.000000
s116                          5.541908
z116z24z2                     1.000000
z116z214z1                    1.000000
s47                           5.996669
z47z241z2                     1.000000
z47z241z3                     1.000000
s101                          5.090000
z101z29z2                     1.000000
z101z111z2                    1.000000
z101z254z2                    1.000000
s27                           5.869007
z27z67z3                      1.000000
s110                          5.890000
z110z34z3                     1.000000
z110z214z3                    1.000000
s216                          4.716730
z216z250z1                    1.000000
z216z208z1                    1.000000
z216z282z1                    1.000000
z216z213z1                    1.000000
s227                          4.793870
z227z129z3                    1.000000
z227z143z3                    1.000000
z227z185z3                    1.000000
z227z67z3                     1.000000
z227z112z3                    1.000000
z227z219z3                    1.000000
z227z226z3                    1.000000
s57                           4.740280
z57z188z3                     1.000000
z57z185z3                     1.000000
z57z67z3                      1.000000
z57z112z3                     1.000000
z57z219z3                     1.000000
z57z226z3                     1.000000
s142                          4.878440
z142z139z1                    1.000000
z142z282z1                    1.000000
z142z213z1                    1.000000
s9                            4.878030
z9z90z1                       1.000000
z9z188z1                      1.000000
z9z282z1                      1.000000
z9z213z1                      1.000000
s222                          4.952430
z222z143z3                    1.000000
z222z111z2                    1.000000
z222z208z2                    1.000000
z222z185z3                    1.000000
z222z67z3                     1.000000
z222z254z2                    1.000000
z222z112z3                    1.000000
z222z219z3                    1.000000
z222z226z3                    1.000000
s224                          4.972380
z224z154z1                    1.000000
z224z50z1                     1.000000
z224z282z1                    1.000000
z224z213z1                    1.000000
z90z174z1                     1.000000
z90z174z2                     1.000000
z129z184z2                    1.000000
z129z185z3                    1.000000
z139z282z1                    1.000000
z139z213z1                    1.000000
z143z185z3                    1.000000
z143z112z3                    1.000000
z154z254z2                    1.000000
z188z112z3                    1.000000
z250z226z3                    1.000000
z50z226z3                     1.000000
z29z111z2                     1.000000
z208z254z2                    1.000000
z208z213z1                    1.000000
All other variables in the range 1-1333 are 0.
