
Log started (V12.10.0.0) Fri Apr  9 01:39:30 2021


Problem 'asset.lp' read.
Read time = 0.01 sec. (0.20 ticks)
New value for default parallel thread count: 1
New value for time limit in seconds: 150
Version identifier: 12.10.0.0 | 2019-11-26 | 843d4de
CPXPARAM_Threads                                 1
CPXPARAM_TimeLimit                               150
Found incumbent of value 0.000000 after 0.00 sec. (0.06 ticks)
Tried aggregator 3 times.
MIP Presolve eliminated 872 rows and 410 columns.
MIP Presolve modified 1802 coefficients.
Aggregator did 437 substitutions.
Reduced MIP has 639 rows, 810 columns, and 3248 nonzeros.
Reduced MIP has 685 binaries, 97 generals, 0 SOSs, and 0 indicators.
Presolve time = 0.01 sec. (7.68 ticks)
Probing fixed 19 vars, tightened 2 bounds.
Probing time = 0.00 sec. (2.47 ticks)
Cover probing fixed 0 vars, tightened 8 bounds.
Tried aggregator 1 time.
Detecting symmetries...
MIP Presolve eliminated 30 rows and 25 columns.
MIP Presolve modified 88 coefficients.
Reduced MIP has 609 rows, 785 columns, and 3066 nonzeros.
Reduced MIP has 662 binaries, 95 generals, 0 SOSs, and 0 indicators.
Presolve time = 0.00 sec. (3.08 ticks)
Probing time = 0.00 sec. (2.26 ticks)
Clique table members: 1994.
MIP emphasis: balance optimality and feasibility.
MIP search method: dynamic search.
Parallel mode: none, using 1 thread.
Root relaxation solution time = 0.01 sec. (11.27 ticks)

        Nodes                                         Cuts/
   Node  Left     Objective  IInf  Best Integer    Best Bound    ItCnt     Gap

*     0+    0                            0.0000      184.0000              --- 
      0     0      179.9946   167        0.0000      179.9946      375     --- 
      0     0      174.2128   167        0.0000     Cuts: 252     1248     --- 
      0     0      169.3809   167        0.0000     Cuts: 252     1657     --- 
      0     0      167.9432   167        0.0000     Cuts: 252     1915     --- 
      0     0      166.1059   167        0.0000     Cuts: 188     2169     --- 
      0     0      165.7044   167        0.0000     Cuts: 199     2465     --- 
Detecting symmetries...
      0     0      164.7012   167        0.0000     Cuts: 233     2716     --- 
      0     0      164.1132   167        0.0000     Cuts: 211     2972     --- 
      0     0      163.7809   167        0.0000     Cuts: 220     3167     --- 
      0     0      163.3862   167        0.0000     Cuts: 146     3574     --- 
      0     0      162.8144   167        0.0000     Cuts: 252     3929     --- 
      0     0      162.3841   167        0.0000     Cuts: 202     4140     --- 
      0     0      162.0750   167        0.0000     Cuts: 233     4627     --- 
      0     0      161.9553   167        0.0000     Cuts: 252     4866     --- 
      0     0      161.7055   167        0.0000     Cuts: 163     5141     --- 
      0     0      161.5241   167        0.0000     Cuts: 199     5329     --- 
      0     0      161.0423   167        0.0000     Cuts: 164     5520     --- 
      0     0      160.9309   167        0.0000     Cuts: 178     5710     --- 
      0     0      160.9300   167        0.0000     Cuts: 120     5833     --- 
      0     0      160.7705   167        0.0000      Cuts: 56     5943     --- 
      0     0      160.7406   167        0.0000     Cuts: 225     6092     --- 
*     0+    0                           54.0000      160.7406           197.67%
*     0+    0                           56.0000      160.7406           187.04%
Detecting symmetries...
      0     2      160.7406   172       56.0000      160.7332     6092  187.02%
Elapsed time = 0.64 sec. (668.28 ticks, tree = 0.01 MB, solutions = 2)
*    64    55      integral     0      104.0000      160.4735     8038   54.30%
    157   125      160.1633   155      104.0000      160.1223    11425   53.96%
*   164+  127                          106.0000      160.1223            51.06%
    307   265      146.1855   132      106.0000      159.9079    17580   50.86%
    434   380      149.0782   132      106.0000      159.7959    23655   50.75%

Performing restart 1

Repeating presolve.
Tried aggregator 1 time.
MIP Presolve eliminated 2 rows and 0 columns.
MIP Presolve modified 633 coefficients.
Reduced MIP has 607 rows, 785 columns, and 2645 nonzeros.
Reduced MIP has 662 binaries, 95 generals, 0 SOSs, and 0 indicators.
Presolve time = 0.00 sec. (2.58 ticks)
Tried aggregator 1 time.
Reduced MIP has 607 rows, 785 columns, and 2645 nonzeros.
Reduced MIP has 662 binaries, 95 generals, 0 SOSs, and 0 indicators.
Presolve time = 0.00 sec. (2.02 ticks)
Represolve time = 0.03 sec. (15.89 ticks)
    473     0      159.7276   209      106.0000     Cuts: 251    28201   50.69%
    473     0      158.4868   209      106.0000     Cuts: 213    28587   49.52%
    473     0      157.6107   209      106.0000     Cuts: 196    29010   48.69%
    473     0      156.8129   209      106.0000     Cuts: 186    29476   47.94%
    473     0      156.6310   209      106.0000     Cuts: 160    29878   47.77%
    473     0      156.2578   209      106.0000     Cuts: 156    30343   47.41%
    473     0      155.9961   209      106.0000     Cuts: 211    30656   47.17%
    473     0      155.7992   209      106.0000     Cuts: 168    30976   46.98%
    473     0      155.7097   209      106.0000     Cuts: 173    31172   46.90%
    473     0      155.5108   209      106.0000     Cuts: 144    31500   46.71%
    473     0      155.4138   209      106.0000     Cuts: 109    31834   46.62%
    473     0      155.1512   209      106.0000     Cuts: 133    32053   46.37%
    473     0      155.0090   209      106.0000     Cuts: 131    32282   46.23%
    473     0      154.8585   209      106.0000     Cuts: 119    32614   46.09%
    473     0      154.8049   209      106.0000     Cuts: 118    32823   46.04%
    473     0      154.7593   209      106.0000     Cuts: 109    33021   46.00%
    473     0      154.7047   209      106.0000      Cuts: 96    33127   45.95%
    473     0      154.6455   209      106.0000      Cuts: 83    33264   45.89%
    473     0      154.5847   209      106.0000     Cuts: 104    33449   45.83%
    473     0      154.5477   209      106.0000     Cuts: 115    33566   45.80%
    473     0      154.4348   209      106.0000     Cuts: 132    33838   45.69%
    473     0      154.3884   209      106.0000     Cuts: 113    33956   45.65%
    473     0      154.3634   209      106.0000      Cuts: 67    34255   45.63%
    473     0      154.3310   209      106.0000     Cuts: 130    34370   45.60%
    473     0      154.3243   209      106.0000     Cuts: 100    34639   45.59%
    473     0      154.3192   209      106.0000     Cuts: 118    34728   45.58%
    473     0      154.3009   209      106.0000      Cuts: 73    34828   45.57%
    473     0      154.2964   209      106.0000     Cuts: 118    34939   45.56%
    473     2      154.2964   204      106.0000      154.2952    34939   45.56%
    478     7      152.7760   167      106.0000      153.3740    35827   44.69%
    483    12      152.5379   168      106.0000      153.3740    37402   44.69%
    488    17      151.0593   167      106.0000      153.3740    39593   44.69%
    497    26      149.8432   154      106.0000      153.3740    41211   44.69%
    560    67      153.3247   187      106.0000      153.3234    44344   44.64%
    806   277      147.3706   175      106.0000      151.9673    60595   43.37%
Elapsed time = 6.42 sec. (7158.36 ticks, tree = 0.22 MB, solutions = 4)
    961   405      148.7847   201      106.0000      150.8891    73443   42.35%
   1144   563      148.8878   198      106.0000      150.3392    84879   41.83%
   1303   695      142.8943   165      106.0000      150.2115    95374   41.71%
   1497   865      143.5439   172      106.0000      149.8195   111072   41.34%
   1709  1036      145.4699   154      106.0000      149.2455   125207   40.80%
   1933  1232      131.8785   146      106.0000      148.8932   138956   40.47%
   2152  1408      145.6462   169      106.0000      148.7888   150647   40.37%
   2270  1500      144.3835   159      106.0000      148.7502   160754   40.33%
   2467  1658      141.7409   154      106.0000      148.6851   172213   40.27%
   2651  1810        cutoff            106.0000      148.5348   183666   40.13%
Elapsed time = 14.00 sec. (16779.95 ticks, tree = 6.13 MB, solutions = 4)
   2851  1971      139.6792   155      106.0000      148.3690   195131   39.97%
   3063  2133      137.7963   144      106.0000      148.3136   209836   39.92%
   3275  2295      114.0000    21      106.0000      148.2851   226675   39.89%
*  3377  2349      integral     0      108.0000      148.2487   235125   37.27%
   3558  2488      133.0110   123      108.0000      148.1357   246950   37.16%
   3773  2657      129.0120   143      108.0000      147.9694   258722   37.01%
   4011  2848      141.1368   134      108.0000      147.7694   271217   36.82%
   4175  2976      144.6211   167      108.0000      147.6606   282752   36.72%
*  4249  2997      integral     0      110.0000      147.6563   287117   34.23%
   4376  3103    infeasible            110.0000      147.6360   295687   34.21%
   4591  3268      136.8140   139      110.0000      147.4230   310923   34.02%
Elapsed time = 21.13 sec. (25940.95 ticks, tree = 12.50 MB, solutions = 6)
   4812  3439        cutoff            110.0000      147.3630   327054   33.97%
   4948  3544      128.3254    90      110.0000      147.2581   341760   33.87%
   5107  3664      144.2873   171      110.0000      147.2077   354143   33.83%
   5270  3796      143.2286   172      110.0000      147.0965   365493   33.72%
   5461  3957      143.4304   156      110.0000      146.9903   378334   33.63%
   5656  4114      138.7046   127      110.0000      146.8835   394942   33.53%
   5911  4325      128.4404    98      110.0000      146.8587   406080   33.51%
   6087  4464      127.8504    97      110.0000      146.7471   418247   33.41%
   6266  4592      136.2817   145      110.0000      146.6490   432109   33.32%
   6495  4770      137.9193   152      110.0000      146.5201   447641   33.20%
Elapsed time = 28.72 sec. (35573.22 ticks, tree = 19.71 MB, solutions = 6)
   6716  4958      124.4382   119      110.0000      146.5045   464062   33.19%
   6962  5159      141.9849   184      110.0000      146.3895   482437   33.08%
   7193  5356      129.7121   131      110.0000      146.3538   500523   33.05%
   7393  5510      142.3218   191      110.0000      146.3150   514929   33.01%
   7575  5664      127.8019   115      110.0000      146.2928   528942   32.99%
   7792  5843      146.1560   190      110.0000      146.2582   541593   32.96%
   7971  5972      120.5503   105      110.0000      146.2216   554388   32.93%
   8174  6127      142.4336   157      110.0000      146.1501   567656   32.86%
   8364  6281      141.9167   116      110.0000      146.1018   579410   32.82%
   8565  6430      138.5959   145      110.0000      146.0313   590827   32.76%
Elapsed time = 36.30 sec. (45269.17 ticks, tree = 24.77 MB, solutions = 6)
   8798  6616      137.3947   163      110.0000      145.9920   603267   32.72%
*  8892  6586      integral     0      112.0000      145.9703   606202   30.33%
*  8992+ 6357                          116.0000      145.9611            25.83%
   9074  6424      126.2935   126      116.0000      145.9554   615907   25.82%
   9262  6574      144.6527   140      116.0000      145.9428   628479   25.81%
*  9473+ 6495                          118.0000      145.9247            23.66%
   9473  6497      126.4143   117      118.0000      145.9247   641907   23.66%
   9691  6666      138.1103   159      118.0000      145.8259   654662   23.58%
   9933  6857    infeasible            118.0000      145.8089   667513   23.57%
   9934  6858      145.1028   179      118.0000      145.8042   667809   23.56%
   9935  6859      144.6633   182      118.0000      145.8030   668032   23.56%
  10107  6993      130.9225   123      118.0000      145.7409   681214   23.51%
  10278  7127      120.3202   107      118.0000      145.6866   696632   23.46%
Elapsed time = 47.75 sec. (58063.50 ticks, tree = 30.08 MB, solutions = 9)
  10475  7297      142.5038   169      118.0000      145.5979   713090   23.39%
  10643  7434      125.5914   117      118.0000      145.5449   725667   23.34%
  10799  7535      141.7772   164      118.0000      145.4725   739514   23.28%
  10942  7651      140.5171   175      118.0000      145.4395   752955   23.25%
  11108  7784      130.6667   117      118.0000      145.4129   765486   23.23%
  11248  7900      129.3007   103      118.0000      145.3969   778385   23.22%
  11444  8060      141.4730   162      118.0000      145.3706   791723   23.20%
  11622  8205      132.1548   123      118.0000      145.3307   803205   23.16%
  11780  8325      134.8333   142      118.0000      145.2467   816658   23.09%
  11966  8471      126.2608   118      118.0000      145.1932   831367   23.05%
Elapsed time = 55.45 sec. (67811.07 ticks, tree = 37.35 MB, solutions = 9)
  12152  8625      133.8720    96      118.0000      145.1650   843565   23.02%
  12300  8743      127.5816   142      118.0000      145.1317   857618   22.99%
  12534  8924      132.9550   159      118.0000      145.0877   871666   22.96%
  12679  9033      136.2786   143      118.0000      145.0479   885370   22.92%
  12874  9191      141.7590   168      118.0000      144.9934   899977   22.88%
  13042  9324      137.1750   134      118.0000      144.9557   914891   22.84%
  13227  9472      139.2796   158      118.0000      144.9097   929193   22.80%
  13457  9659      121.3870   129      118.0000      144.8925   943388   22.79%
  13630  9797      138.6114   172      118.0000      144.8638   958053   22.77%
  13792  9933      127.5594    84      118.0000      144.8383   971413   22.74%
Elapsed time = 63.10 sec. (77405.67 ticks, tree = 44.56 MB, solutions = 9)
  13915 10021      131.6046   147      118.0000      144.8241   984896   22.73%
  14015 10102      124.9767   100      118.0000      144.8074   997142   22.72%
  14166 10225      132.6167   143      118.0000      144.7834  1010175   22.70%
  14326 10356      131.7198   126      118.0000      144.7643  1022328   22.68%
  14475 10476      124.6640    87      118.0000      144.7452  1035068   22.67%
  14641 10611      134.6607   160      118.0000      144.7237  1046709   22.65%
  14830 10767      129.5343   141      118.0000      144.7028  1058564   22.63%
  14999 10894      130.8104   141      118.0000      144.6627  1073216   22.60%
  15169 11022      124.7597    56      118.0000      144.6414  1086510   22.58%
  15352 11158      137.3208   149      118.0000      144.6180  1099456   22.56%
Elapsed time = 70.65 sec. (86973.33 ticks, tree = 50.30 MB, solutions = 9)
  15561 11322      122.9720   109      118.0000      144.5978  1112634   22.54%
  15779 11495      138.8023   151      118.0000      144.5431  1125453   22.49%
  15955 11638        cutoff            118.0000      144.5092  1139824   22.47%
  16119 11772      134.5441   145      118.0000      144.4821  1154608   22.44%
  16329 11945      138.7953   135      118.0000      144.4435  1167336   22.41%
  16595 12148      144.2567   191      118.0000      144.4156  1180647   22.39%
  16839 12349      144.1040   185      118.0000      144.3819  1193789   22.36%
  17057 12527      138.9343   151      118.0000      144.3438  1206475   22.33%
  17238 12672      137.3898   151      118.0000      144.3276  1218891   22.31%
  17926 13210      127.2648   105      118.0000      144.2053  1267285   22.21%
Elapsed time = 80.66 sec. (99439.05 ticks, tree = 62.13 MB, solutions = 9)
  18587 13728      138.2130   170      118.0000      144.1159  1315623   22.13%
  19295 14286      132.7009   158      118.0000      144.0212  1376646   22.05%

Performing restart 2

Repeating presolve.
Tried aggregator 1 time.
MIP Presolve eliminated 46 rows and 0 columns.
MIP Presolve modified 100 coefficients.
Reduced MIP has 561 rows, 785 columns, and 4484 nonzeros.
Reduced MIP has 662 binaries, 95 generals, 0 SOSs, and 0 indicators.
Presolve time = 0.00 sec. (2.89 ticks)
Tried aggregator 1 time.
Reduced MIP has 561 rows, 785 columns, and 4484 nonzeros.
Reduced MIP has 662 binaries, 95 generals, 0 SOSs, and 0 indicators.
Presolve time = 0.00 sec. (2.83 ticks)
Represolve time = 0.06 sec. (38.12 ticks)
  19397     0      154.1648   249      118.0000     Cuts: 108  1385347   22.05%
  19397     0      154.0094   249      118.0000      Cuts: 76  1385585   22.05%
  19397     0      153.9247   249      118.0000     Cuts: 124  1385876   22.05%
  19397     0      153.8675   249      118.0000      Cuts: 96  1386030   22.05%
  19397     0      153.8360   249      118.0000      Cuts: 81  1386167   22.05%
  19397     0      153.7998   249      118.0000     Cuts: 125  1386315   22.05%
  19397     0      153.7760   249      118.0000      Cuts: 57  1386456   22.05%
  19397     0      153.7682   249      118.0000     Cuts: 171  1386624   22.05%
  19397     0      153.7564   249      118.0000      Cuts: 53  1386722   22.05%
  19397     0      153.7414   249      118.0000     Cuts: 195  1386900   22.05%
  19413    18      145.5582   167      118.0000      144.0205  1390295   22.05%
  19655   217      136.5943   120      118.0000      144.0205  1412943   22.05%
  20168   624      133.7196   132      118.0000      144.0205  1462952   22.05%
  20688  1036      146.0616   175      118.0000      144.0205  1516643   22.05%
  21278  1491      142.9913   149      118.0000      144.0205  1582997   22.05%
  21961  2045      138.8427   126      118.0000      144.0205  1655465   22.05%
  22468  2443      138.0306   144      118.0000      144.0205  1714951   22.05%
  22954  2839      137.5702   174      118.0000      144.0205  1772477   22.05%
Elapsed time = 112.02 sec. (137672.04 ticks, tree = 2.61 MB, solutions = 9)
  23491  3268      140.5254   164      118.0000      144.0205  1837820   22.05%
  23986  3661      138.1827   173      118.0000      144.0205  1900344   22.05%
  24436  4009      138.7041   124      118.0000      144.0205  1956107   22.05%
  24918  4395      127.0000   112      118.0000      144.0205  2020859   22.05%
  25381  4746        cutoff            118.0000      144.0205  2082646   22.05%
  25880  5125      120.5558   105      118.0000      144.0205  2141249   22.05%
  26434  5548      135.9512   150      118.0000      144.0205  2204695   22.05%
Starting limited solution polishing.
  26945  5923        cutoff            118.0000      144.0205  2265462   22.05%
  27386  6269      141.7180   172      118.0000      143.8602  2326765   21.92%
  27846  6616      141.7420   151      118.0000      143.7554  2387306   21.83%
Elapsed time = 142.54 sec. (175880.48 ticks, tree = 5.19 MB, solutions = 9)
  28245  6928      122.1949    70      118.0000      143.6667  2439717   21.75%
  28643  7219      136.3292   166      118.0000      143.5246  2491194   21.63%

GUB cover cuts applied:  88
Clique cuts applied:  89
Cover cuts applied:  35
Implied bound cuts applied:  54
Flow cuts applied:  29
Mixed integer rounding cuts applied:  154
Zero-half cuts applied:  70
Lift and project cuts applied:  47
Gomory fractional cuts applied:  5

Root node processing (before b&c):
  Real time             =    0.63 sec. (666.65 ticks)
Sequential b&c:
  Real time             =  149.37 sec. (184462.80 ticks)
                          ------------
Total (root+branch&cut) =  150.00 sec. (185129.45 ticks)

Solution pool: 10 solutions saved.

MIP - Time limit exceeded, integer feasible:  Objective =  1.1800000000e+02
Current MIP best bound =  1.4347466259e+02 (gap = 25.4747, 21.59%)
Solution time =  150.00 sec.  Iterations = 2510442  Nodes = 28781 (7312)
Deterministic time = 185129.45 ticks  (1234.19 ticks/sec)


Incumbent solution
Variable Name           Solution Value
F                           118.000000
y14                           1.000000
y36                           1.000000
y38                           1.000000
y56                           1.000000
y72                           1.000000
y82                           1.000000
y92                           1.000000
y97                           1.000000
y101                          1.000000
y103                          1.000000
y104                          1.000000
y106                          1.000000
y113                          1.000000
y116                          1.000000
y128                          1.000000
y129                          1.000000
y130                          1.000000
y147                          1.000000
y148                          1.000000
y151                          1.000000
x2x56x1                       1.000000
x25x106x1                     1.000000
x64x128x1                     1.000000
x65x147x1                     1.000000
x65x151x1                     1.000000
x105x82x1                     1.000000
x128x130x1                    1.000000
x63x128x2                     1.000000
x105x82x2                     1.000000
x111x36x2                     2.000000
x128x104x2                    1.000000
x136x101x2                    1.000000
x138x106x2                    1.000000
x2x151x3                      1.000000
x25x113x3                     1.000000
x136x101x3                    1.000000
x138x147x3                    1.000000
x82x14x1                      1.000000
x14x0x1                       1.000000
x106x14x2                     1.000000
x14x0x2                       1.000000
x36x72x2                      2.000000
x113x38x3                     2.000000
x38x0x3                       2.000000
x151x56x1                     1.000000
x56x0x1                       2.000000
x72x0x2                       2.000000
x82x103x2                     1.000000
x103x92x2                     2.000000
x92x0x2                       2.000000
x130x97x1                     2.000000
x97x0x1                       2.000000
x101x103x2                    1.000000
x101x113x3                    1.000000
x104x116x2                    2.000000
x106x129x1                    1.000000
x116x0x2                      2.000000
x129x0x1                      1.000000
x147x129x3                    1.000000
x129x0x3                      1.000000
x147x148x1                    1.000000
x148x0x1                      1.000000
x151x148x3                    1.000000
x148x0x3                      1.000000
s2                            5.971215
s4                            7.940000
s7                            6.740000
s9                            9.010000
z2z9z3                        1.000000
s14                           8.580000
s15                           9.060000
z2z15z3                       1.000000
s38                           9.180000
z2z38z3                       1.000000
s42                           7.480000
s43                           6.450000
s50                           7.340117
s55                           7.860000
z2z55z3                       1.000000
s56                           8.818122
z2z56z1                       1.000000
s73                           9.240000
z2z73z3                       1.000000
s82                           6.659901
s97                           9.080000
z2z97z1                       1.000000
s101                          6.634636
s106                          7.219753
s113                          7.905936
s119                          9.310000
z2z119z3                      1.000000
s129                          9.000000
s130                          7.810000
z2z130z1                      1.000000
s135                          7.470000
s144                          8.910000
s147                          7.283226
s148                          9.120000
s151                          7.271415
z2z151z3                      1.000000
s152                          8.080000
s18                           6.000000
s23                           9.050000
s33                           7.589317
s36                           6.911621
z18z38z3                      1.000000
s72                           9.090000
z18z72z2                      1.000000
z18z73z3                      1.000000
s86                           9.110000
s90                           6.830000
s92                           9.110000
z18z92z2                      1.000000
s100                          6.260000
s103                          7.880605
s104                          8.020000
s116                          9.150000
z18z116z2                     1.000000
z18z119z3                     1.000000
s128                          6.346534
s19                           6.000000
z19z38z3                      1.000000
z19z73z3                      1.000000
z19z119z3                     1.000000
s25                           5.979444
z25z9z3                       1.000000
z25z15z3                      1.000000
z25z38z3                      1.000000
z25z55z3                      1.000000
z25z56z1                      1.000000
z25z73z3                      1.000000
z25z97z1                      1.000000
z25z106z1                     1.000000
z25z113z3                     1.000000
z25z119z3                     1.000000
z25z130z1                     1.000000
s34                           6.000000
z34z97z1                      1.000000
s63                           4.374722
z63z23z2                      1.000000
z63z33z2                      1.000000
z63z36z2                      1.000000
z63z72z2                      1.000000
z63z86z2                      1.000000
z63z90z2                      1.000000
z63z92z2                      1.000000
z63z100z2                     1.000000
z63z103z2                     1.000000
z63z104z2                     1.000000
z63z116z2                     1.000000
z63z128z2                     1.000000
s64                           4.368523
z64z50z1                      1.000000
z64z56z1                      1.000000
z64z97z1                      1.000000
z64z128z1                     1.000000
z64z130z1                     1.000000
s65                           5.964380
z65z56z1                      1.000000
z65z97z1                      1.000000
z65z130z1                     1.000000
z65z147z1                     1.000000
z65z151z1                     1.000000
s105                          5.422714
z105z23z2                     1.000000
z105z33z2                     1.000000
z105z36z2                     1.000000
z105z56z1                     1.000000
z105z72z2                     1.000000
z105z82z1                     1.000000
z105z82z2                     1.000000
z105z86z2                     1.000000
z105z90z2                     1.000000
z105z92z2                     1.000000
z105z97z1                     1.000000
z105z103z2                    1.000000
z105z104z2                    1.000000
z105z116z2                    1.000000
z105z130z1                    1.000000
s111                          5.762705
z111z23z2                     1.000000
z111z36z2                     1.000000
z111z72z2                     1.000000
z111z86z2                     1.000000
z111z92z2                     1.000000
z111z104z2                    1.000000
z111z116z2                    1.000000
z128z72z2                     1.000000
z128z92z2                     1.000000
z128z97z1                     1.000000
z128z104z2                    1.000000
z128z116z2                    1.000000
z128z130z1                    1.000000
s136                          5.365651
z136z7z3                      1.000000
z136z9z3                      1.000000
z136z15z3                     1.000000
z136z23z2                     1.000000
z136z33z2                     1.000000
z136z36z2                     1.000000
z136z38z3                     1.000000
z136z55z3                     1.000000
z136z72z2                     1.000000
z136z73z3                     1.000000
z136z86z2                     1.000000
z136z90z2                     1.000000
z136z92z2                     1.000000
z136z101z2                    1.000000
z136z101z3                    1.000000
z136z103z2                    1.000000
z136z104z2                    1.000000
z136z113z3                    1.000000
z136z116z2                    1.000000
z136z119z3                    1.000000
s170                          6.000000
s138                          5.004902
z138z9z3                      1.000000
z138z15z3                     1.000000
z138z23z2                     1.000000
z138z38z3                     1.000000
z138z55z3                     1.000000
z138z72z2                     1.000000
z138z73z3                     1.000000
z138z86z2                     1.000000
z138z92z2                     1.000000
z138z104z2                    1.000000
z138z106z2                    1.000000
z138z116z2                    1.000000
z138z119z3                    1.000000
z138z147z3                    1.000000
z4z73z3                       1.000000
z7z73z3                       1.000000
z33z72z2                      1.000000
z33z86z2                      1.000000
z33z92z2                      1.000000
z36z72z2                      1.000000
z36z86z2                      1.000000
z36z92z2                      1.000000
z36z116z2                     1.000000
z43z72z2                      1.000000
z43z92z2                      1.000000
z43z97z1                      1.000000
z43z116z2                     1.000000
z50z56z1                      1.000000
z50z97z1                      1.000000
s52                           6.000000
z82z14z1                      1.000000
z82z72z2                      1.000000
z82z92z2                      1.000000
z82z97z1                      1.000000
z82z103z2                     1.000000
z82z116z2                     1.000000
z100z72z2                     1.000000
z100z92z2                     1.000000
z100z116z2                    1.000000
z101z38z3                     1.000000
z101z72z2                     1.000000
z101z73z3                     1.000000
z101z92z2                     1.000000
z101z103z2                    1.000000
z101z113z3                    1.000000
z101z116z2                    1.000000
z101z119z3                    1.000000
z103z92z2                     1.000000
z104z116z2                    1.000000
z106z14z2                     1.000000
z106z72z2                     1.000000
z106z92z2                     1.000000
z106z97z1                     1.000000
z106z116z2                    1.000000
z106z129z1                    1.000000
z113z38z3                     1.000000
z130z97z1                     1.000000
z135z38z3                     1.000000
z135z72z2                     1.000000
z135z73z3                     1.000000
z135z92z2                     1.000000
z135z116z2                    1.000000
z135z119z3                    1.000000
z147z38z3                     1.000000
z147z73z3                     1.000000
z147z97z1                     1.000000
z147z119z3                    1.000000
z147z129z3                    1.000000
z147z148z1                    1.000000
z151z38z3                     1.000000
z151z56z1                     1.000000
z151z73z3                     1.000000
z151z119z3                    1.000000
z151z148z3                    1.000000
z170z38z3                     1.000000
z170z73z3                     1.000000
z170z119z3                    1.000000
All other variables in the range 1-1664 are 0.
