
Log started (V12.10.0.0) Tue Apr 20 04:38:09 2021


Problem 'asset.lp' read.
Read time = 0.01 sec. (0.48 ticks)
New value for default parallel thread count: 1
New value for time limit in seconds: 150
Version identifier: 12.10.0.0 | 2019-11-26 | 843d4de
CPXPARAM_Threads                                 1
CPXPARAM_TimeLimit                               150
Found incumbent of value -0.783339 after 0.00 sec. (0.20 ticks)
Tried aggregator 3 times.
MIP Presolve eliminated 2021 rows and 221 columns.
MIP Presolve modified 3497 coefficients.
Aggregator did 1349 substitutions.
Reduced MIP has 1547 rows, 1732 columns, and 7797 nonzeros.
Reduced MIP has 1539 binaries, 135 generals, 0 SOSs, and 0 indicators.
Presolve time = 0.02 sec. (20.88 ticks)
Probing fixed 270 vars, tightened 31 bounds.
Probing time = 0.01 sec. (8.25 ticks)
Cover probing fixed 0 vars, tightened 93 bounds.
Tried aggregator 1 time.
MIP Presolve eliminated 337 rows and 337 columns.
MIP Presolve modified 154 coefficients.
Reduced MIP has 1210 rows, 1395 columns, and 5805 nonzeros.
Reduced MIP has 1233 binaries, 104 generals, 0 SOSs, and 0 indicators.
Presolve time = 0.01 sec. (5.30 ticks)
Probing time = 0.00 sec. (2.74 ticks)
Tried aggregator 1 time.
Detecting symmetries...
MIP Presolve modified 632 coefficients.
Reduced MIP has 1210 rows, 1395 columns, and 5805 nonzeros.
Reduced MIP has 1233 binaries, 104 generals, 0 SOSs, and 0 indicators.
Presolve time = 0.00 sec. (3.88 ticks)
Probing time = 0.00 sec. (2.71 ticks)
Clique table members: 4286.
MIP emphasis: balance optimality and feasibility.
MIP search method: dynamic search.
Parallel mode: none, using 1 thread.
Root relaxation solution time = 0.02 sec. (24.31 ticks)

        Nodes                                         Cuts/
   Node  Left     Objective  IInf  Best Integer    Best Bound    ItCnt     Gap

*     0+    0                           -0.7833     1340.2897              --- 
      0     0     1063.3836   248       -0.7833     1063.3836      919     --- 
      0     0     1034.0516   248       -0.7833     Cuts: 402     1615     --- 
      0     0     1015.5489   248       -0.7833     Cuts: 402     2068     --- 
      0     0     1009.1776   248       -0.7833     Cuts: 267     2400     --- 
      0     0     1005.5840   248       -0.7833     Cuts: 194     2724     --- 
      0     0     1003.8724   248       -0.7833     Cuts: 195     2912     --- 
Detecting symmetries...
      0     0     1002.9174   248       -0.7833     Cuts: 118     3013     --- 
      0     0     1000.1592   248       -0.7833     Cuts: 128     3258     --- 
      0     0      999.4304   248       -0.7833     Cuts: 156     3367     --- 
      0     0      998.8557   248       -0.7833     Cuts: 148     3478     --- 
      0     0      997.9678   248       -0.7833      Cuts: 94     3577     --- 
      0     0      997.7185   248       -0.7833     Cuts: 121     3667     --- 
      0     0      997.1638   248       -0.7833      Cuts: 75     3776     --- 
      0     0      996.0372   248       -0.7833     Cuts: 156     3942     --- 
      0     0      995.4269   248       -0.7833     Cuts: 201     4143     --- 
      0     0      995.1396   248       -0.7833      Cuts: 87     4233     --- 
      0     0      993.7351   248       -0.7833      Cuts: 96     4377     --- 
      0     0      993.0785   248       -0.7833     Cuts: 190     4526     --- 
      0     0      992.6775   248       -0.7833      Cuts: 92     4635     --- 
      0     0      992.0106   248       -0.7833     Cuts: 122     4833     --- 
      0     0      991.0562   248       -0.7833      Cuts: 86     5046     --- 
      0     0      990.6832   248       -0.7833     Cuts: 121     5161     --- 
      0     0      990.1151   248       -0.7833      Cuts: 88     5294     --- 
      0     0      989.7018   248       -0.7833     Cuts: 122     5428     --- 
      0     0      989.0883   248       -0.7833     Cuts: 126     5567     --- 
      0     0      988.8759   248       -0.7833     Cuts: 116     5690     --- 
      0     0      988.5506   248       -0.7833      Cuts: 73     5820     --- 
      0     0      988.1572   248       -0.7833     Cuts: 144     5944     --- 
      0     0      985.4275   248       -0.7833      Cuts: 92     6206     --- 
      0     0      984.1700   248       -0.7833     Cuts: 222     6428     --- 
      0     0      983.7910   248       -0.7833     Cuts: 170     6581     --- 
      0     0      981.9927   248       -0.7833     Cuts: 114     6774     --- 
      0     0      981.3152   248       -0.7833     Cuts: 256     6941     --- 
      0     0      981.0608   248       -0.7833     Cuts: 127     7125     --- 
*     0+    0                          373.6879      981.0608           162.53%
*     0+    0                          555.6148      981.0608            76.57%
*     0+    0                          557.3514      981.0608            76.02%
      0     0        cutoff            557.3514      981.0608     7125   76.02%
Detecting symmetries...
      0     2      981.0608   260      557.3514      981.0413     7125   76.02%
Elapsed time = 1.09 sec. (1239.40 ticks, tree = 0.01 MB, solutions = 3)
     12    12      947.8005   200      557.3514      980.0626    10630   75.84%
     67    59      852.7213   106      557.3514      980.0626    14327   75.84%
    154   111      950.0995   238      557.3514      980.0614    17702   75.84%
    186   143      829.1613   133      557.3514      980.0614    21627   75.84%
*   249   193      integral     0      623.1579      980.0614    23364   57.27%
*   250   192      integral     0      623.1581      980.0614    23365   57.27%
    295   237      918.0478   198      623.1581      979.7744    25762   57.23%
    341   283      862.7521   171      623.1581      979.7744    28286   57.23%
    407   349      961.2101   249      623.1581      979.6989    32093   57.22%
    470   412      906.6781   172      623.1581      979.6989    36408   57.22%

Performing restart 1

Repeating presolve.
Tried aggregator 2 times.
MIP Presolve modified 986 coefficients.
Aggregator did 3 substitutions.
Reduced MIP has 1207 rows, 1392 columns, and 5033 nonzeros.
Reduced MIP has 1230 binaries, 104 generals, 0 SOSs, and 0 indicators.
Presolve time = 0.01 sec. (6.03 ticks)
Tried aggregator 1 time.
Reduced MIP has 1207 rows, 1392 columns, and 5033 nonzeros.
Reduced MIP has 1230 binaries, 104 generals, 0 SOSs, and 0 indicators.
Presolve time = 0.00 sec. (3.71 ticks)
Represolve time = 0.03 sec. (25.59 ticks)
    479     0      936.2221   266      623.1581     Cuts: 401    40093   50.24%
    479     0      913.3424   266      623.1581     Cuts: 276    40706   46.57%
    479     0      892.9941   266      623.1581     Cuts: 197    41322   43.30%
    479     0      880.7692   266      623.1581     Cuts: 255    42038   41.34%
    479     0      874.9822   266      623.1581     Cuts: 160    42376   40.41%
    479     0      869.8813   266      623.1581     Cuts: 258    42831   39.59%
    479     0      866.0728   266      623.1581     Cuts: 217    43215   38.98%
    479     0      864.2873   266      623.1581     Cuts: 186    43571   38.69%
    479     0      860.1008   266      623.1581     Cuts: 172    43976   38.02%
*   479+    0                          623.1581      860.1008            38.02%
    479     0      856.4755   266      623.1581     Cuts: 209    44264   37.44%
    479     0      852.9560   266      623.1581     Cuts: 176    44547   36.88%
    479     0      851.2849   266      623.1581     Cuts: 115    44678   36.61%
    479     0      850.6340   266      623.1581     Cuts: 118    44813   36.50%
    479     0      849.3579   266      623.1581      Cuts: 91    44942   36.30%
*   479+    0                          625.6640      849.3579            35.75%
*   479+    0                          645.4894      849.3579            31.58%
    479     0        cutoff            645.4894      849.3579    44942   31.58%
    479     0      846.7329   266      645.4894      Cuts: 58    45335   31.18%
    479     0      844.2647   266      645.4894      Cuts: 90    45615   30.79%
    479     0      841.9611   266      645.4894     Cuts: 111    45868   30.44%
*   479+    0                          691.5654      841.9611            21.75%
*   479+    0                          691.5655      841.9611            21.75%
    479     0        cutoff            691.5655      841.9611    45868   21.75%
    479     0      840.8687   266      691.5655     Cuts: 101    46118   21.59%
    479     0      839.3393   266      691.5655     Cuts: 147    46347   21.37%
    479     0      838.9489   266      691.5655     Cuts: 119    46549   21.31%
    479     0      837.7787   266      691.5655      Cuts: 56    46796   21.14%
*   479+    0                          691.5660      837.7787            21.14%
*   479+    0                          691.5661      837.7787            21.14%
*   479+    0                          691.6854      837.7787            21.12%
    479     0        cutoff            691.6854      837.7787    46796   21.12%
    479     0      837.4514   266      691.6854     Cuts: 109    46965   21.07%
    479     0      837.0466   266      691.6854      Cuts: 60    47104   21.02%
    479     0      836.9136   266      691.6854      Cuts: 62    47210   21.00%
    479     0      836.8118   266      691.6854      Cuts: 69    47365   20.98%
    479     0      836.4933   266      691.6854      Cuts: 45    47454   20.94%
    479     0      835.8404   266      691.6854      Cuts: 56    47613   20.84%
    479     0      835.2225   266      691.6854      Cuts: 88    47851   20.75%
*   479+    0                          691.6855      835.2225            20.75%
*   479+    0                          691.6858      835.2225            20.75%
*   479+    0                          691.6858      835.2225            20.75%
    479     0      834.4174   266      691.6858      Cuts: 45    48145   20.64%
    479     0      834.0757   266      691.6858     Cuts: 106    48285   20.59%
    479     0      833.8165   266      691.6858      Cuts: 65    48368   20.55%
    479     0      833.5944   266      691.6858      Cuts: 57    48439   20.52%
    479     0      833.3726   266      691.6858      Cuts: 29    48529   20.48%
    479     0      831.6671   266      691.6858      Cuts: 78    48721   20.24%
    479     0      831.2532   266      691.6858      Cuts: 73    48802   20.18%
*   479+    0                          691.6860      831.2532            20.18%
*   479+    0                          691.6862      831.2532            20.18%
    479     0        cutoff            691.6862      831.2532    48802   20.18%
    479     0      830.9452   266      691.6862      Cuts: 78    49000   20.13%
    479     0      829.2434   266      691.6862      Cuts: 53    49259   19.89%
    479     0      828.4640   266      691.6862     Cuts: 113    49466   19.77%
    479     0      827.5209   266      691.6862      Cuts: 99    49733   19.64%
*   479+    0                          691.6867      827.5209            19.64%
    479     0      826.1926   266      691.6867      Cuts: 75    49959   19.45%
    479     0      825.5273   266      691.6867      Cuts: 58    50160   19.35%
    479     0      825.1280   266      691.6867      Cuts: 46    50303   19.29%
    479     0      825.1210   266      691.6867      Cuts: 55    50393   19.29%
    479     0      825.0539   266      691.6867      Cuts: 41    50493   19.28%
    479     0      824.4206   266      691.6867      Cuts: 57    50645   19.19%
    479     0      823.9943   266      691.6867      Cuts: 61    50845   19.13%
    479     0      823.5893   266      691.6867      Cuts: 71    51060   19.07%
    479     0      823.4958   266      691.6867      Cuts: 76    51189   19.06%
    479     2      823.4958   290      691.6867      823.4896    51189   19.06%
Elapsed time = 8.95 sec. (10178.61 ticks, tree = 0.01 MB, solutions = 19)
    488    11      819.2863   205      691.6867      819.2605    53856   18.44%
    507    29      761.0947   132      691.6867      816.1859    57349   18.00%
    596    90      811.4203   232      691.6867      814.5734    66048   17.77%
    698   182      780.7570   199      691.6867      814.0592    75062   17.69%
    781   261      755.9233   165      691.6867      813.4938    85486   17.61%
    854   330      740.6500   158      691.6867      812.5330    94248   17.47%
    976   435      803.9307   223      691.6867      811.2236   105379   17.28%
   1055   506      702.4677   115      691.6867      811.1601   116128   17.27%
   1186   625      719.7535   115      691.6867      810.7861   126753   17.22%
   1283   711      774.9988   189      691.6867      810.1833   136621   17.13%
Elapsed time = 15.95 sec. (19924.02 ticks, tree = 0.97 MB, solutions = 19)
   1368   782      788.4788   171      691.6867      809.1584   146735   16.98%
   1492   896      746.0758   179      691.6867      808.8464   158104   16.94%
   1594   976      793.6521   209      691.6867      808.2751   169663   16.86%
   1710  1085      738.2548   154      691.6867      807.5642   180537   16.75%
   1809  1161      794.4134   218      691.6867      807.4370   191826   16.73%
   1890  1232      791.3391   209      691.6867      807.3360   200796   16.72%
   1989  1320      781.5724   206      691.6867      807.1209   208762   16.69%
   2114  1424      786.9823   203      691.6867      806.9883   218738   16.67%
   2208  1509      736.6941   157      691.6867      805.6849   230327   16.48%
   2349  1633      801.7700   220      691.6867      804.3462   242392   16.29%
Elapsed time = 23.11 sec. (29744.63 ticks, tree = 3.65 MB, solutions = 19)
   2467  1734      787.9822   208      691.6867      804.2461   254375   16.27%
*  2479+ 1744                          691.6874      804.2461            16.27%
*  2579+ 1833                          691.6877      803.5551            16.17%
   2581  1837      745.5650   210      691.6877      803.5551   265357   16.17%
   2710  1942      789.0329   208      691.6877      803.0546   277583   16.10%
   2813  2030      695.5068   155      691.6877      802.4000   288972   16.01%
   2864  2072      750.5097   174      691.6877      802.0315   297546   15.95%
   2977  2172      756.0845   154      691.6877      801.7893   307791   15.92%
   3061  2245      790.4391   194      691.6877      801.5629   317617   15.89%
   3159  2329      786.3352   226      691.6877      801.0849   328182   15.82%
   3261  2416      796.6831   235      691.6877      800.7846   338689   15.77%
   3343  2486      769.2890   169      691.6877      800.5317   349304   15.74%
Elapsed time = 30.50 sec. (39509.73 ticks, tree = 4.54 MB, solutions = 21)
   3468  2596      702.6385    82      691.6877      800.2275   361198   15.69%
*  3479+ 2359                          701.0105      800.2275            14.15%
*  3479+ 2359                          701.0108      800.2275            14.15%
*  3479+ 2359                          701.0115      800.2275            14.15%
*  3479+ 2359                          701.0116      800.2275            14.15%
*  3479+ 2358                          701.0707      800.2275            14.14%
   3548  2418      775.3172   207      701.0707      799.9598   372440   14.11%
   3651  2507      734.8193   160      701.0707      799.6670   384218   14.06%
   3738  2568      768.4096   207      701.0707      799.5217   394614   14.04%
   3825  2644      769.4797   194      701.0707      798.7282   405404   13.93%
   3917  2721      749.1358   123      701.0707      798.3289   418533   13.87%
   4014  2796      760.8932   223      701.0707      797.6583   430930   13.78%
   4094  2865      709.4273   125      701.0707      797.5390   440606   13.76%
   4195  2942      771.2659   222      701.0707      797.0006   452111   13.68%
   4301  3032      709.5053   102      701.0707      796.5972   463484   13.63%
Elapsed time = 37.82 sec. (49189.37 ticks, tree = 4.94 MB, solutions = 26)
   4400  3110      703.6211   147      701.0707      795.9033   474128   13.53%
   4468  3165      716.9788   184      701.0707      795.6751   484471   13.49%
*  4479+ 3168                          701.0708      795.6751            13.49%
   4553  3227        cutoff            701.0708      795.5315   495210   13.47%
   4626  3287      755.8305   223      701.0708      795.2285   505632   13.43%
   4745  3388      740.8679   143      701.0708      795.0602   517748   13.41%
   4838  3458      705.1583   123      701.0708      794.9406   528771   13.39%
   4937  3530      780.7668   236      701.0708      794.6679   541477   13.35%
   5045  3616      717.6440   130      701.0708      794.4171   554112   13.31%
   5171  3724      745.0142   141      701.0708      793.9664   567282   13.25%
   5250  3781      752.1640   178      701.0708      793.7000   578573   13.21%
Elapsed time = 45.11 sec. (58785.03 ticks, tree = 5.77 MB, solutions = 27)
   5362  3870      710.7095   148      701.0708      793.4929   591698   13.18%
   5488  3960        cutoff            701.0708      793.2659   605643   13.15%
   5594  4046      779.0448   226      701.0708      792.5034   618448   13.04%
   5719  4150      771.9291   200      701.0708      792.3491   631622   13.02%
   5814  4228        cutoff            701.0708      792.2698   642610   13.01%
   5926  4318      728.7214   155      701.0708      792.0977   654428   12.98%
   6021  4393      738.2396   179      701.0708      791.9242   665862   12.96%
   6102  4467      723.3270   177      701.0708      791.7765   676271   12.94%
   6204  4555      725.9387   117      701.0708      791.4910   687493   12.90%
   6303  4630      761.2831   194      701.0708      791.4435   699259   12.89%
Elapsed time = 52.39 sec. (68440.75 ticks, tree = 6.77 MB, solutions = 27)
   6422  4741      758.8734   215      701.0708      791.3293   710046   12.87%
   6525  4816      777.5641   231      701.0708      791.0729   721524   12.84%
   6649  4926      705.9017   148      701.0708      790.9759   733342   12.82%
   6786  5042      731.3580   123      701.0708      790.7904   745925   12.80%
   6881  5124      731.0660   130      701.0708      790.6548   757071   12.78%
   7014  5236      748.8294   168      701.0708      790.5273   769513   12.76%
   7176  5384      709.4564    93      701.0708      790.4247   783167   12.75%
   7302  5487      705.6579   112      701.0708      790.0497   795971   12.69%
   7448  5615      709.7319   107      701.0708      789.9018   809103   12.67%
*  7479+ 5638                          701.0726      789.8764            12.67%
*  7479+ 5638                          701.0736      789.8764            12.67%
   7580  5730      706.4221    96      701.0736      789.7398   821516   12.65%
Elapsed time = 59.76 sec. (78120.84 ticks, tree = 7.80 MB, solutions = 29)
   7731  5855      735.1439   135      701.0736      789.0756   836004   12.55%
   7860  5965      706.1239   156      701.0736      788.8732   850369   12.52%
   7997  6082      715.0371   126      701.0736      788.7102   862473   12.50%
   8124  6191      731.4115   169      701.0736      788.2262   875629   12.43%
   8250  6283      766.4300   220      701.0736      787.9499   889636   12.39%
   8398  6406      763.8606   192      701.0736      787.7830   903059   12.37%
   8489  6481      718.9967   120      701.0736      787.6227   914633   12.35%
   8596  6575      762.1890   213      701.0736      787.4244   925762   12.32%
   8686  6657      714.2829   111      701.0736      787.3613   937293   12.31%
   8790  6741      701.6121   121      701.0736      787.2968   949166   12.30%
Elapsed time = 67.08 sec. (87721.41 ticks, tree = 8.74 MB, solutions = 29)
   8881  6808      745.3476   178      701.0736      787.0897   959954   12.27%
   9034  6937      716.4196   112      701.0736      786.8493   971037   12.23%
   9101  6982      714.8873   151      701.0736      786.8167   982229   12.23%
   9186  7048      751.3801   207      701.0736      786.5456   993376   12.19%
   9321  7165      747.6945   195      701.0736      786.4477  1005336   12.18%
   9426  7251      768.0161   171      701.0736      786.3132  1017109   12.16%
   9540  7351      738.2898   110      701.0736      786.1879  1028377   12.14%
   9659  7436      717.4846   153      701.0736      785.8444  1041303   12.09%
   9787  7540      736.4417   163      701.0736      785.7049  1055585   12.07%
* 10059+ 7763                          701.0741      785.3816            12.03%
* 10059+ 7763                          701.0752      785.3816            12.03%
* 10059+ 7666                          702.3212      785.3816            11.83%
* 10059+ 7666                          702.3216      785.3816            11.83%
* 10059+ 7405                          704.5226      785.3816            11.48%
* 10059+ 7399                          704.5829      785.3816            11.47%
* 10059+ 7399                          704.5831      785.3816            11.47%
* 10059+ 7399                          704.5831      785.3816            11.47%
* 10059+ 7399                          704.5831      785.3816            11.47%
* 10059+ 7398                          704.5851      785.3816            11.47%
* 10059+ 7398                          704.5851      785.3816            11.47%
* 10059+ 7398                          704.5853      785.3816            11.47%
* 10059+ 7244                          705.7421      785.3816            11.28%
* 10059+ 7243                          705.7423      785.3816            11.28%
* 10059+ 7243                          705.7455      785.3816            11.28%
* 10059+ 7241                          705.7479      785.3816            11.28%
  10059  7243      737.7193   126      705.7479      785.3816  1085619   11.28%
Elapsed time = 77.66 sec. (100909.82 ticks, tree = 9.07 MB, solutions = 45)
* 10060+ 6689                          710.0063      785.3816            10.62%
* 10060+ 6689                          710.0073      785.3816            10.62%
* 10060+ 6687                          710.0086      785.3816            10.62%
* 10060+ 6687                          710.0090      785.3816            10.62%
* 10060+ 6687                          710.0093      785.3816            10.62%
* 10060+ 6687                          710.0100      785.3816            10.62%
* 10060+ 6687                          710.0104      785.3816            10.62%
* 10060+ 6687                          710.0105      785.3816            10.62%
* 10060+ 6686                          710.0110      785.3816            10.62%
* 10060+ 6686                          710.0116      785.3816            10.62%
* 10060+ 6661                          710.2071      785.3816            10.58%
* 10060+ 6661                          710.2074      785.3816            10.58%
* 10060+ 6661                          710.2078      785.3816            10.58%
* 10060+ 6660                          710.2107      785.3816            10.58%
* 10060+ 6660                          710.2107      785.3816            10.58%
* 10060+ 6660                          710.2112      785.3816            10.58%
* 10060+ 6660                          710.2112      785.3816            10.58%
  10060  6662      761.9357   191      710.2112      785.3782  1086080   10.58%
  10061  6663      784.5466   216      710.2112      785.2968  1086212   10.57%
  10501  7004      764.4084   212      710.2112      784.6850  1138513   10.49%
  10967  7381      777.2175   223      710.2112      784.1265  1190095   10.41%
  11393  7695      712.0363   157      710.2112      783.5587  1237537   10.33%
  11778  7996      743.7952   188      710.2112      783.0557  1284101   10.26%
  12177  8283      756.1916   183      710.2112      782.5385  1329331   10.18%
  12614  8617      724.3794   126      710.2112      782.1499  1376781   10.13%
  13015  8918      771.4397   201      710.2112      781.5571  1428134   10.05%
  13438  9233      742.2624   153      710.2112      780.6435  1475857    9.92%
Elapsed time = 118.58 sec. (150608.53 ticks, tree = 11.38 MB, solutions = 62)
  13869  9562      732.8201   179      710.2112      780.2609  1511911    9.86%
  14286  9862      739.3346   168      710.2112      779.7310  1546305    9.79%
  14611 10108      754.5468   154      710.2112      779.3947  1583546    9.74%
  15002 10386      751.2054   214      710.2112      778.7803  1628333    9.65%
  15386 10670      754.7154   193      710.2112      778.5446  1674673    9.62%
Starting limited solution polishing.
  15879 11043      733.9139   186      710.2112      778.2015  1724093    9.57%
  16215 11275      772.4366   215      710.2112      777.9348  1769075    9.54%
  16479 11460      734.5003   140      710.2112      777.7081  1800712    9.50%
  16679 11598      714.6831   135      710.2112      777.6507  1824184    9.50%
  16979 11819    infeasible            710.2112      777.4864  1861815    9.47%
Elapsed time = 149.97 sec. (190444.02 ticks, tree = 19.45 MB, solutions = 62)

GUB cover cuts applied:  45
Clique cuts applied:  155
Cover cuts applied:  9
Implied bound cuts applied:  99
Flow cuts applied:  25
Mixed integer rounding cuts applied:  189
Zero-half cuts applied:  114
Lift and project cuts applied:  26
Gomory fractional cuts applied:  3

Root node processing (before b&c):
  Real time             =    1.08 sec. (1236.61 ticks)
Sequential b&c:
  Real time             =  148.92 sec. (189252.99 ticks)
                          ------------
Total (root+branch&cut) =  150.00 sec. (190489.60 ticks)

Solution pool: 63 solutions saved.

MIP - Time limit exceeded, integer feasible:  Objective =  7.1021124435e+02
Current MIP best bound =  7.7747784251e+02 (gap = 67.2666, 9.47%)
Solution time =  150.00 sec.  Iterations = 1862236  Nodes = 16981 (11820)
Deterministic time = 190489.61 ticks  (1269.92 ticks/sec)


Incumbent solution
Variable Name           Solution Value
F                           760.000000
f1                            0.828756
f2                           48.960000
y85                           1.000000
y61                           1.000000
y284                          1.000000
y13                           1.000000
y154                          1.000000
y54                           1.000000
y246                          1.000000
y232                          1.000000
y216                          1.000000
y132                          1.000000
y170                          1.000000
y137                          1.000000
y12                           1.000000
y184                          1.000000
y101                          1.000000
y123                          1.000000
y69                           1.000000
y52                           1.000000
y88                           1.000000
y291                          1.000000
y209                          1.000000
s3                            2.410000
s97                           2.420000
s85                           3.484203
s217                          2.510000
s61                           3.199090
s225                          2.530000
s284                          3.526144
s120                          2.800000
s79                           2.820000
s71                           2.830000
s197                          2.940000
s31                           2.970000
s144                          2.990000
s271                          3.040000
s185                          3.120000
s13                           4.123438
s152                          3.130000
s133                          3.260000
s293                          3.270000
s130                          3.300000
s154                          3.515371
s228                          3.330000
s249                          3.330000
s54                           3.823115
s198                          3.400000
s246                          3.410024
s232                          3.465766
s298                          3.510000
s116                          3.590000
s139                          3.650000
s282                          3.670000
s216                          4.269997
s132                          4.518592
s134                          3.770000
s267                          3.830000
s170                          4.776851
s73                           3.940000
s137                          3.962833
s262                          4.000000
s12                           4.977317
s184                          4.332277
s101                          4.914245
s191                          4.070000
s245                          4.070000
s203                          4.080000
s34                           4.130000
s123                          5.080402
s69                           5.065118
s296                          4.170000
s166                          4.180000
s52                           5.008827
s189                          4.200000
s112                          4.220000
s74                           4.230000
s238                          4.250000
s88                           4.862294
s291                          4.889721
s272                          4.290000
s177                          4.300000
s176                          4.320000
s209                          4.805832
s24                           4.360000
x100x246x1                    1.000000
x294x85x1                     1.000000
x300x54x1                     1.000000
x254x13x1                     1.000000
x254x216x1                    1.000000
x49x137x1                     1.000000
x64x184x1                     1.000000
x28x291x1                     1.000000
x43x132x1                     1.000000
x268x85x2                     1.000000
x90x154x2                     1.000000
x89x232x2                     2.000000
x84x170x2                     1.000000
x199x284x2                    1.000000
x49x13x2                      1.000000
x28x170x2                     1.000000
x43x209x2                     1.000000
x268x284x3                    1.000000
x90x154x3                     1.000000
x194x61x3                     2.000000
x300x54x3                     1.000000
x227x246x3                    1.000000
x84x216x3                     1.000000
x199x137x3                    1.000000
x64x184x3                     1.000000
x85x291x1                     1.000000
x85x101x2                     1.000000
x61x123x3                     1.000000
x61x88x3                      1.000000
x284x101x2                    1.000000
x284x12x3                     1.000000
x13x0x1                       1.000000
x13x0x2                       1.000000
x154x69x2                     1.000000
x154x88x3                     1.000000
x54x52x1                      1.000000
x54x52x3                      1.000000
x246x132x1                    1.000000
x246x12x3                     1.000000
x232x69x2                     1.000000
x232x209x2                    1.000000
x216x0x1                      1.000000
x216x0x3                      1.000000
x132x0x1                      2.000000
x170x0x2                      2.000000
x137x0x1                      1.000000
x137x123x3                    1.000000
x12x0x3                       2.000000
x184x0x1                      1.000000
x184x0x3                      1.000000
x101x0x2                      2.000000
x123x0x3                      2.000000
x69x0x2                       2.000000
x52x0x1                       1.000000
x52x0x3                       1.000000
x88x0x3                       2.000000
x291x0x1                      2.000000
x209x0x2                      2.000000
s268                          2.145055
z268z85z2                     1.000000
z268z284z3                    1.000000
z268z170z2                    1.000000
z268z12z3                     1.000000
z268z101z2                    1.000000
z268z245z3                    1.000000
z268z123z3                    1.000000
z268z69z2                     1.000000
z268z112z3                    1.000000
z268z238z3                    1.000000
z268z88z3                     1.000000
z268z177z2                    1.000000
z268z209z2                    1.000000
s90                           2.136171
z90z154z2                     1.000000
z90z154z3                     1.000000
z90z12z3                      1.000000
z90z101z2                     1.000000
z90z245z3                     1.000000
z90z123z3                     1.000000
z90z69z2                      1.000000
z90z88z3                      1.000000
z90z177z2                     1.000000
z90z209z2                     1.000000
s100                          1.958644
z100z246z1                    1.000000
z100z132z1                    1.000000
z100z189z1                    1.000000
z100z291z1                    1.000000
s194                          2.014545
z194z61z3                     1.000000
z194z198z3                    1.000000
z194z298z3                    1.000000
z194z12z3                     1.000000
z194z245z3                    1.000000
z194z123z3                    1.000000
z194z112z3                    1.000000
z194z238z3                    1.000000
z194z88z3                     1.000000
s294                          2.109096
z294z85z1                     1.000000
z294z132z1                    1.000000
z294z203z1                    1.000000
z294z189z1                    1.000000
z294z291z1                    1.000000
s300                          2.451655
z300z54z1                     1.000000
z300z54z3                     1.000000
z300z88z3                     1.000000
z300z291z1                    1.000000
s89                           2.164372
z89z232z2                     1.000000
z89z170z2                     1.000000
z89z101z2                     1.000000
z89z69z2                      1.000000
z89z177z2                     1.000000
z89z209z2                     1.000000
s227                          2.130449
z227z246z3                    1.000000
z227z298z3                    1.000000
z227z12z3                     1.000000
z227z245z3                    1.000000
z227z123z3                    1.000000
z227z112z3                    1.000000
z227z238z3                    1.000000
z227z88z3                     1.000000
s84                           2.784536
z84z216z3                     1.000000
z84z170z2                     1.000000
s254                          2.692217
z254z13z1                     1.000000
z254z216z1                    1.000000
s199                          2.360745
z199z284z2                    1.000000
z199z170z2                    1.000000
z199z137z3                    1.000000
z199z12z3                     1.000000
z199z101z2                    1.000000
z199z245z3                    1.000000
z199z123z3                    1.000000
z199z69z2                     1.000000
z199z112z3                    1.000000
z199z238z3                    1.000000
z199z88z3                     1.000000
z199z177z2                    1.000000
z199z209z2                    1.000000
s49                           2.438844
z49z13z2                      1.000000
z49z137z1                     1.000000
z49z101z2                     1.000000
z49z203z1                     1.000000
z49z69z2                      1.000000
z49z189z1                     1.000000
z49z291z1                     1.000000
z49z177z2                     1.000000
z49z209z2                     1.000000
s64                           2.830185
z64z184z1                     1.000000
z64z184z3                     1.000000
s28                           3.326147
z28z170z2                     1.000000
z28z291z1                     1.000000
s43                           3.306335
z43z132z1                     1.000000
z43z209z2                     1.000000
z85z101z2                     1.000000
z85z291z1                     1.000000
z61z123z3                     1.000000
z61z88z3                      1.000000
z284z12z3                     1.000000
z284z101z2                    1.000000
z154z69z2                     1.000000
z154z88z3                     1.000000
z54z52z1                      1.000000
z54z52z3                      1.000000
z246z132z1                    1.000000
z246z12z3                     1.000000
z232z69z2                     1.000000
z232z209z2                    1.000000
z137z123z3                    1.000000
All other variables in the range 1-3308 are 0.
