
Log started (V12.10.0.0) Thu Apr  8 06:31:39 2021

Warning, line 889: Name 's13' does not exist.

Problem 'asset.lp' read.
Read time = 0.00 sec. (0.07 ticks)
New value for default parallel thread count: 1
New value for time limit in seconds: 200
Version identifier: 12.10.0.0 | 2019-11-26 | 843d4de
CPXPARAM_Threads                                 1
CPXPARAM_TimeLimit                               200
Found incumbent of value 0.000000 after 0.00 sec. (0.02 ticks)
Tried aggregator 3 times.
MIP Presolve eliminated 177 rows and 75 columns.
MIP Presolve modified 482 coefficients.
Aggregator did 202 substitutions.
Reduced MIP has 302 rows, 373 columns, and 1307 nonzeros.
Reduced MIP has 300 binaries, 57 generals, 0 SOSs, and 0 indicators.
Presolve time = 0.00 sec. (2.76 ticks)
Probing fixed 57 vars, tightened 6 bounds.
Probing time = 0.00 sec. (0.68 ticks)
Cover probing fixed 0 vars, tightened 24 bounds.
Tried aggregator 2 times.
MIP Presolve eliminated 127 rows and 98 columns.
MIP Presolve modified 96 coefficients.
Aggregator did 2 substitutions.
Reduced MIP has 173 rows, 272 columns, and 755 nonzeros.
Reduced MIP has 213 binaries, 50 generals, 0 SOSs, and 0 indicators.
Presolve time = 0.00 sec. (1.16 ticks)
Probing time = 0.00 sec. (0.40 ticks)
Tried aggregator 1 time.
Detecting symmetries...
MIP Presolve modified 38 coefficients.
Reduced MIP has 173 rows, 272 columns, and 755 nonzeros.
Reduced MIP has 213 binaries, 50 generals, 0 SOSs, and 0 indicators.
Presolve time = 0.00 sec. (0.55 ticks)
Probing time = 0.00 sec. (0.40 ticks)
Clique table members: 628.
MIP emphasis: balance optimality and feasibility.
MIP search method: dynamic search.
Parallel mode: none, using 1 thread.
Root relaxation solution time = 0.00 sec. (1.12 ticks)

        Nodes                                         Cuts/
   Node  Left     Objective  IInf  Best Integer    Best Bound    ItCnt     Gap

*     0+    0                            0.0000      136.0000              --- 
      0     0      101.2815    49        0.0000      101.2815      130     --- 
      0     0       90.8000    49        0.0000     Cuts: 106      222     --- 
      0     0       88.1071    49        0.0000      Cuts: 68      277     --- 
      0     0       87.7864    49        0.0000      Cuts: 46      310     --- 
      0     0       87.5378    49        0.0000      Cuts: 16      324     --- 
      0     0       87.2353    49        0.0000      Cuts: 30      339     --- 
      0     0       86.6318    49        0.0000      Cuts: 24      357     --- 
      0     0       86.5959    49        0.0000      Cuts: 29      379     --- 
      0     0       86.5334    49        0.0000       Cuts: 8      389     --- 
      0     0       86.5000    49        0.0000      Cuts: 10      399     --- 
      0     0       86.3744    49        0.0000      Cuts: 16      469     --- 
      0     0       86.3744    49        0.0000      Cuts: 22      476     --- 
      0     0       86.3731    49        0.0000   ZeroHalf: 3      479     --- 
*     0+    0                           84.0000       86.3731             2.83%

Repeating presolve.
Tried aggregator 4 times.
MIP Presolve eliminated 83 rows and 144 columns.
MIP Presolve added 1 rows and 0 columns.
MIP Presolve modified 45 coefficients.
Aggregator did 15 substitutions.
Reduced MIP has 76 rows, 113 columns, and 309 nonzeros.
Reduced MIP has 102 binaries, 7 generals, 0 SOSs, and 0 indicators.
Presolve time = 0.00 sec. (0.67 ticks)
Probing time = 0.00 sec. (0.16 ticks)
Tried aggregator 1 time.
Detecting symmetries...
MIP Presolve modified 14 coefficients.
Reduced MIP has 76 rows, 113 columns, and 309 nonzeros.
Reduced MIP has 102 binaries, 7 generals, 0 SOSs, and 0 indicators.
Presolve time = 0.00 sec. (0.22 ticks)
Represolve time = 0.00 sec. (1.93 ticks)
Probing time = 0.00 sec. (0.16 ticks)
Clique table members: 282.
MIP emphasis: balance optimality and feasibility.
MIP search method: dynamic search.
Parallel mode: none, using 1 thread.
Root relaxation solution time = 0.00 sec. (0.45 ticks)

        Nodes                                         Cuts/
   Node  Left     Objective  IInf  Best Integer    Best Bound    ItCnt     Gap

*     0+    0                           84.0000       86.3731             2.83%
      0     0        cutoff             84.0000                    521     --- 

Clique cuts applied:  12
Cover cuts applied:  1
Implied bound cuts applied:  5
Mixed integer rounding cuts applied:  4
Zero-half cuts applied:  12
Gomory fractional cuts applied:  1

Root node processing (before b&c):
  Real time             =    0.07 sec. (49.01 ticks)
Sequential b&c:
  Real time             =    0.00 sec. (0.00 ticks)
                          ------------
Total (root+branch&cut) =    0.07 sec. (49.01 ticks)

Solution pool: 2 solutions saved.

MIP - Integer optimal solution:  Objective =  8.4000000000e+01
Solution time =    0.07 sec.  Iterations = 521  Nodes = 0
Deterministic time = 49.01 ticks  (721.90 ticks/sec)


Incumbent solution
Variable Name           Solution Value
F                            84.000000
y58                           1.000000
y48                           1.000000
y121                          1.000000
y118                          1.000000
y61                           1.000000
y41                           1.000000
y122                          1.000000
y159                          1.000000
y140                          1.000000
y141                          1.000000
y28                           1.000000
y35                           1.000000
x90x41x1                      1.000000
x154x159x1                    1.000000
x50x118x1                     1.000000
x174x140x1                    1.000000
x139x58x1                     1.000000
x139x48x1                     1.000000
x90x61x2                      1.000000
x184x121x2                    1.000000
x184x118x2                    1.000000
x174x140x2                    1.000000
x1x28x2                       1.000000
x1x35x2                       1.000000
x50x141x3                     1.000000
x185x122x3                    1.000000
x185x159x3                    1.000000
x143x48x3                     1.000000
x143x121x3                    1.000000
x110x58x3                     1.000000
x58x61x1                      1.000000
x58x122x3                     1.000000
x48x41x1                      1.000000
x48x28x3                      1.000000
x121x35x2                     1.000000
x121x141x3                    1.000000
x118x0x1                      1.000000
x118x0x2                      1.000000
x61x0x1                       1.000000
x61x0x2                       1.000000
x41x0x1                       2.000000
x122x0x3                      2.000000
x159x0x1                      1.000000
x159x0x3                      1.000000
x140x0x1                      1.000000
x140x0x2                      1.000000
x141x0x3                      2.000000
x28x0x2                       1.000000
x28x0x3                       1.000000
x35x0x2                       2.000000
s90                           6.634851
s46                           8.099315
s74                           7.190000
s179                          7.190000
s187                          7.430000
s48                           7.650000
s121                          8.228020
s7                            8.740000
s118                          8.890000
s61                           8.900000
z90z61z2                      1.000000
s16                           8.950000
s41                           9.160000
z90z41z1                      1.000000
s59                           9.240000
z90z59z2                      1.000000
s159                          9.250000
s140                          9.300000
s28                           9.380000
s35                           9.470000
z90z35z2                      1.000000
s154                          6.494413
s58                           7.315937
z154z41z1                     1.000000
z154z159z1                    1.000000
s50                           7.126267
s199                          7.440000
s108                          7.460000
z50z118z1                     1.000000
z50z41z1                      1.000000
s123                          9.170000
s122                          9.230000
z50z122z3                     1.000000
s141                          9.330000
z50z141z3                     1.000000
s173                          9.480000
z50z173z3                     1.000000
s184                          6.941200
z184z121z2                    1.000000
z184z7z2                      1.000000
z184z118z2                    1.000000
z184z59z2                     1.000000
z184z35z2                     1.000000
s185                          7.452485
z185z123z3                    1.000000
z185z122z3                    1.000000
z185z159z3                    1.000000
z185z141z3                    1.000000
z185z173z3                    1.000000
s174                          7.627448
z174z41z1                     1.000000
z174z140z1                    1.000000
z174z140z2                    1.000000
z174z35z2                     1.000000
s1                            7.981491
z1z28z2                       1.000000
z1z35z2                       1.000000
s139                          5.470510
z139z58z1                     1.000000
z139z74z1                     1.000000
z139z48z1                     1.000000
z139z41z1                     1.000000
s143                          5.910640
s109                          7.370506
z143z109z3                    1.000000
s119                          7.260000
s86                           7.430000
z143z86z3                     1.000000
z143z108z3                    1.000000
z143z48z3                     1.000000
z143z121z3                    1.000000
z143z123z3                    1.000000
z143z122z3                    1.000000
z143z141z3                    1.000000
z143z173z3                    1.000000
s110                          5.890000
z110z58z3                     1.000000
z110z119z3                    1.000000
z110z86z3                     1.000000
z110z199z3                    1.000000
z110z108z3                    1.000000
z110z123z3                    1.000000
z110z122z3                    1.000000
z110z141z3                    1.000000
z110z173z3                    1.000000
z109z123z3                    1.000000
z109z122z3                    1.000000
z109z141z3                    1.000000
z109z173z3                    1.000000
z58z61z1                      1.000000
z58z122z3                     1.000000
z119z122z3                    1.000000
z119z141z3                    1.000000
z119z173z3                    1.000000
z86z122z3                     1.000000
z86z141z3                     1.000000
z86z173z3                     1.000000
z108z141z3                    1.000000
z48z41z1                      1.000000
z48z28z3                      1.000000
z121z141z3                    1.000000
z121z35z2                     1.000000
All other variables in the range 1-656 are 0.
