
Log started (V12.10.0.0) Thu Apr 15 12:40:22 2021


Problem 'asset.lp' read.
Read time = 0.01 sec. (0.67 ticks)
New value for default parallel thread count: 1
New value for time limit in seconds: 150
Version identifier: 12.10.0.0 | 2019-11-26 | 843d4de
CPXPARAM_Threads                                 1
CPXPARAM_TimeLimit                               150
Found incumbent of value 0.000000 after 0.00 sec. (0.18 ticks)
Tried aggregator 3 times.
MIP Presolve eliminated 1552 rows and 437 columns.
MIP Presolve modified 4636 coefficients.
Aggregator did 2362 substitutions.
Reduced MIP has 1860 rows, 3000 columns, and 12140 nonzeros.
Reduced MIP has 2714 binaries, 234 generals, 0 SOSs, and 0 indicators.
Presolve time = 0.03 sec. (24.83 ticks)
Probing time = 0.00 sec. (3.09 ticks)
Tried aggregator 1 time.
Detecting symmetries...
MIP Presolve eliminated 2 rows and 2 columns.
MIP Presolve modified 286 coefficients.
Reduced MIP has 1858 rows, 2998 columns, and 12136 nonzeros.
Reduced MIP has 2712 binaries, 234 generals, 0 SOSs, and 0 indicators.
Presolve time = 0.01 sec. (7.96 ticks)
Probing time = 0.00 sec. (3.01 ticks)
Clique table members: 5100.
MIP emphasis: balance optimality and feasibility.
MIP search method: dynamic search.
Parallel mode: none, using 1 thread.
Root relaxation solution time = 0.04 sec. (50.56 ticks)

        Nodes                                         Cuts/
   Node  Left     Objective  IInf  Best Integer    Best Bound    ItCnt     Gap

*     0+    0                            0.0000      540.0000              --- 
      0     0      540.0000   317        0.0000      540.0000      804     --- 
      0     0      540.0000   317        0.0000     Cuts: 241     1444     --- 
      0     0      540.0000   317        0.0000     Cuts: 564     2440     --- 
      0     0      540.0000   317        0.0000     Cuts: 232     3116     --- 
*     0+    0                          246.0000      540.0000           119.51%
*     0+    0                          300.0000      540.0000            80.00%
*     0+    0                          306.0000      540.0000            76.47%
*     0+    0                          327.0000      540.0000            65.14%
*     0+    0                          330.0000      540.0000            63.64%
      0     0        cutoff            330.0000      540.0000     3116   63.64%
      0     0      540.0000   317      330.0000     Cuts: 564     4513   63.64%
*     0+    0                          351.0000      540.0000            53.85%
*     0+    0                          360.0000      540.0000            50.00%
*     0+    0                          363.0000      540.0000            48.76%
*     0+    0                          366.0000      540.0000            47.54%
*     0+    0                          372.0000      540.0000            45.16%
*     0+    0                          375.0000      540.0000            44.00%
      0     0        cutoff            375.0000      540.0000     4513   44.00%
      0     2      540.0000   256      375.0000      540.0000     4513   44.00%
Elapsed time = 1.48 sec. (2005.38 ticks, tree = 0.01 MB, solutions = 11)
      5     7      534.0000   288      375.0000      540.0000     6935   44.00%
     14    16      540.0000   293      375.0000      540.0000     9146   44.00%
     17    19      534.0000   301      375.0000      540.0000    11755   44.00%
     20    22      540.0000   298      375.0000      540.0000    11846   44.00%
     29    31      540.0000   255      375.0000      540.0000    14357   44.00%
     33    35      540.0000   296      375.0000      540.0000    15342   44.00%
     50    52      540.0000   247      375.0000      540.0000    17323   44.00%
     62    64      533.9440   282      375.0000      540.0000    19970   44.00%
     82    84      537.0000   284      375.0000      540.0000    22634   44.00%
    146   147      523.8389   212      375.0000      540.0000    31354   44.00%
Elapsed time = 3.82 sec. (5462.85 ticks, tree = 1.43 MB, solutions = 11)
    269   257      533.9821   279      375.0000      540.0000    39686   44.00%
    363   344      533.8974   315      375.0000      540.0000    48609   44.00%
    440   421      525.0000   233      375.0000      540.0000    51978   44.00%
    496   477      536.7101   368      375.0000      540.0000    55293   44.00%
*   497+  476                          384.0000      540.0000            40.62%
*   498+  476                          387.0000      540.0000            39.53%
    499   479      537.8968   313      387.0000      540.0000    59545   39.53%
    598   576      498.0000   199      387.0000      540.0000    67056   39.53%

Performing restart 1

Repeating presolve.
Tried aggregator 1 time.
MIP Presolve modified 2336 coefficients.
Reduced MIP has 1858 rows, 2998 columns, and 10002 nonzeros.
Reduced MIP has 2712 binaries, 234 generals, 0 SOSs, and 0 indicators.
Presolve time = 0.01 sec. (9.00 ticks)
Tried aggregator 1 time.
Reduced MIP has 1858 rows, 2998 columns, and 10002 nonzeros.
Reduced MIP has 2712 binaries, 234 generals, 0 SOSs, and 0 indicators.
Presolve time = 0.01 sec. (7.59 ticks)
Represolve time = 0.07 sec. (49.60 ticks)
    608     0      537.0000   463      387.0000     Cuts: 324    78279   38.76%
    608     0      535.2407   463      387.0000     Cuts: 437    87084   38.31%
    608     0      533.8254   463      387.0000     Cuts: 400    92046   37.94%
    608     0      533.2500   463      387.0000     Cuts: 358    94048   37.79%
    608     0      532.5000   463      387.0000     Cuts: 257    95516   37.60%
    608     0      532.5000   463      387.0000     Cuts: 269    96990   37.60%
    608     0      532.5000   463      387.0000      Cuts: 99    98448   37.60%
    608     0      532.2631   463      387.0000     Cuts: 306   103702   37.54%
    608     0      531.9380   463      387.0000     Cuts: 247   106904   37.45%
    608     0      531.7358   463      387.0000     Cuts: 262   110683   37.40%
    608     0      531.5356   463      387.0000     Cuts: 260   112291   37.35%
    608     0      530.9828   463      387.0000     Cuts: 215   115134   37.20%
    608     0      530.8804   463      387.0000     Cuts: 250   117653   37.18%
    608     0      530.7959   463      387.0000     Cuts: 194   119505   37.16%
    608     0      530.7571   463      387.0000     Cuts: 254   122022   37.15%
    608     0      530.6391   463      387.0000     Cuts: 139   124850   37.12%
    608     0      530.6063   463      387.0000     Cuts: 232   127125   37.11%
    608     0      530.5589   463      387.0000     Cuts: 131   127807   37.10%
    608     0      530.5442   463      387.0000     Cuts: 201   128399   37.09%
    608     0      530.5293   463      387.0000      Cuts: 90   129368   37.09%
*   608+    0                          414.0000      530.5293            28.15%
    608     0        cutoff            414.0000      530.5293   129368   28.15%
    608     2      530.5293   368      414.0000      530.5293   129368   28.15%
    611     5      530.5271   374      414.0000      530.5114   133442   28.14%
    614     8      529.4364   383      414.0000      530.5114   142806   28.14%
    615     9      524.0863   359      414.0000      530.5114   150056   28.14%
Elapsed time = 31.10 sec. (42843.88 ticks, tree = 0.02 MB, solutions = 14)
    620    14      529.1770   365      414.0000      530.5114   153315   28.14%
    625    19      525.5420   314      414.0000      530.5114   161860   28.14%
    632    26      520.9191   362      414.0000      530.5114   168628   28.14%
    637    31      528.6336   348      414.0000      530.5114   172436   28.14%
    639    33      524.3560   421      414.0000      530.5114   180514   28.14%
    641    35      520.5000   341      414.0000      530.5114   186230   28.14%
    644    38      524.2684   372      414.0000      530.5114   194171   28.14%
    646    40      527.0724   328      414.0000      530.5114   199232   28.14%
    648    42      526.8778   343      414.0000      530.5114   202634   28.14%
    652    46      525.2444   313      414.0000      530.5114   213116   28.14%
Elapsed time = 40.24 sec. (56577.78 ticks, tree = 0.48 MB, solutions = 14)
    657    51      525.8058   302      414.0000      530.5114   218238   28.14%
    661    55      523.2036   281      414.0000      530.5114   224619   28.14%
    665    59      514.9496   343      414.0000      530.5114   230610   28.14%
    670    64      525.0000   337      414.0000      530.5114   235318   28.14%
    674    68      525.0000   314      414.0000      530.5114   242039   28.14%
    676    70      524.9641   333      414.0000      530.5114   250457   28.14%
    680    74      524.0378   316      414.0000      530.5114   256961   28.14%
    683    77      507.8472   321      414.0000      530.5114   265566   28.14%
    685    79      520.3771   330      414.0000      530.5114   272247   28.14%
    688    82      522.3577   335      414.0000      530.5114   279049   28.14%
Elapsed time = 47.79 sec. (67709.79 ticks, tree = 0.80 MB, solutions = 14)
    695    89      521.0170   339      414.0000      530.5114   287090   28.14%
    698    92      520.3016   282      414.0000      530.5114   293649   28.14%
    704    98      518.4027   336      414.0000      530.5114   302289   28.14%
    708   102      517.9958   301      414.0000      530.5114   306728   28.14%
    719   113      511.3972   320      414.0000      530.5114   311375   28.14%
    732   126      513.2147   308      414.0000      530.5114   316035   28.14%
    741   135      509.9073   327      414.0000      530.5114   323250   28.14%
    748   142      507.0561   296      414.0000      530.5114   327997   28.14%
    755   149      507.9509   322      414.0000      530.5114   334642   28.14%
    762   156      505.0633   294      414.0000      530.5114   340359   28.14%
Elapsed time = 60.33 sec. (85573.65 ticks, tree = 1.29 MB, solutions = 14)
    782   165      447.0418   191      414.0000      530.5114   344283   28.14%
    798   172      524.2500   298      414.0000      529.4336   348849   27.88%
    801   175      523.7835   323      414.0000      529.4336   354208   27.88%
    808   182      523.4009   298      414.0000      529.4336   357723   27.88%
    818   192      520.8770   287      414.0000      529.4336   362529   27.88%
    822   196      512.1527   341      414.0000      529.4336   370249   27.88%
    828   202      519.1338   274      414.0000      529.4336   375887   27.88%
    837   211      517.3258   221      414.0000      529.4336   380809   27.88%
    846   220      515.1375   230      414.0000      529.4336   385617   27.88%
    860   234      509.8157   229      414.0000      529.4336   389260   27.88%
Elapsed time = 67.64 sec. (96757.44 ticks, tree = 2.54 MB, solutions = 14)
    864   238      506.0402   299      414.0000      529.4336   394847   27.88%
    868   242      505.5635   305      414.0000      529.4336   399601   27.88%
    882   254      478.2108   270      414.0000      529.4336   405505   27.88%
    906   274      470.5056   216      414.0000      529.4336   409143   27.88%
    922   282      525.0945   343      414.0000      529.4319   413373   27.88%
    931   291      507.1383   338      414.0000      529.4319   421736   27.88%
    941   301      503.5472   280      414.0000      529.4319   425846   27.88%
    945   305      482.1209   301      414.0000      529.4319   436051   27.88%
    961   321      475.1594   227      414.0000      529.4319   439478   27.88%
    970   326        cutoff            414.0000      529.4319   447546   27.88%
Elapsed time = 75.93 sec. (109021.65 ticks, tree = 3.52 MB, solutions = 14)
    977   329        cutoff            414.0000      529.4319   455412   27.88%
    983   331        cutoff            414.0000      529.4319   463005   27.88%
    992   338      465.3408   231      414.0000      529.4319   469075   27.88%
   1002   342      527.3493   310      414.0000      529.2586   475454   27.84%
*  1008+  346                          417.0000      529.2586            26.92%
*  1008+  346                          420.0000      529.2586            26.01%
   1008   348      516.5037   322      420.0000      529.2586   478701   26.01%
   1027   367      507.5258   332      420.0000      529.2586   483971   26.01%
   1048   388      464.3561   286      420.0000      529.2586   490146   26.01%
   1060   398      459.2950   224      420.0000      529.2586   496021   26.01%
   1076   408      525.2642   320      420.0000      529.1588   511326   25.99%
   1088   420      511.3257   347      420.0000      529.1588   515842   25.99%
Elapsed time = 87.21 sec. (125262.08 ticks, tree = 4.79 MB, solutions = 16)
   1099   431      507.0678   327      420.0000      529.1588   520784   25.99%
*  1108+  438                          423.0000      529.1588            25.10%
   1108   440      506.0443   302      423.0000      529.1588   525435   25.10%
   1114   446      504.5952   279      423.0000      529.1588   534339   25.10%
   1125   457      503.9914   234      423.0000      529.1588   539401   25.10%
   1129   461      490.5970   270      423.0000      529.1588   545567   25.10%
   1144   476      489.4520   238      423.0000      529.1588   551369   25.10%
   1154   482      529.1096   353      423.0000      529.1502   555715   25.09%
   1156   484      525.8337   357      423.0000      529.1502   570149   25.09%
   1164   492      524.1542   346      423.0000      529.1502   576848   25.09%
   1168   496      510.5170   325      423.0000      529.1502   582346   25.09%
Elapsed time = 96.02 sec. (138052.53 ticks, tree = 5.07 MB, solutions = 17)
   1174   502      518.5064   326      423.0000      529.1502   588925   25.09%
   1195   523      507.7127   261      423.0000      529.1502   595120   25.09%
*  1208+  534                          426.0000      529.1502            24.21%
   1208   536      505.5000   209      426.0000      529.1502   596607   24.21%
   1216   544      497.8963   234      426.0000      529.1502   605171   24.21%
   1234   559      527.8562   353      426.0000      529.1314   608382   24.21%
   1244   569      517.8930   359      426.0000      529.1314   620997   24.21%
   1250   575      516.3822   325      426.0000      529.1314   626363   24.21%
   1266   591      514.5000   276      426.0000      529.1314   631299   24.21%
   1274   599      509.7300   318      426.0000      529.1314   638287   24.21%
   1308   633      481.4789   257      426.0000      529.1314   655699   24.21%
Elapsed time = 109.24 sec. (156677.46 ticks, tree = 7.65 MB, solutions = 18)
   1355   673      519.2578   360      426.0000      529.1290   676574   24.21%
   1408   726      480.1433   228      426.0000      529.1290   692461   24.21%
   1448   757      503.3251   319      426.0000      529.1211   712678   24.21%
   1473   782      489.8085   306      426.0000      529.1211   733538   24.21%
   1508   817      477.5654   224      426.0000      529.1211   748249   24.21%
   1541   846      499.7496   294      426.0000      529.1197   767164   24.21%
   1598   903      462.9824   207      426.0000      529.1197   788681   24.21%
   1658   953      510.6561   343      426.0000      529.1129   809363   24.20%
   1674   969      513.3351   385      426.0000      529.1129   830682   24.20%
   1696   991      505.0560   350      426.0000      529.1129   856721   24.20%
Elapsed time = 141.12 sec. (201324.51 ticks, tree = 12.44 MB, solutions = 18)
Starting limited solution polishing.
   1729  1024      495.4958   226      426.0000      529.1129   872239   24.20%
   1741  1030      522.8324   387      426.0000      529.1096   882063   24.20%
   1767  1056      485.0718   288      426.0000      529.1096   906347   24.20%

GUB cover cuts applied:  187
Clique cuts applied:  52
Cover cuts applied:  24
Implied bound cuts applied:  81
Flow cuts applied:  7
Mixed integer rounding cuts applied:  55
Zero-half cuts applied:  56

Root node processing (before b&c):
  Real time             =    1.47 sec. (1994.56 ticks)
Sequential b&c:
  Real time             =  148.53 sec. (211449.54 ticks)
                          ------------
Total (root+branch&cut) =  150.00 sec. (213444.09 ticks)

Solution pool: 19 solutions saved.

MIP - Time limit exceeded, integer feasible:  Objective =  4.2600000000e+02
Current MIP best bound =  5.2910957961e+02 (gap = 103.11, 24.20%)
Solution time =  150.00 sec.  Iterations = 908187  Nodes = 1768 (1056)
Deterministic time = 213444.11 ticks  (1422.94 ticks/sec)


Incumbent solution
Variable Name           Solution Value
F                           426.000000
y5                            1.000000
y8                            1.000000
y11                           1.000000
y12                           1.000000
y26                           1.000000
y30                           1.000000
y35                           1.000000
y44                           1.000000
y51                           1.000000
y57                           1.000000
y58                           1.000000
y61                           1.000000
y71                           1.000000
y87                           1.000000
y89                           1.000000
y100                          1.000000
y105                          1.000000
y109                          1.000000
y111                          1.000000
y118                          1.000000
y119                          1.000000
y125                          1.000000
y126                          1.000000
y129                          1.000000
y133                          1.000000
y137                          1.000000
y148                          1.000000
y158                          1.000000
y172                          1.000000
y175                          1.000000
y176                          1.000000
y187                          1.000000
y188                          1.000000
y195                          1.000000
y208                          1.000000
y210                          1.000000
y214                          1.000000
y226                          1.000000
y233                          1.000000
y238                          1.000000
y245                          1.000000
y250                          1.000000
y254                          1.000000
y255                          1.000000
y271                          1.000000
y272                          1.000000
y276                          1.000000
y293                          1.000000
y301                          1.000000
x22x5x1                       1.000000
x97x238x1                     1.000000
x98x148x1                     1.000000
x98x172x1                     1.000000
x169x11x1                     1.000000
x169x44x1                     1.000000
x197x208x1                    1.000000
x197x271x1                    1.000000
x204x238x1                    1.000000
x259x105x1                    2.000000
x273x226x1                    1.000000
x9x109x2                      1.000000
x9x276x2                      1.000000
x15x129x2                     2.000000
x22x226x2                     1.000000
x33x208x2                     1.000000
x60x61x2                      1.000000
x63x61x2                      1.000000
x63x158x2                     1.000000
x131x30x2                     1.000000
x131x109x2                    1.000000
x273x176x2                    1.000000
x60x176x3                     1.000000
x65x271x3                     1.000000
x67x214x3                     1.000000
x97x26x3                      1.000000
x152x58x3                     1.000000
x152x276x3                    1.000000
x167x58x3                     1.000000
x202x26x3                     1.000000
x202x148x3                    1.000000
x204x214x3                    1.000000
x256x30x3                     1.000000
x256x158x3                    1.000000
x5x35x1                       1.000000
x158x5x3                      1.000000
x5x111x3                      1.000000
x61x8x2                       1.000000
x276x8x2                      1.000000
b8b0b2                        1.000000
x8x111x2                      1.000000
x11x255x1                     1.000000
x61x11x2                      1.000000
x11x71x2                      1.000000
x293x12x1                     1.000000
b12b0b1                       1.000000
x118x12x2                     1.000000
b12b0b2                       1.000000
x26x125x3                     1.000000
x26x175x3                     1.000000
x30x57x2                      1.000000
x30x57x3                      1.000000
x233x35x1                     1.000000
b35b0b1                       2.000000
x44x89x1                      1.000000
x129x44x2                     1.000000
x44x89x2                      1.000000
x238x51x1                     1.000000
x271x51x1                     1.000000
x51x195x1                     2.000000
x57x250x2                     1.000000
b57b0b3                       1.000000
x58x210x3                     2.000000
b71b0b2                       1.000000
x214x71x3                     1.000000
b71b0b3                       1.000000
x238x87x1                     1.000000
x87x119x1                     1.000000
x214x87x3                     1.000000
x87x250x3                     1.000000
b89b0b1                       1.000000
b89b0b2                       1.000000
x129x100x2                    1.000000
x208x100x2                    1.000000
x100x119x2                    1.000000
x100x272x2                    1.000000
x105x133x1                    2.000000
x109x233x2                    1.000000
x109x293x2                    1.000000
b111b0b2                      1.000000
b111b0b3                      1.000000
x176x118x2                    1.000000
x226x118x2                    1.000000
x118x301x2                    1.000000
b119b0b1                      1.000000
b119b0b2                      1.000000
x148x125x3                    1.000000
x125x254x3                    1.000000
x125x301x3                    1.000000
x233x126x2                    1.000000
b126b0b2                      1.000000
x172x126x3                    1.000000
b126b0b3                      1.000000
b133b0b1                      2.000000
x293x137x2                    1.000000
b137b0b2                      1.000000
x271x137x3                    1.000000
b137b0b3                      1.000000
x148x293x1                    1.000000
x158x175x2                    1.000000
x172x187x1                    1.000000
x276x172x3                    1.000000
x175x254x2                    1.000000
x175x188x3                    1.000000
x176x245x3                    1.000000
b187b0b1                      1.000000
x210x187x3                    1.000000
b187b0b3                      1.000000
x245x188x3                    1.000000
b188b0b3                      2.000000
b195b0b1                      2.000000
x208x245x1                    1.000000
x210x255x3                    1.000000
x226x233x1                    1.000000
x245x272x1                    1.000000
b250b0b2                      1.000000
b250b0b3                      1.000000
b254b0b2                      1.000000
b254b0b3                      1.000000
b255b0b1                      1.000000
b255b0b3                      1.000000
b272b0b1                      1.000000
b272b0b2                      1.000000
b301b0b2                      1.000000
b301b0b3                      1.000000
s9                            2.060000
s8                            7.750000
z9z8z2                        1.000000
s11                           7.676006
s12                           9.200000
s20                           7.370000
z9z20z2                       1.000000
s30                           6.000000
s44                           7.710000
s57                           7.310000
s61                           6.140000
z9z61z2                       1.000000
s66                           8.430000
s71                           8.710000
s89                           9.270000
s100                          7.321732
z9z100z2                      1.000000
s109                          6.050000
z9z109z2                      1.000000
s111                          9.220000
s118                          7.699411
z9z118z2                      1.000000
s119                          9.470000
s124                          7.420000
z9z124z2                      1.000000
s126                          8.680000
s129                          6.180000
z9z129z2                      1.000000
s137                          8.790000
s151                          7.010000
s158                          6.170000
s168                          7.440000
z9z168z2                      1.000000
s173                          7.700000
z9z173z2                      1.000000
s175                          7.280396
s176                          6.410000
s208                          6.000000
s212                          8.180000
z9z212z2                      1.000000
s213                          6.000000
s216                          6.000000
s220                          8.620000
z9z220z2                      1.000000
s226                          6.000000
s231                          7.630000
s233                          7.558811
s250                          9.440000
s254                          9.090000
s265                          7.550000
s272                          9.300000
s276                          6.000000
z9z276z2                      1.000000
s293                          7.649367
s301                          8.836686
s15                           4.303862
z15z8z2                       1.000000
z15z20z2                      1.000000
z15z61z2                      1.000000
z15z100z2                     1.000000
z15z109z2                     1.000000
z15z118z2                     1.000000
z15z124z2                     1.000000
z15z129z2                     1.000000
z15z168z2                     1.000000
z15z173z2                     1.000000
z15z212z2                     1.000000
z15z220z2                     1.000000
s22                           3.789010
s1                            8.110000
s5                            7.305974
z22z5z1                       1.000000
z22z8z2                       1.000000
z22z20z2                      1.000000
s35                           8.720000
z22z35z1                      1.000000
s51                           7.990831
z22z51z1                      1.000000
z22z61z2                      1.000000
s87                           8.270294
z22z100z2                     1.000000
s105                          7.770000
z22z105z1                     1.000000
z22z109z2                     1.000000
z22z118z2                     1.000000
s121                          7.480000
z22z124z2                     1.000000
z22z129z2                     1.000000
s133                          8.990000
z22z133z1                     1.000000
s134                          6.860000
z22z134z1                     1.000000
s148                          6.000000
z22z168z2                     1.000000
s172                          7.157017
z22z173z2                     1.000000
s187                          8.770000
s195                          9.490000
z22z195z1                     1.000000
z22z212z2                     1.000000
z22z220z2                     1.000000
z22z226z2                     1.000000
s238                          6.530000
z22z238z1                     1.000000
s245                          7.793782
s251                          8.210000
s255                          8.930000
s261                          9.420000
s271                          6.750000
s299                          7.250000
s33                           2.210000
z33z8z2                       1.000000
z33z20z2                      1.000000
z33z61z2                      1.000000
z33z100z2                     1.000000
z33z109z2                     1.000000
z33z118z2                     1.000000
z33z124z2                     1.000000
z33z129z2                     1.000000
z33z168z2                     1.000000
z33z173z2                     1.000000
z33z208z2                     1.000000
z33z212z2                     1.000000
z33z220z2                     1.000000
s60                           2.200000
z60z8z2                       1.000000
z60z20z2                      1.000000
s21                           8.250000
z60z21z3                      1.000000
s26                           6.000000
z60z26z3                      1.000000
s56                           7.565999
z60z56z3                      1.000000
s58                           6.000000
z60z58z3                      1.000000
z60z61z2                      1.000000
z60z100z2                     1.000000
z60z109z2                     1.000000
z60z118z2                     1.000000
z60z124z2                     1.000000
s125                          7.389472
z60z125z3                     1.000000
z60z129z2                     1.000000
s135                          8.770000
z60z135z3                     1.000000
s149                          8.130000
z60z149z3                     1.000000
z60z168z2                     1.000000
z60z173z2                     1.000000
z60z176z3                     1.000000
s188                          9.300000
z60z188z3                     1.000000
s210                          7.491592
z60z210z3                     1.000000
z60z212z2                     1.000000
s214                          7.250000
z60z214z3                     1.000000
z60z220z2                     1.000000
s249                          6.450000
z60z249z3                     1.000000
s63                           2.359562
z63z8z2                       1.000000
z63z20z2                      1.000000
z63z61z2                      1.000000
z63z100z2                     1.000000
z63z109z2                     1.000000
z63z118z2                     1.000000
z63z124z2                     1.000000
z63z129z2                     1.000000
z63z158z2                     1.000000
z63z168z2                     1.000000
z63z173z2                     1.000000
z63z212z2                     1.000000
z63z220z2                     1.000000
s65                           2.380000
z65z21z3                      1.000000
z65z26z3                      1.000000
z65z56z3                      1.000000
z65z58z3                      1.000000
z65z125z3                     1.000000
z65z135z3                     1.000000
z65z149z3                     1.000000
z65z188z3                     1.000000
z65z210z3                     1.000000
z65z214z3                     1.000000
z65z249z3                     1.000000
z65z271z3                     1.000000
s67                           3.012427
z67z21z3                      1.000000
z67z26z3                      1.000000
z67z56z3                      1.000000
z67z58z3                      1.000000
z67z125z3                     1.000000
z67z135z3                     1.000000
z67z149z3                     1.000000
z67z188z3                     1.000000
z67z210z3                     1.000000
z67z214z3                     1.000000
z67z249z3                     1.000000
s97                           3.980000
z97z21z3                      1.000000
z97z26z3                      1.000000
z97z35z1                      1.000000
z97z51z1                      1.000000
z97z56z3                      1.000000
z97z58z3                      1.000000
z97z105z1                     1.000000
z97z125z3                     1.000000
z97z133z1                     1.000000
z97z134z1                     1.000000
z97z135z3                     1.000000
z97z149z3                     1.000000
z97z188z3                     1.000000
z97z195z1                     1.000000
z97z210z3                     1.000000
z97z214z3                     1.000000
z97z238z1                     1.000000
z97z249z3                     1.000000
s98                           2.130000
z98z35z1                      1.000000
z98z51z1                      1.000000
z98z105z1                     1.000000
z98z133z1                     1.000000
z98z134z1                     1.000000
z98z148z1                     1.000000
z98z172z1                     1.000000
z98z195z1                     1.000000
z98z238z1                     1.000000
s131                          2.360000
z131z8z2                      1.000000
z131z20z2                     1.000000
z131z30z2                     1.000000
z131z61z2                     1.000000
z131z100z2                    1.000000
z131z109z2                    1.000000
z131z118z2                    1.000000
z131z124z2                    1.000000
z131z129z2                    1.000000
z131z168z2                    1.000000
z131z173z2                    1.000000
z131z212z2                    1.000000
z131z220z2                    1.000000
s152                          4.350000
z152z21z3                     1.000000
z152z26z3                     1.000000
z152z56z3                     1.000000
z152z58z3                     1.000000
z152z125z3                    1.000000
z152z135z3                    1.000000
z152z149z3                    1.000000
z152z188z3                    1.000000
z152z210z3                    1.000000
z152z214z3                    1.000000
z152z249z3                    1.000000
z152z276z3                    1.000000
s167                          2.387900
z167z21z3                     1.000000
z167z26z3                     1.000000
z167z56z3                     1.000000
z167z58z3                     1.000000
z167z125z3                    1.000000
z167z135z3                    1.000000
z167z149z3                    1.000000
z167z188z3                    1.000000
z167z210z3                    1.000000
z167z214z3                    1.000000
z167z249z3                    1.000000
s169                          4.880000
z169z11z1                     1.000000
z169z35z1                     1.000000
z169z44z1                     1.000000
z169z51z1                     1.000000
z169z105z1                    1.000000
z169z133z1                    1.000000
z169z134z1                    1.000000
z169z195z1                    1.000000
s197                          2.780000
z197z35z1                     1.000000
z197z51z1                     1.000000
z197z105z1                    1.000000
z197z133z1                    1.000000
z197z134z1                    1.000000
z197z195z1                    1.000000
z197z208z1                    1.000000
z197z238z1                    1.000000
z197z271z1                    1.000000
s202                          2.516943
z202z21z3                     1.000000
z202z26z3                     1.000000
z202z56z3                     1.000000
z202z58z3                     1.000000
z202z125z3                    1.000000
z202z135z3                    1.000000
z202z148z3                    1.000000
z202z149z3                    1.000000
z202z188z3                    1.000000
z202z210z3                    1.000000
z202z214z3                    1.000000
z202z249z3                    1.000000
s204                          2.120000
z204z21z3                     1.000000
z204z26z3                     1.000000
z204z35z1                     1.000000
z204z51z1                     1.000000
z204z56z3                     1.000000
z204z58z3                     1.000000
z204z105z1                    1.000000
z204z125z3                    1.000000
z204z133z1                    1.000000
z204z134z1                    1.000000
z204z135z3                    1.000000
z204z149z3                    1.000000
z204z188z3                    1.000000
z204z195z1                    1.000000
z204z210z3                    1.000000
z204z214z3                    1.000000
z204z238z1                    1.000000
z204z249z3                    1.000000
s256                          3.720000
z256z21z3                     1.000000
z256z26z3                     1.000000
z256z30z3                     1.000000
z256z56z3                     1.000000
z256z58z3                     1.000000
z256z125z3                    1.000000
z256z135z3                    1.000000
z256z149z3                    1.000000
z256z158z3                    1.000000
z256z188z3                    1.000000
z256z210z3                    1.000000
z256z214z3                    1.000000
z256z249z3                    1.000000
s259                          2.370000
z259z35z1                     1.000000
z259z51z1                     1.000000
z259z105z1                    1.000000
z259z133z1                    1.000000
z259z134z1                    1.000000
z259z195z1                    1.000000
z259z238z1                    1.000000
s273                          2.850000
z273z8z2                      1.000000
z273z20z2                     1.000000
z273z35z1                     1.000000
z273z51z1                     1.000000
z273z61z2                     1.000000
z273z100z2                    1.000000
z273z105z1                    1.000000
z273z109z2                    1.000000
z273z118z2                    1.000000
z273z124z2                    1.000000
z273z129z2                    1.000000
z273z133z1                    1.000000
z273z134z1                    1.000000
z273z168z2                    1.000000
z273z173z2                    1.000000
z273z176z2                    1.000000
z273z195z1                    1.000000
z273z212z2                    1.000000
z273z220z2                    1.000000
z273z226z1                    1.000000
z273z238z1                    1.000000
z5z35z1                       1.000000
z5z111z3                      1.000000
z5z188z3                      1.000000
z5z195z1                      1.000000
z8z111z2                      1.000000
z11z71z2                      1.000000
z11z255z1                     1.000000
z26z56z3                      1.000000
z26z125z3                     1.000000
z26z135z3                     1.000000
z26z175z3                     1.000000
z26z188z3                     1.000000
z26z210z3                     1.000000
z30z57z2                      1.000000
z30z57z3                      1.000000
z30z135z3                     1.000000
z30z188z3                     1.000000
z44z89z1                      1.000000
z44z89z2                      1.000000
z44z195z1                     1.000000
z51z195z1                     1.000000
z57z188z3                     1.000000
z57z250z2                     1.000000
z58z135z3                     1.000000
z58z188z3                     1.000000
z58z210z3                     1.000000
z61z8z2                       1.000000
z61z11z2                      1.000000
z61z118z2                     1.000000
z61z173z2                     1.000000
z61z220z2                     1.000000
z87z119z1                     1.000000
z87z250z3                     1.000000
z100z119z2                    1.000000
z100z272z2                    1.000000
z105z133z1                    1.000000
z109z173z2                    1.000000
z109z220z2                    1.000000
z109z233z2                    1.000000
z109z293z2                    1.000000
z118z12z2                     1.000000
z118z301z2                    1.000000
z121z188z3                    1.000000
z121z195z1                    1.000000
z125z254z3                    1.000000
z125z301z3                    1.000000
z129z44z2                     1.000000
z129z100z2                    1.000000
z134z195z1                    1.000000
z148z125z3                    1.000000
z148z188z3                    1.000000
z148z195z1                    1.000000
z148z293z1                    1.000000
z158z5z3                      1.000000
z158z135z3                    1.000000
z158z173z2                    1.000000
z158z175z2                    1.000000
z158z188z3                    1.000000
z172z126z3                    1.000000
z172z187z1                    1.000000
z172z188z3                    1.000000
z172z195z1                    1.000000
z175z188z3                    1.000000
z175z254z2                    1.000000
z176z118z2                    1.000000
z176z188z3                    1.000000
z176z245z3                    1.000000
z208z100z2                    1.000000
z208z133z1                    1.000000
z208z195z1                    1.000000
z208z245z1                    1.000000
z210z187z3                    1.000000
z210z188z3                    1.000000
z210z255z3                    1.000000
z213z188z3                    1.000000
z214z71z3                     1.000000
z214z87z3                     1.000000
z216z188z3                    1.000000
z226z118z2                    1.000000
z226z133z1                    1.000000
z226z195z1                    1.000000
z226z233z1                    1.000000
z231z195z1                    1.000000
z233z35z1                     1.000000
z233z126z2                    1.000000
z238z51z1                     1.000000
z238z87z1                     1.000000
z238z195z1                    1.000000
z245z188z3                    1.000000
z245z272z1                    1.000000
z249z188z3                    1.000000
z271z51z1                     1.000000
z271z137z3                    1.000000
z271z195z1                    1.000000
z276z8z2                      1.000000
z276z135z3                    1.000000
z276z172z3                    1.000000
z276z188z3                    1.000000
z293z12z1                     1.000000
z293z137z2                    1.000000
All other variables in the range 1-5799 are 0.
