
Log started (V12.10.0.0) Tue Apr 20 03:52:03 2021


Problem 'asset.lp' read.
Read time = 0.03 sec. (2.52 ticks)
New value for default parallel thread count: 1
New value for time limit in seconds: 200
Version identifier: 12.10.0.0 | 2019-11-26 | 843d4de
CPXPARAM_Threads                                 1
CPXPARAM_TimeLimit                               200
Found incumbent of value -0.857032 after 0.00 sec. (1.45 ticks)
Tried aggregator 3 times.
MIP Presolve eliminated 10657 rows and 5614 columns.
MIP Presolve modified 15783 coefficients.
Aggregator did 4895 substitutions.
Reduced MIP has 7085 rows, 6270 columns, and 37358 nonzeros.
Reduced MIP has 5468 binaries, 553 generals, 0 SOSs, and 0 indicators.
Presolve time = 0.08 sec. (91.62 ticks)
Probing fixed 873 vars, tightened 57 bounds.
Probing time = 0.08 sec. (51.93 ticks)
Cover probing fixed 0 vars, tightened 434 bounds.
Tried aggregator 3 times.
MIP Presolve eliminated 1753 rows and 1029 columns.
MIP Presolve modified 5081 coefficients.
Aggregator did 8 substitutions.
Reduced MIP has 5306 rows, 5233 columns, and 26927 nonzeros.
Reduced MIP has 4492 binaries, 492 generals, 0 SOSs, and 0 indicators.
Presolve time = 0.05 sec. (49.62 ticks)
Probing time = 0.00 sec. (3.80 ticks)
Tried aggregator 1 time.
Detecting symmetries...
MIP Presolve modified 122 coefficients.
Reduced MIP has 5306 rows, 5233 columns, and 26927 nonzeros.
Reduced MIP has 4492 binaries, 492 generals, 0 SOSs, and 0 indicators.
Presolve time = 0.02 sec. (16.12 ticks)
Probing time = 0.01 sec. (3.84 ticks)
Clique table members: 18355.
MIP emphasis: balance optimality and feasibility.
MIP search method: dynamic search.
Parallel mode: none, using 1 thread.
Root relaxation solution time = 0.05 sec. (63.74 ticks)

        Nodes                                         Cuts/
   Node  Left     Objective  IInf  Best Integer    Best Bound    ItCnt     Gap

*     0+    0                           -0.8570     2547.7430              --- 
      0     0     1028.1080   610       -0.8570     1028.1080     1816     --- 
      0     0     1009.6111   610       -0.8570    Cuts: 1020     4008     --- 
      0     0     1008.5113   610       -0.8570    Cuts: 1071     5317     --- 
      0     0     1008.4453   610       -0.8570    Cuts: 1347     6280     --- 
*     0+    0                          172.9021     1008.4453           483.25%
*     0+    0                          248.0935     1008.4453           306.48%
      0     0        cutoff            248.0935     1008.4453     6280  306.48%
      0     0     1008.2421   610      248.0935     Cuts: 971     7048  306.40%
      0     0     1008.2305   610      248.0935    Cuts: 1187     7544  306.39%
Detecting symmetries...
      0     0     1008.1577   610      248.0935     Cuts: 697     8082  306.36%
*     0+    0                          393.9739     1008.1577           155.89%
*     0+    0                          622.9018     1008.1577            61.85%
*     0+    0                          631.1266     1008.1577            59.74%
*     0+    0                          632.9862     1008.1577            59.27%
      0     0        cutoff            632.9862     1008.1577     8082   59.27%
      0     0     1008.0177   610      632.9862     Cuts: 824     8705   59.25%
      0     0     1007.7614   610      632.9862     Cuts: 645     9087   59.21%
      0     0     1007.3510   610      632.9862     Cuts: 896     9684   59.14%
*     0+    0                          710.9993     1007.3510            41.68%
*     0+    0                          710.9998     1007.3510            41.68%
*     0+    0                          711.3492     1007.3510            41.61%
      0     0        cutoff            711.3492     1007.3510     9684   41.61%
      0     0     1007.3461   610      711.3492     Cuts: 502     9894   41.61%
*     0+    0                          711.3495     1007.3461            41.61%
*     0+    0                          711.3498     1007.3461            41.61%
Detecting symmetries...
      0     2     1007.3461   889      711.3498     1007.3461     9894   41.61%
Elapsed time = 3.38 sec. (3672.58 ticks, tree = 0.01 MB, solutions = 11)
     10    12     1002.6079   843      711.3498     1007.3461    11427   41.61%
     20    22     1005.7570   792      711.3498     1007.3461    13587   41.61%
     41    37      973.8239   685      711.3498     1007.3461    16416   41.61%
     58    52      979.7982   684      711.3498     1007.3461    18736   41.61%
     73    64      955.7185   664      711.3498     1007.3461    20106   41.61%
     97    83      873.6790   564      711.3498     1007.3461    22003   41.61%
    140   120      810.4425   406      711.3498     1007.3461    23774   41.61%
    180   160      801.3351   281      711.3498     1007.3461    24902   41.61%
    235   208      782.2437   103      711.3498     1007.3461    26008   41.61%
*   240+  211                          752.6653     1007.3461            33.84%
*   270+  238                          770.9654     1007.3461            30.66%
    310   274     1002.7219   727      770.9654     1007.3461    31271   30.66%
Elapsed time = 5.84 sec. (6940.52 ticks, tree = 0.96 MB, solutions = 13)
*   370+  324                          772.6545     1007.3461            30.37%
*   370+  324                          772.9750     1007.3461            30.32%
    370   326      955.0780   631      772.9750     1007.3461    40241   30.32%
    462   392     1005.3275   860      772.9750     1007.3455    46894   30.32%
*   483+  348                          788.5371     1007.3455            27.75%
*   483+  348                          788.5373     1007.3455            27.75%
*   483+  348                          788.5373     1007.3455            27.75%
*   483+  348                          788.5374     1007.3455            27.75%
*   483+  348                          789.6746     1007.3455            27.56%
*   483+  348                          791.0958     1007.3455            27.34%
*   483+  348                          795.3867     1007.3455            26.65%
*   483+  348                          795.3868     1007.3455            26.65%
    484   351     1007.3435   877      795.3868     1007.3454    48959   26.65%
*   485+  350                          795.7373     1007.3454            26.59%
    580   439      899.3204   636      795.7373     1007.3446    56632   26.59%

Performing restart 1

Repeating presolve.
Tried aggregator 3 times.
MIP Presolve eliminated 174 rows and 123 columns.
MIP Presolve modified 4558 coefficients.
Aggregator did 92 substitutions.
Reduced MIP has 5040 rows, 5018 columns, and 22161 nonzeros.
Reduced MIP has 4365 binaries, 405 generals, 0 SOSs, and 0 indicators.
Presolve time = 0.04 sec. (45.68 ticks)
Tried aggregator 1 time.
MIP Presolve eliminated 25 rows and 19 columns.
MIP Presolve modified 72 coefficients.
Reduced MIP has 5015 rows, 4999 columns, and 22048 nonzeros.
Reduced MIP has 4346 binaries, 405 generals, 0 SOSs, and 0 indicators.
Presolve time = 0.02 sec. (14.82 ticks)
Represolve time = 0.15 sec. (119.80 ticks)
    595     0     1004.9385   705      795.7373     Cuts: 723    65534   26.29%
    595     0     1004.5795   705      795.7373     Cuts: 474    67671   26.25%
    595     0     1003.3320   705      795.7373     Cuts: 497    70554   26.09%
*   595+    0                          795.7374     1003.3320            26.09%
    595     0     1003.0942   705      795.7374     Cuts: 420    72621   26.06%
    595     0     1002.4270   705      795.7374     Cuts: 373    75670   25.97%
    595     0     1001.3770   705      795.7374     Cuts: 576    77180   25.84%
*   595+    0                          795.7374     1001.3770            25.84%
*   595+    0                          804.6554     1001.3770            24.45%
*   595+    0                          805.9664     1001.3770            24.25%
    595     0        cutoff            805.9664     1001.3770    77180   24.25%
    595     0     1000.0245   705      805.9664     Cuts: 440    79725   24.08%
    595     0      999.2107   705      805.9664     Cuts: 368    81370   23.98%
    595     0      998.2230   705      805.9664     Cuts: 353    83332   23.85%
*   595+    0                          805.9669      998.2230            23.85%
*   595+    0                          805.9669      998.2230            23.85%
    595     0      996.1502   705      805.9669     Cuts: 452    85368   23.60%
    595     0      995.8949   705      805.9669     Cuts: 480    86544   23.57%
    595     0      995.4267   705      805.9669     Cuts: 355    88490   23.51%
*   595+    0                          805.9670      995.4267            23.51%
*   595+    0                          805.9671      995.4267            23.51%
    595     0      995.3581   705      805.9671     Cuts: 424    89533   23.50%
    595     0      995.1083   705      805.9671     Cuts: 299    90565   23.47%
    595     0      994.3469   705      805.9671     Cuts: 279    91563   23.37%
*   595+    0                          809.0141      994.3469            22.91%
*   595+    0                          809.0141      994.3469            22.91%
    595     0      994.1337   705      809.0141     Cuts: 262    92428   22.88%
    595     0      993.3542   705      809.0141     Cuts: 352    93745   22.79%
    595     0      993.0104   705      809.0141     Cuts: 393    95195   22.74%
    595     0      992.6500   705      809.0141     Cuts: 397    96193   22.70%
    595     0      992.4848   705      809.0141     Cuts: 258    97215   22.68%
    595     0      992.4306   705      809.0141     Cuts: 330    98011   22.67%
*   595+    0                          809.0141      992.4306            22.67%
    595     0      992.0338   705      809.0141     Cuts: 244    99234   22.62%
    595     0      991.9590   705      809.0141     Cuts: 275   100337   22.61%
    595     0      991.9285   705      809.0141     Cuts: 302   101392   22.61%
    595     0      991.8535   705      809.0141     Cuts: 376   102764   22.60%
    595     0      991.7857   705      809.0141     Cuts: 226   104417   22.59%
    595     0      991.6905   705      809.0141     Cuts: 377   105679   22.58%
    595     2      991.6905   736      809.0141      991.4034   105679   22.54%
    596     3      991.3345   725      809.0141      991.3267   105881   22.54%
    597     4      990.8502   741      809.0141      990.8502   107515   22.48%
    599     6      990.8166   702      809.0141      990.8153   107804   22.47%
    601     8      986.4195   634      809.0141      990.7953   112665   22.47%
    602     9      990.5449   699      809.0141      990.6921   113702   22.46%
Elapsed time = 47.64 sec. (56456.28 ticks, tree = 0.07 MB, solutions = 35)
    604    11      988.3587   652      809.0141      990.6921   116644   22.46%
    605    11      983.6912   626      809.0141      990.6921   120762   22.46%
    609    15      972.9945   611      809.0141      990.6921   125664   22.46%
    611    17      980.0077   625      809.0141      990.6921   129347   22.46%
    613    19      976.3271   650      809.0141      990.6921   134382   22.46%
    615    20      968.2641   628      809.0141      990.6921   141019   22.46%
    617    20      967.2791   631      809.0141      990.6921   142848   22.46%
    620    23      955.2655   613      809.0141      990.6921   149264   22.46%
    623    26      948.4651   574      809.0141      990.6921   153170   22.46%
    627    30      948.7948   615      809.0141      990.6921   156655   22.46%
Elapsed time = 59.08 sec. (71734.88 ticks, tree = 0.41 MB, solutions = 35)
    631    34      949.9856   629      809.0141      990.6921   159677   22.46%
    636    39      915.1703   563      809.0141      990.6921   165722   22.46%
    647    42      920.0716   586      809.0141      990.6921   168464   22.46%
    659    46      989.2632   666      809.0141      990.4804   173277   22.43%
    661    48      986.3842   691      809.0141      990.4804   176321   22.43%
    664    51      982.6796   668      809.0141      990.4804   181894   22.43%
    665    52      982.6796   664      809.0141      990.4804   181902   22.43%
    669    56      981.5183   659      809.0141      990.4804   188678   22.43%
    671    58      950.7487   638      809.0141      990.4804   193993   22.43%
    675    62      979.5609   646      809.0141      990.4804   194611   22.43%
Elapsed time = 69.79 sec. (85981.66 ticks, tree = 0.57 MB, solutions = 35)
    679    66      962.4274   600      809.0141      990.4804   199749   22.43%
    683    70      972.0819   575      809.0141      990.4804   204440   22.43%
    685    71      973.6785   591      809.0141      990.4804   209647   22.43%
    689    75      951.4624   623      809.0141      990.4804   214161   22.43%
    695    81      957.7736   547      809.0141      990.4804   216013   22.43%
    702    88      955.9183   574      809.0141      990.4804   218444   22.43%
    709    95      955.5758   551      809.0141      990.4804   221867   22.43%
    719   105      954.4721   550      809.0141      990.4804   223832   22.43%
    729   115      951.8490   526      809.0141      990.4804   226722   22.43%
    741   125      925.5923   515      809.0141      990.4804   229907   22.43%
Elapsed time = 79.28 sec. (98939.96 ticks, tree = 0.74 MB, solutions = 35)
    753   137      948.8276   530      809.0141      990.4804   230719   22.43%
    768   148      987.8102   711      809.0141      990.2783   236630   22.41%
    773   153      987.2157   651      809.0141      990.2783   238825   22.41%
    781   161      984.7009   619      809.0141      990.2783   242845   22.41%
    814   192      980.6955   602      809.0141      990.2783   246528   22.41%
    825   200      948.8302   591      809.0141      990.2783   249824   22.41%
    839   210      989.6109   681      809.0141      989.6109   251700   22.32%
    846   217      988.5575   692      809.0141      989.6109   255749   22.32%
    855   226      987.7872   640      809.0141      989.6109   258833   22.32%
    870   241      984.4944   654      809.0141      989.6109   262795   22.32%
Elapsed time = 88.22 sec. (110860.54 ticks, tree = 1.04 MB, solutions = 35)
    881   252      980.8885   622      809.0141      989.6109   265803   22.32%
    891   262      968.5892   586      809.0141      989.6109   268675   22.32%
    917   288      934.0471   550      809.0141      989.6109   272061   22.32%
    924   289      978.2941   612      809.0141      989.4371   275633   22.30%
    930   295      961.4377   634      809.0141      989.4371   281166   22.30%
    943   308      937.5600   614      809.0141      989.4371   287243   22.30%
    955   320      931.3869   624      809.0141      989.4371   292734   22.30%
    971   335      903.4697   571      809.0141      989.4371   299410   22.30%
   1009   364      984.8493   705      809.0141      989.4261   302880   22.30%
   1016   371      983.9358   639      809.0141      989.4261   308251   22.30%
Elapsed time = 96.93 sec. (122130.68 ticks, tree = 1.40 MB, solutions = 35)
   1022   377      976.7528   616      809.0141      989.4261   314543   22.30%
   1034   385      964.1936   593      809.0141      989.4261   321497   22.30%
   1044   395      953.2052   569      809.0141      989.4261   326408   22.30%
   1059   407      934.3611   558      809.0141      989.4261   331695   22.30%
   1102   436    infeasible            809.0141      989.4261   336267   22.30%
   1108   438      987.7045   646      809.0141      989.2627   339599   22.28%
   1112   442      985.2142   612      809.0141      989.2627   344094   22.28%
   1123   453      981.1489   568      809.0141      989.2627   347608   22.28%
   1141   468      930.6234   573      809.0141      989.2627   351650   22.28%
   1169   494      907.6693   571      809.0141      989.2627   355840   22.28%
Elapsed time = 104.84 sec. (132516.64 ticks, tree = 1.72 MB, solutions = 35)
   1211   534      877.1359   494      809.0141      989.2627   360565   22.28%
   1220   538      986.9167   656      809.0141      989.1353   361867   22.26%
   1226   544      981.4435   668      809.0141      989.1353   368293   22.26%
   1233   551      977.5185   609      809.0141      989.1353   372525   22.26%
   1236   554      976.4415   605      809.0141      989.1353   375114   22.26%
   1240   558      968.7492   595      809.0141      989.1353   380049   22.26%
   1243   561      961.4845   568      809.0141      989.1353   385676   22.26%
   1251   569      944.0878   565      809.0141      989.1353   389305   22.26%
   1261   579      929.6870   554      809.0141      989.1353   392956   22.26%
   1278   592      900.9607   512      809.0141      989.1353   398218   22.26%
Elapsed time = 113.12 sec. (143521.03 ticks, tree = 2.02 MB, solutions = 35)
   1282   592      988.9362   684      809.0141      989.1314   399401   22.26%
   1291   601      985.7197   634      809.0141      989.1314   403493   22.26%
   1296   606      979.7838   604      809.0141      989.1314   407641   22.26%
   1305   615      972.7729   604      809.0141      989.1314   412383   22.26%
   1320   624      988.9840   691      809.0141      989.0787   417970   22.26%
   1326   628      984.3763   639      809.0141      989.0787   423875   22.26%
   1334   636      981.8293   618      809.0141      989.0787   429364   22.26%
   1367   665      947.1604   599      809.0141      989.0787   435872   22.26%
   1399   691      984.7548   655      809.0141      988.9713   439493   22.24%
   1440   731      963.7165   574      809.0141      988.9713   459472   22.24%
Elapsed time = 124.23 sec. (158258.66 ticks, tree = 2.38 MB, solutions = 35)
   1482   773      955.5031   494      809.0141      988.9713   475407   22.24%
   1544   822      942.3330   574      809.0141      988.9593   491732   22.24%
   1646   916      988.6249   679      809.0141      988.8567   505907   22.23%
   1687   953      858.0517   513      809.0141      988.8567   523054   22.23%
   1779  1028      940.1799   539      809.0141      988.8297   540074   22.23%
   1809  1050      971.2484   620      809.0141      988.7441   554335   22.22%
   1835  1069      961.6442   656      809.0141      988.7426   571447   22.22%
   1859  1091      947.9068   544      809.0141      988.7426   586989   22.22%
   1913  1141    infeasible            809.0141      988.7426   605984   22.22%
   1942  1170      960.7043   567      809.0141      988.6563   622189   22.21%
Elapsed time = 153.48 sec. (197197.11 ticks, tree = 3.61 MB, solutions = 35)
   2005  1223      901.3256   604      809.0141      988.6301   641938   22.20%
   2052  1258      974.9991   674      809.0141      988.6192   655538   22.20%
   2105  1310      879.7045   583      809.0141      988.6192   677065   22.20%
   2177  1372      954.1912   611      809.0141      988.6172   695181   22.20%
   2201  1392      975.1789   639      809.0141      988.5556   711857   22.19%
   2243  1434      908.6792   576      809.0141      988.5556   731608   22.19%
   2293  1484      894.7516   568      809.0141      988.5556   749673   22.19%
   2365  1542      984.8887   696      809.0141      988.4527   766927   22.18%
   2383  1560      919.0168   618      809.0141      988.4527   782219   22.18%
Starting limited solution polishing.
*  2395+ 1570                          809.0144      988.4527            22.18%
   2422  1592      964.5370   694      809.0144      988.3879   797953   22.17%
Elapsed time = 183.39 sec. (236068.58 ticks, tree = 4.78 MB, solutions = 36)
   2457  1626      909.5127   654      809.0144      988.3879   815075   22.17%
   2494  1652      987.9519   697      809.0144      988.3149   826464   22.16%
   2495  1653      987.8557   710      809.0144      988.3149   827534   22.16%
   2508  1666      929.9637   656      809.0144      988.3149   842975   22.16%

GUB cover cuts applied:  85
Clique cuts applied:  48
Cover cuts applied:  12
Implied bound cuts applied:  128
Flow cuts applied:  51
Mixed integer rounding cuts applied:  381
Zero-half cuts applied:  98
Lift and project cuts applied:  5
Gomory fractional cuts applied:  25

Root node processing (before b&c):
  Real time             =    3.35 sec. (3648.87 ticks)
Sequential b&c:
  Real time             =  196.66 sec. (252357.56 ticks)
                          ------------
Total (root+branch&cut) =  200.01 sec. (256006.43 ticks)

Solution pool: 37 solutions saved.

MIP - Time limit exceeded, integer feasible:  Objective =  8.0901442035e+02
Current MIP best bound =  9.8831488244e+02 (gap = 179.3, 22.16%)
Solution time =  200.01 sec.  Iterations = 843092  Nodes = 2509 (1666)
Deterministic time = 256006.48 ticks  (1280.00 ticks/sec)


Incumbent solution
Variable Name           Solution Value
F                           902.000000
ff                            0.895815
gg                           92.089765
f1                          360.000000
f2                          250.000000
f3                          156.000000
f4                          136.000000
X213                          1.000000
X197                          1.000000
X50                           1.000000
X119                          1.000000
X130                          1.000000
X55                           1.000000
X219                          1.000000
X23                           1.000000
X37                           1.000000
X82                           1.000000
X93                           1.000000
Y117                          1.000000
Y43                           1.000000
Y54                           1.000000
Y172                          1.000000
Y52                           1.000000
Y85                           1.000000
Y21                           1.000000
Y121                          1.000000
Y155                          1.000000
Y65                           1.000000
Y73                           1.000000
Y87                           1.000000
Y191                          1.000000
Y183                          1.000000
Y107                          1.000000
Y176                          1.000000
Z234                          1.000000
Z43                           1.000000
Z54                           1.000000
Z21                           1.000000
Z159                          1.000000
Z72                           1.000000
Z87                           1.000000
Z81                           1.000000
Z165                          1.000000
Z142                          1.000000
Z85                           1.000000
Z233                          1.000000
Z33                           1.000000
Z191                          1.000000
Z52                           1.000000
Z106                          1.000000
Z261                          1.000000
V94                           1.000000
V216                          1.000000
V234                          1.000000
V43                           1.000000
V145                          1.000000
V81                           1.000000
V159                          1.000000
V123                          1.000000
V72                           1.000000
V54                           1.000000
V233                          1.000000
V87                           1.000000
V21                           1.000000
V71                           1.000000
V106                          1.000000
V170                          1.000000
V204                          1.000000
V261                          1.000000
V235                          1.000000
V84                           1.000000
V189                          1.000000
V33                           1.000000
V191                          1.000000
V257                          1.000000
s230                          3.790000
s213                          4.715033
s264                          3.910000
s45                           3.940000
s103                          4.030000
s131                          4.040000
s263                          4.060000
s178                          4.070000
s197                          5.075482
s67                           4.130000
s157                          4.140000
s50                           5.006113
s30                           4.210000
s143                          4.240000
s190                          4.240000
s119                          4.927438
s130                          4.883752
s100                          4.350000
s177                          4.430000
s55                           5.139274
s78                           4.480000
s236                          4.550000
s158                          4.690000
s149                          4.790000
s219                          5.252534
s246                          4.960000
s66                           5.130000
s173                          5.240000
s23                           5.340270
s164                          5.480000
s27                           5.450000
s37                           5.385395
s63                           5.730000
s82                           5.820000
s93                           5.360000
s94                           5.330000
s96                           5.490000
s117                          5.960000
s141                          5.500000
s160                          5.630000
s182                          5.620000
s186                          5.550000
s203                          5.410000
s216                          5.610000
s234                          5.630000
s251                          5.620000
s255                          5.080000
t27                           5.450000
t63                           5.210000
t93                           5.360000
t117                          6.884640
t141                          5.150000
t160                          5.630000
t186                          5.550000
t251                          5.230000
t43                           5.220000
t47                           5.350000
t54                           6.338133
t172                          6.462149
t52                           6.103764
t85                           6.509175
t21                           6.323867
t121                          6.670125
t142                          5.960000
t181                          5.990000
t159                          6.010000
t155                          6.030000
t9                            6.040000
t65                           6.878729
t73                           6.969968
t33                           6.180000
t87                           6.506113
t151                          6.210000
t72                           6.240000
t191                          7.310502
t4                            6.380000
t183                          7.363850
t138                          6.390000
t240                          6.420000
t215                          6.430000
t12                           6.450000
t107                          7.424457
t165                          6.530000
t176                          7.196800
t109                          6.660000
u37                           5.385395
u63                           5.730000
u141                          5.500000
u216                          5.480000
u234                          6.126147
u251                          5.620000
u43                           6.000000
u54                           6.636245
u21                           6.407555
u159                          6.368900
u72                           6.759555
u47                           6.060000
u87                           6.100000
u81                           6.673379
u165                          6.715760
u181                          6.250000
u142                          6.267884
u123                          6.340000
u85                           7.200929
u233                          7.160755
u33                           7.354902
u65                           6.470000
u215                          6.480000
u172                          6.500000
u191                          7.380526
u52                           7.456564
u106                          7.544905
u121                          6.660000
u204                          6.790000
u261                          7.855919
u71                           6.930000
u35                           6.990000
u107                          6.990000
u155                          7.100000
u170                          7.140000
u56                           7.150000
r37                           5.385395
r82                           5.820000
r94                           6.000000
r96                           5.490000
r182                          5.620000
r203                          5.410000
r216                          6.481639
r234                          6.000000
r255                          5.080000
r43                           6.537418
r145                          6.335356
r81                           6.435943
r159                          6.729083
r123                          6.987863
r72                           7.315876
r54                           6.549565
r165                          6.530000
r233                          7.160755
r87                           6.620000
r21                           7.618984
r71                           6.670000
r106                          7.610230
r170                          6.802901
r204                          7.629735
r261                          7.882527
r235                          7.869568
r84                           7.868560
r181                          7.090000
r142                          7.120000
r215                          7.120000
r56                           7.180000
r189                          8.043548
r33                           7.789565
r191                          7.917944
r257                          8.275768
r259                          7.330000
r35                           7.370000
r65                           7.440000
r83                           7.650000
n1                           11.000000
n2                           16.000000
n3                           17.000000
n4                           24.000000
x70x50x1                      1.000000
y70y155y1                     1.000000
x16x119x1                     1.000000
x16x130x1                     1.000000
x220x23x1                     1.000000
y31y155y1                     1.000000
y31y183y1                     1.000000
x111x50x1                     1.000000
x111x55x1                     1.000000
x5x197x2                      1.000000
x5x93x2                       1.000000
x220x197x2                    1.000000
x256x23x2                     1.000000
x256x82x2                     1.000000
y260y43y2                     2.000000
x41x219x2                     1.000000
x127x37x2                     1.000000
x262x37x3                     1.000000
x262x82x3                     1.000000
x252x130x3                    1.000000
x184x213x3                    2.000000
x249x119x3                    1.000000
x249x93x3                     1.000000
x41x55x3                      1.000000
x127x219x3                    1.000000
z70z234z1                     1.000000
z31z87z1                      2.000000
z260z43z2                     2.000000
v70v234v1                     1.000000
v31v234v1                     1.000000
v31v81v1                      1.000000
v260v94v2                     2.000000
y213y52y3                     2.000000
y197y172y2                    1.000000
y197y85y2                     1.000000
y50y172y1                     1.000000
y50y87y1                      1.000000
y119y21y1                     1.000000
y119y21y3                     1.000000
y130y87y1                     1.000000
y130y85y3                     1.000000
y55y191y1                     1.000000
y55y0y3                       1.000000
y219y73y2                     1.000000
y219y73y3                     1.000000
y23y117y1                     1.000000
y23y121y2                     1.000000
y37y65y2                      1.000000
y37y117y3                     1.000000
y82y191y2                     1.000000
y82y107y3                     1.000000
y93y65y2                      1.000000
y93y121y3                     1.000000
y117y0y1                      1.000000
y117y0y3                      1.000000
y43y54y2                      2.000000
y54y0y2                       2.000000
y172y0y1                      1.000000
y172y0y2                      1.000000
y52y183y3                     1.000000
y52y107y3                     1.000000
y85y0y2                       1.000000
y85y0y3                       1.000000
y21y0y1                       1.000000
y21y0y3                       1.000000
y121y0y2                      1.000000
y121y0y3                      1.000000
y155y176y1                    2.000000
y65y0y2                       2.000000
y73y0y2                       1.000000
y73y0y3                       1.000000
y87y0y1                       2.000000
y191y0y1                      1.000000
y191y0y2                      1.000000
y183y0y1                      1.000000
y183y0y3                      1.000000
y107y0y3                      2.000000
y176y0y1                      2.000000
z213z142z3                    2.000000
z197z165z2                    2.000000
z50z21z1                      1.000000
z50z81z1                      1.000000
z119z159z1                    1.000000
z119z21z3                     1.000000
z130z234z1                    1.000000
z130z159z3                    1.000000
z55z233z1                     1.000000
z55z85z3                      1.000000
z219z85z2                     1.000000
z219z81z3                     1.000000
z23z0z1                       1.000000
z23z54z2                      1.000000
z37z72z2                      1.000000
z37z233z3                     1.000000
z82z33z2                      1.000000
z82z52z3                      1.000000
z93z54z2                      1.000000
z93z72z3                      1.000000
z234z106z1                    1.000000
z234z0z1                      1.000000
z43z33z2                      1.000000
z43z191z2                     1.000000
z54z0z2                       2.000000
z21z0z1                       1.000000
z21z0z3                       1.000000
z159z0z1                      1.000000
z159z106z3                    1.000000
z72z0z2                       1.000000
z72z0z3                       1.000000
z87z191z1                     1.000000
z87z0z1                       1.000000
z81z0z1                       1.000000
z81z0z3                       1.000000
z165z261z2                    1.000000
z165z0z2                      1.000000
z142z52z3                     1.000000
z142z261z3                    1.000000
z85z0z2                       1.000000
z85z0z3                       1.000000
z233z0z1                      1.000000
z233z0z3                      1.000000
z33z0z2                       2.000000
z191z0z1                      1.000000
z191z0z2                      1.000000
z52z0z3                       2.000000
z106z0z1                      1.000000
z106z0z3                      1.000000
z261z0z2                      1.000000
z261z0z3                      1.000000
v213v145v3                    2.000000
v197v54v2                     2.000000
v50v87v1                      1.000000
v50v71v1                      1.000000
v119v71v1                     1.000000
v119v81v3                     1.000000
v130v87v1                     1.000000
v130v170v3                    1.000000
v55v233v1                     1.000000
v55v72v3                      1.000000
v219v216v2                    1.000000
v219v216v3                    1.000000
v23v159v1                     1.000000
v23v43v2                      1.000000
v37v43v2                      1.000000
v37v170v3                     1.000000
v82v123v2                     1.000000
v82v233v3                     1.000000
v93v123v2                     1.000000
v93v159v3                     1.000000
v94v72v2                      1.000000
v94v204v2                     1.000000
v216v261v2                    1.000000
v216v0v3                      1.000000
v234v21v1                     1.000000
v234v106v1                    1.000000
v43v189v2                     1.000000
v43v191v2                     1.000000
v145v21v3                     1.000000
v145v106v3                    1.000000
v81v204v1                     1.000000
v81v261v3                     1.000000
v159v189v1                    1.000000
v159v0v3                      1.000000
v123v257v2                    2.000000
v72v0v2                       1.000000
v72v0v3                       1.000000
v54v33v2                      2.000000
v233v0v1                      1.000000
v233v0v3                      1.000000
v87v191v1                     1.000000
v87v0v1                       1.000000
v21v0v1                       1.000000
v21v0v3                       1.000000
v71v235v1                     1.000000
v71v84v1                      1.000000
v106v0v1                      1.000000
v106v0v3                      1.000000
v170v235v3                    1.000000
v170v84v3                     1.000000
v204v0v1                      1.000000
v204v0v2                      1.000000
v261v0v2                      1.000000
v261v0v3                      1.000000
v235v0v1                      1.000000
v235v0v3                      1.000000
v84v0v1                       1.000000
v84v0v3                       1.000000
v189v0v1                      1.000000
v189v0v2                      1.000000
v33v0v2                       2.000000
v191v0v1                      1.000000
v191v0v2                      1.000000
v257v0v2                      2.000000
s70                           3.725914
a70a50a1                      1.000000
s5                            3.900818
a5a197a2                      1.000000
a5a93a2                       1.000000
s16                           3.645541
a16a50a1                      1.000000
a16a119a1                     1.000000
a16a130a1                     1.000000
s220                          3.822880
a220a197a2                    1.000000
a220a23a1                     1.000000
s262                          4.027574
a262a37a3                     1.000000
a262a82a3                     1.000000
s256                          3.947089
a256a23a2                     1.000000
a256a82a2                     1.000000
s31                           4.675682
s260                          4.738615
s252                          3.361710
a252a130a3                    1.000000
a252a246a3                    1.000000
a252a66a3                     1.000000
s111                          3.570980
a111a50a1                     1.000000
a111a55a1                     1.000000
s184                          3.485850
a184a213a3                    1.000000
a184a66a3                     1.000000
s249                          3.434980
a249a119a3                    1.000000
a249a66a3                     1.000000
a249a93a3                     1.000000
s41                           3.642880
a41a55a3                      1.000000
a41a219a2                     1.000000
s127                          3.685260
a127a219a3                    1.000000
a127a37a2                     1.000000
b70b155b1                     1.000000
b70b87b1                      1.000000
b70b4b1                       1.000000
b70b176b1                     1.000000
t5                            0.000818
b5b63b2                       1.000000
b5b186b2                      1.000000
b5b43b2                       1.000000
b5b54b2                       1.000000
b5b65b2                       1.000000
b5b33b2                       1.000000
b16b155b1                     1.000000
b16b87b1                      1.000000
b16b4b1                       1.000000
b16b176b1                     1.000000
t220                          0.002880
b220b63b2                     1.000000
b220b186b2                    1.000000
b220b43b2                     1.000000
b220b54b2                     1.000000
b220b155b1                    1.000000
b220b65b2                     1.000000
b220b33b2                     1.000000
b220b87b1                     1.000000
b220b4b1                      1.000000
b220b176b1                    1.000000
b262b52b3                     1.000000
b262b142b3                    1.000000
b262b107b3                    1.000000
b256b63b2                     1.000000
b256b186b2                    1.000000
b256b43b2                     1.000000
b256b54b2                     1.000000
b256b65b2                     1.000000
b256b33b2                     1.000000
b31b155b1                     1.000000
b31b87b1                      1.000000
b31b4b1                       1.000000
b31b183b1                     1.000000
b31b176b1                     1.000000
b260b63b2                     1.000000
b260b186b2                    1.000000
b260b43b2                     1.000000
b260b54b2                     1.000000
b260b65b2                     1.000000
b260b33b2                     1.000000
t252                          0.001710
b252b52b3                     1.000000
b252b142b3                    1.000000
b252b107b3                    1.000000
t111                          0.000980
b111b155b1                    1.000000
b111b87b1                     1.000000
b111b4b1                      1.000000
b111b176b1                    1.000000
b184b52b3                     1.000000
b184b142b3                    1.000000
b184b107b3                    1.000000
t249                          0.004980
b249b52b3                     1.000000
b249b142b3                    1.000000
b249b107b3                    1.000000
t41                           0.002880
b41b63b2                      1.000000
b41b186b2                     1.000000
b41b43b2                      1.000000
b41b54b2                      1.000000
b41b52b3                      1.000000
b41b142b3                     1.000000
b41b65b2                      1.000000
b41b33b2                      1.000000
b41b107b3                     1.000000
b127b142b3                    1.000000
b127b65b2                     1.000000
b127b33b2                     1.000000
b127b107b3                    1.000000
t213                          4.715033
b213b52b3                     1.000000
t264                          3.690773
t45                           3.937955
t103                          5.030000
t263                          5.060000
t178                          4.047388
t197                          5.075482
b197b172b2                    1.000000
b197b85b2                     1.000000
t157                          4.093441
t50                           5.006113
b50b172b1                     1.000000
b50b87b1                      1.000000
t30                           5.210000
t143                          5.240000
t190                          3.890892
t119                          4.927438
b119b21b1                     1.000000
b119b21b3                     1.000000
t130                          4.883752
b130b85b3                     1.000000
b130b87b1                     1.000000
t100                          5.350000
t177                          4.227441
t55                           5.139274
b55b191b1                     1.000000
t78                           4.231601
t236                          4.063053
t158                          5.690000
t149                          5.790000
t219                          5.252534
b219b73b2                     1.000000
b219b73b3                     1.000000
t246                          5.960000
t66                           4.227273
t173                          4.266359
t23                           5.340270
b23b117b1                     1.000000
b23b121b2                     1.000000
t164                          4.605599
t37                           5.385395
b37b117b3                     1.000000
b37b65b2                      1.000000
t82                           5.820000
b82b191b2                     1.000000
b82b107b3                     1.000000
b93b121b3                     1.000000
b93b65b2                      1.000000
t94                           4.516719
t96                           4.514372
t182                          4.725104
t203                          4.452281
t216                          4.626628
t234                          4.684051
t255                          4.335999
b43b54b2                      1.000000
b52b183b3                     1.000000
b52b107b3                     1.000000
b155b176b1                    1.000000
c70c234c1                     1.000000
c70c87c1                      1.000000
u5                            0.000818
c5c165c2                      1.000000
c5c123c2                      1.000000
c5c33c2                       1.000000
c5c65c2                       1.000000
c5c35c2                       1.000000
c16c87c1                      1.000000
u220                          0.002880
c220c87c1                     1.000000
c220c165c2                    1.000000
c220c123c2                    1.000000
c220c33c2                     1.000000
c220c65c2                     1.000000
c220c35c2                     1.000000
c262c142c3                    1.000000
c262c52c3                     1.000000
c256c43c2                     1.000000
c256c165c2                    1.000000
c256c123c2                    1.000000
c256c33c2                     1.000000
c256c65c2                     1.000000
c256c35c2                     1.000000
c31c234c1                     1.000000
c31c87c1                      1.000000
c260c43c2                     1.000000
c260c165c2                    1.000000
c260c123c2                    1.000000
c260c33c2                     1.000000
c260c65c2                     1.000000
c260c35c2                     1.000000
u252                          0.001710
c252c142c3                    1.000000
c252c52c3                     1.000000
u111                          0.000980
c111c87c1                     1.000000
c184c142c3                    1.000000
c184c52c3                     1.000000
u249                          0.004980
c249c142c3                    1.000000
c249c52c3                     1.000000
u41                           0.002880
c41c165c2                     1.000000
c41c142c3                     1.000000
c41c123c2                     1.000000
c41c33c2                      1.000000
c41c65c2                      1.000000
c41c52c3                      1.000000
c41c35c2                      1.000000
c127c165c2                    1.000000
c127c142c3                    1.000000
c127c123c2                    1.000000
c127c33c2                     1.000000
c127c65c2                     1.000000
c127c52c3                     1.000000
c127c35c2                     1.000000
u213                          4.715033
c213c142c3                    1.000000
c213c52c3                     1.000000
u264                          3.851033
u45                           3.932236
u103                          4.012785
u263                          5.060000
u178                          5.070000
u197                          5.075482
c197c165c2                    1.000000
c197c35c2                     1.000000
u157                          4.130612
u50                           5.006113
c50c21c1                      1.000000
c50c81c1                      1.000000
u30                           5.210000
u143                          5.240000
u190                          4.145005
u119                          4.927438
c119c21c3                     1.000000
c119c159c1                    1.000000
u130                          4.883752
c130c234c1                    1.000000
c130c159c3                    1.000000
u100                          5.350000
u177                          4.178744
u55                           5.139274
c55c85c3                      1.000000
c55c233c1                     1.000000
u78                           4.187577
u236                          4.218023
u158                          4.238550
u149                          5.790000
u219                          5.252534
c219c81c3                     1.000000
c219c85c2                     1.000000
u246                          4.172043
u66                           4.304627
u173                          4.336373
u23                           5.340270
c23c54c2                      1.000000
u164                          5.670000
u27                           4.468229
c37c72c2                      1.000000
c37c233c3                     1.000000
u82                           5.820000
c82c33c2                      1.000000
c82c52c3                      1.000000
u93                           5.360000
c93c54c2                      1.000000
c93c72c3                      1.000000
u94                           6.330000
u96                           4.524714
u117                          4.982276
u160                          4.689375
u182                          4.666159
u186                          4.556923
u203                          4.420001
c234c106c1                    1.000000
u255                          4.290263
c43c33c2                      1.000000
c43c191c2                     1.000000
c159c106c3                    1.000000
c87c191c1                     1.000000
c165c261c2                    1.000000
c142c52c3                     1.000000
c142c261c3                    1.000000
d70d234d1                     1.000000
d70d87d1                      1.000000
d70d71d1                      1.000000
r5                            0.000818
d5d43d2                       1.000000
d5d123d2                      1.000000
d5d54d2                       1.000000
d5d165d2                      1.000000
d5d33d2                       1.000000
d5d257d2                      1.000000
d5d35d2                       1.000000
d16d87d1                      1.000000
d16d71d1                      1.000000
r220                          0.002880
d220d43d2                     1.000000
d220d123d2                    1.000000
d220d54d2                     1.000000
d220d165d2                    1.000000
d220d87d1                     1.000000
d220d71d1                     1.000000
d220d33d2                     1.000000
d220d257d2                    1.000000
d220d35d2                     1.000000
d262d145d3                    1.000000
d262d170d3                    1.000000
d256d94d2                     1.000000
d256d43d2                     1.000000
d256d123d2                    1.000000
d256d54d2                     1.000000
d256d165d2                    1.000000
d256d33d2                     1.000000
d256d257d2                    1.000000
d256d35d2                     1.000000
d31d234d1                     1.000000
d31d81d1                      1.000000
d31d87d1                      1.000000
d31d71d1                      1.000000
d260d94d2                     1.000000
d260d43d2                     1.000000
d260d123d2                    1.000000
d260d54d2                     1.000000
d260d165d2                    1.000000
d260d33d2                     1.000000
d260d257d2                    1.000000
d260d35d2                     1.000000
r252                          0.001710
d252d145d3                    1.000000
d252d170d3                    1.000000
r111                          0.000980
d111d87d1                     1.000000
d111d71d1                     1.000000
d184d145d3                    1.000000
d184d170d3                    1.000000
r249                          0.004980
d249d145d3                    1.000000
d249d170d3                    1.000000
r41                           0.002880
d41d43d2                      1.000000
d41d145d3                     1.000000
d41d123d2                     1.000000
d41d54d2                      1.000000
d41d165d2                     1.000000
d41d170d3                     1.000000
d41d33d2                      1.000000
d41d257d2                     1.000000
d41d35d2                      1.000000
d127d43d2                     1.000000
d127d145d3                    1.000000
d127d123d2                    1.000000
d127d54d2                     1.000000
d127d165d2                    1.000000
d127d170d3                    1.000000
d127d33d2                     1.000000
d127d257d2                    1.000000
d127d35d2                     1.000000
r213                          4.715033
d213d145d3                    1.000000
d213d170d3                    1.000000
r264                          3.910000
d264d87d1                     1.000000
d264d71d1                     1.000000
r45                           4.940000
r103                          5.030000
r263                          4.029276
r178                          4.070000
r197                          5.075482
d197d123d2                    1.000000
d197d54d2                     1.000000
d197d33d2                     1.000000
d197d257d2                    1.000000
d197d35d2                     1.000000
r157                          4.140000
r50                           5.006113
d50d87d1                      1.000000
d50d71d1                      1.000000
r30                           4.178260
r143                          3.783724
r190                          3.900494
r119                          4.927438
d119d81d3                     1.000000
d119d71d1                     1.000000
r130                          4.883752
d130d87d1                     1.000000
d130d170d3                    1.000000
r100                          4.162906
d100d71d1                     1.000000
r177                          4.308744
r55                           5.139274
d55d72d3                      1.000000
d55d233d1                     1.000000
r78                           4.317577
r236                          5.460000
r158                          4.226292
r149                          5.790000
r219                          5.252534
d219d216d2                    1.000000
d219d216d3                    1.000000
r246                          3.989323
r66                           4.191536
r173                          4.281925
r23                           5.340270
d23d43d2                      1.000000
d23d159d1                     1.000000
r164                          4.499653
r27                           4.737888
d37d43d2                      1.000000
d37d170d3                     1.000000
r63                           4.877670
d82d123d2                     1.000000
d82d233d3                     1.000000
r93                           5.360000
d93d159d3                     1.000000
d93d123d2                     1.000000
d94d72d2                      1.000000
d94d204d2                     1.000000
r117                          5.021898
r141                          4.590895
r160                          4.703043
r186                          4.717273
d216d261d2                    1.000000
d234d21d1                     1.000000
d234d106d1                    1.000000
r251                          6.230000
d43d189d2                     1.000000
d43d191d2                     1.000000
d145d21d3                     1.000000
d145d106d3                    1.000000
d81d204d1                     1.000000
d81d261d3                     1.000000
d159d189d1                    1.000000
d123d257d2                    1.000000
d54d33d2                      1.000000
d54d257d2                     1.000000
d87d191d1                     1.000000
d71d235d1                     1.000000
d71d84d1                      1.000000
d170d235d3                    1.000000
d170d84d3                     1.000000
w213                          1.000000
w197                          1.000000
w50                           1.000000
w119                          1.000000
w130                          1.000000
w55                           1.000000
w219                          1.000000
w23                           1.000000
w37                           1.000000
w82                           1.000000
w93                           1.000000
All other variables in the range 1-16779 are 0.
