
Log started (V12.10.0.0) Thu Apr  1 15:24:16 2021


Problem 'asset.lp' read.
Read time = 0.02 sec. (0.56 ticks)
New value for default parallel thread count: 1
New value for time limit in seconds: 150
Version identifier: 12.10.0.0 | 2019-11-26 | 843d4de
CPXPARAM_Threads                                 1
CPXPARAM_TimeLimit                               150
Found incumbent of value -0.640160 after 0.00 sec. (0.23 ticks)
Tried aggregator 10 times.
MIP Presolve eliminated 2230 rows and 121 columns.
MIP Presolve modified 5366 coefficients.
Aggregator did 1579 substitutions.
Reduced MIP has 1861 rows, 2111 columns, and 9562 nonzeros.
Reduced MIP has 1796 binaries, 250 generals, 0 SOSs, and 0 indicators.
Presolve time = 0.05 sec. (50.47 ticks)
Probing fixed 0 vars, tightened 5 bounds.
Probing time = 0.01 sec. (7.68 ticks)
Tried aggregator 3 times.
Detecting symmetries...
MIP Presolve eliminated 33 rows and 15 columns.
MIP Presolve modified 344 coefficients.
Aggregator did 5 substitutions.
Reduced MIP has 1823 rows, 2091 columns, and 9419 nonzeros.
Reduced MIP has 1786 binaries, 243 generals, 0 SOSs, and 0 indicators.
Presolve time = 0.01 sec. (10.93 ticks)
Probing time = 0.00 sec. (2.81 ticks)
Clique table members: 5990.
MIP emphasis: balance optimality and feasibility.
MIP search method: dynamic search.
Parallel mode: none, using 1 thread.
Root relaxation solution time = 0.02 sec. (29.88 ticks)

        Nodes                                         Cuts/
   Node  Left     Objective  IInf  Best Integer    Best Bound    ItCnt     Gap

*     0+    0                           -0.6402     1827.0136              --- 
      0     0     1818.7239   403       -0.6402     1818.7239     1034     --- 
      0     0     1818.0300   403       -0.6402     Cuts: 555     2480     --- 
      0     0     1813.0498   403       -0.6402     Cuts: 555     4900     --- 
      0     0     1802.9567   403       -0.6402     Cuts: 555     6445     --- 
*     0+    0                          375.5709     1802.9567           380.06%
      0     0        cutoff            375.5709     1802.9567     6445  380.06%
      0     0     1798.4671   403      375.5709     Cuts: 555     7506  378.86%
      0     0     1790.3818   403      375.5709     Cuts: 555     8394  376.71%
Detecting symmetries...
      0     0     1788.0293   403      375.5709     Cuts: 425     8882  376.08%
*     0+    0                          475.9515     1788.0293           275.67%
      0     0     1786.3188   403      475.9515     Cuts: 390     9238  275.32%
      0     0     1785.3417   403      475.9515     Cuts: 411     9808  275.11%
      0     0     1783.2279   403      475.9515     Cuts: 296    10268  274.67%
*     0+    0                          530.9577     1783.2279           235.85%
*     0+    0                          548.6738     1783.2279           225.01%
      0     0     1781.0199   403      548.6738     Cuts: 555    10693  224.60%
      0     0     1777.6491   403      548.6738     Cuts: 430    11358  223.99%
      0     0     1776.5717   403      548.6738     Cuts: 496    11768  223.79%
*     0+    0                          568.6235     1776.5717           212.43%
      0     0        cutoff            568.6235     1776.5717    11768  212.43%
      0     0     1775.3556   403      568.6235     Cuts: 370    12082  212.22%
      0     0     1773.8255   403      568.6235     Cuts: 360    12435  211.95%
      0     0     1773.3331   403      568.6235     Cuts: 350    12818  211.86%
*     0+    0                          658.4030     1773.3331           169.34%
*     0+    0                          674.0735     1773.3331           163.08%
*     0+    0                          674.0737     1773.3331           163.08%
      0     0     1772.8300   403      674.0737     Cuts: 304    13233  163.00%
      0     0     1771.3678   403      674.0737     Cuts: 254    13703  162.79%
      0     0     1770.4080   403      674.0737     Cuts: 298    13980  162.64%
      0     0     1769.9863   403      674.0737     Cuts: 264    14254  162.58%
      0     0     1769.4125   403      674.0737     Cuts: 272    14526  162.50%
      0     0     1768.3229   403      674.0737     Cuts: 229    14834  162.33%
*     0+    0                          710.7790     1768.3229           148.79%
      0     0     1767.2287   403      710.7790     Cuts: 316    15200  148.63%
      0     0     1766.6984   403      710.7790     Cuts: 313    15590  148.56%
      0     0     1765.9757   403      710.7790     Cuts: 387    16032  148.46%
*     0+    0                          713.1138     1765.9757           147.64%
      0     0     1765.4500   403      713.1138     Cuts: 477    16361  147.57%
      0     0     1765.3677   403      713.1138     Cuts: 266    16547  147.56%
      0     0     1765.0062   403      713.1138     Cuts: 125    16762  147.51%
Detecting symmetries...
      0     2     1765.0062   441      713.1138     1765.0058    16762  147.51%
Elapsed time = 3.03 sec. (3972.86 ticks, tree = 0.01 MB, solutions = 10)
      6     8     1760.2821   380      713.1138     1764.4523    19458  147.43%
     16    18     1754.6702   362      713.1138     1764.4523    21405  147.43%
     28    30     1716.4263   360      713.1138     1764.4523    23906  147.43%
     30    32     1721.1859   339      713.1138     1764.4523    24239  147.43%
     37    39     1757.0779   374      713.1138     1764.4523    26406  147.43%
     43    45     1705.2167   372      713.1138     1764.4523    28715  147.43%
     51    53     1754.1046   373      713.1138     1764.4523    31028  147.43%
     58    60     1715.5734   379      713.1138     1764.4523    33521  147.43%
     60    62     1692.8135   377      713.1138     1764.4523    34654  147.43%
     79    81     1706.0160   348      713.1138     1764.4523    44105  147.43%
Elapsed time = 5.40 sec. (7619.01 ticks, tree = 0.54 MB, solutions = 10)
    104   106     1600.1114   295      713.1138     1764.4523    53170  147.43%
    149   151     1450.5649   222      713.1138     1764.4523    65349  147.43%
    357   304     1762.4640   422      713.1138     1764.1102    78228  147.38%
    377   324     1727.6618   332      713.1138     1764.1102    85974  147.38%
    407   354     1740.2097   368      713.1138     1764.1102    96235  147.38%
    433   380     1695.9727   340      713.1138     1764.1102   107210  147.38%
    468   415     1692.0146   361      713.1138     1764.1102   116700  147.38%

Performing restart 1

Repeating presolve.
Tried aggregator 2 times.
MIP Presolve eliminated 3 rows and 3 columns.
MIP Presolve modified 1822 coefficients.
Aggregator did 7 substitutions.
Reduced MIP has 1813 rows, 2081 columns, and 7971 nonzeros.
Reduced MIP has 1776 binaries, 243 generals, 0 SOSs, and 0 indicators.
Presolve time = 0.01 sec. (10.88 ticks)
Tried aggregator 1 time.
Reduced MIP has 1813 rows, 2081 columns, and 7971 nonzeros.
Reduced MIP has 1776 binaries, 243 generals, 0 SOSs, and 0 indicators.
Presolve time = 0.01 sec. (5.60 ticks)
Represolve time = 0.06 sec. (45.36 ticks)
    473     0     1712.7082   454      713.1138     Cuts: 513   125431  140.17%
    473     0     1691.0029   454      713.1138     Cuts: 406   126911  137.13%
    473     0     1645.6838   454      713.1138     Cuts: 350   128465  130.77%
    473     0     1612.5928   454      713.1138     Cuts: 465   130296  126.13%
    473     0     1600.4579   454      713.1138     Cuts: 422   131250  124.43%
    473     0     1594.2047   454      713.1138     Cuts: 388   132034  123.56%
*   473+    0                          751.5497     1594.2047           112.12%
*   473+    0                          751.5500     1594.2047           112.12%
    473     0     1588.9834   454      751.5500     Cuts: 321   132890  111.43%
    473     0     1585.6381   454      751.5500     Cuts: 358   133526  110.98%
    473     0     1583.1067   454      751.5500     Cuts: 257   134495  110.65%
*   473+    0                          789.7218     1583.1067           100.46%
    473     0     1577.1481   454      789.7218     Cuts: 233   135401   99.71%
    473     0     1575.1547   454      789.7218     Cuts: 258   136082   99.46%
    473     0     1572.6919   454      789.7218     Cuts: 255   136721   99.15%
    473     0     1571.7758   454      789.7218     Cuts: 234   137187   99.03%
    473     0     1570.5563   454      789.7218     Cuts: 167   137793   98.87%
    473     0     1570.0108   454      789.7218     Cuts: 179   138253   98.81%
*   473+    0                          870.8043     1570.0108            80.29%
    473     0     1569.1239   454      870.8043     Cuts: 171   138832   80.19%
    473     0     1567.7099   454      870.8043     Cuts: 173   139226   80.03%
    473     0     1567.4123   454      870.8043     Cuts: 101   139547   80.00%
*   473+    0                          913.3954     1567.4123            71.60%
*   473+    0                          939.6040     1567.4123            66.82%
*   473+    0                          939.6047     1567.4123            66.82%
    473     0        cutoff            939.6047     1567.4123   139547   66.82%
    473     0     1567.2409   454      939.6047     Cuts: 156   139839   66.80%
    473     0     1567.1360   454      939.6047     Cuts: 142   140010   66.79%
    473     0     1566.8009   454      939.6047      Cuts: 77   140250   66.75%
    473     0     1566.6626   454      939.6047     Cuts: 146   140436   66.74%
    473     0     1566.0336   454      939.6047     Cuts: 104   140901   66.67%
    473     0     1565.7094   454      939.6047     Cuts: 141   141191   66.63%
    473     0     1565.2675   454      939.6047     Cuts: 165   141485   66.59%
    473     0     1565.0072   454      939.6047     Cuts: 143   141816   66.56%
    473     0     1564.7026   454      939.6047     Cuts: 102   142031   66.53%
*   473+    0                          958.1704     1564.7026            63.30%
    473     0     1564.0203   454      958.1704     Cuts: 152   142430   63.23%
    473     0     1563.6545   454      958.1704     Cuts: 129   142720   63.19%
    473     0     1563.3108   454      958.1704     Cuts: 220   142950   63.16%
*   473+    0                          996.8763     1563.3108            56.82%
*   473+    0                          996.8767     1563.3108            56.82%
    473     0     1563.0796   454      996.8767      Cuts: 99   143277   56.80%
    473     0     1562.3861   454      996.8767     Cuts: 177   143822   56.73%
    473     0     1562.1046   454      996.8767     Cuts: 313   144143   56.70%
*   473+    0                         1004.5227     1562.1046            55.51%
    473     2     1562.1046   415     1004.5227     1562.0933   144143   55.51%
    477     6     1561.2174   371     1004.5227     1561.1926   145033   55.42%
    482    11     1552.7151   338     1004.5227     1561.1679   150270   55.41%
Elapsed time = 26.69 sec. (35523.17 ticks, tree = 0.07 MB, solutions = 21)
    484    13     1551.8557   335     1004.5227     1561.1679   150937   55.41%
    492    21     1548.1491   329     1004.5227     1561.1679   155277   55.41%
    493    22     1545.3481   318     1004.5227     1561.1679   155931   55.41%
    500    28     1502.8337   300     1004.5227     1561.1679   159970   55.41%
    512    40     1486.3276   304     1004.5227     1561.1679   163056   55.41%
    522    50     1471.4635   307     1004.5227     1561.1679   166779   55.41%
    529    57     1455.6620   279     1004.5227     1561.1679   170266   55.41%
    541    69     1429.3439   269     1004.5227     1561.1679   173141   55.41%
    554    82     1462.6450   279     1004.5227     1561.1679   176228   55.41%
    582   110     1443.6632   256     1004.5227     1561.1679   180986   55.41%
Elapsed time = 33.42 sec. (45600.34 ticks, tree = 1.27 MB, solutions = 21)
    607   135     1396.2126   220     1004.5227     1561.1679   186308   55.41%
    656   182     1408.2553   213     1004.5227     1561.1679   192461   55.41%
    725   235     1530.6617   326     1004.5227     1561.0841   199676   55.41%
    736   246     1512.3986   286     1004.5227     1561.0841   203607   55.41%
    753   263     1480.1249   259     1004.5227     1561.0841   208489   55.41%
    776   286     1460.0575   252     1004.5227     1561.0841   214890   55.41%
    815   325     1445.5937   190     1004.5227     1561.0841   219743   55.41%
    828   332     1531.6703   363     1004.5227     1560.9530   223496   55.39%
    870   374     1424.4702   198     1004.5227     1560.9530   229060   55.39%
    879   383     1543.4894   341     1004.5227     1560.9351   233316   55.39%
Elapsed time = 41.13 sec. (56382.46 ticks, tree = 5.77 MB, solutions = 21)
    903   407     1509.0523   279     1004.5227     1560.9351   240144   55.39%
    934   434     1516.9879   319     1004.5227     1556.1068   245996   54.91%
    953   453     1443.8840   273     1004.5227     1556.1068   251792   54.91%
    993   489     1521.1867   337     1004.5227     1556.1053   258600   54.91%
   1003   499     1497.4993   297     1004.5227     1556.1053   263393   54.91%
   1021   517     1469.5707   259     1004.5227     1556.1053   268755   54.91%
   1041   537     1427.4647   245     1004.5227     1556.1053   272958   54.91%
   1073   569     1416.3722   219     1004.5227     1556.1053   278787   54.91%
   1114   608     1400.4111   227     1004.5227     1556.1053   284621   54.91%
   1148   634     1492.3041   316     1004.5227     1554.9638   290772   54.80%
Elapsed time = 48.93 sec. (67308.49 ticks, tree = 9.53 MB, solutions = 21)
   1164   650     1447.7925   285     1004.5227     1554.9638   294972   54.80%
   1201   687     1405.6571   246     1004.5227     1554.9638   299264   54.80%
   1263   732     1553.2969   373     1004.5227     1553.2967   304089   54.63%
   1278   747     1433.4106   274     1004.5227     1553.2967   308921   54.63%
   1301   770     1387.4400   261     1004.5227     1553.2967   314322   54.63%
   1325   794     1324.6127   264     1004.5227     1553.2967   318797   54.63%
   1351   816     1484.2742   310     1004.5227     1553.2048   324416   54.62%
   1373   838     1389.1877   257     1004.5227     1553.2048   330983   54.62%
   1414   879     1155.6869   114     1004.5227     1553.2048   337482   54.62%
   1436   895     1526.6088   345     1004.5227     1553.1954   340911   54.62%
Elapsed time = 56.15 sec. (77312.09 ticks, tree = 11.47 MB, solutions = 21)
   1463   921     1336.8857   260     1004.5227     1553.1954   347352   54.62%
   1502   960     1222.7497   157     1004.5227     1553.1954   350985   54.62%
   1524   978     1537.7685   326     1004.5227     1553.1950   354615   54.62%
   1534   988     1495.2391   287     1004.5227     1553.1950   359649   54.62%
   1552  1006     1457.3983   282     1004.5227     1553.1950   364790   54.62%
   1572  1026     1383.2689   223     1004.5227     1553.1950   371010   54.62%
   1598  1052     1352.0127   197     1004.5227     1553.1950   378132   54.62%
   1662  1109     1516.1714   324     1004.5227     1552.7145   386891   54.57%
   1676  1123     1426.7945   321     1004.5227     1552.7145   393005   54.57%
   1695  1142     1388.3766   266     1004.5227     1552.7145   399726   54.57%
Elapsed time = 63.33 sec. (87460.06 ticks, tree = 12.74 MB, solutions = 21)
   1747  1192     1252.7506   135     1004.5227     1552.7145   407173   54.57%
   1769  1210     1539.5594   354     1004.5227     1552.4180   412686   54.54%
   1785  1226     1464.7777   316     1004.5227     1552.4180   420003   54.54%
   1805  1246     1413.3172   284     1004.5227     1552.4180   427216   54.54%
   1879  1308     1528.5550   356     1004.5227     1551.8500   435349   54.49%
   1896  1325     1503.6920   295     1004.5227     1551.8500   443256   54.49%
   1943  1372     1310.0012   201     1004.5227     1551.8500   451672   54.49%
   1953  1378     1526.4536   315     1004.5227     1551.5921   457064   54.46%
   1976  1401     1398.8929   258     1004.5227     1551.5921   465907   54.46%
   2013  1434     1536.4123   342     1004.5227     1551.5913   472491   54.46%
Elapsed time = 70.08 sec. (97488.50 ticks, tree = 13.11 MB, solutions = 21)
   2025  1446     1515.5273   325     1004.5227     1551.5913   480982   54.46%
   2038  1459     1437.9414   240     1004.5227     1551.5913   489548   54.46%
   2066  1486     1343.0823   169     1004.5227     1551.5913   497097   54.46%
   2110  1527     1260.4108   165     1004.5227     1551.5913   505591   54.46%
   2150  1559     1542.9261   358     1004.5227     1548.1243   511278   54.12%
   2159  1568     1526.5478   307     1004.5227     1548.1243   516772   54.12%
   2185  1594     1439.4931   278     1004.5227     1548.1243   523534   54.12%
   2235  1632     1538.8273   365     1004.5227     1548.0401   532829   54.11%
   2249  1646     1517.9782   266     1004.5227     1548.0401   538368   54.11%
   2268  1665     1486.2085   281     1004.5227     1548.0401   545178   54.11%
Elapsed time = 77.31 sec. (107886.38 ticks, tree = 13.65 MB, solutions = 21)
   2315  1712     1372.1773   204     1004.5227     1548.0401   551634   54.11%
   2345  1734     1486.9207   330     1004.5227     1546.8966   558827   53.99%
   2376  1765     1418.7728   231     1004.5227     1546.8966   565997   53.99%
   2417  1806     1284.9965   210     1004.5227     1546.8966   573862   53.99%
   2501  1886     1530.9068   365     1004.5227     1546.8730   581531   53.99%
   2521  1906     1491.7441   294     1004.5227     1546.8730   588703   53.99%
   2581  1964     1385.6192   170     1004.5227     1546.8730   597486   53.99%
   2616  1992     1420.6470   269     1004.5227     1546.6162   606087   53.97%
   2644  2020     1336.7356   240     1004.5227     1546.6162   616083   53.97%
   2860  2198     1484.8974   336     1004.5227     1546.5711   647266   53.96%
Elapsed time = 86.37 sec. (120748.41 ticks, tree = 14.44 MB, solutions = 21)
   3005  2332     1372.3155   199     1004.5227     1545.8386   678870   53.89%
   3182  2485     1475.4722   309     1004.5227     1544.5410   709142   53.76%
   3267  2566     1493.1738   307     1004.5227     1544.3763   741900   53.74%
   3409  2692     1532.7669   378     1004.5227     1543.9124   770797   53.70%
*  3473+ 2734                         1045.1186     1543.9124            47.73%
   3506  2765     1474.6292   282     1045.1186     1543.2657   799356   47.66%
   3565  2818     1343.7907   213     1045.1186     1543.2483   828518   47.66%
   3750  2984     1300.4404   187     1045.1186     1543.0963   860085   47.65%
   3898  3113     1414.1947   256     1045.1186     1542.8380   894263   47.62%
   4026  3222     1466.5319   328     1045.1186     1542.5206   927904   47.59%
   4120  3309     1492.8371   314     1045.1186     1542.3798   958600   47.58%
Elapsed time = 113.84 sec. (159433.33 ticks, tree = 15.85 MB, solutions = 22)
   4250  3433     1285.4248   215     1045.1186     1542.3024   989315   47.57%
   4473  3638     1485.3326   306     1045.1186     1541.4853  1017769   47.49%
   4605  3752     1350.4938   226     1045.1186     1540.2901  1052382   47.38%
   4717  3845     1328.6657   224     1045.1186     1540.2310  1080110   47.37%
   4866  3981     1456.1033   278     1045.1186     1540.1523  1110665   47.37%
   4968  4075     1338.6447   220     1045.1186     1539.7893  1136871   47.33%
   5046  4146     1457.0941   246     1045.1186     1539.7829  1165421   47.33%
Starting limited solution polishing.
   5197  4279     1433.6983   247     1045.1186     1539.5594  1197696   47.31%
*  5273+ 4314                         1093.2506     1539.5583            40.82%
*  5273+ 4314                         1093.2519     1539.5583            40.82%
*  5273+ 4307                         1098.5330     1539.5583            40.15%
*  5273+ 4307                         1098.5362     1539.5583            40.15%
*  5273+ 4307                         1098.5368     1539.5583            40.15%
*  5273+ 4307                         1098.5397     1539.5583            40.15%
*  5273+ 4307                         1098.5403     1539.5583            40.15%
*  5273+ 4307                         1099.5195     1539.5583            40.02%
*  5273+ 4307                         1099.5215     1539.5583            40.02%
*  5273+ 4307                         1099.5232     1539.5583            40.02%
*  5273+ 4307                         1100.1376     1539.5583            39.94%
*  5273+ 4268                         1125.6346     1539.5583            36.77%
*  5273+ 4264                         1132.7500     1539.5583            35.91%
   5289  4282     1488.0688   338     1132.7500     1539.5583  1212586   35.91%
*  5373+ 4356                         1132.7503     1539.3424            35.89%
   5443  4421     1514.0242   344     1132.7503     1539.1532  1247680   35.88%
Elapsed time = 141.40 sec. (197876.24 ticks, tree = 17.16 MB, solutions = 36)
*  5473+ 4449                         1132.7516     1539.1532            35.88%
*  5473+ 4436                         1146.6909     1539.1532            34.23%
   5526  4478     1492.1932   326     1146.6909     1539.1266  1282089   34.22%
*  5573+ 4515                         1146.6912     1538.8198            34.20%
*  5573+ 4515                         1146.6917     1538.8198            34.20%
*  5573+ 4515                         1146.6918     1538.8198            34.20%
*  5573+ 4515                         1146.6919     1538.8198            34.20%
*  5573+ 4515                         1146.6928     1538.8198            34.20%
   5615  4559     1373.4714   235     1146.6928     1538.8198  1307856   34.20%
*  5673+ 4604                         1149.0285     1538.7477            33.92%
*  5673+ 4567                         1157.5091     1538.7477            32.94%
*  5673+ 4567                         1157.5111     1538.7477            32.94%
   5702  4594     1529.3828   349     1157.5111     1538.6652  1331758   32.93%

GUB cover cuts applied:  102
Clique cuts applied:  253
Cover cuts applied:  21
Implied bound cuts applied:  169
Flow cuts applied:  30
Mixed integer rounding cuts applied:  229
Zero-half cuts applied:  109
Lift and project cuts applied:  19
Gomory fractional cuts applied:  17

Root node processing (before b&c):
  Real time             =    3.02 sec. (3965.75 ticks)
Sequential b&c:
  Real time             =  146.99 sec. (205669.06 ticks)
                          ------------
Total (root+branch&cut) =  150.00 sec. (209634.81 ticks)

Solution pool: 47 solutions saved.

MIP - Time limit exceeded, integer feasible:  Objective =  1.1575110881e+03
Current MIP best bound =  1.5386651972e+03 (gap = 381.154, 32.93%)
Solution time =  150.00 sec.  Iterations = 1332714  Nodes = 5705 (4596)
Deterministic time = 209634.82 ticks  (1397.54 ticks/sec)


Incumbent solution
Variable Name           Solution Value
F                          1230.000000
f1                            0.738912
f2                           71.750000
y1                            1.000000
y211                          1.000000
y88                           1.000000
y139                          1.000000
y175                          1.000000
y125                          1.000000
y223                          1.000000
y185                          1.000000
y163                          1.000000
y254                          1.000000
y202                          1.000000
y209                          1.000000
y8                            1.000000
y115                          1.000000
y28                           1.000000
y49                           1.000000
y218                          1.000000
y97                           1.000000
y225                          1.000000
y116                          1.000000
y179                          1.000000
y224                          1.000000
y193                          1.000000
y208                          1.000000
y120                          1.000000
y252                          1.000000
y26                           1.000000
y118                          1.000000
y111                          1.000000
y184                          1.000000
y206                          1.000000
y249                          1.000000
y41                           1.000000
y127                          1.000000
y14                           1.000000
y228                          1.000000
y238                          1.000000
s15                           0.070000
s1                            0.946690
s102                          0.130000
s211                          0.997240
s88                           0.937752
s139                          0.915302
s229                          0.610000
s175                          0.799999
s125                          0.919178
s223                          0.982740
s185                          0.950000
s163                          1.030000
s254                          1.040000
s132                          1.070000
s202                          1.080000
s209                          2.004975
s8                            1.180000
s115                          2.206163
s167                          1.310000
s28                           2.314800
s49                           2.255367
s69                           1.400000
s10                           1.420000
s171                          1.420000
s76                           1.430000
s244                          1.550000
s39                           1.580000
s248                          1.580000
s218                          2.310863
s97                           1.650000
s205                          1.680000
s140                          1.690000
s152                          1.700000
s137                          1.730000
s225                          2.199575
s40                           1.830000
s11                           1.840000
s217                          1.860000
s116                          2.353531
s266                          1.970000
s6                            2.070000
s104                          2.070000
s268                          2.080000
s239                          2.090000
s179                          2.524708
s224                          2.300580
s193                          2.387819
s242                          2.130000
s208                          2.993188
s62                           2.180000
s207                          2.240000
s120                          2.397415
s57                           2.330000
s133                          2.390000
s126                          2.410000
s58                           2.430000
s13                           2.440000
s252                          3.440103
s129                          2.500000
s26                           2.563000
s118                          3.532464
s227                          2.550000
s80                           2.590000
s111                          3.581847
s184                          3.560520
s89                           2.650000
s206                          3.629295
s249                          3.526670
s41                           3.647512
s127                          3.659148
s222                          2.690000
s14                           3.567324
s180                          2.720000
s228                          3.684985
s238                          3.535495
x0x88x1                       2.000000
x0x175x1                      1.000000
x0x125x1                      2.000000
x0x223x1                      1.000000
x0x254x1                      2.000000
x0x120x1                      1.000000
x0x211x2                      2.000000
x0x139x2                      1.000000
x0x223x2                      1.000000
x0x185x2                      1.000000
x0x202x2                      2.000000
x0x97x2                       2.000000
x0x1x3                        2.000000
x0x139x3                      1.000000
x0x175x3                      1.000000
x0x185x3                      1.000000
x0x163x3                      2.000000
x0x8x3                        2.000000
x1x218x3                      2.000000
x211x28x2                     1.000000
x211x179x2                    1.000000
x88x115x1                     2.000000
x139x116x2                    1.000000
x139x49x3                     1.000000
x175x225x1                    1.000000
x175x209x3                    1.000000
x125x225x1                    1.000000
x125x224x1                    1.000000
x223x120x1                    1.000000
x223x224x2                    1.000000
x185x209x2                    1.000000
x185x116x3                    1.000000
x163x193x3                    1.000000
x163x26x3                     1.000000
x254x179x1                    1.000000
x254x193x1                    1.000000
x202x49x2                     1.000000
x202x26x2                     1.000000
x209x228x2                    1.000000
x209x252x3                    1.000000
x8x28x3                       1.000000
x8x208x3                      1.000000
x115x118x1                    1.000000
x115x238x1                    1.000000
x28x118x2                     1.000000
x28x249x3                     1.000000
x49x206x2                     1.000000
x49x41x3                      1.000000
x218x184x3                    1.000000
x218x249x3                    1.000000
x97x208x2                     1.000000
x97x14x2                      1.000000
x225x0x1                      2.000000
x116x238x2                    1.000000
x116x184x3                    1.000000
x179x0x1                      1.000000
x179x228x2                    1.000000
x224x111x1                    1.000000
x224x41x2                     1.000000
x193x206x1                    1.000000
x193x14x3                     1.000000
x208x0x2                      1.000000
x208x0x3                      1.000000
x120x252x1                    1.000000
x120x111x1                    1.000000
x252x0x1                      1.000000
x252x0x3                      1.000000
x26x127x2                     1.000000
x26x127x3                     1.000000
x118x0x1                      1.000000
x118x0x2                      1.000000
x111x0x1                      2.000000
x184x0x3                      2.000000
x206x0x1                      1.000000
x206x0x2                      1.000000
x249x0x3                      2.000000
x41x0x2                       1.000000
x41x0x3                       1.000000
x127x0x2                      1.000000
x127x0x3                      1.000000
x14x0x2                       1.000000
x14x0x3                       1.000000
x228x0x2                      2.000000
x238x0x1                      1.000000
x238x0x2                      1.000000
z0z1z3                        1.000000
z0z211z2                      1.000000
z0z88z1                       1.000000
z0z139z2                      1.000000
z0z139z3                      1.000000
z0z175z1                      1.000000
z0z175z3                      1.000000
z0z125z1                      1.000000
z0z223z1                      1.000000
z0z223z2                      1.000000
z0z185z2                      1.000000
z0z185z3                      1.000000
z0z163z3                      1.000000
z0z254z1                      1.000000
z0z132z1                      1.000000
z0z202z2                      1.000000
z0z8z3                        1.000000
z0z115z1                      1.000000
z0z69z1                       1.000000
z0z244z3                      1.000000
z0z39z3                       1.000000
z0z248z1                      1.000000
z0z218z3                      1.000000
z0z97z2                       1.000000
z0z205z2                      1.000000
z0z140z1                      1.000000
z0z152z2                      1.000000
z0z137z1                      1.000000
z0z225z1                      1.000000
z0z40z2                       1.000000
z0z217z3                      1.000000
z0z104z1                      1.000000
z0z268z1                      1.000000
z0z62z2                       1.000000
z0z207z1                      1.000000
z0z120z1                      1.000000
z0z58z2                       1.000000
z0z13z2                       1.000000
z0z129z1                      1.000000
z0z111z1                      1.000000
z0z184z3                      1.000000
z0z249z3                      1.000000
z0z222z2                      1.000000
z0z180z2                      1.000000
z0z228z2                      1.000000
z15z249z3                     1.000000
z15z222z2                     1.000000
z1z218z3                      1.000000
z1z184z3                      1.000000
z1z249z3                      1.000000
z211z28z2                     1.000000
z211z179z2                    1.000000
z211z222z2                    1.000000
z211z180z2                    1.000000
z211z228z2                    1.000000
z88z115z1                     1.000000
z139z49z3                     1.000000
z139z116z2                    1.000000
z139z222z2                    1.000000
z175z209z3                    1.000000
z175z225z1                    1.000000
z125z225z1                    1.000000
z125z224z1                    1.000000
z125z129z1                    1.000000
z125z111z1                    1.000000
z223z224z2                    1.000000
z223z120z1                    1.000000
z185z209z2                    1.000000
z185z116z3                    1.000000
z163z193z3                    1.000000
z163z26z3                     1.000000
z163z184z3                    1.000000
z163z249z3                    1.000000
z254z179z1                    1.000000
z254z193z1                    1.000000
z202z49z2                     1.000000
z202z26z2                     1.000000
z202z222z2                    1.000000
z209z252z3                    1.000000
z209z228z2                    1.000000
z8z28z3                       1.000000
z8z208z3                      1.000000
z8z184z3                      1.000000
z115z118z1                    1.000000
z115z238z1                    1.000000
z28z118z2                     1.000000
z28z249z3                     1.000000
z49z206z2                     1.000000
z49z41z3                      1.000000
z244z249z3                    1.000000
z39z184z3                     1.000000
z39z249z3                     1.000000
z218z184z3                    1.000000
z218z249z3                    1.000000
z97z208z2                     1.000000
z97z14z2                      1.000000
z116z184z3                    1.000000
z116z238z2                    1.000000
z179z228z2                    1.000000
z224z111z1                    1.000000
z224z41z2                     1.000000
z193z206z1                    1.000000
z193z14z3                     1.000000
z120z252z1                    1.000000
z120z111z1                    1.000000
z26z127z2                     1.000000
z26z127z3                     1.000000
All other variables in the range 1-3817 are 0.
