
Log started (V12.10.0.0) Tue Apr 20 04:06:58 2021


Problem 'asset.lp' read.
Read time = 0.00 sec. (0.12 ticks)
New value for default parallel thread count: 1
New value for time limit in seconds: 200
Version identifier: 12.10.0.0 | 2019-11-26 | 843d4de
CPXPARAM_Threads                                 1
CPXPARAM_TimeLimit                               200
Found incumbent of value -0.546580 after 0.00 sec. (0.05 ticks)
Tried aggregator 7 times.
MIP Presolve eliminated 525 rows and 35 columns.
MIP Presolve modified 1101 coefficients.
Aggregator did 369 substitutions.
Reduced MIP has 417 rows, 480 columns, and 1950 nonzeros.
Reduced MIP has 418 binaries, 33 generals, 0 SOSs, and 0 indicators.
Presolve time = 0.01 sec. (7.34 ticks)
Probing time = 0.00 sec. (1.31 ticks)
Tried aggregator 1 time.
Detecting symmetries...
MIP Presolve eliminated 8 rows and 8 columns.
MIP Presolve modified 86 coefficients.
Reduced MIP has 409 rows, 472 columns, and 1876 nonzeros.
Reduced MIP has 410 binaries, 33 generals, 0 SOSs, and 0 indicators.
Presolve time = 0.00 sec. (1.89 ticks)
Probing time = 0.00 sec. (1.25 ticks)
Clique table members: 1286.
MIP emphasis: balance optimality and feasibility.
MIP search method: dynamic search.
Parallel mode: none, using 1 thread.
Root relaxation solution time = 0.01 sec. (7.60 ticks)

        Nodes                                         Cuts/
   Node  Left     Objective  IInf  Best Integer    Best Bound    ItCnt     Gap

*     0+    0                           -0.5466      756.9158              --- 
      0     0      756.8310   161       -0.5466      756.8310      460     --- 
      0     0      752.2894   161       -0.5466     Cuts: 202      951     --- 
      0     0      741.8566   161       -0.5466     Cuts: 202     1327     --- 
      0     0      738.3887   161       -0.5466     Cuts: 202     1516     --- 
      0     0      737.1971   161       -0.5466     Cuts: 173     1639     --- 
      0     0      736.7704   161       -0.5466     Cuts: 135     1756     --- 
Detecting symmetries...
      0     0      736.4097   161       -0.5466     Cuts: 123     1842     --- 
      0     0      736.0712   161       -0.5466     Cuts: 118     1929     --- 
      0     0      735.0760   161       -0.5466     Cuts: 151     2100     --- 
      0     0      734.5814   161       -0.5466     Cuts: 125     2189     --- 
      0     0      733.8192   161       -0.5466     Cuts: 171     2318     --- 
      0     0      733.6825   161       -0.5466     Cuts: 148     2442     --- 
*     0+    0                          513.4523      733.6825            42.89%
      0     0      733.1916   161      513.4523     Cuts: 126     2557   42.80%
*     0+    0                          570.4638      733.1916            28.53%
      0     0      732.9548   161      570.4638     Cuts: 100     2634   28.48%
      0     0      732.7323   161      570.4638      Cuts: 85     2706   28.45%
*     0+    0                          598.1389      732.7323            22.50%
      0     0      732.4033   161      598.1389      Cuts: 39     2764   22.45%
*     0+    0                          622.4583      732.4033            17.66%
      0     0      731.9286   161      622.4583      Cuts: 92     2870   17.59%
      0     0      731.6413   161      622.4583      Cuts: 61     2910   17.54%
      0     0      731.4984   161      622.4583     Cuts: 124     2968   17.52%
*     0+    0                          622.4707      731.4984            17.52%
*     0+    0                          622.4714      731.4984            17.52%
      0     0        cutoff            622.4714      731.4984     2968   17.52%
      0     0      731.2039   161      622.4714      Cuts: 88     3013   17.47%
      0     0      730.8660   161      622.4714      Cuts: 59     3057   17.41%
      0     0      730.7404   161      622.4714      Cuts: 38     3089   17.39%
      0     0      730.5860   161      622.4714      Cuts: 62     3118   17.37%
*     0+    0                          622.4734      730.5860            17.37%
Detecting symmetries...
      0     2      730.5860   168      622.4734      730.5754     3118   17.37%
Elapsed time = 0.29 sec. (283.18 ticks, tree = 0.01 MB, solutions = 7)
*   100    94      integral     0      623.5218      727.7441     7289   16.72%
*   101    93      integral     0      623.5219      727.7441     7290   16.72%
*   169   141      integral     0      659.5073      727.6949     9402   10.34%
*   170   138      integral     0      659.5075      727.6949     9403   10.34%
    192   160      707.5904   150      659.5075      726.9109    10450   10.22%
    388   331      723.4655   153      659.5075      724.7127    18180    9.89%

Performing restart 1

Repeating presolve.
Tried aggregator 2 times.
MIP Presolve modified 318 coefficients.
Aggregator did 4 substitutions.
Reduced MIP has 405 rows, 468 columns, and 1654 nonzeros.
Reduced MIP has 406 binaries, 33 generals, 0 SOSs, and 0 indicators.
Presolve time = 0.00 sec. (1.70 ticks)
Tried aggregator 1 time.
Reduced MIP has 405 rows, 468 columns, and 1654 nonzeros.
Reduced MIP has 406 binaries, 33 generals, 0 SOSs, and 0 indicators.
Presolve time = 0.00 sec. (1.26 ticks)
Represolve time = 0.01 sec. (8.52 ticks)
    490     0      709.9847   162      659.5075     Cuts: 186    22382    7.65%
    490     0      703.4589   162      659.5075     Cuts: 155    22535    6.66%
    490     0      701.0561   162      659.5075     Cuts: 114    22665    6.30%
    490     0      699.4797   162      659.5075     Cuts: 108    22802    6.06%
    490     0      698.1989   162      659.5075      Cuts: 81    22906    5.87%
    490     0      697.3236   162      659.5075      Cuts: 61    22990    5.73%
    490     0      697.2371   162      659.5075      Cuts: 47    23044    5.72%
    490     0      697.0210   162      659.5075      Cuts: 46    23149    5.69%
    490     0      696.2110   162      659.5075      Cuts: 66    23282    5.57%
    490     0      695.7774   162      659.5075      Cuts: 86    23426    5.50%
    490     0      695.5714   162      659.5075      Cuts: 95    23505    5.47%
    490     0      694.9445   162      659.5075      Cuts: 65    23544    5.37%
    490     0      694.2365   162      659.5075      Cuts: 38    23625    5.27%
    490     0      694.1546   162      659.5075      Cuts: 47    23701    5.25%
    490     0      693.8454   162      659.5075      Cuts: 59    23864    5.21%
    490     0      693.6252   162      659.5075      Cuts: 72    23909    5.17%
    490     0      693.2811   162      659.5075      Cuts: 44    23940    5.12%
    490     0      692.0423   162      659.5075      Cuts: 44    24076    4.93%
    490     0      691.6865   162      659.5075      Cuts: 70    24192    4.88%
    490     0      691.4220   162      659.5075      Cuts: 57    24261    4.84%
    490     0      691.1595   162      659.5075      Cuts: 51    24356    4.80%
    490     0      691.1182   162      659.5075      Cuts: 43    24465    4.79%
    490     0      691.0845   162      659.5075      Cuts: 33    24501    4.79%
    490     0      690.9110   162      659.5075      Cuts: 39    24605    4.76%
    490     0      690.8345   162      659.5075      Cuts: 32    24756    4.75%
    490     0      690.6272   162      659.5075      Cuts: 40    24810    4.72%
    490     0      690.6216   162      659.5075      Cuts: 21    24840    4.72%
    490     0      690.6135   162      659.5075      Cuts: 25    24875    4.72%
    490     2      690.6135   158      659.5075      690.5969    24875    4.71%
    497     9      687.0972    90      659.5075      690.1073    25687    4.64%
    507    18      680.5339   122      659.5075      690.1073    26637    4.64%
    556    51      689.1995   112      659.5075      689.1396    28850    4.49%
*   580+   73                          665.2212      689.1396             3.60%
    676   154      684.0381   116      665.2212      688.4533    31742    3.49%
    759   205      675.8505   108      665.2212      686.7884    34632    3.24%
    830   248      676.8574    41      665.2212      684.4320    38671    2.89%
*   910+  278                          667.2285      683.1770             2.39%
*   960    78      integral     0      676.8894      682.2695    41511    0.79%
Elapsed time = 3.40 sec. (3747.03 ticks, tree = 0.20 MB, solutions = 14)
*   970+   80                          676.8896      680.7119             0.56%
*   970+   80                          676.8896      680.7119             0.56%
*   970+   80                          676.8896      680.7119             0.56%
*  1000+   95                          676.8916      680.7072             0.56%
*  1008    97      integral     0      676.8940      680.7072    42354    0.56%
*  1036   115      integral     0      676.8955      680.7047    42783    0.56%
*  1136+  173                          676.8960      680.6991             0.56%
   1482   327      679.2390    62      676.8960      680.6852    51707    0.56%
   2042   274      677.9870    33      676.8960      678.1453    65191    0.18%

GUB cover cuts applied:  14
Clique cuts applied:  94
Cover cuts applied:  2
Implied bound cuts applied:  45
Flow cuts applied:  8
Mixed integer rounding cuts applied:  61
Zero-half cuts applied:  44
Lift and project cuts applied:  9
Gomory fractional cuts applied:  5

Root node processing (before b&c):
  Real time             =    0.29 sec. (283.31 ticks)
Sequential b&c:
  Real time             =    4.95 sec. (5527.80 ticks)
                          ------------
Total (root+branch&cut) =    5.24 sec. (5811.11 ticks)

Solution pool: 22 solutions saved.

MIP - Integer optimal, tolerance (0.0001/1e-06):  Objective =  6.7689604404e+02
Current MIP best bound =  6.7695464869e+02 (gap = 0.0586047, 0.01%)
Solution time =    5.24 sec.  Iterations = 67095  Nodes = 2378 (58)
Deterministic time = 5811.11 ticks  (1108.04 ticks/sec)


Incumbent solution
Variable Name           Solution Value
F                           780.000000
f1                            0.693956
f2                          102.410000
y92                           1.000000
y123                          1.000000
y24                           1.000000
y8                            1.000000
y215                          1.000000
y56                           1.000000
y207                          1.000000
y99                           1.000000
y208                          1.000000
y172                          1.000000
y245                          1.000000
y57                           1.000000
y165                          1.000000
y25                           1.000000
y70                           1.000000
y251                          1.000000
y47                           1.000000
y148                          1.000000
y190                          1.000000
y260                          1.000000
y21                           1.000000
y122                          1.000000
y202                          1.000000
y270                          1.000000
y221                          1.000000
y188                          1.000000
s153                          0.590000
s92                           0.868664
s37                           0.800000
s123                          0.855440
s200                          0.820000
s24                           0.920000
s8                            0.980000
s215                          1.000000
s56                           1.080000
s207                          1.100000
s136                          1.160000
s99                           2.013333
s208                          1.180000
s172                          1.190000
s78                           1.200000
s245                          1.210000
s19                           1.230000
s57                           1.230000
s165                          1.260000
s25                           2.208284
s70                           1.290000
s251                          1.946116
s87                           1.350000
s4                            1.360000
s242                          1.380000
s47                           2.256472
s148                          2.270369
s190                          2.387101
s260                          2.359876
s21                           2.284281
s122                          2.303529
s202                          2.413404
s270                          2.395898
s32                           1.470000
s221                          2.317349
s188                          2.421993
x0x24x1                       1.000000
x0x8x1                        1.000000
x0x215x1                      1.000000
x0x207x1                      1.000000
x0x172x1                      2.000000
x0x245x1                      1.000000
x0x70x1                       1.000000
x0x260x1                      1.000000
x0x92x2                       1.000000
x0x8x2                        1.000000
x0x56x2                       1.000000
x0x207x2                      1.000000
x0x208x2                      1.000000
x0x245x2                      1.000000
x0x165x2                      2.000000
x0x70x2                       1.000000
x0x92x3                       1.000000
x0x123x3                      2.000000
x0x24x3                       1.000000
x0x215x3                      1.000000
x0x56x3                       1.000000
x0x208x3                      1.000000
x0x57x3                       2.000000
x92x260x2                     1.000000
x92x47x3                      1.000000
x123x251x3                    2.000000
x24x270x1                     1.000000
x24x99x3                      1.000000
x8x202x1                      1.000000
x8x99x2                       1.000000
x215x47x1                     1.000000
x215x148x3                    1.000000
x56x190x2                     1.000000
x56x190x3                     1.000000
x207x202x1                    1.000000
x207x270x2                    1.000000
x99x0x2                       1.000000
x99x0x3                       1.000000
x208x25x2                     1.000000
x208x25x3                     1.000000
x172x21x1                     1.000000
x172x122x1                    1.000000
x245x221x1                    1.000000
x245x148x2                    1.000000
x57x21x3                      1.000000
x57x122x3                     1.000000
x165x221x2                    1.000000
x165x188x2                    1.000000
x25x0x2                       1.000000
x25x0x3                       1.000000
x70x188x1                     1.000000
x70x0x2                       1.000000
x251x0x3                      2.000000
x47x0x1                       1.000000
x47x0x3                       1.000000
x148x0x2                      1.000000
x148x0x3                      1.000000
x190x0x2                      1.000000
x190x0x3                      1.000000
x260x0x1                      1.000000
x260x0x2                      1.000000
x21x0x1                       1.000000
x21x0x3                       1.000000
x122x0x1                      1.000000
x122x0x3                      1.000000
x202x0x1                      2.000000
x270x0x1                      1.000000
x270x0x2                      1.000000
x221x0x1                      1.000000
x221x0x2                      1.000000
x188x0x1                      1.000000
x188x0x2                      1.000000
z0z92z2                       1.000000
z0z92z3                       1.000000
z0z123z3                      1.000000
z0z24z1                       1.000000
z0z24z3                       1.000000
z0z8z1                        1.000000
z0z8z2                        1.000000
z0z215z1                      1.000000
z0z215z3                      1.000000
z0z56z2                       1.000000
z0z56z3                       1.000000
z0z207z1                      1.000000
z0z207z2                      1.000000
z0z136z2                      1.000000
z0z208z2                      1.000000
z0z208z3                      1.000000
z0z172z1                      1.000000
z0z78z1                       1.000000
z0z245z1                      1.000000
z0z245z2                      1.000000
z0z57z3                       1.000000
z0z165z2                      1.000000
z0z70z1                       1.000000
z0z70z2                       1.000000
z0z251z3                      1.000000
z0z4z3                        1.000000
z0z242z3                      1.000000
z0z260z1                      1.000000
z0z202z1                      1.000000
z0z32z3                       1.000000
z92z47z3                      1.000000
z92z260z2                     1.000000
z123z251z3                    1.000000
z24z99z3                      1.000000
z24z270z1                     1.000000
z8z99z2                       1.000000
z8z202z1                      1.000000
z215z47z1                     1.000000
z215z148z3                    1.000000
z56z190z2                     1.000000
z56z190z3                     1.000000
z207z202z1                    1.000000
z207z270z2                    1.000000
z208z25z2                     1.000000
z208z25z3                     1.000000
z172z21z1                     1.000000
z172z122z1                    1.000000
z245z148z2                    1.000000
z245z221z1                    1.000000
z57z21z3                      1.000000
z57z122z3                     1.000000
z165z221z2                    1.000000
z165z188z2                    1.000000
z70z188z1                     1.000000
All other variables in the range 1-887 are 0.
