
Log started (V12.10.0.0) Fri Apr 23 12:29:24 2021


Problem 'asset.lp' read.
Read time = 0.01 sec. (0.46 ticks)
New value for default parallel thread count: 1
New value for time limit in seconds: 150
Version identifier: 12.10.0.0 | 2019-11-26 | 843d4de
CPXPARAM_Threads                                 1
CPXPARAM_TimeLimit                               150
Found incumbent of value 0.000000 after 0.00 sec. (0.11 ticks)
Tried aggregator 4 times.
MIP Presolve eliminated 2315 rows and 448 columns.
MIP Presolve modified 2962 coefficients.
Aggregator did 1168 substitutions.
Reduced MIP has 1242 rows, 1556 columns, and 6838 nonzeros.
Reduced MIP has 1404 binaries, 107 generals, 0 SOSs, and 0 indicators.
Presolve time = 0.02 sec. (20.13 ticks)
Probing fixed 103 vars, tightened 19 bounds.
Probing time = 0.02 sec. (8.92 ticks)
Cover probing fixed 0 vars, tightened 18 bounds.
Tried aggregator 2 times.
Detecting symmetries...
MIP Presolve eliminated 155 rows and 144 columns.
MIP Presolve modified 451 coefficients.
Aggregator did 3 substitutions.
Reduced MIP has 1084 rows, 1409 columns, and 5991 nonzeros.
Reduced MIP has 1279 binaries, 88 generals, 0 SOSs, and 0 indicators.
Presolve time = 0.01 sec. (10.08 ticks)
Probing time = 0.00 sec. (2.80 ticks)
Clique table members: 3808.
MIP emphasis: balance optimality and feasibility.
MIP search method: dynamic search.
Parallel mode: none, using 1 thread.
Root relaxation solution time = 0.03 sec. (34.52 ticks)

        Nodes                                         Cuts/
   Node  Left     Objective  IInf  Best Integer    Best Bound    ItCnt     Gap

*     0+    0                            0.0000      655.0000              --- 
      0     0      514.8666   235        0.0000      514.8666      979     --- 
      0     0      503.3991   235        0.0000     Cuts: 343     1698     --- 
      0     0      499.2166   235        0.0000     Cuts: 371     2363     --- 
      0     0      497.5987   235        0.0000     Cuts: 371     2724     --- 
      0     0      496.8631   235        0.0000     Cuts: 315     3178     --- 
      0     0      495.5664   235        0.0000     Cuts: 371     3491     --- 
Detecting symmetries...
      0     0      495.0443   235        0.0000     Cuts: 350     3926     --- 
      0     0      494.7907   235        0.0000     Cuts: 362     4415     --- 
      0     0      493.9025   235        0.0000     Cuts: 258     4663     --- 
      0     0      493.0594   235        0.0000     Cuts: 298     4887     --- 
      0     0      492.5815   235        0.0000     Cuts: 171     5256     --- 
      0     0      491.6618   235        0.0000     Cuts: 315     5597     --- 
      0     0      490.8377   235        0.0000     Cuts: 350     6321     --- 
      0     0      490.5094   235        0.0000     Cuts: 371     6635     --- 
      0     0      489.8995   235        0.0000     Cuts: 267     6919     --- 
      0     0      488.3608   235        0.0000     Cuts: 283     7269     --- 
      0     0      487.6687   235        0.0000     Cuts: 341     7702     --- 
      0     0      486.5835   235        0.0000     Cuts: 303     8019     --- 
      0     0      486.3790   235        0.0000     Cuts: 227     8260     --- 
      0     0      486.3642   235        0.0000     Cuts: 352     8522     --- 
      0     0      486.3486   235        0.0000      Cuts: 91     8689     --- 
      0     0      486.2298   235        0.0000     Cuts: 242     8986     --- 
      0     0      485.9670   235        0.0000     Cuts: 259     9204     --- 
      0     0      485.9582   235        0.0000     Cuts: 259     9447     --- 
*     0+    0                          280.0000      485.9582            73.56%
Detecting symmetries...
      0     2      485.9582   232      280.0000      485.9582     9447   73.56%
Elapsed time = 1.06 sec. (1280.81 ticks, tree = 0.01 MB, solutions = 1)
     30    30      479.7165   181      280.0000      485.9582    13359   73.56%
*    60+   56                          300.0000      485.9582            61.99%
     60    58      421.2962   100      300.0000      485.9582    17013   61.99%
    120   105      485.2576   197      300.0000      485.8967    19563   61.97%
    150   131      464.9579   179      300.0000      485.8967    22706   61.97%
    214   179      312.5000    33      300.0000      485.8967    26177   61.97%
*   226   177      integral     0      305.0000      485.8967    26228   59.31%
    290   240      419.6861   141      305.0000      485.8967    29305   59.31%
    338   284      456.0547   156      305.0000      485.8721    32208   59.30%
    435   378      479.7849   201      305.0000      485.8342    36323   59.29%

Performing restart 1

Repeating presolve.
Tried aggregator 2 times.
MIP Presolve modified 1833 coefficients.
Aggregator did 9 substitutions.
Reduced MIP has 1075 rows, 1400 columns, and 4924 nonzeros.
Reduced MIP has 1270 binaries, 88 generals, 0 SOSs, and 0 indicators.
Presolve time = 0.01 sec. (6.44 ticks)
Tried aggregator 1 time.
Reduced MIP has 1075 rows, 1400 columns, and 4924 nonzeros.
Reduced MIP has 1270 binaries, 88 generals, 0 SOSs, and 0 indicators.
Presolve time = 0.00 sec. (3.61 ticks)
Represolve time = 0.04 sec. (27.92 ticks)
    487     0      447.4757   237      305.0000     Cuts: 315    41062   46.71%
    487     0      429.7518   237      305.0000     Cuts: 268    41638   40.90%
    487     0      423.7457   237      305.0000     Cuts: 210    42103   38.93%
    487     0      421.7139   237      305.0000     Cuts: 166    42370   38.27%
    487     0      419.2012   237      305.0000     Cuts: 149    42710   37.44%
    487     0      418.3540   237      305.0000     Cuts: 137    43130   37.17%
    487     0      417.4471   237      305.0000     Cuts: 198    43452   36.87%
    487     0      416.2819   237      305.0000     Cuts: 113    43795   36.49%
    487     0      415.5986   237      305.0000     Cuts: 156    44256   36.26%
    487     0      415.2989   237      305.0000     Cuts: 147    44467   36.16%
    487     0      415.0080   237      305.0000      Cuts: 79    44598   36.07%
    487     0      414.7549   237      305.0000      Cuts: 44    44846   35.99%
    487     0      414.6766   237      305.0000      Cuts: 56    44951   35.96%
    487     0      414.6514   237      305.0000      Cuts: 30    45023   35.95%
    487     0      414.6350   237      305.0000      Cuts: 22    45080   35.95%
    487     0      414.6188   237      305.0000      Cuts: 61    45124   35.94%
    487     0      414.5856   237      305.0000      Cuts: 19    45189   35.93%
    487     0      414.5832   237      305.0000      Cuts: 24    45224   35.93%
    487     0      414.5766   237      305.0000       Cuts: 9    45267   35.93%
*   487+    0                          310.0000      414.5766            33.73%
    487     2      414.5766   259      310.0000      414.5697    45267   33.73%
    495    10      410.7579   206      310.0000      413.6016    47672   33.42%
Elapsed time = 7.89 sec. (9968.44 ticks, tree = 0.03 MB, solutions = 4)
    509    24      389.9974   171      310.0000      413.6016    52890   33.42%
    589    80      405.4796   208      310.0000      413.5747    59230   33.41%
    723   198      411.2538   222      310.0000      412.6334    69017   33.11%
    798   267      407.5166   206      310.0000      411.9802    77383   32.90%
    887   352      400.2100   187      310.0000      411.5091    86857   32.74%
    959   420      366.6812   127      310.0000      411.4021    98650   32.71%
   1066   518      371.2087   130      310.0000      411.2495   108130   32.66%
   1168   606      402.5138   234      310.0000      411.1533   116699   32.63%
   1282   706      341.5072    85      310.0000      411.1428   126759   32.63%
   1330   748      374.9420   140      310.0000      411.1285   136731   32.62%
Elapsed time = 14.96 sec. (19966.02 ticks, tree = 0.99 MB, solutions = 4)
   1447   848      406.7263   225      310.0000      410.1642   145266   32.31%
*  1487+  881                          315.0000      410.1642            30.21%
   1524   916      398.4020   184      315.0000      409.9447   153348   30.14%
   1607   991      373.5567   154      315.0000      409.8309   161420   30.11%
   1669  1045      352.1281   135      315.0000      409.7585   171337   30.08%
   1731  1101      388.7407   169      315.0000      409.6792   179542   30.06%
   1849  1207      385.7018   190      315.0000      409.6466   190079   30.05%
   1968  1311      342.7293    86      315.0000      409.5251   202863   30.01%
   2091  1420      335.2295    84      315.0000      409.4863   212354   30.00%
   2172  1485      394.5205   205      315.0000      408.7288   223328   29.76%
   2230  1535      393.8888   165      315.0000      408.2149   234542   29.59%
Elapsed time = 22.07 sec. (29690.66 ticks, tree = 1.74 MB, solutions = 5)
   2381  1674      382.3059   191      315.0000      408.1391   244789   29.57%
   2453  1735      397.9706   222      315.0000      408.0431   253901   29.54%
   2490  1770      356.7548   167      315.0000      408.0431   264541   29.54%
*  2567+ 1813                          320.0000      408.0354            27.51%
   2589  1837      356.1377   115      320.0000      408.0354   273943   27.51%
*  2667+ 1853                          325.0000      407.6770            25.44%
*  2667+ 1615                          340.0000      407.6770            19.90%
   2667  1617      373.9705   189      340.0000      407.6770   283123   19.90%
   2729  1665      392.4502   188      340.0000      407.6629   292731   19.90%
   2774  1705      396.0412   205      340.0000      407.6346   301599   19.89%
   2862  1783      403.6871   221      340.0000      407.4333   311948   19.83%
   2914  1828      396.8278   210      340.0000      407.4233   319590   19.83%
   2973  1881      382.5994   143      340.0000      407.4094   329257   19.83%
Elapsed time = 29.16 sec. (39563.54 ticks, tree = 2.06 MB, solutions = 8)
   3070  1969      394.7094   221      340.0000      407.2758   339209   19.79%
   3167  2054      371.1349   169      340.0000      407.0658   349532   19.73%
   3241  2112      392.5546   222      340.0000      406.5823   360383   19.58%
   3315  2180      377.7091   189      340.0000      406.5343   369460   19.57%
   3386  2243      395.9780   186      340.0000      406.4955   378333   19.56%
   3424  2274      390.2345   164      340.0000      406.4559   387976   19.55%
   3507  2342      381.5499   177      340.0000      406.1731   399138   19.46%
   3591  2418      397.1198   208      340.0000      406.1008   409580   19.44%
   3648  2465      384.5814   184      340.0000      405.7546   418762   19.34%
   3723  2534      367.9104   123      340.0000      405.7115   426971   19.33%
Elapsed time = 36.20 sec. (49307.31 ticks, tree = 2.79 MB, solutions = 8)
   3797  2593        cutoff            340.0000      405.5067   436719   19.27%
   3859  2641      371.7208   174      340.0000      405.4488   445171   19.25%
   3931  2703      392.6456   210      340.0000      405.4231   453379   19.24%
   4002  2766      384.5881   155      340.0000      405.4071   465094   19.24%
   4069  2824      353.9937   157      340.0000      405.2589   475904   19.19%
   4160  2898      400.4274   177      340.0000      405.0710   488207   19.14%
   4246  2971      384.5594   155      340.0000      404.9864   500756   19.11%
   4346  3061      390.4387   189      340.0000      404.8757   511703   19.08%
   4406  3111      381.1031   170      340.0000      404.8338   522647   19.07%
   4476  3178      362.4812    83      340.0000      404.7395   532971   19.04%
Elapsed time = 43.37 sec. (58997.40 ticks, tree = 3.42 MB, solutions = 8)
   4570  3263      399.9871   200      340.0000      404.7036   541750   19.03%
   4648  3330      398.1159   227      340.0000      404.5530   551731   18.99%
   4695  3369      393.3046   206      340.0000      404.4897   561931   18.97%
   4767  3429      385.5426   215      340.0000      404.3701   572526   18.93%
   4846  3497      400.7267   192      340.0000      404.2714   582359   18.90%
   4897  3539      386.9173   190      340.0000      404.2533   591083   18.90%
   4999  3633      396.6531   220      340.0000      404.2189   600819   18.89%
   5075  3705      362.8458   132      340.0000      404.1653   611321   18.87%
   5139  3763      359.8593   121      340.0000      403.9772   622098   18.82%
   5210  3822      372.0766   129      340.0000      403.8354   632899   18.78%
Elapsed time = 50.40 sec. (68692.39 ticks, tree = 4.03 MB, solutions = 8)
   5330  3921      402.6148   223      340.0000      403.7374   643169   18.75%
   5377  3968      356.7758   144      340.0000      403.7374   656096   18.75%
   5470  4049      376.5192   170      340.0000      403.5643   667649   18.70%
   5558  4125      394.4211   213      340.0000      403.4629   679092   18.67%
   5614  4175      375.1385   162      340.0000      403.4179   692197   18.65%
   5736  4286      382.5004   175      340.0000      403.3869   704317   18.64%
   5836  4369      378.6068   158      340.0000      403.2791   716625   18.61%
   5958  4475      385.5116   202      340.0000      403.1243   730184   18.57%
   6047  4554        cutoff            340.0000      403.1128   742520   18.56%
   6127  4630      361.7192   133      340.0000      403.0801   754876   18.55%
Elapsed time = 57.41 sec. (78323.01 ticks, tree = 4.91 MB, solutions = 8)
   6216  4704      365.7235   165      340.0000      403.0312   767802   18.54%
   6286  4760      392.4632   212      340.0000      402.9824   780457   18.52%
   6372  4836      398.6857   196      340.0000      402.9496   791255   18.51%
   6421  4874      373.8963   178      340.0000      402.9124   802321   18.50%
   6470  4915      365.2545   119      340.0000      402.8767   812274   18.49%
   6523  4959      364.1871   145      340.0000      402.8561   822594   18.49%
   6634  5049      401.4051   219      340.0000      402.8286   833733   18.48%
   6705  5112      390.3344   198      340.0000      402.7871   844408   18.47%
   6797  5185      395.9876   210      340.0000      402.7652   854631   18.46%
   6865  5242      395.8693   223      340.0000      402.7531   863846   18.46%
Elapsed time = 64.55 sec. (88032.30 ticks, tree = 5.47 MB, solutions = 8)
   6918  5284      383.3008   192      340.0000      402.7329   873689   18.45%
   6978  5334      379.4547   171      340.0000      402.7098   884004   18.44%
   7054  5401      385.7493   183      340.0000      402.6613   895210   18.43%
   7152  5488      396.2679   221      340.0000      402.6431   906414   18.42%
   7199  5529      386.2556   186      340.0000      402.5464   915835   18.40%
   7253  5579      392.3333   203      340.0000      402.5102   927877   18.39%
   7305  5621      367.4723   171      340.0000      402.3624   937232   18.34%
   7392  5694      354.2184   136      340.0000      402.3394   949282   18.34%
   7481  5769      350.0000    72      340.0000      402.1807   961498   18.29%
   7784  6013      399.2912   232      340.0000      402.0790  1007518   18.26%
Elapsed time = 73.81 sec. (100510.38 ticks, tree = 6.17 MB, solutions = 8)
   8163  6341      395.9281   210      340.0000      401.8278  1056851   18.18%
   8474  6600      385.6900   199      340.0000      401.5320  1105070   18.10%
   8756  6828      376.7219   160      340.0000      401.3979  1147889   18.06%
   9023  7043      396.2871   221      340.0000      401.1708  1191618   17.99%
   9287  7263      360.6650   149      340.0000      401.0532  1233517   17.96%
   9637  7566      382.3617   182      340.0000      400.9340  1277457   17.92%
  10003  7877      352.5000    97      340.0000      400.7394  1324921   17.86%
  10228  8057      393.2088   206      340.0000      400.5498  1353381   17.81%
  10229  8058      397.6421   212      340.0000      400.5201  1353677   17.80%
  10635  8419      372.1235   156      340.0000      400.2153  1403852   17.71%
Elapsed time = 108.15 sec. (143875.42 ticks, tree = 8.76 MB, solutions = 8)
  11022  8739      394.7315   211      340.0000      400.0570  1453311   17.66%
  11369  9022      372.3476   136      340.0000      399.9285  1499921   17.63%
  11685  9290      375.5401   177      340.0000      399.8346  1544310   17.60%
  11995  9545      393.2166   204      340.0000      399.7196  1588569   17.56%
  12307  9809      389.6896   202      340.0000      399.6360  1634123   17.54%
  12570 10020      371.7866   153      340.0000      399.5443  1677327   17.51%
  12872 10270      383.6121   158      340.0000      399.4357  1722489   17.48%
  13173 10509      367.1294   147      340.0000      399.3239  1768083   17.45%
  13495 10781      389.9752   190      340.0000      399.1639  1814654   17.40%
Starting limited solution polishing.
  13928 11153      369.1886   146      340.0000      399.0787  1862407   17.38%
Elapsed time = 136.83 sec. (182209.64 ticks, tree = 11.31 MB, solutions = 8)
* 13987+10584                          345.0000      399.0293            15.66%
  14287 10841      369.8173   156      345.0000      398.8980  1907130   15.62%
  14584 11077      397.7666   191      345.0000      398.8256  1949056   15.60%
  14875 11320      385.9396   200      345.0000      398.7212  1989146   15.57%
  15185 11576      354.4741   105      345.0000      398.6541  2028784   15.55%

GUB cover cuts applied:  130
Clique cuts applied:  76
Cover cuts applied:  61
Implied bound cuts applied:  67
Flow cuts applied:  32
Mixed integer rounding cuts applied:  158
Zero-half cuts applied:  68
Lift and project cuts applied:  31
Gomory fractional cuts applied:  9

Root node processing (before b&c):
  Real time             =    1.05 sec. (1274.98 ticks)
Sequential b&c:
  Real time             =  148.95 sec. (197784.86 ticks)
                          ------------
Total (root+branch&cut) =  150.00 sec. (199059.85 ticks)

Solution pool: 10 solutions saved.

MIP - Time limit exceeded, integer feasible:  Objective =  3.4500000000e+02
Current MIP best bound =  3.9864245169e+02 (gap = 53.6425, 15.55%)
Solution time =  150.00 sec.  Iterations = 2036463  Nodes = 15217 (11598)
Deterministic time = 199059.86 ticks  (1327.06 ticks/sec)


Incumbent solution
Variable Name           Solution Value
F                           345.000000
y39                           1.000000
y86                           1.000000
y12                           1.000000
y2                            1.000000
y115                          1.000000
y87                           1.000000
y153                          1.000000
y73                           1.000000
y29                           1.000000
y17                           1.000000
y143                          1.000000
y121                          1.000000
y145                          1.000000
y45                           1.000000
y20                           1.000000
y97                           1.000000
y59                           1.000000
y4                            1.000000
y56                           1.000000
y74                           1.000000
x61x87x1                      1.000000
x61x29x1                      1.000000
x85x115x1                     1.000000
x142x86x1                     1.000000
x71x115x1                     1.000000
x8x73x1                       1.000000
x26x17x2                      1.000000
x5x153x2                      1.000000
x109x29x2                     1.000000
x71x2x2                       1.000000
x76x86x2                      1.000000
x8x153x2                      1.000000
x26x12x3                      1.000000
x5x12x3                       1.000000
x85x17x3                      1.000000
x109x2x3                      1.000000
x142x39x3                     1.000000
x76x39x3                      1.000000
x39x87x3                      1.000000
x39x143x3                     1.000000
x86x143x1                     1.000000
x86x73x2                      1.000000
x12x121x3                     1.000000
x12x145x3                     1.000000
x2x145x2                      1.000000
x2x45x3                       1.000000
x115x45x1                     1.000000
x115x74x1                     1.000000
x87x4x1                       1.000000
x87x4x3                       1.000000
x153x97x2                     2.000000
x73x20x1                      1.000000
x73x59x2                      1.000000
x29x56x1                      1.000000
x29x56x2                      1.000000
x17x74x2                      1.000000
x17x121x3                     1.000000
x143x59x1                     1.000000
x143x20x3                     1.000000
x121x0x3                      2.000000
x145x0x2                      1.000000
x145x0x3                      1.000000
x45x0x1                       1.000000
x45x0x3                       1.000000
x20x0x1                       1.000000
x20x0x3                       1.000000
x97x0x2                       2.000000
x59x0x1                       1.000000
x59x0x2                       1.000000
x4x0x1                        1.000000
x4x0x3                        1.000000
x56x0x1                       1.000000
x56x0x2                       1.000000
x74x0x1                       1.000000
x74x0x2                       1.000000
s26                           5.100220
s32                           6.200000
s81                           7.114585
s140                          6.220000
s90                           6.230000
s78                           6.240000
s165                          6.410000
s96                           7.285009
s12                           7.143715
z26z12z3                      1.000000
s68                           6.460000
s147                          6.480000
s2                            7.422668
s77                           6.600000
s87                           7.710000
s153                          7.426184
s55                           6.780000
s73                           7.678429
s70                           6.880000
s29                           7.876462
s135                          7.950000
s107                          8.010000
s120                          8.070000
s17                           7.206668
z26z17z2                      1.000000
s143                          7.738352
s148                          7.210000
z26z148z3                     1.000000
s160                          8.290000
s44                           8.440000
s156                          7.540000
s40                           8.700000
s98                           8.730000
z26z98z3                      1.000000
s121                          8.740000
z26z121z3                     1.000000
s145                          8.650216
s72                           8.900000
s157                          8.910000
s45                           8.930000
s126                          8.930000
z26z126z2                     1.000000
s20                           8.846878
s83                           9.120000
z26z83z2                      1.000000
s97                           9.150000
z26z97z2                      1.000000
s59                           8.997455
s4                            9.250000
s56                           9.310000
s164                          9.380000
z26z164z2                     1.000000
s69                           9.410000
z26z69z2                      1.000000
s74                           9.480000
s61                           5.317560
s19                           6.650000
z61z87z1                      1.000000
z61z29z1                      1.000000
s132                          8.110000
s5                            5.118790
z5z12z3                       1.000000
z5z153z2                      1.000000
z5z98z3                       1.000000
z5z121z3                      1.000000
z5z126z2                      1.000000
z5z83z2                       1.000000
z5z97z2                       1.000000
z5z164z2                      1.000000
z5z69z2                       1.000000
s85                           5.169910
s37                           5.790000
s115                          7.356744
z85z115z1                     1.000000
z85z132z1                     1.000000
z85z17z3                      1.000000
z85z148z3                     1.000000
z85z160z3                     1.000000
z85z44z3                      1.000000
z85z98z3                      1.000000
z85z121z3                     1.000000
s109                          5.841890
z109z2z3                      1.000000
z109z29z2                     1.000000
z109z98z3                     1.000000
z109z126z2                    1.000000
z109z83z2                     1.000000
z109z97z2                     1.000000
z109z164z2                    1.000000
z109z69z2                     1.000000
s142                          5.148910
s58                           5.320000
s93                           5.330000
s39                           6.361315
z142z39z3                     1.000000
s47                           5.450000
s43                           5.470000
s86                           6.403555
z142z86z1                     1.000000
z142z115z1                    1.000000
z142z77z3                     1.000000
z142z19z1                     1.000000
z142z132z1                    1.000000
z142z148z3                    1.000000
z142z160z3                    1.000000
z142z44z3                     1.000000
z142z98z3                     1.000000
z142z121z3                    1.000000
s71                           5.279150
s42                           6.020000
z71z2z2                       1.000000
z71z115z1                     1.000000
z71z132z1                     1.000000
z71z126z2                     1.000000
z71z83z2                      1.000000
z71z97z2                      1.000000
z71z164z2                     1.000000
z71z69z2                      1.000000
s76                           5.061810
z76z39z3                      1.000000
s64                           5.380000
s62                           5.410000
z76z86z2                      1.000000
z76z77z3                      1.000000
z76z148z3                     1.000000
z76z160z3                     1.000000
z76z44z3                      1.000000
z76z98z3                      1.000000
z76z121z3                     1.000000
z76z126z2                     1.000000
z76z83z2                      1.000000
z76z97z2                      1.000000
z76z164z2                     1.000000
z76z69z2                      1.000000
s8                            5.719490
z8z153z2                      1.000000
z8z73z1                       1.000000
z8z126z2                      1.000000
z8z83z2                       1.000000
z8z97z2                       1.000000
z8z164z2                      1.000000
z8z69z2                       1.000000
z39z87z3                      1.000000
z39z143z3                     1.000000
z62z83z2                      1.000000
z62z164z2                     1.000000
z62z69z2                      1.000000
z86z73z2                      1.000000
z86z143z1                     1.000000
z86z83z2                      1.000000
z86z164z2                     1.000000
z86z69z2                      1.000000
z37z164z2                     1.000000
z37z69z2                      1.000000
z42z164z2                     1.000000
z42z69z2                      1.000000
z81z164z2                     1.000000
z81z69z2                      1.000000
z140z164z2                    1.000000
z140z69z2                     1.000000
z12z121z3                     1.000000
z12z145z3                     1.000000
z2z145z2                      1.000000
z2z45z3                       1.000000
z2z164z2                      1.000000
z2z69z2                       1.000000
z115z45z1                     1.000000
z115z74z1                     1.000000
z87z4z1                       1.000000
z87z4z3                       1.000000
z153z97z2                     1.000000
z153z164z2                    1.000000
z153z69z2                     1.000000
z73z20z1                      1.000000
z73z59z2                      1.000000
z70z164z2                     1.000000
z70z69z2                      1.000000
z29z56z1                      1.000000
z29z56z2                      1.000000
z29z164z2                     1.000000
z29z69z2                      1.000000
z135z164z2                    1.000000
z135z69z2                     1.000000
z17z121z3                     1.000000
z17z74z2                      1.000000
z143z20z3                     1.000000
z143z59z1                     1.000000
All other variables in the range 1-3174 are 0.
