
Log started (V12.10.0.0) Thu Apr  8 18:14:35 2021


Problem 'asset.lp' read.
Read time = 0.00 sec. (0.11 ticks)
New value for default parallel thread count: 1
New value for time limit in seconds: 200
Version identifier: 12.10.0.0 | 2019-11-26 | 843d4de
CPXPARAM_Threads                                 1
CPXPARAM_TimeLimit                               200
Found incumbent of value -0.566885 after 0.00 sec. (0.05 ticks)
Tried aggregator 7 times.
MIP Presolve eliminated 498 rows and 32 columns.
MIP Presolve modified 1028 coefficients.
Aggregator did 339 substitutions.
Reduced MIP has 414 rows, 474 columns, and 1917 nonzeros.
Reduced MIP has 399 binaries, 46 generals, 0 SOSs, and 0 indicators.
Presolve time = 0.01 sec. (7.36 ticks)
Probing time = 0.00 sec. (1.29 ticks)
Tried aggregator 1 time.
Detecting symmetries...
MIP Presolve eliminated 8 rows and 8 columns.
MIP Presolve modified 116 coefficients.
Reduced MIP has 406 rows, 466 columns, and 1828 nonzeros.
Reduced MIP has 391 binaries, 46 generals, 0 SOSs, and 0 indicators.
Presolve time = 0.00 sec. (1.90 ticks)
Probing time = 0.00 sec. (1.23 ticks)
Clique table members: 1293.
MIP emphasis: balance optimality and feasibility.
MIP search method: dynamic search.
Parallel mode: none, using 1 thread.
Root relaxation solution time = 0.01 sec. (5.53 ticks)

        Nodes                                         Cuts/
   Node  Left     Objective  IInf  Best Integer    Best Bound    ItCnt     Gap

*     0+    0                           -0.5669      693.5856              --- 
      0     0      678.6831   143       -0.5669      678.6831      374     --- 
      0     0      643.5398   143       -0.5669     Cuts: 201      610     --- 
      0     0      621.9613   143       -0.5669     Cuts: 201      768     --- 
      0     0      611.7326   143       -0.5669     Cuts: 201      864     --- 
*     0+    0                          488.3880      611.7326            25.26%
      0     0      609.6079   143      488.3880     Cuts: 180      947   24.82%
      0     0      608.0676   143      488.3880     Cuts: 102     1012   24.51%
Detecting symmetries...
      0     0      606.2045   143      488.3880      Cuts: 86     1076   24.12%
      0     0      605.7906   143      488.3880      Cuts: 98     1131   24.04%
      0     0      605.1161   143      488.3880      Cuts: 49     1194   23.90%
      0     0      604.9901   143      488.3880      Cuts: 32     1233   23.87%
      0     0      604.8219   143      488.3880      Cuts: 71     1261   23.84%
      0     0      604.5568   143      488.3880      Cuts: 24     1285   23.79%
      0     0      604.2755   143      488.3880      Cuts: 36     1308   23.73%
      0     0      603.8212   143      488.3880      Cuts: 28     1343   23.64%
      0     0      603.4322   143      488.3880      Cuts: 14     1376   23.56%
      0     0      603.2333   143      488.3880      Cuts: 42     1413   23.52%
      0     0      603.0896   143      488.3880      Cuts: 62     1462   23.49%
      0     0      602.9981   143      488.3880      Cuts: 51     1501   23.47%
      0     0      602.9061   143      488.3880      Cuts: 31     1530   23.45%
*     0+    0                          488.3974      602.9061            23.45%
*     0+    0                          488.4090      602.9061            23.44%
      0     0        cutoff            488.4090      602.9061     1530   23.44%
Detecting symmetries...
      0     2      602.9061   158      488.4090      602.9025     1530   23.44%
Elapsed time = 0.21 sec. (198.52 ticks, tree = 0.01 MB, solutions = 3)
    160   147      524.5468    79      488.4090      599.4713     8850   22.74%
    358   315      550.1834   100      488.4090      596.2894    16168   22.09%

Performing restart 1

Repeating presolve.
Tried aggregator 1 time.
MIP Presolve modified 259 coefficients.
Reduced MIP has 406 rows, 466 columns, and 1649 nonzeros.
Reduced MIP has 391 binaries, 46 generals, 0 SOSs, and 0 indicators.
Presolve time = 0.00 sec. (1.47 ticks)
Tried aggregator 1 time.
Reduced MIP has 406 rows, 466 columns, and 1649 nonzeros.
Reduced MIP has 391 binaries, 46 generals, 0 SOSs, and 0 indicators.
Presolve time = 0.00 sec. (1.25 ticks)
Represolve time = 0.01 sec. (7.27 ticks)
    481     0      540.5034   144      488.4090     Cuts: 201    22883   10.67%
    481     0      535.8055   144      488.4090     Cuts: 108    22995    9.70%
    481     0      532.3529   144      488.4090      Cuts: 87    23114    9.00%
    481     0      530.4856   144      488.4090     Cuts: 103    23290    8.62%
    481     0      528.3779   144      488.4090      Cuts: 81    23376    8.18%
    481     0      527.4694   144      488.4090     Cuts: 109    23425    8.00%
    481     0      525.3320   144      488.4090      Cuts: 72    23502    7.56%
    481     0      523.3218   144      488.4090      Cuts: 96    23595    7.15%
    481     0      522.3085   144      488.4090      Cuts: 97    23684    6.94%
    481     0      522.0362   144      488.4090      Cuts: 71    23756    6.89%
    481     0      521.5650   144      488.4090      Cuts: 50    23853    6.79%
    481     0      521.4476   144      488.4090      Cuts: 64    23921    6.76%
    481     0      521.3494   144      488.4090      Cuts: 47    24002    6.74%
    481     0      521.2221   144      488.4090      Cuts: 25    24040    6.72%
    481     0      520.9781   144      488.4090      Cuts: 19    24075    6.67%
    481     0      520.6860   144      488.4090      Cuts: 26    24147    6.61%
    481     0      520.6584   144      488.4090      Cuts: 53    24199    6.60%
    481     0      520.5814   144      488.4090      Cuts: 15    24237    6.59%
    481     0      520.5182   144      488.4090      Cuts: 25    24299    6.57%
    481     0      520.5130   144      488.4090      Cuts: 14    24315    6.57%
    481     0      520.5022   144      488.4090      Cuts: 18    24335    6.57%
    481     0      520.4851   144      488.4090      Cuts: 16    24374    6.57%
    481     0      520.4606   144      488.4090       Cuts: 9    24404    6.56%
*   481+    0                          506.6292      520.4606             2.73%
*   481+    0                          506.6327      520.4606             2.73%
    481     0        cutoff            506.6327      520.4606    24404    2.73%
    481     2      517.7661   108      506.6327      517.6569    24593    2.18%
    503    11      504.4387    67      506.6327      515.4943    25691    1.75%
*   532    19      integral     0      506.6332      509.8312    26232    0.63%
*   540     9      integral     0      507.1628      509.3981    26281    0.44%
*   551+   14                          507.1673      509.1549             0.39%
*   570    27      integral     0      507.1677      508.3031    26624    0.22%

GUB cover cuts applied:  5
Clique cuts applied:  64
Implied bound cuts applied:  36
Flow cuts applied:  2
Mixed integer rounding cuts applied:  40
Zero-half cuts applied:  22
Lift and project cuts applied:  7
Gomory fractional cuts applied:  4

Root node processing (before b&c):
  Real time             =    0.21 sec. (198.58 ticks)
Sequential b&c:
  Real time             =    1.89 sec. (2077.80 ticks)
                          ------------
Total (root+branch&cut) =    2.10 sec. (2276.37 ticks)

Solution pool: 10 solutions saved.

MIP - Integer optimal, tolerance (0.0001/1e-06):  Objective =  5.0716773410e+02
Current MIP best bound =  5.0718002334e+02 (gap = 0.0122892, 0.00%)
Solution time =    2.10 sec.  Iterations = 26641  Nodes = 573 (24)
Deterministic time = 2276.38 ticks  (1082.68 ticks/sec)


Incumbent solution
Variable Name           Solution Value
F                           580.000000
f1                            0.662266
f2                           72.170000
y92                           1.000000
y37                           1.000000
y123                          1.000000
y24                           1.000000
y8                            1.000000
y56                           1.000000
y99                           1.000000
y172                          1.000000
y70                           1.000000
y47                           1.000000
y148                          1.000000
y190                          1.000000
y21                           1.000000
y122                          1.000000
y128                          1.000000
y187                          1.000000
y5                            1.000000
y53                           1.000000
s153                          0.590000
s92                           0.868664
s37                           0.834719
s123                          0.855440
s24                           0.920000
s8                            0.980000
s56                           1.080000
s136                          1.160000
s99                           2.001103
s172                          1.190000
s78                           1.200000
s19                           1.230000
s57                           1.230000
s165                          1.260000
s25                           1.290000
s70                           1.290000
s87                           1.350000
s4                            1.360000
s47                           1.390000
s148                          2.180444
s190                          2.387101
s21                           2.061377
s122                          2.030353
s32                           1.470000
s188                          1.530000
s128                          2.492759
s65                           1.580000
s177                          1.610000
s125                          1.670000
s187                          2.526789
s30                           1.690000
s5                            2.503529
s53                           2.474997
s126                          1.700000
x0x24x1                       1.000000
x0x8x1                        1.000000
x0x172x1                      2.000000
x0x70x1                       1.000000
x0x47x1                       1.000000
x0x92x2                       1.000000
x0x37x2                       2.000000
x0x8x2                        1.000000
x0x56x2                       1.000000
x0x70x2                       1.000000
x0x92x3                       1.000000
x0x123x3                      2.000000
x0x24x3                       1.000000
x0x56x3                       1.000000
x0x47x3                       1.000000
x92x99x2                      1.000000
x92x148x3                     1.000000
x37x53x2                      2.000000
x123x21x3                     1.000000
x123x122x3                    1.000000
x24x122x1                     1.000000
x24x99x3                      1.000000
x8x21x1                       1.000000
x8x148x2                      1.000000
x56x190x2                     1.000000
x56x190x3                     1.000000
x99x0x2                       1.000000
x99x0x3                       1.000000
x172x187x1                    1.000000
x172x5x1                      1.000000
x70x128x1                     1.000000
x70x128x2                     1.000000
x47x5x1                       1.000000
x47x187x3                     1.000000
x148x0x2                      1.000000
x148x0x3                      1.000000
x190x0x2                      1.000000
x190x0x3                      1.000000
x21x0x1                       1.000000
x21x0x3                       1.000000
x122x0x1                      1.000000
x122x0x3                      1.000000
x128x0x1                      1.000000
x128x0x2                      1.000000
x187x0x1                      1.000000
x187x0x3                      1.000000
x5x0x1                        2.000000
x53x0x2                       2.000000
z0z92z2                       1.000000
z0z92z3                       1.000000
z0z37z2                       1.000000
z0z123z3                      1.000000
z0z24z1                       1.000000
z0z24z3                       1.000000
z0z8z1                        1.000000
z0z8z2                        1.000000
z0z56z2                       1.000000
z0z56z3                       1.000000
z0z136z2                      1.000000
z0z172z1                      1.000000
z0z78z1                       1.000000
z0z57z3                       1.000000
z0z165z2                      1.000000
z0z70z1                       1.000000
z0z70z2                       1.000000
z0z4z3                        1.000000
z0z47z1                       1.000000
z0z47z3                       1.000000
z0z32z3                       1.000000
z0z65z3                       1.000000
z0z177z3                      1.000000
z0z30z3                       1.000000
z0z5z1                        1.000000
z0z53z2                       1.000000
z92z99z2                      1.000000
z92z148z3                     1.000000
z37z53z2                      1.000000
z123z21z3                     1.000000
z123z122z3                    1.000000
z24z99z3                      1.000000
z24z122z1                     1.000000
z8z148z2                      1.000000
z8z21z1                       1.000000
z56z190z2                     1.000000
z56z190z3                     1.000000
z172z187z1                    1.000000
z172z5z1                      1.000000
z70z128z1                     1.000000
z70z128z2                     1.000000
z47z187z3                     1.000000
z47z5z1                       1.000000
All other variables in the range 1-848 are 0.
