
Log started (V12.10.0.0) Thu Apr  8 18:19:10 2021


Problem 'asset.lp' read.
Read time = 0.00 sec. (0.09 ticks)
New value for default parallel thread count: 1
New value for time limit in seconds: 200
Version identifier: 12.10.0.0 | 2019-11-26 | 843d4de
CPXPARAM_Threads                                 1
CPXPARAM_TimeLimit                               200
Found incumbent of value -0.844451 after 0.00 sec. (0.04 ticks)
Tried aggregator 3 times.
MIP Presolve eliminated 871 rows and 537 columns.
MIP Presolve modified 575 coefficients.
Aggregator did 60 substitutions.
Reduced MIP has 91 rows, 93 columns, and 291 nonzeros.
Reduced MIP has 78 binaries, 6 generals, 0 SOSs, and 0 indicators.
Presolve time = 0.00 sec. (1.41 ticks)
Probing fixed 0 vars, tightened 1 bounds.
Probing time = 0.00 sec. (0.08 ticks)
Tried aggregator 1 time.
MIP Presolve eliminated 15 rows and 15 columns.
Reduced MIP has 76 rows, 78 columns, and 226 nonzeros.
Reduced MIP has 65 binaries, 4 generals, 0 SOSs, and 0 indicators.
Presolve time = 0.00 sec. (0.21 ticks)
Probing time = 0.00 sec. (0.05 ticks)
Tried aggregator 1 time.
Detecting symmetries...
Reduced MIP has 76 rows, 78 columns, and 226 nonzeros.
Reduced MIP has 65 binaries, 4 generals, 0 SOSs, and 0 indicators.
Presolve time = 0.00 sec. (0.16 ticks)
Probing time = 0.00 sec. (0.05 ticks)
Clique table members: 33.
MIP emphasis: balance optimality and feasibility.
MIP search method: dynamic search.
Parallel mode: none, using 1 thread.
Root relaxation solution time = 0.00 sec. (0.36 ticks)

        Nodes                                         Cuts/
   Node  Left     Objective  IInf  Best Integer    Best Bound    ItCnt     Gap

*     0+    0                           -0.8445      219.7807              --- 
      0     0      208.1099    51       -0.8445      208.1099       59     --- 
*     0+    0                          204.4524      208.1099             1.79%
      0     0      206.2206    51      204.4524      Cuts: 45       92    0.86%
      0     0      204.5182    51      204.4524       Cuts: 7      116    0.03%
*     0+    0                          204.5123      204.5182             0.00%

Implied bound cuts applied:  12
Zero-half cuts applied:  3
Gomory fractional cuts applied:  8

Root node processing (before b&c):
  Real time             =    0.01 sec. (5.10 ticks)
Sequential b&c:
  Real time             =    0.00 sec. (0.00 ticks)
                          ------------
Total (root+branch&cut) =    0.01 sec. (5.10 ticks)

Solution pool: 3 solutions saved.

MIP - Integer optimal, tolerance (0.0001/1e-06):  Objective =  2.0451228112e+02
Current MIP best bound =  2.0451817497e+02 (gap = 0.00589385, 0.00%)
Solution time =    0.01 sec.  Iterations = 116  Nodes = 0 (1)
Deterministic time = 5.10 ticks  (506.60 ticks/sec)


Incumbent solution
Variable Name           Solution Value
F                           220.000000
f1                            0.857719
f2                           14.630000
y175                          1.000000
y155                          1.000000
y16                           1.000000
y19                           1.000000
y145                          1.000000
y176                          1.000000
y17                           1.000000
y166                          1.000000
s111                          3.760000
s144                          3.780000
s65                           3.790000
s160                          3.790000
s40                           3.800000
s136                          3.810000
s12                           3.850000
s89                           3.880000
s35                           3.900000
s73                           3.900000
s8                            3.930000
s10                           3.940000
s84                           3.970000
s100                          3.980000
s31                           3.990000
s6                            4.000000
s15                           4.150000
s66                           4.250000
s128                          4.430000
s67                           4.460000
s127                          4.470000
s105                          4.690000
s175                          5.446446
s155                          5.815435
s16                           5.779881
s19                           5.794084
s74                           5.400000
s145                          5.637194
s176                          5.660108
s17                           5.818769
s166                          5.890000
x21x16x1                      1.000000
x21x166x1                     1.000000
x108x19x1                     1.000000
x108x17x1                     1.000000
x132x145x1                    1.000000
x106x145x1                    1.000000
x51x19x2                      1.000000
x23x155x2                     1.000000
x60x175x2                     1.000000
x60x155x2                     1.000000
x93x175x3                     1.000000
x93x176x3                     1.000000
x71x16x3                      1.000000
x51x176x3                     1.000000
x23x166x3                     1.000000
x132x17x3                     1.000000
x175x0x2                      1.000000
x175x0x3                      1.000000
x155x0x2                      2.000000
x16x0x1                       1.000000
x16x0x3                       1.000000
x19x0x1                       1.000000
x19x0x2                       1.000000
x145x0x1                      2.000000
x176x0x3                      2.000000
x17x0x1                       1.000000
x17x0x3                       1.000000
x166x0x1                      1.000000
x166x0x3                      1.000000
s21                           3.947042
z21z16z1                      1.000000
z21z145z1                     1.000000
z21z166z1                     1.000000
s93                           3.683441
z93z175z3                     1.000000
z93z176z3                     1.000000
s71                           4.366667
z71z16z3                      1.000000
s108                          4.119321
z108z19z1                     1.000000
z108z17z1                     1.000000
s51                           3.979907
z51z19z2                      1.000000
z51z176z3                     1.000000
s23                           4.386667
z23z155z2                     1.000000
z23z166z3                     1.000000
s132                          4.228660
z132z145z1                    1.000000
z132z17z3                     1.000000
s106                          4.286146
z106z145z1                    1.000000
s60                           4.186356
z60z175z2                     1.000000
z60z155z2                     1.000000
All other variables in the range 1-693 are 0.
