
Log started (V12.10.0.0) Fri Apr 23 11:36:23 2021


Problem 'asset.lp' read.
Read time = 0.01 sec. (0.48 ticks)
New value for default parallel thread count: 1
New value for time limit in seconds: 150
Version identifier: 12.10.0.0 | 2019-11-26 | 843d4de
CPXPARAM_Threads                                 1
CPXPARAM_TimeLimit                               150
Found incumbent of value 0.000000 after 0.00 sec. (0.12 ticks)
Tried aggregator 3 times.
MIP Presolve eliminated 2538 rows and 459 columns.
MIP Presolve modified 2841 coefficients.
Aggregator did 1177 substitutions.
Reduced MIP has 1221 rows, 1678 columns, and 7057 nonzeros.
Reduced MIP has 1500 binaries, 134 generals, 0 SOSs, and 0 indicators.
Presolve time = 0.02 sec. (18.02 ticks)
Probing fixed 34 vars, tightened 2 bounds.
Probing time = 0.01 sec. (6.41 ticks)
Cover probing fixed 0 vars, tightened 11 bounds.
Tried aggregator 1 time.
Detecting symmetries...
MIP Presolve eliminated 43 rows and 43 columns.
MIP Presolve modified 152 coefficients.
Reduced MIP has 1178 rows, 1635 columns, and 6691 nonzeros.
Reduced MIP has 1459 binaries, 132 generals, 0 SOSs, and 0 indicators.
Presolve time = 0.01 sec. (6.49 ticks)
Probing time = 0.00 sec. (2.70 ticks)
Cover probing fixed 0 vars, tightened 1 bounds.
Clique table members: 4463.
Tightened 1 constraints.
MIP emphasis: balance optimality and feasibility.
MIP search method: dynamic search.
Parallel mode: none, using 1 thread.
Root relaxation solution time = 0.03 sec. (39.26 ticks)

        Nodes                                         Cuts/
   Node  Left     Objective  IInf  Best Integer    Best Bound    ItCnt     Gap

*     0+    0                            0.0000      710.0000              --- 
      0     0      710.0000   278        0.0000      710.0000      811     --- 
      0     0      703.7405   278        0.0000     Cuts: 189     2736     --- 
      0     0      698.6518   278        0.0000     Cuts: 394     4697     --- 
      0     0      697.2316   278        0.0000     Cuts: 394     5997     --- 
      0     0      697.1969   278        0.0000     Cuts: 394     7237     --- 
      0     0      696.8007   278        0.0000     Cuts: 394     9393     --- 
Detecting symmetries...
      0     0      695.8376   278        0.0000     Cuts: 394    10318     --- 
      0     0      693.9874   278        0.0000     Cuts: 394    11328     --- 
      0     0      693.4825   278        0.0000     Cuts: 394    12048     --- 
      0     0      692.1909   278        0.0000     Cuts: 354    12955     --- 
      0     0      691.2224   278        0.0000     Cuts: 394    13497     --- 
      0     0      690.8869   278        0.0000     Cuts: 394    14089     --- 
      0     0      690.0646   278        0.0000     Cuts: 355    15138     --- 
      0     0      689.6697   278        0.0000     Cuts: 394    15836     --- 
      0     0      688.7272   278        0.0000     Cuts: 392    16553     --- 
      0     0      688.0733   278        0.0000     Cuts: 345    17637     --- 
      0     0      688.0417   278        0.0000     Cuts: 394    18203     --- 
      0     0      687.5466   278        0.0000      Cuts: 98    18626     --- 
      0     0      686.7120   278        0.0000     Cuts: 394    19734     --- 
      0     0      686.5044   278        0.0000     Cuts: 394    20288     --- 
      0     0      686.3708   278        0.0000     Cuts: 394    20664     --- 
*     0+    0                           45.0000      686.3708              --- 
Detecting symmetries...
      0     2      686.3708   359       45.0000      686.3708    20664     --- 
Elapsed time = 2.20 sec. (2925.52 ticks, tree = 0.01 MB, solutions = 1)
     17    19      678.7557   277       45.0000      686.3708    23677     --- 
     27    27      664.1051   283       45.0000      686.3708    26582     --- 
     38    38      668.2802   281       45.0000      686.3708    30965     --- 
     47    47      647.7919   275       45.0000      686.3708    36009     --- 
     67    67      655.2333   236       45.0000      686.3708    39230     --- 
     81    81      599.3043   203       45.0000      686.3708    41753     --- 
    110   110      632.7657   226       45.0000      686.3708    44441     --- 
    150   145      686.3476   332       45.0000      686.3427    47015     --- 
    168   163      659.9033   262       45.0000      686.3427    49769     --- 
*   180+  173                          345.0000      686.3427            98.94%
    232   227      629.8606   219      345.0000      686.3427    60374   98.94%
Elapsed time = 4.91 sec. (6615.34 ticks, tree = 2.43 MB, solutions = 2)
    386   355      673.5873   313      345.0000      686.3410    70399   98.94%
    460   429      605.2026   219      345.0000      686.3410    78889   98.94%

Performing restart 1

Repeating presolve.
Tried aggregator 1 time.
MIP Presolve modified 1755 coefficients.
Reduced MIP has 1178 rows, 1635 columns, and 5640 nonzeros.
Reduced MIP has 1459 binaries, 132 generals, 0 SOSs, and 0 indicators.
Presolve time = 0.01 sec. (5.19 ticks)
Tried aggregator 1 time.
Reduced MIP has 1178 rows, 1635 columns, and 5640 nonzeros.
Reduced MIP has 1459 binaries, 132 generals, 0 SOSs, and 0 indicators.
Presolve time = 0.00 sec. (4.12 ticks)
Represolve time = 0.04 sec. (27.61 ticks)
    507     0      642.7029   377      345.0000     Cuts: 394    87041   86.29%
    507     0      630.0802   377      345.0000     Cuts: 336    88631   82.63%
    507     0      623.5216   377      345.0000     Cuts: 331    90198   80.73%
    507     0      620.7594   377      345.0000     Cuts: 278    91470   79.93%
    507     0      618.0247   377      345.0000     Cuts: 269    92684   79.14%
    507     0      616.5586   377      345.0000     Cuts: 257    93793   78.71%
*   507+    0                          355.0000      616.5586            73.68%
    507     0      614.1709   377      355.0000     Cuts: 268    94998   73.01%
    507     0      612.3918   377      355.0000     Cuts: 190    95842   72.50%
    507     0      611.9591   377      355.0000     Cuts: 178    96337   72.38%
    507     0      611.6747   377      355.0000     Cuts: 149    96792   72.30%
    507     0      611.2224   377      355.0000     Cuts: 139    97588   72.18%
    507     0      610.9871   377      355.0000     Cuts: 124    97988   72.11%
*   507+    0                          360.0000      610.9871            69.72%
    507     0      610.9121   377      360.0000     Cuts: 126    98256   69.70%
    507     0      610.6385   377      360.0000     Cuts: 101    98635   69.62%
    507     0      610.5204   377      360.0000     Cuts: 123    98905   69.59%
    507     0      610.0698   377      360.0000     Cuts: 121    99327   69.46%
    507     0      609.4487   377      360.0000     Cuts: 165    99784   69.29%
    507     0      608.9892   377      360.0000      Cuts: 92   100103   69.16%
    507     0      608.0518   377      360.0000     Cuts: 148   100411   68.90%
    507     0      607.9770   377      360.0000     Cuts: 132   100676   68.88%
    507     0      607.9312   377      360.0000      Cuts: 66   100830   68.87%
*   507+    0                          370.0000      607.9312            64.31%
    507     0      607.0650   377      370.0000      Cuts: 64   101473   64.07%
    507     0      606.7221   377      370.0000     Cuts: 142   101895   63.98%
    507     0      606.3953   377      370.0000     Cuts: 131   102562   63.89%
    507     0      606.1336   377      370.0000     Cuts: 135   103311   63.82%
    507     0      605.9222   377      370.0000     Cuts: 132   103761   63.76%
    507     0      604.7095   377      370.0000      Cuts: 91   104525   63.44%
    507     0      604.4951   377      370.0000     Cuts: 145   104911   63.38%
    507     0      604.2177   377      370.0000     Cuts: 136   105494   63.30%
    507     0      604.1193   377      370.0000      Cuts: 87   105855   63.28%
    507     0      603.5731   377      370.0000     Cuts: 109   106432   63.13%
    507     0      603.3640   377      370.0000     Cuts: 155   106934   63.07%
    507     0      603.2269   377      370.0000     Cuts: 152   107455   63.03%
    507     0      603.1571   377      370.0000     Cuts: 125   107686   63.02%
    507     2      603.1571   369      370.0000      603.1542   107686   63.01%
    510     5      598.5661   292      370.0000      602.1745   110791   62.75%
    515    10      595.1931   255      370.0000      602.1745   116627   62.75%
    520    15      587.1276   265      370.0000      602.1745   120692   62.75%
    532    27      582.9308   209      370.0000      602.1745   126876   62.75%
    541    36      568.5050   214      370.0000      602.1745   133336   62.75%
    557    50      567.3111   215      370.0000      602.1745   137460   62.75%
    587    76      564.8655   204      370.0000      602.1745   140896   62.75%
Elapsed time = 21.53 sec. (28192.89 ticks, tree = 0.44 MB, solutions = 5)
    653   130      600.2992   362      370.0000      600.2885   148982   62.24%
    666   143      583.3710   267      370.0000      600.2272   156180   62.22%
    689   166      568.4770   237      370.0000      600.2272   163311   62.22%
    723   194      579.9428   270      370.0000      600.0327   171115   62.17%
    745   214    infeasible            370.0000      600.0327   182144   62.17%
    747   214      590.7584   325      370.0000      598.7946   186373   61.84%
    758   225      554.0943   219      370.0000      598.7946   195116   61.84%
    801   255      569.7866   316      370.0000      595.4969   206608   60.95%
    830   280      577.5916   322      370.0000      595.4598   216168   60.94%
    836   286      568.0678   269      370.0000      595.4598   224638   60.94%
Elapsed time = 29.28 sec. (39377.88 ticks, tree = 0.68 MB, solutions = 5)
    860   310      531.9975   242      370.0000      595.4598   234501   60.94%
    931   368      578.9061   305      370.0000      595.1931   245803   60.86%
    984   421      511.8784   177      370.0000      595.1931   255140   60.86%
   1022   455      565.8752   252      370.0000      595.0999   261869   60.84%
   1057   486      585.9102   313      370.0000      594.9946   272297   60.81%
   1094   515      497.5303   167      370.0000      594.9946   280905   60.81%
   1107   524      586.2948   296      370.0000      594.8323   284758   60.77%
   1143   558      544.7496   244      370.0000      594.8323   293837   60.77%
   1167   578      560.9311   277      370.0000      593.7162   300437   60.46%
   1211   614      573.9198   282      370.0000      593.0613   312831   60.29%
Elapsed time = 36.89 sec. (50423.84 ticks, tree = 1.03 MB, solutions = 5)
   1253   642      575.7325   264      370.0000      592.9103   323474   60.25%
   1294   676      567.0167   299      370.0000      592.4816   333207   60.13%
   1309   691      508.8208   215      370.0000      592.4816   340470   60.13%
   1356   729      586.5398   301      370.0000      592.1597   347649   60.04%
   1386   759      524.0489   160      370.0000      592.1597   355864   60.04%
   1432   799      535.4960   202      370.0000      592.1223   365520   60.03%
   1502   859      573.6804   294      370.0000      591.9326   376603   59.98%
   1529   886      534.5264   178      370.0000      591.9326   384223   59.98%
   1566   919      591.3042   306      370.0000      591.8848   391160   59.97%
   1586   939      547.0084   203      370.0000      591.8848   399810   59.97%
Elapsed time = 43.83 sec. (60330.19 ticks, tree = 1.33 MB, solutions = 5)
   1629   971      574.6921   309      370.0000      591.5084   408102   59.87%
   1648   990      533.3638   242      370.0000      591.5084   418439   59.87%
   1676  1018      504.3866   189      370.0000      591.5084   428501   59.87%
   1775  1112      589.3186   330      370.0000      591.3280   437054   59.82%
   1802  1137      543.6485   213      370.0000      591.3280   447889   59.82%
   1850  1175      582.4344   320      370.0000      591.3032   455819   59.81%
   1868  1193      537.2146   223      370.0000      591.3032   465241   59.81%
   1919  1240      579.3955   298      370.0000      591.3005   478180   59.81%
   2018  1326      573.1746   278      370.0000      591.0374   490584   59.74%
   2044  1348      590.6161   314      370.0000      590.7961   499194   59.67%
Elapsed time = 51.19 sec. (70767.93 ticks, tree = 1.80 MB, solutions = 5)
   2077  1379      556.6736   186      370.0000      590.7961   506829   59.67%
   2092  1388      530.2780   235      370.0000      590.6670   513525   59.64%
   2146  1431      586.1281   335      370.0000      590.6156   522601   59.63%
   2160  1445      568.1253   260      370.0000      590.6156   529846   59.63%
   2184  1464      558.9230   268      370.0000      590.6151   539246   59.63%
   2236  1510      580.0864   304      370.0000      590.5959   550237   59.62%
   2250  1524      482.0454   198      370.0000      590.5959   557992   59.62%
   2267  1537      519.4733   168      370.0000      590.4980   565804   59.59%
   2301  1567      514.8501   199      370.0000      590.3982   577456   59.57%
   2369  1615      539.0735   232      370.0000      590.3589   587056   59.56%
Elapsed time = 58.33 sec. (81010.76 ticks, tree = 2.06 MB, solutions = 5)
   2392  1632      583.7176   315      370.0000      590.3437   594219   59.55%
   2419  1658      507.0635   172      370.0000      590.3437   605011   59.55%
   2465  1690      558.9381   269      370.0000      589.9419   614872   59.44%
*  2507+ 1704                          390.0000      589.9419            51.27%
   2547  1733      551.6563   262      390.0000      589.9333   626532   51.26%
   2586  1769      554.0479   255      390.0000      589.8671   637472   51.25%
   2631  1814      517.7108   136      390.0000      589.8671   649532   51.25%
   2701  1873      526.6665   200      390.0000      589.6853   662770   51.20%
   2775  1940      518.2152   191      390.0000      589.6772   675948   51.20%
   2797  1956      581.9742   325      390.0000      589.5518   683965   51.17%
   2828  1987      480.0819   160      390.0000      589.5518   694866   51.17%
Elapsed time = 65.25 sec. (90703.44 ticks, tree = 2.44 MB, solutions = 6)
   2868  2023      501.9061   140      390.0000      589.4297   705872   51.14%
   2937  2083      527.6010   260      390.0000      589.1521   716415   51.06%
   2991  2129      569.2089   323      390.0000      588.9060   728372   51.00%
   3015  2149    infeasible            390.0000      588.9060   738321   51.00%
   3044  2174      564.4642   287      390.0000      588.9048   747920   51.00%
   3098  2225      569.9878   294      390.0000      588.6957   758064   50.95%
   3151  2278      486.7864   116      390.0000      588.6957   769031   50.95%
   3170  2293      518.2493   246      390.0000      588.5757   776136   50.92%
   3206  2323      531.5029   228      390.0000      588.5576   787011   50.91%
   3245  2349      582.8046   353      390.0000      588.4160   796167   50.88%
Elapsed time = 72.43 sec. (100948.93 ticks, tree = 2.91 MB, solutions = 6)
   3275  2379      502.0693   160      390.0000      588.4160   805243   50.88%
*  3343  2420      integral     0      395.0000      588.4160   808207   48.97%
   3347  2423      562.6091   256      395.0000      588.1427   813783   48.90%
   3384  2458      510.2539   181      395.0000      588.1427   824826   48.90%
   3429  2495      586.4942   357      395.0000      588.1211   835809   48.89%
   3454  2520      510.9030   209      395.0000      588.1211   846121   48.89%
   3492  2554      533.8181   213      395.0000      587.8331   857800   48.82%
*  3507+ 2503                          410.0000      587.8331            43.37%
*  3507+ 2464                          420.0000      587.8331            39.96%
   3539  2494      526.5993   193      420.0000      587.7494   869912   39.94%
   3586  2532      571.9276   267      420.0000      587.0192   882985   39.77%
   3646  2582      584.2965   313      420.0000      586.9850   895667   39.76%
   3817  2729      549.1493   188      420.0000      586.8870   941696   39.74%
Elapsed time = 81.67 sec. (113970.20 ticks, tree = 3.28 MB, solutions = 9)
   3994  2890      565.7752   286      420.0000      586.5935   985359   39.67%
   4103  2990      490.4335   173      420.0000      586.4942  1027062   39.64%
   4260  3127      521.8583   204      420.0000      586.4595  1065596   39.63%
   4422  3260      533.9758   197      420.0000      586.4316  1107781   39.63%
   4618  3420      435.0000    76      420.0000      586.3829  1149454   39.61%
   4731  3515      508.5266   193      420.0000      586.1116  1195409   39.55%
   4897  3650      562.5427   275      420.0000      585.8376  1239346   39.49%
   5034  3775      495.0000   161      420.0000      585.7322  1283035   39.46%
   5236  3955      560.1886   297      420.0000      584.5454  1331954   39.18%
   5401  4107      574.4969   342      420.0000      584.4572  1373005   39.16%
Elapsed time = 109.14 sec. (152637.22 ticks, tree = 4.87 MB, solutions = 9)
   5561  4252      539.8505   208      420.0000      584.2315  1414764   39.10%
   5717  4384      575.6237   335      420.0000      584.0363  1451873   39.06%
   5837  4489      582.0630   364      420.0000      583.8475  1490248   39.01%
   5944  4582      524.4444   219      420.0000      583.8199  1533595   39.00%
   6107  4720      552.9591   282      420.0000      583.7104  1578593   38.98%
   6262  4862      546.4673   280      420.0000      583.3677  1623068   38.90%
   6444  5023      529.0528   193      420.0000      583.1202  1666542   38.84%
*  6507+ 5050                          425.0000      583.0900            37.20%
   6597  5132      489.3579   216      425.0000      582.8218  1712162   37.13%
   6726  5250      489.1809   144      425.0000      582.8012  1751238   37.13%
Starting limited solution polishing.
   6860  5353      546.9252   251      425.0000      582.7229  1788862   37.11%
Elapsed time = 136.55 sec. (191370.76 ticks, tree = 6.16 MB, solutions = 10)
   7013  5489      548.8953   291      425.0000      582.4902  1827429   37.06%
*  7107+ 5312                          440.0000      582.4316            32.37%
   7200  5397      574.9334   253      440.0000      582.4091  1871821   32.37%
*  7207+ 5271                          445.0000      582.4091            30.88%
   7297  5346      564.0196   276      445.0000      582.3082  1907873   30.86%
   7372  5421      474.7418   189      445.0000      582.3082  1947826   30.86%
*  7407+ 5344                          450.0000      582.2436            29.39%

GUB cover cuts applied:  169
Clique cuts applied:  113
Cover cuts applied:  52
Implied bound cuts applied:  91
Flow cuts applied:  27
Mixed integer rounding cuts applied:  169
Zero-half cuts applied:  91
Lift and project cuts applied:  17
Gomory fractional cuts applied:  11

Root node processing (before b&c):
  Real time             =    2.19 sec. (2921.18 ticks)
Sequential b&c:
  Real time             =  147.81 sec. (207007.77 ticks)
                          ------------
Total (root+branch&cut) =  150.00 sec. (209928.95 ticks)

Solution pool: 14 solutions saved.

MIP - Time limit exceeded, integer feasible:  Objective =  4.5000000000e+02
Current MIP best bound =  5.8222567669e+02 (gap = 132.226, 29.38%)
Solution time =  150.00 sec.  Iterations = 1978747  Nodes = 7502 (5428)
Deterministic time = 209928.96 ticks  (1399.52 ticks/sec)


Incumbent solution
Variable Name           Solution Value
F                           450.000000
y81                           1.000000
y186                          1.000000
y80                           1.000000
y89                           1.000000
y105                          1.000000
y155                          1.000000
y115                          1.000000
y146                          1.000000
y98                           1.000000
y142                          1.000000
y45                           1.000000
y151                          1.000000
y46                           1.000000
y38                           1.000000
y64                           1.000000
y79                           1.000000
y109                          1.000000
y130                          1.000000
y11                           1.000000
y191                          1.000000
y104                          1.000000
y110                          1.000000
y76                           1.000000
y103                          1.000000
y40                           1.000000
y173                          1.000000
y93                           1.000000
x16x186x1                     1.000000
x69x186x1                     1.000000
x185x98x1                     1.000000
x58x142x1                     1.000000
x74x142x1                     1.000000
x2x64x1                       1.000000
x183x80x1                     1.000000
x139x64x1                     1.000000
x185x115x2                    1.000000
x58x146x2                     1.000000
x74x89x2                      1.000000
x43x115x2                     1.000000
x43x38x2                      1.000000
x183x155x2                    1.000000
x139x45x2                     1.000000
x124x81x2                     1.000000
x16x155x3                     1.000000
x35x105x3                     2.000000
x69x80x3                      1.000000
x2x38x3                       1.000000
x160x89x3                     1.000000
x160x98x3                     1.000000
x124x81x3                     1.000000
x81x146x2                     1.000000
x81x46x3                      1.000000
x186x79x1                     1.000000
x186x109x1                    1.000000
x80x151x1                     1.000000
x80x109x3                     1.000000
x89x191x2                     1.000000
x89x76x3                      1.000000
x105x45x3                     1.000000
x105x40x3                     1.000000
x155x46x2                     1.000000
x155x151x3                    1.000000
x115x79x2                     1.000000
x115x11x2                     1.000000
x146x104x2                    1.000000
x146x103x2                    1.000000
x98x110x1                     1.000000
x98x11x3                      1.000000
x142x191x1                    1.000000
x142x40x1                     1.000000
x45x104x2                     1.000000
x45x76x3                      1.000000
x151x0x1                      1.000000
x151x173x3                    1.000000
x46x0x2                       1.000000
x46x173x3                     1.000000
x38x103x2                     1.000000
x38x110x3                     1.000000
x64x130x1                     2.000000
x79x0x1                       1.000000
x79x0x2                       1.000000
x109x93x1                     1.000000
x109x93x3                     1.000000
x130x0x1                      2.000000
x11x0x2                       1.000000
x11x0x3                       1.000000
x191x0x1                      1.000000
x191x0x2                      1.000000
x104x0x2                      2.000000
x110x0x1                      1.000000
x110x0x3                      1.000000
x76x0x3                       2.000000
x103x0x2                      2.000000
x40x0x1                       1.000000
x40x0x3                       1.000000
x173x0x3                      2.000000
x93x0x1                       1.000000
x93x0x3                       1.000000
s16                           5.329810
s186                          6.860322
z16z186z1                     1.000000
s80                           7.008348
s89                           7.210086
s105                          6.446547
s101                          7.290000
s52                           7.223834
s155                          7.033328
z16z155z3                     1.000000
s29                           7.380000
s22                           7.375920
s138                          7.140000
z16z138z3                     1.000000
s182                          8.220000
s127                          8.310000
z16z127z3                     1.000000
s145                          7.360000
z16z145z1                     1.000000
s161                          8.430000
s100                          8.440000
s176                          7.460000
s98                           7.480000
s26                           8.520000
s97                           8.570000
s142                          7.762564
z16z142z1                     1.000000
s171                          7.570000
z16z171z1                     1.000000
s45                           7.855883
s151                          8.293148
s68                           7.660000
z16z68z1                      1.000000
s83                           8.700000
z16z83z1                      1.000000
s46                           8.284282
s38                           8.037330
s159                          7.830000
s64                           8.026252
z16z64z1                      1.000000
s79                           8.950000
s109                          8.282898
s59                           8.070000
s133                          9.070000
z16z133z1                     1.000000
s130                          9.080000
z16z130z1                     1.000000
s11                           9.130000
s94                           9.150000
s191                          9.160000
s84                           8.210000
z16z84z1                      1.000000
s110                          9.280000
s44                           9.310000
z16z44z3                      1.000000
s76                           9.310000
z16z76z3                      1.000000
s111                          9.370000
s40                           9.390000
s173                          9.430000
z16z173z3                     1.000000
s93                           9.450000
s86                           9.460000
z16z86z1                      1.000000
s35                           4.733970
s81                           6.641661
z35z105z3                     1.000000
z35z29z3                      1.000000
z35z138z3                     1.000000
z35z127z3                     1.000000
z35z44z3                      1.000000
z35z76z3                      1.000000
z35z173z3                     1.000000
s69                           5.320000
z69z186z1                     1.000000
z69z80z3                      1.000000
z69z138z3                     1.000000
z69z127z3                     1.000000
z69z145z1                     1.000000
z69z142z1                     1.000000
z69z171z1                     1.000000
z69z68z1                      1.000000
z69z83z1                      1.000000
z69z64z1                      1.000000
z69z133z1                     1.000000
z69z130z1                     1.000000
z69z84z1                      1.000000
z69z44z3                      1.000000
z69z76z3                      1.000000
z69z173z3                     1.000000
z69z86z1                      1.000000
s185                          5.465460
s77                           7.173263
s115                          7.385448
z185z115z2                    1.000000
z185z145z1                    1.000000
s180                          8.410000
z185z180z2                    1.000000
s146                          8.029533
z185z146z2                    1.000000
z185z98z1                     1.000000
z185z142z1                    1.000000
z185z171z1                    1.000000
z185z68z1                     1.000000
z185z83z1                     1.000000
s152                          8.740000
z185z152z2                    1.000000
z185z64z1                     1.000000
z185z133z1                    1.000000
z185z130z1                    1.000000
z185z84z1                     1.000000
s104                          9.280000
z185z104z2                    1.000000
s103                          9.310000
z185z103z2                    1.000000
z185z86z1                     1.000000
s58                           5.585860
z58z146z2                     1.000000
z58z142z1                     1.000000
z58z171z1                     1.000000
z58z68z1                      1.000000
z58z83z1                      1.000000
z58z152z2                     1.000000
z58z64z1                      1.000000
z58z133z1                     1.000000
z58z130z1                     1.000000
z58z84z1                      1.000000
z58z104z2                     1.000000
z58z103z2                     1.000000
z58z86z1                      1.000000
s74                           5.516070
z74z89z2                      1.000000
z74z180z2                     1.000000
z74z146z2                     1.000000
z74z142z1                     1.000000
z74z171z1                     1.000000
z74z68z1                      1.000000
z74z83z1                      1.000000
z74z152z2                     1.000000
z74z64z1                      1.000000
z74z133z1                     1.000000
z74z130z1                     1.000000
z74z84z1                      1.000000
z74z104z2                     1.000000
z74z103z2                     1.000000
z74z86z1                      1.000000
s2                            5.722230
z2z171z1                      1.000000
z2z38z3                       1.000000
z2z64z1                       1.000000
z2z133z1                      1.000000
z2z130z1                      1.000000
z2z84z1                       1.000000
z2z44z3                       1.000000
z2z76z3                       1.000000
z2z173z3                      1.000000
z2z86z1                       1.000000
s43                           5.709280
z43z115z2                     1.000000
z43z38z2                      1.000000
z43z104z2                     1.000000
z43z103z2                     1.000000
s183                          5.418840
z183z80z1                     1.000000
z183z155z2                    1.000000
z183z145z1                    1.000000
z183z180z2                    1.000000
z183z146z2                    1.000000
z183z142z1                    1.000000
z183z171z1                    1.000000
z183z68z1                     1.000000
z183z83z1                     1.000000
z183z152z2                    1.000000
z183z64z1                     1.000000
z183z133z1                    1.000000
z183z130z1                    1.000000
z183z84z1                     1.000000
z183z104z2                    1.000000
z183z103z2                    1.000000
z183z86z1                     1.000000
s160                          5.526070
z160z89z3                     1.000000
z160z138z3                    1.000000
z160z127z3                    1.000000
z160z98z3                     1.000000
z160z44z3                     1.000000
z160z76z3                     1.000000
z160z173z3                    1.000000
s139                          5.610820
z139z142z1                    1.000000
z139z171z1                    1.000000
z139z45z2                     1.000000
z139z68z1                     1.000000
z139z83z1                     1.000000
z139z152z2                    1.000000
z139z64z1                     1.000000
z139z133z1                    1.000000
z139z130z1                    1.000000
z139z84z1                     1.000000
z139z104z2                    1.000000
z139z103z2                    1.000000
z139z86z1                     1.000000
s124                          5.178930
s60                           5.670000
s14                           5.710000
s170                          5.790000
z124z81z2                     1.000000
z124z81z3                     1.000000
z124z138z3                    1.000000
z124z127z3                    1.000000
z124z180z2                    1.000000
z124z146z2                    1.000000
z124z152z2                    1.000000
z124z104z2                    1.000000
z124z44z3                     1.000000
z124z76z3                     1.000000
z124z103z2                    1.000000
z124z173z3                    1.000000
s3                            5.690000
z14z104z2                     1.000000
z14z103z2                     1.000000
z170z104z2                    1.000000
z170z103z2                    1.000000
z81z146z2                     1.000000
z81z46z3                      1.000000
z81z104z2                     1.000000
z81z76z3                      1.000000
z81z103z2                     1.000000
z81z173z3                     1.000000
z186z79z1                     1.000000
z186z109z1                    1.000000
z186z86z1                     1.000000
z80z151z1                     1.000000
z80z109z3                     1.000000
z80z173z3                     1.000000
z80z86z1                      1.000000
z89z191z2                     1.000000
z89z104z2                     1.000000
z89z76z3                      1.000000
z89z103z2                     1.000000
z89z173z3                     1.000000
z105z45z3                     1.000000
z105z40z3                     1.000000
z105z173z3                    1.000000
z101z173z3                    1.000000
z101z86z1                     1.000000
z52z104z2                     1.000000
z52z103z2                     1.000000
z52z86z1                      1.000000
z77z180z2                     1.000000
z77z104z2                     1.000000
z77z103z2                     1.000000
z155z151z3                    1.000000
z155z46z2                     1.000000
z155z104z2                    1.000000
z155z103z2                    1.000000
z155z173z3                    1.000000
z29z173z3                     1.000000
z22z86z1                      1.000000
z115z79z2                     1.000000
z115z11z2                     1.000000
z115z104z2                    1.000000
z115z103z2                    1.000000
z146z104z2                    1.000000
z146z103z2                    1.000000
z98z11z3                      1.000000
z98z110z1                     1.000000
z142z191z1                    1.000000
z142z40z1                     1.000000
z45z104z2                     1.000000
z45z76z3                      1.000000
z151z173z3                    1.000000
z46z173z3                     1.000000
z38z110z3                     1.000000
z38z103z2                     1.000000
z64z130z1                     1.000000
z109z93z1                     1.000000
z109z93z3                     1.000000
All other variables in the range 1-3318 are 0.
