
Log started (V12.10.0.0) Fri Apr 23 07:11:38 2021


Problem 'asset.lp' read.
Read time = 0.01 sec. (0.85 ticks)
New value for default parallel thread count: 1
New value for time limit in seconds: 150
Version identifier: 12.10.0.0 | 2019-11-26 | 843d4de
CPXPARAM_Threads                                 1
CPXPARAM_TimeLimit                               150
Found incumbent of value 0.000000 after 0.00 sec. (0.21 ticks)
Tried aggregator 3 times.
MIP Presolve eliminated 3580 rows and 225 columns.
MIP Presolve modified 5143 coefficients.
Aggregator did 2398 substitutions.
Reduced MIP has 2565 rows, 3105 columns, and 14569 nonzeros.
Reduced MIP has 2819 binaries, 216 generals, 0 SOSs, and 0 indicators.
Presolve time = 0.03 sec. (32.17 ticks)
Probing fixed 140 vars, tightened 13 bounds.
Probing time = 0.04 sec. (28.42 ticks)
Cover probing fixed 0 vars, tightened 29 bounds.
Tried aggregator 1 time.
Detecting symmetries...
MIP Presolve eliminated 170 rows and 170 columns.
MIP Presolve modified 230 coefficients.
Reduced MIP has 2395 rows, 2935 columns, and 13487 nonzeros.
Reduced MIP has 2662 binaries, 203 generals, 0 SOSs, and 0 indicators.
Presolve time = 0.01 sec. (12.23 ticks)
Probing time = 0.00 sec. (3.22 ticks)
Clique table members: 8713.
MIP emphasis: balance optimality and feasibility.
MIP search method: dynamic search.
Parallel mode: none, using 1 thread.
Root relaxation solution time = 0.05 sec. (68.09 ticks)

        Nodes                                         Cuts/
   Node  Left     Objective  IInf  Best Integer    Best Bound    ItCnt     Gap

*     0+    0                            0.0000      546.0000              --- 
      0     0      510.0000   397        0.0000      510.0000      951     --- 
      0     0      507.0000   397        0.0000     Cuts: 302     1766     --- 
      0     0      505.5000   397        0.0000     Cuts: 698     2808     --- 
      0     0      505.5000   397        0.0000     Cuts: 698     4263     --- 
      0     0      504.9258   397        0.0000     Cuts: 387     6458     --- 
      0     0      504.4892   397        0.0000     Cuts: 698     7861     --- 
Detecting symmetries...
      0     0      504.0236   397        0.0000     Cuts: 698     9258     --- 
      0     0      503.0347   397        0.0000     Cuts: 698    10652     --- 
      0     0      502.6151   397        0.0000     Cuts: 698    11492     --- 
      0     0      501.0579   397        0.0000     Cuts: 698    12500     --- 
      0     0      500.7888   397        0.0000     Cuts: 698    13549     --- 
      0     0      500.5407   397        0.0000     Cuts: 698    14248     --- 
      0     0      499.6643   397        0.0000     Cuts: 698    15247     --- 
      0     0      499.5321   397        0.0000     Cuts: 698    16141     --- 
      0     0      499.2599   397        0.0000     Cuts: 698    17364     --- 
      0     0      498.9939   397        0.0000     Cuts: 698    18532     --- 
      0     0      498.8503   397        0.0000     Cuts: 698    19592     --- 
      0     0      498.3879   397        0.0000     Cuts: 698    21511     --- 
      0     0      497.6633   397        0.0000     Cuts: 698    23256     --- 
      0     0      497.5147   397        0.0000     Cuts: 698    24563     --- 
      0     0      496.6531   397        0.0000     Cuts: 698    25658     --- 
      0     0      496.3771   397        0.0000     Cuts: 698    27408     --- 
      0     0      496.1240   397        0.0000     Cuts: 698    29263     --- 
      0     0      495.9236   397        0.0000     Cuts: 698    31059     --- 
      0     0      495.2460   397        0.0000     Cuts: 698    32736     --- 
      0     0      495.2460   397        0.0000     Cuts: 698    33933     --- 
*     0+    0                           78.0000      495.2460           534.93%
*     0+    0                          180.0000      495.2460           175.14%
*     0+    0                          195.0000      495.2460           153.97%
*     0+    0                          204.0000      495.2460           142.77%
*     0+    0                          207.0000      495.2460           139.25%
*     0+    0                          210.0000      495.2460           135.83%
      0     0        cutoff            210.0000      495.2460    33933  135.83%
Detecting symmetries...
      0     2      495.2460   392      210.0000      495.2329    33933  135.83%
Elapsed time = 7.20 sec. (10094.81 ticks, tree = 0.01 MB, solutions = 6)
      1     3      447.0000   295      210.0000      495.1544    36137  135.79%
      2     4      492.7006   412      210.0000      492.6918    38281  134.62%
      6     8      446.7072   261      210.0000      492.6918    39664  134.62%
     11    13      446.7072   281      210.0000      492.6918    40800  134.62%
     18    20      437.6893   271      210.0000      492.6918    42495  134.62%
     34    36      439.0512   238      210.0000      492.6918    44449  134.62%
     60    50      437.0548   255      210.0000      492.6918    45854  134.62%
    120    89      401.4452   181      210.0000      492.6918    47615  134.62%
    143   102      492.3343   450      210.0000      492.4973    50818  134.52%
    152   111      491.8674   463      210.0000      492.4973    57861  134.52%
Elapsed time = 9.97 sec. (14020.62 ticks, tree = 1.93 MB, solutions = 6)
    161   120      483.3852   432      210.0000      492.4973    61771  134.52%
    191   150      469.6613   382      210.0000      492.4973    69274  134.52%
    219   177      436.6364   274      210.0000      492.4973    75103  134.52%
    358   294      339.7092   102      210.0000      492.4973    82820  134.52%
*   424   346      integral     0      231.0000      492.4973    84286  113.20%
    427   348      485.1116   415      231.0000      491.8819    87816  112.94%
    458   379      473.9924   374      231.0000      491.8819    94776  112.94%

Performing restart 1

Repeating presolve.
Tried aggregator 1 time.
MIP Presolve modified 3445 coefficients.
Reduced MIP has 2395 rows, 2935 columns, and 11288 nonzeros.
Reduced MIP has 2662 binaries, 203 generals, 0 SOSs, and 0 indicators.
Presolve time = 0.01 sec. (9.53 ticks)
Tried aggregator 1 time.
Reduced MIP has 2395 rows, 2935 columns, and 11288 nonzeros.
Reduced MIP has 2662 binaries, 203 generals, 0 SOSs, and 0 indicators.
Presolve time = 0.01 sec. (7.67 ticks)
Represolve time = 0.10 sec. (69.71 ticks)
    534     0      464.7332   505      231.0000     Cuts: 698   109829  101.18%
    534     0      452.5610   505      231.0000     Cuts: 512   111491   95.91%
    534     0      443.9128   505      231.0000     Cuts: 497   113229   92.17%
    534     0      440.4096   505      231.0000     Cuts: 455   114486   90.65%
    534     0      437.3914   505      231.0000     Cuts: 423   115918   89.35%
    534     0      434.2922   505      231.0000     Cuts: 374   116953   88.01%
*   534+    0                          234.0000      434.2922            85.59%
    534     0        cutoff            234.0000      434.2922   116953   85.59%
    534     0      433.0487   505      234.0000     Cuts: 355   118026   85.06%
    534     0      431.2216   505      234.0000     Cuts: 357   119080   84.28%
    534     0      430.4008   505      234.0000     Cuts: 301   120207   83.93%
    534     0      429.4901   505      234.0000     Cuts: 369   121544   83.54%
    534     0      428.4522   505      234.0000     Cuts: 320   122187   83.10%
    534     0      427.9569   505      234.0000     Cuts: 301   122908   82.89%
*   534+    0                          237.0000      427.9569            80.57%
    534     0      427.1112   505      237.0000     Cuts: 375   123613   80.22%
    534     0      426.6121   505      237.0000     Cuts: 431   124284   80.01%
    534     0      425.9815   505      237.0000     Cuts: 252   124723   79.74%
    534     0      425.0246   505      237.0000     Cuts: 325   125543   79.34%
    534     0      424.7503   505      237.0000     Cuts: 332   126268   79.22%
    534     0      424.3196   505      237.0000     Cuts: 302   127040   79.04%
    534     0      424.2076   505      237.0000     Cuts: 256   127452   78.99%
    534     0      423.7837   505      237.0000     Cuts: 284   128405   78.81%
    534     0      423.3671   505      237.0000     Cuts: 321   129374   78.64%
    534     0      423.2302   505      237.0000     Cuts: 372   129805   78.58%
    534     0      422.8428   505      237.0000     Cuts: 204   130380   78.41%
    534     0      422.5429   505      237.0000     Cuts: 264   130968   78.29%
    534     0      422.3574   505      237.0000     Cuts: 256   131284   78.21%
    534     0      422.0970   505      237.0000     Cuts: 249   131593   78.10%
    534     0      422.0117   505      237.0000     Cuts: 216   132331   78.06%
    534     0      421.8193   505      237.0000     Cuts: 230   132885   77.98%
    534     0      421.6664   505      237.0000     Cuts: 229   133340   77.92%
    534     0      421.6156   505      237.0000     Cuts: 276   133838   77.90%
    534     0      421.5358   505      237.0000     Cuts: 243   134141   77.86%
    534     0      421.3467   505      237.0000     Cuts: 210   135192   77.78%
    534     0      421.3112   505      237.0000     Cuts: 271   135565   77.77%
    534     0      421.1028   505      237.0000     Cuts: 164   135942   77.68%
    534     0      420.9278   505      237.0000     Cuts: 279   136250   77.61%
    534     0      420.7600   505      237.0000     Cuts: 289   136658   77.54%
    534     0      420.6073   505      237.0000     Cuts: 260   137017   77.47%
    534     0      420.5165   505      237.0000     Cuts: 208   137179   77.43%
    534     2      420.5165   434      237.0000      420.5123   137179   77.43%
    537     5      419.6563   420      237.0000      420.0132   138692   77.22%
    541     9      419.6434   425      237.0000      420.0132   140243   77.22%
    544    12      418.5264   411      237.0000      420.0132   144050   77.22%
Elapsed time = 39.45 sec. (53462.81 ticks, tree = 0.09 MB, solutions = 9)
    549    17      416.1141   371      237.0000      420.0132   146813   77.22%
    553    21      418.0231   430      237.0000      420.0132   151019   77.22%
    555    23      417.5941   425      237.0000      420.0132   152977   77.22%
    560    28      416.4020   407      237.0000      420.0132   156449   77.22%
    564    32      416.1114   403      237.0000      420.0132   157581   77.22%
    572    40      415.7065   382      237.0000      420.0132   159342   77.22%
    581    49      405.8346   377      237.0000      420.0132   162175   77.22%
    588    56      408.5386   382      237.0000      420.0132   166930   77.22%
    592    60      388.1621   317      237.0000      420.0132   170558   77.22%
    596    64      403.7720   371      237.0000      420.0132   172341   77.22%
Elapsed time = 46.86 sec. (64907.43 ticks, tree = 0.88 MB, solutions = 9)
    602    70      403.0068   358      237.0000      420.0132   175348   77.22%
    608    76      399.1209   329      237.0000      420.0132   178789   77.22%
    611    77      400.5431   356      237.0000      420.0132   184047   77.22%
    626    88      385.9175   287      237.0000      420.0132   187730   77.22%
    641    95      365.0062   272      237.0000      420.0132   193264   77.22%
    664   104      416.2188   390      237.0000      419.6431   199552   77.06%
    674   114      402.0970   366      237.0000      419.6431   204493   77.06%
    679   119      394.1708   365      237.0000      419.6431   210242   77.06%
    689   129      391.0197   337      237.0000      419.6431   215770   77.06%
    694   134      389.6088   340      237.0000      419.6431   219308   77.06%
Elapsed time = 54.22 sec. (75880.69 ticks, tree = 1.06 MB, solutions = 9)
    706   146      381.5481   332      237.0000      419.6431   224669   77.06%
    714   154      384.6177   327      237.0000      419.6431   228206   77.06%
    723   159      413.7244   390      237.0000      418.9777   235226   76.78%
    733   169      407.1568   395      237.0000      418.9777   240850   76.78%
    734   170      407.1309   394      237.0000      418.9777   240980   76.78%
    743   179      401.6783   336      237.0000      418.9777   245934   76.78%
    754   190      390.9435   359      237.0000      418.9777   250655   76.78%
    774   210      388.9661   354      237.0000      418.9777   254582   76.78%
    796   232      379.7416   303      237.0000      418.9777   259053   76.78%
    832   264      417.2439   421      237.0000      418.9189   265352   76.76%
Elapsed time = 62.15 sec. (87539.15 ticks, tree = 1.29 MB, solutions = 9)
    849   281      409.5582   411      237.0000      418.9189   270000   76.76%
    855   287      403.8046   373      237.0000      418.9189   273940   76.76%
    867   299      381.8325   351      237.0000      418.9189   279316   76.76%
    892   324      345.0851   267      237.0000      418.9189   284675   76.76%
    963   392      319.7671   234      237.0000      418.9189   290083   76.76%
    967   394      410.6347   361      237.0000      418.8230   293307   76.72%
    974   401      406.3086   359      237.0000      418.8230   295303   76.72%
    988   415      397.1540   343      237.0000      418.8230   301285   76.72%
   1012   439      361.4499   247      237.0000      418.8230   307053   76.72%
   1017   440      406.9066   351      237.0000      418.7697   311459   76.70%
Elapsed time = 68.82 sec. (97455.33 ticks, tree = 1.55 MB, solutions = 9)
   1025   448      401.9684   331      237.0000      418.7697   316665   76.70%
   1036   459      396.4631   342      237.0000      418.7697   323846   76.70%
   1052   475      383.9805   307      237.0000      418.7697   331120   76.70%
   1064   487      372.4595   273      237.0000      418.7697   336790   76.70%
   1084   507      359.7014   287      237.0000      418.7697   343064   76.70%
   1101   524      359.0707   251      237.0000      418.7697   349699   76.70%
   1107   530      355.2382   236      237.0000      418.7697   355817   76.70%
   1123   546      341.6753   235      237.0000      418.7697   362272   76.70%
   1142   565      346.3328   198      237.0000      418.7697   369189   76.70%
   1169   582      417.0045   416      237.0000      418.5253   375079   76.59%
Elapsed time = 76.21 sec. (108034.01 ticks, tree = 1.82 MB, solutions = 9)
   1180   593      411.3117   392      237.0000      418.5253   379383   76.59%
   1188   601      403.3505   372      237.0000      418.5253   384374   76.59%
   1202   615      393.1788   318      237.0000      418.5253   389955   76.59%
   1215   626    infeasible            237.0000      418.5253   393626   76.59%
   1224   631      409.7814   420      237.0000      418.4766   398892   76.57%
   1233   640      402.8693   381      237.0000      418.4766   403210   76.57%
   1246   653      394.6340   371      237.0000      418.4766   408781   76.57%
   1266   671      382.1940   324      237.0000      418.4766   414421   76.57%
   1286   683      400.7132   338      237.0000      418.4588   421791   76.56%
   1304   701      391.7738   339      237.0000      418.4588   426309   76.56%
Elapsed time = 83.41 sec. (118927.07 ticks, tree = 1.97 MB, solutions = 9)
   1324   719      354.7292   295      237.0000      418.4588   433699   76.56%
   1337   726      410.5380   392      237.0000      418.2863   438250   76.49%
   1349   738      402.9769   372      237.0000      418.2863   443825   76.49%
   1376   765      387.9864   308      237.0000      418.2863   449934   76.49%
   1401   784    infeasible            237.0000      418.2863   456175   76.49%
   1404   785      408.9492   425      237.0000      417.5831   461252   76.20%
   1414   795      406.8685   382      237.0000      417.5831   465511   76.20%
   1423   804      398.9934   373      237.0000      417.5831   471182   76.20%
   1430   811      385.4405   375      237.0000      417.5831   477152   76.20%
   1439   820      372.3668   367      237.0000      417.5831   483801   76.20%
Elapsed time = 90.93 sec. (129962.90 ticks, tree = 2.12 MB, solutions = 9)
   1448   829      367.9501   369      237.0000      417.5831   489948   76.20%
   1464   845      355.0114   285      237.0000      417.5831   496755   76.20%
   1478   859      350.9537   301      237.0000      417.5831   503000   76.20%
   1497   872      343.9349   252      237.0000      417.5831   508955   76.20%
   1507   876      415.4821   412      237.0000      417.2427   513135   76.05%
   1515   884      397.5921   372      237.0000      417.2427   518870   76.05%
   1529   898      384.7340   357      237.0000      417.2427   524078   76.05%
*  1534+  900                          240.0000      417.2427            73.85%
   1540   904      405.2870   392      240.0000      417.1828   530194   73.83%
   1553   917      395.3989   383      240.0000      417.1828   534712   73.83%
   1603   953      405.2116   436      240.0000      417.1825   553568   73.83%
Elapsed time = 99.82 sec. (143046.42 ticks, tree = 2.32 MB, solutions = 10)
   1644   991      392.1302   322      240.0000      417.0181   572346   73.76%
   1697  1038      388.9968   396      240.0000      417.0177   592517   73.76%
   1733  1074      372.4763   306      240.0000      417.0177   618300   73.76%
   1817  1153      332.9534   250      240.0000      417.0177   646726   73.76%
   1895  1220      371.8619   322      240.0000      416.9597   670843   73.73%
   1989  1300      408.5129   392      240.0000      416.8088   691935   73.67%
   2041  1348      411.3474   443      240.0000      416.8076   712629   73.67%
   2068  1375      380.4240   361      240.0000      416.8076   728982   73.67%
*  2204+ 1503                          249.0000      416.8076            67.39%
   2205  1503      408.6376   377      249.0000      416.8037   750968   67.39%
   2250  1543      407.4308   436      249.0000      416.7120   767283   67.35%
Elapsed time = 125.76 sec. (182168.83 ticks, tree = 3.38 MB, solutions = 11)
   2286  1573      398.3453   398      249.0000      416.6893   786938   67.35%
   2310  1597      368.1499   327      249.0000      416.6893   803663   67.35%
   2354  1635      374.2329   402      249.0000      416.6836   821962   67.34%
   2390  1666      396.0674   396      249.0000      416.6610   841138   67.33%
   2414  1686      397.9762   384      249.0000      416.6417   856106   67.33%
Starting limited solution polishing.
   2455  1713      390.1182   351      249.0000      416.6388   876760   67.32%
   2492  1749      359.4472   276      249.0000      416.6388   900532   67.32%
   2550  1803      368.3591   328      249.0000      416.5702   923969   67.30%

GUB cover cuts applied:  67
Clique cuts applied:  181
Cover cuts applied:  25
Implied bound cuts applied:  147
Flow cuts applied:  36
Mixed integer rounding cuts applied:  234
Zero-half cuts applied:  153
Lift and project cuts applied:  16
Gomory fractional cuts applied:  13

Root node processing (before b&c):
  Real time             =    7.17 sec. (10075.52 ticks)
Sequential b&c:
  Real time             =  142.83 sec. (208247.19 ticks)
                          ------------
Total (root+branch&cut) =  150.00 sec. (218322.71 ticks)

Solution pool: 12 solutions saved.

MIP - Time limit exceeded, integer feasible:  Objective =  2.4900000000e+02
Current MIP best bound =  4.1656698430e+02 (gap = 167.567, 67.30%)
Solution time =  150.00 sec.  Iterations = 946067  Nodes = 2610 (1858)
Deterministic time = 218322.73 ticks  (1455.47 ticks/sec)


Incumbent solution
Variable Name           Solution Value
F                           249.000000
y93                           1.000000
y188                          1.000000
y113                          1.000000
y16                           1.000000
y76                           1.000000
y132                          1.000000
y209                          1.000000
y130                          1.000000
y201                          1.000000
y273                          1.000000
y5                            1.000000
y82                           1.000000
y251                          1.000000
y6                            1.000000
y254                          1.000000
y272                          1.000000
y214                          1.000000
y22                           1.000000
y231                          1.000000
y66                           1.000000
y103                          1.000000
y48                           1.000000
y176                          1.000000
y265                          1.000000
y161                          1.000000
y258                          1.000000
x9x22x1                       2.000000
x13x76x1                      2.000000
x148x130x1                    1.000000
x148x251x1                    1.000000
x181x5x1                      1.000000
x217x5x1                      1.000000
x152x113x1                    1.000000
x27x103x2                     2.000000
x217x130x2                    1.000000
x228x132x2                    1.000000
x255x113x2                    1.000000
x285x188x2                    1.000000
x15x16x2                      1.000000
x62x201x2                     1.000000
x152x251x2                    1.000000
x177x188x3                    1.000000
x181x82x3                     1.000000
x3x201x3                      1.000000
x3x254x3                      1.000000
x105x132x3                    1.000000
x285x16x3                     1.000000
x57x93x3                      1.000000
x15x93x3                      1.000000
x62x254x3                     1.000000
x93x209x3                     2.000000
x188x6x2                      1.000000
x188x273x3                    1.000000
x113x272x1                    1.000000
x113x6x2                      1.000000
x16x66x2                      1.000000
x16x82x3                      1.000000
x76x176x1                     1.000000
x76x258x1                     1.000000
x132x272x2                    1.000000
x132x214x3                    1.000000
x209x265x3                    2.000000
x130x0x1                      1.000000
x130x258x2                    1.000000
x201x231x2                    1.000000
x201x273x3                    1.000000
x273x0x3                      2.000000
x5x161x1                      2.000000
x82x0x3                       2.000000
x251x48x1                     1.000000
x251x214x2                    1.000000
x6x0x2                        2.000000
x254x231x3                    1.000000
x254x66x3                     1.000000
x272x0x1                      1.000000
x272x0x2                      1.000000
x214x0x2                      1.000000
x214x0x3                      1.000000
x22x0x1                       2.000000
x231x0x2                      1.000000
x231x0x3                      1.000000
x66x0x2                       1.000000
x66x0x3                       1.000000
x103x48x2                     1.000000
x103x176x2                    1.000000
x48x0x1                       1.000000
x48x0x2                       1.000000
x176x0x1                      1.000000
x176x0x2                      1.000000
x265x0x3                      2.000000
x161x0x1                      2.000000
x258x0x1                      1.000000
x258x0x2                      1.000000
s9                            6.736265
s7                            7.220000
s76                           7.959261
s284                          8.280000
s257                          8.300000
s130                          8.099412
s80                           7.440000
s55                           8.450000
s267                          8.490000
s5                            7.926311
s251                          7.706680
s30                           7.620000
s41                           8.630000
s125                          7.640000
s241                          8.720000
z9z241z1                      1.000000
s269                          8.730000
s272                          8.750000
s56                           7.810113
s87                           7.830000
s213                          7.830000
s22                           8.860000
z9z22z1                       1.000000
s24                           7.920000
s143                          8.130000
s48                           9.240000
s135                          9.250000
s205                          9.250000
s29                           8.310000
s176                          9.350000
s128                          9.360000
s96                           9.380000
s161                          9.430000
z9z161z1                      1.000000
s258                          9.440000
s13                           6.500987
z13z76z1                      1.000000
z13z5z1                       1.000000
z13z22z1                      1.000000
z13z29z1                      1.000000
z13z128z1                     1.000000
z13z96z1                      1.000000
z13z161z1                     1.000000
s27                           5.712749
s260                          6.460000
s188                          6.653622
s2                            6.610000
s113                          7.338956
s115                          6.660000
s166                          6.660000
s52                           7.670000
s20                           7.760000
s159                          7.790000
s16                           7.200000
s132                          7.240000
s37                           7.260000
s201                          7.440000
s6                            8.680000
z27z6z2                       1.000000
s198                          7.770000
s64                           8.780000
s178                          8.810000
z27z178z2                     1.000000
s214                          8.820000
s231                          8.930000
s92                           8.980000
s66                           8.816428
s103                          8.040000
z27z103z2                     1.000000
s263                          9.120000
s8                            8.140000
z27z8z2                       1.000000
s137                          9.170000
s223                          9.240000
s168                          9.380000
s148                          6.286470
s193                          7.630000
s180                          7.740000
z148z130z1                    1.000000
z148z251z1                    1.000000
z148z56z1                     1.000000
z148z22z1                     1.000000
z148z29z1                     1.000000
z148z128z1                    1.000000
z148z96z1                     1.000000
z148z161z1                    1.000000
s177                          5.140000
s11                           6.310000
s126                          6.520000
s93                           6.656199
z177z188z3                    1.000000
s189                          8.260000
z177z189z3                    1.000000
s209                          7.833713
z177z209z3                    1.000000
s273                          8.449428
z177z273z3                    1.000000
s158                          7.490000
z177z158z3                    1.000000
s82                           8.411870
z177z82z3                     1.000000
s252                          8.600000
z177z252z3                    1.000000
s199                          8.650000
z177z199z3                    1.000000
s254                          7.700000
z177z254z3                    1.000000
s187                          7.720000
z177z187z3                    1.000000
s127                          8.990000
z177z127z3                    1.000000
s265                          9.370000
z177z265z3                    1.000000
s181                          6.475179
z181z5z1                      1.000000
z181z82z3                     1.000000
z181z29z1                     1.000000
z181z128z1                    1.000000
z181z265z3                    1.000000
z181z96z1                     1.000000
z181z161z1                    1.000000
s217                          6.502337
z217z130z2                    1.000000
z217z5z1                      1.000000
z217z29z1                     1.000000
z217z128z1                    1.000000
z217z96z1                     1.000000
z217z161z1                    1.000000
s228                          5.374050
z228z132z2                    1.000000
z228z6z2                      1.000000
z228z178z2                    1.000000
z228z103z2                    1.000000
z228z8z2                      1.000000
s255                          4.901290
z255z113z2                    1.000000
z255z166z2                    1.000000
z255z20z2                     1.000000
z255z6z2                      1.000000
z255z178z2                    1.000000
z255z103z2                    1.000000
z255z8z2                      1.000000
s3                            5.106970
z3z189z3                      1.000000
z3z209z3                      1.000000
z3z201z3                      1.000000
z3z273z3                      1.000000
z3z158z3                      1.000000
z3z82z3                       1.000000
z3z252z3                      1.000000
z3z199z3                      1.000000
z3z254z3                      1.000000
z3z187z3                      1.000000
z3z127z3                      1.000000
z3z265z3                      1.000000
s105                          4.867330
z105z132z3                    1.000000
z105z189z3                    1.000000
z105z209z3                    1.000000
z105z273z3                    1.000000
z105z158z3                    1.000000
z105z82z3                     1.000000
z105z252z3                    1.000000
z105z199z3                    1.000000
z105z254z3                    1.000000
z105z187z3                    1.000000
z105z127z3                    1.000000
z105z265z3                    1.000000
s285                          4.878710
z285z188z2                    1.000000
z285z20z2                     1.000000
z285z16z3                     1.000000
z285z189z3                    1.000000
z285z209z3                    1.000000
z285z273z3                    1.000000
z285z158z3                    1.000000
z285z82z3                     1.000000
z285z252z3                    1.000000
z285z199z3                    1.000000
z285z6z2                      1.000000
z285z254z3                    1.000000
z285z187z3                    1.000000
z285z178z2                    1.000000
z285z127z3                    1.000000
z285z103z2                    1.000000
z285z8z2                      1.000000
z285z265z3                    1.000000
s57                           4.963190
z57z93z3                      1.000000
z57z189z3                     1.000000
z57z209z3                     1.000000
z57z273z3                     1.000000
z57z158z3                     1.000000
z57z82z3                      1.000000
z57z252z3                     1.000000
z57z199z3                     1.000000
z57z254z3                     1.000000
z57z187z3                     1.000000
z57z127z3                     1.000000
z57z265z3                     1.000000
s15                           4.883840
z15z93z3                      1.000000
z15z20z2                      1.000000
z15z16z2                      1.000000
z15z189z3                     1.000000
z15z209z3                     1.000000
z15z273z3                     1.000000
z15z158z3                     1.000000
z15z82z3                      1.000000
z15z252z3                     1.000000
z15z199z3                     1.000000
z15z6z2                       1.000000
z15z254z3                     1.000000
z15z187z3                     1.000000
z15z178z2                     1.000000
z15z127z3                     1.000000
z15z103z2                     1.000000
z15z8z2                       1.000000
z15z265z3                     1.000000
s62                           5.382740
z62z209z3                     1.000000
z62z201z2                     1.000000
z62z273z3                     1.000000
z62z158z3                     1.000000
z62z82z3                      1.000000
z62z252z3                     1.000000
z62z199z3                     1.000000
z62z6z2                       1.000000
z62z254z3                     1.000000
z62z187z3                     1.000000
z62z178z2                     1.000000
z62z127z3                     1.000000
z62z103z2                     1.000000
z62z8z2                       1.000000
z62z265z3                     1.000000
s152                          5.436610
s53                           6.420000
z152z113z1                    1.000000
z152z5z1                      1.000000
z152z251z2                    1.000000
z152z30z1                     1.000000
z152z125z1                    1.000000
z152z6z2                      1.000000
z152z241z1                    1.000000
z152z56z1                     1.000000
z152z178z2                    1.000000
z152z213z1                    1.000000
z152z22z1                     1.000000
z152z24z1                     1.000000
z152z103z2                    1.000000
z152z8z2                      1.000000
z152z29z1                     1.000000
z152z128z1                    1.000000
z152z96z1                     1.000000
z152z161z1                    1.000000
z11z265z3                     1.000000
z11z161z1                     1.000000
z53z161z1                     1.000000
z260z6z2                      1.000000
z260z103z2                    1.000000
z126z265z3                    1.000000
z126z161z1                    1.000000
z93z189z3                     1.000000
z93z209z3                     1.000000
z93z273z3                     1.000000
z93z265z3                     1.000000
z188z273z3                    1.000000
z188z6z2                      1.000000
z188z265z3                    1.000000
z2z161z1                      1.000000
z113z6z2                      1.000000
z113z272z1                    1.000000
z113z161z1                    1.000000
z193z265z3                    1.000000
z193z161z1                    1.000000
z115z161z1                    1.000000
z52z265z3                     1.000000
z180z265z3                    1.000000
z180z161z1                    1.000000
z159z265z3                    1.000000
z16z82z3                      1.000000
z16z66z2                      1.000000
z76z176z1                     1.000000
z76z128z1                     1.000000
z76z161z1                     1.000000
z76z258z1                     1.000000
z132z272z2                    1.000000
z132z214z3                    1.000000
z209z265z3                    1.000000
z130z258z2                    1.000000
z201z273z3                    1.000000
z201z231z2                    1.000000
z5z161z1                      1.000000
z251z214z2                    1.000000
z251z48z1                     1.000000
z30z22z1                      1.000000
z254z231z3                    1.000000
z254z66z3                     1.000000
z254z265z3                    1.000000
z213z161z1                    1.000000
z103z48z2                     1.000000
z103z176z2                    1.000000
All other variables in the range 1-5730 are 0.
