
Log started (V12.10.0.0) Fri Apr 23 12:23:44 2021


Problem 'asset.lp' read.
Read time = 0.00 sec. (0.19 ticks)
New value for default parallel thread count: 1
New value for time limit in seconds: 150
Version identifier: 12.10.0.0 | 2019-11-26 | 843d4de
CPXPARAM_Threads                                 1
CPXPARAM_TimeLimit                               150
Found incumbent of value -0.642701 after 0.00 sec. (0.08 ticks)
Tried aggregator 6 times.
MIP Presolve eliminated 909 rows and 126 columns.
MIP Presolve modified 1539 coefficients.
Aggregator did 491 substitutions.
Reduced MIP has 616 rows, 748 columns, and 3083 nonzeros.
Reduced MIP has 600 binaries, 112 generals, 0 SOSs, and 0 indicators.
Presolve time = 0.01 sec. (11.30 ticks)
Probing fixed 1 vars, tightened 3 bounds.
Probing time = 0.00 sec. (2.03 ticks)
Tried aggregator 2 times.
Detecting symmetries...
MIP Presolve eliminated 19 rows and 13 columns.
MIP Presolve modified 103 coefficients.
Aggregator did 3 substitutions.
Reduced MIP has 594 rows, 732 columns, and 2941 nonzeros.
Reduced MIP has 590 binaries, 108 generals, 0 SOSs, and 0 indicators.
Presolve time = 0.01 sec. (5.33 ticks)
Probing time = 0.00 sec. (1.87 ticks)
Clique table members: 2040.
MIP emphasis: balance optimality and feasibility.
MIP search method: dynamic search.
Parallel mode: none, using 1 thread.
Root relaxation solution time = 0.00 sec. (3.92 ticks)

        Nodes                                         Cuts/
   Node  Left     Objective  IInf  Best Integer    Best Bound    ItCnt     Gap

*     0+    0                           -0.6427     1037.8814              --- 
      0     0     1037.8739   182       -0.6427     1037.8739      316     --- 
      0     0     1037.8497   182       -0.6427     Cuts: 248      642     --- 
      0     0     1037.8021   182       -0.6427     Cuts: 248      983     --- 
      0     0     1036.8981   182       -0.6427     Cuts: 248     1805     --- 
      0     0     1035.0686   182       -0.6427     Cuts: 248     2076     --- 
      0     0     1034.9766   182       -0.6427     Cuts: 248     2190     --- 
Detecting symmetries...
      0     0     1034.7188   182       -0.6427     Cuts: 151     2298     --- 
*     0+    0                          165.9714     1034.7188           523.43%
*     0+    0                          237.5554     1034.7188           335.57%
      0     0        cutoff            237.5554     1034.7188     2298  335.57%
      0     0     1033.5135   182      237.5554     Cuts: 144     2589  335.06%
      0     0     1031.3304   182      237.5554     Cuts: 114     2734  334.14%
      0     0     1030.0465   182      237.5554     Cuts: 157     2819  333.60%
      0     0     1028.9127   182      237.5554      Cuts: 75     2903  333.13%
      0     0     1028.8939   182      237.5554     Cuts: 149     3013  333.12%
      0     0     1028.8819   182      237.5554      Cuts: 76     3134  333.11%
      0     0     1028.7986   182      237.5554     Cuts: 147     3250  333.08%
*     0+    0                          262.5324     1028.7986           291.87%
*     0+    0                          347.9185     1028.7986           195.70%
Detecting symmetries...
      0     2     1028.7986   215      347.9185     1028.7986     3250  195.70%
Elapsed time = 0.35 sec. (363.25 ticks, tree = 0.01 MB, solutions = 4)
     31    33     1015.1273   196      347.9185     1028.7936     8938  195.70%
*   160+  147                          863.7900     1028.2989            19.05%
    165   153      882.9967    43      863.7900     1028.2989    14501   19.05%
    295   273     1022.6143   217      863.7900     1028.0953    18542   19.02%
    460   433      923.5197   109      863.7900     1028.0704    24546   19.02%
*   590+  539                          863.9145     1026.8274            18.86%
    600   543     1019.0028   198      863.9145     1026.8251    30435   18.86%
*   690+  622                          865.8306     1026.6023            18.57%
*   690+  608                          867.4797     1026.6023            18.34%
    690   610     1010.5193   145      867.4797     1026.6023    33344   18.34%
    920   820     1016.5365   178      867.4797     1025.7724    38995   18.25%

Performing restart 1

Repeating presolve.
Tried aggregator 1 time.
MIP Presolve modified 599 coefficients.
Reduced MIP has 594 rows, 732 columns, and 2558 nonzeros.
Reduced MIP has 590 binaries, 108 generals, 0 SOSs, and 0 indicators.
Presolve time = 0.00 sec. (2.47 ticks)
Tried aggregator 1 time.
Reduced MIP has 594 rows, 732 columns, and 2558 nonzeros.
Reduced MIP has 590 binaries, 108 generals, 0 SOSs, and 0 indicators.
Presolve time = 0.00 sec. (1.97 ticks)
Represolve time = 0.01 sec. (11.36 ticks)
   1000     0     1025.5020   215      867.4797     Cuts: 244    44240   18.22%
   1000     0     1024.8666   215      867.4797     Cuts: 159    44619   18.14%
   1000     0     1023.4336   215      867.4797     Cuts: 197    44891   17.98%
   1000     0     1023.2192   215      867.4797     Cuts: 164    45313   17.95%
   1000     0     1022.6526   215      867.4797     Cuts: 163    45714   17.89%
   1000     0     1021.8684   215      867.4797     Cuts: 176    45908   17.80%
   1000     0     1021.5837   215      867.4797     Cuts: 124    46314   17.76%
*  1000+    0                          867.4807     1021.5837            17.76%
*  1000+    0                          867.4814     1021.5837            17.76%
*  1000+    0                          867.4821     1021.5837            17.76%
   1000     0        cutoff            867.4821     1021.5837    46314   17.76%
   1000     0     1020.6892   215      867.4821     Cuts: 237    47124   17.66%
   1000     0     1019.0634   215      867.4821     Cuts: 208    47766   17.47%
   1000     0     1018.8239   215      867.4821     Cuts: 144    48278   17.45%
*  1000+    0                          867.4822     1018.8239            17.45%
*  1000+    0                          867.4899     1018.8239            17.45%
*  1000+    0                          867.4917     1018.8239            17.44%
   1000     0        cutoff            867.4917     1018.8239    48278   17.44%
   1000     0     1018.3893   215      867.4917     Cuts: 100    48520   17.39%
   1000     0     1017.8430   215      867.4917     Cuts: 122    48878   17.33%
   1000     0     1017.6596   215      867.4917     Cuts: 191    49035   17.31%
   1000     0     1017.3861   215      867.4917      Cuts: 73    49286   17.28%
   1000     0     1016.9694   215      867.4917      Cuts: 96    49551   17.23%
   1000     0     1016.8626   215      867.4917     Cuts: 157    49859   17.22%
   1000     0     1016.7224   215      867.4917     Cuts: 119    50096   17.20%
   1000     0     1016.4861   215      867.4917     Cuts: 133    50281   17.18%
   1000     0     1016.4158   215      867.4917     Cuts: 126    50412   17.17%
   1000     0     1016.3988   215      867.4917     Cuts: 115    50524   17.17%
   1000     0     1016.3254   215      867.4917      Cuts: 93    50686   17.16%
   1000     0     1016.2792   215      867.4917      Cuts: 85    50858   17.15%
*  1000+    0                          867.4924     1016.2792            17.15%
*  1000+    0                          867.4926     1016.2792            17.15%
   1000     0        cutoff            867.4926     1016.2792    50858   17.15%
   1000     2     1016.2792   224      867.4926     1016.1184    50858   17.13%
   1004     6     1009.9909   166      867.4926     1014.0605    51690   16.90%
   1025    27     1001.6615   187      867.4926     1014.0605    56925   16.90%
Elapsed time = 5.97 sec. (7077.35 ticks, tree = 0.03 MB, solutions = 16)
   1190   166      997.1224   145      867.4926     1012.5557    68588   16.72%
   1409   355      977.9879   140      867.4926     1010.8788    83056   16.53%
   1599   512      999.6369   175      867.4926     1009.5337    96862   16.37%
   1820   697      969.4378   119      867.4926     1009.2406   111133   16.34%
*  1990+  827                          873.9842     1008.7111            15.42%
*  2000+  834                          873.9877     1008.7111            15.41%
   2050   878      978.9544   138      873.9877     1008.2912   125389   15.37%
*  2100+  924                          873.9941     1008.2912            15.37%
   2323  1113      995.9000   130      873.9941     1007.5762   140833   15.28%
   2580  1333      995.1049   153      873.9941     1007.4086   157250   15.26%
   2800  1526      945.2983    88      873.9941     1007.1390   173050   15.23%
   2959  1651      983.8895   161      873.9941     1006.9589   187048   15.21%
   3155  1820      972.1034   156      873.9941     1006.2858   203233   15.14%
Elapsed time = 13.66 sec. (16721.71 ticks, tree = 1.09 MB, solutions = 19)
   3404  2036      906.1362   131      873.9941     1006.1179   220383   15.12%
   3663  2261      918.5782   142      873.9941     1005.9453   239293   15.10%
   3849  2423        cutoff            873.9941     1005.6190   255567   15.06%
   4027  2576      914.5370   144      873.9941     1005.0625   271513   15.00%
   4195  2714      979.8079   146      873.9941     1004.9701   287336   14.99%
*  4410+ 2810                          880.6006     1004.8872            14.11%
   4411  2813      993.5080   181      880.6006     1004.8711   303994   14.11%
*  4510+ 2904                          880.6015     1004.6997            14.09%
   4614  2992      944.2095   169      880.6015     1004.6759   320558   14.09%
   4840  3189      970.6112   144      880.6015     1004.1969   339230   14.04%
*  5000+ 3187                          890.1155     1003.9694            12.79%
   5076  3255    infeasible            890.1155     1003.7526   357917   12.77%
   5252  3404      949.4932   143      890.1155     1003.5007   374131   12.74%
Elapsed time = 21.28 sec. (26356.00 ticks, tree = 2.07 MB, solutions = 22)
   5477  3582      991.0263   183      890.1155     1002.8913   391719   12.67%
*  5510+ 3612                          890.4461     1002.8913            12.63%
*  5610+ 3509                          899.9673     1002.8550            11.43%
*  5610+ 3170                          912.8077     1002.8550             9.86%
   5668  3224      965.8497   121      912.8077     1002.8457   407180    9.86%
   5870  3385      916.6235   123      912.8077     1002.6805   424510    9.85%
*  5950+ 3444                          913.4176     1002.6165             9.77%
*  5960+ 3448                          913.4177     1002.6165             9.77%
*  5970+ 3458                          913.4179     1002.6165             9.77%
*  5977  3462      integral     0      913.4180     1002.6165   431084    9.77%
*  6077+ 3537                          913.4182     1002.3693             9.74%
   6077  3539      997.9044   201      913.4182     1002.3158   442212    9.73%
   6235  3666      920.1871   130      913.4182     1002.2277   460865    9.72%
   6491  3888      981.4924   202      913.4182     1001.9191   479808    9.69%
   6718  4069     1001.2169   179      913.4182     1001.7240   500035    9.67%
   6939  4252      994.0514   139      913.4182     1001.5383   519765    9.65%
*  7000+ 4299                          913.4226     1001.5023             9.64%
   7171  4451      960.5438   134      913.4226     1001.3030   536681    9.62%
*  7240+ 4442                          914.6706     1001.2520             9.47%
*  7240+ 4442                          914.6708     1001.2520             9.47%
*  7240+ 4442                          914.6711     1001.2520             9.47%
   7335  4520      970.1791   149      914.6711     1001.1151   552482    9.45%
Elapsed time = 28.99 sec. (36068.77 ticks, tree = 2.82 MB, solutions = 34)
*  7340+ 4523                          914.6711     1001.1151             9.45%
   7501  4662      996.1499   180      914.6711     1000.7746   569103    9.41%
   7696  4821      974.9333   193      914.6711     1000.6427   586261    9.40%
   7902  4995      963.8763   147      914.6711     1000.5211   603527    9.39%
*  8000+ 5078                          914.6722     1000.3213             9.36%
   8164  5229      952.0924   128      914.6722     1000.2771   621698    9.36%
   8393  5423      980.1391   174      914.6722     1000.0691   640783    9.34%
   8587  5584      925.5405   136      914.6722      999.9406   659927    9.32%
   8749  5718      951.7157   121      914.6722      999.7189   676120    9.30%
   8953  5889      964.2936   123      914.6722      999.6459   694916    9.29%
   9159  6061      985.0609   151      914.6722      999.6370   713059    9.29%
*  9220+ 5246                          932.6124      999.6364             7.19%
*  9320+ 5323                          932.6134      999.6307             7.19%
   9335  5339      941.9151   136      932.6134      999.6307   728708    7.19%
Elapsed time = 36.77 sec. (45765.95 ticks, tree = 3.28 MB, solutions = 38)
   9489  5461      960.7797   135      932.6134      999.4486   742508    7.17%
   9624  5574      967.8770   155      932.6134      999.4329   757865    7.16%
   9767  5682      998.2637   207      932.6134      999.3336   773614    7.15%
   9944  5827      938.6638   124      932.6134      999.2036   790048    7.14%
  10103  5946      991.2742   166      932.6134      999.0782   807604    7.13%
  10284  6080      973.3457   145      932.6134      998.8688   825975    7.10%
  10485  6227      982.9860   148      932.6134      998.5226   844452    7.07%
  10647  6351      962.2418   146      932.6134      998.2894   861978    7.04%
  10823  6490      991.9227   185      932.6134      998.2082   880733    7.03%
  10979  6605      982.2251   159      932.6134      998.0647   901015    7.02%
Elapsed time = 44.44 sec. (55355.43 ticks, tree = 4.01 MB, solutions = 38)
* 11000+ 6622                          932.6168      998.0647             7.02%
* 11000+ 5987                          941.1756      998.0647             6.04%
* 11000+ 5987                          941.1763      998.0647             6.04%
* 11000+ 5987                          941.1773      998.0647             6.04%
* 11000+ 5987                          941.1815      998.0647             6.04%
* 11000+ 5987                          941.1817      998.0647             6.04%
* 11000+ 5986                          941.1835      998.0647             6.04%
* 11001+ 5986                          941.1836      998.0647             6.04%
* 11001+ 5986                          941.1838      998.0647             6.04%
* 11001+ 5986                          941.1838      998.0647             6.04%
* 11001+ 5986                          941.1845      998.0647             6.04%
* 11001+ 5986                          941.1848      998.0647             6.04%
* 11001+ 5986                          941.1849      998.0647             6.04%
* 11001+ 5986                          941.1850      998.0647             6.04%
  11001  5988      997.7349   188      941.1850      998.0387   903313    6.04%
  11002  5989      968.5026   181      941.1850      998.0321   903584    6.04%
  11158  6112      959.1611   171      941.1850      997.8964   919954    6.03%
  11351  6260      978.7218   144      941.1850      997.7242   938747    6.01%
  11502  6376      977.1975   175      941.1850      997.6115   954880    6.00%
  11631  6468        cutoff            941.1850      997.5015   969498    5.98%
  11763  6567      980.4305   182      941.1850      997.3544   985303    5.97%
  11857  6639      952.2930   151      941.1850      997.2812   999031    5.96%
  12014  6750      982.5592   168      941.1850      997.1251  1014888    5.94%
  12144  6847      971.5426   146      941.1850      997.0144  1030569    5.93%
Elapsed time = 63.39 sec. (76426.08 ticks, tree = 4.15 MB, solutions = 52)
  12269  6935      994.9640   184      941.1850      996.8776  1045123    5.92%
  12403  7035      989.7582   194      941.1850      996.8354  1061193    5.91%
  12535  7128      987.2684   137      941.1850      996.7817  1078095    5.91%
  12676  7231      989.6430   175      941.1850      996.5308  1096596    5.88%
  12848  7372      962.3828   155      941.1850      996.4081  1114757    5.87%
  12959  7449      972.0514   153      941.1850      996.2372  1131844    5.85%
  13112  7559      979.1495   144      941.1850      996.1499  1149868    5.84%
  13285  7685      942.1203    81      941.1850      996.1280  1167318    5.84%
  13445  7805      956.4468   187      941.1850      995.9954  1185117    5.82%
  13584  7909      971.8938   165      941.1850      995.9426  1200799    5.82%
Elapsed time = 71.25 sec. (86035.12 ticks, tree = 4.80 MB, solutions = 52)
  13743  8032      951.6327   136      941.1850      995.8469  1217856    5.81%
  13864  8116      973.7196   159      941.1850      995.7874  1232647    5.80%
  14028  8233      988.1791   157      941.1850      995.7126  1248773    5.79%
  14181  8346      971.7643   174      941.1850      995.5514  1265544    5.78%
  14364  8480      975.0855   168      941.1850      995.3293  1282443    5.75%
  14529  8607      961.9291   151      941.1850      995.2695  1298967    5.75%
  14697  8738      978.6840   179      941.1850      995.1328  1315771    5.73%
  14862  8851      977.5385   183      941.1850      994.9834  1333789    5.72%
  15000  8944      983.6833   179      941.1850      994.9392  1350170    5.71%
  15163  9075      965.0621   163      941.1850      994.8232  1368284    5.70%
Elapsed time = 79.03 sec. (95696.15 ticks, tree = 5.82 MB, solutions = 52)
  15317  9185      992.8188   184      941.1850      994.5858  1385304    5.67%
  15438  9271      978.6300   166      941.1850      994.5119  1399979    5.67%
  15622  9404      982.8748   175      941.1850      994.4144  1418538    5.66%
  15800  9530      981.6101   167      941.1850      994.3142  1436587    5.64%
  15967  9661      957.6894   174      941.1850      994.1607  1454224    5.63%
  16107  9754        cutoff            941.1850      994.1076  1472064    5.62%
  16206  9820      953.5514   167      941.1850      994.0621  1486952    5.62%
  16317  9887      953.1456   185      941.1850      993.9518  1502836    5.61%
  16425  9960      962.2948   156      941.1850      993.8950  1518252    5.60%
  16923 10326      942.9157   138      941.1850      993.5789  1582250    5.57%
Elapsed time = 89.23 sec. (108172.47 ticks, tree = 6.63 MB, solutions = 52)
  17489 10765      968.8785   178      941.1850      993.4079  1645104    5.55%
  18058 11171      955.0511   137      941.1850      992.9657  1715165    5.50%
  18596 11543      979.0642   160      941.1850      992.6375  1783610    5.47%
  19119 11908      957.5954   148      941.1850      992.1985  1848971    5.42%
  19698 12326      950.1803   100      941.1850      991.8047  1913832    5.38%
  20309 12743      953.7007   165      941.1850      991.5605  1980923    5.35%
  20899 13154        cutoff            941.1850      991.1552  2049848    5.31%

Performing restart 2

Repeating presolve.
Tried aggregator 1 time.
MIP Presolve eliminated 36 rows and 0 columns.
Reduced MIP has 558 rows, 732 columns, and 4826 nonzeros.
Reduced MIP has 590 binaries, 108 generals, 0 SOSs, and 0 indicators.
Presolve time = 0.00 sec. (2.84 ticks)
Tried aggregator 1 time.
Reduced MIP has 558 rows, 732 columns, and 4826 nonzeros.
Reduced MIP has 590 binaries, 108 generals, 0 SOSs, and 0 indicators.
Presolve time = 0.00 sec. (2.97 ticks)
Represolve time = 0.04 sec. (32.12 ticks)
  21222     0     1014.4505   256      941.1850      Cuts: 70  2089095    5.29%
  21222     0     1013.7809   256      941.1850      Cuts: 81  2089317    5.29%
  21222     0     1013.7335   256      941.1850     Cuts: 149  2089484    5.29%
  21222     0     1013.7189   256      941.1850      Cuts: 94  2089586    5.29%
  21222     0     1013.5451   256      941.1850      Cuts: 99  2089674    5.29%
  21222     0     1013.0169   256      941.1850      Cuts: 87  2089821    5.29%
  21222     0     1012.6465   256      941.1850     Cuts: 120  2089935    5.29%
  21222     0     1012.1329   256      941.1850      Cuts: 84  2090188    5.29%
  21222     0     1011.5030   256      941.1850      Cuts: 94  2090460    5.29%
  21222     2     1011.5030   225      941.1850      990.9979  2090460    5.29%
  21362   122      979.0739   139      941.1850      990.9979  2115444    5.29%
  21599   299      985.1439   168      941.1850      990.9979  2147961    5.29%
Elapsed time = 120.34 sec. (147185.49 ticks, tree = 0.22 MB, solutions = 52)
  21951   568      961.6559    99      941.1850      990.9979  2197621    5.29%
  22468   941      994.4862   197      941.1850      990.9979  2266164    5.29%
  23069  1361      965.2473   165      941.1850      990.9979  2335276    5.29%
  23532  1673      977.1362   167      941.1850      990.9979  2397232    5.29%
  23910  1942      959.6206   168      941.1850      990.9979  2451885    5.29%
Starting limited solution polishing.
  24308  2188      967.9696   149      941.1850      990.9979  2510800    5.29%
  24791  2517      966.4607   163      941.1850      990.9979  2572809    5.29%
  25161  2753      977.9047   190      941.1850      990.9979  2624173    5.29%
  25561  2993      984.5713   177      941.1850      990.4344  2679825    5.23%

GUB cover cuts applied:  20
Clique cuts applied:  96
Cover cuts applied:  15
Implied bound cuts applied:  91
Flow cuts applied:  11
Mixed integer rounding cuts applied:  105
Zero-half cuts applied:  47
Lift and project cuts applied:  50
Gomory fractional cuts applied:  8

Root node processing (before b&c):
  Real time             =    0.35 sec. (363.75 ticks)
Sequential b&c:
  Real time             =  149.65 sec. (183847.73 ticks)
                          ------------
Total (root+branch&cut) =  150.00 sec. (184211.49 ticks)

Solution pool: 53 solutions saved.

MIP - Time limit exceeded, integer feasible:  Objective =  9.4118501499e+02
Current MIP best bound =  9.8956215954e+02 (gap = 48.3771, 5.14%)
Solution time =  150.00 sec.  Iterations = 2714646  Nodes = 25806 (3144)
Deterministic time = 184211.49 ticks  (1228.07 ticks/sec)


Incumbent solution
Variable Name           Solution Value
F                          1000.000000
f1                            0.764985
f2                           58.050000
y65                           1.000000
y151                          1.000000
y5                            1.000000
y35                           1.000000
y140                          1.000000
y84                           1.000000
y107                          1.000000
y127                          1.000000
y157                          1.000000
y155                          1.000000
y36                           1.000000
y66                           1.000000
y61                           1.000000
y98                           1.000000
y89                           1.000000
y181                          1.000000
y136                          1.000000
y96                           1.000000
y4                            1.000000
y170                          1.000000
y31                           1.000000
y23                           1.000000
y57                           1.000000
y67                           1.000000
y114                          1.000000
y165                          1.000000
y75                           1.000000
y81                           1.000000
y19                           1.000000
y38                           1.000000
y156                          1.000000
y124                          1.000000
y72                           1.000000
y68                           1.000000
s70                           0.030000
s65                           0.909334
s151                          0.845486
s5                            0.876863
s16                           0.570000
s35                           0.820974
s142                          0.730000
s140                          0.910000
s84                           0.990000
s107                          1.000000
s127                          1.140000
s157                          1.170000
s155                          2.056667
s36                           1.200000
s66                           1.988173
s61                           1.240000
s98                           1.460000
s147                          1.500000
s89                           2.381735
s181                          2.322927
s136                          2.494414
s96                           2.566875
s4                            2.348019
s170                          2.178341
s31                           2.137681
s78                           2.030000
s23                           2.375707
s154                          2.220000
s39                           2.250000
s57                           2.511065
s24                           2.610000
s67                           3.612647
s114                          3.573969
s165                          3.614305
s75                           3.450226
s81                           2.770000
s19                           3.724080
s38                           3.289705
s156                          3.838823
s124                          3.658145
s72                           3.958797
s137                          3.000000
s68                           3.712079
x0x151x1                      1.000000
x0x5x1                        1.000000
x0x140x1                      1.000000
x0x84x1                       2.000000
x0x107x1                      1.000000
x0x36x1                       2.000000
x0x5x2                        1.000000
x0x140x2                      1.000000
x0x127x2                      1.000000
x0x157x2                      2.000000
x0x61x2                       2.000000
x0x98x2                       1.000000
x0x65x3                       2.000000
x0x151x3                      1.000000
x0x35x3                       2.000000
x0x107x3                      1.000000
x0x127x3                      1.000000
x0x98x3                       1.000000
x65x4x3                       1.000000
x65x57x3                      1.000000
x151x31x1                     1.000000
x151x181x3                    1.000000
x5x4x1                        1.000000
x5x170x2                      1.000000
x35x66x3                      2.000000
x140x31x1                     1.000000
x140x170x2                    1.000000
x84x155x1                     2.000000
x107x23x1                     1.000000
x107x23x3                     1.000000
x127x57x2                     1.000000
x127x81x3                     1.000000
x157x136x2                    2.000000
x155x75x1                     2.000000
x36x181x1                     1.000000
x36x81x1                      1.000000
x66x114x3                     1.000000
x66x165x3                     1.000000
x61x89x2                      2.000000
x98x96x2                      1.000000
x98x96x3                      1.000000
x89x165x2                     1.000000
x89x19x2                      1.000000
x181x114x1                    1.000000
x181x68x3                     1.000000
x136x72x2                     1.000000
x136x68x2                     1.000000
x96x156x2                     1.000000
x96x0x3                       1.000000
x4x124x1                      1.000000
x4x156x3                      1.000000
x170x67x2                     2.000000
x31x38x1                      2.000000
x23x124x1                     1.000000
x23x0x3                       1.000000
x57x19x2                      1.000000
x57x0x3                       1.000000
x67x0x2                       2.000000
x114x0x1                      1.000000
x114x0x3                      1.000000
x165x0x2                      1.000000
x165x0x3                      1.000000
x75x0x1                       2.000000
x81x72x1                      1.000000
x81x0x3                       1.000000
x19x0x2                       2.000000
x38x0x1                       2.000000
x156x0x2                      1.000000
x156x0x3                      1.000000
x124x0x1                      2.000000
x72x0x1                       1.000000
x72x0x2                       1.000000
x68x0x2                       1.000000
x68x0x3                       1.000000
z0z65z3                       1.000000
z0z151z1                      1.000000
z0z151z3                      1.000000
z0z5z1                        1.000000
z0z5z2                        1.000000
z0z35z3                       1.000000
z0z140z1                      1.000000
z0z140z2                      1.000000
z0z84z1                       1.000000
z0z107z1                      1.000000
z0z107z3                      1.000000
z0z127z2                      1.000000
z0z127z3                      1.000000
z0z157z2                      1.000000
z0z155z1                      1.000000
z0z36z1                       1.000000
z0z66z3                       1.000000
z0z61z2                       1.000000
z0z98z2                       1.000000
z0z98z3                       1.000000
z0z89z2                       1.000000
z0z136z2                      1.000000
z0z170z2                      1.000000
z0z31z1                       1.000000
z0z78z1                       1.000000
z0z39z1                       1.000000
z0z24z2                       1.000000
z0z67z2                       1.000000
z0z75z1                       1.000000
z0z19z2                       1.000000
z0z38z1                       1.000000
z0z124z1                      1.000000
z0z137z1                      1.000000
z65z4z3                       1.000000
z65z57z3                      1.000000
z151z181z3                    1.000000
z151z31z1                     1.000000
z5z4z1                        1.000000
z5z170z2                      1.000000
z35z66z3                      1.000000
z142z75z1                     1.000000
z142z38z1                     1.000000
z142z124z1                    1.000000
z142z137z1                    1.000000
z140z170z2                    1.000000
z140z31z1                     1.000000
z84z155z1                     1.000000
z107z23z1                     1.000000
z107z23z3                     1.000000
z127z57z2                     1.000000
z127z81z3                     1.000000
z157z136z2                    1.000000
z155z75z1                     1.000000
z36z181z1                     1.000000
z36z81z1                      1.000000
z66z114z3                     1.000000
z66z165z3                     1.000000
z61z89z2                      1.000000
z98z96z2                      1.000000
z98z96z3                      1.000000
z89z165z2                     1.000000
z89z19z2                      1.000000
z181z114z1                    1.000000
z181z68z3                     1.000000
z136z72z2                     1.000000
z136z68z2                     1.000000
z96z156z2                     1.000000
z4z156z3                      1.000000
z4z124z1                      1.000000
z170z67z2                     1.000000
z31z38z1                      1.000000
z23z124z1                     1.000000
z57z19z2                      1.000000
z81z72z1                      1.000000
All other variables in the range 1-1367 are 0.
