
Log started (V12.10.0.0) Mon Apr  5 22:36:23 2021


Problem 'asset.lp' read.
Read time = 0.05 sec. (0.68 ticks)
New value for default parallel thread count: 1
New value for time limit in seconds: 150
Version identifier: 12.10.0.0 | 2019-11-26 | 843d4de
CPXPARAM_Threads                                 1
CPXPARAM_TimeLimit                               150
Found incumbent of value 0.000000 after 0.00 sec. (0.19 ticks)
Tried aggregator 3 times.
MIP Presolve eliminated 1665 rows and 327 columns.
MIP Presolve modified 4671 coefficients.
Aggregator did 2394 substitutions.
Reduced MIP has 1947 rows, 3190 columns, and 12987 nonzeros.
Reduced MIP has 2894 binaries, 242 generals, 0 SOSs, and 0 indicators.
Presolve time = 0.03 sec. (27.04 ticks)
Probing time = 0.01 sec. (3.03 ticks)
Tried aggregator 1 time.
Detecting symmetries...
MIP Presolve eliminated 2 rows and 2 columns.
MIP Presolve modified 504 coefficients.
Reduced MIP has 1945 rows, 3188 columns, and 12983 nonzeros.
Reduced MIP has 2892 binaries, 242 generals, 0 SOSs, and 0 indicators.
Presolve time = 0.01 sec. (8.38 ticks)
Probing time = 0.00 sec. (2.94 ticks)
Clique table members: 5067.
MIP emphasis: balance optimality and feasibility.
MIP search method: dynamic search.
Parallel mode: none, using 1 thread.
Root relaxation solution time = 0.04 sec. (52.36 ticks)

        Nodes                                         Cuts/
   Node  Left     Objective  IInf  Best Integer    Best Bound    ItCnt     Gap

*     0+    0                            0.0000      540.0000              --- 
      0     0      540.0000   346        0.0000      540.0000      826     --- 
      0     0      540.0000   346        0.0000     Cuts: 298     1597     --- 
      0     0      540.0000   346        0.0000     Cuts: 184     2347     --- 
      0     0      540.0000   346        0.0000     Cuts: 586     3492     --- 
*     0+    0                           18.0000      540.0000              --- 
*     0+    0                           21.0000      540.0000              --- 
      0     0        cutoff             21.0000      540.0000     3492     --- 
*     0+    0                           33.0000      540.0000              --- 
*     0+    0                          249.0000      540.0000           116.87%
*     0+    0                          294.0000      540.0000            83.67%
*     0+    0                          297.0000      540.0000            81.82%
*     0+    0                          318.0000      540.0000            69.81%
      0     0        cutoff            318.0000      540.0000     3492   69.81%
      0     2      540.0000   252      318.0000      540.0000     3492   69.81%
Elapsed time = 1.79 sec. (2361.48 ticks, tree = 0.01 MB, solutions = 7)
     17    19      540.0000   276      318.0000      540.0000     5764   69.81%
     33    35      540.0000   242      318.0000      540.0000     8319   69.81%
     40    42      537.0000   265      318.0000      540.0000     9454   69.81%
     60    62      540.0000   239      318.0000      540.0000    11508   69.81%
     87    89      537.0000   276      318.0000      540.0000    13980   69.81%
     90    92      540.0000   251      318.0000      540.0000    14172   69.81%
    115   116      540.0000   244      318.0000      540.0000    16162   69.81%
    136   137      533.7802   314      318.0000      540.0000    19019   69.81%
    158   159      540.0000   253      318.0000      540.0000    21829   69.81%
    240   241      540.0000   219      318.0000      540.0000    32354   69.81%
Elapsed time = 4.39 sec. (6087.66 ticks, tree = 3.49 MB, solutions = 7)
    313   313      539.9624   261      318.0000      540.0000    42870   69.81%
    496   474      532.6310   267      318.0000      540.0000    52332   69.81%
*   528+  502                          348.0000      540.0000            55.17%
*   528+  502                          354.0000      540.0000            52.54%
*   528+  502                          357.0000      540.0000            51.26%
*   528+  502                          360.0000      540.0000            50.00%
*   528+  502                          363.0000      540.0000            48.76%
    528   504      540.0000   331      363.0000      540.0000    55444   48.76%
*   529+  503                          366.0000      540.0000            47.54%
    529   505      534.0000   344      366.0000      540.0000    56603   47.54%

Performing restart 1

Repeating presolve.
Tried aggregator 2 times.
MIP Presolve modified 3266 coefficients.
Aggregator did 11 substitutions.
Reduced MIP has 1934 rows, 3177 columns, and 10335 nonzeros.
Reduced MIP has 2881 binaries, 242 generals, 0 SOSs, and 0 indicators.
Presolve time = 0.01 sec. (11.98 ticks)
Tried aggregator 1 time.
Reduced MIP has 1934 rows, 3177 columns, and 10335 nonzeros.
Reduced MIP has 2881 binaries, 242 generals, 0 SOSs, and 0 indicators.
Presolve time = 0.01 sec. (7.98 ticks)
Represolve time = 0.08 sec. (53.51 ticks)
    639     0      539.9791   499      366.0000     Cuts: 158    80883   47.54%
    639     0      539.7799   499      366.0000     Cuts: 509    93738   47.48%
    639     0      538.9150   499      366.0000     Cuts: 377   101673   47.24%
    639     0      538.2064   499      366.0000     Cuts: 407   107173   47.05%
    639     0      537.9594   499      366.0000     Cuts: 345   121989   46.98%
    639     0      537.3624   499      366.0000     Cuts: 324   125766   46.82%
    639     0      537.1111   499      366.0000     Cuts: 285   128016   46.75%
    639     0      536.5849   499      366.0000     Cuts: 396   135620   46.61%
    639     0      536.3783   499      366.0000     Cuts: 326   138767   46.55%
    639     0      535.9490   499      366.0000     Cuts: 335   141616   46.43%
    639     0      535.8535   499      366.0000     Cuts: 373   144543   46.41%
    639     0      535.7353   499      366.0000     Cuts: 316   146913   46.38%
    639     0      535.5916   499      366.0000     Cuts: 314   148923   46.34%
    639     0      535.5359   499      366.0000     Cuts: 336   150370   46.32%
    639     0      535.4076   499      366.0000     Cuts: 329   152410   46.29%
    639     0      535.3026   499      366.0000     Cuts: 377   155209   46.26%
    639     0      535.1166   499      366.0000     Cuts: 283   159614   46.21%
    639     0      534.8591   499      366.0000     Cuts: 311   163861   46.14%
    639     0      534.7685   499      366.0000     Cuts: 254   166074   46.11%
    639     0      534.6954   499      366.0000     Cuts: 285   168681   46.09%
    639     0      534.3323   499      366.0000     Cuts: 273   173229   45.99%
    639     0      534.1879   499      366.0000     Cuts: 367   176413   45.95%
    639     0      533.9787   499      366.0000     Cuts: 301   180281   45.90%
    639     0      533.7985   499      366.0000     Cuts: 405   186914   45.85%
    639     0      533.6453   499      366.0000     Cuts: 300   189261   45.80%
    639     0      533.5327   499      366.0000     Cuts: 335   191532   45.77%
    639     0      533.4707   499      366.0000     Cuts: 349   192534   45.76%
    639     0      533.4215   499      366.0000     Cuts: 184   194126   45.74%
    639     0      533.3920   499      366.0000     Cuts: 170   196193   45.74%
    639     0      533.3509   499      366.0000     Cuts: 276   197858   45.72%
    639     2      533.3509   473      366.0000      533.3509   197858   45.72%
    641     4      528.2245   439      366.0000      533.3482   204769   45.72%
    644     7      533.2781   491      366.0000      533.3465   206953   45.72%
    646     9      533.2781   492      366.0000      533.3453   211560   45.72%
    649    12      533.2395   464      366.0000      533.3453   214393   45.72%
    652    15      532.5580   462      366.0000      533.3453   220576   45.72%
Elapsed time = 48.03 sec. (64821.62 ticks, tree = 0.02 MB, solutions = 13)
    653    16      533.1420   501      366.0000      533.3453   224829   45.72%
    656    19      532.6705   447      366.0000      533.3453   231806   45.72%
    659    22      526.9674   441      366.0000      533.3453   238999   45.72%
    662    25      528.4745   439      366.0000      533.3453   246852   45.72%
    665    28      532.7141   465      366.0000      533.3453   252382   45.72%
    668    31      532.6814   461      366.0000      533.3453   258432   45.72%
    670    33      530.8658   423      366.0000      533.3453   265587   45.72%
    675    38      530.4864   418      366.0000      533.3453   270683   45.72%
    678    41      531.4677   431      366.0000      533.3453   281423   45.72%
    681    44      532.4533   454      366.0000      533.3453   288231   45.72%
Elapsed time = 56.09 sec. (77281.87 ticks, tree = 0.15 MB, solutions = 13)
    685    48      529.9892   435      366.0000      533.3453   294551   45.72%
    687    50      529.7336   418      366.0000      533.3453   299626   45.72%
    689    52      532.2246   445      366.0000      533.3453   301664   45.72%
    691    54      526.7972   412      366.0000      533.3453   307748   45.72%
    697    60      531.2220   442      366.0000      533.3453   314301   45.72%
    699    62      527.1621   417      366.0000      533.3453   322745   45.72%
    704    67      531.9333   431      366.0000      533.3453   327920   45.72%
    708    71      528.7489   394      366.0000      533.3453   336401   45.72%
    709    72      531.6842   420      366.0000      533.3453   338177   45.72%
    713    76      528.4231   417      366.0000      533.3453   348202   45.72%
Elapsed time = 66.61 sec. (92886.33 ticks, tree = 0.28 MB, solutions = 13)
    717    80      531.2050   412      366.0000      533.3453   354798   45.72%
    720    83      531.0732   415      366.0000      533.3453   360480   45.72%
    724    87      530.8939   405      366.0000      533.3453   367578   45.72%
    727    90      529.1586   402      366.0000      533.3453   373239   45.72%
    734    97      528.7272   397      366.0000      533.3453   380998   45.72%
    739   102      530.3246   399      366.0000      533.3453   388135   45.72%
    743   106      530.2250   401      366.0000      533.3453   395002   45.72%
    748   111      529.6961   370      366.0000      533.3453   399780   45.72%
    750   113      528.6993   385      366.0000      533.3453   405626   45.72%
    755   118      530.1576   425      366.0000      533.3453   409693   45.72%
Elapsed time = 76.97 sec. (107589.43 ticks, tree = 0.40 MB, solutions = 13)
    759   122      530.1496   427      366.0000      533.3453   411803   45.72%
    767   130      526.8804   366      366.0000      533.3453   419393   45.72%
    773   136      529.5296   391      366.0000      533.3453   425725   45.72%
    779   142      529.7935   397      366.0000      533.3453   426506   45.72%
    785   148      529.5362   399      366.0000      533.3453   432329   45.72%
    793   156      527.5657   361      366.0000      533.3453   439318   45.72%
    799   162      529.3553   397      366.0000      533.3453   443747   45.72%
    804   167      526.6576   327      366.0000      533.3453   451232   45.72%
    815   178      529.0557   393      366.0000      533.3453   456248   45.72%
    819   182      528.9276   395      366.0000      533.3453   459916   45.72%
Elapsed time = 85.49 sec. (120446.40 ticks, tree = 0.50 MB, solutions = 13)
    825   188      528.8387   403      366.0000      533.3453   466616   45.72%
    834   197      526.6102   373      366.0000      533.3453   472180   45.72%
    839   202      528.7650   389      366.0000      533.3453   475657   45.72%
    850   213      528.2729   356      366.0000      533.3453   480773   45.72%
    858   221      524.1037   354      366.0000      533.3453   488796   45.72%
    867   230      527.0974   330      366.0000      533.3453   492972   45.72%
    877   240      523.6116   306      366.0000      533.3453   500468   45.72%
    889   252      525.9109   298      366.0000      533.3453   506738   45.72%
    898   261      527.4955   349      366.0000      533.3453   514193   45.72%
    907   270      518.1564   325      366.0000      533.3453   523596   45.72%
Elapsed time = 92.67 sec. (131387.75 ticks, tree = 0.66 MB, solutions = 13)
    919   282      517.2155   303      366.0000      533.3453   529957   45.72%
    931   294      525.9113   303      366.0000      533.3453   536040   45.72%
    944   307      524.5376   307      366.0000      533.3453   541750   45.72%
    956   319      523.2850   312      366.0000      533.3453   547946   45.72%
    969   332      522.6665   320      366.0000      533.3453   552074   45.72%
    987   350      519.3063   285      366.0000      533.3453   557484   45.72%
   1005   364      516.3642   321      366.0000      533.3453   563734   45.72%
   1031   378      533.2899   476      366.0000      533.3220   570191   45.72%
   1038   385      530.7830   440      366.0000      533.3220   576459   45.72%
   1045   392      526.7619   401      366.0000      533.3220   584239   45.72%
Elapsed time = 99.70 sec. (142322.87 ticks, tree = 0.85 MB, solutions = 13)
   1051   398      531.8229   438      366.0000      533.3220   594265   45.72%
   1058   405      530.6440   435      366.0000      533.3220   602969   45.72%
   1065   412      532.7206   439      366.0000      533.3220   608511   45.72%
   1072   419      532.5837   445      366.0000      533.3220   614541   45.72%
   1076   423      530.6280   416      366.0000      533.3220   621836   45.72%
   1079   426      530.5241   401      366.0000      533.3220   625959   45.72%
   1083   430      528.8963   374      366.0000      533.3220   633787   45.72%
   1089   436      531.5119   435      366.0000      533.3220   640072   45.72%
   1094   441      531.2015   401      366.0000      533.3220   647879   45.72%
   1099   446      527.2581   358      366.0000      533.3220   654902   45.72%
Elapsed time = 107.30 sec. (153782.36 ticks, tree = 0.93 MB, solutions = 13)
   1106   453      530.9275   416      366.0000      533.3220   660186   45.72%
   1113   460      530.3840   399      366.0000      533.3220   667704   45.72%
   1123   470      528.6725   371      366.0000      533.3220   675593   45.72%
   1134   481      526.6476   354      366.0000      533.3220   682718   45.72%
*  1139+  484                          375.0000      533.3220            42.22%
   1139   486      530.1454   388      375.0000      533.3220   687768   42.22%
   1147   494      527.5866   358      375.0000      533.3220   695408   42.22%
   1158   505      523.3562   367      375.0000      533.3220   703521   42.22%
   1170   517      527.3111   373      375.0000      533.3220   710566   42.22%
   1179   526      521.3669   350      375.0000      533.3220   718929   42.22%
   1223   570      526.0086   363      375.0000      533.3220   745062   42.22%
Elapsed time = 117.78 sec. (169033.16 ticks, tree = 1.15 MB, solutions = 14)
*  1239+  584                          378.0000      533.3220            41.09%
*  1239+  584                          381.0000      533.3220            39.98%
   1275   620      512.7924   309      381.0000      533.3220   771706   39.98%
   1333   658      529.8597   423      381.0000      533.2899   795428   39.97%
*  1339+  662                          387.0000      533.2781            37.80%
   1359   684      531.1743   420      387.0000      533.2781   809127   37.80%
   1399   724      494.4567   272      387.0000      533.2781   835616   37.80%
   1427   744      528.4799   449      387.0000      533.2780   855768   37.80%
*  1439+  754                          390.0000      533.2780            36.74%
Starting limited solution polishing.
   1439   756      525.9756   422      390.0000      533.2780   859638   36.74%
   1467   784      520.2116   378      390.0000      533.2780   890089   36.74%
   1524   841      512.2615   353      390.0000      533.2780   915818   36.74%
   1539   856      513.8457   337      390.0000      533.2780   922344   36.74%
*  1615+  918                          393.0000      533.2780            35.69%
   1615   920      530.0435   420      393.0000      533.2779   960298   35.69%
Elapsed time = 146.99 sec. (212139.32 ticks, tree = 1.71 MB, solutions = 19)
*  1639+  942                          396.0000      533.2779            34.67%
   1667   972      515.9103   374      396.0000      533.2779   979536   34.67%

GUB cover cuts applied:  277
Clique cuts applied:  60
Cover cuts applied:  31
Implied bound cuts applied:  49
Flow cuts applied:  7
Mixed integer rounding cuts applied:  66
Zero-half cuts applied:  44
Gomory fractional cuts applied:  3

Root node processing (before b&c):
  Real time             =    1.77 sec. (2349.69 ticks)
Sequential b&c:
  Real time             =  148.23 sec. (213934.98 ticks)
                          ------------
Total (root+branch&cut) =  150.00 sec. (216284.66 ticks)

Solution pool: 21 solutions saved.

MIP - Time limit exceeded, integer feasible:  Objective =  3.9600000000e+02
Current MIP best bound =  5.3327791375e+02 (gap = 137.278, 34.67%)
Solution time =  150.00 sec.  Iterations = 981676  Nodes = 1672 (976)
Deterministic time = 216284.68 ticks  (1441.88 ticks/sec)


Incumbent solution
Variable Name           Solution Value
F                           396.000000
y1                            1.000000
y5                            1.000000
y11                           1.000000
y12                           1.000000
y30                           1.000000
y44                           1.000000
y51                           1.000000
y57                           1.000000
y58                           1.000000
y61                           1.000000
y87                           1.000000
y89                           1.000000
y100                          1.000000
y105                          1.000000
y109                          1.000000
y111                          1.000000
y118                          1.000000
y119                          1.000000
y121                          1.000000
y124                          1.000000
y125                          1.000000
y126                          1.000000
y133                          1.000000
y135                          1.000000
y148                          1.000000
y149                          1.000000
y158                          1.000000
y172                          1.000000
y175                          1.000000
y187                          1.000000
y188                          1.000000
y208                          1.000000
y210                          1.000000
y214                          1.000000
y220                          1.000000
y226                          1.000000
y238                          1.000000
y245                          1.000000
y250                          1.000000
y254                          1.000000
y255                          1.000000
y261                          1.000000
y265                          1.000000
y272                          1.000000
y276                          1.000000
y293                          1.000000
y301                          1.000000
x32x121x1                     1.000000
x69x226x1                     1.000000
x70x51x1                      2.000000
x82x255x1                     1.000000
x140x172x1                    1.000000
x170x148x1                    1.000000
x211x5x1                      1.000000
x211x44x1                     1.000000
x239x238x1                    2.000000
x248x208x1                    1.000000
x7x57x2                       1.000000
x7x158x2                      1.000000
x25x61x2                      1.000000
x69x30x2                      1.000000
x113x118x2                    2.000000
x166x208x2                    1.000000
x170x61x2                     1.000000
x184x226x2                    1.000000
x248x276x2                    1.000000
x267x109x2                    2.000000
x25x57x3                      1.000000
x32x172x3                     1.000000
x42x125x3                     2.000000
x59x30x3                      1.000000
x59x148x3                     1.000000
x82x276x3                     1.000000
x90x58x3                      1.000000
x90x121x3                     1.000000
x140x5x3                      1.000000
x166x158x3                    1.000000
x184x58x3                     1.000000
x121x1x1                      1.000000
x1x12x1                       1.000000
x121x1x3                      1.000000
x1x301x3                      1.000000
x5x105x1                      1.000000
x5x214x3                      1.000000
x238x11x1                     1.000000
x11x0x1                       1.000000
x109x11x2                     1.000000
x11x0x2                       1.000000
x12x0x1                       1.000000
x175x12x2                     1.000000
x12x0x2                       1.000000
x30x126x2                     1.000000
x30x149x3                     1.000000
x44x89x1                      1.000000
x276x44x2                     1.000000
x44x119x2                     1.000000
x51x133x1                     1.000000
x51x272x1                     1.000000
x57x124x2                     1.000000
x57x255x3                     1.000000
x58x210x3                     2.000000
x61x100x2                     1.000000
x61x293x2                     1.000000
x238x87x1                     1.000000
x87x119x1                     1.000000
x125x87x3                     1.000000
x87x250x3                     1.000000
x89x0x1                       1.000000
x126x89x2                     1.000000
x89x0x2                       1.000000
x226x100x2                    1.000000
x100x254x2                    1.000000
x100x301x2                    1.000000
x293x105x1                    1.000000
x105x0x1                      2.000000
x109x265x2                    1.000000
x124x111x2                    1.000000
x111x0x2                      1.000000
x255x111x3                    1.000000
x111x0x3                      1.000000
x118x220x2                    2.000000
x119x0x1                      1.000000
x119x0x2                      1.000000
x208x124x2                    1.000000
x124x250x2                    1.000000
x125x214x3                    1.000000
x276x126x3                    1.000000
x126x135x3                    1.000000
x245x133x1                    1.000000
x133x0x1                      2.000000
x245x135x3                    1.000000
x135x0x3                      2.000000
x148x245x1                    1.000000
x148x245x3                    1.000000
x158x149x3                    1.000000
x149x187x3                    1.000000
x149x254x3                    1.000000
x158x175x2                    1.000000
x172x265x1                    1.000000
x172x175x3                    1.000000
x175x261x3                    1.000000
x208x187x1                    1.000000
x187x0x1                      1.000000
x187x0x3                      1.000000
x210x188x3                    2.000000
x188x0x3                      2.000000
x214x0x3                      2.000000
x220x0x2                      2.000000
x226x293x1                    1.000000
x250x0x2                      1.000000
x250x0x3                      1.000000
x254x0x2                      1.000000
x254x0x3                      1.000000
x255x261x1                    1.000000
x261x0x1                      1.000000
x261x0x3                      1.000000
x265x0x1                      1.000000
x265x0x2                      1.000000
x272x0x1                      1.000000
x293x272x2                    1.000000
x272x0x2                      1.000000
x301x0x2                      1.000000
x301x0x3                      1.000000
s7                            0.940756
s8                            6.750000
z7z8z2                        1.000000
s11                           8.495089
s12                           9.162651
s20                           8.370000
z7z20z2                       1.000000
s30                           6.000000
s44                           7.710000
s57                           6.310000
z7z57z2                       1.000000
s61                           6.140000
z7z61z2                       1.000000
s66                           8.430000
s71                           8.710000
s89                           9.270000
s100                          7.327735
z7z100z2                      1.000000
s109                          6.917199
z7z109z2                      1.000000
s111                          9.220000
s118                          7.270000
z7z118z2                      1.000000
s119                          9.470000
s124                          7.420000
z7z124z2                      1.000000
s126                          7.723079
s129                          6.180000
z7z129z2                      1.000000
s137                          8.790000
s151                          8.010000
s158                          6.170000
z7z158z2                      1.000000
s168                          7.440000
z7z168z2                      1.000000
s173                          8.700000
z7z173z2                      1.000000
s175                          7.498857
s176                          7.410000
s208                          6.000000
s212                          8.180000
z7z212z2                      1.000000
s213                          6.000000
s216                          6.000000
s220                          8.620000
z7z220z2                      1.000000
s226                          6.000000
s231                          7.630000
s233                          7.360000
s250                          9.440000
s254                          9.090000
s265                          8.550000
s272                          9.300000
s276                          6.000000
s293                          7.580651
s301                          8.817134
s25                           0.924242
s1                            7.678916
s5                            6.948817
z25z8z2                       1.000000
z25z20z2                      1.000000
s21                           8.250000
z25z21z3                      1.000000
s26                           6.000000
z25z26z3                      1.000000
s56                           6.900000
z25z56z3                      1.000000
z25z57z3                      1.000000
s58                           6.000000
z25z58z3                      1.000000
z25z61z2                      1.000000
s87                           8.270294
z25z100z2                     1.000000
z25z109z2                     1.000000
z25z118z2                     1.000000
s121                          6.577154
z25z124z2                     1.000000
s125                          6.740000
z25z125z3                     1.000000
z25z129z2                     1.000000
s135                          8.770000
z25z135z3                     1.000000
s148                          6.000000
s149                          7.563333
z25z149z3                     1.000000
z25z168z2                     1.000000
s172                          6.480000
z25z173z2                     1.000000
s187                          8.770000
s188                          9.300000
z25z188z3                     1.000000
s210                          7.540000
z25z210z3                     1.000000
z25z212z2                     1.000000
s214                          8.250000
z25z214z3                     1.000000
z25z220z2                     1.000000
s245                          7.698197
s249                          6.450000
z25z249z3                     1.000000
s251                          8.210000
s255                          7.937163
s261                          9.420000
s271                          7.750000
s299                          8.250000
s32                           0.850000
z32z21z3                      1.000000
z32z26z3                      1.000000
s35                           7.720000
z32z35z1                      1.000000
s51                           7.724586
z32z51z1                      1.000000
z32z56z3                      1.000000
z32z58z3                      1.000000
s105                          8.669595
z32z105z1                     1.000000
z32z121z1                     1.000000
z32z125z3                     1.000000
s133                          8.990000
z32z133z1                     1.000000
s134                          7.860000
z32z134z1                     1.000000
z32z135z3                     1.000000
z32z149z3                     1.000000
z32z172z3                     1.000000
z32z188z3                     1.000000
s195                          9.490000
z32z195z1                     1.000000
z32z210z3                     1.000000
z32z214z3                     1.000000
s238                          6.530000
z32z238z1                     1.000000
z32z249z3                     1.000000
s42                           0.935093
z42z21z3                      1.000000
z42z26z3                      1.000000
z42z56z3                      1.000000
z42z58z3                      1.000000
z42z125z3                     1.000000
z42z135z3                     1.000000
z42z149z3                     1.000000
z42z188z3                     1.000000
z42z210z3                     1.000000
z42z214z3                     1.000000
z42z249z3                     1.000000
s59                           0.973082
z59z21z3                      1.000000
z59z26z3                      1.000000
z59z30z3                      1.000000
z59z56z3                      1.000000
z59z58z3                      1.000000
z59z125z3                     1.000000
z59z135z3                     1.000000
z59z148z3                     1.000000
z59z149z3                     1.000000
z59z188z3                     1.000000
z59z210z3                     1.000000
z59z214z3                     1.000000
z59z249z3                     1.000000
s69                           0.891340
z69z8z2                       1.000000
z69z20z2                      1.000000
z69z30z2                      1.000000
z69z35z1                      1.000000
z69z51z1                      1.000000
z69z61z2                      1.000000
z69z100z2                     1.000000
z69z105z1                     1.000000
z69z109z2                     1.000000
z69z118z2                     1.000000
z69z124z2                     1.000000
z69z129z2                     1.000000
z69z133z1                     1.000000
z69z134z1                     1.000000
z69z168z2                     1.000000
z69z173z2                     1.000000
z69z195z1                     1.000000
z69z212z2                     1.000000
z69z220z2                     1.000000
z69z226z1                     1.000000
z69z238z1                     1.000000
s70                           5.960000
z70z35z1                      1.000000
z70z51z1                      1.000000
z70z105z1                     1.000000
z70z133z1                     1.000000
z70z195z1                     1.000000
s82                           0.976570
z82z21z3                      1.000000
z82z26z3                      1.000000
z82z35z1                      1.000000
z82z51z1                      1.000000
z82z56z3                      1.000000
z82z58z3                      1.000000
z82z105z1                     1.000000
z82z125z3                     1.000000
z82z133z1                     1.000000
z82z134z1                     1.000000
z82z135z3                     1.000000
z82z149z3                     1.000000
z82z188z3                     1.000000
z82z195z1                     1.000000
z82z210z3                     1.000000
z82z214z3                     1.000000
z82z238z1                     1.000000
z82z249z3                     1.000000
z82z255z1                     1.000000
z82z276z3                     1.000000
s90                           0.989029
z90z21z3                      1.000000
z90z26z3                      1.000000
z90z56z3                      1.000000
z90z58z3                      1.000000
z90z121z3                     1.000000
z90z125z3                     1.000000
z90z135z3                     1.000000
z90z149z3                     1.000000
z90z188z3                     1.000000
z90z210z3                     1.000000
z90z214z3                     1.000000
z90z249z3                     1.000000
s113                          5.790000
z113z118z2                    1.000000
z113z168z2                    1.000000
z113z173z2                    1.000000
z113z212z2                    1.000000
z113z220z2                    1.000000
s140                          0.838120
z140z5z3                      1.000000
z140z21z3                     1.000000
z140z26z3                     1.000000
z140z35z1                     1.000000
z140z51z1                     1.000000
z140z56z3                     1.000000
z140z58z3                     1.000000
z140z105z1                    1.000000
z140z125z3                    1.000000
z140z133z1                    1.000000
z140z134z1                    1.000000
z140z135z3                    1.000000
z140z149z3                    1.000000
z140z172z1                    1.000000
z140z188z3                    1.000000
z140z195z1                    1.000000
z140z210z3                    1.000000
z140z214z3                    1.000000
z140z238z1                    1.000000
z140z249z3                    1.000000
s166                          0.978071
z166z8z2                      1.000000
z166z20z2                     1.000000
z166z21z3                     1.000000
z166z26z3                     1.000000
z166z56z3                     1.000000
z166z58z3                     1.000000
z166z61z2                     1.000000
z166z100z2                    1.000000
z166z109z2                    1.000000
z166z118z2                    1.000000
z166z124z2                    1.000000
z166z125z3                    1.000000
z166z129z2                    1.000000
z166z135z3                    1.000000
z166z149z3                    1.000000
z166z158z3                    1.000000
z166z168z2                    1.000000
z166z173z2                    1.000000
z166z188z3                    1.000000
z166z208z2                    1.000000
z166z210z3                    1.000000
z166z212z2                    1.000000
z166z214z3                    1.000000
z166z220z2                    1.000000
z166z249z3                    1.000000
s170                          0.942362
z170z8z2                      1.000000
z170z20z2                     1.000000
z170z35z1                     1.000000
z170z51z1                     1.000000
z170z61z2                     1.000000
z170z100z2                    1.000000
z170z105z1                    1.000000
z170z109z2                    1.000000
z170z118z2                    1.000000
z170z124z2                    1.000000
z170z129z2                    1.000000
z170z133z1                    1.000000
z170z134z1                    1.000000
z170z148z1                    1.000000
z170z168z2                    1.000000
z170z173z2                    1.000000
z170z195z1                    1.000000
z170z212z2                    1.000000
z170z220z2                    1.000000
z170z238z1                    1.000000
s184                          0.876482
z184z8z2                      1.000000
z184z20z2                     1.000000
z184z21z3                     1.000000
z184z26z3                     1.000000
z184z56z3                     1.000000
z184z58z3                     1.000000
z184z61z2                     1.000000
z184z100z2                    1.000000
z184z109z2                    1.000000
z184z118z2                    1.000000
z184z124z2                    1.000000
z184z125z3                    1.000000
z184z129z2                    1.000000
z184z135z3                    1.000000
z184z149z3                    1.000000
z184z168z2                    1.000000
z184z173z2                    1.000000
z184z188z3                    1.000000
z184z210z3                    1.000000
z184z212z2                    1.000000
z184z214z3                    1.000000
z184z220z2                    1.000000
z184z226z2                    1.000000
z184z249z3                    1.000000
s211                          0.960000
z211z5z1                      1.000000
z211z35z1                     1.000000
z211z44z1                     1.000000
z211z51z1                     1.000000
z211z105z1                    1.000000
z211z133z1                    1.000000
z211z134z1                    1.000000
z211z195z1                    1.000000
z211z238z1                    1.000000
s239                          0.960000
z239z35z1                     1.000000
z239z51z1                     1.000000
z239z105z1                    1.000000
z239z133z1                    1.000000
z239z134z1                    1.000000
z239z195z1                    1.000000
z239z238z1                    1.000000
s248                          0.902859
z248z8z2                      1.000000
z248z20z2                     1.000000
z248z35z1                     1.000000
z248z51z1                     1.000000
z248z61z2                     1.000000
z248z100z2                    1.000000
z248z105z1                    1.000000
z248z109z2                    1.000000
z248z118z2                    1.000000
z248z124z2                    1.000000
z248z129z2                    1.000000
z248z133z1                    1.000000
z248z134z1                    1.000000
z248z168z2                    1.000000
z248z173z2                    1.000000
z248z195z1                    1.000000
z248z208z1                    1.000000
z248z212z2                    1.000000
z248z220z2                    1.000000
z248z238z1                    1.000000
z248z276z2                    1.000000
s267                          5.750000
z267z20z2                     1.000000
z267z109z2                    1.000000
z267z118z2                    1.000000
z267z168z2                    1.000000
z267z173z2                    1.000000
z267z212z2                    1.000000
z267z220z2                    1.000000
z1z12z1                       1.000000
z1z301z3                      1.000000
z5z105z1                      1.000000
z5z188z3                      1.000000
z5z195z1                      1.000000
z5z214z3                      1.000000
z26z135z3                     1.000000
z26z188z3                     1.000000
z30z126z2                     1.000000
z30z135z3                     1.000000
z30z149z3                     1.000000
z30z188z3                     1.000000
z44z89z1                      1.000000
z44z119z2                     1.000000
z44z195z1                     1.000000
z51z133z1                     1.000000
z51z272z1                     1.000000
z57z124z2                     1.000000
z57z188z3                     1.000000
z57z255z3                     1.000000
z58z135z3                     1.000000
z58z188z3                     1.000000
z58z210z3                     1.000000
z61z100z2                     1.000000
z61z293z2                     1.000000
z87z119z1                     1.000000
z87z250z3                     1.000000
z100z254z2                    1.000000
z100z301z2                    1.000000
z109z11z2                     1.000000
z109z220z2                    1.000000
z109z265z2                    1.000000
z118z173z2                    1.000000
z118z220z2                    1.000000
z121z1z1                      1.000000
z121z1z3                      1.000000
z121z188z3                    1.000000
z121z195z1                    1.000000
z124z111z2                    1.000000
z124z250z2                    1.000000
z125z87z3                     1.000000
z125z214z3                    1.000000
z126z89z2                     1.000000
z126z135z3                    1.000000
z129z124z2                    1.000000
z134z195z1                    1.000000
z148z35z1                     1.000000
z148z105z1                    1.000000
z148z133z1                    1.000000
z148z135z3                    1.000000
z148z188z3                    1.000000
z148z195z1                    1.000000
z148z245z1                    1.000000
z148z245z3                    1.000000
z149z187z3                    1.000000
z149z254z3                    1.000000
z158z149z3                    1.000000
z158z175z2                    1.000000
z158z188z3                    1.000000
z172z175z3                    1.000000
z172z188z3                    1.000000
z172z195z1                    1.000000
z172z265z1                    1.000000
z175z12z2                     1.000000
z175z261z3                    1.000000
z176z188z3                    1.000000
z208z124z2                    1.000000
z208z133z1                    1.000000
z208z187z1                    1.000000
z208z195z1                    1.000000
z210z188z3                    1.000000
z213z188z3                    1.000000
z216z188z3                    1.000000
z226z35z1                     1.000000
z226z100z2                    1.000000
z226z105z1                    1.000000
z226z133z1                    1.000000
z226z173z2                    1.000000
z226z195z1                    1.000000
z226z293z1                    1.000000
z231z195z1                    1.000000
z238z11z1                     1.000000
z238z87z1                     1.000000
z238z195z1                    1.000000
z245z133z1                    1.000000
z245z135z3                    1.000000
z249z188z3                    1.000000
z255z111z3                    1.000000
z255z261z1                    1.000000
z271z195z1                    1.000000
z276z44z2                     1.000000
z276z126z3                    1.000000
z276z135z3                    1.000000
z276z173z2                    1.000000
z276z188z3                    1.000000
z293z105z1                    1.000000
z293z272z2                    1.000000
All other variables in the range 1-5913 are 0.
