
Log started (V12.10.0.0) Fri Apr  2 17:40:37 2021

Warning, line 1213: Name 's194' does not exist.
Warning, line 1215: Name 's70' does not exist.

Problem 'asset.lp' read.
Read time = 0.00 sec. (0.10 ticks)
New value for default parallel thread count: 1
New value for time limit in seconds: 300
Version identifier: 12.10.0.0 | 2019-11-26 | 843d4de
CPXPARAM_Threads                                 1
CPXPARAM_TimeLimit                               300
Found incumbent of value 0.000000 after 0.00 sec. (0.03 ticks)
Tried aggregator 3 times.
MIP Presolve eliminated 222 rows and 71 columns.
MIP Presolve modified 715 coefficients.
Aggregator did 352 substitutions.
Reduced MIP has 388 rows, 499 columns, and 1903 nonzeros.
Reduced MIP has 448 binaries, 33 generals, 0 SOSs, and 0 indicators.
Presolve time = 0.01 sec. (4.22 ticks)
Probing fixed 21 vars, tightened 5 bounds.
Probing time = 0.00 sec. (2.19 ticks)
Cover probing fixed 0 vars, tightened 2 bounds.
Tried aggregator 1 time.
Detecting symmetries...
MIP Presolve eliminated 43 rows and 37 columns.
MIP Presolve modified 152 coefficients.
Reduced MIP has 345 rows, 458 columns, and 1698 nonzeros.
Reduced MIP has 418 binaries, 24 generals, 0 SOSs, and 0 indicators.
Presolve time = 0.00 sec. (1.88 ticks)
Probing time = 0.00 sec. (2.01 ticks)
Clique table members: 1165.
MIP emphasis: balance optimality and feasibility.
MIP search method: dynamic search.
Parallel mode: none, using 1 thread.
Root relaxation solution time = 0.01 sec. (6.85 ticks)

        Nodes                                         Cuts/
   Node  Left     Objective  IInf  Best Integer    Best Bound    ItCnt     Gap

*     0+    0                            0.0000      168.0000              --- 
      0     0      122.7512   117        0.0000      122.7512      466     --- 
      0     0      114.9770   117        0.0000     Cuts: 186      665     --- 
      0     0      111.3243   117        0.0000     Cuts: 181      791     --- 
      0     0      110.5927   117        0.0000      Cuts: 90      848     --- 
      0     0      110.2575   117        0.0000      Cuts: 88      922     --- 
      0     0      110.2135   117        0.0000      Cuts: 39      946     --- 
      0     0      110.1777   117        0.0000      Cuts: 53      992     --- 
      0     0      110.1749   117        0.0000      Cuts: 22     1006     --- 
      0     0      109.9862   117        0.0000      Cuts: 22     1065     --- 
*     0+    0                           66.0000      109.9862            66.65%
      0     0      109.9566   117       66.0000      Cuts: 30     1080   66.60%
      0     0      109.8967   117       66.0000      Cuts: 43     1112   66.51%
      0     0      109.8782   117       66.0000      Cuts: 31     1139   66.48%
      0     0      109.7165   117       66.0000      Cuts: 14     1171   66.24%
      0     0      109.5092   117       66.0000      Cuts: 74     1231   65.92%
      0     0      109.3264   117       66.0000      Cuts: 36     1268   65.65%
*     0+    0                           70.0000      109.3264            56.18%
      0     0      108.7293   117       70.0000      Cuts: 90     1291   55.33%
      0     0      108.5502   117       70.0000      Cuts: 80     1346   55.07%
      0     0      108.5296   117       70.0000      Cuts: 60     1380   55.04%
      0     0      108.4686   117       70.0000      Cuts: 28     1410   54.96%
      0     0      108.3896   117       70.0000      Cuts: 16     1432   54.84%
      0     0      108.3532   117       70.0000      Cuts: 26     1451   54.79%
      0     0      108.3531   117       70.0000      Cuts: 10     1460   54.79%
      0     2      108.3531   130       70.0000      108.3531     1460   54.79%
Elapsed time = 0.18 sec. (163.98 ticks, tree = 0.01 MB, solutions = 2)
*    40+   32                           76.0000      108.2280            42.41%
*    60+   45                           78.0000      108.2280            38.75%
    287   207       97.3894   108       78.0000      104.9083     8389   34.50%
*   310+  180                           80.0000      104.9083            31.14%
    431   217        cutoff             80.0000       99.1162    14717   23.90%
    615   259       83.7400    36       80.0000       92.6101    21380   15.76%
    844   329       82.0000    10       80.0000       89.7972    28135   12.25%
   1075   378       87.3753    73       80.0000       87.6107    33857    9.51%
*  1245    40      integral     0       82.0000       84.9361    40186    3.58%
   1250    43       84.0000    10       82.0000       84.9075    40242    3.55%

Clique cuts applied:  18
Cover cuts applied:  13
Implied bound cuts applied:  169
Flow cuts applied:  10
Mixed integer rounding cuts applied:  16
Zero-half cuts applied:  25
Lift and project cuts applied:  3
Gomory fractional cuts applied:  2

Root node processing (before b&c):
  Real time             =    0.18 sec. (164.03 ticks)
Sequential b&c:
  Real time             =    1.37 sec. (1470.37 ticks)
                          ------------
Total (root+branch&cut) =    1.55 sec. (1634.39 ticks)

Solution pool: 7 solutions saved.

MIP - Integer optimal solution:  Objective =  8.2000000000e+01
Solution time =    1.55 sec.  Iterations = 41039  Nodes = 1323
Deterministic time = 1634.40 ticks  (1055.61 ticks/sec)


Incumbent solution
Variable Name           Solution Value
F                            82.000000
y191                          1.000000
y150                          1.000000
y257                          1.000000
y97                           1.000000
y108                          1.000000
y170                          1.000000
y211                          1.000000
y40                           1.000000
y50                           1.000000
y14                           1.000000
y234                          1.000000
y230                          1.000000
y71                           1.000000
x250x170x1                    1.000000
x37x230x1                     1.000000
x224x170x1                    1.000000
x59x14x1                      1.000000
x36x108x1                     1.000000
x36x230x1                     1.000000
x73x191x1                     1.000000
x31x191x1                     1.000000
x100x40x2                     1.000000
x116x234x2                    1.000000
x73x150x2                     1.000000
x267x257x2                    1.000000
x31x257x2                     1.000000
x100x71x3                     1.000000
x68x14x3                      1.000000
x9x71x3                       1.000000
x241x97x3                     1.000000
x241x211x3                    1.000000
x59x50x3                      1.000000
x267x150x3                    1.000000
x191x97x1                     1.000000
x191x234x1                    1.000000
x150x211x2                    1.000000
x150x108x3                    1.000000
x257x0x2                      1.000000
x257x40x2                     1.000000
x97x0x1                       1.000000
x97x0x3                       1.000000
x108x0x1                      1.000000
x108x0x3                      1.000000
x170x0x1                      1.000000
x170x50x1                     1.000000
x211x0x2                      1.000000
x211x0x3                      1.000000
x40x0x2                       2.000000
x50x0x1                       1.000000
x50x0x3                       1.000000
x14x0x1                       1.000000
x14x0x3                       1.000000
x234x0x1                      1.000000
x234x0x2                      1.000000
x230x0x1                      2.000000
x71x0x3                       2.000000
s250                          6.420000
s124                          7.580000
s148                          7.600000
s191                          7.640000
s219                          7.650000
s49                           7.680000
s51                           7.720000
s97                           8.721760
s249                          7.770000
s122                          8.239538
s15                           8.790000
z250z15z1                     1.000000
s108                          8.794046
s170                          8.033050
z250z170z1                    1.000000
s23                           8.830000
s135                          9.240000
s50                           9.260000
s14                           9.300000
s234                          9.300000
s230                          9.480000
z250z230z1                    1.000000
s37                           6.779505
z37z230z1                     1.000000
s224                          6.720000
z224z170z1                    1.000000
z224z230z1                    1.000000
s100                          7.601965
s40                           9.050000
z100z40z2                     1.000000
s71                           9.490000
z100z71z3                     1.000000
s68                           7.675991
z68z14z3                      1.000000
z68z71z3                      1.000000
s9                            7.810451
z9z71z3                       1.000000
s241                          7.405845
s235                          8.625297
z241z235z3                    1.000000
s195                          8.619057
z241z195z3                    1.000000
s201                          8.670000
z241z201z3                    1.000000
s150                          7.700000
s225                          8.709514
z241z225z3                    1.000000
z241z97z3                     1.000000
s211                          8.820000
z241z211z3                    1.000000
z241z71z3                     1.000000
s116                          7.946470
z116z234z2                    1.000000
s59                           7.526455
z59z50z3                      1.000000
z59z14z1                      1.000000
z59z230z1                     1.000000
z59z71z3                      1.000000
s36                           7.490000
z36z108z1                     1.000000
z36z230z1                     1.000000
s73                           5.967630
z73z191z1                     1.000000
s8                            7.670000
z73z150z2                     1.000000
s257                          7.730000
z73z257z2                     1.000000
z73z122z1                     1.000000
z73z15z1                      1.000000
z73z170z1                     1.000000
s83                           8.830000
z73z83z2                      1.000000
s168                          7.870000
z73z168z2                     1.000000
z73z40z2                      1.000000
z73z230z1                     1.000000
s267                          5.480000
z267z235z3                    1.000000
z267z195z3                    1.000000
z267z8z2                      1.000000
z267z201z3                    1.000000
z267z150z3                    1.000000
z267z225z3                    1.000000
z267z257z2                    1.000000
z267z83z2                     1.000000
z267z168z2                    1.000000
z267z40z2                     1.000000
z267z71z3                     1.000000
s31                           5.780000
z31z191z1                     1.000000
z31z8z2                       1.000000
z31z257z2                     1.000000
z31z122z1                     1.000000
z31z15z1                      1.000000
z31z170z1                     1.000000
z31z83z2                      1.000000
z31z168z2                     1.000000
z31z40z2                      1.000000
z31z230z1                     1.000000
z191z97z1                     1.000000
z191z15z1                     1.000000
z191z234z1                    1.000000
z8z83z2                       1.000000
z8z40z2                       1.000000
z150z108z3                    1.000000
z150z211z2                    1.000000
z257z40z2                     1.000000
z122z230z1                    1.000000
z170z50z1                     1.000000
All other variables in the range 1-925 are 0.
