
Log started (V12.10.0.0) Thu Apr 15 11:20:34 2021


Problem 'asset.lp' read.
Read time = 0.02 sec. (0.80 ticks)
New value for default parallel thread count: 1
New value for time limit in seconds: 150
Version identifier: 12.10.0.0 | 2019-11-26 | 843d4de
CPXPARAM_Threads                                 1
CPXPARAM_TimeLimit                               150
Found incumbent of value 0.000000 after 0.00 sec. (0.22 ticks)
Tried aggregator 3 times.
MIP Presolve eliminated 1957 rows and 728 columns.
MIP Presolve modified 6133 coefficients.
Aggregator did 2653 substitutions.
Reduced MIP has 2422 rows, 3480 columns, and 14711 nonzeros.
Reduced MIP has 3159 binaries, 259 generals, 0 SOSs, and 0 indicators.
Presolve time = 0.04 sec. (32.26 ticks)
Probing time = 0.00 sec. (3.26 ticks)
Tried aggregator 1 time.
Detecting symmetries...
MIP Presolve modified 236 coefficients.
Reduced MIP has 2422 rows, 3480 columns, and 14711 nonzeros.
Reduced MIP has 3159 binaries, 259 generals, 0 SOSs, and 0 indicators.
Presolve time = 0.01 sec. (9.68 ticks)
Probing time = 0.00 sec. (3.18 ticks)
Clique table members: 5435.
MIP emphasis: balance optimality and feasibility.
MIP search method: dynamic search.
Parallel mode: none, using 1 thread.
Root relaxation solution time = 0.07 sec. (97.00 ticks)

        Nodes                                         Cuts/
   Node  Left     Objective  IInf  Best Integer    Best Bound    ItCnt     Gap

*     0+    0                            0.0000      555.0000              --- 
      0     0      540.3174   365        0.0000      540.3174     1316     --- 
      0     0      535.8525   365        0.0000     Cuts: 705     2699     --- 
      0     0      534.1325   365        0.0000     Cuts: 705     4705     --- 
      0     0      534.0578   365        0.0000     Cuts: 705     6231     --- 
*     0+    0                          186.0000      534.0578           187.13%
      0     0        cutoff            186.0000      534.0578     6231  187.13%
      0     0      534.0080   365      186.0000     Cuts: 705     7407  187.10%
      0     0      533.8825   365      186.0000     Cuts: 705     8443  187.03%
      0     0      532.9323   365      186.0000     Cuts: 705    13244  186.52%
*     0+    0                          204.0000      532.9323           161.24%
*     0+    0                          213.0000      532.9323           150.20%
*     0+    0                          216.0000      532.9323           146.73%
      0     0      531.0742   365      216.0000     Cuts: 705    17625  145.87%
      0     0      529.4542   365      216.0000     Cuts: 705    20066  145.12%
      0     0      528.6907   365      216.0000     Cuts: 705    23168  144.76%
      0     0      528.3048   365      216.0000     Cuts: 705    25506  144.59%
      0     0      527.6137   365      216.0000     Cuts: 705    30461  144.27%
      0     0      526.0269   365      216.0000     Cuts: 705    31924  143.53%
*     0+    0                          219.0000      526.0269           140.19%
*     0+    0                          222.0000      526.0269           136.95%
*     0+    0                          243.0000      526.0269           116.47%
*     0+    0                          252.0000      526.0269           108.74%
      0     0        cutoff            252.0000      526.0269    31924  108.74%
      0     0      525.4244   365      252.0000     Cuts: 705    33555  108.50%
      0     0      524.6012   365      252.0000     Cuts: 705    34446  108.18%
      0     0      523.6799   365      252.0000     Cuts: 705    37343  107.81%
*     0+    0                          255.0000      523.6799           105.36%
      0     0      523.5189   365      255.0000     Cuts: 705    39861  105.30%
      0     0      522.8395   365      255.0000     Cuts: 705    41084  105.04%
      0     0      522.4120   365      255.0000     Cuts: 560    42440  104.87%
*     0+    0                          261.0000      522.4120           100.16%
*     0+    0                          264.0000      522.4120            97.88%
*     0+    0                          270.0000      522.4120            93.49%
      0     0        cutoff            270.0000      522.4120    42440   93.49%
      0     0      522.3119   365      270.0000     Cuts: 705    43972   93.45%
      0     0      521.9671   365      270.0000     Cuts: 705    45201   93.32%
      0     0      521.6637   365      270.0000     Cuts: 705    47404   93.21%
      0     0      520.8336   365      270.0000     Cuts: 705    49159   92.90%
      0     0      519.9233   365      270.0000     Cuts: 705    50000   92.56%
      0     0      519.5028   365      270.0000     Cuts: 610    51093   92.41%
*     0+    0                          279.0000      519.5028            86.20%
*     0+    0                          291.0000      519.5028            78.52%
*     0+    0                          294.0000      519.5028            76.70%
      0     0        cutoff            294.0000      519.5028    51093   76.70%
      0     0      518.5294   365      294.0000     Cuts: 676    55291   76.37%
      0     0      518.2267   365      294.0000     Cuts: 705    57016   76.27%
      0     0      518.1432   365      294.0000     Cuts: 705    57950   76.24%
*     0+    0                          297.0000      518.1432            74.46%
      0     0      517.6602   365      297.0000     Cuts: 210    59790   74.30%
      0     0      516.5495   365      297.0000     Cuts: 705    61603   73.92%
      0     0      514.9487   365      297.0000     Cuts: 705    64706   73.38%
      0     0      514.8291   365      297.0000     Cuts: 705    68157   73.34%
      0     2      514.8291   339      297.0000      514.8291    68157   73.34%
Elapsed time = 14.46 sec. (19130.53 ticks, tree = 0.01 MB, solutions = 16)
      2     4      514.6969   434      297.0000      514.6969    71114   73.30%
      5     7      512.0025   407      297.0000      514.6969    73843   73.30%
      8    10      500.9824   385      297.0000      514.6969    76993   73.30%
      9    11      511.9504   393      297.0000      514.6969    78192   73.30%
     10    12      510.7707   397      297.0000      514.6969    80971   73.30%
     12    14      510.1976   351      297.0000      514.6969    82954   73.30%
     15    17      508.2647   352      297.0000      514.6969    85281   73.30%
     17    19      497.6656   358      297.0000      514.6969    88011   73.30%
     19    21      506.1582   375      297.0000      514.6969    90161   73.30%
     25    27      505.8318   393      297.0000      514.6969    97352   73.30%
Elapsed time = 17.76 sec. (23907.14 ticks, tree = 0.04 MB, solutions = 16)
     39    41      502.1824   270      297.0000      514.6969   103704   73.30%
     63    63      477.5359   285      297.0000      514.6969   108585   73.30%
    113    93      429.1530   222      297.0000      514.6969   114349   73.30%
    177   155      400.6394   177      297.0000      514.6969   122293   73.30%
    305   260      508.6808   403      297.0000      513.9511   130636   73.05%
    314   267      488.0919   352      297.0000      513.9511   137713   73.05%
    331   280      485.6999   245      297.0000      513.9511   140938   73.05%
    364   313      459.4372   255      297.0000      513.9511   147947   73.05%
    424   355      428.6020   196      297.0000      513.9511   154857   73.05%

Performing restart 1

Repeating presolve.
Tried aggregator 1 time.
MIP Presolve eliminated 3 rows and 0 columns.
MIP Presolve modified 2669 coefficients.
Reduced MIP has 2419 rows, 3480 columns, and 12303 nonzeros.
Reduced MIP has 3159 binaries, 259 generals, 0 SOSs, and 0 indicators.
Presolve time = 0.01 sec. (11.43 ticks)
Tried aggregator 1 time.
Reduced MIP has 2419 rows, 3480 columns, and 12303 nonzeros.
Reduced MIP has 3159 binaries, 259 generals, 0 SOSs, and 0 indicators.
Presolve time = 0.01 sec. (9.04 ticks)
Represolve time = 0.12 sec. (76.36 ticks)
    486     0      482.5287   479      297.0000     Cuts: 496   174126   62.47%
    486     0      471.9321   479      297.0000     Cuts: 393   176166   58.90%
    486     0      468.3905   479      297.0000     Cuts: 359   177731   57.71%
*   486+    0                          300.0000      468.3905            56.13%
    486     0      465.3176   479      300.0000     Cuts: 337   178944   55.11%
    486     0      463.1695   479      300.0000     Cuts: 347   180356   54.39%
    486     0      462.0479   479      300.0000     Cuts: 234   181458   54.02%
*   486+    0                          303.0000      462.0479            52.49%
    486     0        cutoff            303.0000      462.0479   181458   52.49%
    486     0      461.5451   479      303.0000     Cuts: 272   182893   52.33%
    486     0      460.8927   479      303.0000     Cuts: 231   185062   52.11%
    486     0      459.5366   479      303.0000     Cuts: 249   187097   51.66%
    486     0      458.3103   479      303.0000     Cuts: 264   188251   51.26%
    486     0      457.4447   479      303.0000     Cuts: 210   188909   50.97%
    486     0      457.0656   479      303.0000     Cuts: 155   189296   50.85%
    486     0      456.4924   479      303.0000     Cuts: 136   189972   50.66%
    486     0      456.0594   479      303.0000     Cuts: 130   191080   50.51%
    486     0      455.8344   479      303.0000     Cuts: 155   191672   50.44%
    486     0      455.6867   479      303.0000      Cuts: 98   192315   50.39%
    486     0      455.4442   479      303.0000     Cuts: 139   193257   50.31%
    486     0      455.2922   479      303.0000     Cuts: 114   193813   50.26%
    486     0      455.2119   479      303.0000      Cuts: 90   194103   50.23%
    486     0      455.1291   479      303.0000      Cuts: 86   194269   50.21%
    486     0      455.0173   479      303.0000      Cuts: 77   194632   50.17%
    486     0      454.9056   479      303.0000     Cuts: 134   194870   50.13%
    486     0      454.8299   479      303.0000      Cuts: 92   195083   50.11%
    486     0      454.7015   479      303.0000     Cuts: 102   195759   50.07%
    486     0      454.6725   479      303.0000      Cuts: 69   195984   50.06%
    486     0      454.5680   479      303.0000      Cuts: 85   196301   50.02%
    486     0      454.5174   479      303.0000      Cuts: 76   196700   50.01%
    486     0      454.4378   479      303.0000     Cuts: 108   196983   49.98%
    486     0      454.2965   479      303.0000      Cuts: 71   197286   49.93%
    486     0      454.2393   479      303.0000     Cuts: 130   197656   49.91%
    486     2      454.2393   448      303.0000      454.2374   197656   49.91%
Elapsed time = 55.53 sec. (73162.24 ticks, tree = 0.01 MB, solutions = 18)
    489     5      453.9278   443      303.0000      454.0154   198977   49.84%
    492     8      451.6132   406      303.0000      454.0154   202577   49.84%
    496    12      451.7941   408      303.0000      454.0154   205608   49.84%
    500    16      451.3638   384      303.0000      454.0154   208214   49.84%
    505    21      438.7906   380      303.0000      454.0154   211092   49.84%
    507    23      450.2250   382      303.0000      454.0154   213323   49.84%
    514    30      449.2599   379      303.0000      454.0154   215923   49.84%
    518    34      448.6558   363      303.0000      454.0154   219636   49.84%
    525    41      442.3917   342      303.0000      454.0154   223158   49.84%
    532    48      446.3814   371      303.0000      454.0154   225278   49.84%
Elapsed time = 63.83 sec. (85499.58 ticks, tree = 0.37 MB, solutions = 18)
    536    52      442.8418   382      303.0000      454.0154   227046   49.84%
    545    61      432.0376   342      303.0000      454.0154   230619   49.84%
    554    70      437.7110   333      303.0000      454.0154   234414   49.84%
    561    77      441.2819   332      303.0000      454.0154   237286   49.84%
    571    87      438.7010   323      303.0000      454.0154   241354   49.84%
    582    98      431.6282   322      303.0000      454.0154   246851   49.84%
    595   111      404.6871   234      303.0000      454.0154   251308   49.84%
    610   125      429.1623   274      303.0000      454.0154   253891   49.84%
    626   141      427.9871   261      303.0000      454.0154   255574   49.84%
    655   170      418.5398   264      303.0000      454.0154   259102   49.84%
Elapsed time = 71.05 sec. (95967.75 ticks, tree = 2.33 MB, solutions = 18)
    691   202      420.5103   259      303.0000      454.0154   263085   49.84%
    715   226      409.6288   232      303.0000      454.0154   266367   49.84%
    746   257      389.3751   197      303.0000      454.0154   270462   49.84%
    806   315      408.3714   212      303.0000      454.0154   274589   49.84%
    843   338      442.4037   385      303.0000      453.9928   280198   49.83%
    846   341      441.7021   392      303.0000      453.9928   280858   49.83%
    853   348      441.0287   351      303.0000      453.9928   284851   49.83%
    862   357      427.9283   286      303.0000      453.9928   289046   49.83%
    883   378      421.1889   267      303.0000      453.9928   293301   49.83%
    897   392      415.9747   248      303.0000      453.9928   295014   49.83%
Elapsed time = 78.34 sec. (106239.20 ticks, tree = 7.47 MB, solutions = 18)
    909   398      453.8904   446      303.0000      453.9277   297211   49.81%
    928   417      447.3066   357      303.0000      453.9277   301323   49.81%
    956   445      438.3959   347      303.0000      453.9277   305761   49.81%
    996   485      425.0941   251      303.0000      453.9277   310573   49.81%
   1045   532      351.9922   149      303.0000      453.9277   315393   49.81%
   1064   543      451.3158   417      303.0000      453.8903   318725   49.80%
   1083   562      433.8706   328      303.0000      453.8903   323024   49.80%
   1106   585      424.5759   307      303.0000      453.8903   325730   49.80%
   1183   662      406.2353   247      303.0000      453.8903   330235   49.80%
   1231   704      435.1929   403      303.0000      453.7498   334990   49.75%
Elapsed time = 85.51 sec. (116246.46 ticks, tree = 11.45 MB, solutions = 18)
   1242   715      416.1034   305      303.0000      453.7498   340004   49.75%
   1255   728      419.5834   314      303.0000      453.7498   344253   49.75%
   1273   746      409.1217   281      303.0000      453.7498   348682   49.75%
   1286   759      413.0168   285      303.0000      453.7498   351825   49.75%
   1307   778      404.7125   238      303.0000      453.7498   356309   49.75%
   1328   799      400.9597   232      303.0000      453.7498   360923   49.75%
   1361   830        cutoff            303.0000      453.7498   365743   49.75%
   1378   843      367.2079   151      303.0000      453.7498   371867   49.75%
   1413   872      380.3011   169      303.0000      453.7498   377026   49.75%
   1441   900      375.9949   156      303.0000      453.7498   383400   49.75%
Elapsed time = 92.80 sec. (126579.80 ticks, tree = 16.05 MB, solutions = 18)
   1464   919      362.3153   159      303.0000      453.7498   389294   49.75%
   1486   937      368.1168   146      303.0000      453.7498   394253   49.75%
   1503   954      450.5748   387      303.0000      453.6555   396913   49.72%
   1518   969      441.9108   336      303.0000      453.6555   400788   49.72%
   1564  1015      430.0683   315      303.0000      453.6555   404586   49.72%
   1660  1109        cutoff            303.0000      453.6555   408858   49.72%
   1687  1127      447.5624   426      303.0000      453.6428   412444   49.72%
   1703  1143      443.5864   357      303.0000      453.6428   416185   49.72%
   1726  1166      435.2968   312      303.0000      453.6428   420112   49.72%
   1766  1206      423.9713   290      303.0000      453.6428   424421   49.72%
Elapsed time = 101.24 sec. (138160.54 ticks, tree = 23.50 MB, solutions = 18)
   1790  1226      450.8095   450      303.0000      453.6402   428458   49.72%
   1814  1249      443.4705   367      303.0000      453.6402   432852   49.72%
   1850  1285      433.6118   313      303.0000      453.6402   437004   49.72%
   1894  1329      421.1026   281      303.0000      453.6402   441545   49.72%
   1947  1372      441.8361   382      303.0000      453.5736   447015   49.69%
   1966  1389      433.9347   352      303.0000      453.5736   451289   49.69%
   1987  1410      420.0980   307      303.0000      453.5736   456850   49.69%
   2015  1436      403.8201   258      303.0000      453.5736   461825   49.69%
   2087  1506      376.4304   167      303.0000      453.5736   465818   49.69%
   2108  1521      428.9460   339      303.0000      453.5425   470981   49.68%
Elapsed time = 108.91 sec. (148894.85 ticks, tree = 24.61 MB, solutions = 18)
   2117  1530      438.0174   366      303.0000      453.5425   475216   49.68%
   2129  1542      422.4083   302      303.0000      453.5425   479272   49.68%
   2144  1557      403.6555   211      303.0000      453.5425   484800   49.68%
   2159  1572      390.5200   216      303.0000      453.5425   490268   49.68%
   2189  1600      381.2153   189      303.0000      453.5425   495055   49.68%
   2234  1639      352.2239   145      303.0000      453.5425   500355   49.68%
   2290  1675      450.4677   439      303.0000      453.3268   504157   49.61%
   2305  1690      444.6155   358      303.0000      453.3268   507228   49.61%
   2325  1710      437.8998   326      303.0000      453.3268   511068   49.61%
   2425  1806      415.3740   230      303.0000      453.3268   526665   49.61%
Elapsed time = 118.50 sec. (162521.24 ticks, tree = 29.01 MB, solutions = 18)
   2516  1888      416.9471   336      303.0000      453.2489   540269   49.59%
   2569  1935      435.8310   422      303.0000      453.2414   561702   49.58%
   2646  2012      399.1736   250      303.0000      453.2414   577222   49.58%
   2744  2096      426.1704   373      303.0000      453.2023   593300   49.57%
   2828  2176      433.0324   323      303.0000      453.1986   610298   49.57%
   2902  2250      388.3427   224      303.0000      453.1986   631928   49.57%
   2969  2313      412.5957   253      303.0000      452.9302   647540   49.48%
Starting limited solution polishing.
*  2986+ 2326                          309.0000      452.9302            46.58%
   3035  2370      430.1215   354      309.0000      452.7668   664911   46.53%
   3086  2421      415.0506   226      309.0000      452.7668   672168   46.53%
   3149  2478      426.3997   287      309.0000      452.7616   685625   46.52%
Elapsed time = 146.71 sec. (201965.38 ticks, tree = 43.59 MB, solutions = 19)
*  3186+ 2509                          321.0000      452.7616            41.05%
Advanced basis not built.

GUB cover cuts applied:  146
Clique cuts applied:  107
Cover cuts applied:  28
Implied bound cuts applied:  71
Flow cuts applied:  26
Mixed integer rounding cuts applied:  149
Zero-half cuts applied:  131
Lift and project cuts applied:  23
Gomory fractional cuts applied:  7

Root node processing (before b&c):
  Real time             =   14.44 sec. (19117.75 ticks)
Sequential b&c:
  Real time             =  135.56 sec. (187268.25 ticks)
                          ------------
Total (root+branch&cut) =  150.00 sec. (206386.00 ticks)

Solution pool: 21 solutions saved.

MIP - Time limit exceeded, integer feasible:  Objective =  3.2100000000e+02
Current MIP best bound =  4.5272257339e+02 (gap = 131.723, 41.04%)
Solution time =  150.00 sec.  Iterations = 700912  Nodes = 3286 (2599)
Deterministic time = 206386.02 ticks  (1375.87 ticks/sec)


Incumbent solution
Variable Name           Solution Value
F                           321.000000
y8                            1.000000
y15                           1.000000
y28                           1.000000
y36                           1.000000
y38                           1.000000
y40                           1.000000
y44                           1.000000
y59                           1.000000
y83                           1.000000
y84                           1.000000
y94                           1.000000
y115                          1.000000
y129                          1.000000
y138                          1.000000
y144                          1.000000
y150                          1.000000
y154                          1.000000
y156                          1.000000
y160                          1.000000
y179                          1.000000
y202                          1.000000
y204                          1.000000
y205                          1.000000
y207                          1.000000
y210                          1.000000
y217                          1.000000
y221                          1.000000
y235                          1.000000
y250                          1.000000
y256                          1.000000
y257                          1.000000
y262                          1.000000
x66x207x1                     1.000000
x104x207x1                    1.000000
x111x40x1                     1.000000
x135x205x1                    1.000000
x168x217x1                    1.000000
x254x129x1                    1.000000
x17x156x2                     1.000000
x20x129x2                     1.000000
x21x115x2                     2.000000
x111x38x2                     1.000000
x183x250x2                    1.000000
x188x38x2                     1.000000
x188x221x2                    1.000000
x4x156x3                      1.000000
x4x204x3                      1.000000
x37x204x3                     1.000000
x37x250x3                     1.000000
x49x256x3                     2.000000
x113x40x3                     1.000000
x124x205x3                    1.000000
x168x221x3                    1.000000
x207x8x1                      1.000000
x8x36x1                       1.000000
x250x8x2                      1.000000
x8x36x2                       1.000000
x156x15x2                     1.000000
x15x144x2                     1.000000
x205x15x3                     1.000000
b15b0b3                       1.000000
x129x28x1                     1.000000
x28x257x1                     1.000000
x221x28x3                     1.000000
x28x84x3                      1.000000
b36b0b1                       1.000000
b36b0b2                       1.000000
x38x154x2                     1.000000
x38x262x2                     1.000000
x40x262x1                     1.000000
x40x59x3                      1.000000
x129x44x2                     1.000000
x44x144x2                     1.000000
x256x44x3                     1.000000
x44x257x3                     1.000000
x156x59x3                     1.000000
x59x160x3                     2.000000
x217x83x1                     1.000000
b83b0b1                       1.000000
x217x83x3                     1.000000
b83b0b3                       1.000000
x115x84x2                     1.000000
b84b0b2                       1.000000
b84b0b3                       1.000000
x179x94x3                     2.000000
b94b0b3                       2.000000
x115x150x2                    1.000000
x154x138x2                    2.000000
b138b0b2                      2.000000
b144b0b2                      2.000000
x205x150x1                    1.000000
b150b0b1                      1.000000
b150b0b2                      1.000000
x221x154x2                    1.000000
b160b0b3                      2.000000
x204x179x3                    1.000000
x256x179x3                    1.000000
x207x202x1                    1.000000
x202x235x1                    1.000000
x204x202x3                    1.000000
x202x210x3                    1.000000
x262x210x1                    1.000000
b210b0b1                      1.000000
b210b0b3                      1.000000
x250x217x3                    1.000000
b235b0b1                      1.000000
x262x235x2                    1.000000
b235b0b2                      1.000000
b257b0b1                      1.000000
b257b0b3                      1.000000
s4                            2.533307
s14                           6.000000
s15                           8.180000
s16                           7.360000
s28                           7.303333
s40                           6.240000
s44                           7.659096
s45                           7.390998
z4z45z3                       1.000000
s59                           8.163354
z4z59z3                       1.000000
s60                           8.040000
s83                           8.650000
s84                           8.550000
s87                           9.410000
s93                           6.340000
z4z93z3                       1.000000
s94                           9.170000
z4z94z3                       1.000000
s100                          6.770000
s101                          6.000000
s108                          8.760000
z4z108z3                      1.000000
s114                          6.390000
s116                          9.250000
s130                          7.060000
s156                          6.450769
z4z156z3                      1.000000
s157                          7.730000
s159                          7.730000
s160                          9.460000
z4z160z3                      1.000000
s169                          9.480000
s173                          6.100000
s176                          7.550000
s179                          7.532644
z4z179z3                      1.000000
s196                          7.970000
z4z196z3                      1.000000
s202                          7.663445
s204                          6.190000
z4z204z3                      1.000000
s205                          6.240000
s210                          8.960467
s213                          9.400000
z4z213z3                      1.000000
s217                          7.109814
s221                          6.000000
s241                          9.270000
z4z241z3                      1.000000
s250                          6.080000
s256                          6.000000
z4z256z3                      1.000000
s257                          8.850000
s258                          8.250000
s17                           2.441870
s8                            8.282512
s19                           7.600000
s36                           9.310000
s38                           6.000000
z17z38z2                      1.000000
s55                           9.280000
s68                           6.000000
z17z68z2                      1.000000
s71                           8.170000
z17z71z2                      1.000000
s72                           8.590000
s74                           6.320000
z17z74z2                      1.000000
s76                           7.820000
z17z76z2                      1.000000
s85                           7.340000
s88                           6.910000
s97                           6.000000
s105                          6.830000
s115                          7.038204
z17z115z2                     1.000000
s129                          6.040000
s132                          7.160000
s138                          9.350000
z17z138z2                     1.000000
s144                          9.400000
z17z144z2                     1.000000
s150                          8.250388
s154                          7.267748
z17z154z2                     1.000000
z17z156z2                     1.000000
s163                          9.070000
z17z163z2                     1.000000
s165                          6.000000
z17z165z2                     1.000000
s171                          7.500000
s177                          7.200000
s187                          6.000000
z17z187z2                     1.000000
s201                          9.450000
s235                          9.150000
s251                          8.460000
z17z251z2                     1.000000
s255                          6.000000
s261                          8.300000
z17z261z2                     1.000000
s262                          7.246666
s20                           3.562241
z20z38z2                      1.000000
z20z68z2                      1.000000
z20z71z2                      1.000000
z20z74z2                      1.000000
z20z76z2                      1.000000
z20z115z2                     1.000000
z20z129z2                     1.000000
z20z138z2                     1.000000
z20z144z2                     1.000000
z20z154z2                     1.000000
z20z163z2                     1.000000
z20z165z2                     1.000000
z20z187z2                     1.000000
z20z251z2                     1.000000
z20z261z2                     1.000000
s21                           5.405738
z21z115z2                     1.000000
z21z138z2                     1.000000
z21z144z2                     1.000000
z21z163z2                     1.000000
z21z251z2                     1.000000
z21z261z2                     1.000000
s35                           6.000000
s2                            7.880000
s63                           9.330000
z35z63z1                      1.000000
s96                           7.650000
s98                           7.900000
s103                          6.050000
s164                          8.640000
s174                          6.760000
s207                          6.140000
s226                          6.830000
s242                          6.610000
s245                          7.270000
s259                          6.160000
s37                           2.604575
z37z45z3                      1.000000
z37z59z3                      1.000000
z37z93z3                      1.000000
z37z94z3                      1.000000
z37z108z3                     1.000000
z37z160z3                     1.000000
z37z179z3                     1.000000
z37z196z3                     1.000000
z37z204z3                     1.000000
z37z213z3                     1.000000
z37z241z3                     1.000000
z37z250z3                     1.000000
z37z256z3                     1.000000
s49                           3.151459
z49z45z3                      1.000000
z49z59z3                      1.000000
z49z93z3                      1.000000
z49z94z3                      1.000000
z49z108z3                     1.000000
z49z160z3                     1.000000
z49z179z3                     1.000000
z49z196z3                     1.000000
z49z204z3                     1.000000
z49z213z3                     1.000000
z49z241z3                     1.000000
z49z256z3                     1.000000
s66                           3.884202
z66z2z1                       1.000000
z66z35z1                      1.000000
z66z63z1                      1.000000
z66z96z1                      1.000000
z66z98z1                      1.000000
z66z103z1                     1.000000
z66z164z1                     1.000000
z66z174z1                     1.000000
z66z207z1                     1.000000
s222                          6.000000
z66z222z1                     1.000000
z66z226z1                     1.000000
z66z242z1                     1.000000
z66z245z1                     1.000000
z66z259z1                     1.000000
z97z63z1                      1.000000
z97z138z2                     1.000000
z97z144z2                     1.000000
z97z163z2                     1.000000
s104                          3.496557
z104z2z1                      1.000000
z104z35z1                     1.000000
z104z63z1                     1.000000
z104z96z1                     1.000000
z104z98z1                     1.000000
z104z103z1                    1.000000
z104z164z1                    1.000000
z104z174z1                    1.000000
z104z207z1                    1.000000
z104z222z1                    1.000000
z104z226z1                    1.000000
z104z242z1                    1.000000
z104z245z1                    1.000000
z104z259z1                    1.000000
s111                          1.896460
z111z2z1                      1.000000
z111z35z1                     1.000000
z111z38z2                     1.000000
z111z40z1                     1.000000
z111z63z1                     1.000000
z111z68z2                     1.000000
z111z71z2                     1.000000
z111z74z2                     1.000000
z111z76z2                     1.000000
z111z96z1                     1.000000
z111z98z1                     1.000000
z111z103z1                    1.000000
z111z115z2                    1.000000
z111z138z2                    1.000000
z111z144z2                    1.000000
z111z154z2                    1.000000
z111z163z2                    1.000000
z111z164z1                    1.000000
z111z165z2                    1.000000
z111z174z1                    1.000000
z111z187z2                    1.000000
z111z207z1                    1.000000
z111z222z1                    1.000000
z111z226z1                    1.000000
z111z242z1                    1.000000
z111z245z1                    1.000000
z111z251z2                    1.000000
z111z259z1                    1.000000
z111z261z2                    1.000000
s113                          2.316290
z113z40z3                     1.000000
z113z45z3                     1.000000
z113z59z3                     1.000000
z113z93z3                     1.000000
z113z94z3                     1.000000
z113z108z3                    1.000000
z113z160z3                    1.000000
z113z179z3                    1.000000
z113z196z3                    1.000000
z113z204z3                    1.000000
z113z213z3                    1.000000
z113z241z3                    1.000000
z113z256z3                    1.000000
s124                          3.604888
z124z45z3                     1.000000
z124z59z3                     1.000000
z124z93z3                     1.000000
z124z94z3                     1.000000
z124z108z3                    1.000000
z124z160z3                    1.000000
z124z179z3                    1.000000
z124z196z3                    1.000000
z124z204z3                    1.000000
z124z205z3                    1.000000
z124z213z3                    1.000000
z124z241z3                    1.000000
z124z256z3                    1.000000
s135                          2.305683
z135z2z1                      1.000000
z135z35z1                     1.000000
z135z63z1                     1.000000
z135z96z1                     1.000000
z135z98z1                     1.000000
z135z103z1                    1.000000
z135z164z1                    1.000000
z135z174z1                    1.000000
z135z205z1                    1.000000
z135z207z1                    1.000000
z135z222z1                    1.000000
z135z226z1                    1.000000
z135z242z1                    1.000000
z135z245z1                    1.000000
z135z259z1                    1.000000
s168                          3.630000
z168z2z1                      1.000000
z168z35z1                     1.000000
z168z45z3                     1.000000
z168z59z3                     1.000000
z168z63z1                     1.000000
z168z93z3                     1.000000
z168z94z3                     1.000000
z168z96z1                     1.000000
z168z98z1                     1.000000
z168z103z1                    1.000000
z168z108z3                    1.000000
z168z160z3                    1.000000
z168z164z1                    1.000000
z168z174z1                    1.000000
z168z179z3                    1.000000
z168z196z3                    1.000000
z168z204z3                    1.000000
z168z207z1                    1.000000
z168z213z3                    1.000000
z168z217z1                    1.000000
z168z221z3                    1.000000
z168z222z1                    1.000000
z168z226z1                    1.000000
z168z241z3                    1.000000
z168z242z1                    1.000000
z168z245z1                    1.000000
z168z256z3                    1.000000
z168z259z1                    1.000000
s183                          0.873129
z183z38z2                     1.000000
z183z68z2                     1.000000
z183z71z2                     1.000000
z183z74z2                     1.000000
z183z76z2                     1.000000
z183z115z2                    1.000000
z183z138z2                    1.000000
z183z144z2                    1.000000
z183z154z2                    1.000000
z183z163z2                    1.000000
z183z165z2                    1.000000
z183z187z2                    1.000000
z183z250z2                    1.000000
z183z251z2                    1.000000
z183z261z2                    1.000000
s188                          2.578031
z188z38z2                     1.000000
z188z68z2                     1.000000
z188z71z2                     1.000000
z188z74z2                     1.000000
z188z76z2                     1.000000
z188z115z2                    1.000000
z188z138z2                    1.000000
z188z144z2                    1.000000
z188z154z2                    1.000000
z188z163z2                    1.000000
z188z165z2                    1.000000
z188z187z2                    1.000000
z188z221z2                    1.000000
z188z251z2                    1.000000
z188z261z2                    1.000000
s254                          2.451399
z254z2z1                      1.000000
z254z35z1                     1.000000
z254z63z1                     1.000000
z254z96z1                     1.000000
z254z98z1                     1.000000
z254z103z1                    1.000000
z254z129z1                    1.000000
z254z164z1                    1.000000
z254z174z1                    1.000000
z254z207z1                    1.000000
z254z222z1                    1.000000
z254z226z1                    1.000000
z254z242z1                    1.000000
z254z245z1                    1.000000
z254z259z1                    1.000000
z2z63z1                       1.000000
z8z36z1                       1.000000
z8z36z2                       1.000000
z14z59z3                      1.000000
z14z63z1                      1.000000
z14z94z3                      1.000000
z14z108z3                     1.000000
z14z160z3                     1.000000
z14z196z3                     1.000000
z14z213z3                     1.000000
z14z241z3                     1.000000
z15z144z2                     1.000000
z16z138z2                     1.000000
z16z144z2                     1.000000
z16z160z3                     1.000000
z19z138z2                     1.000000
z19z144z2                     1.000000
z28z63z1                      1.000000
z28z84z3                      1.000000
z28z160z3                     1.000000
z28z257z1                     1.000000
z38z138z2                     1.000000
z38z144z2                     1.000000
z38z154z2                     1.000000
z38z163z2                     1.000000
z38z262z2                     1.000000
z40z59z3                      1.000000
z40z63z1                      1.000000
z40z160z3                     1.000000
z40z262z1                     1.000000
z44z144z2                     1.000000
z44z160z3                     1.000000
z44z257z3                     1.000000
z45z213z3                     1.000000
z59z160z3                     1.000000
z68z138z2                     1.000000
z68z144z2                     1.000000
z68z163z2                     1.000000
z74z138z2                     1.000000
z74z144z2                     1.000000
z76z138z2                     1.000000
z76z144z2                     1.000000
z88z138z2                     1.000000
z88z144z2                     1.000000
z93z160z3                     1.000000
z100z144z2                    1.000000
z101z59z3                     1.000000
z101z94z3                     1.000000
z101z108z3                    1.000000
z101z138z2                    1.000000
z101z144z2                    1.000000
z101z160z3                    1.000000
z101z163z2                    1.000000
z101z196z3                    1.000000
z101z213z3                    1.000000
z101z241z3                    1.000000
z103z63z1                     1.000000
z103z96z1                     1.000000
z103z164z1                    1.000000
z114z138z2                    1.000000
z114z144z2                    1.000000
z114z160z3                    1.000000
z115z84z2                     1.000000
z115z138z2                    1.000000
z115z144z2                    1.000000
z115z150z2                    1.000000
z129z28z1                     1.000000
z129z44z2                     1.000000
z129z63z1                     1.000000
z129z138z2                    1.000000
z129z144z2                    1.000000
z132z63z1                     1.000000
z132z138z2                    1.000000
z132z144z2                    1.000000
z154z138z2                    1.000000
z154z144z2                    1.000000
z156z15z2                     1.000000
z156z59z3                     1.000000
z156z138z2                    1.000000
z156z144z2                    1.000000
z156z160z3                    1.000000
z157z160z3                    1.000000
z165z138z2                    1.000000
z165z144z2                    1.000000
z165z163z2                    1.000000
z173z63z1                     1.000000
z173z160z3                    1.000000
z176z138z2                    1.000000
z176z144z2                    1.000000
z176z160z3                    1.000000
z179z94z3                     1.000000
z179z160z3                    1.000000
z187z138z2                    1.000000
z187z144z2                    1.000000
z187z163z2                    1.000000
z202z210z3                    1.000000
z202z235z1                    1.000000
z204z45z3                     1.000000
z204z160z3                    1.000000
z204z179z3                    1.000000
z204z202z3                    1.000000
z205z15z3                     1.000000
z205z63z1                     1.000000
z205z150z1                    1.000000
z205z160z3                    1.000000
z207z8z1                      1.000000
z207z63z1                     1.000000
z207z202z1                    1.000000
z217z63z1                     1.000000
z217z83z1                     1.000000
z217z83z3                     1.000000
z217z160z3                    1.000000
z221z28z3                     1.000000
z221z59z3                     1.000000
z221z94z3                     1.000000
z221z108z3                    1.000000
z221z138z2                    1.000000
z221z144z2                    1.000000
z221z154z2                    1.000000
z221z160z3                    1.000000
z221z163z2                    1.000000
z221z196z3                    1.000000
z221z213z3                    1.000000
z221z241z3                    1.000000
z222z63z1                     1.000000
z250z8z2                      1.000000
z250z138z2                    1.000000
z250z144z2                    1.000000
z250z160z3                    1.000000
z250z217z3                    1.000000
z255z63z1                     1.000000
z255z138z2                    1.000000
z255z144z2                    1.000000
z255z163z2                    1.000000
z256z44z3                     1.000000
z256z59z3                     1.000000
z256z94z3                     1.000000
z256z108z3                    1.000000
z256z160z3                    1.000000
z256z179z3                    1.000000
z256z196z3                    1.000000
z256z213z3                    1.000000
z256z241z3                    1.000000
z259z63z1                     1.000000
z262z63z1                     1.000000
z262z138z2                    1.000000
z262z144z2                    1.000000
z262z210z1                    1.000000
z262z235z2                    1.000000
All other variables in the range 1-6861 are 0.
