
Log started (V12.10.0.0) Thu Apr  8 06:29:04 2021


Problem 'asset.lp' read.
Read time = 0.01 sec. (0.23 ticks)
New value for default parallel thread count: 1
New value for time limit in seconds: 200
Version identifier: 12.10.0.0 | 2019-11-26 | 843d4de
CPXPARAM_Threads                                 1
CPXPARAM_TimeLimit                               200
Found incumbent of value -0.511364 after 0.00 sec. (0.10 ticks)
Tried aggregator 3 times.
MIP Presolve eliminated 902 rows and 46 columns.
MIP Presolve modified 1792 coefficients.
Aggregator did 638 substitutions.
Reduced MIP has 884 rows, 955 columns, and 4289 nonzeros.
Reduced MIP has 780 binaries, 131 generals, 0 SOSs, and 0 indicators.
Presolve time = 0.02 sec. (10.52 ticks)
Probing fixed 127 vars, tightened 19 bounds.
Probing time = 0.01 sec. (3.42 ticks)
Tried aggregator 3 times.
MIP Presolve eliminated 196 rows and 191 columns.
MIP Presolve modified 757 coefficients.
Aggregator did 18 substitutions.
Reduced MIP has 670 rows, 746 columns, and 2962 nonzeros.
Reduced MIP has 610 binaries, 106 generals, 0 SOSs, and 0 indicators.
Presolve time = 0.01 sec. (7.86 ticks)
Probing time = 0.00 sec. (2.23 ticks)
Tried aggregator 1 time.
Detecting symmetries...
MIP Presolve modified 136 coefficients.
Reduced MIP has 670 rows, 746 columns, and 2962 nonzeros.
Reduced MIP has 610 binaries, 106 generals, 0 SOSs, and 0 indicators.
Presolve time = 0.00 sec. (2.09 ticks)
Probing time = 0.00 sec. (2.23 ticks)
Clique table members: 2027.
MIP emphasis: balance optimality and feasibility.
MIP search method: dynamic search.
Parallel mode: none, using 1 thread.
Root relaxation solution time = 0.01 sec. (14.96 ticks)

        Nodes                                         Cuts/
   Node  Left     Objective  IInf  Best Integer    Best Bound    ItCnt     Gap

*     0+    0                           -0.5114     1148.5869              --- 
      0     0      958.1952   147       -0.5114      958.1952      683     --- 
      0     0      852.2977   147       -0.5114     Cuts: 267     1020     --- 
      0     0      812.6004   147       -0.5114     Cuts: 267     1205     --- 
      0     0      803.3936   147       -0.5114     Cuts: 183     1336     --- 
      0     0      796.4570   147       -0.5114     Cuts: 129     1451     --- 
      0     0      793.2834   147       -0.5114      Cuts: 97     1516     --- 
Detecting symmetries...
      0     0      792.0919   147       -0.5114     Cuts: 141     1592     --- 
      0     0      791.3844   147       -0.5114      Cuts: 85     1648     --- 
      0     0      791.0287   147       -0.5114      Cuts: 46     1686     --- 
      0     0      789.5303   147       -0.5114      Cuts: 75     1759     --- 
      0     0      788.6174   147       -0.5114     Cuts: 107     1845     --- 
      0     0      788.2707   147       -0.5114      Cuts: 55     1896     --- 
      0     0      788.0273   147       -0.5114      Cuts: 51     1945     --- 
      0     0      787.6171   147       -0.5114      Cuts: 20     1990     --- 
      0     0      786.9547   147       -0.5114      Cuts: 60     2058     --- 
      0     0      786.7389   147       -0.5114      Cuts: 60     2118     --- 
      0     0      786.1151   147       -0.5114      Cuts: 40     2185     --- 
*     0+    0                          252.9117      786.1151           210.83%
*     0+    0                          307.8120      786.1151           155.39%
      0     0        cutoff            307.8120      786.1151     2185  155.39%
      0     0      785.5954   147      307.8120      Cuts: 63     2246  155.22%
      0     0      785.4284   147      307.8120     Cuts: 111     2299  155.16%
      0     0      784.9561   147      307.8120      Cuts: 35     2348  155.01%
      0     0      784.8232   147      307.8120      Cuts: 57     2382  154.97%
      0     0      784.0673   147      307.8120      Cuts: 29     2442  154.72%
      0     0      783.4173   147      307.8120      Cuts: 69     2501  154.51%
      0     0      782.8287   147      307.8120      Cuts: 54     2552  154.32%
      0     0      782.6973   147      307.8120      Cuts: 53     2596  154.28%
*     0+    0                          419.6581      782.6973            86.51%
*     0+    0                          449.2009      782.6973            74.24%
*     0+    0                          462.2930      782.6973            69.31%
      0     0        cutoff            462.2930      782.6973     2596   69.31%
Detecting symmetries...
      0     2      782.6973   205      462.2930      782.6752     2596   69.30%
Elapsed time = 0.43 sec. (433.06 ticks, tree = 0.01 MB, solutions = 5)
*    78    62      integral     0      574.6169      781.8324     6619   36.06%
*    80+   62                          574.6173      781.8324            36.06%
*    81    62      integral     0      574.6177      781.8324     6624   36.06%
    136   111      778.9649   184      574.6177      781.1963    10858   35.95%
    235   205      738.7561   127      574.6177      781.0105    14063   35.92%
    365   327      770.0175   176      574.6177      780.1115    17971   35.76%
    463   413      716.9736   137      574.6177      779.8317    22851   35.71%

Performing restart 1

Repeating presolve.
Tried aggregator 1 time.
MIP Presolve modified 502 coefficients.
Reduced MIP has 670 rows, 746 columns, and 2608 nonzeros.
Reduced MIP has 610 binaries, 106 generals, 0 SOSs, and 0 indicators.
Presolve time = 0.00 sec. (2.53 ticks)
Tried aggregator 1 time.
Reduced MIP has 670 rows, 746 columns, and 2608 nonzeros.
Reduced MIP has 610 binaries, 106 generals, 0 SOSs, and 0 indicators.
Presolve time = 0.00 sec. (2.01 ticks)
Represolve time = 0.02 sec. (13.46 ticks)
    510     0      744.3290   189      574.6177     Cuts: 205    25695   29.53%
    510     0      734.6003   189      574.6177     Cuts: 114    25825   27.84%
    510     0      729.6526   189      574.6177     Cuts: 127    25921   26.98%
    510     0      724.2820   189      574.6177     Cuts: 120    26049   26.05%
    510     0      722.1629   189      574.6177      Cuts: 98    26146   25.68%
    510     0      720.2342   189      574.6177      Cuts: 97    26266   25.34%
    510     0      718.3807   189      574.6177     Cuts: 137    26369   25.02%
    510     0      716.2668   189      574.6177     Cuts: 104    26503   24.65%
    510     0      715.4623   189      574.6177      Cuts: 85    26575   24.51%
    510     0      713.4955   189      574.6177      Cuts: 90    26712   24.17%
    510     0      713.0947   189      574.6177      Cuts: 97    26807   24.10%
    510     0      712.4356   189      574.6177      Cuts: 49    26896   23.98%
    510     0      711.9906   189      574.6177      Cuts: 42    26963   23.91%
    510     0      711.4556   189      574.6177      Cuts: 34    27013   23.81%
    510     0      711.3059   189      574.6177      Cuts: 60    27067   23.79%
    510     0      711.0614   189      574.6177      Cuts: 26    27114   23.75%
    510     0      710.4620   189      574.6177      Cuts: 34    27202   23.64%
    510     0      710.3487   189      574.6177      Cuts: 58    27279   23.62%
    510     0      710.0478   189      574.6177      Cuts: 35    27357   23.57%
    510     0      709.8900   189      574.6177      Cuts: 38    27400   23.54%
    510     0      709.8267   189      574.6177      Cuts: 35    27443   23.53%
    510     0      709.6734   189      574.6177      Cuts: 28    27523   23.50%
    510     0      709.2511   189      574.6177      Cuts: 68    27597   23.43%
    510     0      708.8298   189      574.6177      Cuts: 43    27682   23.36%
    510     0      708.7314   189      574.6177      Cuts: 35    27740   23.34%
    510     0      708.6804   189      574.6177      Cuts: 38    27794   23.33%
    510     0      708.2260   189      574.6177      Cuts: 30    27898   23.25%
*   510+    0                          577.0122      708.2260            22.74%
    510     0        cutoff            577.0122      708.2260    27898   22.74%
    510     0      707.9706   189      577.0122      Cuts: 60    27956   22.70%
    510     0      706.3896   189      577.0122      Cuts: 94    28062   22.42%
    510     0      706.2712   189      577.0122      Cuts: 40    28128   22.40%
*   510+    0                          578.3779      706.2712            22.11%
*   510+    0                          578.3804      706.2712            22.11%
*   510+    0                          580.4946      706.2712            21.67%
*   510+    0                          580.4978      706.2712            21.67%
    510     0        cutoff            580.4978      706.2712    28128   21.67%
    510     2      706.2712   193      580.4978      706.2680    28128   21.67%
    514     6      688.0923   110      580.4978      704.8362    28843   21.42%
    522    14      612.7592    64      580.4978      704.8362    29491   21.42%
    538    25      699.7704   155      580.4978      699.7676    30349   20.55%
*   729   173      integral     0      585.0012      692.1251    36176   18.31%
*   829+  251                          585.0084      687.8395            17.58%
    829   253      623.5401    45      585.0084      687.8395    38519   17.58%
Elapsed time = 4.97 sec. (5593.29 ticks, tree = 1.06 MB, solutions = 15)
*  1197   479      integral     0      596.3916      675.3813    49342   13.24%
   1200   482      652.8980   107      596.3916      675.1714    49555   13.21%
*  1240+  430                          609.3968      674.9351            10.75%
*  1340+  487                          611.7955      673.6106            10.10%
*  1400+  514                          612.7142      670.8893             9.49%
   1488   568      659.8707   116      612.7142      667.8278    59523    8.99%
*  1500+  568                          612.7231      666.4739             8.77%
   1719   728      652.6713    81      612.7231      663.7577    68098    8.33%
*  2000+  926                          613.8481      661.8106             7.81%
   2034   946      629.7247   109      613.8481      660.9431    78416    7.67%
*  2100+  974                          613.8666      660.5616             7.61%
   2270  1071      615.4798    53      613.8666      659.0746    87865    7.36%
   2616  1285      619.3033    67      613.8666      658.0428    99507    7.20%
   3001  1543      642.6199   145      613.8666      656.3508   111172    6.92%
   3269  1691      624.5288    95      613.8666      654.4271   122705    6.61%
*  3510+ 1821                          613.8668      653.3755             6.44%
   3526  1838      614.7267    15      613.8668      653.3460   132781    6.43%
   3781  1954      644.1001   106      613.8668      652.3364   143099    6.27%
Elapsed time = 12.53 sec. (15182.46 ticks, tree = 7.88 MB, solutions = 23)
   4040  2064      634.7122    28      613.8668      651.2667   152848    6.09%
   4324  2197      627.1813   102      613.8668      649.3740   164173    5.78%
   4578  2269      625.8686   107      613.8668      647.7862   174603    5.53%
   4882  2377      630.1648    99      613.8668      646.5543   186117    5.32%
   5158  2453      644.9779   119      613.8668      645.3996   196836    5.14%
   5411  2509      612.1685    57      613.8668      644.3411   207341    4.96%
   5703  2595      614.6280    69      613.8668      643.1980   217741    4.78%
   5949  2673      617.5430    97      613.8668      642.3576   227623    4.64%
   6241  2775        cutoff            613.8668      641.5206   237380    4.50%
*  6500+ 2849                          613.8687      640.9453             4.41%
*  6508  2851      integral     0      613.8701      640.9453   245401    4.41%
   6552  2862      626.0776    78      613.8701      640.6970   246937    4.37%
Elapsed time = 20.15 sec. (24749.75 ticks, tree = 12.78 MB, solutions = 25)
*  6608+ 2883                          613.8704      640.5893             4.35%
   6828  2916      625.7831    50      613.8704      639.9988   256988    4.26%
   7085  2947      623.9062    51      613.8704      638.9714   267875    4.09%
   7294  2947        cutoff            613.8704      638.2454   277425    3.97%
*  7510+ 2947                          613.8705      637.4910             3.85%
   7532  2951      625.6253    62      613.8705      637.4208   287675    3.84%
   7783  2970      618.6911    88      613.8705      636.5942   298248    3.70%
   8111  3041      621.3122    97      613.8705      635.8413   308536    3.58%
   8374  3069      621.9278   118      613.8705      634.9666   318623    3.44%
   8625  3066      629.6561    65      613.8705      634.1656   327564    3.31%
   8872  3051      618.9476    27      613.8705      633.6005   337866    3.21%
   9122  3031      618.4635    65      613.8705      632.8417   348177    3.09%
Elapsed time = 27.88 sec. (34321.70 ticks, tree = 14.07 MB, solutions = 27)
   9393  2996      620.3189   112      613.8705      632.1321   358491    2.97%
   9766  2988      617.1443    50      613.8705      631.2736   373991    2.83%
  10105  2961      622.8968    22      613.8705      630.5045   389657    2.71%
  10444  2899        cutoff            613.8705      629.6510   403741    2.57%
* 10711+ 2887                          613.8707      629.3289             2.52%
  10711  2887        cutoff            613.8707      629.3220   413762    2.52%
* 10811+ 2866                          613.8710      629.1243             2.48%
  11096  2816      615.4588    78      613.8710      628.6169   427732    2.40%
  11489  2726        cutoff            613.8710      627.8026   441542    2.27%
  11820  2631        cutoff            613.8710      627.0897   453440    2.15%
  12178  2503      616.7361    85      613.8710      626.2788   466399    2.02%
  12550  2363      616.3428    44      613.8710      625.4836   479318    1.89%
Elapsed time = 37.66 sec. (45470.44 ticks, tree = 9.09 MB, solutions = 29)
  12984  2186      616.2263    86      613.8710      624.6439   492743    1.75%
  13422  1969        cutoff            613.8710      623.7445   506009    1.61%
  13876  1698      618.0290    30      613.8710      622.6988   519675    1.44%
  14395  1401        cutoff            613.8710      621.4181   532646    1.23%
  14933   966        cutoff            613.8710      619.5060   545842    0.92%
  15810   198        cutoff            613.8710      615.3515   557924    0.24%

GUB cover cuts applied:  8
Clique cuts applied:  101
Cover cuts applied:  11
Implied bound cuts applied:  117
Flow cuts applied:  20
Mixed integer rounding cuts applied:  97
Zero-half cuts applied:  50
Lift and project cuts applied:  28
Gomory fractional cuts applied:  6

Root node processing (before b&c):
  Real time             =    0.43 sec. (433.40 ticks)
Sequential b&c:
  Real time             =   42.26 sec. (50868.44 ticks)
                          ------------
Total (root+branch&cut) =   42.69 sec. (51301.84 ticks)

Solution pool: 30 solutions saved.

MIP - Integer optimal, tolerance (0.0001/1e-06):  Objective =  6.1387095528e+02
Current MIP best bound =  6.1391658557e+02 (gap = 0.0456303, 0.01%)
Solution time =   42.69 sec.  Iterations = 558449  Nodes = 15968 (74)
Deterministic time = 51301.85 ticks  (1201.65 ticks/sec)


Incumbent solution
Variable Name           Solution Value
F                           660.000000
f1                            0.609045
f2                           45.520000
y59                           1.000000
y82                           1.000000
y7                            1.000000
y25                           1.000000
y190                          1.000000
y36                           1.000000
y140                          1.000000
y98                           1.000000
y76                           1.000000
y144                          1.000000
y186                          1.000000
y108                          1.000000
y167                          1.000000
y106                          1.000000
y72                           1.000000
y201                          1.000000
y202                          1.000000
y197                          1.000000
s162                          0.040000
s59                           0.973082
s90                           0.120000
s82                           0.976570
s147                          0.280000
s42                           0.290000
s166                          0.290000
s7                            0.940756
s18                           0.340000
s91                           0.340000
s170                          0.350000
s25                           0.924242
s190                          0.946314
s36                           0.812923
s69                           0.730000
s140                          0.838120
s184                          0.770000
s32                           0.850000
s211                          0.960000
s9                            1.060000
s155                          1.110000
s204                          1.120000
s98                           1.130000
s76                           1.190000
s60                           1.200000
s16                           1.210000
s33                           1.210000
s203                          1.210000
s144                          2.163697
s186                          2.251444
s104                          1.300000
s131                          1.360000
s85                           1.370000
s65                           1.380000
s206                          1.470000
s110                          1.490000
s63                           1.500000
s108                          2.248656
s167                          2.279443
s136                          1.610000
s45                           1.640000
s106                          2.255578
s88                           1.670000
s72                           2.201524
s78                           1.710000
s201                          2.192396
s116                          1.750000
s202                          2.446416
s197                          2.574322
x0x82x1                       1.000000
x0x190x1                      2.000000
x0x140x1                      1.000000
x0x98x1                       2.000000
x0x7x2                        2.000000
x0x25x2                       1.000000
x0x36x2                       2.000000
x0x76x2                       1.000000
x0x59x3                       2.000000
x0x82x3                       1.000000
x0x25x3                       1.000000
x0x140x3                      1.000000
x0x76x3                       1.000000
x59x202x3                     2.000000
x82x197x1                     1.000000
x82x186x3                     1.000000
x7x72x2                       2.000000
x25x108x2                     1.000000
x25x186x3                     1.000000
x190x106x1                    2.000000
x36x201x2                     2.000000
x140x144x1                    1.000000
x140x144x3                    1.000000
x98x108x1                     1.000000
x98x197x1                     1.000000
x76x167x2                     1.000000
x76x167x3                     1.000000
x144x0x1                      1.000000
x144x0x3                      1.000000
x186x0x3                      2.000000
x108x0x1                      1.000000
x108x0x2                      1.000000
x167x0x2                      1.000000
x167x0x3                      1.000000
x106x0x1                      2.000000
x72x0x2                       2.000000
x201x0x2                      2.000000
x202x0x3                      2.000000
x197x0x1                      2.000000
z0z59z3                       1.000000
z0z82z1                       1.000000
z0z82z3                       1.000000
z0z7z2                        1.000000
z0z25z2                       1.000000
z0z25z3                       1.000000
z0z190z1                      1.000000
z0z36z2                       1.000000
z0z140z1                      1.000000
z0z140z3                      1.000000
z0z211z1                      1.000000
z0z9z2                        1.000000
z0z155z2                      1.000000
z0z98z1                       1.000000
z0z76z2                       1.000000
z0z76z3                       1.000000
z0z186z3                      1.000000
z0z131z2                      1.000000
z0z85z3                       1.000000
z0z206z2                      1.000000
z0z63z2                       1.000000
z0z136z2                      1.000000
z0z45z2                       1.000000
z0z106z1                      1.000000
z0z72z2                       1.000000
z0z201z2                      1.000000
z0z202z3                      1.000000
z0z197z1                      1.000000
z59z202z3                     1.000000
z82z186z3                     1.000000
z82z197z1                     1.000000
z7z72z2                       1.000000
z25z186z3                     1.000000
z25z108z2                     1.000000
z190z106z1                    1.000000
z190z197z1                    1.000000
z36z72z2                      1.000000
z36z201z2                     1.000000
z140z144z1                    1.000000
z140z144z3                    1.000000
z98z108z1                     1.000000
z98z197z1                     1.000000
z76z167z2                     1.000000
z76z167z3                     1.000000
All other variables in the range 1-1642 are 0.
