
Log started (V12.10.0.0) Fri Apr 23 08:29:23 2021


Problem 'asset.lp' read.
Read time = 0.01 sec. (0.57 ticks)
New value for default parallel thread count: 1
New value for time limit in seconds: 150
Version identifier: 12.10.0.0 | 2019-11-26 | 843d4de
CPXPARAM_Threads                                 1
CPXPARAM_TimeLimit                               150
Found incumbent of value -0.620057 after 0.00 sec. (0.24 ticks)
Tried aggregator 10 times.
MIP Presolve eliminated 2201 rows and 152 columns.
MIP Presolve modified 5090 coefficients.
Aggregator did 1576 substitutions.
Reduced MIP has 1959 rows, 2129 columns, and 9946 nonzeros.
Reduced MIP has 1788 binaries, 273 generals, 0 SOSs, and 0 indicators.
Presolve time = 0.05 sec. (50.23 ticks)
Probing fixed 50 vars, tightened 20 bounds.
Probing time = 0.02 sec. (11.53 ticks)
Tried aggregator 3 times.
Detecting symmetries...
MIP Presolve eliminated 235 rows and 124 columns.
MIP Presolve modified 1015 coefficients.
Aggregator did 16 substitutions.
Reduced MIP has 1708 rows, 1989 columns, and 8594 nonzeros.
Reduced MIP has 1685 binaries, 247 generals, 0 SOSs, and 0 indicators.
Presolve time = 0.02 sec. (20.93 ticks)
Probing time = 0.00 sec. (2.85 ticks)
Clique table members: 5620.
MIP emphasis: balance optimality and feasibility.
MIP search method: dynamic search.
Parallel mode: none, using 1 thread.
Root relaxation solution time = 0.02 sec. (25.28 ticks)

        Nodes                                         Cuts/
   Node  Left     Objective  IInf  Best Integer    Best Bound    ItCnt     Gap

*     0+    0                           -0.6201     1805.6518              --- 
      0     0     1775.8148   395       -0.6201     1775.8148     1103     --- 
      0     0     1775.7936   395       -0.6201     Cuts: 527     1886     --- 
      0     0     1775.7800   395       -0.6201     Cuts: 527     2526     --- 
      0     0     1775.7695   395       -0.6201     Cuts: 527     3100     --- 
*     0+    0                          364.1023     1775.7695           387.71%
*     0+    0                          464.3924     1775.7695           282.39%
      0     0        cutoff            464.3924     1775.7695     3100  282.39%
*     0+    0                          520.9721     1775.7695           240.86%
*     0+    0                          527.0816     1775.7695           236.91%
      0     0        cutoff            527.0816     1775.7695     3100  236.91%
Detecting symmetries...
      0     2     1775.7695   527      527.0816     1775.7695     3100  236.91%
Elapsed time = 0.69 sec. (866.01 ticks, tree = 0.01 MB, solutions = 4)
     10    12     1775.3741   466      527.0816     1775.7695     4537  236.91%
     20    22     1775.3728   469      527.0816     1775.7695     5918  236.91%
     40    42     1774.7541   446      527.0816     1775.7695     7984  236.91%
     48    50     1754.2471   415      527.0816     1775.7695    10792  236.91%
     53    55     1756.6099   453      527.0816     1775.7695    12826  236.91%
     73    75     1729.6706   392      527.0816     1775.7695    15314  236.91%
     82    84     1727.8919   388      527.0816     1775.7695    16315  236.91%
    101   103     1669.9306   331      527.0816     1775.7695    18227  236.91%
    138   140     1620.8506   307      527.0816     1775.7695    21099  236.91%
    215   211     1775.7245   423      527.0816     1775.7680    27040  236.91%
Elapsed time = 3.16 sec. (4203.94 ticks, tree = 3.01 MB, solutions = 4)
    254   250     1769.3377   412      527.0816     1775.7680    34009  236.91%
    334   324     1643.4083   298      527.0816     1775.7680    42298  236.91%
    409   382     1775.6583   485      527.0816     1775.7624    50191  236.90%
    480   453     1753.9653   439      527.0816     1775.7621    55526  236.90%
*   486+  457                          637.5950     1775.7621           178.51%
*   487+  458                         1105.7067     1775.7621            60.60%
*   487+  458                         1144.4900     1775.7621            55.16%
*   487+  458                         1144.4923     1775.7621            55.16%
*   487+  458                         1144.4928     1775.7621            55.16%
*   487+  458                         1144.4951     1775.7621            55.16%
*   487+  458                         1144.4953     1775.7621            55.16%
*   487+  458                         1155.7022     1775.7621            53.65%
*   487+  458                         1155.7029     1775.7621            53.65%
*   487+  458                         1155.7095     1775.7621            53.65%
*   487+  458                         1182.8600     1775.7621            50.12%
*   487+  458                         1182.8606     1775.7621            50.12%
*   487+  458                         1182.8619     1775.7621            50.12%
    487   460     1772.9104   470     1182.8619     1775.7570    58652   50.12%
*   488+  459                         1197.9001     1775.7570            48.24%
*   488+  459                         1200.7844     1775.7570            47.88%
*   488+  459                         1200.7853     1775.7570            47.88%
*   488+  459                         1200.7858     1775.7570            47.88%
*   488+  459                         1279.5245     1775.7570            38.78%
*   488+  459                         1284.2027     1775.7570            38.28%
*   488+  459                         1284.2039     1775.7570            38.28%
    488   461     1775.4787   494     1284.2039     1775.7557    61219   38.28%
    592   565     1746.5455   434     1284.2039     1775.7542    69192   38.28%

Performing restart 1

Repeating presolve.
Tried aggregator 1 time.
MIP Presolve modified 1939 coefficients.
Reduced MIP has 1708 rows, 1989 columns, and 7461 nonzeros.
Reduced MIP has 1685 binaries, 247 generals, 0 SOSs, and 0 indicators.
Presolve time = 0.01 sec. (6.49 ticks)
Tried aggregator 1 time.
Reduced MIP has 1708 rows, 1989 columns, and 7461 nonzeros.
Reduced MIP has 1685 binaries, 247 generals, 0 SOSs, and 0 indicators.
Presolve time = 0.01 sec. (5.27 ticks)
Represolve time = 0.04 sec. (33.76 ticks)
    598     0     1770.8950   438     1284.2039     Cuts: 389    75548   37.90%
    598     0     1759.8712   438     1284.2039     Cuts: 446    77878   37.04%
    598     0     1751.6717   438     1284.2039     Cuts: 394    79317   36.40%
    598     0     1747.2542   438     1284.2039     Cuts: 377    80599   36.06%
    598     0     1744.9900   438     1284.2039     Cuts: 330    81677   35.88%
    598     0     1741.4232   438     1284.2039     Cuts: 315    82740   35.60%
*   598+    0                         1315.4104     1741.4232            32.39%
    598     0     1739.2451   438     1315.4104     Cuts: 273    83837   32.22%
    598     0     1738.6233   438     1315.4104     Cuts: 325    84355   32.17%
    598     0     1736.9960   438     1315.4104     Cuts: 241    85391   32.05%
    598     0     1735.9598   438     1315.4104     Cuts: 287    86379   31.97%
    598     0     1735.4581   438     1315.4104     Cuts: 221    86977   31.93%
    598     0     1735.3045   438     1315.4104     Cuts: 177    87437   31.92%
*   598+    0                         1315.4104     1735.3045            31.92%
    598     0        cutoff           1315.4104     1735.3045    87437   31.92%
    598     0     1735.0484   438     1315.4104     Cuts: 162    87737   31.90%
    598     0     1734.6430   438     1315.4104     Cuts: 168    88157   31.87%
    598     0     1733.4181   438     1315.4104     Cuts: 194    88901   31.78%
    598     0     1733.1807   438     1315.4104     Cuts: 202    89342   31.76%
    598     0     1732.6048   438     1315.4104     Cuts: 174    90030   31.72%
    598     0     1732.2442   438     1315.4104     Cuts: 157    90421   31.69%
    598     0     1731.9585   438     1315.4104     Cuts: 140    90791   31.67%
    598     0     1731.2791   438     1315.4104     Cuts: 131    91300   31.62%
    598     0     1731.1511   438     1315.4104     Cuts: 184    91713   31.61%
    598     0     1730.8546   438     1315.4104     Cuts: 210    92047   31.58%
    598     0     1730.5124   438     1315.4104     Cuts: 120    92565   31.56%
    598     0     1730.3925   438     1315.4104     Cuts: 151    92790   31.55%
*   598+    0                         1315.4107     1730.3925            31.55%
    598     0        cutoff           1315.4107     1730.3925    92790   31.55%
    598     0     1730.2755   438     1315.4107      Cuts: 93    93020   31.54%
    598     0     1730.2142   438     1315.4107     Cuts: 138    93204   31.53%
*   598+    0                         1346.9175     1730.2142            28.46%
    598     0        cutoff           1346.9175     1730.2142    93204   28.46%
    598     2     1730.2142   433     1346.9175     1730.1511    93204   28.45%
    601     5     1705.2682   327     1346.9175     1729.2603    98781   28.39%
    606    10     1709.5828   341     1346.9175     1729.2603   103368   28.39%
Elapsed time = 23.40 sec. (29823.99 ticks, tree = 0.02 MB, solutions = 28)
    611    15     1697.1105   295     1346.9175     1729.2603   108582   28.39%
    620    24     1702.2790   322     1346.9175     1729.2603   111050   28.39%
    625    29     1670.8862   306     1346.9175     1729.2603   116835   28.39%
    630    34     1679.4621   287     1346.9175     1729.2603   119745   28.39%
    638    42     1653.4644   300     1346.9175     1729.2603   124023   28.39%
    652    55     1672.6314   262     1346.9175     1729.2603   128478   28.39%
    672    75     1622.9718   259     1346.9175     1729.2603   134632   28.39%
    701   104     1634.0663   225     1346.9175     1729.2603   140982   28.39%
*   740+  134                         1346.9177     1729.2603            28.39%
    740   136     1727.2771   395     1346.9177     1727.2771   147622   28.24%
    747   143     1724.9693   407     1346.9177     1727.2767   153154   28.24%
Elapsed time = 30.24 sec. (40502.12 ticks, tree = 0.55 MB, solutions = 29)
    760   156     1715.9809   347     1346.9177     1727.2767   161341   28.24%
    772   168     1706.8434   293     1346.9177     1727.2767   169017   28.24%
    784   180     1692.1094   293     1346.9177     1727.2767   175189   28.24%
    803   199     1675.5369   275     1346.9177     1727.2767   182400   28.24%
    833   229     1644.0254   272     1346.9177     1727.2767   191867   28.24%
    854   250     1609.6541   249     1346.9177     1727.2767   198966   28.24%
    873   269     1657.9544   262     1346.9177     1727.2767   203909   28.24%
    893   289     1637.1102   254     1346.9177     1727.2767   210219   28.24%
    902   296     1583.5627   227     1346.9177     1727.2767   215379   28.24%
    924   317     1567.5984   235     1346.9177     1727.2767   221549   28.24%
Elapsed time = 36.92 sec. (50563.20 ticks, tree = 1.60 MB, solutions = 29)
    962   351     1699.6214   385     1346.9177     1725.9254   230893   28.14%
    977   366     1672.6266   340     1346.9177     1725.9254   236822   28.14%
    998   387     1606.7989   272     1346.9177     1725.9254   243780   28.14%
   1012   401     1669.4363   331     1346.9177     1725.0354   250744   28.07%
   1046   435     1623.9972   319     1346.9177     1725.0354   258595   28.07%
   1108   490     1698.8858   404     1346.9177     1724.9651   267037   28.07%
   1118   500     1633.3505   319     1346.9177     1724.9651   273385   28.07%
   1149   531     1576.6793   283     1346.9177     1724.9651   281701   28.07%
   1219   594     1716.1029   370     1346.9177     1722.7746   289847   27.90%
   1231   606     1690.6903   307     1346.9177     1722.7746   297934   27.90%
Elapsed time = 45.45 sec. (62902.90 ticks, tree = 1.98 MB, solutions = 29)
   1241   616     1642.3187   286     1346.9177     1722.7746   303300   27.90%
   1261   636     1633.3279   257     1346.9177     1722.7746   310874   27.90%
   1286   660     1582.3487   232     1346.9177     1722.7746   317582   27.90%
   1329   703     1527.0140   189     1346.9177     1722.7746   325396   27.90%
   1384   747     1716.7339   339     1346.9177     1722.7337   332817   27.90%
   1398   761     1699.8967   328     1346.9177     1722.7337   338627   27.90%
   1424   787     1685.0068   309     1346.9177     1722.7337   345814   27.90%
   1468   831     1612.3682   227     1346.9177     1722.7337   352964   27.90%
   1532   887     1707.3206   355     1346.9177     1722.3633   357893   27.87%
   1551   906     1679.9079   308     1346.9177     1722.3633   365081   27.87%
Elapsed time = 52.69 sec. (73508.16 ticks, tree = 2.36 MB, solutions = 29)
   1579   934     1644.3427   261     1346.9177     1722.3633   371910   27.87%
   1628   981     1491.0004   162     1346.9177     1722.3633   379497   27.87%
   1648   994     1705.3522   350     1346.9177     1722.3376   384040   27.87%
   1667  1013     1648.2090   319     1346.9177     1722.3376   391390   27.87%
   1705  1051     1570.3602   188     1346.9177     1722.3376   398963   27.87%
   1767  1101     1703.6888   348     1346.9177     1721.4912   406581   27.81%
   1795  1129     1633.3250   278     1346.9177     1721.4912   415279   27.81%
   1815  1149     1562.2894   247     1346.9177     1721.4912   422232   27.81%
   1876  1203     1692.4499   396     1346.9177     1720.6566   431001   27.75%
   1882  1209     1671.5340   405     1346.9177     1720.6566   435104   27.75%
Elapsed time = 59.90 sec. (84222.69 ticks, tree = 2.78 MB, solutions = 29)
   1896  1222     1627.9392   314     1346.9177     1720.6566   443679   27.75%
   1918  1244     1584.7770   244     1346.9177     1720.6566   452499   27.75%
   1949  1275     1549.1977   196     1346.9177     1720.6566   462272   27.75%
   2010  1330     1697.6695   372     1346.9177     1720.0382   468678   27.70%
   2019  1339     1664.0452   296     1346.9177     1720.0382   475802   27.70%
   2050  1370     1616.9506   274     1346.9177     1720.0382   483300   27.70%
   2143  1458     1372.7128   101     1346.9177     1720.0382   491059   27.70%
   2158  1466     1683.2315   369     1346.9177     1717.7457   497034   27.53%
   2169  1477     1637.5878   323     1346.9177     1717.7457   503502   27.53%
   2195  1503     1592.3653   287     1346.9177     1717.7457   510801   27.53%
Elapsed time = 66.63 sec. (94412.18 ticks, tree = 3.16 MB, solutions = 29)
   2269  1575     1461.7310   163     1346.9177     1717.7457   518367   27.53%
   2283  1583     1702.8816   331     1346.9177     1716.9711   523006   27.47%
   2298  1598     1647.7968   285     1346.9177     1716.9711   529853   27.47%
   2326  1626     1600.1135   264     1346.9177     1716.9711   537141   27.47%
   2371  1671     1555.3461   246     1346.9177     1716.9711   544644   27.47%
   2424  1718     1683.2478   309     1346.9177     1716.6367   550331   27.45%
   2445  1738     1568.5062   256     1346.9177     1716.6367   557736   27.45%
   2504  1797     1460.1879   203     1346.9177     1716.6367   566518   27.45%
   2521  1810     1694.3303   349     1346.9177     1716.6286   571449   27.45%
   2534  1823     1673.2206   356     1346.9177     1716.6286   579347   27.45%
Elapsed time = 73.10 sec. (104184.86 ticks, tree = 3.57 MB, solutions = 29)
   2551  1840     1593.0390   250     1346.9177     1716.6286   588522   27.45%
   2577  1866     1570.2853   247     1346.9177     1716.6286   598385   27.45%
   2614  1901     1491.3053   202     1346.9177     1716.6286   607183   27.45%
   2687  1962     1676.7969   326     1346.9177     1716.0733   616192   27.41%
   2698  1973     1625.3978   302     1346.9177     1716.0733   623353   27.41%
   2734  2009     1557.4732   225     1346.9177     1716.0733   632438   27.41%
   2793  2062     1692.4819   350     1346.9177     1715.9690   642527   27.40%
   2810  2079     1633.4650   316     1346.9177     1715.9690   650342   27.40%
   2836  2105     1508.1571   195     1346.9177     1715.9690   659219   27.40%
   3051  2305     1677.3878   329     1346.9177     1715.9436   690191   27.40%
Elapsed time = 82.16 sec. (117500.39 ticks, tree = 4.30 MB, solutions = 29)
   3159  2407     1592.5520   233     1346.9177     1715.5829   723462   27.37%
   3305  2542     1667.0313   355     1346.9177     1715.5737   753706   27.37%
   3426  2650     1654.4550   315     1346.9177     1715.0187   782925   27.33%
   3502  2718     1597.2265   250     1346.9177     1714.5750   809779   27.30%
   3591  2803     1596.9573   288     1346.9177     1714.3815   837374   27.28%
   3726  2927     1635.2045   321     1346.9177     1713.2265   864623   27.20%
   3874  3055     1689.9641   375     1346.9177     1712.5588   898588   27.15%
   4015  3179     1689.6603   376     1346.9177     1712.4429   929221   27.14%
   4148  3302     1688.9790   400     1346.9177     1711.9291   959428   27.10%
   4263  3403     1709.3084   356     1346.9177     1711.9241   991139   27.10%
Elapsed time = 109.21 sec. (156278.15 ticks, tree = 5.73 MB, solutions = 29)
   4357  3487     1675.0519   345     1346.9177     1711.3120  1019881   27.05%
   4449  3571     1444.5589   183     1346.9177     1711.3120  1049299   27.05%
   4597  3697     1477.0059   149     1346.9177     1711.3010  1078854   27.05%
*  4598+ 3696                         1347.8667     1711.3010            26.96%
   4690  3775     1680.0959   360     1347.8667     1710.2066  1102707   26.88%
   4786  3861     1698.1230   377     1347.8667     1709.9531  1128197   26.86%
   4859  3928     1686.6437   356     1347.8667     1709.7926  1155421   26.85%
   5008  4065     1694.9863   371     1347.8667     1709.5323  1189595   26.83%
   5105  4159     1565.5547   263     1347.8667     1709.3084  1223822   26.82%
   5297  4343     1473.4350   189     1347.8667     1708.8560  1255723   26.78%
Starting limited solution polishing.
   5427  4452     1677.4913   366     1347.8667     1708.5816  1287060   26.76%
Elapsed time = 136.63 sec. (195199.01 ticks, tree = 7.26 MB, solutions = 30)
*  5498+ 3987                         1434.5672     1708.5816            19.10%
*  5498+ 3987                         1434.5687     1708.5816            19.10%
*  5498+ 3987                         1434.5688     1708.5816            19.10%
*  5498+ 3987                         1434.5693     1708.5816            19.10%
*  5498+ 3987                         1434.5694     1708.5816            19.10%
*  5498+ 3987                         1434.5696     1708.5816            19.10%
   5498  3989     1495.3886   212     1434.5696     1708.5816  1311969   19.10%
*  5598+ 4074                         1434.5699     1708.5323            19.10%
   5648  4126     1487.1948   188     1434.5699     1708.5323  1343709   19.10%
*  5698+ 4170                         1434.5700     1708.3408            19.08%
*  5698+ 4170                         1434.5704     1708.3408            19.08%
   5752  4222     1690.4182   327     1434.5704     1708.2623  1371754   19.08%
*  5798+ 4187                         1441.2792     1708.2623            18.52%
*  5798+ 4184                         1441.5168     1708.2623            18.50%
   5835  4216     1694.1973   365     1441.5168     1708.2597  1396105   18.50%

GUB cover cuts applied:  170
Clique cuts applied:  212
Cover cuts applied:  27
Implied bound cuts applied:  181
Flow cuts applied:  30
Mixed integer rounding cuts applied:  217
Zero-half cuts applied:  61
Lift and project cuts applied:  16
Gomory fractional cuts applied:  3

Root node processing (before b&c):
  Real time             =    0.69 sec. (859.63 ticks)
Sequential b&c:
  Real time             =  149.32 sec. (212418.51 ticks)
                          ------------
Total (root+branch&cut) =  150.00 sec. (213278.15 ticks)

Solution pool: 42 solutions saved.

MIP - Time limit exceeded, integer feasible:  Objective =  1.4415168406e+03
Current MIP best bound =  1.7082597011e+03 (gap = 266.743, 18.50%)
Solution time =  150.00 sec.  Iterations = 1408579  Nodes = 5865 (4245)
Deterministic time = 213278.16 ticks  (1421.84 ticks/sec)


Incumbent solution
Variable Name           Solution Value
F                          1540.000000
f1                            0.743159
f2                           97.740000
y262                          1.000000
y249                          1.000000
y120                          1.000000
y148                          1.000000
y263                          1.000000
y161                          1.000000
y191                          1.000000
y240                          1.000000
y103                          1.000000
y200                          1.000000
y3                            1.000000
y76                           1.000000
y217                          1.000000
y87                           1.000000
y89                           1.000000
y73                           1.000000
y178                          1.000000
y180                          1.000000
y166                          1.000000
y176                          1.000000
y230                          1.000000
y38                           1.000000
y69                           1.000000
y233                          1.000000
y15                           1.000000
y31                           1.000000
y53                           1.000000
y278                          1.000000
y162                          1.000000
y62                           1.000000
y157                          1.000000
y228                          1.000000
y190                          1.000000
y169                          1.000000
y42                           1.000000
y193                          1.000000
y253                          1.000000
y170                          1.000000
y79                           1.000000
y261                          1.000000
y85                           1.000000
y138                          1.000000
y232                          1.000000
y45                           1.000000
y202                          1.000000
y63                           1.000000
y132                          1.000000
y151                          1.000000
s262                          0.948683
s249                          0.930855
s120                          1.076889
s148                          0.946949
s195                          0.270000
s263                          0.960394
s25                           0.460000
s161                          0.858034
s235                          0.510000
s191                          0.865128
s240                          0.858007
s135                          0.640000
s210                          0.760000
s171                          0.780000
s103                          0.931904
s237                          0.930000
s200                          0.940000
s3                            0.960000
s80                           0.960000
s76                           1.010000
s158                          1.070000
s265                          1.070000
s217                          1.100000
s270                          1.100000
s87                           1.200000
s89                           1.200000
s115                          1.250000
s73                           1.280000
s43                           1.320000
s144                          1.320000
s178                          2.153438
s180                          1.530000
s19                           1.540000
s166                          2.234825
s176                          2.138461
s100                          1.790000
s104                          1.850000
s230                          2.278531
s260                          1.880000
s38                           2.373077
s69                           2.422755
s40                           1.970000
s233                          2.619639
s107                          2.020000
s15                           2.400111
s64                           2.050000
s31                           2.786472
s53                           2.232727
s11                           2.070000
s278                          2.399043
s4                            2.130000
s162                          2.510266
s62                           2.248514
s157                          2.415010
s95                           2.190000
s228                          2.535725
s190                          2.552609
s169                          3.313004
s239                          2.350000
s42                           2.400000
s193                          3.363356
s253                          2.633836
s170                          3.523654
s286                          2.560000
s39                           2.570000
s79                           3.487034
s261                          3.594144
s85                           3.503179
s138                          3.625514
s232                          3.635459
s45                           3.651716
s202                          3.684111
s63                           3.669889
s132                          3.743782
s151                          3.587735
x0x249x1                      2.000000
x0x263x1                      1.000000
x0x161x1                      2.000000
x0x240x1                      1.000000
x0x3x1                        1.000000
x0x76x1                       1.000000
x0x217x1                      1.000000
x0x73x1                       1.000000
x0x166x1                      1.000000
x0x53x1                       1.000000
x0x262x2                      1.000000
x0x120x2                      2.000000
x0x148x2                      1.000000
x0x263x2                      1.000000
x0x191x2                      2.000000
x0x103x2                      1.000000
x0x3x2                        1.000000
x0x89x2                       2.000000
x0x73x2                       1.000000
x0x262x3                      1.000000
x0x148x3                      1.000000
x0x240x3                      1.000000
x0x103x3                      1.000000
x0x200x3                      2.000000
x0x76x3                       1.000000
x0x217x3                      1.000000
x0x87x3                       2.000000
x0x180x3                      2.000000
x262x230x2                    1.000000
x262x253x3                    1.000000
x249x278x1                    1.000000
x249x190x1                    1.000000
x120x233x2                    2.000000
x148x228x2                    1.000000
x148x15x3                     1.000000
x263x69x1                     1.000000
x263x69x2                     1.000000
x161x157x1                    2.000000
x191x176x2                    2.000000
x240x190x1                    1.000000
x240x230x3                    1.000000
x103x42x2                     1.000000
x103x42x3                     1.000000
x200x178x3                    1.000000
x200x53x3                     1.000000
x3x62x1                       1.000000
x3x178x2                      1.000000
x76x38x1                      1.000000
x76x62x3                      1.000000
x217x166x1                    1.000000
x217x162x3                    1.000000
x87x38x3                      1.000000
x87x15x3                      1.000000
x89x278x2                     1.000000
x89x228x2                     1.000000
x73x162x1                     1.000000
x73x253x2                     1.000000
x178x63x2                     1.000000
x178x151x3                    1.000000
x180x31x3                     2.000000
x166x170x1                    2.000000
x176x0x2                      1.000000
x176x193x2                    1.000000
x230x0x2                      1.000000
x230x232x3                    1.000000
x38x132x1                     1.000000
x38x232x3                     1.000000
x69x138x1                     1.000000
x69x138x2                     1.000000
x233x0x2                      2.000000
x15x79x3                      2.000000
x31x0x3                       2.000000
x53x169x1                     1.000000
x53x169x3                     1.000000
x278x85x1                     1.000000
x278x85x2                     1.000000
x162x0x1                      1.000000
x162x202x3                    1.000000
x62x132x1                     1.000000
x62x193x3                     1.000000
x157x261x1                    2.000000
x228x0x2                      1.000000
x228x63x2                     1.000000
x190x45x1                     2.000000
x169x0x1                      1.000000
x169x0x3                      1.000000
x42x151x2                     1.000000
x42x202x3                     1.000000
x193x0x2                      1.000000
x193x0x3                      1.000000
x253x0x2                      1.000000
x253x0x3                      1.000000
x170x0x1                      2.000000
x79x0x3                       2.000000
x261x0x1                      2.000000
x85x0x1                       1.000000
x85x0x2                       1.000000
x138x0x1                      1.000000
x138x0x2                      1.000000
x232x0x3                      2.000000
x45x0x1                       2.000000
x202x0x3                      2.000000
x63x0x2                       2.000000
x132x0x1                      2.000000
x151x0x2                      1.000000
x151x0x3                      1.000000
z0z262z2                      1.000000
z0z262z3                      1.000000
z0z249z1                      1.000000
z0z120z2                      1.000000
z0z148z2                      1.000000
z0z148z3                      1.000000
z0z263z1                      1.000000
z0z263z2                      1.000000
z0z161z1                      1.000000
z0z191z2                      1.000000
z0z240z1                      1.000000
z0z240z3                      1.000000
z0z103z2                      1.000000
z0z103z3                      1.000000
z0z200z3                      1.000000
z0z3z1                        1.000000
z0z3z2                        1.000000
z0z76z1                       1.000000
z0z76z3                       1.000000
z0z265z2                      1.000000
z0z217z1                      1.000000
z0z217z3                      1.000000
z0z270z3                      1.000000
z0z87z3                       1.000000
z0z89z2                       1.000000
z0z115z1                      1.000000
z0z73z1                       1.000000
z0z73z2                       1.000000
z0z43z2                       1.000000
z0z180z3                      1.000000
z0z19z3                       1.000000
z0z166z1                      1.000000
z0z176z2                      1.000000
z0z260z3                      1.000000
z0z40z2                       1.000000
z0z233z2                      1.000000
z0z107z2                      1.000000
z0z15z3                       1.000000
z0z31z3                       1.000000
z0z53z1                       1.000000
z0z11z2                       1.000000
z0z4z3                        1.000000
z0z157z1                      1.000000
z0z228z2                      1.000000
z0z190z1                      1.000000
z0z170z1                      1.000000
z0z39z1                       1.000000
z0z79z3                       1.000000
z0z261z1                      1.000000
z0z232z3                      1.000000
z0z45z1                       1.000000
z0z202z3                      1.000000
z0z63z2                       1.000000
z0z132z1                      1.000000
z262z230z2                    1.000000
z262z253z3                    1.000000
z262z79z3                     1.000000
z262z232z3                    1.000000
z249z278z1                    1.000000
z249z190z1                    1.000000
z249z45z1                     1.000000
z249z132z1                    1.000000
z120z233z2                    1.000000
z148z15z3                     1.000000
z148z228z2                    1.000000
z148z232z3                    1.000000
z195z63z2                     1.000000
z263z69z1                     1.000000
z263z69z2                     1.000000
z263z132z1                    1.000000
z25z63z2                      1.000000
z161z157z1                    1.000000
z161z170z1                    1.000000
z161z39z1                     1.000000
z161z261z1                    1.000000
z161z45z1                     1.000000
z161z132z1                    1.000000
z191z176z2                    1.000000
z191z63z2                     1.000000
z240z230z3                    1.000000
z240z190z1                    1.000000
z171z79z3                     1.000000
z171z232z3                    1.000000
z171z202z3                    1.000000
z103z42z2                     1.000000
z103z42z3                     1.000000
z200z178z3                    1.000000
z200z31z3                     1.000000
z200z53z3                     1.000000
z200z79z3                     1.000000
z200z232z3                    1.000000
z200z202z3                    1.000000
z3z178z2                      1.000000
z3z62z1                       1.000000
z80z63z2                      1.000000
z76z38z1                      1.000000
z76z62z3                      1.000000
z217z166z1                    1.000000
z217z162z3                    1.000000
z270z202z3                    1.000000
z87z38z3                      1.000000
z87z15z3                      1.000000
z89z233z2                     1.000000
z89z278z2                     1.000000
z89z228z2                     1.000000
z73z162z1                     1.000000
z73z253z2                     1.000000
z178z63z2                     1.000000
z178z151z3                    1.000000
z180z31z3                     1.000000
z166z170z1                    1.000000
z176z193z2                    1.000000
z230z232z3                    1.000000
z38z232z3                     1.000000
z38z132z1                     1.000000
z69z138z1                     1.000000
z69z138z2                     1.000000
z15z79z3                      1.000000
z53z169z1                     1.000000
z53z169z3                     1.000000
z278z85z1                     1.000000
z278z85z2                     1.000000
z162z202z3                    1.000000
z62z193z3                     1.000000
z62z132z1                     1.000000
z157z261z1                    1.000000
z228z63z2                     1.000000
z190z45z1                     1.000000
z42z202z3                     1.000000
z42z151z2                     1.000000
All other variables in the range 1-3863 are 0.
