
Log started (V12.10.0.0) Fri Apr 23 07:54:08 2021


Problem 'asset.lp' read.
Read time = 0.01 sec. (0.72 ticks)
New value for default parallel thread count: 1
New value for time limit in seconds: 150
Version identifier: 12.10.0.0 | 2019-11-26 | 843d4de
CPXPARAM_Threads                                 1
CPXPARAM_TimeLimit                               150
Found incumbent of value 0.000000 after 0.00 sec. (0.18 ticks)
Tried aggregator 3 times.
MIP Presolve eliminated 3309 rows and 280 columns.
MIP Presolve modified 4213 coefficients.
Aggregator did 1851 substitutions.
Reduced MIP has 2117 rows, 2753 columns, and 12060 nonzeros.
Reduced MIP has 2379 binaries, 313 generals, 0 SOSs, and 0 indicators.
Presolve time = 0.03 sec. (26.81 ticks)
Probing fixed 72 vars, tightened 12 bounds.
Probing time = 0.02 sec. (14.14 ticks)
Cover probing fixed 0 vars, tightened 16 bounds.
Tried aggregator 1 time.
Detecting symmetries...
MIP Presolve eliminated 101 rows and 100 columns.
MIP Presolve modified 360 coefficients.
Reduced MIP has 2016 rows, 2653 columns, and 11382 nonzeros.
Reduced MIP has 2291 binaries, 301 generals, 0 SOSs, and 0 indicators.
Presolve time = 0.01 sec. (10.53 ticks)
Probing time = 0.00 sec. (2.98 ticks)
Clique table members: 7088.
MIP emphasis: balance optimality and feasibility.
MIP search method: dynamic search.
Parallel mode: none, using 1 thread.
Root relaxation solution time = 0.05 sec. (63.60 ticks)

        Nodes                                         Cuts/
   Node  Left     Objective  IInf  Best Integer    Best Bound    ItCnt     Gap

*     0+    0                            0.0000      910.0000              --- 
      0     0      898.8917   367        0.0000      898.8917      988     --- 
      0     0      895.0000   367        0.0000     Cuts: 341     1994     --- 
      0     0      895.0000   367        0.0000     Cuts: 604     3932     --- 
      0     0      884.9872   367        0.0000     Cuts: 604     7440     --- 
      0     0      879.1851   367        0.0000     Cuts: 604    10040     --- 
      0     0      875.8966   367        0.0000     Cuts: 604    12255     --- 
Detecting symmetries...
      0     0      875.1725   367        0.0000     Cuts: 604    13947     --- 
      0     0      872.9267   367        0.0000     Cuts: 604    17239     --- 
      0     0      871.0644   367        0.0000     Cuts: 604    18929     --- 
      0     0      869.5658   367        0.0000     Cuts: 604    20062     --- 
      0     0      868.0772   367        0.0000     Cuts: 604    21494     --- 
      0     0      867.1571   367        0.0000     Cuts: 604    22273     --- 
      0     0      866.4208   367        0.0000     Cuts: 498    24057     --- 
      0     0      865.4683   367        0.0000     Cuts: 604    25465     --- 
      0     0      864.6364   367        0.0000     Cuts: 604    26891     --- 
      0     0      863.6477   367        0.0000     Cuts: 604    28506     --- 
      0     0      862.9744   367        0.0000     Cuts: 604    29429     --- 
      0     0      862.7347   367        0.0000     Cuts: 495    29952     --- 
      0     0      862.0767   367        0.0000     Cuts: 553    31536     --- 
      0     0      861.9449   367        0.0000     Cuts: 544    32326     --- 
      0     0      861.7721   367        0.0000     Cuts: 308    32948     --- 
      0     0      861.5339   367        0.0000     Cuts: 436    33773     --- 
      0     0      861.1227   367        0.0000     Cuts: 604    34451     --- 
      0     0      860.5485   367        0.0000     Cuts: 604    34956     --- 
      0     0      860.1857   367        0.0000     Cuts: 504    35846     --- 
      0     0      859.2431   367        0.0000     Cuts: 604    36981     --- 
      0     0      858.5448   367        0.0000     Cuts: 604    38295     --- 
      0     0      858.3642   367        0.0000     Cuts: 604    40070     --- 
*     0+    0                           35.0000      858.3642              --- 
*     0+    0                           65.0000      858.3642              --- 
*     0+    0                          290.0000      858.3642           195.99%
*     0+    0                          305.0000      858.3642           181.43%
*     0+    0                          350.0000      858.3642           145.25%
*     0+    0                          365.0000      858.3642           135.17%
      0     0        cutoff            365.0000      858.3642    40070  135.17%
Detecting symmetries...
      0     2      858.3642   408      365.0000      858.3642    40070  135.17%
Elapsed time = 6.87 sec. (9269.28 ticks, tree = 0.01 MB, solutions = 6)
      5     7      858.2789   422      365.0000      858.3642    42549  135.17%
     10    12      858.3168   382      365.0000      858.3642    42598  135.17%
     20    22      857.5193   369      365.0000      858.3642    43813  135.17%
     30    32      858.1687   380      365.0000      858.3642    44089  135.17%
     38    40      847.8520   370      365.0000      858.3642    46179  135.17%
     49    51      857.1741   358      365.0000      858.3642    47882  135.17%
     50    52      857.1741   357      365.0000      858.3642    47883  135.17%
     59    61      834.3428   324      365.0000      858.3642    50596  135.17%
     60    62      850.7696   361      365.0000      858.3642    50603  135.17%
    120    96      816.2770   316      365.0000      858.3642    57654  135.17%
Elapsed time = 9.68 sec. (13304.89 ticks, tree = 1.07 MB, solutions = 6)
    160   124      677.1908   145      365.0000      858.3642    67642  135.17%
    304   241      849.8254   351      365.0000      858.3168    76225  135.16%
    332   269      837.7313   340      365.0000      858.3168    85568  135.16%
    355   292      791.5228   289      365.0000      858.3168    97582  135.16%
    461   380    infeasible            365.0000      858.3168   111556  135.16%

Performing restart 1

Repeating presolve.
Tried aggregator 1 time.
MIP Presolve modified 2716 coefficients.
Reduced MIP has 2016 rows, 2653 columns, and 9604 nonzeros.
Reduced MIP has 2291 binaries, 301 generals, 0 SOSs, and 0 indicators.
Presolve time = 0.01 sec. (8.28 ticks)
Tried aggregator 1 time.
Reduced MIP has 2016 rows, 2653 columns, and 9604 nonzeros.
Reduced MIP has 2291 binaries, 301 generals, 0 SOSs, and 0 indicators.
Presolve time = 0.01 sec. (6.85 ticks)
Represolve time = 0.08 sec. (51.39 ticks)
    478     0      832.3559   460      365.0000     Cuts: 571   123347  128.04%
    478     0      822.9788   460      365.0000     Cuts: 434   125832  125.47%
    478     0      815.6940   460      365.0000     Cuts: 371   127920  123.48%
    478     0      810.0724   460      365.0000     Cuts: 521   130729  121.94%
    478     0      807.2148   460      365.0000     Cuts: 375   132444  121.15%
    478     0      805.5112   460      365.0000     Cuts: 310   134491  120.69%
    478     0      804.1214   460      365.0000     Cuts: 237   136272  120.31%
    478     0      802.4491   460      365.0000     Cuts: 259   138148  119.85%
    478     0      801.7911   460      365.0000     Cuts: 260   139303  119.67%
    478     0      800.6560   460      365.0000     Cuts: 272   140475  119.36%
    478     0      799.1901   460      365.0000     Cuts: 250   142039  118.96%
    478     0      797.9224   460      365.0000     Cuts: 225   143446  118.61%
    478     0      797.3504   460      365.0000     Cuts: 194   144595  118.45%
    478     0      796.2873   460      365.0000     Cuts: 207   145600  118.16%
    478     0      795.9311   460      365.0000     Cuts: 236   146492  118.06%
*   478+    0                          400.0000      795.9311            98.98%
    478     0      795.5440   460      400.0000     Cuts: 201   147372   98.89%
    478     0      795.2475   460      400.0000     Cuts: 209   148073   98.81%
    478     0      795.2080   460      400.0000     Cuts: 179   148484   98.80%
*   478+    0                          410.0000      795.2080            93.95%
    478     0      795.0315   460      410.0000     Cuts: 183   148810   93.91%
    478     0      794.9508   460      410.0000     Cuts: 125   149325   93.89%
    478     0      794.8277   460      410.0000     Cuts: 154   149863   93.86%
    478     0      794.6925   460      410.0000     Cuts: 163   150409   93.83%
    478     0      794.6103   460      410.0000     Cuts: 155   150780   93.81%
    478     0      794.3659   460      410.0000     Cuts: 180   151183   93.75%
    478     0      794.2061   460      410.0000     Cuts: 142   151636   93.71%
    478     0      793.9570   460      410.0000     Cuts: 191   152660   93.65%
    478     0      793.6140   460      410.0000     Cuts: 222   153481   93.56%
    478     0      793.5292   460      410.0000     Cuts: 257   153994   93.54%
    478     0      793.3750   460      410.0000     Cuts: 248   154848   93.51%
    478     0      793.2703   460      410.0000     Cuts: 224   155334   93.48%
    478     2      793.2703   470      410.0000      793.2695   155334   93.48%
    482     6      777.8769   440      410.0000      793.0540   159751   93.43%
    485     9      792.9594   458      410.0000      792.9527   162854   93.40%
    488    12      792.4690   455      410.0000      792.4718   164114   93.29%
    491    15      787.6924   429      410.0000      792.1188   169048   93.20%
Elapsed time = 39.70 sec. (53035.99 ticks, tree = 0.08 MB, solutions = 8)
    497    20      781.4432   389      410.0000      792.0092   173018   93.17%
    502    24      764.1711   338      410.0000      792.0092   177310   93.17%
    510    32      762.3555   349      410.0000      792.0092   181070   93.17%
    520    42      759.8597   325      410.0000      792.0092   184409   93.17%
    534    56      736.9569   305      410.0000      792.0092   187680   93.17%
    545    67      755.5489   307      410.0000      792.0092   192082   93.17%
    550    72      745.8266   302      410.0000      792.0092   197723   93.17%
    569    86      731.2795   284      410.0000      792.0092   201655   93.17%
    588   105      719.7950   282      410.0000      792.0092   205635   93.17%
    640   150      648.0533   208      410.0000      792.0092   209221   93.17%
Elapsed time = 46.40 sec. (63292.60 ticks, tree = 2.24 MB, solutions = 8)
    658   164      787.8663   430      410.0000      791.7267   210523   93.10%
    668   174      763.3310   374      410.0000      791.7267   216104   93.10%
    679   183      757.6027   352      410.0000      791.7267   221926   93.10%
    692   195      705.7592   268      410.0000      791.7267   227608   93.10%
    700   203      731.8963   302      410.0000      791.7267   232261   93.10%
    745   239      675.8576   209      410.0000      791.7267   237586   93.10%
    775   255      790.7621   455      410.0000      791.7261   243247   93.10%
    802   282      765.4847   338      410.0000      791.7261   248141   93.10%
    838   318      757.3193   303      410.0000      791.7261   251681   93.10%
    872   344      780.4938   407      410.0000      790.7338   257225   92.86%
Elapsed time = 54.23 sec. (74683.27 ticks, tree = 6.35 MB, solutions = 8)
    880   352      772.4983   378      410.0000      790.7338   260103   92.86%
    918   390      754.9980   324      410.0000      790.7338   265292   92.86%
    971   443      682.2436   206      410.0000      790.7338   271311   92.86%
   1005   467      787.9464   427      410.0000      790.4620   276840   92.80%
   1027   489      774.1753   393      410.0000      790.4620   281709   92.80%
   1054   516      730.7316   298      410.0000      790.4620   287119   92.80%
   1068   526      778.4692   417      410.0000      790.3308   297104   92.76%
   1077   535      769.1945   389      410.0000      790.3308   301280   92.76%
   1079   537      768.7599   379      410.0000      790.3308   301863   92.76%
   1087   545      764.7599   372      410.0000      790.3308   306422   92.76%
Elapsed time = 62.05 sec. (86044.62 ticks, tree = 6.77 MB, solutions = 8)
   1099   556      733.5194   321      410.0000      790.3308   312241   92.76%
   1110   565      675.8203   229      410.0000      790.3308   322389   92.76%
   1149   598      661.4327   210      410.0000      790.3308   326813   92.76%
   1186   619      774.6048   401      410.0000      790.2725   331010   92.75%
   1193   626      759.6279   377      410.0000      790.2725   335772   92.75%
   1198   631      753.8350   382      410.0000      790.2725   337766   92.75%
   1215   648      742.5541   371      410.0000      790.2725   343346   92.75%
   1242   675      730.4953   345      410.0000      790.2725   349274   92.75%
   1278   711      716.0244   324      410.0000      790.2725   355384   92.75%
   1324   755      691.1700   217      410.0000      790.2725   363355   92.75%
Elapsed time = 70.21 sec. (98074.81 ticks, tree = 8.61 MB, solutions = 8)
   1337   764      768.4252   388      410.0000      790.2011   369496   92.73%
   1358   785      758.9576   373      410.0000      790.2011   376136   92.73%
   1374   801      691.3367   280      410.0000      790.2011   382831   92.73%
   1391   808      763.2066   389      410.0000      789.7125   390297   92.61%
   1400   817      746.2525   348      410.0000      789.7125   396026   92.61%
   1406   823      733.5064   339      410.0000      789.7125   400863   92.61%
   1427   844      719.6388   266      410.0000      789.7125   406278   92.61%
   1474   889      669.5281   249      410.0000      789.7125   412908   92.61%
*  1478+  891                          415.0000      789.7125            90.29%
*  1478+  891                          420.0000      789.7125            88.03%
*  1478+  891                          435.0000      789.7125            81.54%
*  1478+  891                          440.0000      789.7125            79.48%
*  1478+  891                          445.0000      789.7125            77.46%
   1494   905      788.6422   457      445.0000      789.6753   416473   77.46%
   1498   909      770.3335   381      445.0000      789.6753   423347   77.46%
Elapsed time = 77.15 sec. (108430.03 ticks, tree = 9.14 MB, solutions = 13)
   1511   922      757.8615   310      445.0000      789.6753   428980   77.46%
   1547   958      740.0424   342      445.0000      789.6753   435309   77.46%
   1575   986      720.2850   285      445.0000      789.6753   442633   77.46%
   1612  1021      678.2400   205      445.0000      789.6753   448431   77.46%
   1654  1055      772.8044   451      445.0000      789.0509   454538   77.31%
   1661  1062      755.9247   396      445.0000      789.0509   459869   77.31%
   1670  1071      734.7806   350      445.0000      789.0509   467492   77.31%
   1679  1080      721.3564   328      445.0000      789.0509   473157   77.31%
   1697  1092    infeasible            445.0000      789.0509   481416   77.31%
   1708  1095      773.2294   429      445.0000      789.0432   487204   77.31%
Elapsed time = 84.03 sec. (119004.11 ticks, tree = 9.43 MB, solutions = 13)
   1716  1103      758.3184   418      445.0000      789.0432   494754   77.31%
   1744  1131      744.2860   369      445.0000      789.0432   501997   77.31%
   1758  1145      739.3358   353      445.0000      789.0432   507820   77.31%
   1776  1163      725.1540   331      445.0000      789.0432   516029   77.31%
   1783  1170      699.7051   284      445.0000      789.0432   522391   77.31%
   1805  1192      683.7562   255      445.0000      789.0432   528757   77.31%
   1827  1210      782.6663   434      445.0000      788.9896   535066   77.30%
   1838  1221      754.0617   343      445.0000      788.9896   543043   77.30%
   1853  1236      736.8329   319      445.0000      788.9896   549994   77.30%
   1884  1266      692.6601   249      445.0000      788.9896   556415   77.30%
Elapsed time = 91.51 sec. (129992.52 ticks, tree = 11.17 MB, solutions = 13)
   1888  1266      773.7341   421      445.0000      788.9780   561142   77.30%
   1903  1281      762.1416   397      445.0000      788.9780   566963   77.30%
   1926  1304      725.1624   319      445.0000      788.9780   572326   77.30%
   1944  1322      707.8544   315      445.0000      788.9780   578561   77.30%
   1950  1328      706.6582   321      445.0000      788.9780   583157   77.30%
   1957  1335      688.4243   271      445.0000      788.9780   588729   77.30%
   1982  1354      782.7602   433      445.0000      788.6414   597128   77.22%
   1989  1361      778.4155   412      445.0000      788.6414   602408   77.22%
   1998  1370      767.8662   389      445.0000      788.6414   604848   77.22%
   2052  1420      783.0850   427      445.0000      788.4259   626893   77.17%
Elapsed time = 101.25 sec. (144718.61 ticks, tree = 12.98 MB, solutions = 13)
   2073  1440      737.2739   343      445.0000      788.4259   651316   77.17%
   2121  1488      706.9526   262      445.0000      788.4259   678539   77.17%
   2199  1560      723.4595   293      445.0000      788.0769   707675   77.10%
   2272  1629      731.1040   300      445.0000      787.9943   732210   77.08%
   2335  1688      775.3816   432      445.0000      787.9459   756047   77.07%
   2426  1775      751.2418   405      445.0000      787.9442   783719   77.07%
   2455  1800      752.0955   391      445.0000      787.8632   805925   77.05%
   2501  1843      696.3982   311      445.0000      787.8632   830448   77.05%
   2585  1923      674.8702   215      445.0000      787.8632   858760   77.05%
   2654  1980      782.5333   444      445.0000      787.6397   886035   77.00%
Elapsed time = 127.66 sec. (184240.94 ticks, tree = 19.83 MB, solutions = 13)
   2690  2012    infeasible            445.0000      787.6397   913894   77.00%
   2720  2038      738.0424   394      445.0000      787.5983   935330   76.99%
   2785  2099      766.2577   427      445.0000      787.4389   963509   76.95%
   2833  2147      685.4067   294      445.0000      787.4389   991983   76.95%
   2876  2186      696.7714   299      445.0000      786.8696  1020631   76.82%
Starting limited solution polishing.
*  2878+ 2186                          450.0000      786.8696            74.86%
   2965  2262      749.4333   368      450.0000      786.6353  1045000   74.81%
*  2978+ 2273                          465.0000      786.6353            69.17%
*  2978+ 2273                          485.0000      786.6353            62.19%
   2996  2293      736.8103   343      485.0000      786.6353  1061517   62.19%
   3052  2341      738.7036   341      485.0000      785.5000  1094601   61.96%
Advanced basis not built.

GUB cover cuts applied:  105
Clique cuts applied:  198
Cover cuts applied:  30
Implied bound cuts applied:  127
Flow cuts applied:  17
Mixed integer rounding cuts applied:  167
Zero-half cuts applied:  91
Lift and project cuts applied:  23
Gomory fractional cuts applied:  7

Root node processing (before b&c):
  Real time             =    6.86 sec. (9259.91 ticks)
Sequential b&c:
  Real time             =  143.14 sec. (208290.99 ticks)
                          ------------
Total (root+branch&cut) =  150.00 sec. (217550.90 ticks)

Solution pool: 17 solutions saved.

MIP - Time limit exceeded, integer feasible:  Objective =  4.8500000000e+02
Current MIP best bound =  7.8550001769e+02 (gap = 300.5, 61.96%)
Solution time =  150.00 sec.  Iterations = 1109429  Nodes = 3078 (2364)
Deterministic time = 217550.92 ticks  (1450.31 ticks/sec)


Incumbent solution
Variable Name           Solution Value
F                           485.000000
y257                          1.000000
y61                           1.000000
y270                          1.000000
y190                          1.000000
y89                           1.000000
y275                          1.000000
y192                          1.000000
y206                          1.000000
y220                          1.000000
y219                          1.000000
y169                          1.000000
y55                           1.000000
y294                          1.000000
y277                          1.000000
y176                          1.000000
y152                          1.000000
y273                          1.000000
y253                          1.000000
y260                          1.000000
y242                          1.000000
y76                           1.000000
y62                           1.000000
y254                          1.000000
y179                          1.000000
y54                           1.000000
y199                          1.000000
y97                           1.000000
y195                          1.000000
y103                          1.000000
y204                          1.000000
y298                          1.000000
x292x192x1                    1.000000
x209x206x1                    1.000000
x156x190x1                    2.000000
x35x270x1                     2.000000
x268x89x1                     1.000000
x268x152x1                    1.000000
x108x220x1                    1.000000
x209x257x2                    1.000000
x264x220x2                    1.000000
x53x275x2                     1.000000
x59x206x2                     1.000000
x20x277x2                     1.000000
x208x219x2                    1.000000
x64x219x2                     1.000000
x64x76x2                      1.000000
x160x273x2                    1.000000
x264x192x3                    1.000000
x53x169x3                     1.000000
x231x257x3                    1.000000
x231x273x3                    1.000000
x59x61x3                      1.000000
x108x76x3                     1.000000
x20x61x3                      1.000000
x208x275x3                    1.000000
x160x89x3                     1.000000
x257x176x2                    1.000000
x257x152x3                    1.000000
x61x169x3                     1.000000
x61x176x3                     1.000000
x270x54x1                     2.000000
x190x55x1                     1.000000
x190x294x1                    1.000000
x89x254x1                     1.000000
x89x179x3                     1.000000
x275x62x2                     1.000000
x275x253x3                    1.000000
x192x55x1                     1.000000
x192x277x3                    1.000000
x206x298x1                    1.000000
x206x254x2                    1.000000
x220x294x1                    1.000000
x220x260x2                    1.000000
x219x260x2                    1.000000
x219x242x2                    1.000000
x169x195x3                    2.000000
x55x97x1                      2.000000
x294x199x1                    2.000000
x277x179x2                    1.000000
x277x103x3                    1.000000
x176x204x2                    1.000000
x176x0x3                      1.000000
x152x0x1                      1.000000
x152x204x3                    1.000000
x273x242x2                    1.000000
x273x253x3                    1.000000
x253x0x3                      2.000000
x260x0x2                      2.000000
x242x0x2                      2.000000
x76x62x2                      1.000000
x76x103x3                     1.000000
x62x0x2                       2.000000
x254x0x1                      1.000000
x254x0x2                      1.000000
x179x0x2                      1.000000
x179x0x3                      1.000000
x54x0x1                       1.000000
x54x298x1                     1.000000
x199x0x1                      2.000000
x97x0x1                       2.000000
x195x0x3                      2.000000
x103x0x3                      2.000000
x204x0x2                      1.000000
x204x0x3                      1.000000
x298x0x1                      2.000000
s292                          4.195690
s78                           6.895059
s270                          6.781024
z292z270z1                    1.000000
s83                           6.913157
z292z83z1                     1.000000
s190                          6.360512
z292z190z1                    1.000000
s89                           7.153147
s192                          6.632705
z292z192z1                    1.000000
s183                          6.430000
z292z183z1                    1.000000
s206                          6.694189
s220                          6.645685
s245                          6.590000
z292z245z1                    1.000000
s216                          7.690000
s184                          7.740000
s130                          7.800000
s74                           7.120000
s43                           8.130000
s55                           7.920069
z292z55z1                     1.000000
s294                          8.072404
z292z294z1                    1.000000
s96                           7.310000
s296                          8.410000
s110                          8.490000
s111                          7.650000
s152                          8.004131
s147                          7.830000
s107                          9.070000
s125                          8.120000
z292z125z1                    1.000000
s48                           9.270000
s118                          8.270000
z292z118z1                    1.000000
s228                          8.290000
s254                          8.709045
s54                           8.425093
z292z54z1                     1.000000
s199                          9.360000
z292z199z1                    1.000000
s97                           9.370000
z292z97z1                     1.000000
s298                          9.440000
z292z298z1                    1.000000
s132                          9.480000
z292z132z1                    1.000000
s209                          4.464490
s257                          6.567324
z209z257z2                    1.000000
s271                          6.080000
s275                          7.167630
z209z183z1                    1.000000
z209z206z1                    1.000000
z209z245z1                    1.000000
s105                          7.630000
s219                          7.233186
z209z219z2                    1.000000
s237                          7.150000
s80                           8.220000
z209z55z1                     1.000000
z209z294z1                    1.000000
s274                          7.493333
z209z274z2                    1.000000
s26                           7.480000
s158                          7.530000
s277                          7.983450
s176                          8.075557
s161                          7.700000
z209z161z2                    1.000000
s273                          7.730000
s260                          8.950000
z209z260z2                    1.000000
s242                          8.990000
z209z242z2                    1.000000
s76                           8.127246
z209z125z1                    1.000000
s128                          9.210000
z209z128z2                    1.000000
z209z118z1                    1.000000
s62                           9.290000
z209z62z2                     1.000000
s179                          9.340000
z209z54z1                     1.000000
z209z199z1                    1.000000
z209z97z1                     1.000000
s204                          9.410000
s163                          9.420000
z209z163z2                    1.000000
z209z298z1                    1.000000
z209z132z1                    1.000000
s264                          4.898400
s61                           6.637328
s136                          6.290000
s145                          6.370000
z264z192z3                    1.000000
z264z220z2                    1.000000
s251                          6.740000
z264z251z3                    1.000000
s148                          6.980000
z264z148z3                    1.000000
s157                          7.990000
z264z157z3                    1.000000
z264z219z2                    1.000000
s279                          8.080000
z264z279z3                    1.000000
s282                          7.140000
z264z282z3                    1.000000
s169                          8.010661
z264z169z3                    1.000000
s244                          7.240000
z264z244z3                    1.000000
s221                          8.340000
z264z221z3                    1.000000
z264z274z2                    1.000000
z264z161z2                    1.000000
s253                          8.810277
z264z253z3                    1.000000
z264z260z2                    1.000000
z264z242z2                    1.000000
s262                          8.990000
z264z262z3                    1.000000
z264z128z2                    1.000000
z264z62z2                     1.000000
s195                          9.370000
z264z195z3                    1.000000
s103                          9.410000
z264z103z3                    1.000000
z264z163z2                    1.000000
s156                          4.801170
z156z190z1                    1.000000
z156z245z1                    1.000000
z156z55z1                     1.000000
z156z294z1                    1.000000
z156z125z1                    1.000000
z156z118z1                    1.000000
z156z54z1                     1.000000
z156z199z1                    1.000000
z156z97z1                     1.000000
z156z298z1                    1.000000
z156z132z1                    1.000000
s35                           5.183490
z35z78z1                      1.000000
z35z270z1                     1.000000
z35z55z1                      1.000000
z35z294z1                     1.000000
z35z125z1                     1.000000
z35z118z1                     1.000000
z35z54z1                      1.000000
z35z199z1                     1.000000
z35z97z1                      1.000000
z35z298z1                     1.000000
z35z132z1                     1.000000
s53                           5.269560
z53z275z2                     1.000000
z53z219z2                     1.000000
z53z279z3                     1.000000
z53z169z3                     1.000000
z53z221z3                     1.000000
z53z274z2                     1.000000
z53z161z2                     1.000000
z53z253z3                     1.000000
z53z260z2                     1.000000
z53z242z2                     1.000000
z53z262z3                     1.000000
z53z128z2                     1.000000
z53z62z2                      1.000000
z53z195z3                     1.000000
z53z103z3                     1.000000
z53z163z2                     1.000000
s231                          5.024920
z231z257z3                    1.000000
z231z251z3                    1.000000
z231z148z3                    1.000000
z231z157z3                    1.000000
z231z279z3                    1.000000
z231z282z3                    1.000000
z231z169z3                    1.000000
z231z244z3                    1.000000
z231z221z3                    1.000000
z231z273z3                    1.000000
z231z253z3                    1.000000
z231z262z3                    1.000000
z231z195z3                    1.000000
z231z103z3                    1.000000
s59                           5.080990
z59z61z3                      1.000000
z59z206z2                     1.000000
z59z251z3                     1.000000
z59z148z3                     1.000000
z59z157z3                     1.000000
z59z219z2                     1.000000
z59z279z3                     1.000000
z59z282z3                     1.000000
z59z169z3                     1.000000
z59z244z3                     1.000000
z59z221z3                     1.000000
z59z274z2                     1.000000
z59z161z2                     1.000000
z59z253z3                     1.000000
z59z260z2                     1.000000
z59z242z2                     1.000000
z59z262z3                     1.000000
z59z128z2                     1.000000
z59z62z2                      1.000000
z59z195z3                     1.000000
z59z103z3                     1.000000
z59z163z2                     1.000000
s268                          5.302440
z268z78z1                     1.000000
z268z89z1                     1.000000
z268z152z1                    1.000000
z268z125z1                    1.000000
z268z118z1                    1.000000
z268z54z1                     1.000000
z268z199z1                    1.000000
z268z97z1                     1.000000
z268z298z1                    1.000000
z268z132z1                    1.000000
s108                          5.106410
z108z220z1                    1.000000
z108z251z3                    1.000000
z108z148z3                    1.000000
z108z157z3                    1.000000
z108z279z3                    1.000000
z108z282z3                    1.000000
z108z169z3                    1.000000
z108z244z3                    1.000000
z108z55z1                     1.000000
z108z294z1                    1.000000
z108z221z3                    1.000000
z108z253z3                    1.000000
z108z262z3                    1.000000
z108z76z3                     1.000000
z108z125z1                    1.000000
z108z118z1                    1.000000
z108z54z1                     1.000000
z108z199z1                    1.000000
z108z97z1                     1.000000
z108z195z3                    1.000000
z108z103z3                    1.000000
z108z298z1                    1.000000
z108z132z1                    1.000000
s20                           5.161060
z20z61z3                      1.000000
z20z251z3                     1.000000
z20z148z3                     1.000000
z20z157z3                     1.000000
z20z219z2                     1.000000
z20z279z3                     1.000000
z20z282z3                     1.000000
z20z169z3                     1.000000
z20z244z3                     1.000000
z20z221z3                     1.000000
z20z274z2                     1.000000
z20z277z2                     1.000000
z20z161z2                     1.000000
z20z253z3                     1.000000
z20z260z2                     1.000000
z20z242z2                     1.000000
z20z262z3                     1.000000
z20z128z2                     1.000000
z20z62z2                      1.000000
z20z195z3                     1.000000
z20z103z3                     1.000000
z20z163z2                     1.000000
s208                          5.585450
z208z275z3                    1.000000
z208z219z2                    1.000000
z208z161z2                    1.000000
z208z253z3                    1.000000
z208z260z2                    1.000000
z208z242z2                    1.000000
z208z262z3                    1.000000
z208z128z2                    1.000000
z208z62z2                     1.000000
z208z195z3                    1.000000
z208z103z3                    1.000000
z208z163z2                    1.000000
s64                           5.597340
z64z219z2                     1.000000
z64z274z2                     1.000000
z64z161z2                     1.000000
z64z260z2                     1.000000
z64z242z2                     1.000000
z64z76z2                      1.000000
z64z128z2                     1.000000
z64z62z2                      1.000000
z64z163z2                     1.000000
s160                          5.603240
z160z89z3                     1.000000
z160z161z2                    1.000000
z160z273z2                    1.000000
z160z253z3                    1.000000
z160z260z2                    1.000000
z160z242z2                    1.000000
z160z262z3                    1.000000
z160z128z2                    1.000000
z160z62z2                     1.000000
z160z195z3                    1.000000
z160z103z3                    1.000000
z160z163z2                    1.000000
z78z199z1                     1.000000
z78z298z1                     1.000000
z78z132z1                     1.000000
z257z176z2                    1.000000
z257z152z3                    1.000000
z257z62z2                     1.000000
z257z195z3                    1.000000
z257z103z3                    1.000000
z257z163z2                    1.000000
z61z169z3                     1.000000
z61z176z3                     1.000000
z61z195z3                     1.000000
z61z103z3                     1.000000
z270z54z1                     1.000000
z270z199z1                    1.000000
z270z298z1                    1.000000
z270z132z1                    1.000000
z83z199z1                     1.000000
z83z298z1                     1.000000
z83z132z1                     1.000000
z271z274z2                    1.000000
z271z163z2                    1.000000
z190z55z1                     1.000000
z190z294z1                    1.000000
z190z199z1                    1.000000
z190z298z1                    1.000000
z190z132z1                    1.000000
z136z169z3                    1.000000
z136z195z3                    1.000000
z136z103z3                    1.000000
z89z254z1                     1.000000
z89z179z3                     1.000000
z89z199z1                     1.000000
z89z195z3                     1.000000
z89z103z3                     1.000000
z89z298z1                     1.000000
z89z132z1                     1.000000
z275z253z3                    1.000000
z275z62z2                     1.000000
z275z195z3                    1.000000
z275z103z3                    1.000000
z275z163z2                    1.000000
z145z195z3                    1.000000
z145z103z3                    1.000000
z192z55z1                     1.000000
z192z277z3                    1.000000
z192z199z1                    1.000000
z192z195z3                    1.000000
z192z103z3                    1.000000
z192z298z1                    1.000000
z192z132z1                    1.000000
z183z199z1                    1.000000
z183z298z1                    1.000000
z183z132z1                    1.000000
z206z254z2                    1.000000
z206z199z1                    1.000000
z206z163z2                    1.000000
z206z298z1                    1.000000
z206z132z1                    1.000000
z220z294z1                    1.000000
z220z260z2                    1.000000
z220z199z1                    1.000000
z220z163z2                    1.000000
z220z298z1                    1.000000
z220z132z1                    1.000000
z245z199z1                    1.000000
z245z298z1                    1.000000
z245z132z1                    1.000000
z105z195z3                    1.000000
z105z103z3                    1.000000
z105z163z2                    1.000000
z216z199z1                    1.000000
z216z163z2                    1.000000
z216z298z1                    1.000000
z216z132z1                    1.000000
z184z199z1                    1.000000
z184z195z3                    1.000000
z184z103z3                    1.000000
z184z298z1                    1.000000
z251z195z3                    1.000000
z251z103z3                    1.000000
z130z103z3                    1.000000
z130z298z1                    1.000000
z219z260z2                    1.000000
z219z242z2                    1.000000
z43z298z1                     1.000000
z169z195z3                    1.000000
z55z97z1                      1.000000
z294z199z1                    1.000000
z294z132z1                    1.000000
z274z242z2                    1.000000
z277z179z2                    1.000000
z277z103z3                    1.000000
z176z204z2                    1.000000
z152z204z3                    1.000000
z273z253z3                    1.000000
z273z242z2                    1.000000
z76z62z2                      1.000000
z76z103z3                     1.000000
z54z298z1                     1.000000
All other variables in the range 1-4890 are 0.
