
Log started (V12.10.0.0) Tue Apr 20 05:11:34 2021

Warning, line 540: Name 's4' does not exist.
Warning, line 541: Name 's208' does not exist.
Warning, line 542: Name 's83' does not exist.
Warning, line 543: Name 's172' does not exist.
Warning, line 544: Name 's243' does not exist.
Warning, line 545: Name 's181' does not exist.
Warning, line 546: Name 's253' does not exist.
Warning, line 547: Name 's37' does not exist.
Warning, line 548: Name 's7' does not exist.
Warning, line 549: Name 's51' does not exist.
Warning, line 550: Name 's195' does not exist.

Problem 'asset.lp' read.
Read time = 0.00 sec. (0.03 ticks)
New value for default parallel thread count: 1
New value for time limit in seconds: 400
Version identifier: 12.10.0.0 | 2019-11-26 | 843d4de
CPXPARAM_Threads                                 1
CPXPARAM_TimeLimit                               400
Found incumbent of value 0.000000 after 0.00 sec. (0.01 ticks)
Tried aggregator 2 times.
MIP Presolve eliminated 350 rows and 231 columns.
MIP Presolve modified 122 coefficients.
Aggregator did 8 substitutions.
Reduced MIP has 7 rows, 10 columns, and 18 nonzeros.
Reduced MIP has 9 binaries, 1 generals, 0 SOSs, and 0 indicators.
Presolve time = 0.00 sec. (0.30 ticks)
Probing time = 0.00 sec. (0.01 ticks)
Tried aggregator 1 time.
MIP Presolve eliminated 3 rows and 3 columns.
Reduced MIP has 4 rows, 7 columns, and 11 nonzeros.
Reduced MIP has 6 binaries, 1 generals, 0 SOSs, and 0 indicators.
Presolve time = 0.00 sec. (0.01 ticks)
Probing time = 0.00 sec. (0.00 ticks)
Tried aggregator 1 time.
Detecting symmetries...
Reduced MIP has 4 rows, 7 columns, and 11 nonzeros.
Reduced MIP has 6 binaries, 1 generals, 0 SOSs, and 0 indicators.
Presolve time = 0.00 sec. (0.01 ticks)
Probing time = 0.00 sec. (0.00 ticks)
Clique table members: 3.
MIP emphasis: balance optimality and feasibility.
MIP search method: dynamic search.
Parallel mode: none, using 1 thread.
Root relaxation solution time = 0.00 sec. (0.01 ticks)

        Nodes                                         Cuts/
   Node  Left     Objective  IInf  Best Integer    Best Bound    ItCnt     Gap

*     0+    0                            0.0000       30.0000              --- 
      0     0       25.5000     1        0.0000       25.5000        2     --- 
*     0+    0                           21.0000       25.5000            21.43%
      0     0        cutoff             21.0000                      3     --- 
Elapsed time = 0.00 sec. (0.40 ticks, tree = 0.01 MB, solutions = 1)

Root node processing (before b&c):
  Real time             =    0.00 sec. (0.41 ticks)
Sequential b&c:
  Real time             =    0.00 sec. (0.00 ticks)
                          ------------
Total (root+branch&cut) =    0.00 sec. (0.41 ticks)

Solution pool: 2 solutions saved.

MIP - Integer optimal solution:  Objective =  2.1000000000e+01
Solution time =    0.00 sec.  Iterations = 3  Nodes = 0
Deterministic time = 0.41 ticks  (205.12 ticks/sec)


Incumbent solution
Variable Name           Solution Value
F                            21.000000
y46                           1.000000
y40                           1.000000
x55x40x2                      1.000000
x39x46x2                      1.000000
x125x46x3                     1.000000
x55x40x3                      1.000000
x46x0x2                       1.000000
x46x0x3                       1.000000
x40x0x2                       1.000000
x40x0x3                       1.000000
s125                          7.913330
s46                           9.330000
z125z46z3                     1.000000
s205                          9.390000
s128                          9.470000
z125z128z3                    1.000000
s229                          9.480000
s40                           9.500000
s175                          9.500000
s55                           8.070120
z55z128z3                     1.000000
z55z40z2                      1.000000
z55z40z3                      1.000000
s39                           7.425600
s95                           8.240000
s129                          8.260000
s221                          8.290000
s86                           9.300000
z39z46z2                      1.000000
s162                          8.340000
s235                          9.370000
s11                           9.400000
z39z11z2                      1.000000
s145                          8.440000
s141                          9.450000
z39z141z2                     1.000000
s98                           8.230000
s91                           8.240000
s292                          8.280000
s201                          8.290000
s280                          8.300000
s99                           9.330000
s75                           8.250000
s168                          8.250000
All other variables in the range 1-252 are 0.
