
Log started (V12.10.0.0) Fri Apr  9 00:35:07 2021


Problem 'asset.lp' read.
Read time = 0.01 sec. (0.14 ticks)
New value for default parallel thread count: 1
New value for time limit in seconds: 200
Version identifier: 12.10.0.0 | 2019-11-26 | 843d4de
CPXPARAM_Threads                                 1
CPXPARAM_TimeLimit                               200
Found incumbent of value -0.824360 after 0.00 sec. (0.07 ticks)
Tried aggregator 3 times.
MIP Presolve eliminated 625 rows and 47 columns.
MIP Presolve modified 945 coefficients.
Aggregator did 383 substitutions.
Reduced MIP has 552 rows, 622 columns, and 2494 nonzeros.
Reduced MIP has 517 binaries, 72 generals, 0 SOSs, and 0 indicators.
Presolve time = 0.01 sec. (5.78 ticks)
Probing fixed 86 vars, tightened 5 bounds.
Probing time = 0.00 sec. (1.46 ticks)
Cover probing fixed 0 vars, tightened 47 bounds.
Tried aggregator 1 time.
MIP Presolve eliminated 105 rows and 105 columns.
MIP Presolve modified 92 coefficients.
Reduced MIP has 447 rows, 517 columns, and 1840 nonzeros.
Reduced MIP has 417 binaries, 67 generals, 0 SOSs, and 0 indicators.
Presolve time = 0.00 sec. (1.72 ticks)
Probing time = 0.00 sec. (1.00 ticks)
Tried aggregator 1 time.
Detecting symmetries...
MIP Presolve modified 148 coefficients.
Reduced MIP has 447 rows, 517 columns, and 1840 nonzeros.
Reduced MIP has 417 binaries, 67 generals, 0 SOSs, and 0 indicators.
Presolve time = 0.00 sec. (1.28 ticks)
Probing time = 0.00 sec. (1.00 ticks)
Clique table members: 1381.
MIP emphasis: balance optimality and feasibility.
MIP search method: dynamic search.
Parallel mode: none, using 1 thread.
Root relaxation solution time = 0.00 sec. (3.54 ticks)

        Nodes                                         Cuts/
   Node  Left     Objective  IInf  Best Integer    Best Bound    ItCnt     Gap

*     0+    0                           -0.8244      655.4856              --- 
      0     0      545.2073   133       -0.8244      545.2073      330     --- 
      0     0      529.3267   133       -0.8244     Cuts: 211      650     --- 
      0     0      523.0957   133       -0.8244     Cuts: 188      912     --- 
      0     0      521.2934   133       -0.8244      Cuts: 97     1049     --- 
      0     0      519.4422   133       -0.8244     Cuts: 114     1133     --- 
      0     0      518.1493   133       -0.8244      Cuts: 99     1227     --- 
Detecting symmetries...
      0     0      517.1813   133       -0.8244     Cuts: 145     1356     --- 
      0     0      516.5861   133       -0.8244      Cuts: 87     1453     --- 
      0     0      515.9622   133       -0.8244     Cuts: 102     1544     --- 
      0     0      515.3021   133       -0.8244      Cuts: 71     1635     --- 
      0     0      515.1651   133       -0.8244      Cuts: 79     1692     --- 
      0     0      515.0595   133       -0.8244      Cuts: 36     1789     --- 
      0     0      514.9080   133       -0.8244      Cuts: 82     1971     --- 
      0     0      514.2846   133       -0.8244      Cuts: 93     2081     --- 
      0     0      513.7956   133       -0.8244      Cuts: 94     2209     --- 
      0     0      513.0336   133       -0.8244     Cuts: 110     2282     --- 
      0     0      512.9450   133       -0.8244      Cuts: 69     2343     --- 
      0     0      512.8323   133       -0.8244     Cuts: 104     2396     --- 
      0     0      511.3748   133       -0.8244      Cuts: 50     2500     --- 
      0     0      510.7512   133       -0.8244     Cuts: 111     2633     --- 
      0     0      510.6558   133       -0.8244      Cuts: 95     2748     --- 
      0     0      509.3804   133       -0.8244     Cuts: 115     2886     --- 
*     0+    0                           17.0844      509.3804              --- 
*     0+    0                          249.3739      509.3804           104.26%
      0     0        cutoff            249.3739      509.3804     2886  104.26%
      0     0      508.7008   133      249.3739     Cuts: 110     2962  103.99%
      0     0      508.3786   133      249.3739     Cuts: 118     3039  103.86%
      0     0      507.8983   133      249.3739      Cuts: 59     3115  103.67%
      0     0      507.8112   133      249.3739      Cuts: 56     3180  103.63%
*     0+    0                          437.3040      507.8112            16.12%
*     0+    0                          437.3041      507.8112            16.12%
*     0+    0                          437.3049      507.8112            16.12%
*     0+    0                          438.9739      507.8112            15.68%
*     0+    0                          438.9750      507.8112            15.68%
      0     0        cutoff            438.9750      507.8112     3180   15.68%
Detecting symmetries...
      0     2      507.8112   146      438.9750      507.8112     3180   15.68%
Elapsed time = 0.30 sec. (273.97 ticks, tree = 0.01 MB, solutions = 7)
*    20+   20                          464.1175      507.8112             9.41%
*    70+   55                          476.8644      507.8093             6.49%
*    80+   63                          476.8650      507.8093             6.49%
*    80+   63                          476.8651      507.8093             6.49%
*    87    65      integral     0      476.8661      507.8093     5750    6.49%
*   230+  179                          477.0533      506.8254             6.24%
    233   184      505.9063   102      477.0533      506.8254     9576    6.24%
*   330+  243                          478.5392      506.6357             5.87%
*   340+  248                          478.6070      506.6357             5.86%
*   440+  333                          478.8409      506.1859             5.71%
    492   379      506.1820    85      478.8409      506.1855    15502    5.71%
*   580+  449                          478.8411      506.1848             5.71%
*   589   457      integral     0      478.8415      506.1848    16682    5.71%
*   689+  523                          478.8433      506.1840             5.71%
    824   627      495.2651    40      478.8433      506.1138    20611    5.70%

Performing restart 1

Repeating presolve.
Tried aggregator 1 time.
MIP Presolve modified 219 coefficients.
Reduced MIP has 447 rows, 517 columns, and 1703 nonzeros.
Reduced MIP has 417 binaries, 67 generals, 0 SOSs, and 0 indicators.
Presolve time = 0.00 sec. (1.49 ticks)
Tried aggregator 1 time.
Reduced MIP has 447 rows, 517 columns, and 1703 nonzeros.
Reduced MIP has 417 binaries, 67 generals, 0 SOSs, and 0 indicators.
Presolve time = 0.00 sec. (1.25 ticks)
Represolve time = 0.01 sec. (9.31 ticks)
   1028     0      507.5237   142      478.8433      Cuts: 88    25972    5.69%
   1028     0      504.7663   142      478.8433     Cuts: 103    26155    5.41%
   1028     0      503.3359   142      478.8433     Cuts: 113    26392    5.11%
   1028     0      502.9210   142      478.8433      Cuts: 95    26580    5.03%
   1028     0      502.0293   142      478.8433     Cuts: 107    26675    4.84%
   1028     0      500.5129   142      478.8433      Cuts: 90    26826    4.53%
   1028     0      500.2634   142      478.8433     Cuts: 103    26922    4.47%
   1028     0      500.1697   142      478.8433      Cuts: 92    26988    4.45%
   1028     0      500.0466   142      478.8433      Cuts: 70    27056    4.43%
   1028     0      499.6426   142      478.8433      Cuts: 62    27175    4.34%
   1028     0      498.9973   142      478.8433      Cuts: 64    27245    4.21%
   1028     0      498.0561   142      478.8433      Cuts: 68    27342    4.01%
   1028     0      494.4084   142      478.8433      Cuts: 63    27463    3.25%
   1028     0      494.0509   142      478.8433     Cuts: 140    27588    3.18%
   1028     0      493.8670   142      478.8433      Cuts: 95    27665    3.14%
   1028     0      492.4660   142      478.8433      Cuts: 82    27849    2.84%
   1028     0      491.6152   142      478.8433      Cuts: 98    27948    2.67%
   1028     0      491.5417   142      478.8433      Cuts: 71    28000    2.65%
   1028     0      491.3432   142      478.8433      Cuts: 68    28052    2.61%
   1028     0      490.7446   142      478.8433      Cuts: 37    28131    2.49%
   1028     0      490.7231   142      478.8433      Cuts: 53    28179    2.48%
   1028     0      490.5843   142      478.8433      Cuts: 43    28236    2.45%
   1028     0      490.3829   142      478.8433      Cuts: 29    28291    2.41%
   1028     0      490.2842   142      478.8433      Cuts: 54    28338    2.39%
   1028     0      490.2698   142      478.8433      Cuts: 43    28403    2.39%
   1028     0      490.2558   142      478.8433      Cuts: 44    28442    2.38%
   1028     0      490.1471   142      478.8433      Cuts: 43    28505    2.36%
   1028     0      490.1296   142      478.8433      Cuts: 49    28538    2.36%
*  1028+    0                          478.8433      490.1296             2.36%
   1028     2      490.0499   143      478.8433      490.0437    28538    2.34%
   1044     5      484.5225    94      478.8433      484.7845    29395    1.24%

GUB cover cuts applied:  3
Clique cuts applied:  38
Cover cuts applied:  1
Implied bound cuts applied:  14
Flow cuts applied:  10
Mixed integer rounding cuts applied:  44
Zero-half cuts applied:  23
Lift and project cuts applied:  10
Gomory fractional cuts applied:  2

Root node processing (before b&c):
  Real time             =    0.30 sec. (274.12 ticks)
Sequential b&c:
  Real time             =    2.22 sec. (2319.62 ticks)
                          ------------
Total (root+branch&cut) =    2.52 sec. (2593.74 ticks)

Solution pool: 21 solutions saved.

MIP - Integer optimal, tolerance (0.0001/1e-06):  Objective =  4.7884332420e+02
Current MIP best bound =  4.7885306753e+02 (gap = 0.00974332, 0.00%)
Solution time =    2.52 sec.  Iterations = 30713  Nodes = 1086 (21)
Deterministic time = 2593.74 ticks  (1029.64 ticks/sec)


Incumbent solution
Variable Name           Solution Value
F                           520.000000
f1                            0.876676
f2                           40.280000
y22                           1.000000
y64                           1.000000
y68                           1.000000
y44                           1.000000
y168                          1.000000
y73                           1.000000
y175                          1.000000
y189                          1.000000
y158                          1.000000
y87                           1.000000
y41                           1.000000
y38                           1.000000
y137                          1.000000
y142                          1.000000
y20                           1.000000
y34                           1.000000
y51                           1.000000
y91                           1.000000
s81                           3.280000
s22                           4.186049
s64                           3.875540
s3                            3.520000
s68                           3.850159
s136                          3.620000
s44                           4.137644
s92                           3.680000
s168                          4.505423
s78                           3.800000
s99                           3.800000
s73                           4.356738
s175                          4.966142
s115                          4.110000
s128                          4.190000
s189                          4.778748
s156                          4.270000
s158                          5.156490
s75                           4.390000
s167                          4.400000
s85                           4.430000
s87                           5.096126
s41                           5.507158
s98                           4.940000
s8                            5.000000
s38                           5.245527
s137                          5.636579
s162                          5.110000
s142                          5.457155
s20                           5.610597
s34                           5.183492
s51                           5.997313
s91                           5.850000
x106x73x1                     1.000000
x106x189x1                    1.000000
x111x189x1                    1.000000
x10x34x1                      1.000000
x148x38x1                     2.000000
x108x20x1                     1.000000
x32x87x1                      1.000000
x111x168x2                    1.000000
x10x175x2                     1.000000
x108x158x2                    1.000000
x32x158x2                     1.000000
x144x64x2                     2.000000
x40x44x2                      1.000000
x27x68x2                      1.000000
x105x175x3                    1.000000
x105x87x3                     1.000000
x40x44x3                      1.000000
x173x22x3                     1.000000
x173x73x3                     1.000000
x107x22x3                     1.000000
x107x168x3                    1.000000
x27x68x3                      1.000000
x22x41x3                      2.000000
x64x91x2                      2.000000
x68x142x2                     1.000000
x68x34x3                      1.000000
x44x142x2                     1.000000
x44x137x3                     1.000000
x168x51x2                     1.000000
x168x51x3                     1.000000
x73x20x1                      1.000000
x73x137x3                     1.000000
x175x0x2                      1.000000
x175x0x3                      1.000000
x189x0x1                      2.000000
x158x0x2                      2.000000
x87x0x1                       1.000000
x87x0x3                       1.000000
x41x0x3                       2.000000
x38x0x1                       2.000000
x137x0x3                      2.000000
x142x0x2                      2.000000
x20x0x1                       2.000000
x34x0x1                       1.000000
x34x0x3                       1.000000
x51x0x2                       1.000000
x51x0x3                       1.000000
x91x0x2                       2.000000
s106                          2.915409
z106z73z1                     1.000000
z106z189z1                    1.000000
z106z38z1                     1.000000
z106z20z1                     1.000000
s111                          3.377990
z111z168z2                    1.000000
z111z189z1                    1.000000
z111z20z1                     1.000000
z111z91z2                     1.000000
s10                           3.668895
z10z175z2                     1.000000
z10z34z1                      1.000000
z10z91z2                      1.000000
s105                          3.748071
z105z175z3                    1.000000
z105z87z3                     1.000000
s148                          3.745089
z148z38z1                     1.000000
s108                          3.820482
z108z158z2                    1.000000
z108z20z1                     1.000000
z108z91z2                     1.000000
s32                           3.636304
z32z158z2                     1.000000
z32z87z1                      1.000000
z32z142z2                     1.000000
z32z20z1                      1.000000
z32z91z2                      1.000000
s144                          2.596270
z144z64z2                     1.000000
z144z98z2                     1.000000
z144z8z2                      1.000000
z144z142z2                    1.000000
z144z91z2                     1.000000
s40                           2.684100
z40z44z2                      1.000000
z40z44z3                      1.000000
z40z85z3                      1.000000
z40z41z3                      1.000000
z40z98z2                      1.000000
z40z8z2                       1.000000
z40z137z3                     1.000000
z40z142z2                     1.000000
z40z91z2                      1.000000
s173                          2.697450
z173z22z3                     1.000000
z173z73z3                     1.000000
z173z85z3                     1.000000
z173z41z3                     1.000000
z173z137z3                    1.000000
s107                          2.689540
z107z22z3                     1.000000
z107z168z3                    1.000000
z107z41z3                     1.000000
z107z137z3                    1.000000
s27                           2.442650
z27z68z2                      1.000000
z27z68z3                      1.000000
z27z85z3                      1.000000
z27z41z3                      1.000000
z27z98z2                      1.000000
z27z8z2                       1.000000
z27z137z3                     1.000000
z27z142z2                     1.000000
z27z91z2                      1.000000
z22z41z3                      1.000000
z64z91z2                      1.000000
z68z142z2                     1.000000
z68z34z3                      1.000000
z44z137z3                     1.000000
z44z142z2                     1.000000
z92z91z2                      1.000000
z168z51z2                     1.000000
z168z51z3                     1.000000
z78z91z2                      1.000000
z73z137z3                     1.000000
z73z20z1                      1.000000
All other variables in the range 1-1058 are 0.
