
Log started (V12.10.0.0) Fri Apr  9 07:38:30 2021


Problem 'asset.lp' read.
Read time = 0.01 sec. (0.21 ticks)
New value for default parallel thread count: 1
New value for time limit in seconds: 150
Version identifier: 12.10.0.0 | 2019-11-26 | 843d4de
CPXPARAM_Threads                                 1
CPXPARAM_TimeLimit                               150
Found incumbent of value 0.000000 after 0.00 sec. (0.06 ticks)
Tried aggregator 3 times.
MIP Presolve eliminated 453 rows and 172 columns.
MIP Presolve modified 1826 coefficients.
Aggregator did 709 substitutions.
Reduced MIP has 820 rows, 1025 columns, and 4421 nonzeros.
Reduced MIP has 897 binaries, 95 generals, 0 SOSs, and 0 indicators.
Presolve time = 0.02 sec. (9.46 ticks)
Probing fixed 83 vars, tightened 6 bounds.
Probing time = 0.01 sec. (3.42 ticks)
Cover probing fixed 0 vars, tightened 35 bounds.
Tried aggregator 1 time.
Detecting symmetries...
MIP Presolve eliminated 101 rows and 98 columns.
MIP Presolve modified 256 coefficients.
Reduced MIP has 719 rows, 927 columns, and 3802 nonzeros.
Reduced MIP has 805 binaries, 89 generals, 0 SOSs, and 0 indicators.
Presolve time = 0.00 sec. (3.80 ticks)
Probing time = 0.00 sec. (2.44 ticks)
Clique table members: 2566.
MIP emphasis: balance optimality and feasibility.
MIP search method: dynamic search.
Parallel mode: none, using 1 thread.
Root relaxation solution time = 0.02 sec. (21.17 ticks)

        Nodes                                         Cuts/
   Node  Left     Objective  IInf  Best Integer    Best Bound    ItCnt     Gap

*     0+    0                            0.0000      315.0000              --- 
      0     0      266.3880   176        0.0000      266.3880      646     --- 
      0     0      257.0432   176        0.0000     Cuts: 279     1073     --- 
      0     0      253.6284   176        0.0000     Cuts: 279     1703     --- 
      0     0      252.4582   176        0.0000     Cuts: 279     1994     --- 
      0     0      251.4254   176        0.0000     Cuts: 245     2127     --- 
*     0+    0                           33.0000      251.4254           661.90%
      0     0        cutoff             33.0000      251.4254     2127  661.90%
      0     0      251.0940   176       33.0000     Cuts: 154     2280  660.89%
      0     0      250.4470   176       33.0000     Cuts: 218     2553  658.93%
      0     0      248.0844   176       33.0000     Cuts: 272     2817  651.77%
      0     0      247.0714   176       33.0000     Cuts: 218     3042  648.70%
      0     0      246.6034   176       33.0000     Cuts: 203     3243  647.28%
      0     0      245.9526   176       33.0000     Cuts: 208     3438  645.31%
      0     0      245.6797   176       33.0000     Cuts: 173     3675  644.48%
      0     0      245.4444   176       33.0000     Cuts: 164     3848  643.77%
      0     0      244.9213   176       33.0000     Cuts: 160     4144  642.19%
      0     0      244.8802   176       33.0000     Cuts: 239     4393  642.06%
      0     0      244.8322   176       33.0000     Cuts: 188     4638  641.92%
      0     0      244.7532   176       33.0000     Cuts: 180     4934  641.68%
      0     0      244.6031   176       33.0000     Cuts: 213     5154  641.22%
*     0+    0                           54.0000      244.6031           352.97%
      0     0      244.1868   176       54.0000     Cuts: 153     5372  352.20%
      0     0      244.1275   176       54.0000     Cuts: 212     5578  352.09%
      0     0      244.0323   176       54.0000     Cuts: 195     5964  351.91%
      0     0      243.8267   176       54.0000     Cuts: 279     6575  351.53%
*     0+    0                           57.0000      243.8267           327.77%
      0     0        cutoff             57.0000      243.8267     6575  327.77%
      0     0      243.6407   176       57.0000     Cuts: 279     7132  327.44%
      0     0      243.5635   176       57.0000     Cuts: 279     7537  327.30%
      0     0      243.1895   176       57.0000     Cuts: 222     7681  326.65%
      0     0      243.0116   176       57.0000     Cuts: 180     7838  326.34%
      0     0      242.9008   176       57.0000     Cuts: 148     8045  326.14%
      0     0      242.8541   176       57.0000     Cuts: 238     8195  326.06%
      0     0      242.6892   176       57.0000      Cuts: 77     8315  325.77%
      0     0      242.5703   176       57.0000     Cuts: 216     8625  325.56%
      0     0      242.4590   176       57.0000     Cuts: 269     8820  325.37%
      0     0      242.3701   176       57.0000     Cuts: 144     8940  325.21%
      0     0      242.2812   176       57.0000     Cuts: 219     9140  325.05%
      0     0      242.0417   176       57.0000     Cuts: 229     9492  324.63%
      0     0      241.9128   176       57.0000     Cuts: 229     9735  324.41%
      0     0      241.7925   176       57.0000     Cuts: 248     9951  324.20%
      0     0      241.6983   176       57.0000     Cuts: 148    10308  324.03%
      0     0      241.6603   176       57.0000     Cuts: 184    10439  323.97%
      0     2      241.6603   178       57.0000      241.6603    10439  323.97%
Elapsed time = 1.21 sec. (1234.83 ticks, tree = 0.01 MB, solutions = 3)
     43    45      226.0373   130       57.0000      241.6603    14189  323.97%
    177   156      208.3578    76       57.0000      241.5483    20569  323.77%
    270   224      224.8629   165       57.0000      241.3039    26139  323.34%
*   390+  338                          147.0000      241.3039            64.15%
    400   347      233.8525   177      147.0000      241.3039    31817   64.15%
    473   420      183.0000    83      147.0000      241.3039    37090   64.15%
*   490+  418                          156.0000      241.3039            54.68%
    557   481      217.5000    79      156.0000      241.2828    41151   54.67%

Performing restart 1

Repeating presolve.
Tried aggregator 1 time.
MIP Presolve eliminated 2 rows and 2 columns.
MIP Presolve modified 832 coefficients.
Reduced MIP has 717 rows, 925 columns, and 3264 nonzeros.
Reduced MIP has 803 binaries, 89 generals, 0 SOSs, and 0 indicators.
Presolve time = 0.00 sec. (3.07 ticks)
Tried aggregator 1 time.
Reduced MIP has 717 rows, 925 columns, and 3264 nonzeros.
Reduced MIP has 803 binaries, 89 generals, 0 SOSs, and 0 indicators.
Presolve time = 0.00 sec. (2.53 ticks)
Represolve time = 0.03 sec. (21.38 ticks)
    600     0      237.4266   218      156.0000     Cuts: 231    45119   52.20%
    600     0      235.3653   218      156.0000     Cuts: 209    45741   50.88%
    600     0      234.1893   218      156.0000     Cuts: 180    46022   50.12%
    600     0      233.5944   218      156.0000     Cuts: 141    46321   49.74%
    600     0      233.0423   218      156.0000     Cuts: 176    46519   49.39%
    600     0      232.7205   218      156.0000     Cuts: 111    46732   49.18%
    600     0      232.0463   218      156.0000     Cuts: 120    47146   48.75%
    600     0      231.6923   218      156.0000     Cuts: 142    47309   48.52%
*   600+    0                          162.0000      231.6923            43.02%
    600     0        cutoff            162.0000      231.6923    47309   43.02%
    600     0      231.1413   218      162.0000     Cuts: 111    47519   42.68%
    600     0      230.6052   218      162.0000     Cuts: 125    47757   42.35%
    600     0      230.3151   218      162.0000      Cuts: 99    47934   42.17%
    600     0      229.9813   218      162.0000      Cuts: 89    48175   41.96%
    600     0      229.5968   218      162.0000      Cuts: 74    48462   41.73%
    600     0      229.1849   218      162.0000     Cuts: 113    48765   41.47%
    600     0      228.8560   218      162.0000      Cuts: 99    48993   41.27%
    600     0      228.7367   218      162.0000      Cuts: 98    49097   41.20%
    600     0      228.5795   218      162.0000      Cuts: 81    49357   41.10%
    600     0      228.4007   218      162.0000     Cuts: 105    49566   40.99%
    600     0      228.3056   218      162.0000      Cuts: 65    49769   40.93%
    600     0      227.9094   218      162.0000      Cuts: 98    49956   40.68%
    600     0      227.4949   218      162.0000      Cuts: 88    50239   40.43%
    600     0      227.4432   218      162.0000     Cuts: 112    50416   40.40%
    600     0      227.4188   218      162.0000      Cuts: 93    50507   40.38%
    600     0      227.3538   218      162.0000      Cuts: 39    50804   40.34%
    600     0      227.2655   218      162.0000     Cuts: 107    50942   40.29%
    600     0      227.2505   218      162.0000      Cuts: 40    51049   40.28%
    600     0      227.1575   218      162.0000      Cuts: 57    51116   40.22%
    600     0      226.9088   218      162.0000      Cuts: 88    51234   40.07%
    600     0      226.8290   218      162.0000      Cuts: 61    51324   40.02%
    600     0      226.8037   218      162.0000      Cuts: 88    51397   40.00%
    600     0      226.7639   218      162.0000      Cuts: 59    51496   39.98%
    600     2      226.7639   223      162.0000      226.7472    51496   39.97%
    603     5      214.8656   175      162.0000      226.4071    52947   39.76%
    607     9      214.3464   148      162.0000      226.4071    54876   39.76%
    638    38      208.6689   116      162.0000      226.4071    60326   39.76%
Elapsed time = 7.80 sec. (8489.69 ticks, tree = 0.17 MB, solutions = 6)
    728   104    infeasible            162.0000      224.3905    73092   38.51%
    880   225      224.0919   199      162.0000      224.0918    83135   38.33%
*   970+  284                          171.0000      224.0487            31.02%
   1003   311      217.8013   182      171.0000      222.4036    94938   30.06%
   1153   440      189.7899    85      171.0000      222.2747   105511   29.99%
   1317   570      215.9245   176      171.0000      221.5050   114517   29.54%
   1465   692      212.9297   170      171.0000      221.2036   124593   29.36%
   1644   855      186.6247   101      171.0000      220.9955   134887   29.24%
   1806   995        cutoff            171.0000      220.8906   146094   29.18%
   1962  1127      218.3398   192      171.0000      220.8355   156793   29.14%
   2135  1278      191.7247   104      171.0000      220.8180   169351   29.13%
Elapsed time = 15.46 sec. (18289.72 ticks, tree = 6.51 MB, solutions = 7)
   2294  1411      185.2638   118      171.0000      220.5350   181026   28.97%
   2453  1546      206.3392   121      171.0000      220.3641   193169   28.87%
   2617  1681      211.4763   162      171.0000      220.2159   203984   28.78%
   2804  1840      185.4530    49      171.0000      219.9802   214746   28.64%
   2915  1929      206.8680   145      171.0000      219.6553   225125   28.45%
   3049  2037      195.5851    98      171.0000      219.3377   236951   28.27%
   3176  2140      192.4938   112      171.0000      218.8951   248540   28.01%
   3285  2229      209.2646   164      171.0000      218.7327   259108   27.91%
   3452  2369      201.5127   101      171.0000      218.4982   270604   27.78%
   3609  2504      190.7387    88      171.0000      218.4378   282997   27.74%
Elapsed time = 23.12 sec. (27884.85 ticks, tree = 13.66 MB, solutions = 7)
   3783  2644      214.1198   175      171.0000      218.1998   294117   27.60%
   3997  2818      205.8489   153      171.0000      217.7976   305624   27.37%
   4138  2936      203.6250   113      171.0000      217.7816   316505   27.36%
   4334  3097      201.1971   142      171.0000      217.7022   327307   27.31%
   4529  3268      184.4319    74      171.0000      217.4206   338431   27.15%
   4714  3419      198.4381   178      171.0000      217.3092   349404   27.08%
   4892  3570      213.1865   180      171.0000      217.2455   362939   27.04%
   5075  3727      211.4794   135      171.0000      217.1299   374940   26.98%
   5257  3877    infeasible            171.0000      216.9605   386239   26.88%
*  5274  3774      integral     0      174.0000      216.9605   386528   24.69%
   5418  3897      213.2039   170      174.0000      216.8227   397367   24.61%
Elapsed time = 30.89 sec. (37610.98 ticks, tree = 23.27 MB, solutions = 8)
   5601  4056      213.6646   192      174.0000      216.6724   409592   24.52%
   5757  4190      209.6727   139      174.0000      216.6342   421285   24.50%
   5869  4281      213.4274   186      174.0000      216.5317   432257   24.44%
*  5975  4223      integral     0      177.0000      216.4917   438554   22.31%
   6046  4282      206.8219   132      177.0000      216.4553   443402   22.29%
   6225  4433      196.6611   148      177.0000      216.3862   454007   22.25%
   6435  4606      182.2768    36      177.0000      216.2953   465323   22.20%
   6536  4679      192.3086    98      177.0000      216.2771   475651   22.19%
   6699  4814      206.6152   171      177.0000      216.2043   486180   22.15%
   6844  4937      192.0797   117      177.0000      216.0971   497925   22.09%
   7010  5073      210.9869   173      177.0000      215.9970   509661   22.03%
Elapsed time = 38.59 sec. (47286.34 ticks, tree = 30.63 MB, solutions = 9)
   7205  5240      207.6600   173      177.0000      215.9134   522300   21.98%
   7397  5406      205.1993   164      177.0000      215.7633   535088   21.90%
   7550  5524      214.2863   168      177.0000      215.6832   547914   21.85%
   7749  5700      181.6168    59      177.0000      215.5263   560255   21.77%
   7949  5873      200.8466   114      177.0000      215.4686   572143   21.73%
*  8042  5677      integral     0      180.0000      215.4217   578842   19.68%
   8137  5762      207.8488   154      180.0000      215.3583   585321   19.64%
   8327  5932      198.1889   100      180.0000      215.2895   598536   19.61%
   8485  6061      196.0810   104      180.0000      215.1945   611307   19.55%
   8676  6221      204.0966   171      180.0000      215.1694   621985   19.54%
   8804  6324      208.7786   166      180.0000      215.1488   632509   19.53%
Elapsed time = 46.28 sec. (56888.38 ticks, tree = 38.83 MB, solutions = 10)
   8974  6467      193.3695    96      180.0000      215.0715   643449   19.48%
   9132  6596      206.7315   152      180.0000      214.9817   654455   19.43%
   9289  6731      198.2538   134      180.0000      214.9420   666325   19.41%
   9443  6866      211.2997   158      180.0000      214.8653   677463   19.37%
   9539  6954      188.1922   103      180.0000      214.8243   688652   19.35%
   9654  7050      187.4080    65      180.0000      214.7870   698848   19.33%
   9839  7209      211.8997   199      180.0000      214.7050   709840   19.28%
   9972  7322      200.2911   159      180.0000      214.6854   722484   19.27%
  10098  7430      198.7395   160      180.0000      214.6648   734246   19.26%
  10285  7591      194.9065   126      180.0000      214.5608   747164   19.20%
Elapsed time = 54.05 sec. (66527.85 ticks, tree = 46.83 MB, solutions = 10)
  10464  7739      191.2068   109      180.0000      214.4519   759175   19.14%
  10605  7860      196.8586   120      180.0000      214.3698   770635   19.09%
  10783  8005      201.7131   143      180.0000      214.3124   783063   19.06%
  10927  8123      198.6071   120      180.0000      214.2720   795490   19.04%
  11098  8272      193.3904    99      180.0000      214.2425   807801   19.02%
  11238  8388      205.9258   153      180.0000      214.1881   819539   18.99%
* 11300+ 7790                          183.0000      214.1650            17.03%
* 11301+ 7052                          186.0000      214.1650            15.14%
  11301  7054      210.1364   167      186.0000      214.1608   825019   15.14%
  11302  7055      204.2115   184      186.0000      214.1571   825401   15.14%
  11421  7153      198.0579   142      186.0000      214.1171   837694   15.12%
  11561  7253      203.8236   143      186.0000      214.0606   849524   15.09%
Elapsed time = 74.58 sec. (89703.40 ticks, tree = 46.27 MB, solutions = 12)
  11712  7372      210.8194   192      186.0000      214.0203   860928   15.06%
  11841  7480      195.6975    76      186.0000      213.9884   871615   15.05%
  11985  7592      205.7906   134      186.0000      213.9672   883220   15.04%
  12113  7693      203.9426   138      186.0000      213.9422   894864   15.02%
  12228  7788      200.9338   150      186.0000      213.9261   905717   15.01%
  12359  7894      210.9201   190      186.0000      213.8302   917010   14.96%
  12508  8011      210.9000   124      186.0000      213.7645   928084   14.93%
  12624  8101      209.9164   155      186.0000      213.7172   938913   14.90%
  12752  8204      207.6194   137      186.0000      213.6819   949630   14.88%
  12876  8295      193.3380    96      186.0000      213.6534   961045   14.87%
Elapsed time = 81.53 sec. (99448.23 ticks, tree = 52.04 MB, solutions = 12)
  13035  8424      203.0999   149      186.0000      213.6113   972658   14.84%
  13143  8503      203.2754   141      186.0000      213.5885   984608   14.83%
  13285  8618      196.6152   153      186.0000      213.5232   997405   14.80%
  13415  8719      212.9600   194      186.0000      213.4735  1008855   14.77%
  13555  8825      206.9838   190      186.0000      213.4005  1020755   14.73%
  13705  8952      193.9220   126      186.0000      213.3750  1032664   14.72%
  13846  9062      201.6563   144      186.0000      213.3467  1044513   14.70%
  13998  9175      202.8476   153      186.0000      213.2597  1056939   14.66%
  14111  9263      211.0726   172      186.0000      213.2332  1069357   14.64%
  14623  9668      210.7751   180      186.0000      213.1106  1116582   14.58%
Elapsed time = 90.46 sec. (111930.97 ticks, tree = 63.28 MB, solutions = 12)
  15084 10021      205.1277   159      186.0000      213.0106  1159246   14.52%
  15587 10433      209.4530   176      186.0000      212.8698  1204207   14.45%
  16107 10866      194.4428    97      186.0000      212.7894  1248632   14.40%
  16704 11338      210.5210   168      186.0000      212.6273  1295657   14.32%
  17283 11800      194.6527   141      186.0000      212.5212  1344405   14.26%
  17847 12252      199.4452   143      186.0000      212.4030  1395040   14.20%
  18410 12710      203.2128   145      186.0000      212.2865  1439604   14.13%
  18908 13098      198.6061   124      186.0000      212.1767  1482545   14.07%
  19433 13504      204.0027   152      186.0000      212.0548  1526019   14.01%
  19936 13887      206.8354   181      186.0000      211.9500  1570009   13.95%
Elapsed time = 117.85 sec. (150213.00 ticks, tree = 96.55 MB, solutions = 12)
  20418 14247    infeasible            186.0000      211.8805  1614446   13.91%
  20926 14637      209.7329   168      186.0000      211.7854  1659748   13.86%
  21464 15050      190.8001    92      186.0000      211.6996  1707666   13.82%
  22028 15481      198.5934    93      186.0000      211.6144  1754376   13.77%

Performing restart 2

Repeating presolve.
Tried aggregator 1 time.
MIP Presolve eliminated 28 rows and 0 columns.
Reduced MIP has 689 rows, 925 columns, and 7202 nonzeros.
Reduced MIP has 803 binaries, 89 generals, 0 SOSs, and 0 indicators.
Presolve time = 0.00 sec. (4.09 ticks)
Tried aggregator 1 time.
Reduced MIP has 689 rows, 925 columns, and 7202 nonzeros.
Reduced MIP has 803 binaries, 89 generals, 0 SOSs, and 0 indicators.
Presolve time = 0.01 sec. (4.33 ticks)
Represolve time = 0.07 sec. (50.46 ticks)
  22222     0      226.3734   259      186.0000      Cuts: 53  1772172   13.76%
  22222     0      226.3439   259      186.0000      Cuts: 50  1772260   13.76%
  22222     0      226.1648   259      186.0000      Cuts: 62  1772480   13.76%
  22222     0      226.0312   259      186.0000      Cuts: 88  1772674   13.76%
  22222     0      225.9495   259      186.0000     Cuts: 108  1772816   13.76%
  22222     0      225.8938   259      186.0000      Cuts: 76  1773069   13.76%
  22222     0      225.7927   259      186.0000      Cuts: 83  1773341   13.76%
  22222     0      225.4692   259      186.0000      Cuts: 90  1773642   13.76%
  22222     0      225.3065   259      186.0000     Cuts: 136  1774020   13.76%
  22222     0      225.2738   259      186.0000     Cuts: 119  1774264   13.76%
  22222     2      225.2738   232      186.0000      211.5943  1774264   13.76%
Starting limited solution polishing.
  22328    90      218.8607   145      186.0000      211.5943  1789612   13.76%
  22482   210      194.6004   101      186.0000      211.5943  1810598   13.76%
  22836   496      213.4799   163      186.0000      211.5943  1851121   13.76%
  23208   803      206.3806   131      186.0000      211.5943  1899556   13.76%
  23622  1155      191.9773    74      186.0000      211.5943  1947844   13.76%
Elapsed time = 146.50 sec. (189867.20 ticks, tree = 0.92 MB, solutions = 12)
  24098  1534      201.9307   128      186.0000      211.5943  2005621   13.76%

GUB cover cuts applied:  43
Clique cuts applied:  98
Cover cuts applied:  22
Implied bound cuts applied:  24
Flow cuts applied:  12
Mixed integer rounding cuts applied:  76
Zero-half cuts applied:  78
Lift and project cuts applied:  41
Gomory fractional cuts applied:  1

Root node processing (before b&c):
  Real time             =    1.20 sec. (1232.82 ticks)
Sequential b&c:
  Real time             =  148.80 sec. (193334.90 ticks)
                          ------------
Total (root+branch&cut) =  150.00 sec. (194567.73 ticks)

Solution pool: 13 solutions saved.

MIP - Time limit exceeded, integer feasible:  Objective =  1.8600000000e+02
Current MIP best bound =  2.1159434337e+02 (gap = 25.5943, 13.76%)
Solution time =  150.00 sec.  Iterations = 2019563  Nodes = 24216 (1635)
Deterministic time = 194567.73 ticks  (1297.11 ticks/sec)


Incumbent solution
Variable Name           Solution Value
F                           186.000000
y18                           1.000000
y35                           1.000000
y37                           1.000000
y47                           1.000000
y49                           1.000000
y51                           1.000000
y59                           1.000000
y63                           1.000000
y86                           1.000000
y104                          1.000000
y117                          1.000000
y121                          1.000000
y124                          1.000000
y139                          1.000000
y146                          1.000000
y159                          1.000000
y171                          1.000000
y172                          1.000000
y184                          1.000000
x48x63x1                      1.000000
x122x171x1                    1.000000
x122x172x1                    1.000000
x177x172x1                    1.000000
x31x124x2                     2.000000
x103x159x2                    1.000000
x141x86x2                     2.000000
x177x159x2                    1.000000
x48x49x3                      1.000000
x57x47x3                      1.000000
x91x47x3                      1.000000
x103x184x3                    1.000000
x176x171x3                    1.000000
x176x184x3                    1.000000
x121x18x1                     1.000000
x172x18x1                     1.000000
x18x0x1                       2.000000
x49x35x3                      1.000000
x121x35x3                     1.000000
x35x0x3                       2.000000
x124x37x2                     2.000000
x37x59x2                      2.000000
x47x49x3                      1.000000
x47x63x3                      1.000000
x49x146x3                     1.000000
x63x51x1                      1.000000
x172x51x1                     1.000000
x51x0x1                       2.000000
x59x0x2                       2.000000
x63x117x3                     1.000000
x86x117x2                     1.000000
x86x139x2                     1.000000
x159x104x2                    1.000000
x104x0x2                      1.000000
x184x104x3                    1.000000
x104x0x3                      1.000000
x117x0x2                      1.000000
x117x0x3                      1.000000
x171x121x1                    1.000000
x171x121x3                    1.000000
x139x0x2                      1.000000
x184x139x3                    1.000000
x139x0x3                      1.000000
x159x146x2                    1.000000
x146x0x2                      1.000000
x146x0x3                      1.000000
s22                           6.000000
s1                            8.020000
s18                           9.050000
s51                           9.190000
s55                           7.630000
s63                           7.852846
s64                           8.010000
s120                          9.400000
s121                          7.894757
s123                          6.810000
s149                          6.736832
s171                          6.575244
s172                          6.924231
s188                          7.960000
s191                          7.370000
s31                           5.229291
s6                            7.230000
s21                           7.350000
s29                           6.250000
s36                           6.140000
s37                           8.397384
z31z37z2                      1.000000
s59                           9.490000
z31z59z2                      1.000000
s66                           7.270000
s75                           8.950000
z31z75z2                      1.000000
s86                           7.312318
z31z86z2                      1.000000
s99                           6.850000
s104                          8.260000
s108                          6.890000
s117                          9.070000
s124                          6.938386
z31z124z2                     1.000000
s139                          9.180000
s142                          6.800000
s145                          6.300000
s146                          8.980000
s156                          7.710000
s159                          7.039093
s167                          6.000000
s48                           5.578110
z48z1z1                       1.000000
z48z18z1                      1.000000
s35                           9.440000
z48z35z3                      1.000000
s47                           6.500000
s49                           7.559628
z48z49z3                      1.000000
z48z51z1                      1.000000
z48z55z1                      1.000000
z48z63z1                      1.000000
s89                           7.280000
z48z89z3                      1.000000
z48z120z1                     1.000000
s184                          7.193334
s185                          7.270000
s57                           3.627770
z57z35z3                      1.000000
s43                           6.783881
z57z43z3                      1.000000
z57z47z3                      1.000000
z57z49z3                      1.000000
z57z89z3                      1.000000
z57z184z3                     1.000000
z57z185z3                     1.000000
s91                           4.060296
z91z35z3                      1.000000
z91z43z3                      1.000000
z91z47z3                      1.000000
z91z49z3                      1.000000
z91z89z3                      1.000000
z91z184z3                     1.000000
z91z185z3                     1.000000
s103                          5.386247
z103z35z3                     1.000000
z103z37z2                     1.000000
z103z59z2                     1.000000
z103z75z2                     1.000000
z103z89z3                     1.000000
z103z159z2                    1.000000
z103z184z3                    1.000000
s122                          5.243726
z122z1z1                      1.000000
z122z18z1                     1.000000
z122z51z1                     1.000000
z122z55z1                     1.000000
z122z120z1                    1.000000
z122z171z1                    1.000000
z122z172z1                    1.000000
s141                          5.993926
z141z37z2                     1.000000
z141z59z2                     1.000000
z141z75z2                     1.000000
z141z86z2                     1.000000
s176                          4.380555
z176z35z3                     1.000000
z176z49z3                     1.000000
z176z89z3                     1.000000
z176z171z3                    1.000000
z176z184z3                    1.000000
z176z185z3                    1.000000
s177                          5.130177
z177z1z1                      1.000000
z177z18z1                     1.000000
z177z37z2                     1.000000
z177z51z1                     1.000000
z177z55z1                     1.000000
z177z59z2                     1.000000
z177z75z2                     1.000000
z177z120z1                    1.000000
z177z159z2                    1.000000
z177z172z1                    1.000000
s9                            6.000000
z29z59z2                      1.000000
z29z75z2                      1.000000
z36z35z3                      1.000000
z36z59z2                      1.000000
z36z75z2                      1.000000
z37z59z2                      1.000000
z43z35z3                      1.000000
z47z35z3                      1.000000
z47z49z3                      1.000000
z47z63z3                      1.000000
z49z35z3                      1.000000
z49z146z3                     1.000000
z63z51z1                      1.000000
z63z117z3                     1.000000
z86z59z2                      1.000000
z86z75z2                      1.000000
z86z117z2                     1.000000
z86z139z2                     1.000000
z108z59z2                     1.000000
z121z18z1                     1.000000
z121z35z3                     1.000000
z121z120z1                    1.000000
z123z59z2                     1.000000
z123z120z1                    1.000000
z124z37z2                     1.000000
z124z59z2                     1.000000
z124z75z2                     1.000000
z142z59z2                     1.000000
z145z35z3                     1.000000
z145z59z2                     1.000000
z145z75z2                     1.000000
z149z35z3                     1.000000
z149z120z1                    1.000000
z159z59z2                     1.000000
z159z75z2                     1.000000
z159z104z2                    1.000000
z159z146z2                    1.000000
z167z37z2                     1.000000
z167z59z2                     1.000000
z167z75z2                     1.000000
z167z120z1                    1.000000
z171z35z3                     1.000000
z171z120z1                    1.000000
z171z121z1                    1.000000
z171z121z3                    1.000000
z172z18z1                     1.000000
z172z51z1                     1.000000
z172z120z1                    1.000000
z184z35z3                     1.000000
z184z104z3                    1.000000
z184z139z3                    1.000000
z185z35z3                     1.000000
z191z35z3                     1.000000
z191z120z1                    1.000000
All other variables in the range 1-1910 are 0.
