
Log started (V12.10.0.0) Tue Apr 20 04:02:12 2021

Warning, line 619: Name 's75' does not exist.
Warning, line 621: Name 's162' does not exist.
Warning, line 623: Name 's62' does not exist.
Warning, line 624: Name 's282' does not exist.
Warning, line 625: Name 's19' does not exist.

Problem 'asset.lp' read.
Read time = 0.00 sec. (0.04 ticks)
New value for default parallel thread count: 1
New value for time limit in seconds: 200
Version identifier: 12.10.0.0 | 2019-11-26 | 843d4de
CPXPARAM_Threads                                 1
CPXPARAM_TimeLimit                               200
Found incumbent of value 0.000000 after 0.00 sec. (0.01 ticks)
Tried aggregator 6 times.
MIP Presolve eliminated 405 rows and 246 columns.
MIP Presolve added 1 rows and 1 columns.
MIP Presolve modified 293 coefficients.
Aggregator did 49 substitutions.
Reduced MIP has 17 rows, 25 columns, and 51 nonzeros.
Reduced MIP has 22 binaries, 3 generals, 0 SOSs, and 0 indicators.
Presolve time = 0.00 sec. (1.14 ticks)
Probing fixed 0 vars, tightened 2 bounds.
Probing time = 0.00 sec. (0.02 ticks)
Tried aggregator 1 time.
MIP Presolve eliminated 8 rows and 8 columns.
MIP Presolve added 2 rows and 2 columns.
Reduced MIP has 11 rows, 19 columns, and 33 nonzeros.
Reduced MIP has 17 binaries, 2 generals, 0 SOSs, and 0 indicators.
Presolve time = 0.00 sec. (0.04 ticks)
Probing time = 0.00 sec. (0.01 ticks)
Tried aggregator 1 time.
Detecting symmetries...
MIP Presolve eliminated 2 rows and 2 columns.
MIP Presolve added 2 rows and 2 columns.
Reduced MIP has 11 rows, 19 columns, and 33 nonzeros.
Reduced MIP has 17 binaries, 2 generals, 0 SOSs, and 0 indicators.
Presolve time = 0.00 sec. (0.03 ticks)
Probing time = 0.00 sec. (0.01 ticks)
Clique table members: 14.
MIP emphasis: balance optimality and feasibility.
MIP search method: dynamic search.
Parallel mode: none, using 1 thread.
Root relaxation solution time = 0.00 sec. (0.02 ticks)

        Nodes                                         Cuts/
   Node  Left     Objective  IInf  Best Integer    Best Bound    ItCnt     Gap

*     0+    0                            0.0000       65.0000              --- 
*     0     0      integral     0       60.0000       60.0000        0    0.00%
Elapsed time = 0.00 sec. (1.36 ticks, tree = 0.00 MB, solutions = 1)

Root node processing (before b&c):
  Real time             =    0.00 sec. (1.37 ticks)
Sequential b&c:
  Real time             =    0.00 sec. (0.00 ticks)
                          ------------
Total (root+branch&cut) =    0.00 sec. (1.37 ticks)

Solution pool: 2 solutions saved.

MIP - Integer optimal solution:  Objective =  6.0000000000e+01
Solution time =    0.00 sec.  Iterations = 0  Nodes = 0
Deterministic time = 1.37 ticks  (434.68 ticks/sec)


Incumbent solution
Variable Name           Solution Value
F                            60.000000
y64                           1.000000
y269                          1.000000
y209                          1.000000
y287                          1.000000
y1                            1.000000
x230x269x1                    2.000000
x7x209x1                      1.000000
x7x1x1                        1.000000
x77x64x1                      1.000000
x215x287x2                    1.000000
x129x287x2                    1.000000
x77x64x3                      1.000000
x129x209x3                    1.000000
x145x1x3                      1.000000
x64x0x1                       1.000000
x64x0x3                       1.000000
x269x0x1                      2.000000
x209x0x1                      1.000000
x209x0x3                      1.000000
x287x0x2                      2.000000
x1x0x1                        1.000000
x1x0x3                        1.000000
s230                          7.769723
s269                          9.280000
z230z269z1                    1.000000
s209                          9.470000
s1                            9.490000
s7                            7.909689
z7z209z1                      1.000000
z7z1z1                        1.000000
s175                          7.910015
s287                          9.470000
z175z287z2                    1.000000
s215                          6.859030
s25                           8.620000
s30                           7.790000
s80                           7.870000
s48                           7.990000
s133                          8.070000
z215z287z2                    1.000000
s77                           7.482220
s64                           8.989790
z77z64z1                      1.000000
z77z64z3                      1.000000
s250                          8.030000
s186                          7.620180
z186z287z2                    1.000000
s129                          7.797140
z129z209z3                    1.000000
z129z287z2                    1.000000
s145                          7.792660
z145z1z3                      1.000000
s128                          7.933800
z128z287z2                    1.000000
s233                          7.700000
s149                          7.760000
s205                          7.780000
s55                           7.860000
s177                          7.860000
s229                          7.930000
s2                            7.900000
All other variables in the range 1-324 are 0.
