
Log started (V12.10.0.0) Thu Apr 15 18:48:53 2021


Problem 'asset.lp' read.
Read time = 0.01 sec. (0.39 ticks)
New value for default parallel thread count: 1
New value for time limit in seconds: 150
Version identifier: 12.10.0.0 | 2019-11-26 | 843d4de
CPXPARAM_Threads                                 1
CPXPARAM_TimeLimit                               150
Found incumbent of value 0.000000 after 0.00 sec. (0.11 ticks)
Tried aggregator 3 times.
MIP Presolve eliminated 724 rows and 364 columns.
MIP Presolve modified 3408 coefficients.
Aggregator did 1275 substitutions.
Reduced MIP has 1484 rows, 1800 columns, and 7998 nonzeros.
Reduced MIP has 1582 binaries, 169 generals, 0 SOSs, and 0 indicators.
Presolve time = 0.03 sec. (18.54 ticks)
Probing fixed 29 vars, tightened 7 bounds.
Probing time = 0.02 sec. (9.50 ticks)
Cover probing fixed 0 vars, tightened 3 bounds.
Tried aggregator 1 time.
Detecting symmetries...
MIP Presolve eliminated 45 rows and 45 columns.
MIP Presolve modified 464 coefficients.
Reduced MIP has 1439 rows, 1755 columns, and 7754 nonzeros.
Reduced MIP has 1544 binaries, 162 generals, 0 SOSs, and 0 indicators.
Presolve time = 0.01 sec. (5.32 ticks)
Probing time = 0.00 sec. (2.92 ticks)
Clique table members: 5102.
MIP emphasis: balance optimality and feasibility.
MIP search method: dynamic search.
Parallel mode: none, using 1 thread.
Root relaxation solution time = 0.04 sec. (48.11 ticks)

        Nodes                                         Cuts/
   Node  Left     Objective  IInf  Best Integer    Best Bound    ItCnt     Gap

*     0+    0                            0.0000      450.0000              --- 
      0     0      355.0338   271        0.0000      355.0338      938     --- 
      0     0      352.5000   271        0.0000     Cuts: 176     1504     --- 
      0     0      352.5000   271        0.0000     Cuts: 459     2345     --- 
      0     0      351.8649   271        0.0000     Cuts: 161     4459     --- 
*     0+    0                           15.0000      351.8649              --- 
*     0+    0                           54.0000      351.8649           551.60%
      0     0        cutoff             54.0000      351.8649     4459  551.60%
      0     0      351.5897   271       54.0000     Cuts: 459     5215  551.09%
      0     0      351.1615   271       54.0000     Cuts: 459     6415  550.30%
      0     0      350.6776   271       54.0000     Cuts: 459     9283  549.40%
*     0+    0                           57.0000      350.6776           515.22%
*     0+    0                           84.0000      350.6776           317.47%
*     0+    0                          111.0000      350.6776           215.93%
      0     0      350.0868   271      111.0000     Cuts: 459    11073  215.39%
      0     0      348.7839   271      111.0000     Cuts: 459    12120  214.22%
      0     0      346.8301   271      111.0000     Cuts: 459    13018  212.46%
*     0+    0                          117.0000      346.8301           196.44%
*     0+    0                          123.0000      346.8301           181.98%
      0     0      346.3426   271      123.0000     Cuts: 459    14088  181.58%
      0     0      345.4852   271      123.0000     Cuts: 459    15117  180.88%
      0     0      344.6928   271      123.0000     Cuts: 459    15787  180.24%
*     0+    0                          132.0000      344.6928           161.13%
*     0+    0                          135.0000      344.6928           155.33%
      0     0      343.9740   271      135.0000     Cuts: 410    16566  154.80%
      0     0      343.4448   271      135.0000     Cuts: 459    17054  154.40%
      0     0      342.8608   271      135.0000     Cuts: 418    17421  153.97%
*     0+    0                          144.0000      342.8608           138.10%
*     0+    0                          150.0000      342.8608           128.57%
      0     0      342.2736   271      150.0000     Cuts: 459    18233  128.18%
      0     0      341.8733   271      150.0000     Cuts: 459    18648  127.92%
      0     0      341.7065   271      150.0000     Cuts: 432    19482  127.80%
      0     0      341.4331   271      150.0000     Cuts: 420    20437  127.62%
      0     0      341.3851   271      150.0000     Cuts: 459    20863  127.59%
      0     2      341.3851   267      150.0000      341.3588    20863  127.57%
Elapsed time = 2.65 sec. (3367.83 ticks, tree = 0.01 MB, solutions = 11)
      4     6      339.6328   241      150.0000      340.5459    24104  127.03%
*    10+   10                          168.0000      340.5459           102.71%
     10    12      338.8978   244      168.0000      340.5459    26466  102.71%
     18    20      327.4986   216      168.0000      340.5459    29749  102.71%
     25    27      331.6573   228      168.0000      340.5459    31547  102.71%
     49    41      294.7500   161      168.0000      340.5459    35498  102.71%
*    90+   74                          198.0000      340.5459            71.99%
    103    79      338.2346   295      198.0000      339.8730    38692   71.65%
    115    91      328.3996   208      198.0000      339.8730    40761   71.65%
    130   106      326.4766   189      198.0000      339.8730    42259   71.65%
    153   125      293.7219   160      198.0000      339.8730    45050   71.65%
    247   211      278.0040   150      198.0000      339.8730    52944   71.65%
Elapsed time = 5.28 sec. (6845.48 ticks, tree = 0.98 MB, solutions = 13)
    432   396      318.2944   209      198.0000      339.5065    61573   71.47%

Performing restart 1

Repeating presolve.
Tried aggregator 1 time.
MIP Presolve modified 1393 coefficients.
Reduced MIP has 1439 rows, 1755 columns, and 6620 nonzeros.
Reduced MIP has 1544 binaries, 162 generals, 0 SOSs, and 0 indicators.
Presolve time = 0.01 sec. (5.87 ticks)
Tried aggregator 1 time.
Reduced MIP has 1439 rows, 1755 columns, and 6620 nonzeros.
Reduced MIP has 1544 binaries, 162 generals, 0 SOSs, and 0 indicators.
Presolve time = 0.00 sec. (4.72 ticks)
Represolve time = 0.06 sec. (37.47 ticks)
    538     0      329.9133   315      198.0000     Cuts: 421    74477   66.62%
    538     0      325.6968   315      198.0000     Cuts: 435    77380   64.49%
    538     0      320.8473   315      198.0000     Cuts: 363    78931   62.04%
    538     0      319.7419   315      198.0000     Cuts: 283    81100   61.49%
    538     0      317.4692   315      198.0000     Cuts: 332    83169   60.34%
    538     0      316.7867   315      198.0000     Cuts: 325    84848   59.99%
    538     0      316.3707   315      198.0000     Cuts: 321    86007   59.78%
    538     0      315.0577   315      198.0000     Cuts: 316    87552   59.12%
    538     0      314.4815   315      198.0000     Cuts: 238    88394   58.83%
    538     0      313.5793   315      198.0000     Cuts: 306    88769   58.37%
    538     0      312.7106   315      198.0000     Cuts: 194    89318   57.93%
    538     0      312.4745   315      198.0000     Cuts: 204    89893   57.82%
    538     0      312.4435   315      198.0000     Cuts: 217    90251   57.80%
    538     0      312.2467   315      198.0000     Cuts: 220    90824   57.70%
    538     0      312.1332   315      198.0000     Cuts: 215    91068   57.64%
    538     0      312.1019   315      198.0000     Cuts: 149    91228   57.63%
    538     0      312.0820   315      198.0000     Cuts: 112    91391   57.62%
    538     0      312.0709   315      198.0000      Cuts: 85    91603   57.61%
    538     0      311.9510   315      198.0000     Cuts: 156    91934   57.55%
    538     0      311.8520   315      198.0000     Cuts: 198    92131   57.50%
    538     0      311.7718   315      198.0000     Cuts: 170    92420   57.46%
    538     0      311.7449   315      198.0000     Cuts: 163    92947   57.45%
    538     0      311.6940   315      198.0000     Cuts: 178    93323   57.42%
    538     0      311.6869   315      198.0000     Cuts: 121    93487   57.42%
    538     2      311.6869   296      198.0000      311.6631    93487   57.41%
    543     7      307.1739   266      198.0000      311.5733    97157   57.36%
    549    13      306.8951   252      198.0000      311.5733   101928   57.36%
    558    22      303.9928   229      198.0000      311.5733   107804   57.36%
    568    32      303.4119   252      198.0000      311.5733   111457   57.36%
    578    42      302.3699   252      198.0000      311.5733   115967   57.36%
    595    59      298.7681   207      198.0000      311.5733   123283   57.36%
    618    78      295.2834   228      198.0000      311.5733   131285   57.36%
    657   113      275.3589   173      198.0000      311.5733   139713   57.36%
Elapsed time = 21.82 sec. (29184.39 ticks, tree = 0.43 MB, solutions = 13)
    678   124      302.1033   209      198.0000      311.5586   148667   57.35%
    710   156      288.4864   188      198.0000      311.5586   159077   57.35%
    750   192      278.5501   130      198.0000      311.5586   168680   57.35%
    779   215      308.1638   240      198.0000      311.5394   175210   57.34%
    799   235      302.5973   219      198.0000      311.5394   182047   57.34%
    840   272      285.2659   183      198.0000      311.5394   192215   57.34%
    897   320      283.2606   191      198.0000      311.4987   202844   57.32%
    938   346      307.6245   233      198.0000      311.3984   210551   57.27%
    974   378      308.0144   263      198.0000      311.1814   217369   57.16%
    984   388      300.0000   223      198.0000      311.1814   224186   57.16%
Elapsed time = 29.07 sec. (39336.75 ticks, tree = 0.74 MB, solutions = 13)
    994   398      298.1227   238      198.0000      311.1814   232756   57.16%
   1012   416      296.7205   230      198.0000      311.1814   241481   57.16%
   1049   445      276.2180   154      198.0000      311.1814   250870   57.16%
   1065   457      305.0817   241      198.0000      310.6796   255761   56.91%
   1084   474      287.1407   181      198.0000      310.6796   265242   56.91%
   1098   480      288.0000   221      198.0000      310.4373   272507   56.79%
   1133   515      279.5489   186      198.0000      310.4373   280515   56.79%
   1176   544      302.5672   241      198.0000      310.4333   287917   56.78%
   1207   571      298.1939   241      198.0000      309.8156   297605   56.47%
   1244   602      301.4587   282      198.0000      309.6511   307961   56.39%
Elapsed time = 36.21 sec. (49372.07 ticks, tree = 0.97 MB, solutions = 13)
   1263   621      295.7436   228      198.0000      309.6511   317987   56.39%
   1302   660      272.7506   144      198.0000      309.6511   328180   56.39%
   1346   694      296.9642   176      198.0000      309.5573   337555   56.34%
   1363   707      272.3273   159      198.0000      309.5573   345793   56.34%
   1419   753      297.7262   219      198.0000      309.4765   353345   56.30%
   1483   805      292.8842   203      198.0000      309.4691   361896   56.30%
   1521   834      295.8006   187      198.0000      309.4615   371111   56.29%
   1572   872      287.9123   216      198.0000      309.3168   380079   56.22%
   1592   890      276.8139   212      198.0000      309.3168   389500   56.22%
   1646   936      306.1102   258      198.0000      309.3133   398380   56.22%
Elapsed time = 43.64 sec. (59406.67 ticks, tree = 1.35 MB, solutions = 13)
   1668   958      295.3280   207      198.0000      309.3133   407643   56.22%
   1706   992      302.8227   256      198.0000      309.0817   414621   56.10%
   1722  1002      297.6224   252      198.0000      309.0072   424688   56.06%
   1771  1045        cutoff            198.0000      309.0072   433153   56.06%
   1788  1062      295.2176   239      198.0000      308.8663   441729   55.99%
   1845  1115      286.9583   233      198.0000      308.7668   451729   55.94%
   1868  1138      275.3856   196      198.0000      308.7668   461690   55.94%
   1925  1183      302.1038   285      198.0000      308.5770   473004   55.85%
   1965  1219      304.5420   282      198.0000      308.1616   481831   55.64%
   2016  1264      303.1045   274      198.0000      308.1609   491927   55.64%
Elapsed time = 51.26 sec. (69747.15 ticks, tree = 1.75 MB, solutions = 13)
   2032  1280      284.6549   186      198.0000      308.1609   501768   55.64%
   2063  1307      291.7767   230      198.0000      308.1284   512470   55.62%
   2129  1363      278.3688   187      198.0000      308.0055   524705   55.56%
   2158  1390      259.7147   146      198.0000      308.0055   535634   55.56%
   2202  1422      307.5494   277      198.0000      307.8454   544560   55.48%
   2219  1439      302.6179   277      198.0000      307.8454   551181   55.48%
   2271  1491      283.2127   175      198.0000      307.8454   560025   55.48%
   2322  1536      300.1099   276      198.0000      307.8379   566905   55.47%
   2351  1565      283.0171   209      198.0000      307.8379   575732   55.47%
   2385  1594      289.9728   218      198.0000      307.7886   585036   55.45%
Elapsed time = 58.46 sec. (79633.65 ticks, tree = 2.12 MB, solutions = 13)
   2457  1649      299.6413   264      198.0000      307.6136   594726   55.36%
   2485  1677      268.5000   119      198.0000      307.6136   603470   55.36%
   2534  1718      292.8111   195      198.0000      307.5757   611162   55.34%
   2602  1778      232.5000    56      198.0000      307.5757   620645   55.34%
   2649  1815      269.7645   149      198.0000      307.5377   629873   55.32%
   2701  1863      290.6713   213      198.0000      307.5352   639341   55.32%
   2738  1894      304.1300   274      198.0000      307.5243   643738   55.32%
   2762  1918      288.3493   202      198.0000      307.5243   654353   55.32%
   2815  1964      300.3151   269      198.0000      307.5032   661859   55.30%
   2874  2017      306.0992   286      198.0000      307.4891   673490   55.30%
Elapsed time = 65.90 sec. (89785.32 ticks, tree = 2.59 MB, solutions = 13)
   2895  2038      294.8315   245      198.0000      307.4891   683905   55.30%
   2928  2067      265.4395   160      198.0000      307.4891   694928   55.30%
   3014  2125      294.4232   240      198.0000      307.4779   705141   55.29%
   3081  2186      291.1737   221      198.0000      307.3679   717327   55.24%
   3141  2239      295.1645   270      198.0000      307.3254   727488   55.21%
   3182  2274      302.3604   238      198.0000      307.3216   739236   55.21%
   3234  2324      266.0556   149      198.0000      307.3216   750866   55.21%
   3307  2386      285.9164   220      198.0000      307.2954   760496   55.20%
   3352  2425      300.4066   262      198.0000      307.2296   771193   55.17%
   3388  2461      268.2759   160      198.0000      307.2296   782916   55.17%
Elapsed time = 73.23 sec. (99837.81 ticks, tree = 3.19 MB, solutions = 13)
   3449  2518      276.8284   184      198.0000      307.2214   793529   55.16%
   3502  2565      266.6146   177      198.0000      307.1832   804569   55.14%
   3550  2606      293.4809   218      198.0000      307.1397   812432   55.12%
   3633  2681      298.7475   271      198.0000      307.1383   822089   55.12%
   3647  2695      294.3108   236      198.0000      307.1383   831293   55.12%
   3663  2711      284.5040   197      198.0000      307.1383   840200   55.12%
   3685  2731      271.5872   173      198.0000      307.1383   849146   55.12%
   3750  2780      302.9561   257      198.0000      307.1317   857006   55.12%
   3760  2790      292.5139   267      198.0000      307.1317   864462   55.12%
   3989  2987      302.0738   256      198.0000      306.9018   900806   55.00%
Elapsed time = 82.50 sec. (112635.20 ticks, tree = 3.78 MB, solutions = 13)
   4176  3147      298.6455   257      198.0000      306.8835   933979   54.99%
   4312  3271      286.3374   215      198.0000      306.8540   969487   54.98%
   4520  3460      252.6700   174      198.0000      306.7803  1005233   54.94%
   4722  3636      275.1884   187      198.0000      306.5739  1045560   54.84%
   4879  3761      282.2361   206      198.0000      306.3198  1084617   54.71%
   5048  3903      272.6561   194      198.0000      306.1867  1124196   54.64%
   5264  4089      297.6768   267      198.0000      306.1363  1162414   54.61%
   5422  4231      295.8439   213      198.0000      306.0992  1194911   54.60%
*  5538+ 4306                          204.0000      306.0992            50.05%
*  5538+ 4289                          207.0000      306.0992            47.87%
   5579  4324      302.4727   287      207.0000      306.0209  1230108   47.84%
   5720  4450      300.1525   261      207.0000      306.0164  1266074   47.83%
Elapsed time = 110.81 sec. (151646.06 ticks, tree = 5.57 MB, solutions = 15)
   5873  4589      296.3570   266      207.0000      305.9353  1300987   47.79%
   6066  4751      287.9647   227      207.0000      305.8118  1338013   47.74%
   6238  4895      230.7517    98      207.0000      305.7662  1378734   47.71%
   6483  5110      301.4074   228      207.0000      305.6156  1421365   47.64%
   6593  5206      280.0228   181      207.0000      305.6124  1457305   47.64%
   6749  5345      291.7786   237      207.0000      305.5230  1496505   47.60%
   6956  5518      294.9178   276      207.0000      305.4670  1537499   47.57%
   7146  5689      287.4397   216      207.0000      305.4634  1575514   47.57%
   7337  5864      293.4348   246      207.0000      305.4459  1612901   47.56%
Starting limited solution polishing.
   7438  5951      274.6995   176      207.0000      305.4254  1637217   47.55%
Elapsed time = 139.07 sec. (190503.08 ticks, tree = 7.31 MB, solutions = 15)
   7633  6126      305.1250   250      207.0000      305.3954  1672790   47.53%
   7657  6150      293.0491   251      207.0000      305.3954  1696245   47.53%
*  7738+ 6174                          210.0000      305.3954            45.43%
*  7738+ 6125                          213.0000      305.3954            43.38%
*  7738+ 6066                          216.0000      305.3954            41.39%
*  7738+ 6013                          219.0000      305.3954            39.45%
   7758  6027      299.4062   277      219.0000      305.3825  1720907   39.44%
Advanced basis not built.

GUB cover cuts applied:  195
Clique cuts applied:  110
Cover cuts applied:  58
Implied bound cuts applied:  63
Flow cuts applied:  39
Mixed integer rounding cuts applied:  180
Zero-half cuts applied:  108
Lift and project cuts applied:  15
Gomory fractional cuts applied:  9

Root node processing (before b&c):
  Real time             =    2.64 sec. (3361.37 ticks)
Sequential b&c:
  Real time             =  147.36 sec. (201577.74 ticks)
                          ------------
Total (root+branch&cut) =  150.00 sec. (204939.11 ticks)

Solution pool: 20 solutions saved.

MIP - Time limit exceeded, integer feasible:  Objective =  2.1900000000e+02
Current MIP best bound =  3.0537687340e+02 (gap = 86.3769, 39.44%)
Solution time =  150.00 sec.  Iterations = 1743974  Nodes = 7838 (6100)
Deterministic time = 204939.12 ticks  (1366.24 ticks/sec)


Incumbent solution
Variable Name           Solution Value
F                           219.000000
y18                           1.000000
y21                           1.000000
y29                           1.000000
y32                           1.000000
y39                           1.000000
y40                           1.000000
y42                           1.000000
y49                           1.000000
y65                           1.000000
y66                           1.000000
y71                           1.000000
y74                           1.000000
y77                           1.000000
y94                           1.000000
y96                           1.000000
y111                          1.000000
y116                          1.000000
y132                          1.000000
y133                          1.000000
y150                          1.000000
y155                          1.000000
y166                          1.000000
x25x21x1                      1.000000
x106x18x1                     1.000000
x106x49x1                     1.000000
x109x32x1                     1.000000
x109x66x1                     1.000000
x175x18x1                     1.000000
x25x150x2                     1.000000
x30x71x2                      1.000000
x89x155x2                     1.000000
x131x49x2                     1.000000
x137x66x2                     1.000000
x146x71x2                     1.000000
x146x94x2                     1.000000
x176x94x2                     1.000000
x30x32x3                      1.000000
x88x155x3                     1.000000
x137x21x3                     1.000000
x154x40x3                     2.000000
x176x111x3                    1.000000
x18x133x1                     2.000000
x21x29x1                      1.000000
x21x96x3                      1.000000
b29b0b1                       1.000000
x71x29x2                      1.000000
b29b0b2                       1.000000
x32x42x1                      1.000000
x32x77x3                      1.000000
x49x39x1                      1.000000
b39b0b1                       1.000000
x49x39x2                      1.000000
x39x166x2                     1.000000
x40x96x3                      1.000000
x40x132x3                     1.000000
x66x42x1                      1.000000
b42b0b1                       2.000000
x133x65x1                     1.000000
b65b0b1                       1.000000
x71x65x2                      1.000000
b65b0b2                       1.000000
x66x77x2                      1.000000
x111x74x3                     2.000000
b74b0b3                       2.000000
b77b0b2                       1.000000
b77b0b3                       1.000000
x94x116x2                     2.000000
b96b0b3                       2.000000
x155x111x3                    1.000000
b116b0b2                      2.000000
x150x132x2                    1.000000
b132b0b2                      1.000000
b132b0b3                      1.000000
b133b0b1                      1.000000
x155x150x2                    1.000000
x150x166x2                    1.000000
b166b0b2                      2.000000
s25                           5.330000
s3                            8.580000
s8                            7.700000
s10                           6.040000
s13                           6.570000
s18                           6.240000
s21                           7.040000
z25z21z1                      1.000000
s29                           8.060000
s32                           6.810575
s39                           8.122428
s42                           9.260000
z25z42z1                      1.000000
s50                           7.080000
s51                           7.610000
s57                           9.250000
s58                           6.240000
s61                           7.620000
z25z61z2                      1.000000
s65                           9.210000
s66                           6.932222
s69                           7.340000
z25z69z1                      1.000000
s71                           6.925011
s73                           6.730000
s77                           8.425212
s82                           6.830000
s94                           7.282534
s102                          9.480000
s103                          7.160000
s104                          7.160000
s108                          6.000000
s116                          9.220000
z25z116z2                     1.000000
s117                          6.240000
s124                          7.510000
s125                          7.070000
z25z125z1                     1.000000
s128                          9.270000
s132                          9.150000
s133                          7.282164
s136                          7.100000
s147                          7.380000
s150                          7.687314
z25z150z2                     1.000000
s153                          7.200000
z25z153z1                     1.000000
s155                          6.000000
s156                          6.560000
s158                          6.968679
s166                          9.270000
z25z166z2                     1.000000
s177                          9.170000
s30                           5.071597
s22                           6.000000
z30z32z3                      1.000000
s40                           7.256888
s49                           6.479622
s54                           7.570000
z30z54z3                      1.000000
z30z61z2                      1.000000
s67                           7.770000
z30z71z2                      1.000000
s74                           9.310000
z30z74z3                      1.000000
s84                           6.724210
s96                           9.240000
z30z96z3                      1.000000
s100                          6.000000
s111                          7.714671
z30z111z3                     1.000000
z30z116z2                     1.000000
s121                          6.160000
s130                          9.230000
z30z130z3                     1.000000
s135                          6.000000
s142                          6.000000
z30z150z2                     1.000000
s163                          6.000000
z30z166z2                     1.000000
s169                          8.520000
z30z169z3                     1.000000
s88                           3.548687
z88z40z3                      1.000000
z88z54z3                      1.000000
z88z67z3                      1.000000
z88z74z3                      1.000000
z88z84z3                      1.000000
z88z96z3                      1.000000
z88z111z3                     1.000000
z88z121z3                     1.000000
z88z130z3                     1.000000
z88z142z3                     1.000000
z88z155z3                     1.000000
z88z169z3                     1.000000
s89                           3.933508
z89z58z2                      1.000000
z89z61z2                      1.000000
z89z71z2                      1.000000
z89z73z2                      1.000000
s76                           6.000000
z89z76z2                      1.000000
z89z94z2                      1.000000
s98                           6.000000
z89z100z2                     1.000000
z89z108z2                     1.000000
z89z116z2                     1.000000
z89z117z2                     1.000000
z89z150z2                     1.000000
z89z155z2                     1.000000
z89z166z2                     1.000000
s106                          4.984224
z106z8z1                      1.000000
z106z18z1                     1.000000
z106z42z1                     1.000000
z106z49z1                     1.000000
s53                           6.000000
z106z69z1                     1.000000
z106z125z1                    1.000000
z106z133z1                    1.000000
z106z153z1                    1.000000
s170                          6.000000
s107                          6.000000
z107z42z1                     1.000000
s109                          5.240000
z109z32z1                     1.000000
z109z42z1                     1.000000
z109z66z1                     1.000000
z109z69z1                     1.000000
z109z125z1                    1.000000
z109z153z1                    1.000000
s131                          3.510000
z131z49z2                     1.000000
z131z58z2                     1.000000
z131z61z2                     1.000000
z131z71z2                     1.000000
z131z73z2                     1.000000
z131z76z2                     1.000000
z131z94z2                     1.000000
z131z100z2                    1.000000
z131z108z2                    1.000000
z131z116z2                    1.000000
z131z117z2                    1.000000
z131z150z2                    1.000000
z131z166z2                    1.000000
s137                          5.153282
z137z21z3                     1.000000
z137z54z3                     1.000000
z137z61z2                     1.000000
z137z66z2                     1.000000
z137z74z3                     1.000000
z137z96z3                     1.000000
z137z111z3                    1.000000
z137z116z2                    1.000000
z137z130z3                    1.000000
z137z150z2                    1.000000
z137z166z2                    1.000000
z137z169z3                    1.000000
z142z74z3                     1.000000
z142z96z3                     1.000000
z142z130z3                    1.000000
s146                          5.070552
z146z61z2                     1.000000
z146z71z2                     1.000000
z146z94z2                     1.000000
z146z116z2                    1.000000
z146z150z2                    1.000000
z146z166z2                    1.000000
s154                          5.680000
z154z40z3                     1.000000
z154z74z3                     1.000000
z154z96z3                     1.000000
z154z130z3                    1.000000
s175                          4.616754
z175z8z1                      1.000000
z175z18z1                     1.000000
z175z42z1                     1.000000
z175z53z1                     1.000000
z175z69z1                     1.000000
z175z125z1                    1.000000
z175z133z1                    1.000000
z175z153z1                    1.000000
z175z170z1                    1.000000
s176                          5.716350
z176z74z3                     1.000000
z176z94z2                     1.000000
z176z96z3                     1.000000
z176z111z3                    1.000000
z176z116z2                    1.000000
z176z130z3                    1.000000
z176z166z2                    1.000000
z10z96z3                      1.000000
z10z116z2                     1.000000
z10z130z3                     1.000000
z13z96z3                      1.000000
z13z116z2                     1.000000
z13z130z3                     1.000000
z18z42z1                      1.000000
z18z133z1                     1.000000
z21z29z1                      1.000000
z21z96z3                      1.000000
z22z42z1                      1.000000
z22z74z3                      1.000000
z22z96z3                      1.000000
z22z130z3                     1.000000
z32z42z1                      1.000000
z32z77z3                      1.000000
z32z96z3                      1.000000
z32z130z3                     1.000000
z39z166z2                     1.000000
z40z96z3                      1.000000
z40z130z3                     1.000000
z40z132z3                     1.000000
z49z39z1                      1.000000
z49z39z2                      1.000000
z49z42z1                      1.000000
z49z116z2                     1.000000
z49z166z2                     1.000000
z50z42z1                      1.000000
z50z96z3                      1.000000
z50z130z3                     1.000000
z53z42z1                      1.000000
z58z116z2                     1.000000
z66z42z1                      1.000000
z66z77z2                      1.000000
z66z116z2                     1.000000
z71z29z2                      1.000000
z71z65z2                      1.000000
z71z116z2                     1.000000
z71z166z2                     1.000000
z76z116z2                     1.000000
z76z166z2                     1.000000
z84z74z3                      1.000000
z84z96z3                      1.000000
z84z130z3                     1.000000
z94z116z2                     1.000000
z94z166z2                     1.000000
z98z42z1                      1.000000
z98z116z2                     1.000000
z98z166z2                     1.000000
z100z116z2                    1.000000
z100z166z2                    1.000000
z103z42z1                     1.000000
z103z96z3                     1.000000
z103z130z3                    1.000000
z104z42z1                     1.000000
z104z96z3                     1.000000
z104z130z3                    1.000000
z108z94z2                     1.000000
z108z116z2                    1.000000
z108z150z2                    1.000000
z108z166z2                    1.000000
z111z74z3                     1.000000
z117z116z2                    1.000000
z121z96z3                     1.000000
z121z130z3                    1.000000
z133z42z1                     1.000000
z133z65z1                     1.000000
z135z42z1                     1.000000
z135z74z3                     1.000000
z135z96z3                     1.000000
z135z130z3                    1.000000
z136z42z1                     1.000000
z136z116z2                    1.000000
z147z42z1                     1.000000
z147z96z3                     1.000000
z147z130z3                    1.000000
z150z132z2                    1.000000
z150z166z2                    1.000000
z155z96z3                     1.000000
z155z111z3                    1.000000
z155z116z2                    1.000000
z155z130z3                    1.000000
z155z150z2                    1.000000
z155z166z2                    1.000000
z156z42z1                     1.000000
z156z116z2                    1.000000
z158z42z1                     1.000000
z163z42z1                     1.000000
z163z74z3                     1.000000
z163z96z3                     1.000000
z163z130z3                    1.000000
z170z42z1                     1.000000
All other variables in the range 1-3439 are 0.
