
Log started (V12.10.0.0) Fri Apr  9 01:23:00 2021


Problem 'asset.lp' read.
Read time = 0.01 sec. (0.48 ticks)
New value for default parallel thread count: 1
New value for time limit in seconds: 150
Version identifier: 12.10.0.0 | 2019-11-26 | 843d4de
CPXPARAM_Threads                                 1
CPXPARAM_TimeLimit                               150
Found incumbent of value 0.000000 after 0.00 sec. (0.13 ticks)
Tried aggregator 3 times.
MIP Presolve eliminated 1648 rows and 807 columns.
MIP Presolve modified 3799 coefficients.
Aggregator did 1261 substitutions.
Reduced MIP has 1476 rows, 1824 columns, and 7977 nonzeros.
Reduced MIP has 1622 binaries, 153 generals, 0 SOSs, and 0 indicators.
Presolve time = 0.02 sec. (18.73 ticks)
Probing fixed 101 vars, tightened 6 bounds.
Probing time = 0.01 sec. (7.95 ticks)
Cover probing fixed 0 vars, tightened 68 bounds.
Tried aggregator 1 time.
Detecting symmetries...
MIP Presolve eliminated 129 rows and 121 columns.
MIP Presolve modified 360 coefficients.
Reduced MIP has 1347 rows, 1703 columns, and 7067 nonzeros.
Reduced MIP has 1507 binaries, 147 generals, 0 SOSs, and 0 indicators.
Presolve time = 0.01 sec. (6.88 ticks)
Probing time = 0.00 sec. (2.80 ticks)
Clique table members: 4654.
MIP emphasis: balance optimality and feasibility.
MIP search method: dynamic search.
Parallel mode: none, using 1 thread.
Root relaxation solution time = 0.04 sec. (55.40 ticks)

        Nodes                                         Cuts/
   Node  Left     Objective  IInf  Best Integer    Best Bound    ItCnt     Gap

*     0+    0                            0.0000      755.0000              --- 
      0     0      541.0550   253        0.0000      541.0550     1116     --- 
      0     0      503.2920   253        0.0000     Cuts: 436     1674     --- 
      0     0      489.2893   253        0.0000     Cuts: 397     2264     --- 
      0     0      481.6146   253        0.0000     Cuts: 383     2757     --- 
      0     0      478.8891   253        0.0000     Cuts: 248     3033     --- 
      0     0      475.6550   253        0.0000     Cuts: 269     3316     --- 
Detecting symmetries...
      0     0      472.8203   253        0.0000     Cuts: 322     3820     --- 
      0     0      471.1194   253        0.0000     Cuts: 328     4020     --- 
      0     0      470.6390   253        0.0000     Cuts: 168     4130     --- 
      0     0      470.0694   253        0.0000     Cuts: 111     4289     --- 
      0     0      469.6258   253        0.0000     Cuts: 136     4400     --- 
      0     0      468.6121   253        0.0000     Cuts: 206     4723     --- 
      0     0      468.3036   253        0.0000     Cuts: 159     4889     --- 
      0     0      467.5361   253        0.0000     Cuts: 198     5101     --- 
      0     0      466.7487   253        0.0000     Cuts: 231     5255     --- 
      0     0      465.8913   253        0.0000      Cuts: 87     5461     --- 
      0     0      465.5578   253        0.0000     Cuts: 193     5611     --- 
      0     0      465.4248   253        0.0000     Cuts: 227     5790     --- 
      0     0      464.4747   253        0.0000     Cuts: 103     5946     --- 
      0     0      464.1452   253        0.0000     Cuts: 218     6114     --- 
      0     0      463.7762   253        0.0000     Cuts: 195     6576     --- 
      0     0      463.2033   253        0.0000     Cuts: 257     6824     --- 
      0     0      462.7099   253        0.0000     Cuts: 202     7046     --- 
      0     0      461.9167   253        0.0000     Cuts: 208     7255     --- 
      0     0      461.7324   253        0.0000     Cuts: 201     7434     --- 
      0     0      461.5569   253        0.0000     Cuts: 143     7681     --- 
      0     0      461.2673   253        0.0000     Cuts: 256     7964     --- 
      0     0      460.8212   253        0.0000     Cuts: 158     8295     --- 
      0     0      460.0349   253        0.0000     Cuts: 272     9033     --- 
      0     0      459.1852   253        0.0000     Cuts: 362     9816     --- 
      0     0      459.0592   253        0.0000     Cuts: 170    10009     --- 
      0     0      458.9438   253        0.0000     Cuts: 212    10147     --- 
*     0+    0                          155.0000      458.9438           196.09%
*     0+    0                          160.0000      458.9438           186.84%
*     0+    0                          165.0000      458.9438           178.15%
*     0+    0                          170.0000      458.9438           169.97%
*     0+    0                          175.0000      458.9438           162.25%
*     0+    0                          180.0000      458.9438           154.97%
      0     0        cutoff            180.0000      458.9438    10147  154.97%
Detecting symmetries...
      0     2      458.9438   283      180.0000      458.9402    10147  154.97%
Elapsed time = 1.76 sec. (1963.50 ticks, tree = 0.01 MB, solutions = 6)
     13    15      429.6567   173      180.0000      457.9063    13284  154.39%
     46    38      318.4390    86      180.0000      457.9063    16295  154.39%
     78    66      418.4226   190      180.0000      457.1375    18694  153.97%
    139   127      301.6553    45      180.0000      457.1375    21081  153.97%
*   160+  140                          250.0000      457.1375            82.85%
    203   176      438.4038   213      250.0000      456.8224    23086   82.73%
    230   203      408.8478   166      250.0000      456.8224    25300   82.73%
    287   260      334.4638   129      250.0000      456.8224    27398   82.73%
    370   339      447.6573   236      250.0000      456.8224    29836   82.73%
    398   367      424.9874   195      250.0000      456.8224    31957   82.73%

Performing restart 1

Repeating presolve.
Tried aggregator 2 times.
MIP Presolve eliminated 1 rows and 1 columns.
MIP Presolve modified 1920 coefficients.
Aggregator did 2 substitutions.
Reduced MIP has 1344 rows, 1700 columns, and 6109 nonzeros.
Reduced MIP has 1504 binaries, 147 generals, 0 SOSs, and 0 indicators.
Presolve time = 0.01 sec. (7.54 ticks)
Tried aggregator 1 time.
Reduced MIP has 1344 rows, 1700 columns, and 6109 nonzeros.
Reduced MIP has 1504 binaries, 147 generals, 0 SOSs, and 0 indicators.
Presolve time = 0.00 sec. (4.35 ticks)
Represolve time = 0.05 sec. (32.03 ticks)
    529     0      427.8012   287      250.0000     Cuts: 328    40328   71.12%
    529     0      418.6267   287      250.0000     Cuts: 230    40981   67.45%
    529     0      411.2168   287      250.0000     Cuts: 217    41563   64.49%
    529     0      409.9008   287      250.0000     Cuts: 259    41791   63.96%
    529     0      407.1942   287      250.0000     Cuts: 208    42531   62.88%
    529     0      404.9157   287      250.0000     Cuts: 205    43018   61.97%
    529     0      403.3610   287      250.0000     Cuts: 175    43497   61.34%
    529     0      402.9192   287      250.0000     Cuts: 144    43788   61.17%
    529     0      402.1267   287      250.0000     Cuts: 152    44085   60.85%
*   529+    0                          265.0000      402.1267            51.75%
    529     0      401.8306   287      265.0000     Cuts: 160    44325   51.63%
    529     0      401.5102   287      265.0000      Cuts: 84    44596   51.51%
    529     0      401.1386   287      265.0000     Cuts: 122    44757   51.37%
    529     0      400.9982   287      265.0000      Cuts: 75    44847   51.32%
    529     0      400.1832   287      265.0000      Cuts: 56    45090   51.01%
    529     0      399.4262   287      265.0000     Cuts: 136    45251   50.73%
    529     0      399.2237   287      265.0000      Cuts: 55    45460   50.65%
    529     0      398.9540   287      265.0000     Cuts: 136    45637   50.55%
    529     0      398.7266   287      265.0000      Cuts: 82    45748   50.46%
    529     0      398.3915   287      265.0000      Cuts: 51    45861   50.34%
    529     0      398.2728   287      265.0000      Cuts: 72    45934   50.29%
    529     0      398.1485   287      265.0000      Cuts: 62    46016   50.24%
    529     0      398.0490   287      265.0000      Cuts: 56    46088   50.21%
    529     0      398.0373   287      265.0000      Cuts: 45    46138   50.20%
    529     0      398.0370   287      265.0000      Cuts: 31    46177   50.20%
    529     0      398.0347   287      265.0000      Cuts: 38    46230   50.20%
    529     0      398.0038   287      265.0000      Cuts: 25    46310   50.19%
    529     2      398.0038   255      265.0000      398.0016    46310   50.19%
Elapsed time = 9.89 sec. (11647.03 ticks, tree = 0.01 MB, solutions = 8)
    539    12      394.2641   223      265.0000      397.1171    48962   49.86%
    549    22      391.6257   214      265.0000      397.1171    51948   49.86%
    564    35      371.2835   131      265.0000      397.1171    55435   49.86%
    613    75      389.0677   231      265.0000      394.9485    60922   49.04%
    646   106      328.5149   160      265.0000      394.9485    68258   49.04%
    719   167      370.8035   155      265.0000      394.9397    75228   49.03%
    808   240      360.0688   199      265.0000      394.0797    83523   48.71%
    879   305      340.4182   176      265.0000      393.6766    92083   48.56%
    949   368      360.6563   138      265.0000      393.2759   100254   48.41%
   1055   455      281.5966    78      265.0000      393.1427   108377   48.36%
Elapsed time = 17.11 sec. (21484.73 ticks, tree = 0.64 MB, solutions = 8)
   1146   535      373.8028   194      265.0000      391.8825   116122   47.88%
   1205   585      389.4548   247      265.0000      391.8507   123948   47.87%
   1281   654      376.5464   233      265.0000      391.7926   131847   47.85%
   1379   748      374.2792   184      265.0000      391.4903   139937   47.73%
   1477   836      384.8684   209      265.0000      391.1566   147718   47.61%
   1500   859      369.4455   178      265.0000      391.1566   156690   47.61%
   1615   948      313.1342    58      265.0000      390.9002   165526   47.51%
   1660   987      351.0301   140      265.0000      390.7557   173002   47.45%
   1740  1056      346.3957   147      265.0000      390.5622   182131   47.38%
   1842  1149      318.1241   108      265.0000      390.4156   190903   47.33%
Elapsed time = 24.21 sec. (31203.44 ticks, tree = 1.47 MB, solutions = 8)
   1927  1221      386.2614   243      265.0000      389.9547   199707   47.15%
   2000  1288      365.8369   181      265.0000      389.4329   208700   46.96%
   2094  1376      345.1544   152      265.0000      389.2907   219578   46.90%
   2193  1467      343.7419    95      265.0000      389.2535   229364   46.89%
   2309  1567      332.3442    77      265.0000      389.2352   238485   46.88%
   2371  1620      345.8846   155      265.0000      389.2331   247321   46.88%
   2463  1696      342.2137   131      265.0000      389.1064   256401   46.83%
   2522  1744      375.4249   204      265.0000      389.0921   264655   46.83%
*  2529+ 1732                          270.0000      389.0921            44.11%
   2599  1798      340.7170   114      270.0000      389.0233   273893   44.08%
   2728  1908      382.9077   217      270.0000      388.8159   283851   44.01%
Elapsed time = 31.59 sec. (41139.36 ticks, tree = 2.33 MB, solutions = 9)
   2823  1999      363.4785   231      270.0000      388.7177   292947   43.97%
   2852  2028      364.2635   168      270.0000      388.7177   302017   43.97%
   2896  2070    infeasible            270.0000      388.7177   311288   43.97%
   2982  2146      363.9971   188      270.0000      388.6144   319045   43.93%
   3061  2212      356.6319   152      270.0000      388.2281   328214   43.79%
   3171  2302      377.4756   245      270.0000      388.0863   337592   43.74%
   3247  2369      363.2792   169      270.0000      388.0697   347314   43.73%
   3345  2462      309.9701   112      270.0000      388.0431   357640   43.72%
   3455  2555      377.3297   223      270.0000      387.8205   368274   43.64%
   3518  2610      332.2841    93      270.0000      387.7307   375846   43.60%
Elapsed time = 38.73 sec. (50969.07 ticks, tree = 3.25 MB, solutions = 9)
   3611  2689      375.7623   222      270.0000      387.5946   383649   43.55%
   3711  2768      351.7025   149      270.0000      387.4975   392895   43.52%
   3794  2840      328.1501   144      270.0000      387.4103   400591   43.49%
   3920  2937      356.6821   145      270.0000      387.2719   409001   43.43%
   4032  3032      354.1504   148      270.0000      387.2510   419102   43.43%
   4106  3099      315.7674   136      270.0000      387.1981   428074   43.41%
   4192  3170      347.3954   158      270.0000      387.1268   437696   43.38%
   4311  3276      379.8477   220      270.0000      387.1039   446113   43.37%
   4395  3346      364.9259   183      270.0000      387.0674   453755   43.36%
   4495  3435      380.2268   224      270.0000      386.9046   462066   43.30%
Elapsed time = 46.01 sec. (60708.33 ticks, tree = 4.19 MB, solutions = 9)
   4562  3496      374.1644   200      270.0000      386.8501   469604   43.28%
   4661  3577      358.7476   181      270.0000      386.8381   478884   43.27%
   4742  3651      358.3647   137      270.0000      386.7181   488674   43.23%
   4825  3722      347.0552   134      270.0000      386.5686   498151   43.17%
   4937  3810      353.0044   161      270.0000      386.3217   508281   43.08%
   5046  3909      310.5004   116      270.0000      386.2378   518159   43.05%
   5128  3981      380.4994   210      270.0000      386.1101   527817   43.00%
   5186  4033      291.9874    59      270.0000      386.1101   538862   43.00%
   5320  4147      331.7809    77      270.0000      386.0470   548989   42.98%
   5394  4210      314.6515    96      270.0000      385.9712   558647   42.95%
Elapsed time = 53.23 sec. (70311.80 ticks, tree = 5.21 MB, solutions = 9)
   5483  4289      330.0476   139      270.0000      385.8787   568565   42.92%
   5569  4366      339.2639   117      270.0000      385.8399   577845   42.90%
   5695  4482      361.4796   180      270.0000      385.7282   587815   42.86%
   5769  4543      355.1351   159      270.0000      385.6974   596452   42.85%
   5866  4630      352.5388   229      270.0000      385.6729   605192   42.84%
   5934  4694      368.5623   203      270.0000      385.6691   613269   42.84%
   6053  4777      367.4252   159      270.0000      385.6048   621758   42.82%
   6173  4884      361.2557   173      270.0000      385.5801   631988   42.81%
   6284  4986      375.7218   207      270.0000      385.5721   640962   42.80%
   6343  5031      342.5409   149      270.0000      385.5436   650201   42.79%
Elapsed time = 60.58 sec. (80131.54 ticks, tree = 6.13 MB, solutions = 9)
   6451  5118      381.4220   211      270.0000      385.4908   658732   42.77%
   6529  5184      373.6020   187      270.0000      385.3204   667475   42.71%
   6608  5253      325.1161   117      270.0000      385.3161   677144   42.71%
   6731  5363      338.4794   135      270.0000      385.3134   686711   42.71%
   6806  5426      347.9107   176      270.0000      385.1842   696057   42.66%
   6874  5490      332.3393   138      270.0000      385.0828   704577   42.62%
   6993  5592      333.6354   146      270.0000      385.0088   714927   42.60%
   7089  5674      366.4650   164      270.0000      384.8945   724902   42.55%
   7190  5763      375.1091   184      270.0000      384.8480   735495   42.54%
   7273  5840      300.9124    98      270.0000      384.8113   745741   42.52%
Elapsed time = 68.67 sec. (89800.42 ticks, tree = 7.06 MB, solutions = 9)
   7366  5924      356.2731   145      270.0000      384.7945   757214   42.52%
*  7423  5894      integral     0      275.0000      384.7945   762608   39.93%
   7447  5917      339.7839   145      275.0000      384.7726   766841   39.92%
   7584  6041      379.0376   227      275.0000      384.7306   776220   39.90%
   7690  6142      322.5311    97      275.0000      384.6056   786996   39.86%
   7762  6204      370.5498   227      275.0000      384.5440   796033   39.83%
   7839  6273      360.9571   166      275.0000      384.4854   806020   39.81%
   7958  6379      326.7864   139      275.0000      384.3248   816460   39.75%
   8012  6429      345.3579   184      275.0000      384.1972   827983   39.71%
   8062  6475      363.1518   213      275.0000      384.1497   836916   39.69%
   8415  6796      333.7500    98      275.0000      383.6354   878649   39.50%
Elapsed time = 78.96 sec. (102276.68 ticks, tree = 8.13 MB, solutions = 10)
   8710  7043      358.8707   173      275.0000      383.4944   914485   39.45%
   9076  7356      370.3417   207      275.0000      383.2329   952461   39.36%
   9428  7660      369.8072   194      275.0000      382.9039   989021   39.24%
   9786  7967      346.9738   152      275.0000      382.5562  1029387   39.11%
  10155  8275      334.0806   136      275.0000      382.4382  1069712   39.07%
  10529  8598      363.6131   208      275.0000      382.1792  1109122   38.97%
  10929  8953      373.4926   182      275.0000      381.9747  1151404   38.90%
* 11109+ 8893                          280.0000      381.8853            36.39%
* 11109+ 8545                          285.0000      381.8853            33.99%
* 11110+ 8120                          290.0000      381.8853            31.68%
  11110  8122      381.5739   219      290.0000      381.8151  1173186   31.66%
* 11111+ 6571                          305.0000      381.8151            25.19%
  11111  6573      369.1006   230      305.0000      381.7758  1174343   25.17%
  11381  6797      363.4916   199      305.0000      381.5285  1217596   25.09%
Elapsed time = 116.20 sec. (147808.62 ticks, tree = 8.39 MB, solutions = 14)
  11617  6983      360.7107   154      305.0000      381.3898  1255802   25.05%
  11896  7225      347.0056   123      305.0000      381.0966  1292358   24.95%
  12159  7447      340.3023   184      305.0000      380.9062  1328526   24.89%
  12404  7650      348.8424   126      305.0000      380.6201  1365114   24.79%
  12618  7832      311.3591   125      305.0000      380.5269  1402408   24.76%
  12843  8020      348.8087   165      305.0000      380.3652  1441462   24.71%
Starting limited solution polishing.
  13104  8257      329.5566   151      305.0000      380.2185  1481674   24.66%
  13341  8456      379.7619   215      305.0000      380.1466  1520765   24.64%
  13578  8652      346.4971   183      305.0000      379.9620  1563246   24.58%
  13841  8872      339.8297   135      305.0000      379.8878  1603455   24.55%
Elapsed time = 145.24 sec. (186178.62 ticks, tree = 10.71 MB, solutions = 14)
  14086  9071      366.0297   172      305.0000      379.6960  1645412   24.49%
Advanced basis not built.

GUB cover cuts applied:  77
Clique cuts applied:  190
Cover cuts applied:  45
Implied bound cuts applied:  107
Flow cuts applied:  26
Mixed integer rounding cuts applied:  201
Zero-half cuts applied:  63
Lift and project cuts applied:  33
Gomory fractional cuts applied:  4

Root node processing (before b&c):
  Real time             =    1.76 sec. (1958.56 ticks)
Sequential b&c:
  Real time             =  148.25 sec. (190456.65 ticks)
                          ------------
Total (root+branch&cut) =  150.00 sec. (192415.21 ticks)

Solution pool: 15 solutions saved.

MIP - Time limit exceeded, integer feasible:  Objective =  3.0500000000e+02
Current MIP best bound =  3.7957398556e+02 (gap = 74.574, 24.45%)
Solution time =  150.00 sec.  Iterations = 1667812  Nodes = 14229 (9191)
Deterministic time = 192415.22 ticks  (1282.75 ticks/sec)


Incumbent solution
Variable Name           Solution Value
F                           305.000000
y2                            1.000000
y5                            1.000000
y7                            1.000000
y11                           1.000000
y13                           1.000000
y28                           1.000000
y36                           1.000000
y53                           1.000000
y60                           1.000000
y68                           1.000000
y78                           1.000000
y80                           1.000000
y101                          1.000000
y102                          1.000000
y128                          1.000000
y176                          1.000000
y181                          1.000000
x29x53x1                      1.000000
x160x2x1                      1.000000
x172x5x1                      1.000000
x177x181x1                    1.000000
x29x60x2                      1.000000
x82x11x2                      1.000000
x97x80x2                      1.000000
x111x36x2                     1.000000
x111x53x2                     1.000000
x172x80x2                     1.000000
x177x11x2                     1.000000
x82x181x3                     1.000000
x97x5x3                       1.000000
x160x2x3                      1.000000
x2x36x1                       1.000000
x2x13x3                       1.000000
x5x60x1                       1.000000
x5x13x3                       1.000000
x36x7x2                       1.000000
x53x7x2                       1.000000
x7x0x2                        2.000000
x11x68x2                      1.000000
x11x128x2                     1.000000
x13x101x3                     2.000000
x36x28x1                      1.000000
x53x28x1                      1.000000
x28x0x1                       2.000000
x60x68x1                      1.000000
x60x128x2                     1.000000
x68x0x1                       1.000000
x68x0x2                       1.000000
x102x78x2                     2.000000
x78x0x2                       2.000000
x80x102x2                     2.000000
x101x0x3                      2.000000
x128x0x2                      2.000000
x181x176x1                    1.000000
x176x0x1                      1.000000
x181x176x3                    1.000000
x176x0x3                      1.000000
s25                           6.000000
s3                            7.700000
s4                            7.220000
s5                            6.472178
s12                           9.350000
s13                           8.177067
s15                           6.980000
s28                           9.310000
s34                           8.510000
s35                           6.670000
s36                           7.936072
s43                           8.790000
s51                           9.470000
s52                           7.240000
s53                           7.540000
s55                           6.850000
s59                           7.040000
s60                           8.001538
s67                           7.434542
s68                           9.410000
s70                           8.950000
s75                           7.710000
s77                           7.496006
s86                           7.580000
s87                           7.630000
s92                           6.270000
s93                           6.940000
s101                          9.420000
s103                          7.440000
s107                          6.790000
s112                          8.400572
s117                          6.990000
s121                          7.810000
s133                          7.780000
s134                          6.994184
s135                          9.490000
s144                          7.463116
s151                          9.500000
s154                          7.620000
s157                          8.330000
s171                          7.531899
s176                          9.070000
s181                          7.164589
s29                           5.640803
s7                            9.420000
z29z7z2                       1.000000
s10                           7.400000
z29z10z2                      1.000000
s11                           7.123869
z29z28z1                      1.000000
s42                           7.890000
z29z42z2                      1.000000
z29z53z1                      1.000000
z29z60z2                      1.000000
s78                           9.370000
z29z78z2                      1.000000
s91                           7.650000
s102                          8.312651
z29z102z2                     1.000000
s122                          7.162204
s126                          7.425896
s128                          9.420000
z29z128z2                     1.000000
s137                          8.290000
s147                          9.350000
z29z147z2                     1.000000
z29z154z1                     1.000000
s156                          7.370000
s170                          8.799015
z29z170z2                     1.000000
s82                           5.850000
z82z7z2                       1.000000
z82z10z2                      1.000000
z82z11z2                      1.000000
z82z42z2                      1.000000
z82z70z3                      1.000000
z82z78z2                      1.000000
z82z101z3                     1.000000
z82z102z2                     1.000000
z82z128z2                     1.000000
z82z135z3                     1.000000
z82z147z2                     1.000000
z82z170z2                     1.000000
z82z181z3                     1.000000
s84                           6.000000
s2                            6.625302
s115                          6.887570
s97                           5.109629
z97z5z3                       1.000000
z97z7z2                       1.000000
z97z10z2                      1.000000
z97z11z2                      1.000000
z97z13z3                      1.000000
z97z42z2                      1.000000
z97z52z3                      1.000000
z97z70z3                      1.000000
z97z78z2                      1.000000
s80                           6.590925
z97z80z2                      1.000000
z97z91z2                      1.000000
z97z101z3                     1.000000
z97z102z2                     1.000000
s109                          6.635309
z97z128z2                     1.000000
z97z135z3                     1.000000
z97z137z2                     1.000000
z97z147z2                     1.000000
z97z156z2                     1.000000
z97z157z3                     1.000000
s159                          6.000000
z97z170z2                     1.000000
s104                          6.000000
s111                          5.608224
z111z7z2                      1.000000
z111z10z2                     1.000000
z111z11z2                     1.000000
z111z36z2                     1.000000
z111z42z2                     1.000000
z111z53z2                     1.000000
z111z78z2                     1.000000
z111z91z2                     1.000000
z111z102z2                    1.000000
z111z128z2                    1.000000
z111z147z2                    1.000000
z111z170z2                    1.000000
s119                          6.000000
z119z28z1                     1.000000
z159z7z2                      1.000000
z159z101z3                    1.000000
z159z135z3                    1.000000
z159z147z2                    1.000000
s160                          5.070894
z160z2z1                      1.000000
z160z2z3                      1.000000
z160z13z3                     1.000000
z160z28z1                     1.000000
z160z43z1                     1.000000
z160z52z3                     1.000000
z160z59z1                     1.000000
z160z70z3                     1.000000
z160z86z1                     1.000000
z160z101z3                    1.000000
z160z103z1                    1.000000
z160z133z3                    1.000000
z160z135z3                    1.000000
z160z154z1                    1.000000
z160z157z3                    1.000000
s167                          6.000000
s172                          5.121802
z172z5z1                      1.000000
z172z7z2                      1.000000
z172z10z2                     1.000000
z172z11z2                     1.000000
z172z28z1                     1.000000
z172z42z2                     1.000000
z172z43z1                     1.000000
z172z59z1                     1.000000
z172z78z2                     1.000000
z172z80z2                     1.000000
z172z86z1                     1.000000
z172z91z2                     1.000000
z172z102z2                    1.000000
z172z103z1                    1.000000
z172z128z2                    1.000000
z172z137z2                    1.000000
z172z147z2                    1.000000
z172z154z1                    1.000000
z172z156z2                    1.000000
z172z170z2                    1.000000
s177                          5.537496
z177z7z2                      1.000000
z177z10z2                     1.000000
z177z11z2                     1.000000
z177z28z1                     1.000000
z177z42z2                     1.000000
z177z43z1                     1.000000
z177z78z2                     1.000000
z177z86z1                     1.000000
z177z91z2                     1.000000
z177z102z2                    1.000000
z177z103z1                    1.000000
z177z128z2                    1.000000
z177z137z2                    1.000000
z177z147z2                    1.000000
z177z154z1                    1.000000
z177z170z2                    1.000000
z177z181z1                    1.000000
z2z13z3                       1.000000
z2z28z1                       1.000000
z2z36z1                       1.000000
z2z101z3                      1.000000
z2z135z3                      1.000000
z5z13z3                       1.000000
z5z28z1                       1.000000
z5z60z1                       1.000000
z5z101z3                      1.000000
z5z135z3                      1.000000
z10z7z2                       1.000000
z10z128z2                     1.000000
z11z7z2                       1.000000
z11z68z2                      1.000000
z11z78z2                      1.000000
z11z128z2                     1.000000
z11z147z2                     1.000000
z11z170z2                     1.000000
z13z101z3                     1.000000
z15z7z2                       1.000000
z15z101z3                     1.000000
z15z135z3                     1.000000
z15z147z2                     1.000000
z35z7z2                       1.000000
z35z28z1                      1.000000
z35z147z2                     1.000000
z36z7z2                       1.000000
z36z28z1                      1.000000
s46                           6.000000
z53z7z2                       1.000000
z53z28z1                      1.000000
z55z101z3                     1.000000
z60z68z1                      1.000000
z60z128z2                     1.000000
z67z7z2                       1.000000
z67z28z1                      1.000000
z67z147z2                     1.000000
s69                           6.000000
z77z7z2                       1.000000
z77z28z1                      1.000000
z77z147z2                     1.000000
z80z7z2                       1.000000
z80z102z2                     1.000000
z80z147z2                     1.000000
z92z7z2                       1.000000
z92z28z1                      1.000000
z92z147z2                     1.000000
z102z78z2                     1.000000
s108                          6.000000
z109z28z1                     1.000000
z109z101z3                    1.000000
z109z135z3                    1.000000
z115z28z1                     1.000000
z121z101z3                    1.000000
z122z7z2                      1.000000
z122z147z2                    1.000000
z126z7z2                      1.000000
z126z147z2                    1.000000
z134z28z1                     1.000000
z134z101z3                    1.000000
z134z135z3                    1.000000
z144z7z2                      1.000000
z144z28z1                     1.000000
z144z147z2                    1.000000
z154z28z1                     1.000000
z167z101z3                    1.000000
z167z135z3                    1.000000
z171z7z2                      1.000000
z171z101z3                    1.000000
z171z135z3                    1.000000
z171z147z2                    1.000000
z181z28z1                     1.000000
z181z101z3                    1.000000
z181z135z3                    1.000000
z181z176z1                    1.000000
z181z176z3                    1.000000
All other variables in the range 1-3897 are 0.
