
Log started (V12.10.0.0) Thu Apr 15 13:23:04 2021


Problem 'asset.lp' read.
Read time = 0.01 sec. (0.60 ticks)
New value for default parallel thread count: 1
New value for time limit in seconds: 150
Version identifier: 12.10.0.0 | 2019-11-26 | 843d4de
CPXPARAM_Threads                                 1
CPXPARAM_TimeLimit                               150
Found incumbent of value 0.000000 after 0.00 sec. (0.17 ticks)
Tried aggregator 3 times.
MIP Presolve eliminated 1499 rows and 578 columns.
MIP Presolve added 2 rows and 0 columns.
MIP Presolve modified 4843 coefficients.
Aggregator did 1824 substitutions.
Reduced MIP has 1931 rows, 2830 columns, and 11725 nonzeros.
Reduced MIP has 2316 binaries, 453 generals, 0 SOSs, and 0 indicators.
Presolve time = 0.03 sec. (24.70 ticks)
Probing fixed 0 vars, tightened 1 bounds.
Probing time = 0.01 sec. (4.43 ticks)
Tried aggregator 1 time.
Detecting symmetries...
MIP Presolve eliminated 5 rows and 4 columns.
Reduced MIP has 1926 rows, 2826 columns, and 11713 nonzeros.
Reduced MIP has 2313 binaries, 452 generals, 0 SOSs, and 0 indicators.
Presolve time = 0.01 sec. (7.41 ticks)
Probing time = 0.00 sec. (2.97 ticks)
Clique table members: 7620.
MIP emphasis: balance optimality and feasibility.
MIP search method: dynamic search.
Parallel mode: none, using 1 thread.
Root relaxation solution time = 0.04 sec. (53.91 ticks)

        Nodes                                         Cuts/
   Node  Left     Objective  IInf  Best Integer    Best Bound    ItCnt     Gap

*     0+    0                            0.0000      348.0000              --- 
      0     0      347.0000   326        0.0000      347.0000      815     --- 
      0     0      346.0000   326        0.0000     Cuts: 288     1410     --- 
      0     0      346.0000   326        0.0000     Cuts: 581     2253     --- 
      0     0      346.0000   326        0.0000     Cuts: 147     2655     --- 
*     0+    0                          190.0000      346.0000            82.11%
*     0+    0                          192.0000      346.0000            80.21%
*     0+    0                          194.0000      346.0000            78.35%
*     0+    0                          204.0000      346.0000            69.61%
*     0+    0                          206.0000      346.0000            67.96%
      0     0        cutoff            206.0000      346.0000     2655   67.96%
      0     0      346.0000   326      206.0000     Cuts: 581     3494   67.96%
*     0+    0                          208.0000      346.0000            66.35%
*     0+    0                          218.0000      346.0000            58.72%
*     0+    0                          226.0000      346.0000            53.10%
*     0+    0                          228.0000      346.0000            51.75%
*     0+    0                          230.0000      346.0000            50.43%
*     0+    0                          240.0000      346.0000            44.17%
      0     0        cutoff            240.0000      346.0000     3494   44.17%
      0     2      346.0000   193      240.0000      346.0000     3494   44.17%
Elapsed time = 1.62 sec. (1931.10 ticks, tree = 0.01 MB, solutions = 11)
      9    11      346.0000   258      240.0000      346.0000     6175   44.17%
     22    24      346.0000   205      240.0000      346.0000     7605   44.17%
     47    49      346.0000   215      240.0000      346.0000     9106   44.17%
     90    92      346.0000   179      240.0000      346.0000    11111   44.17%
    140   142      346.0000   161      240.0000      346.0000    13140   44.17%
    188   190      346.0000   165      240.0000      346.0000    15953   44.17%
    243   245      344.9862   175      240.0000      346.0000    19005   44.17%
    286   288      346.0000   178      240.0000      346.0000    21177   44.17%
    315   317      341.1806   229      240.0000      346.0000    24798   44.17%
    512   484      331.4822   149      240.0000      346.0000    34738   44.17%
Elapsed time = 3.94 sec. (5174.99 ticks, tree = 8.36 MB, solutions = 11)
    656   603      341.3503   245      240.0000      346.0000    44616   44.17%
    853   793      331.2522   187      240.0000      346.0000    53729   44.17%
*   952+  868                          246.0000      346.0000            40.65%
*   952+  866                          248.0000      346.0000            39.52%
*   952+  863                          250.0000      346.0000            38.40%
*   953+  851                          258.0000      346.0000            34.11%
    953   853      345.0436   292      258.0000      346.0000    56896   34.11%
*   954+  850                          262.0000      346.0000            32.06%

Performing restart 1

Repeating presolve.
Tried aggregator 1 time.
MIP Presolve eliminated 1 rows and 0 columns.
MIP Presolve modified 2164 coefficients.
Reduced MIP has 1925 rows, 2826 columns, and 9737 nonzeros.
Reduced MIP has 2313 binaries, 452 generals, 0 SOSs, and 0 indicators.
Presolve time = 0.01 sec. (8.81 ticks)
Tried aggregator 1 time.
Reduced MIP has 1925 rows, 2826 columns, and 9737 nonzeros.
Reduced MIP has 2313 binaries, 452 generals, 0 SOSs, and 0 indicators.
Presolve time = 0.01 sec. (7.11 ticks)
Represolve time = 0.06 sec. (45.59 ticks)
   1064     0      346.0000   428      262.0000     Cuts: 108    65312   32.06%
   1064     0      346.0000   428      262.0000     Cuts: 581    66712   32.06%
   1064     0      346.0000   428      262.0000     Cuts: 181    67735   32.06%
   1064     0      346.0000   428      262.0000     Cuts: 489    69292   32.06%
   1064     0      346.0000   428      262.0000     Cuts: 125    70285   32.06%
   1064     0      346.0000   428      262.0000     Cuts: 486    72154   32.06%
   1064     0      346.0000   428      262.0000      Cuts: 78    72924   32.06%
   1064     0      346.0000   428      262.0000     Cuts: 525    74301   32.06%
   1064     2      346.0000   265      262.0000      346.0000    74301   32.06%
   1067     5      346.0000   367      262.0000      346.0000    78086   32.06%
   1071     9      346.0000   362      262.0000      346.0000    81012   32.06%
   1079    17      346.0000   323      262.0000      346.0000    83176   32.06%
   1086    24      345.6734   312      262.0000      346.0000    85984   32.06%
   1094    32      341.4128   368      262.0000      346.0000    94540   32.06%
   1104    42      346.0000   289      262.0000      346.0000    98815   32.06%
Elapsed time = 21.64 sec. (29547.79 ticks, tree = 0.18 MB, solutions = 16)
   1111    49      346.0000   299      262.0000      346.0000   103499   32.06%
   1120    58      346.0000   292      262.0000      346.0000   108447   32.06%
   1124    62      345.7396   308      262.0000      346.0000   113472   32.06%
   1169    97      343.9124   368      262.0000      346.0000   123795   32.06%
   1173   101      340.0000   368      262.0000      346.0000   129545   32.06%
   1177   105      342.0000   312      262.0000      346.0000   136536   32.06%
   1183   111      341.1580   285      262.0000      346.0000   141528   32.06%
   1189   117      341.0694   342      262.0000      346.0000   144711   32.06%
   1204   132      340.8818   299      262.0000      346.0000   149672   32.06%
   1224   152      340.3758   257      262.0000      346.0000   157221   32.06%
Elapsed time = 32.63 sec. (45151.44 ticks, tree = 0.81 MB, solutions = 16)
   1242   170      338.5790   284      262.0000      346.0000   164876   32.06%
   1264   192      338.0000   291      262.0000      346.0000   168456   32.06%
   1311   214      334.0000   255      262.0000      346.0000   178786   32.06%
   1392   269      341.4947   313      262.0000      346.0000   198978   32.06%
   1403   280      338.7155   313      262.0000      346.0000   205851   32.06%
   1413   290      337.2682   303      262.0000      346.0000   213159   32.06%
   1424   301      332.2493   302      262.0000      346.0000   217690   32.06%
   1444   314      346.0000   278      262.0000      346.0000   221071   32.06%
   1452   322      345.4562   391      262.0000      346.0000   231822   32.06%
   1459   329      325.4588   361      262.0000      346.0000   237586   32.06%
Elapsed time = 44.24 sec. (60768.74 ticks, tree = 1.08 MB, solutions = 16)
   1464   334      323.0667   356      262.0000      346.0000   243800   32.06%
   1476   341      344.2301   319      262.0000      346.0000   255731   32.06%
   1495   360      340.1597   358      262.0000      346.0000   263337   32.06%
   1507   372      338.0725   339      262.0000      346.0000   276079   32.06%
   1550   413      326.0000   297      262.0000      346.0000   282112   32.06%
*  1564+  421                          266.0000      346.0000            30.08%
*  1564+  421                          268.0000      346.0000            29.10%
   1564   423      324.0000   284      268.0000      346.0000   284976   29.10%
   1583   437      343.7548   376      268.0000      346.0000   296946   29.10%
   1585   439      340.9737   339      268.0000      346.0000   300168   29.10%
   1598   452      339.0000   306      268.0000      346.0000   307972   29.10%
   1619   469      342.3872   378      268.0000      346.0000   320092   29.10%
Elapsed time = 56.29 sec. (76546.25 ticks, tree = 1.29 MB, solutions = 18)
   1622   472      341.9679   381      268.0000      346.0000   328954   29.10%
   1629   479      341.1527   356      268.0000      346.0000   333635   29.10%
   1642   492      339.5555   291      268.0000      346.0000   341351   29.10%
   1664   514      336.9202   315      268.0000      346.0000   346859   29.10%
   1677   524      318.0000   227      268.0000      346.0000   355797   29.10%
   1692   533      346.0000   447      268.0000      346.0000   361539   29.10%
   1694   535      344.5608   390      268.0000      346.0000   369516   29.10%
   1699   540      343.9241   324      268.0000      346.0000   375545   29.10%
   1715   556      338.8778   294      268.0000      346.0000   381532   29.10%
   1734   575      318.6003   197      268.0000      346.0000   388906   29.10%
Elapsed time = 67.89 sec. (91908.26 ticks, tree = 1.64 MB, solutions = 18)
*  1764+  600                          272.0000      346.0000            27.21%
*  1764+  600                          274.0000      346.0000            26.28%
   1764   602      300.8126   146      274.0000      346.0000   392451   26.28%
   1779   613      346.0000   387      274.0000      346.0000   396381   26.28%
   1781   615      340.1084   371      274.0000      346.0000   403146   26.28%
   1787   621      338.0000   374      274.0000      346.0000   409714   26.28%
   1792   626      336.2349   324      274.0000      346.0000   415192   26.28%
   1838   668      346.0000   389      274.0000      346.0000   422920   26.28%
   1842   672      339.2158   368      274.0000      346.0000   428508   26.28%
   1849   679      335.1828   322      274.0000      346.0000   435673   26.28%
   1860   690      333.1398   282      274.0000      346.0000   441977   26.28%
*  1864+  692                          276.0000      346.0000            25.36%
*  1864+  692                          280.0000      346.0000            23.57%
*  1864+  692                          282.0000      346.0000            22.70%
   1864   694      331.0000   276      282.0000      346.0000   442950   22.70%
Elapsed time = 79.24 sec. (107492.37 ticks, tree = 1.82 MB, solutions = 23)
   1891   719      323.9066   250      282.0000      346.0000   449760   22.70%
   1922   744      296.3605   179      282.0000      346.0000   458919   22.70%
   1936   754      343.0442   311      282.0000      346.0000   465795   22.70%
   1944   762      340.4615   326      282.0000      346.0000   473847   22.70%
   1954   772      336.8934   350      282.0000      346.0000   482078   22.70%
   1964   782      338.9056   281      282.0000      346.0000   485997   22.70%
   1979   795      323.3188   287      282.0000      346.0000   494508   22.70%
   2034   838      309.6836   195      282.0000      346.0000   502583   22.70%
   2050   843      343.8796   335      282.0000      346.0000   506895   22.70%
   2061   854      342.0579   309      282.0000      346.0000   512971   22.70%
Elapsed time = 89.56 sec. (120589.31 ticks, tree = 2.05 MB, solutions = 23)
   2064   857      341.7705   281      282.0000      346.0000   513452   22.70%
   2082   873      324.6375   246      282.0000      346.0000   519621   22.70%
   2115   899      339.8158   358      282.0000      346.0000   527324   22.70%
   2139   919      346.0000   433      282.0000      346.0000   535767   22.70%
   2141   921      345.7607   426      282.0000      346.0000   540988   22.70%
   2146   926      334.0305   314      282.0000      346.0000   549645   22.70%
   2157   937      326.7222   238      282.0000      346.0000   554935   22.70%
   2178   956      312.0000   171      282.0000      346.0000   559980   22.70%
   2206   978      298.0000   172      282.0000      346.0000   566643   22.70%
   2226   990      345.6250   380      282.0000      346.0000   574375   22.70%
Elapsed time = 102.04 sec. (136977.08 ticks, tree = 2.24 MB, solutions = 23)
   2231   995      332.4728   319      282.0000      346.0000   581763   22.70%
   2242  1006      330.8281   297      282.0000      346.0000   587971   22.70%
   2255  1017      325.9876   272      282.0000      346.0000   594488   22.70%
   2284  1040      346.0000   466      282.0000      346.0000   604765   22.70%
   2289  1045      346.0000   483      282.0000      346.0000   613505   22.70%
   2292  1048      346.0000   512      282.0000      346.0000   622681   22.70%
   2294  1050      346.0000   522      282.0000      346.0000   629494   22.70%
   2296  1052      343.2500   439      282.0000      346.0000   637719   22.70%
   2301  1057      343.2500   394      282.0000      346.0000   643086   22.70%
   2318  1074      342.0000   369      282.0000      346.0000   667959   22.70%
Elapsed time = 115.75 sec. (155898.77 ticks, tree = 2.41 MB, solutions = 23)
   2331  1087      340.6436   368      282.0000      346.0000   692908   22.70%
   2389  1141      322.0076   185      282.0000      346.0000   708655   22.70%
   2428  1170      328.5716   195      282.0000      346.0000   726839   22.70%
*  2464+ 1204                          286.0000      346.0000            20.98%
   2480  1218      341.6150   260      286.0000      346.0000   741939   20.98%
   2564  1294      300.0000   159      286.0000      346.0000   759429   20.98%
   2589  1315      341.3975   383      286.0000      346.0000   769457   20.98%
   2631  1357      333.6001   327      286.0000      346.0000   795626   20.98%
*  2664+ 1387                          290.0000      346.0000            19.31%
Starting limited solution polishing.
   2741  1462      345.4181   413      290.0000      346.0000   817973   19.31%
   2783  1504      329.6297   235      290.0000      346.0000   837789   19.31%
   2836  1546      334.5779   321      290.0000      346.0000   857148   19.31%
Elapsed time = 146.80 sec. (196279.23 ticks, tree = 3.19 MB, solutions = 25)
Advanced basis not built.

GUB cover cuts applied:  92
Clique cuts applied:  157
Cover cuts applied:  36
Implied bound cuts applied:  169
Flow cuts applied:  12
Mixed integer rounding cuts applied:  129
Zero-half cuts applied:  17
Gomory fractional cuts applied:  2

Root node processing (before b&c):
  Real time             =    1.61 sec. (1923.27 ticks)
Sequential b&c:
  Real time             =  148.39 sec. (198461.93 ticks)
                          ------------
Total (root+branch&cut) =  150.00 sec. (200385.20 ticks)

Solution pool: 26 solutions saved.

MIP - Time limit exceeded, integer feasible:  Objective =  2.9000000000e+02
Current MIP best bound =  3.4600000000e+02 (gap = 56, 19.31%)
Solution time =  150.00 sec.  Iterations = 881662  Nodes = 2864 (1573)
Deterministic time = 200385.21 ticks  (1335.87 ticks/sec)


Incumbent solution
Variable Name           Solution Value
F                           290.000000
y7                            1.000000
y16                           1.000000
y24                           1.000000
y28                           1.000000
y34                           1.000000
y35                           1.000000
y41                           1.000000
y50                           1.000000
y61                           1.000000
y67                           1.000000
y74                           1.000000
y86                           1.000000
y90                           1.000000
y97                           1.000000
y102                          1.000000
y108                          1.000000
y109                          1.000000
y111                          1.000000
y121                          1.000000
y122                          1.000000
y123                          1.000000
y139                          1.000000
y140                          1.000000
y141                          1.000000
y143                          1.000000
y154                          1.000000
y159                          1.000000
y174                          1.000000
y184                          1.000000
y185                          1.000000
y188                          1.000000
y196                          1.000000
y205                          1.000000
y208                          1.000000
y213                          1.000000
y214                          1.000000
y218                          1.000000
y220                          1.000000
y221                          1.000000
y231                          1.000000
y234                          1.000000
y238                          1.000000
y250                          1.000000
y254                          1.000000
y256                          1.000000
y257                          1.000000
y266                          1.000000
y267                          1.000000
y273                          1.000000
y280                          1.000000
y282                          1.000000
y285                          1.000000
x38x238x1                     1.000000
x95x250x1                     1.000000
x115x154x1                    1.000000
x115x257x1                    1.000000
x162x139x1                    1.000000
x170x139x1                    1.000000
x170x188x1                    1.000000
x190x280x1                    2.000000
x216x220x1                    1.000000
x216x257x1                    1.000000
x278x90x1                     1.000000
x89x231x2                     2.000000
x97x111x2                     1.000000
x97x184x2                     1.000000
x177x254x2                    1.000000
x203x90x2                     1.000000
x233x102x2                    2.000000
x242x154x2                    1.000000
x242x254x2                    1.000000
x265x97x2                     2.000000
x31x196x3                     1.000000
x31x238x3                     1.000000
x38x221x3                     1.000000
x79x221x3                     1.000000
x79x250x3                     1.000000
x87x143x3                     1.000000
x87x196x3                     1.000000
x177x188x3                    1.000000
x203x220x3                    1.000000
x217x143x3                    1.000000
x260x34x3                     2.000000
x102x7x2                      2.000000
x7x35x2                       1.000000
x7x140x2                      1.000000
x174x16x2                     1.000000
b16b0b2                       1.000000
x50x16x3                      1.000000
b16b0b3                       1.000000
x231x24x2                     2.000000
x24x121x2                     1.000000
x24x266x2                     1.000000
x256x28x2                     1.000000
b28b0b2                       1.000000
x109x28x3                     1.000000
b28b0b3                       1.000000
x34x67x3                      2.000000
x256x35x2                     1.000000
b35b0b2                       2.000000
x74x41x1                      1.000000
x220x41x1                     1.000000
b41b0b1                       2.000000
x238x50x1                     1.000000
x50x159x1                     1.000000
x238x50x3                     1.000000
x282x61x1                     1.000000
b61b0b1                       1.000000
x208x61x2                     1.000000
b61b0b2                       1.000000
x67x123x3                     1.000000
x67x267x3                     1.000000
x257x74x1                     2.000000
x74x267x1                     1.000000
x221x86x3                     1.000000
x250x86x3                     1.000000
x86x121x3                     1.000000
x86x123x3                     1.000000
x90x282x1                     1.000000
x90x174x2                     1.000000
x188x108x3                    1.000000
x220x108x3                    1.000000
x108x141x3                    2.000000
x143x109x3                    2.000000
x109x205x3                    1.000000
x111x285x2                    2.000000
b121b0b2                      1.000000
b121b0b3                      1.000000
x185x122x3                    2.000000
b122b0b3                      2.000000
b123b0b3                      2.000000
x139x208x1                    1.000000
x139x282x1                    1.000000
x282x140x1                    1.000000
b140b0b1                      1.000000
b140b0b2                      1.000000
b141b0b3                      2.000000
x154x214x1                    1.000000
x154x208x2                    1.000000
b159b0b1                      1.000000
x214x159x3                    1.000000
b159b0b3                      1.000000
x280x174x1                    1.000000
x174x266x1                    1.000000
x184x218x2                    1.000000
x184x234x2                    1.000000
x196x185x3                    2.000000
x188x218x1                    1.000000
x208x205x1                    1.000000
b205b0b1                      1.000000
b205b0b3                      1.000000
x250x213x1                    1.000000
x280x213x1                    1.000000
x213x234x1                    1.000000
x213x273x1                    1.000000
x214x273x1                    1.000000
x221x214x3                    1.000000
b218b0b1                      1.000000
b218b0b2                      1.000000
b234b0b1                      1.000000
b234b0b2                      1.000000
x254x256x2                    2.000000
b266b0b1                      1.000000
b266b0b2                      1.000000
b267b0b1                      1.000000
b267b0b3                      1.000000
b273b0b1                      2.000000
b285b0b2                      2.000000
s31                           3.060000
s14                           8.040000
z31z14z3                      1.000000
s16                           8.807827
s22                           6.700000
s28                           9.380000
s34                           6.370000
z31z34z3                      1.000000
s48                           7.650000
s50                           7.240000
s58                           7.070000
s67                           7.639006
z31z67z3                      1.000000
s86                           7.615278
z31z86z3                      1.000000
s93                           6.444999
s108                          8.214915
z31z108z3                     1.000000
s109                          7.459227
z31z109z3                     1.000000
s112                          6.850000
z31z112z3                     1.000000
s119                          7.260000
z31z119z3                     1.000000
s121                          8.660000
s122                          9.230000
z31z122z3                     1.000000
s123                          9.170000
z31z123z3                     1.000000
s124                          6.250000
s129                          6.000000
s141                          9.330000
z31z141z3                     1.000000
s143                          6.000000
z31z143z3                     1.000000
s159                          8.963459
s172                          6.000000
z31z172z3                     1.000000
s173                          9.480000
z31z173z3                     1.000000
s185                          7.405572
z31z185z3                     1.000000
s187                          8.430000
s188                          6.267851
s196                          6.000000
z31z196z3                     1.000000
s199                          8.440000
z31z199z3                     1.000000
s205                          8.602846
s214                          7.372678
s219                          7.010000
z31z219z3                     1.000000
s220                          7.054360
s221                          6.000000
z31z221z3                     1.000000
s225                          8.040000
s226                          7.020000
z31z226z3                     1.000000
s238                          6.025731
z31z238z3                     1.000000
s241                          7.770000
s250                          6.307670
s267                          9.410000
s38                           2.890000
s13                           7.880000
z38z14z3                      1.000000
z38z34z3                      1.000000
s41                           9.103981
z38z41z1                      1.000000
s46                           8.180000
s61                           8.900000
z38z67z3                      1.000000
s74                           7.867244
z38z74z1                      1.000000
z38z86z3                      1.000000
s90                           6.046950
z38z108z3                     1.000000
z38z109z3                     1.000000
z38z112z3                     1.000000
s118                          7.890000
z38z119z3                     1.000000
z38z122z3                     1.000000
z38z123z3                     1.000000
s139                          6.000000
z38z139z1                     1.000000
s140                          9.300000
z38z141z3                     1.000000
z38z143z3                     1.000000
s154                          6.070662
z38z172z3                     1.000000
z38z173z3                     1.000000
s174                          7.259658
z38z185z3                     1.000000
z38z196z3                     1.000000
z38z199z3                     1.000000
s208                          7.390662
s213                          7.530181
z38z213z1                     1.000000
s218                          9.000000
z38z219z3                     1.000000
z38z221z3                     1.000000
z38z226z3                     1.000000
s234                          8.800900
z38z238z1                     1.000000
s257                          6.523087
z38z257z1                     1.000000
s266                          8.880000
s273                          9.460000
z38z273z1                     1.000000
s280                          6.000000
z38z280z1                     1.000000
s282                          7.574423
z38z282z1                     1.000000
s79                           3.590000
z79z14z3                      1.000000
z79z34z3                      1.000000
z79z67z3                      1.000000
z79z86z3                      1.000000
z79z108z3                     1.000000
z79z109z3                     1.000000
z79z112z3                     1.000000
z79z119z3                     1.000000
z79z122z3                     1.000000
z79z123z3                     1.000000
z79z141z3                     1.000000
z79z143z3                     1.000000
z79z172z3                     1.000000
z79z173z3                     1.000000
z79z185z3                     1.000000
z79z196z3                     1.000000
z79z199z3                     1.000000
z79z219z3                     1.000000
z79z221z3                     1.000000
z79z226z3                     1.000000
z79z250z3                     1.000000
s87                           2.200000
z87z14z3                      1.000000
z87z34z3                      1.000000
z87z67z3                      1.000000
z87z86z3                      1.000000
z87z108z3                     1.000000
z87z109z3                     1.000000
z87z112z3                     1.000000
z87z119z3                     1.000000
z87z122z3                     1.000000
z87z123z3                     1.000000
z87z141z3                     1.000000
z87z143z3                     1.000000
z87z172z3                     1.000000
z87z173z3                     1.000000
z87z185z3                     1.000000
z87z196z3                     1.000000
z87z199z3                     1.000000
z87z219z3                     1.000000
z87z221z3                     1.000000
z87z226z3                     1.000000
s89                           2.200000
s1                            8.030000
z89z1z2                       1.000000
s7                            7.846618
z89z7z2                       1.000000
s24                           7.250000
z89z24z2                      1.000000
s29                           6.320000
z89z29z2                      1.000000
s35                           9.470000
z89z35z2                      1.000000
s59                           9.240000
z89z59z2                      1.000000
s97                           6.000000
z89z97z2                      1.000000
s102                          6.274469
z89z102z2                     1.000000
s111                          7.420773
z89z111z2                     1.000000
s179                          8.190000
z89z179z2                     1.000000
s184                          7.447881
z89z184z2                     1.000000
s231                          6.000000
z89z231z2                     1.000000
s246                          7.610000
z89z246z2                     1.000000
s254                          6.740000
z89z254z2                     1.000000
s256                          7.966633
z89z256z2                     1.000000
s285                          8.880000
z89z285z2                     1.000000
s95                           3.190000
z95z41z1                      1.000000
z95z74z1                      1.000000
z95z139z1                     1.000000
z95z213z1                     1.000000
z95z250z1                     1.000000
z95z257z1                     1.000000
z95z273z1                     1.000000
z95z280z1                     1.000000
z95z282z1                     1.000000
z97z35z2                      1.000000
z97z59z2                      1.000000
z97z111z2                     1.000000
z97z184z2                     1.000000
s115                          2.250000
z115z41z1                     1.000000
z115z74z1                     1.000000
z115z139z1                    1.000000
z115z154z1                    1.000000
z115z213z1                    1.000000
z115z257z1                    1.000000
z115z273z1                    1.000000
z115z280z1                    1.000000
z115z282z1                    1.000000
s162                          2.795127
z162z41z1                     1.000000
z162z74z1                     1.000000
z162z139z1                    1.000000
z162z213z1                    1.000000
z162z257z1                    1.000000
z162z273z1                    1.000000
z162z280z1                    1.000000
z162z282z1                    1.000000
s170                          3.520975
z170z41z1                     1.000000
z170z74z1                     1.000000
z170z139z1                    1.000000
z170z188z1                    1.000000
z170z213z1                    1.000000
z170z257z1                    1.000000
z170z273z1                    1.000000
z170z280z1                    1.000000
z170z282z1                    1.000000
s177                          4.773750
z177z1z2                      1.000000
z177z7z2                      1.000000
z177z14z3                     1.000000
z177z35z2                     1.000000
z177z59z2                     1.000000
z177z67z3                     1.000000
z177z86z3                     1.000000
z177z108z3                    1.000000
z177z109z3                    1.000000
z177z112z3                    1.000000
z177z119z3                    1.000000
z177z122z3                    1.000000
z177z123z3                    1.000000
z177z141z3                    1.000000
z177z173z3                    1.000000
z177z179z2                    1.000000
z177z185z3                    1.000000
z177z188z3                    1.000000
z177z199z3                    1.000000
z177z219z3                    1.000000
z177z226z3                    1.000000
z177z246z2                    1.000000
z177z254z2                    1.000000
z177z256z2                    1.000000
z177z285z2                    1.000000
s190                          3.290000
z190z41z1                     1.000000
z190z74z1                     1.000000
z190z139z1                    1.000000
z190z213z1                    1.000000
z190z257z1                    1.000000
z190z273z1                    1.000000
z190z280z1                    1.000000
z190z282z1                    1.000000
s203                          4.330000
z203z1z2                      1.000000
z203z7z2                      1.000000
z203z14z3                     1.000000
z203z24z2                     1.000000
z203z29z2                     1.000000
z203z34z3                     1.000000
z203z35z2                     1.000000
z203z59z2                     1.000000
z203z67z3                     1.000000
z203z86z3                     1.000000
z203z90z2                     1.000000
z203z97z2                     1.000000
z203z102z2                    1.000000
z203z108z3                    1.000000
z203z109z3                    1.000000
z203z111z2                    1.000000
z203z112z3                    1.000000
z203z119z3                    1.000000
z203z122z3                    1.000000
z203z123z3                    1.000000
z203z141z3                    1.000000
z203z143z3                    1.000000
z203z172z3                    1.000000
z203z173z3                    1.000000
z203z179z2                    1.000000
z203z184z2                    1.000000
z203z185z3                    1.000000
z203z196z3                    1.000000
z203z199z3                    1.000000
z203z219z3                    1.000000
z203z220z3                    1.000000
z203z221z3                    1.000000
z203z226z3                    1.000000
z203z231z2                    1.000000
z203z246z2                    1.000000
z203z254z2                    1.000000
z203z256z2                    1.000000
z203z285z2                    1.000000
s216                          4.780000
z216z41z1                     1.000000
z216z74z1                     1.000000
z216z213z1                    1.000000
z216z220z1                    1.000000
z216z257z1                    1.000000
z216z273z1                    1.000000
z216z282z1                    1.000000
s217                          2.089894
z217z14z3                     1.000000
z217z34z3                     1.000000
z217z67z3                     1.000000
z217z86z3                     1.000000
z217z108z3                    1.000000
z217z109z3                    1.000000
z217z112z3                    1.000000
z217z119z3                    1.000000
z217z122z3                    1.000000
z217z123z3                    1.000000
z217z141z3                    1.000000
z217z143z3                    1.000000
z217z172z3                    1.000000
z217z173z3                    1.000000
z217z185z3                    1.000000
z217z196z3                    1.000000
z217z199z3                    1.000000
z217z219z3                    1.000000
z217z221z3                    1.000000
z217z226z3                    1.000000
s233                          3.000000
z233z1z2                      1.000000
z233z7z2                      1.000000
z233z24z2                     1.000000
z233z29z2                     1.000000
z233z35z2                     1.000000
z233z59z2                     1.000000
z233z97z2                     1.000000
z233z102z2                    1.000000
z233z111z2                    1.000000
z233z179z2                    1.000000
z233z184z2                    1.000000
z233z231z2                    1.000000
z233z246z2                    1.000000
z233z254z2                    1.000000
z233z256z2                    1.000000
z233z285z2                    1.000000
s242                          4.818620
z242z1z2                      1.000000
z242z7z2                      1.000000
z242z29z2                     1.000000
z242z35z2                     1.000000
z242z59z2                     1.000000
z242z111z2                    1.000000
z242z154z2                    1.000000
z242z179z2                    1.000000
z242z184z2                    1.000000
z242z246z2                    1.000000
z242z254z2                    1.000000
z242z256z2                    1.000000
z242z285z2                    1.000000
s260                          2.731500
z260z14z3                     1.000000
z260z34z3                     1.000000
z260z67z3                     1.000000
z260z86z3                     1.000000
z260z108z3                    1.000000
z260z109z3                    1.000000
z260z112z3                    1.000000
z260z119z3                    1.000000
z260z122z3                    1.000000
z260z123z3                    1.000000
z260z141z3                    1.000000
z260z143z3                    1.000000
z260z172z3                    1.000000
z260z173z3                    1.000000
z260z185z3                    1.000000
z260z196z3                    1.000000
z260z199z3                    1.000000
z260z219z3                    1.000000
z260z221z3                    1.000000
z260z226z3                    1.000000
s265                          2.070000
z265z1z2                      1.000000
z265z7z2                      1.000000
z265z24z2                     1.000000
z265z29z2                     1.000000
z265z35z2                     1.000000
z265z59z2                     1.000000
z265z97z2                     1.000000
z265z102z2                    1.000000
z265z111z2                    1.000000
z265z179z2                    1.000000
z265z184z2                    1.000000
z265z231z2                    1.000000
z265z246z2                    1.000000
z265z254z2                    1.000000
z265z256z2                    1.000000
z265z285z2                    1.000000
s278                          3.080000
z278z41z1                     1.000000
z278z74z1                     1.000000
z278z90z1                     1.000000
z278z139z1                    1.000000
z278z213z1                    1.000000
z278z257z1                    1.000000
z278z273z1                    1.000000
z278z280z1                    1.000000
z278z282z1                    1.000000
z1z35z2                       1.000000
z7z35z2                       1.000000
z7z140z2                      1.000000
z13z35z2                      1.000000
z13z273z1                     1.000000
z22z35z2                      1.000000
z22z141z3                     1.000000
z22z173z3                     1.000000
z24z35z2                      1.000000
z24z59z2                      1.000000
z24z121z2                     1.000000
z24z266z2                     1.000000
z29z35z2                      1.000000
z29z59z2                      1.000000
z34z67z3                      1.000000
z34z141z3                     1.000000
z34z173z3                     1.000000
z50z16z3                      1.000000
z50z141z3                     1.000000
z50z159z1                     1.000000
z50z173z3                     1.000000
z50z273z1                     1.000000
z58z273z1                     1.000000
z67z123z3                     1.000000
z67z141z3                     1.000000
z67z173z3                     1.000000
z67z267z3                     1.000000
z74z41z1                      1.000000
z74z267z1                     1.000000
z86z121z3                     1.000000
z86z123z3                     1.000000
z90z35z2                      1.000000
z90z59z2                      1.000000
z90z174z2                     1.000000
z90z273z1                     1.000000
z90z282z1                     1.000000
z93z35z2                      1.000000
z93z59z2                      1.000000
z93z141z3                     1.000000
z93z173z3                     1.000000
z102z7z2                      1.000000
z102z35z2                     1.000000
z102z59z2                     1.000000
z108z141z3                    1.000000
z109z28z3                     1.000000
z109z141z3                    1.000000
z109z205z3                    1.000000
z111z35z2                     1.000000
z111z59z2                     1.000000
z111z285z2                    1.000000
z112z141z3                    1.000000
z112z173z3                    1.000000
z124z35z2                     1.000000
z124z59z2                     1.000000
z124z141z3                    1.000000
z124z173z3                    1.000000
z129z35z2                     1.000000
z129z59z2                     1.000000
z129z141z3                    1.000000
z129z173z3                    1.000000
z139z41z1                     1.000000
z139z208z1                    1.000000
z139z273z1                    1.000000
z139z282z1                    1.000000
z143z109z3                    1.000000
z143z122z3                    1.000000
z143z123z3                    1.000000
z143z141z3                    1.000000
z143z173z3                    1.000000
z154z35z2                     1.000000
z154z59z2                     1.000000
z154z208z2                    1.000000
z154z214z1                    1.000000
z154z273z1                    1.000000
z172z86z3                     1.000000
z172z122z3                    1.000000
z172z123z3                    1.000000
z172z141z3                    1.000000
z172z173z3                    1.000000
z172z185z3                    1.000000
z174z16z2                     1.000000
z174z35z2                     1.000000
z174z266z1                    1.000000
z174z273z1                    1.000000
z184z35z2                     1.000000
z184z59z2                     1.000000
z184z218z2                    1.000000
z184z234z2                    1.000000
z185z122z3                    1.000000
z185z141z3                    1.000000
z185z173z3                    1.000000
z188z41z1                     1.000000
z188z108z3                    1.000000
z188z122z3                    1.000000
z188z123z3                    1.000000
z188z141z3                    1.000000
z188z173z3                    1.000000
z188z218z1                    1.000000
z188z273z1                    1.000000
z196z67z3                     1.000000
z196z122z3                    1.000000
z196z123z3                    1.000000
z196z141z3                    1.000000
z196z173z3                    1.000000
z196z185z3                    1.000000
z208z35z2                     1.000000
z208z59z2                     1.000000
z208z61z2                     1.000000
z208z205z1                    1.000000
z208z273z1                    1.000000
z213z234z1                    1.000000
z213z273z1                    1.000000
z214z159z3                    1.000000
z214z273z1                    1.000000
z219z141z3                    1.000000
z220z41z1                     1.000000
z220z108z3                    1.000000
z220z141z3                    1.000000
z221z67z3                     1.000000
z221z86z3                     1.000000
z221z122z3                    1.000000
z221z123z3                    1.000000
z221z141z3                    1.000000
z221z173z3                    1.000000
z221z214z3                    1.000000
z231z7z2                      1.000000
z231z24z2                     1.000000
z231z35z2                     1.000000
z231z59z2                     1.000000
z238z50z1                     1.000000
z238z50z3                     1.000000
z238z141z3                    1.000000
z238z173z3                    1.000000
z238z273z1                    1.000000
z241z35z2                     1.000000
z241z59z2                     1.000000
z241z141z3                    1.000000
z241z173z3                    1.000000
z250z86z3                     1.000000
z250z141z3                    1.000000
z250z173z3                    1.000000
z250z213z1                    1.000000
z250z273z1                    1.000000
z254z35z2                     1.000000
z254z59z2                     1.000000
z254z256z2                    1.000000
z254z285z2                    1.000000
z256z28z2                     1.000000
z256z35z2                     1.000000
z257z41z1                     1.000000
z257z74z1                     1.000000
z257z273z1                    1.000000
z280z41z1                     1.000000
z280z174z1                    1.000000
z280z213z1                    1.000000
z280z273z1                    1.000000
z282z61z1                     1.000000
z282z140z1                    1.000000
z282z273z1                    1.000000
All other variables in the range 1-5232 are 0.
