
Log started (V12.10.0.0) Tue Apr 20 04:17:55 2021


Problem 'asset.lp' read.
Read time = 0.00 sec. (0.32 ticks)
New value for default parallel thread count: 1
New value for time limit in seconds: 200
Version identifier: 12.10.0.0 | 2019-11-26 | 843d4de
CPXPARAM_Threads                                 1
CPXPARAM_TimeLimit                               200
Found incumbent of value -0.722166 after 0.00 sec. (0.14 ticks)
Tried aggregator 4 times.
MIP Presolve eliminated 2557 rows and 1437 columns.
MIP Presolve modified 2210 coefficients.
Aggregator did 336 substitutions.
Reduced MIP has 474 rows, 498 columns, and 2020 nonzeros.
Reduced MIP has 417 binaries, 54 generals, 0 SOSs, and 0 indicators.
Presolve time = 0.01 sec. (7.46 ticks)
Probing fixed 100 vars, tightened 16 bounds.
Probing time = 0.00 sec. (1.13 ticks)
Cover probing fixed 0 vars, tightened 37 bounds.
Tried aggregator 1 time.
MIP Presolve eliminated 160 rows and 150 columns.
Reduced MIP has 314 rows, 338 columns, and 1110 nonzeros.
Reduced MIP has 283 binaries, 28 generals, 0 SOSs, and 0 indicators.
Presolve time = 0.00 sec. (1.17 ticks)
Probing time = 0.00 sec. (0.48 ticks)
Tried aggregator 1 time.
Detecting symmetries...
MIP Presolve modified 14 coefficients.
Reduced MIP has 314 rows, 338 columns, and 1110 nonzeros.
Reduced MIP has 283 binaries, 28 generals, 0 SOSs, and 0 indicators.
Presolve time = 0.00 sec. (0.79 ticks)
Probing time = 0.00 sec. (0.48 ticks)
Clique table members: 264.
MIP emphasis: balance optimality and feasibility.
MIP search method: dynamic search.
Parallel mode: none, using 1 thread.
Root relaxation solution time = 0.00 sec. (3.12 ticks)

        Nodes                                         Cuts/
   Node  Left     Objective  IInf  Best Integer    Best Bound    ItCnt     Gap

*     0+    0                           -0.7222      535.9135              --- 
      0     0      393.3297   133       -0.7222      393.3297      309     --- 
      0     0      384.1567   133       -0.7222     Cuts: 128      455     --- 
      0     0      380.5857   133       -0.7222     Cuts: 107      549     --- 
*     0+    0                          356.3494      380.5857             6.80%
      0     0      379.2348   133      356.3494      Cuts: 88      624    6.42%
      0     0      377.4340   133      356.3494      Cuts: 52      670    5.92%
*     0+    0                          357.5901      377.4340             5.55%
      0     0      376.2178   133      357.5901      Cuts: 83      742    5.21%
*     0+    0                          366.7883      376.2178             2.57%
Detecting symmetries...
      0     0      376.0294   133      366.7883      Cuts: 52      794    2.52%
      0     0      375.9107   133      366.7883      Cuts: 50      840    2.49%
      0     0      375.1953   133      366.7883      Cuts: 65      906    2.29%
*     0+    0                          366.7884      375.1953             2.29%
      0     0      374.8770   133      366.7884      Cuts: 53      943    2.21%
*     0+    0                          370.5584      374.8770             1.17%
      0     0      374.0054   133      370.5584      Cuts: 72     1015    0.93%
*     0+    0                          370.5598      374.0054             0.93%
*     0+    0                          370.5602      374.0054             0.93%
      0     0        cutoff            370.5602      374.0054     1015    0.93%
Detecting symmetries...

Repeating presolve.
Tried aggregator 2 times.
MIP Presolve eliminated 72 rows and 104 columns.
MIP Presolve modified 36 coefficients.
Aggregator did 4 substitutions.
Reduced MIP has 238 rows, 230 columns, and 791 nonzeros.
Reduced MIP has 193 binaries, 16 generals, 0 SOSs, and 0 indicators.
Presolve time = 0.00 sec. (0.73 ticks)
Probing fixed 1 vars, tightened 3 bounds.
Probing time = 0.00 sec. (0.34 ticks)
Cover probing fixed 0 vars, tightened 8 bounds.
Tried aggregator 1 time.
MIP Presolve eliminated 16 rows and 6 columns.
MIP Presolve modified 88 coefficients.
Reduced MIP has 222 rows, 224 columns, and 751 nonzeros.
Reduced MIP has 188 binaries, 16 generals, 0 SOSs, and 0 indicators.
Presolve time = 0.00 sec. (0.66 ticks)
Probing time = 0.00 sec. (0.31 ticks)
Tried aggregator 1 time.
Detecting symmetries...
MIP Presolve modified 2 coefficients.
Reduced MIP has 222 rows, 224 columns, and 751 nonzeros.
Reduced MIP has 188 binaries, 16 generals, 0 SOSs, and 0 indicators.
Presolve time = 0.00 sec. (0.52 ticks)
Represolve time = 0.01 sec. (6.05 ticks)
Probing time = 0.00 sec. (0.31 ticks)
Clique table members: 210.
MIP emphasis: balance optimality and feasibility.
MIP search method: dynamic search.
Parallel mode: none, using 1 thread.
Root relaxation solution time = 0.00 sec. (3.59 ticks)

        Nodes                                         Cuts/
   Node  Left     Objective  IInf  Best Integer    Best Bound    ItCnt     Gap

*     0+    0                          370.5602      374.0054             0.93%
      0     0      373.9982   118      370.5602      373.9982     1247    0.93%
      0     0      373.4949   118      370.5602      Cuts: 72     1322    0.79%
*     0+    0                          371.4298      373.4949             0.56%
      0     0      373.3133   118      371.4298      Cuts: 53     1352    0.51%
      0     0      373.3125   118      371.4298      Cuts: 31     1382    0.51%
      0     0      373.3091   118      371.4298      Cuts: 35     1407    0.51%
      0     0      373.2363   118      371.4298      Cuts: 17     1428    0.49%
      0     0      372.9040   118      371.4298      Cuts: 40     1457    0.40%
      0     0      372.8986   118      371.4298      Cuts: 35     1481    0.40%
*     0+    0                          371.4304      372.8986             0.40%
*     0+    0                          371.4320      372.8986             0.39%
*     0+    0                          371.4322      372.8986             0.39%
      0     0        cutoff            371.4322      372.8986     1481    0.39%
Detecting symmetries...
      0     2      372.8986   109      371.4322      372.8986     1481    0.39%
Elapsed time = 0.18 sec. (158.18 ticks, tree = 0.01 MB, solutions = 11)

Clique cuts applied:  13
Implied bound cuts applied:  69
Flow cuts applied:  7
Mixed integer rounding cuts applied:  18
Zero-half cuts applied:  14
Multi commodity flow cuts applied:  1
Lift and project cuts applied:  10
Gomory fractional cuts applied:  9

Root node processing (before b&c):
  Real time             =    0.18 sec. (158.35 ticks)
Sequential b&c:
  Real time             =    0.04 sec. (39.21 ticks)
                          ------------
Total (root+branch&cut) =    0.22 sec. (197.56 ticks)

Solution pool: 12 solutions saved.

MIP - Integer optimal, tolerance (0.0001/1e-06):  Objective =  3.7143220429e+02
Current MIP best bound =  3.7144451861e+02 (gap = 0.0123143, 0.00%)
Solution time =    0.22 sec.  Iterations = 2692  Nodes = 96 (41)
Deterministic time = 197.56 ticks  (916.26 ticks/sec)


Incumbent solution
Variable Name           Solution Value
F                           390.000000
f1                            0.767796
f2                           17.800000
y256                          1.000000
y75                           1.000000
y31                           1.000000
y180                          1.000000
y288                          1.000000
y22                           1.000000
y117                          1.000000
y55                           1.000000
y279                          1.000000
y152                          1.000000
y141                          1.000000
y15                           1.000000
y181                          1.000000
y142                          1.000000
y14                           1.000000
s88                           1.670000
s286                          1.670000
s235                          1.680000
s72                           1.700000
s78                           1.710000
s201                          1.730000
s116                          1.750000
s202                          1.770000
s197                          1.780000
s160                          1.800000
s234                          1.810000
s49                           1.820000
s6                            1.840000
s264                          1.850000
s273                          1.850000
s257                          1.880000
s114                          1.910000
s29                           1.920000
s103                          2.020000
s67                           2.140000
s207                          2.140000
s274                          2.150000
s270                          2.200000
s96                           2.210000
s297                          2.270000
s303                          2.360000
s256                          3.629690
s263                          2.720000
s296                          2.850000
s75                           3.715658
s31                           3.643872
s165                          2.890000
s205                          2.950000
s97                           2.980000
s180                          3.633198
s288                          4.007298
s164                          3.040000
s161                          3.060000
s244                          3.110000
s22                           3.734352
s225                          3.240000
s117                          3.472937
s55                           3.849156
s253                          3.310000
s279                          3.659785
s152                          3.541139
s141                          3.926915
s15                           3.560156
s41                           3.600000
s219                          3.640000
s181                          4.654276
s142                          4.653727
s14                           4.010222
s284                          3.740000
x204x75x1                     1.000000
x16x22x1                      1.000000
x144x180x1                    1.000000
x259x180x1                    1.000000
x108x288x1                    1.000000
x237x31x1                     1.000000
x106x279x1                    2.000000
x9x117x2                      2.000000
x76x31x2                      1.000000
x33x15x2                      1.000000
x63x55x2                      1.000000
x63x14x2                      1.000000
x108x15x2                     1.000000
x167x22x2                     1.000000
x237x75x2                     1.000000
x59x152x3                     1.000000
x204x55x3                     1.000000
x76x152x3                     1.000000
x16x141x3                     1.000000
x33x256x3                     1.000000
x144x288x3                    1.000000
x186x256x3                    1.000000
x186x141x3                    1.000000
x167x14x3                     1.000000
x256x0x3                      2.000000
x75x0x1                       1.000000
x75x0x2                       1.000000
x31x0x1                       1.000000
x31x0x2                       1.000000
x180x0x1                      2.000000
x288x0x1                      1.000000
x288x0x3                      1.000000
x22x0x1                       1.000000
x22x0x2                       1.000000
x117x0x2                      2.000000
x55x0x2                       1.000000
x55x0x3                       1.000000
x279x0x1                      2.000000
x152x181x3                    2.000000
x141x0x3                      2.000000
x15x142x2                     2.000000
x181x0x3                      2.000000
x142x0x2                      2.000000
x14x0x2                       1.000000
x14x0x3                       1.000000
s59                           0.973082
z59z256z3                     1.000000
z59z165z3                     1.000000
z59z205z3                     1.000000
z59z161z3                     1.000000
z59z152z3                     1.000000
z59z141z3                     1.000000
z59z181z3                     1.000000
z59z284z3                     1.000000
s9                            1.964168
z9z117z2                      1.000000
z9z15z2                       1.000000
z9z142z2                      1.000000
s204                          2.109038
z204z75z1                     1.000000
z204z55z3                     1.000000
z204z181z3                    1.000000
s76                           2.110576
z76z31z2                      1.000000
z76z152z3                     1.000000
z76z15z2                      1.000000
z76z181z3                     1.000000
z76z142z2                     1.000000
s16                           2.186959
z16z22z1                      1.000000
z16z141z3                     1.000000
s33                           2.164242
z33z256z3                     1.000000
z33z15z2                      1.000000
z33z181z3                     1.000000
z33z142z2                     1.000000
s144                          2.100245
z144z180z1                    1.000000
z144z288z3                    1.000000
z144z181z3                    1.000000
s186                          2.251444
z186z256z3                    1.000000
z186z141z3                    1.000000
z186z181z3                    1.000000
s259                          2.172688
z259z180z1                    1.000000
s63                           2.235226
z63z55z2                      1.000000
z63z14z2                      1.000000
s108                          2.214328
z108z288z1                    1.000000
z108z15z2                     1.000000
z108z142z2                    1.000000
s167                          2.293429
z167z22z2                     1.000000
z167z14z3                     1.000000
s237                          2.364499
z237z75z2                     1.000000
z237z31z1                     1.000000
s106                          2.255578
z106z279z1                    1.000000
z152z181z3                    1.000000
z15z142z2                     1.000000
All other variables in the range 1-2275 are 0.
