
Log started (V12.10.0.0) Fri Apr  2 17:16:43 2021


Problem 'asset.lp' read.
Read time = 0.01 sec. (0.25 ticks)
New value for default parallel thread count: 1
New value for time limit in seconds: 300
Version identifier: 12.10.0.0 | 2019-11-26 | 843d4de
CPXPARAM_Threads                                 1
CPXPARAM_TimeLimit                               300
Found incumbent of value -0.872865 after 0.00 sec. (0.12 ticks)
Tried aggregator 3 times.
MIP Presolve eliminated 331 rows and 96 columns.
MIP Presolve modified 1988 coefficients.
Aggregator did 777 substitutions.
Reduced MIP has 1167 rows, 1333 columns, and 5730 nonzeros.
Reduced MIP has 1060 binaries, 223 generals, 0 SOSs, and 0 indicators.
Presolve time = 0.02 sec. (10.26 ticks)
Probing fixed 51 vars, tightened 31 bounds.
Probing time = 0.01 sec. (5.29 ticks)
Cover probing fixed 0 vars, tightened 18 bounds.
Tried aggregator 1 time.
Detecting symmetries...
MIP Presolve eliminated 119 rows and 119 columns.
MIP Presolve modified 180 coefficients.
Reduced MIP has 1048 rows, 1214 columns, and 5016 nonzeros.
Reduced MIP has 972 binaries, 192 generals, 0 SOSs, and 0 indicators.
Presolve time = 0.01 sec. (5.10 ticks)
Probing time = 0.00 sec. (2.58 ticks)
Clique table members: 3412.
MIP emphasis: balance optimality and feasibility.
MIP search method: dynamic search.
Parallel mode: none, using 1 thread.
Root relaxation solution time = 0.01 sec. (11.98 ticks)

        Nodes                                         Cuts/
   Node  Left     Objective  IInf  Best Integer    Best Bound    ItCnt     Gap

*     0+    0                           -0.8729      296.6571              --- 
      0     0      277.6265   265       -0.8729      277.6265      634     --- 
      0     0      271.8474   265       -0.8729     Cuts: 362     1029     --- 
      0     0      268.9258   265       -0.8729     Cuts: 362     1537     --- 
      0     0      268.1398   265       -0.8729     Cuts: 362     1859     --- 
      0     0      267.6310   265       -0.8729     Cuts: 362     2195     --- 
*     0+    0                           28.9797      267.6310           823.51%
      0     0        cutoff             28.9797      267.6310     2195  823.51%
      0     0      267.3572   265       28.9797     Cuts: 217     2439  822.57%
Detecting symmetries...
      0     0      266.5126   265       28.9797     Cuts: 245     2759  819.65%
      0     0      266.1542   265       28.9797     Cuts: 259     3107  818.42%
      0     0      265.3037   265       28.9797     Cuts: 287     3475  815.48%
*     0+    0                           59.1430      265.3037           348.58%
*     0+    0                           77.7990      265.3037           241.01%
      0     0        cutoff             77.7990      265.3037     3475  241.01%
      0     0      265.2173   265       77.7990     Cuts: 199     3819  240.90%
      0     0      265.0516   265       77.7990     Cuts: 193     4083  240.69%
      0     0      265.0433   265       77.7990     Cuts: 177     4297  240.68%
      0     0      265.0326   265       77.7990     Cuts: 148     4510  240.66%
*     0+    0                           85.6874      265.0326           209.30%
*     0+    0                           85.6890      265.0326           209.30%
*     0+    0                           85.6894      265.0326           209.29%
      0     0        cutoff             85.6894      265.0326     4510  209.29%
*     0+    0                          101.4156      265.0326           161.33%
Detecting symmetries...
      0     2      265.0326   319      101.4156      265.0324     4510  161.33%
Elapsed time = 0.70 sec. (795.16 ticks, tree = 0.01 MB, solutions = 7)
      9    11      261.6253   235      101.4156      264.7219     8717  161.03%
     24    26      248.7182   192      101.4156      264.7219    11763  161.03%
     44    46      254.6913   178      101.4156      264.7219    14978  161.03%
*   137   101      integral     0      159.4742      264.7219    18245   66.00%
*   140   100      integral     0      159.4746      264.7219    18254   66.00%
    153   113      262.8596   275      159.4746      264.7212    22125   66.00%
    164   124      255.3224   219      159.4746      264.7212    26234   66.00%
    205   159      192.7016    56      159.4746      264.7212    31114   66.00%
    251   200      221.9940   173      159.4746      264.7211    35276   66.00%
    349   290      262.6256   290      159.4746      264.6896    39160   65.98%

Performing restart 1

Repeating presolve.
Tried aggregator 1 time.
MIP Presolve modified 1423 coefficients.
Reduced MIP has 1048 rows, 1214 columns, and 4357 nonzeros.
Reduced MIP has 972 binaries, 192 generals, 0 SOSs, and 0 indicators.
Presolve time = 0.00 sec. (4.05 ticks)
Tried aggregator 1 time.
Reduced MIP has 1048 rows, 1214 columns, and 4357 nonzeros.
Reduced MIP has 972 binaries, 192 generals, 0 SOSs, and 0 indicators.
Presolve time = 0.00 sec. (3.22 ticks)
Represolve time = 0.03 sec. (20.52 ticks)
    461     0      263.3209   307      159.4746     Cuts: 295    50763   65.12%
    461     0      261.7035   307      159.4746     Cuts: 319    51353   64.10%
    461     0      259.8990   307      159.4746     Cuts: 276    52018   62.97%
*   461+    0                          159.4752      259.8990            62.97%
    461     0        cutoff            159.4752      259.8990    52018   62.97%
    461     0      258.0943   307      159.4752     Cuts: 233    52538   61.84%
    461     0      257.4587   307      159.4752     Cuts: 243    52833   61.44%
    461     0      256.9118   307      159.4752     Cuts: 162    53567   61.10%
    461     0      256.5090   307      159.4752     Cuts: 296    53933   60.85%
    461     0      256.1427   307      159.4752     Cuts: 198    54505   60.62%
    461     0      255.9351   307      159.4752     Cuts: 187    54827   60.49%
*   461+    0                          159.4752      255.9351            60.49%
    461     0      255.7259   307      159.4752     Cuts: 182    55107   60.35%
    461     0      255.5867   307      159.4752     Cuts: 117    55331   60.27%
    461     0      255.5288   307      159.4752     Cuts: 116    55451   60.23%
    461     0      255.4805   307      159.4752      Cuts: 86    55609   60.20%
    461     0      255.4315   307      159.4752      Cuts: 79    55751   60.17%
    461     0      255.3939   307      159.4752      Cuts: 78    55969   60.15%
    461     0      255.3712   307      159.4752     Cuts: 101    56168   60.13%
    461     0      255.3603   307      159.4752      Cuts: 87    56313   60.13%
    461     0      255.3425   307      159.4752      Cuts: 70    56480   60.11%
    461     0      255.3069   307      159.4752      Cuts: 75    56746   60.09%
    461     0      255.2942   307      159.4752      Cuts: 97    56936   60.08%
    461     0      255.2908   307      159.4752      Cuts: 53    57046   60.08%
    461     2      255.2908   293      159.4752      255.2899    57046   60.08%
Elapsed time = 8.39 sec. (9996.73 ticks, tree = 0.01 MB, solutions = 11)
    466     7      253.6840   243      159.4752      255.1825    59945   60.01%
    476    17      250.5813   228      159.4752      255.1825    64996   60.01%
    493    34      247.8097   222      159.4752      255.1825    69688   60.01%
    533    70      242.5122   202      159.4752      255.1825    78013   60.01%
    583   107      248.3810   238      159.4752      255.1770    86452   60.01%
    618   142      236.8327   199      159.4752      255.1770    96823   60.01%
    676   192      253.8794   273      159.4752      254.8213   106282   59.79%
    707   218      250.8420   268      159.4752      254.7723   114197   59.76%
    776   274      244.9277   244      159.4752      254.3220   122626   59.47%
    812   302      248.2016   268      159.4752      254.3000   128946   59.46%
Elapsed time = 15.29 sec. (19854.99 ticks, tree = 1.23 MB, solutions = 11)
    876   363      177.8952    63      159.4752      254.3000   136244   59.46%
    941   417      249.7830   233      159.4752      253.8790   144052   59.20%
   1027   491      229.7022   192      159.4752      253.6772   152463   59.07%
   1101   556      242.1495   219      159.4752      253.6364   159466   59.04%
   1180   619      239.6882   211      159.4752      253.5415   169076   58.98%
   1277   705      246.6356   252      159.4752      253.3694   178854   58.88%
   1306   730      250.6513   268      159.4752      252.9773   185501   58.63%
   1354   774      230.6661   213      159.4752      252.9146   193426   58.59%
   1420   832      242.8840   237      159.4752      252.0163   201113   58.03%
   1470   868      251.1999   301      159.4752      252.0083   209754   58.02%
Elapsed time = 22.88 sec. (30128.38 ticks, tree = 5.74 MB, solutions = 11)
   1511   905      234.6064   209      159.4752      251.8712   217268   57.94%
   1554   944      218.8319   171      159.4752      251.7203   224885   57.84%
*  1621+ 1008                          165.9619      251.7203            51.67%
   1641  1030      228.0116   200      165.9619      251.1997   231791   51.36%
   1713  1087      228.5664   214      165.9619      251.1994   238330   51.36%
*  1721+ 1081                          165.9669      251.1994            51.36%
   1751  1108      242.6402   243      165.9669      251.1835   245550   51.35%
   1807  1155      231.4075   202      165.9669      250.8790   253599   51.16%
   1861  1205      219.8285   204      165.9669      250.7205   259972   51.07%
   1909  1241      238.7338   217      165.9669      250.6842   268284   51.04%
   2019  1335        cutoff            165.9669      250.6506   276227   51.02%
   2072  1378      245.6193   254      165.9669      250.5972   281766   50.99%
Elapsed time = 30.11 sec. (39874.97 ticks, tree = 11.61 MB, solutions = 13)
   2114  1416      230.8708   184      165.9669      250.5627   289774   50.97%
   2201  1495      219.0172   141      165.9669      250.5220   297066   50.95%
   2261  1546      195.8475   108      165.9669      250.5217   304325   50.95%
   2344  1610      247.3268   238      165.9669      250.5002   312125   50.93%
   2388  1648      234.9957   191      165.9669      250.4835   319633   50.92%
   2480  1734      248.5685   270      165.9669      250.4173   328144   50.88%
   2539  1789      231.4308   242      165.9669      250.4111   336227   50.88%
   2621  1869      241.8969   254      165.9669      250.2990   342846   50.81%
   2684  1926      233.6501   223      165.9669      250.2922   350787   50.81%
   2723  1961      231.8512   210      165.9669      250.2697   358986   50.79%
Elapsed time = 38.42 sec. (49822.08 ticks, tree = 17.36 MB, solutions = 13)
   2784  2018      233.1591   207      165.9669      250.2589   367769   50.79%
   2864  2094      225.6584   182      165.9669      250.1733   377201   50.74%
   2960  2182      212.9029    92      165.9669      250.0033   386262   50.63%
   3087  2291      232.7554   215      165.9669      249.8762   395932   50.56%
   3176  2367      245.5931   268      165.9669      249.8740   403896   50.56%
   3284  2469      221.0388   185      165.9669      249.8023   413503   50.51%
   3394  2566      204.1377    95      165.9669      249.7718   422275   50.49%
   3465  2626      225.1541   193      165.9669      249.6068   431062   50.40%
   3552  2698      216.3997   151      165.9669      249.3799   439176   50.26%
   3636  2772      175.4964    59      165.9669      249.3367   447467   50.23%
Elapsed time = 46.97 sec. (59559.77 ticks, tree = 24.17 MB, solutions = 13)
*  3651+ 2779                          166.8415      249.3367            49.45%
*  3711+ 2827                          168.6632      249.3314            47.83%
*  3711+ 2797                          171.9832      249.3314            44.97%
   3713  2801      237.3369   251      171.9832      249.3025   454464   44.96%
   3780  2860      220.0478   153      171.9832      249.1983   461917   44.90%
*  3811+ 2874                          171.9857      249.1983            44.89%
   3875  2934      178.5675    89      171.9857      249.1917   469218   44.89%
   3928  2979      225.3104   204      171.9857      249.1160   475805   44.85%
   4010  3051      244.8716   262      171.9857      249.0284   484134   44.80%
   4048  3089      214.2107   187      171.9857      249.0284   491130   44.80%
   4127  3158      182.4704    77      171.9857      249.0159   498117   44.79%
   4211  3230      238.2901   217      171.9857      248.9611   505458   44.76%
   4317  3327      184.5968    89      171.9857      248.9364   514497   44.74%
   4362  3368      214.9838   147      171.9857      248.9118   521138   44.73%
Elapsed time = 55.45 sec. (69317.91 ticks, tree = 29.85 MB, solutions = 17)
   4409  3405      178.7102    82      171.9857      248.8966   528296   44.72%
   4494  3477      225.6871   152      171.9857      248.8876   536054   44.71%
*  4551  3525      integral     0      172.0665      248.8493   542274   44.62%
   4555  3529      241.1864   241      172.0665      248.8434   543215   44.62%
*  4651+ 3498                          179.5128      248.8434            38.62%
   4651  3499      179.5191    27      179.5128      248.8434   551227   38.62%
*  4661+ 3507                          179.5142      248.8434            38.62%
*  4661+ 3507                          179.5144      248.8434            38.62%
   4721  3560      228.6475   187      179.5144      248.7655   556208   38.58%
   4801  3632      227.8141   209      179.5144      248.7418   564002   38.56%
   4884  3709      204.4082   117      179.5144      248.6990   573200   38.54%
   4949  3763      200.4601   173      179.5144      248.6440   582223   38.51%
   5035  3835      238.2976   254      179.5144      248.5646   591581   38.46%
   5096  3892      202.6636   120      179.5144      248.5379   600395   38.45%
Elapsed time = 62.76 sec. (79059.19 ticks, tree = 33.13 MB, solutions = 21)
   5173  3956      235.3996   213      179.5144      248.5056   609584   38.43%
   5247  4020      227.0982   186      179.5144      248.5002   618724   38.43%
   5337  4097      209.4779   168      179.5144      248.3809   628797   38.36%
   5426  4178      209.8179   115      179.5144      248.3808   636256   38.36%
   5493  4234      215.9697   182      179.5144      248.3752   644597   38.36%
   5578  4308      226.4438   187      179.5144      248.3629   652311   38.35%
   5635  4361      214.6844   161      179.5144      248.3597   660156   38.35%
   5665  4387      228.6093   199      179.5144      248.3539   666651   38.35%
   5748  4462      216.0844   168      179.5144      248.3302   675184   38.33%
   5817  4523      210.1780   142      179.5144      248.3235   682937   38.33%
Elapsed time = 69.94 sec. (88713.26 ticks, tree = 40.31 MB, solutions = 21)
   5904  4587      240.0800   239      179.5144      248.2982   691456   38.32%
   5973  4652      230.7139   215      179.5144      248.2759   699685   38.30%
   6070  4734      244.1531   245      179.5144      248.2058   708255   38.27%
   6102  4766      210.8671   146      179.5144      248.2058   716934   38.27%
   6211  4865      208.8651   125      179.5144      248.1673   725110   38.24%
*  6231+ 4730                          184.5316      248.1673            34.48%
   6303  4799      189.3935   107      184.5316      248.1608   733288   34.48%
*  6331+ 4747                          186.0310      248.1535            33.39%
   6384  4798      219.1782   195      186.0310      248.1465   741107   33.39%
   6460  4859      227.0251   193      186.0310      248.0752   749621   33.35%
*  6461+ 4858                          186.0315      248.0752            33.35%
   6514  4909      232.0233   223      186.0315      247.9537   755599   33.29%
   6777  5142      201.6138   138      186.0315      247.7064   790031   33.15%
Elapsed time = 79.39 sec. (101204.00 ticks, tree = 46.60 MB, solutions = 24)
   7067  5403      230.9835   232      186.0315      247.5804   825998   33.09%
   7398  5693      224.2948   188      186.0315      247.4834   863939   33.03%
   7657  5924      213.8139   128      186.0315      247.3005   895813   32.93%
   7920  6156      189.0134    30      186.0315      247.2559   927902   32.91%
*  7921+ 5998                          189.0086      247.2559            30.82%
*  7931+ 6007                          189.0093      247.2559            30.82%
*  7935  6009      integral     0      189.0096      247.2559   927951   30.82%
   8112  6164      237.9346   262      189.0096      247.0994   955450   30.73%
   8366  6392      198.8688   179      189.0096      247.0289   985934   30.70%
   8601  6591      232.0927   212      189.0096      246.9742  1018639   30.67%
   8970  6916      233.0256   232      189.0096      246.7918  1055683   30.57%
   9273  7181      237.1681   194      189.0096      246.6547  1090706   30.50%
*  9461+ 7142                          191.7870      246.5232            28.54%
*  9561+ 7228                          191.7871      246.3234            28.44%
   9561  7230      237.9667   247      191.7871      246.3234  1127441   28.44%
Elapsed time = 108.78 sec. (139583.67 ticks, tree = 64.78 MB, solutions = 29)
*  9681+ 7334                          191.7876      246.3069            28.43%
*  9681+ 7334                          191.7876      246.3069            28.43%
*  9681+ 7334                          191.7880      246.3069            28.43%
*  9681+ 7334                          191.7885      246.3069            28.43%
*  9681+ 7300                          192.2801      246.3069            28.10%
*  9681+ 7119                          194.7187      246.3069            26.49%
*  9682+ 7069                          195.3007      246.3069            26.12%
*  9682+ 7069                          195.3007      246.3069            26.12%
*  9682+ 7069                          195.3009      246.3069            26.12%
*  9682+ 7069                          195.3010      246.3069            26.12%
*  9682+ 7033                          195.7301      246.3069            25.84%
*  9682+ 7033                          195.7306      246.3069            25.84%
*  9682+ 7033                          195.7308      246.3069            25.84%
*  9682+ 7033                          195.7309      246.3069            25.84%
*  9682+ 7033                          195.7309      246.3069            25.84%
*  9682+ 7033                          195.7309      246.3069            25.84%
*  9682+ 7006                          196.0824      246.3069            25.61%
*  9682+ 7006                          196.0831      246.3069            25.61%
*  9682+ 6770                          199.0718      246.3069            23.73%
*  9682+ 6770                          199.0723      246.3069            23.73%
*  9682+ 6770                          199.0723      246.3069            23.73%
*  9682+ 6770                          199.0724      246.3069            23.73%
*  9682+ 6770                          199.0724      246.3069            23.73%
*  9682+ 6770                          199.0724      246.3069            23.73%
   9682  6772      243.9759   237      199.0724      246.2774  1143706   23.71%
*  9683+ 6771                          199.0724      246.2774            23.71%
*  9683+ 6771                          199.0725      246.2774            23.71%
*  9683+ 6771                          199.0726      246.2774            23.71%
*  9683+ 6771                          199.0727      246.2774            23.71%
*  9683+ 6771                          199.0728      246.2774            23.71%
*  9683+ 6771                          199.0728      246.2774            23.71%
   9683  6773      239.7042   286      199.0728      246.2725  1144205   23.71%
   9932  6994      223.8164   209      199.0728      246.2229  1178217   23.68%
  10251  7260      234.3154   219      199.0728      246.0905  1212160   23.62%
  10565  7541      221.9546   197      199.0728      245.9717  1246078   23.56%
  10788  7721      234.9360   219      199.0728      245.7924  1278966   23.47%
  11036  7937      241.3850   231      199.0728      245.6065  1315333   23.38%
  11347  8210      223.0057   188      199.0728      245.5022  1351486   23.32%
  11710  8537      221.1233   186      199.0728      245.3490  1387243   23.25%
  11982  8781      224.6900   218      199.0728      245.1848  1423370   23.16%
Elapsed time = 169.49 sec. (211253.34 ticks, tree = 77.39 MB, solutions = 59)
  12290  9060      211.0308   177      199.0728      245.0771  1459386   23.11%
  12535  9275      218.5981   197      199.0728      245.0357  1494359   23.09%
  12760  9474      213.9191   142      199.0728      244.9275  1527721   23.03%
  12973  9662      228.1448   209      199.0728      244.8637  1559519   23.00%
  13214  9873      227.5397   234      199.0728      244.7510  1592361   22.95%
  13444 10067      202.0431   108      199.0728      244.5983  1626935   22.87%
  13686 10274      234.1264   252      199.0728      244.5151  1660914   22.83%
  13946 10505      212.0338   143      199.0728      244.4466  1697002   22.79%
  14187 10701      238.3077   239      199.0728      244.3569  1731448   22.75%
  14487 10967      201.5253   130      199.0728      244.3062  1768550   22.72%
Elapsed time = 198.01 sec. (249556.01 ticks, tree = 101.38 MB, solutions = 59)
  14780 11223      218.7971   189      199.0728      244.1490  1805853   22.64%
  15022 11428      215.2849   201      199.0728      244.0750  1839040   22.61%
  15299 11668      231.0186   193      199.0728      244.0496  1873233   22.59%
  15554 11890      208.5496   162      199.0728      243.9478  1905820   22.54%
  15749 12056      234.1794   247      199.0728      243.9186  1936986   22.53%
  16006 12279      224.2041   203      199.0728      243.8536  1969530   22.49%
  16253 12495      230.7641   246      199.0728      243.8156  2002421   22.48%
  16555 12760      217.0906   172      199.0728      243.7252  2038262   22.43%
  16882 13048      206.5396   143      199.0728      243.5358  2073600   22.34%
  17153 13292      217.3894   155      199.0728      243.4999  2109264   22.32%
Elapsed time = 229.49 sec. (287875.87 ticks, tree = 120.13 MB, solutions = 59)
  17413 13515      236.7263   254      199.0728      243.4453  2144515   22.29%
  17661 13737      204.5047   150      199.0728      243.3288  2180870   22.23%
  17930 13973      234.7150   259      199.0728      243.2548  2215435   22.19%
  18230 14229        cutoff            199.0728      243.1830  2249489   22.16%
  18453 14419      233.9487   280      199.0728      243.1572  2282027   22.14%
  18703 14639      237.9038   239      199.0728      243.0891  2314366   22.11%
  18961 14862      224.1431   232      199.0728      242.9773  2345458   22.05%

Performing restart 2

Repeating presolve.
Tried aggregator 1 time.
MIP Presolve eliminated 52 rows and 0 columns.
Reduced MIP has 996 rows, 1214 columns, and 11358 nonzeros.
Reduced MIP has 972 binaries, 192 generals, 0 SOSs, and 0 indicators.
Presolve time = 0.01 sec. (5.50 ticks)
Tried aggregator 1 time.
Reduced MIP has 996 rows, 1214 columns, and 11358 nonzeros.
Reduced MIP has 972 binaries, 192 generals, 0 SOSs, and 0 indicators.
Presolve time = 0.01 sec. (6.35 ticks)
Represolve time = 0.09 sec. (65.25 ticks)
  19125     0      255.1313   303      199.0728      Cuts: 66  2368228   22.03%
  19125     0      255.0560   303      199.0728      Cuts: 82  2368582   22.03%
  19125     0      254.5759   303      199.0728     Cuts: 124  2369297   22.03%
  19125     0      254.4619   303      199.0728     Cuts: 261  2369484   22.03%
  19125     0      254.3432   303      199.0728     Cuts: 163  2369779   22.03%
  19125     0      254.3201   303      199.0728     Cuts: 114  2369922   22.03%
  19125     0      254.2925   303      199.0728      Cuts: 83  2370163   22.03%
* 19125+    0                          199.0729      242.9380            22.03%
  19125     0      254.2407   303      199.0729     Cuts: 102  2370400   22.03%
  19125     0      254.1345   303      199.0729     Cuts: 147  2370774   22.03%
  19125     0      254.0204   303      199.0729     Cuts: 125  2371168   22.03%
  19125     2      254.0204   309      199.0729      242.9380  2371168   22.03%
  19187    51      215.3344   179      199.0729      242.9380  2389035   22.03%
  19260   118      221.6308   171      199.0729      242.9380  2407225   22.03%
Elapsed time = 262.72 sec. (330241.68 ticks, tree = 0.24 MB, solutions = 60)
  19362   194      244.3596   242      199.0729      242.9380  2423309   22.03%
  19509   320      230.3888   185      199.0729      242.9380  2448604   22.03%
  19709   486      238.5673   237      199.0729      242.9380  2482681   22.03%
Starting limited solution polishing.
  19846   607      209.6223   123      199.0729      242.9380  2510482   22.03%
  20084   815      225.5463   205      199.0729      242.9380  2553197   22.03%
  20353  1031      230.1531   206      199.0729      242.9380  2595333   22.03%
  20585  1224      237.4508   223      199.0729      242.9380  2642335   22.03%
  20823  1435        cutoff            199.0729      242.9380  2688099   22.03%
  20921  1511      231.1045   227      199.0729      242.9380  2711465   22.03%
  21116  1680      241.8917   260      199.0729      242.9380  2747976   22.03%
Elapsed time = 291.83 sec. (368440.96 ticks, tree = 1.60 MB, solutions = 60)
  21338  1881      236.9162   288      199.0729      242.9380  2792798   22.03%
  21535  2052      224.0975   223      199.0729      242.9380  2826113   22.03%

GUB cover cuts applied:  28
Clique cuts applied:  88
Cover cuts applied:  7
Implied bound cuts applied:  141
Flow cuts applied:  11
Mixed integer rounding cuts applied:  86
Zero-half cuts applied:  59
Lift and project cuts applied:  56
Gomory fractional cuts applied:  11

Root node processing (before b&c):
  Real time             =    0.70 sec. (792.82 ticks)
Sequential b&c:
  Real time             =  299.30 sec. (378517.27 ticks)
                          ------------
Total (root+branch&cut) =  300.00 sec. (379310.09 ticks)

Solution pool: 61 solutions saved.

MIP - Time limit exceeded, integer feasible:  Objective =  1.9907288751e+02
Current MIP best bound =  2.4293798440e+02 (gap = 43.8651, 22.03%)
Solution time =  300.00 sec.  Iterations = 2854679  Nodes = 21690 (2178)
Deterministic time = 379310.10 ticks  (1264.36 ticks/sec)


Incumbent solution
Variable Name           Solution Value
F                           225.000000
f1                            0.907112
f2                           25.020000
y236                          1.000000
y41                           1.000000
y282                          1.000000
y77                           1.000000
y276                          1.000000
y250                          1.000000
y44                           1.000000
y32                           1.000000
y175                          1.000000
y245                          1.000000
y55                           1.000000
y182                          1.000000
y120                          1.000000
y215                          1.000000
y219                          1.000000
y205                          1.000000
y39                           1.000000
y67                           1.000000
y57                           1.000000
y177                          1.000000
y107                          1.000000
y140                          1.000000
y246                          1.000000
s38                           6.000000
s56                           6.000000
s236                          6.477093
s41                           6.415794
s186                          6.090000
s282                          6.617373
s224                          6.120000
s43                           6.140000
s52                           6.140000
s47                           6.150000
s77                           7.016212
s118                          6.180000
s157                          6.280000
s129                          6.300000
s36                           6.330000
s276                          6.562505
s151                          6.390000
s250                          7.414079
s87                           6.790000
s255                          6.790000
s44                           7.160669
s280                          6.840000
s32                           6.887576
s176                          6.900000
s21                           6.930000
s175                          7.890800
s234                          6.940000
s245                          7.924691
s28                           6.960000
s55                           7.369024
s182                          7.889403
s287                          6.990000
s217                          7.010000
s120                          7.030000
s290                          7.030000
s167                          7.040000
s215                          8.053580
s219                          7.442794
s205                          8.374938
s273                          7.480000
s14                           7.540000
s39                           7.967357
s158                          7.560000
s67                           8.603212
s57                           8.580746
s177                          8.236667
s286                          7.690000
s107                          8.633913
s140                          8.651600
s246                          7.920363
x242x32x1                     1.000000
x26x219x1                     1.000000
x24x246x1                     1.000000
x135x77x1                     1.000000
x258x236x1                    1.000000
x258x41x1                     1.000000
x63x77x1                      1.000000
x23x282x2                     1.000000
x23x276x2                     1.000000
x148x175x2                    1.000000
x26x219x2                     1.000000
x24x55x2                      1.000000
x135x44x2                     1.000000
x169x41x2                     1.000000
x227x282x2                    1.000000
x227x44x2                     1.000000
x242x32x3                     1.000000
x239x120x3                    2.000000
x148x182x3                    1.000000
x209x250x3                    1.000000
x209x55x3                     1.000000
x75x236x3                     1.000000
x75x276x3                     1.000000
x63x250x3                     1.000000
x236x246x1                    1.000000
x236x182x3                    1.000000
x41x39x1                      1.000000
x41x39x2                      1.000000
x282x245x2                    2.000000
x77x67x1                      1.000000
x77x107x1                     1.000000
x276x175x2                    1.000000
x276x215x3                    1.000000
x250x57x3                     2.000000
x44x205x2                     1.000000
x44x107x2                     1.000000
x32x177x1                     1.000000
x32x215x3                     1.000000
x175x0x2                      2.000000
x245x0x2                      2.000000
x55x67x2                      1.000000
x55x140x3                     1.000000
x182x0x3                      2.000000
x120x205x3                    1.000000
x120x177x3                    1.000000
x215x0x3                      2.000000
x219x0x1                      1.000000
x219x140x2                    1.000000
x205x0x2                      1.000000
x205x0x3                      1.000000
x39x0x1                       1.000000
x39x0x2                       1.000000
x67x0x1                       1.000000
x67x0x2                       1.000000
x57x0x3                       2.000000
x177x0x1                      1.000000
x177x0x3                      1.000000
x107x0x1                      1.000000
x107x0x2                      1.000000
x140x0x2                      1.000000
x140x0x3                      1.000000
x246x0x1                      2.000000
s242                          5.117107
z242z32z1                     1.000000
z242z32z3                     1.000000
z242z28z3                     1.000000
z242z182z3                    1.000000
z242z217z3                    1.000000
z242z120z3                    1.000000
z242z290z3                    1.000000
z242z167z3                    1.000000
z242z215z3                    1.000000
z242z158z3                    1.000000
z242z57z3                     1.000000
z242z246z1                    1.000000
s239                          5.416735
z239z120z3                    1.000000
z239z158z3                    1.000000
z239z57z3                     1.000000
s23                           5.311308
z23z282z2                     1.000000
z23z276z2                     1.000000
z23z176z2                     1.000000
z23z21z2                      1.000000
z23z175z2                     1.000000
z23z245z2                     1.000000
z23z287z2                     1.000000
z23z14z2                      1.000000
s148                          5.799595
z148z175z2                    1.000000
z148z182z3                    1.000000
z148z57z3                     1.000000
s26                           5.984510
z26z219z1                     1.000000
z26z219z2                     1.000000
z26z246z1                     1.000000
s24                           5.995950
z24z55z2                      1.000000
z24z246z1                     1.000000
s209                          5.924988
z209z250z3                    1.000000
z209z55z3                     1.000000
z209z57z3                     1.000000
s135                          5.870000
z135z77z1                     1.000000
z135z44z2                     1.000000
z135z14z2                     1.000000
z135z246z1                    1.000000
s169                          4.582460
z169z41z2                     1.000000
z169z118z2                    1.000000
z169z87z2                     1.000000
z169z255z2                    1.000000
z169z44z2                     1.000000
z169z280z2                    1.000000
z169z176z2                    1.000000
z169z21z2                     1.000000
z169z175z2                    1.000000
z169z234z2                    1.000000
z169z245z2                    1.000000
z169z287z2                    1.000000
z169z14z2                     1.000000
s258                          4.861150
z258z236z1                    1.000000
z258z41z1                     1.000000
z258z246z1                    1.000000
s75                           4.907870
z75z236z3                     1.000000
z75z276z3                     1.000000
z75z28z3                      1.000000
z75z182z3                     1.000000
z75z217z3                     1.000000
z75z120z3                     1.000000
z75z290z3                     1.000000
z75z167z3                     1.000000
z75z215z3                     1.000000
z75z158z3                     1.000000
z75z57z3                      1.000000
s227                          5.047330
z227z282z2                    1.000000
z227z44z2                     1.000000
z227z21z2                     1.000000
z227z175z2                    1.000000
z227z234z2                    1.000000
z227z245z2                    1.000000
z227z287z2                    1.000000
z227z14z2                     1.000000
s63                           5.043480
z63z77z1                      1.000000
z63z250z3                     1.000000
z63z158z3                     1.000000
z63z57z3                      1.000000
z63z246z1                     1.000000
z236z182z3                    1.000000
z236z246z1                    1.000000
z41z39z1                      1.000000
z41z39z2                      1.000000
z282z245z2                    1.000000
z77z67z1                      1.000000
z77z107z1                     1.000000
z276z175z2                    1.000000
z276z215z3                    1.000000
z250z57z3                     1.000000
z44z205z2                     1.000000
z44z107z2                     1.000000
z32z215z3                     1.000000
z32z177z1                     1.000000
z55z67z2                      1.000000
z55z140z3                     1.000000
z120z205z3                    1.000000
z120z177z3                    1.000000
z219z140z2                    1.000000
All other variables in the range 1-2208 are 0.
