
Log started (V12.10.0.0) Sun Apr  4 13:29:39 2021


Problem 'asset.lp' read.
Read time = 0.01 sec. (0.33 ticks)
New value for default parallel thread count: 1
New value for time limit in seconds: 300
Version identifier: 12.10.0.0 | 2019-11-26 | 843d4de
CPXPARAM_Threads                                 1
CPXPARAM_TimeLimit                               300
Found incumbent of value -0.753837 after 0.00 sec. (0.14 ticks)
Tried aggregator 3 times.
MIP Presolve eliminated 1816 rows and 678 columns.
MIP Presolve modified 2326 coefficients.
Aggregator did 687 substitutions.
Reduced MIP has 952 rows, 961 columns, and 4229 nonzeros.
Reduced MIP has 831 binaries, 89 generals, 0 SOSs, and 0 indicators.
Presolve time = 0.02 sec. (9.21 ticks)
Probing fixed 290 vars, tightened 33 bounds.
Probing time = 0.01 sec. (2.60 ticks)
Cover probing fixed 0 vars, tightened 87 bounds.
Tried aggregator 2 times.
MIP Presolve eliminated 421 rows and 403 columns.
MIP Presolve modified 14 coefficients.
Aggregator did 2 substitutions.
Reduced MIP has 529 rows, 547 columns, and 1831 nonzeros.
Reduced MIP has 460 binaries, 46 generals, 0 SOSs, and 0 indicators.
Presolve time = 0.00 sec. (4.48 ticks)
Probing time = 0.00 sec. (1.02 ticks)
Tried aggregator 1 time.
Detecting symmetries...
MIP Presolve modified 16 coefficients.
Reduced MIP has 529 rows, 547 columns, and 1831 nonzeros.
Reduced MIP has 460 binaries, 46 generals, 0 SOSs, and 0 indicators.
Presolve time = 0.00 sec. (1.35 ticks)
Probing time = 0.00 sec. (1.01 ticks)
Clique table members: 480.
MIP emphasis: balance optimality and feasibility.
MIP search method: dynamic search.
Parallel mode: none, using 1 thread.
Root relaxation solution time = 0.01 sec. (4.74 ticks)

        Nodes                                         Cuts/
   Node  Left     Objective  IInf  Best Integer    Best Bound    ItCnt     Gap

*     0+    0                           -0.7538      887.2422              --- 
      0     0      598.1434   112       -0.7538      598.1434      389     --- 
      0     0      592.4350   112       -0.7538     Cuts: 144      469     --- 
*     0+    0                          584.2346      592.4350             1.40%
      0     0      590.3876   112      584.2346      Cuts: 94      561    1.05%
*     0+    0                          584.2347      590.3876             1.05%
*     0+    0                          584.2365      590.3876             1.05%
      0     0        cutoff            584.2365      590.3876      561    1.05%
Detecting symmetries...

Repeating presolve.
Tried aggregator 4 times.
MIP Presolve eliminated 197 rows and 234 columns.
MIP Presolve modified 41 coefficients.
Aggregator did 17 substitutions.
Reduced MIP has 315 rows, 295 columns, and 1004 nonzeros.
Reduced MIP has 254 binaries, 14 generals, 0 SOSs, and 0 indicators.
Presolve time = 0.00 sec. (2.45 ticks)
Probing fixed 0 vars, tightened 1 bounds.
Probing time = 0.00 sec. (0.40 ticks)
Cover probing fixed 0 vars, tightened 23 bounds.
Tried aggregator 1 time.
Detecting symmetries...
MIP Presolve eliminated 23 rows and 1 columns.
MIP Presolve modified 150 coefficients.
Reduced MIP has 292 rows, 294 columns, and 958 nonzeros.
Reduced MIP has 253 binaries, 14 generals, 0 SOSs, and 0 indicators.
Presolve time = 0.00 sec. (0.71 ticks)
Represolve time = 0.01 sec. (5.27 ticks)
Probing time = 0.00 sec. (0.41 ticks)
Cover probing fixed 0 vars, tightened 1 bounds.
Clique table members: 100.
Tightened 1 constraints.
MIP emphasis: balance optimality and feasibility.
MIP search method: dynamic search.
Parallel mode: none, using 1 thread.
Root relaxation solution time = 0.00 sec. (2.50 ticks)

        Nodes                                         Cuts/
   Node  Left     Objective  IInf  Best Integer    Best Bound    ItCnt     Gap

*     0+    0                          584.2365      590.3876             1.05%
      0     0      590.3834    75      584.2365      590.3834      735    1.05%
*     0+    0                          590.3705      590.3834             0.00%

Clique cuts applied:  3
Implied bound cuts applied:  36
Flow cuts applied:  1
Mixed integer rounding cuts applied:  1
Zero-half cuts applied:  4
Multi commodity flow cuts applied:  1
Lift and project cuts applied:  4
Gomory fractional cuts applied:  10

Root node processing (before b&c):
  Real time             =    0.09 sec. (69.26 ticks)
Sequential b&c:
  Real time             =    0.00 sec. (0.00 ticks)
                          ------------
Total (root+branch&cut) =    0.09 sec. (69.26 ticks)

Solution pool: 5 solutions saved.

MIP - Integer optimal, tolerance (0.0001/1e-06):  Objective =  5.9037053232e+02
Current MIP best bound =  5.9038339496e+02 (gap = 0.0128626, 0.00%)
Solution time =    0.09 sec.  Iterations = 735  Nodes = 0 (1)
Deterministic time = 69.27 ticks  (802.16 ticks/sec)


Incumbent solution
Variable Name           Solution Value
F                           640.000000
f1                            0.819468
f2                           48.810000
y27                          -0.000000
y246                          1.000000
y15                           1.000000
y254                          1.000000
y68                           1.000000
y144                          1.000000
y152                          1.000000
y61                           1.000000
y57                           1.000000
y46                           1.000000
y12                           1.000000
y72                           1.000000
y83                           1.000000
y129                          1.000000
y91                           1.000000
y127                          1.000000
y17                           1.000000
y176                          1.000000
y2                            1.000000
y214                          1.000000
y174                          1.000000
s130                          2.330000
s133                          2.350000
s223                          2.370000
s147                          2.390000
s181                          2.410000
s30                           2.450000
s134                          2.460000
s11                           2.470000
s198                          2.540000
s27                           2.600000
s246                          3.347714
s15                           3.493185
s247                          2.640000
s54                           2.650000
s28                           2.750000
s151                          2.760000
s148                          2.830000
s235                          2.870000
s180                          2.890000
s77                           2.900000
s254                          3.338555
s50                           3.010000
s190                          3.010000
s87                           3.020000
s68                           4.073065
s144                          3.777767
s229                          3.100000
s115                          3.120000
s24                           3.130000
s220                          3.160000
s262                          3.160000
s152                          3.757291
s71                           3.210000
s201                          3.240000
s61                           3.960352
s57                           3.864515
s46                           3.985215
s219                          3.360000
s140                          3.390000
s12                           4.066769
s42                           3.520000
s72                           3.767306
s83                           3.980258
s129                          4.495470
s91                           4.522197
s243                          3.600000
s127                          4.352537
s17                           4.566631
s176                          4.014044
s244                          3.630000
s2                            4.577303
s214                          4.550561
s174                          4.684565
x260x12x1                     1.000000
x10x152x1                     1.000000
x132x46x1                     1.000000
x113x17x1                     1.000000
x113x214x1                    1.000000
x41x214x1                     1.000000
x119x12x1                     1.000000
x4x17x1                       1.000000
x4x2x1                        1.000000
x53x144x1                     1.000000
x106x174x1                    2.000000
x208x68x2                    -0.000000
x208x46x2                     1.000000
x76x83x2                      1.000000
x76x127x2                     1.000000
x10x27x2                     -0.000000
x10x57x2                      1.000000
x173x72x2                     2.000000
x74x68x2                      1.000000
x74x46x2                     -0.000000
x74x91x2                      1.000000
x119x61x2                     1.000000
x119x91x2                    -0.000000
x197x15x2                     2.000000
x53x68x2                      0.000000
x53x144x2                     1.000000
x53x57x2                     -0.000000
x8x254x3                      2.000000
x112x57x3                     1.000000
x112x83x3                     1.000000
x208x176x3                    1.000000
x260x61x3                     1.000000
x132x176x3                    1.000000
x232x246x3                    1.000000
x206x246x3                    1.000000
x41x127x3                     1.000000
x85x68x3                      1.000000
x85x152x3                     1.000000
x27x0x2                      -0.000000
x246x91x3                     1.000000
x246x2x3                      1.000000
x15x0x2                       2.000000
x254x129x3                    2.000000
x68x0x2                       1.000000
x68x0x3                       1.000000
x144x0x1                      1.000000
x144x0x2                      1.000000
x152x0x1                      1.000000
x152x0x3                      1.000000
x61x0x2                       1.000000
x61x0x3                       1.000000
x57x0x2                       1.000000
x57x0x3                       1.000000
x46x0x1                       1.000000
x46x0x2                       1.000000
x12x0x1                       2.000000
x72x0x2                       2.000000
x83x0x2                       1.000000
x83x0x3                       1.000000
x129x0x3                      2.000000
x91x0x2                       1.000000
x91x0x3                       1.000000
x127x0x2                      1.000000
x127x0x3                      1.000000
x17x0x1                       2.000000
x176x0x3                      2.000000
x2x0x1                        1.000000
x2x0x3                        1.000000
x214x0x1                      2.000000
x174x0x1                      2.000000
s8                            2.060193
z8z254z3                      1.000000
z8z129z3                      1.000000
s112                          2.373559
z112z57z3                     1.000000
z112z83z3                     1.000000
s208                          2.442023
z208z68z2                    -0.000000
z208z46z2                     1.000000
z208z176z3                    1.000000
s260                          2.640440
z260z61z3                     1.000000
z260z12z1                     1.000000
s76                           2.303434
z76z83z2                      1.000000
z76z127z2                     1.000000
s10                           2.347459
z10z27z2                     -0.000000
z10z152z1                     1.000000
z10z57z2                      1.000000
s173                          2.348230
z173z72z2                     1.000000
s132                          2.532022
z132z46z1                     1.000000
z132z176z3                    1.000000
s113                          2.976048
z113z17z1                     1.000000
z113z214z1                    1.000000
s232                          2.235643
z232z246z3                    1.000000
z232z129z3                    1.000000
s206                          2.246486
z206z246z3                    1.000000
z206z129z3                    1.000000
s74                           2.756915
z74z68z2                      1.000000
z74z46z2                     -0.000000
z74z91z2                      1.000000
s41                           3.134915
z41z127z3                     1.000000
z41z214z1                     1.000000
s85                           2.453905
z85z68z3                      1.000000
z85z152z3                     1.000000
s119                          2.761069
z119z61z2                     1.000000
z119z12z1                     1.000000
z119z91z2                    -0.000000
s197                          2.435146
z197z15z2                     1.000000
s4                            3.289391
z4z17z1                       1.000000
z4z2z1                        1.000000
s53                           2.565358
z53z68z2                      0.000000
z53z144z1                     1.000000
z53z144z2                     1.000000
z53z57z2                     -0.000000
s106                          3.297204
z106z174z1                    1.000000
z246z91z3                     1.000000
z246z2z3                      1.000000
z254z129z3                    1.000000
All other variables in the range 1-2330 are 0.
