
Log started (V12.10.0.0) Sun Apr  4 13:31:15 2021

Warning, line 1682: Name 's27' does not exist.

Problem 'asset.lp' read.
Read time = 0.01 sec. (0.15 ticks)
New value for default parallel thread count: 1
New value for time limit in seconds: 300
Version identifier: 12.10.0.0 | 2019-11-26 | 843d4de
CPXPARAM_Threads                                 1
CPXPARAM_TimeLimit                               300
Found incumbent of value -0.874607 after 0.00 sec. (0.07 ticks)
Tried aggregator 3 times.
MIP Presolve eliminated 245 rows and 78 columns.
MIP Presolve modified 1189 coefficients.
Aggregator did 529 substitutions.
Reduced MIP has 647 rows, 725 columns, and 3156 nonzeros.
Reduced MIP has 639 binaries, 58 generals, 0 SOSs, and 0 indicators.
Presolve time = 0.01 sec. (6.96 ticks)
Probing fixed 37 vars, tightened 1 bounds.
Probing time = 0.00 sec. (2.59 ticks)
Cover probing fixed 0 vars, tightened 15 bounds.
Tried aggregator 1 time.
Detecting symmetries...
MIP Presolve eliminated 44 rows and 44 columns.
MIP Presolve modified 56 coefficients.
Reduced MIP has 603 rows, 681 columns, and 2826 nonzeros.
Reduced MIP has 596 binaries, 57 generals, 0 SOSs, and 0 indicators.
Presolve time = 0.00 sec. (3.05 ticks)
Probing time = 0.00 sec. (2.23 ticks)
Clique table members: 1875.
MIP emphasis: balance optimality and feasibility.
MIP search method: dynamic search.
Parallel mode: none, using 1 thread.
Root relaxation solution time = 0.00 sec. (5.16 ticks)

        Nodes                                         Cuts/
   Node  Left     Objective  IInf  Best Integer    Best Bound    ItCnt     Gap

*     0+    0                           -0.8746       93.5454              --- 
      0     0       93.5402   186       -0.8746       93.5402      379     --- 
      0     0       93.5374   186       -0.8746     Cuts: 250      597     --- 
      0     0       93.5329   186       -0.8746     Cuts: 250      840     --- 
      0     0       93.5310   186       -0.8746     Cuts: 250     1072     --- 
      0     0       93.5285   186       -0.8746     Cuts: 250     1325     --- 
*     0+    0                            6.8965       93.5285              --- 
*     0+    0                            6.8971       93.5285              --- 
      0     0        cutoff              6.8971       93.5285     1325     --- 
Detecting symmetries...
      0     2       93.5285   351        6.8971       93.5285     1325     --- 
Elapsed time = 0.21 sec. (232.71 ticks, tree = 0.01 MB, solutions = 2)
*    80+   72                           72.9610       93.5285            28.19%
*   110+  100                           74.3797       93.5285            25.74%
*   110+  100                           74.3830       93.5285            25.74%
*   120+  106                           74.3847       93.5285            25.74%
    137   122       93.5180   230       74.3847       93.5281     4411   25.74%
*   220+  179                           76.2041       93.5281            22.73%
*   220+  179                           76.2052       93.5281            22.73%
*   230+  189                           76.2055       93.5281            22.73%
*   233   191      integral     0       76.2068       93.5281     6770   22.73%
    250   206       93.5247   304       76.2068       93.5275     7251   22.73%
*   333+  286                           76.2069       93.5275            22.73%
    366   321       89.7037   205       76.2069       93.5275     9724   22.73%

Performing restart 1

Repeating presolve.
Tried aggregator 1 time.
MIP Presolve modified 707 coefficients.
Reduced MIP has 603 rows, 681 columns, and 2457 nonzeros.
Reduced MIP has 596 binaries, 57 generals, 0 SOSs, and 0 indicators.
Presolve time = 0.00 sec. (2.47 ticks)
Tried aggregator 1 time.
Reduced MIP has 603 rows, 681 columns, and 2457 nonzeros.
Reduced MIP has 596 binaries, 57 generals, 0 SOSs, and 0 indicators.
Presolve time = 0.00 sec. (1.93 ticks)
Represolve time = 0.01 sec. (10.57 ticks)
    473     0       93.5034   210       76.2069     Cuts: 178    14017   22.70%
    473     0       93.5014   210       76.2069     Cuts: 144    14335   22.69%
    473     0       93.4999   210       76.2069     Cuts: 112    14563   22.69%
    473     0       93.4991   210       76.2069      Cuts: 98    14870   22.69%
*   473+    0                           76.2089       93.4991            22.69%
    473     0        cutoff             76.2089       93.4991    14870   22.69%
    473     0       93.4982   210       76.2089     Cuts: 112    15050   22.69%
    473     0       93.4976   210       76.2089     Cuts: 103    15284   22.69%
    473     0       93.4972   210       76.2089      Cuts: 93    15497   22.69%
    473     0       93.4964   210       76.2089      Cuts: 82    15709   22.68%
    473     0       93.4958   210       76.2089      Cuts: 96    15901   22.68%
*   473+    0                           76.2089       93.4958            22.68%
*   473+    0                           76.2091       93.4958            22.68%
    473     0        cutoff             76.2091       93.4958    15901   22.68%
    473     0       93.4950   210       76.2091      Cuts: 84    16098   22.68%
    473     0       93.4945   210       76.2091      Cuts: 41    16199   22.68%
    473     0       93.4940   210       76.2091      Cuts: 38    16333   22.68%
    473     0       93.4937   210       76.2091      Cuts: 39    16427   22.68%
    473     0       93.4935   210       76.2091      Cuts: 51    16518   22.68%
    473     0       93.4930   210       76.2091      Cuts: 21    16618   22.68%
    473     0       93.4925   210       76.2091      Cuts: 31    16710   22.68%
*   473+    0                           76.2097       93.4925            22.68%
*   473+    0                           76.2112       93.4925            22.68%
    473     0        cutoff             76.2112       93.4925    16710   22.68%
    473     2       93.4925   201       76.2112       93.4925    16710   22.68%
    474     3       93.4925   198       76.2112       93.4925    16736   22.68%
    476     5       93.4924   196       76.2112       93.4925    16853   22.68%
    481    10       93.4911   165       76.2112       93.4925    17286   22.68%
    487    16       93.4009   129       76.2112       93.4925    18201   22.68%
    497    26       92.9289   106       76.2112       93.4925    19094   22.68%
*   613+  131                           83.4148       93.4925            12.08%
*   633+  148                           83.8193       93.4925            11.54%
    653   166       93.4895   170       83.8193       93.4924    27108   11.54%
Elapsed time = 5.25 sec. (6370.40 ticks, tree = 0.16 MB, solutions = 18)
*   733+  209                           85.6959       93.4922             9.10%
    801   271       93.2561   129       85.6959       93.4922    36293    9.10%
    983   424       88.7364   128       85.6959       93.4917    48448    9.10%
   1200   610       86.4553   119       85.6959       93.4913    60074    9.10%
*  1423+  795                           85.6960       93.4909             9.10%
   1445   819       90.3221   147       85.6960       93.4907    73175    9.10%
*  1523+  858                           85.6996       93.4906             9.09%
*  1543+  869                           86.2704       93.4906             8.37%
*  1543+  868                           86.2723       93.4906             8.37%
*  1563+  529                           88.0919       93.4906             6.13%
*  1663+  612                           88.0982       93.4904             6.12%
   1702   646       93.4814   161       88.0982       93.4897    84126    6.12%
   1859   776       92.0106   109       88.0982       93.4885    95243    6.12%
   2048   925       89.1220   135       88.0982       93.4880   108375    6.12%
   2198  1028       92.0054   153       88.0982       93.4871   121213    6.12%
*  2273+ 1090                           88.0985       93.4871             6.12%
*  2283+ 1100                           88.0985       93.4871             6.12%
*  2293+ 1108                           88.0989       93.4871             6.12%
*  2333+  989                           88.5583       93.4869             5.57%
*  2343+  999                           88.5600       93.4869             5.56%
   2392  1032       90.2633   138       88.5600       93.4866   131232    5.56%
*  2443+ 1066                           88.5607       93.4862             5.56%
*  2537  1103      integral     0       88.6366       93.4861   139371    5.47%
*  2553+  759                           89.7453       93.4861             4.17%
   2563   771       89.7559    81       89.7453       93.4861   140476    4.17%
Elapsed time = 12.68 sec. (16009.49 ticks, tree = 0.50 MB, solutions = 33)
*  2583+  789                           89.7454       93.4861             4.17%
*  2583+  788                           89.7469       93.4861             4.17%
*  2613+  808                           89.7479       93.4861             4.17%
*  2633+  828                           89.7480       93.4861             4.17%
*  2633+  827                           89.7480       93.4861             4.17%
*  2633+  825                           89.7491       93.4861             4.16%
*  2652   842      integral     0       89.7498       93.4861   142150    4.16%
*  2752+  911                           89.7501       93.4857             4.16%
   2804   953       89.7615   128       89.7501       93.4856   150368    4.16%
   2975  1076       90.3038   131       89.7501       93.4842   161977    4.16%
   3224  1276       89.7589    91       89.7501       93.4825   174826    4.16%
   3399  1403       91.3189   138       89.7501       93.4818   187370    4.16%
   3505  1465       92.7547   145       89.7501       93.4775   199931    4.15%
   3621  1536       92.0831   195       89.7501       93.3994   212473    4.07%
   3777  1655       92.6188   148       89.7501       93.3488   224019    4.01%
   3942  1774       89.8020   126       89.7501       93.2774   236239    3.93%
   4118  1915        cutoff             89.7501       93.2210   247438    3.87%
   4324  2084       92.0760   196       89.7501       93.1369   260455    3.77%
Elapsed time = 20.15 sec. (25646.61 ticks, tree = 1.32 MB, solutions = 41)
   4570  2289       92.0742   169       89.7501       93.0548   276174    3.68%
   4759  2390       92.0799   195       89.7501       92.9544   290185    3.57%
   4911  2497       92.0843   204       89.7501       92.8368   302001    3.44%
   5035  2574       89.9695   165       89.7501       92.8021   313638    3.40%
   5208  2699       89.9761   201       89.7501       92.8021   325038    3.40%
   5367  2793       92.4759   129       89.7501       92.6502   336844    3.23%
*  5493+ 2433                           89.8935       92.4962             2.90%
*  5503+ 2441                           89.8950       92.4962             2.89%
*  5503+ 2440                           89.8980       92.4962             2.89%
   5531  2461       90.5926   124       89.8980       92.4962   348972    2.89%
*  5603+ 2502                           89.8982       92.4797             2.87%
*  5673+ 2548                           89.8983       92.4781             2.87%
   5715  2550       89.9740   197       89.8983       92.4646   358546    2.85%
*  5773+ 2588                           89.9006       92.4517             2.84%
   5858  2639       91.7910   153       89.9006       92.3899   367334    2.77%
   6065  2778       92.3714   104       89.9006       92.3730   377620    2.75%
Elapsed time = 27.61 sec. (35347.55 ticks, tree = 2.17 MB, solutions = 47)
   6409  3021    infeasible             89.9006       92.3724   388315    2.75%
*  6473+ 3056                           89.9006       92.3723             2.75%
   6532  3059        cutoff             89.9006       92.3721   401853    2.75%
   6645  3074       92.0876   120       89.9006       92.3719   415825    2.75%
   6774  3100       90.9655   114       89.9006       92.3716   429859    2.75%
   6925  3144       90.9649   129       89.9006       92.3713   445547    2.75%
   7060  3161        cutoff             89.9006       92.3708   458645    2.75%
   7176  3186        cutoff             89.9006       92.3705   471721    2.75%
   7292  3190       91.8874   105       89.9006       92.3698   485753    2.75%
   7405  3190       92.2017    83       89.9006       92.3684   500654    2.75%
*  7473+ 3196                           89.9012       92.3668             2.74%
   7531  3196       91.0462   138       89.9012       92.3462   514816    2.72%
Elapsed time = 35.31 sec. (44942.71 ticks, tree = 2.52 MB, solutions = 49)
   7704  3149       90.9672   128       89.9012       92.2937   528728    2.66%
   7898  3264       89.9713   181       89.9012       92.2676   539480    2.63%
   8104  3297       90.9637   133       89.9012       92.1407   554080    2.49%
*  8233+ 3373                           89.9013       92.0944             2.44%
*  8333+ 3455                           89.9016       92.0921             2.44%
   8338  3460       89.9227   150       89.9016       92.0921   566787    2.44%
   8516  3533       91.8035   152       89.9016       92.0831   580887    2.43%
   8673  3602       91.6242   133       89.9016       92.0825   595841    2.43%
   8821  3688       89.9225   150       89.9016       92.0823   610272    2.43%
   9034  3830       91.7932   147       89.9016       92.0821   622519    2.43%
   9171  3903       90.0734   131       89.9016       92.0819   635685    2.43%
   9333  4012       90.9402   160       89.9016       92.0817   647819    2.43%
Elapsed time = 42.79 sec. (54608.46 ticks, tree = 2.99 MB, solutions = 51)
*  9473+ 4106                           89.9016       92.0817             2.42%
   9560  4163        cutoff             89.9016       92.0815   659880    2.42%
   9753  4289       89.9158   121       89.9016       92.0812   672305    2.42%
   9928  4401        cutoff             89.9016       92.0810   683211    2.42%
*  9933+ 4381                           89.9025       92.0810             2.42%
*  9933+ 4381                           89.9025       92.0810             2.42%
*  9933+ 4381                           89.9026       92.0810             2.42%
*  9933+ 4378                           89.9027       92.0810             2.42%
*  9934+ 4379                           89.9027       92.0810             2.42%
   9934  4381       91.2128   131       89.9027       92.0810   685169    2.42%
*  9935+ 4380                           89.9027       92.0810             2.42%
*  9935+ 4380                           89.9028       92.0810             2.42%
*  9935+ 4379                           89.9028       92.0810             2.42%
   9935  4381       92.0461   189       89.9028       92.0810   685384    2.42%
* 10035+ 4454                           89.9028       92.0808             2.42%
  10130  4525       91.5023   135       89.9028       92.0807   697917    2.42%

Performing restart 2

Repeating presolve.
Tried aggregator 1 time.
MIP Presolve eliminated 122 rows and 19 columns.
MIP Presolve modified 89 coefficients.
Reduced MIP has 481 rows, 662 columns, and 5162 nonzeros.
Reduced MIP has 577 binaries, 57 generals, 0 SOSs, and 0 indicators.
Presolve time = 0.01 sec. (5.02 ticks)
Tried aggregator 1 time.
MIP Presolve eliminated 3 rows and 2 columns.
MIP Presolve modified 7 coefficients.
Reduced MIP has 478 rows, 660 columns, and 5150 nonzeros.
Reduced MIP has 575 binaries, 57 generals, 0 SOSs, and 0 indicators.
Presolve time = 0.00 sec. (3.21 ticks)
Represolve time = 0.03 sec. (27.80 ticks)
  10145     0       93.4875   179       89.9028      Cuts: 80   701491    2.42%
  10145     0       93.4863   179       89.9028      Cuts: 88   701627    2.42%
  10145     0       93.4858   179       89.9028      Cuts: 96   701732    2.42%
  10145     0       93.4855   179       89.9028      Cuts: 75   701835    2.42%
  10145     0       93.4848   179       89.9028      Cuts: 62   701987    2.42%
  10145     0       93.4811   179       89.9028      Cuts: 77   702434    2.42%
  10145     0       93.4786   179       89.9028      Cuts: 93   702597    2.42%
  10145     0       93.4782   179       89.9028      Cuts: 75   702712    2.42%
  10145     2       93.4782   184       89.9028       92.0807   702712    2.42%
  10151     8       93.4777   194       89.9028       92.0807   703312    2.42%
  10169    25       93.4663   180       89.9028       92.0807   705979    2.42%
  10188    37       91.7243   161       89.9028       92.0807   709845    2.42%
Elapsed time = 57.97 sec. (71399.22 ticks, tree = 0.05 MB, solutions = 61)
  10233    78       93.4079   143       89.9028       92.0807   711774    2.42%
  10268   103       92.0761   140       89.9028       92.0807   714186    2.42%
  10317   134       92.0780   145       89.9028       92.0807   718471    2.42%
  10364   171       89.9726   176       89.9028       92.0807   721949    2.42%
  10431   216       91.5855   117       89.9028       92.0807   726582    2.42%
  10486   226       92.0674   158       89.9028       92.0807   736530    2.42%
  10557   243  -1.00000e+75   133       89.9028       92.0807   747657    2.42%
  10627   252       89.9704   176       89.9028       92.0807   758692    2.42%
  10746   333       91.7999   151       89.9028       92.0807   767397    2.42%
  10883   401       91.8814   123       89.9028       92.0807   779354    2.42%
Elapsed time = 65.36 sec. (81098.10 ticks, tree = 1.50 MB, solutions = 61)
  11087   537       92.4162   162       89.9028       92.0807   790566    2.42%
  11201   583       92.0760   157       89.9028       92.0807   803226    2.42%
  11324   642       89.9637   161       89.9028       92.0807   814461    2.42%
  11423   687       89.9217   160       89.9028       92.0807   822104    2.42%
  11537   729        cutoff             89.9028       92.0807   831815    2.42%
  11624   732       91.0751   156       89.9028       92.0807   842777    2.42%
  11744   782    infeasible             89.9028       92.0796   854336    2.42%
  11869   837       89.9658   164       89.9028       92.0763   866689    2.42%
  12069   949       92.0134   164       89.9028       92.0747   878129    2.42%
  12233   967       90.3735    93       89.9028       92.0678   891261    2.41%
Elapsed time = 72.95 sec. (90732.24 ticks, tree = 4.35 MB, solutions = 61)
  12382   996       91.0093   135       89.9028       91.9842   904218    2.32%
  12545   974       89.9717   173       89.9028       91.7247   917775    2.03%
  12706   970       90.5111   163       89.9028       91.5451   930657    1.83%
  12883  1017        cutoff             89.9028       91.3526   942578    1.61%
  13358  1429       91.3341   136       89.9028       91.3343   952986    1.59%
  13742  1746       89.9123    85       89.9028       91.3329   964670    1.59%
  14232  2145       89.9194   148       89.9028       91.3318   975795    1.59%
  14792  2604       89.9165   124       89.9028       91.3309   986738    1.59%
  15413  3111       89.9171   121       89.9028       91.3270   996108    1.58%
  17316  4656       89.9130    93       89.9028       91.2605  1034768    1.51%
Elapsed time = 83.48 sec. (103197.89 ticks, tree = 19.73 MB, solutions = 61)
  18838  5798       90.9723   146       89.9028       91.1184  1073911    1.35%
  20398  6908       89.9105    92       89.9028       90.9989  1115086    1.22%
  22356  8458       89.9129   121       89.9028       90.8437  1152054    1.05%
  23689  9322       89.9600   143       89.9028       90.4339  1195226    0.59%
  24639  9846        cutoff             89.9028       90.0926  1235958    0.21%
  25449 10372       89.9064    88       89.9028       90.0546  1277801    0.17%
* 26145+10861                           89.9031       89.9832             0.09%
  26736 11288       89.9694   184       89.9031       89.9730  1314664    0.08%
  27464 11277       89.9658   179       89.9031       89.9701  1363456    0.07%
  28586 10589    infeasible             89.9031       89.9655  1409809    0.07%
  30630 11823       89.9155   108       89.9031       89.9224  1453318    0.02%
Elapsed time = 114.63 sec. (141416.45 ticks, tree = 51.70 MB, solutions = 62)
  32553 13335       89.9059    38       89.9031       89.9210  1493549    0.02%
  34729 15071       89.9156   113       89.9031       89.9204  1536429    0.02%
  36788 16695       89.9198   141       89.9031       89.9199  1575044    0.02%
  39058 18540       89.9074    84       89.9031       89.9197  1615987    0.02%
  41175 20234       89.9064   103       89.9031       89.9195  1653880    0.02%
  43486 22070        cutoff             89.9031       89.9193  1694686    0.02%
  45729 23852       89.9173   128       89.9031       89.9191  1733653    0.02%
  48062 25666       89.9168   126       89.9031       89.9190  1775321    0.02%
  50213 27312       89.9085    76       89.9031       89.9188  1815337    0.02%
  52458 29042       89.9090   100       89.9031       89.9186  1856948    0.02%
Elapsed time = 146.88 sec. (179593.30 ticks, tree = 136.64 MB, solutions = 62)
  54706 30738       89.9135   105       89.9031       89.9185  1899896    0.02%
  56948 32429       89.9109    89       89.9031       89.9184  1941688    0.02%
  59257 34179       89.9070    75       89.9031       89.9182  1983985    0.02%
  61438 35792       89.9137   116       89.9031       89.9181  2024206    0.02%
  63864 37639       89.9168   125       89.9031       89.9180  2068105    0.02%
  66104 39274       89.9134   106       89.9031       89.9179  2109092    0.02%
  68265 40845        cutoff             89.9031       89.9178  2150198    0.02%
  70449 42427       89.9154   122       89.9031       89.9177  2190390    0.02%
* 71525+41905                           89.9039       89.9177             0.02%
* 71625+40198                           89.9048       89.9177             0.01%
  72354 40681       89.9096    89       89.9048       89.9176  2231097    0.01%
  74461 42154       89.9070    87       89.9048       89.9176  2273975    0.01%
Elapsed time = 179.20 sec. (217763.69 ticks, tree = 196.11 MB, solutions = 64)
  76528 43551       89.9132   110       89.9048       89.9175  2315337    0.01%
  78766 45093       89.9152   113       89.9048       89.9174  2358729    0.01%
* 80145+46002                           89.9048       89.9174             0.01%
  80772 46426       89.9077    63       89.9048       89.9173  2400002    0.01%
  82685 47689       89.9170   127       89.9048       89.9173  2440702    0.01%
  84725 49065        cutoff             89.9048       89.9172  2484343    0.01%
  86688 50379       89.9053    85       89.9048       89.9171  2525207    0.01%
  88735 51691       89.9153   120       89.9048       89.9171  2569005    0.01%
  90703 52953        cutoff             89.9048       89.9170  2612684    0.01%
  92741 54267       89.9084    72       89.9048       89.9169  2655095    0.01%
  94897 55675       89.9139   111       89.9048       89.9169  2698280    0.01%
Elapsed time = 211.18 sec. (255921.12 ticks, tree = 258.27 MB, solutions = 65)
  96837 56870       89.9158   116       89.9048       89.9168  2740713    0.01%
  98775 58064        cutoff             89.9048       89.9168  2783923    0.01%
 100810 59367       89.9135   108       89.9048       89.9167  2826653    0.01%
 102722 60611       89.9099    64       89.9048       89.9167  2867727    0.01%
 104710 61817       89.9122   102       89.9048       89.9166  2912426    0.01%
 106744 63080       89.9145   109       89.9048       89.9165  2956107    0.01%
 108734 64291       89.9154   106       89.9048       89.9165  2998871    0.01%
 110725 65535        cutoff             89.9048       89.9165  3043020    0.01%
 112705 66780       89.9098    98       89.9048       89.9164  3086681    0.01%
 114585 67919       89.9122   126       89.9048       89.9164  3128382    0.01%
Elapsed time = 242.75 sec. (294098.76 ticks, tree = 314.66 MB, solutions = 65)
 116597 69141       89.9111   100       89.9048       89.9163  3172938    0.01%
 118656 70475       89.9126   115       89.9048       89.9163  3216399    0.01%
 120460 71561       89.9096   108       89.9048       89.9162  3258433    0.01%
 122458 72814       89.9137   121       89.9048       89.9162  3302064    0.01%
 124437 73983       89.9148   117       89.9048       89.9161  3347139    0.01%
 126270 75095        cutoff             89.9048       89.9161  3389153    0.01%
 128353 76393       89.9140   107       89.9048       89.9161  3433476    0.01%
 130219 77509       89.9067    82       89.9048       89.9160  3474577    0.01%
Starting limited solution polishing.
*131845+78145                           89.9049       89.9160             0.01%
 131852 78149       89.9122   113       89.9049       89.9160  3515074    0.01%
*132245+77565                           89.9050       89.9160             0.01%
 132845 77908       89.9132   106       89.9050       89.9160  3538063    0.01%
Elapsed time = 274.59 sec. (332293.15 ticks, tree = 355.68 MB, solutions = 67)
 133745 78444       89.9154   109       89.9050       89.9159  3560833    0.01%
 134445 78871       89.9055    84       89.9050       89.9159  3577151    0.01%
 135345 79383       89.9057    80       89.9050       89.9159  3598503    0.01%
 135982 79742        cutoff             89.9050       89.9159  3612916    0.01%
 136745 80182    infeasible             89.9050       89.9159  3631026    0.01%
 137245 80466       89.9132   120       89.9050       89.9159  3643315    0.01%
Advanced basis not built.

GUB cover cuts applied:  78
Clique cuts applied:  69
Cover cuts applied:  6
Implied bound cuts applied:  79
Flow cuts applied:  19
Mixed integer rounding cuts applied:  159
Zero-half cuts applied:  37
Lift and project cuts applied:  49
Gomory fractional cuts applied:  3

Root node processing (before b&c):
  Real time             =    0.21 sec. (233.33 ticks)
Sequential b&c:
  Real time             =  299.79 sec. (361730.37 ticks)
                          ------------
Total (root+branch&cut) =  300.00 sec. (361963.70 ticks)

Solution pool: 68 solutions saved.

MIP - Time limit exceeded, integer feasible:  Objective =  8.9905020559e+01
Current MIP best bound =  8.9915857310e+01 (gap = 0.0108368, 0.01%)
Solution time =  300.00 sec.  Iterations = 3659720  Nodes = 137945 (80866)
Deterministic time = 361963.71 ticks  (1206.54 ticks/sec)


Incumbent solution
Variable Name           Solution Value
F                           120.000000
f1                            0.924979
f2                           29.170000
y9                            1.000000
y145                          1.000000
y172                          1.000000
y224                          1.000000
y36                           1.000000
y149                          1.000000
y58                           1.000000
y171                          1.000000
y43                           1.000000
y264                          1.000000
y188                          1.000000
y185                          1.000000
y228                          1.000000
y6                            1.000000
y199                          1.000000
y29                           1.000000
y236                          1.000000
y261                          1.000000
y101                          1.000000
y255                          1.000000
y123                          1.000000
y159                          1.000000
y138                          1.000000
s9                            6.460385
s48                           6.000000
s167                          6.000000
s154                          6.060000
s145                          6.483887
s191                          6.190000
s172                          6.456830
s224                          7.079399
s36                           7.169637
s149                          6.440000
s58                           6.498695
s171                          7.061526
s43                           6.860538
s264                          6.730480
s188                          6.877854
s185                          7.574989
s228                          6.990265
s108                          6.850000
s211                          6.850000
s6                            7.661024
s199                          7.894999
s29                           7.204719
s236                          7.365537
s261                          8.092848
s101                          8.137802
s255                          8.136490
s123                          7.452823
s159                          7.424043
s138                          8.184952
x273x58x1                     1.000000
x122x228x1                    2.000000
x217x171x1                    1.000000
x217x236x1                    1.000000
x26x123x1                     1.000000
x259x188x1                    1.000000
x214x172x1                    1.000000
x214x149x1                    1.000000
x174x172x1                    1.000000
x273x145x2                    1.000000
x31x9x2                       2.000000
x16x224x2                     1.000000
x16x236x2                     1.000000
x141x123x2                    1.000000
x141x159x2                    1.000000
x44x29x2                      2.000000
x237x36x2                     1.000000
x143x159x2                    1.000000
x259x188x2                    1.000000
x216x264x3                    2.000000
x249x224x3                    1.000000
x249x36x3                     1.000000
x269x43x3                     2.000000
x237x171x3                    1.000000
x26x185x3                     1.000000
x68x145x3                     1.000000
x129x149x3                    1.000000
x129x58x3                     1.000000
x9x199x2                      1.000000
x9x261x2                      1.000000
x145x6x2                      1.000000
x145x6x3                      1.000000
x172x0x1                      1.000000
x172x101x1                    1.000000
x224x0x2                      1.000000
x224x0x3                      1.000000
x36x0x2                       1.000000
x36x0x3                       1.000000
x149x255x1                    1.000000
x149x185x3                    1.000000
x58x0x1                       1.000000
x58x199x3                     1.000000
x171x0x1                      1.000000
x171x0x3                      1.000000
x43x138x3                     2.000000
x264x101x3                    1.000000
x264x255x3                    1.000000
x188x0x1                      1.000000
x188x261x2                    1.000000
x185x0x3                      2.000000
x228x0x1                      2.000000
x6x0x2                        1.000000
x6x0x3                        1.000000
x199x0x2                      1.000000
x199x0x3                      1.000000
x29x0x2                       2.000000
x236x0x1                      1.000000
x236x0x2                      1.000000
x261x0x2                      2.000000
x101x0x1                      1.000000
x101x0x3                      1.000000
x255x0x1                      1.000000
x255x0x3                      1.000000
x123x0x1                      1.000000
x123x0x2                      1.000000
x159x0x2                      2.000000
x138x0x3                      2.000000
s273                          5.051537
z273z145z2                    1.000000
z273z58z1                     1.000000
z273z228z1                    1.000000
z273z29z2                     1.000000
z273z261z2                    1.000000
z273z159z2                    1.000000
s31                           5.233937
z31z9z2                       1.000000
z31z29z2                      1.000000
z31z261z2                     1.000000
z31z159z2                     1.000000
s216                          5.282804
z216z43z3                     1.000000
z216z264z3                    1.000000
z216z138z3                    1.000000
s249                          5.375424
z249z224z3                    1.000000
z249z36z3                     1.000000
z249z138z3                    1.000000
s269                          5.416712
z269z43z3                     1.000000
z269z185z3                    1.000000
z269z138z3                    1.000000
s122                          5.448246
z122z228z1                    1.000000
s16                           5.836922
z16z224z2                     1.000000
z16z236z2                     1.000000
s217                          5.838761
z217z171z1                    1.000000
z217z236z1                    1.000000
s141                          5.978597
z141z261z2                    1.000000
z141z123z2                    1.000000
z141z159z2                    1.000000
s44                           5.916262
z44z29z2                      1.000000
z44z159z2                     1.000000
s237                          5.799946
z237z36z2                     1.000000
z237z171z3                    1.000000
s143                          5.947531
z143z159z2                    1.000000
s26                           5.956652
z26z185z3                     1.000000
z26z123z1                     1.000000
s259                          5.534582
z259z188z1                    1.000000
z259z188z2                    1.000000
z259z29z2                     1.000000
z259z261z2                    1.000000
z259z159z2                    1.000000
s68                           4.073060
z68z145z3                     1.000000
z68z43z3                      1.000000
z68z264z3                     1.000000
z68z185z3                     1.000000
z68z138z3                     1.000000
s129                          4.495470
z129z149z3                    1.000000
z129z58z3                     1.000000
z129z43z3                     1.000000
z129z264z3                    1.000000
z129z185z3                    1.000000
z129z138z3                    1.000000
s214                          4.550560
z214z172z1                    1.000000
z214z149z1                    1.000000
z214z228z1                    1.000000
s174                          4.684570
z174z172z1                    1.000000
z174z228z1                    1.000000
z9z199z2                      1.000000
z9z261z2                      1.000000
z145z6z2                      1.000000
z145z6z3                      1.000000
z172z101z1                    1.000000
z149z185z3                    1.000000
z149z255z1                    1.000000
z58z199z3                     1.000000
z43z138z3                     1.000000
z264z101z3                    1.000000
z264z255z3                    1.000000
z188z261z2                    1.000000
All other variables in the range 1-1334 are 0.
