
Log started (V12.10.0.0) Sun Apr  4 07:32:27 2021


Problem 'asset.lp' read.
Read time = 0.01 sec. (0.36 ticks)
New value for default parallel thread count: 1
New value for time limit in seconds: 300
Version identifier: 12.10.0.0 | 2019-11-26 | 843d4de
CPXPARAM_Threads                                 1
CPXPARAM_TimeLimit                               300
Found incumbent of value -0.752908 after 0.00 sec. (0.15 ticks)
Tried aggregator 3 times.
MIP Presolve eliminated 1919 rows and 700 columns.
MIP Presolve modified 2671 coefficients.
Aggregator did 743 substitutions.
Reduced MIP has 1061 rows, 1067 columns, and 4790 nonzeros.
Reduced MIP has 896 binaries, 126 generals, 0 SOSs, and 0 indicators.
Presolve time = 0.01 sec. (10.20 ticks)
Probing fixed 352 vars, tightened 67 bounds.
Probing time = 0.01 sec. (3.16 ticks)
Cover probing fixed 0 vars, tightened 94 bounds.
Tried aggregator 2 times.
MIP Presolve eliminated 554 rows and 524 columns.
MIP Presolve modified 7 coefficients.
Aggregator did 3 substitutions.
Reduced MIP has 504 rows, 519 columns, and 1720 nonzeros.
Reduced MIP has 436 binaries, 38 generals, 0 SOSs, and 0 indicators.
Presolve time = 0.00 sec. (3.83 ticks)
Probing time = 0.00 sec. (0.94 ticks)
Tried aggregator 1 time.
Detecting symmetries...
MIP Presolve modified 10 coefficients.
Reduced MIP has 504 rows, 519 columns, and 1720 nonzeros.
Reduced MIP has 436 binaries, 38 generals, 0 SOSs, and 0 indicators.
Presolve time = 0.00 sec. (1.26 ticks)
Probing time = 0.00 sec. (0.92 ticks)
Clique table members: 392.
MIP emphasis: balance optimality and feasibility.
MIP search method: dynamic search.
Parallel mode: none, using 1 thread.
Root relaxation solution time = 0.00 sec. (3.67 ticks)

        Nodes                                         Cuts/
   Node  Left     Objective  IInf  Best Integer    Best Bound    ItCnt     Gap

*     0+    0                           -0.7529     1067.7687              --- 
      0     0      572.9583   103       -0.7529      572.9583      357     --- 
*     0+    0                          537.7831      572.9583             6.54%
      0     0      570.3941   103      537.7831      Cuts: 71      458    6.06%
*     0+    0                          543.1838      570.3941             5.01%
      0     0      568.9595   103      543.1838      Cuts: 58      519    4.75%
*     0+    0                          559.4207      568.9595             1.71%
Detecting symmetries...

Repeating presolve.
Tried aggregator 3 times.
MIP Presolve eliminated 174 rows and 199 columns.
MIP Presolve modified 2 coefficients.
Aggregator did 6 substitutions.
Reduced MIP has 324 rows, 313 columns, and 1056 nonzeros.
Reduced MIP has 264 binaries, 21 generals, 0 SOSs, and 0 indicators.
Presolve time = 0.00 sec. (1.03 ticks)
Probing fixed 2 vars, tightened 3 bounds.
Probing time = 0.00 sec. (0.45 ticks)
Cover probing fixed 0 vars, tightened 7 bounds.
Tried aggregator 1 time.
MIP Presolve eliminated 19 rows and 13 columns.
MIP Presolve modified 20 coefficients.
Reduced MIP has 305 rows, 300 columns, and 1012 nonzeros.
Reduced MIP has 255 binaries, 19 generals, 0 SOSs, and 0 indicators.
Presolve time = 0.00 sec. (0.89 ticks)
Probing time = 0.00 sec. (0.42 ticks)
Tried aggregator 1 time.
Detecting symmetries...
Reduced MIP has 305 rows, 300 columns, and 1012 nonzeros.
Reduced MIP has 255 binaries, 19 generals, 0 SOSs, and 0 indicators.
Presolve time = 0.00 sec. (0.72 ticks)
Represolve time = 0.01 sec. (6.71 ticks)
Probing time = 0.00 sec. (0.42 ticks)
Clique table members: 166.
MIP emphasis: balance optimality and feasibility.
MIP search method: dynamic search.
Parallel mode: none, using 1 thread.
Root relaxation solution time = 0.00 sec. (4.53 ticks)

        Nodes                                         Cuts/
   Node  Left     Objective  IInf  Best Integer    Best Bound    ItCnt     Gap

*     0+    0                          559.4207      568.9595             1.71%
      0     0      568.9588    74      559.4207      568.9588      825    1.70%
      0     0      567.3084    74      559.4207      Cuts: 66      908    1.41%
*     0+    0                          560.4019      567.3084             1.23%
      0     0      564.8356    74      560.4019      Cuts: 49      976    0.79%
*     0+    0                          564.8212      564.8356             0.00%

Cover cuts applied:  1
Implied bound cuts applied:  20
Flow cuts applied:  4
Mixed integer rounding cuts applied:  7
Zero-half cuts applied:  7
Lift and project cuts applied:  9
Gomory fractional cuts applied:  20

Root node processing (before b&c):
  Real time             =    0.11 sec. (100.05 ticks)
Sequential b&c:
  Real time             =    0.00 sec. (0.00 ticks)
                          ------------
Total (root+branch&cut) =    0.11 sec. (100.05 ticks)

Solution pool: 6 solutions saved.

MIP - Integer optimal, tolerance (0.0001/1e-06):  Objective =  5.6482115517e+02
Current MIP best bound =  5.6483560137e+02 (gap = 0.0144462, 0.00%)
Solution time =    0.11 sec.  Iterations = 976  Nodes = 0 (1)
Deterministic time = 100.06 ticks  (876.02 ticks/sec)


Incumbent solution
Variable Name           Solution Value
F                           600.000000
f1                            0.808845
f2                           34.370000
y17                           1.000000
y92                           1.000000
y98                           1.000000
y35                           1.000000
y255                          1.000000
y182                          1.000000
y50                           1.000000
y111                          1.000000
y211                          1.000000
y26                           1.000000
y61                           1.000000
y65                           1.000000
y155                          1.000000
y112                          1.000000
y212                          1.000000
y242                          1.000000
y104                          1.000000
s175                          2.340000
s238                          2.340000
s152                          2.380000
s244                          2.430000
s131                          2.440000
s174                          2.460000
s71                           2.470000
s45                           2.480000
s89                           2.480000
s180                          2.520000
s251                          2.550000
s127                          2.570000
s151                          2.590000
s17                           3.599803
s92                           3.611557
s229                          2.690000
s98                           3.670365
s117                          2.760000
s140                          2.770000
s57                           2.820000
s103                          2.830000
s82                           2.840000
s35                           3.731001
s122                          2.950000
s269                          2.970000
s240                          2.980000
s255                          3.692213
s253                          3.050000
s47                           3.090000
s80                           3.100000
s182                          3.948378
s276                          3.110000
s248                          3.180000
s278                          3.190000
s205                          3.220000
s50                           4.142431
s111                          3.731941
s211                          3.923732
s26                           3.835838
s256                          3.350000
s61                           4.115952
s23                           3.440000
s232                          3.460000
s40                           3.470000
s65                           4.517549
s215                          3.530000
s155                          3.846494
s185                          3.570000
s112                          4.477821
s212                          4.297417
s126                          3.620000
s125                          3.690000
s242                          4.110943
s104                          4.764950
s33                           3.790000
s228                          3.790000
x30x98x1                      1.000000
x83x26x1                      1.000000
x200x26x1                     1.000000
x6x111x1                      1.000000
x163x211x1                    1.000000
x241x212x1                    2.000000
x99x112x1                     2.000000
x218x50x1                     1.000000
x13x104x1                     1.000000
x49x211x2                     1.000000
x87x182x2                     1.000000
x87x242x2                     1.000000
x30x155x2                     1.000000
x96x92x2                      1.000000
x83x17x2                      1.000000
x200x92x2                     1.000000
x6x155x2                      1.000000
x217x50x2                     1.000000
x95x65x2                      2.000000
x160x104x2                    1.000000
x110x255x3                    2.000000
x49x35x3                      1.000000
x274x35x3                     1.000000
x274x111x3                    1.000000
x234x98x3                     1.000000
x234x242x3                    1.000000
x96x17x3                      1.000000
x163x61x3                     1.000000
x218x61x3                     1.000000
x217x182x3                    1.000000
x17x0x2                       1.000000
x17x0x3                       1.000000
x92x0x2                       2.000000
x98x0x1                       1.000000
x98x0x3                       1.000000
x35x0x3                       2.000000
x255x0x3                      2.000000
x182x0x2                      1.000000
x182x0x3                      1.000000
x50x0x1                       1.000000
x50x0x2                       1.000000
x111x0x1                      1.000000
x111x0x3                      1.000000
x211x0x1                      1.000000
x211x0x2                      1.000000
x26x0x1                       2.000000
x61x0x3                       2.000000
x65x0x2                       2.000000
x155x0x2                      2.000000
x112x0x1                      2.000000
x212x0x1                      2.000000
x242x0x2                      1.000000
x242x0x3                      1.000000
x104x0x1                      1.000000
x104x0x2                      1.000000
s110                          2.269814
z110z255z3                    1.000000
z110z61z3                     1.000000
s49                           2.287068
z49z35z3                      1.000000
z49z211z2                     1.000000
s274                          2.401992
z274z35z3                     1.000000
z274z111z3                    1.000000
s234                          2.250885
z234z98z3                     1.000000
z234z61z3                     1.000000
z234z242z3                    1.000000
s87                           2.193909
z87z182z2                     1.000000
z87z65z2                      1.000000
z87z242z2                     1.000000
s30                           2.309505
z30z98z1                      1.000000
z30z155z2                     1.000000
s96                           2.325468
z96z17z3                      1.000000
z96z92z2                      1.000000
s83                           2.407719
z83z17z2                      1.000000
z83z26z1                      1.000000
s200                          2.353849
z200z92z2                     1.000000
z200z26z1                     1.000000
s6                            2.352576
z6z111z1                      1.000000
z6z155z2                      1.000000
s163                          2.650159
z163z211z1                    1.000000
z163z61z3                     1.000000
s241                          2.835256
z241z112z1                    1.000000
z241z212z1                    1.000000
s99                           3.073855
z99z112z1                     1.000000
s218                          2.843605
z218z50z1                     1.000000
z218z61z3                     1.000000
s217                          2.730000
z217z182z3                    1.000000
z217z50z2                     1.000000
s13                           3.269707
z13z104z1                     1.000000
s95                           3.304106
z95z65z2                      1.000000
s160                          3.206824
z160z104z2                    1.000000
All other variables in the range 1-2511 are 0.
