
Log started (V12.10.0.0) Sun Apr  4 07:41:17 2021


Problem 'asset.lp' read.
Read time = 0.01 sec. (0.17 ticks)
New value for default parallel thread count: 1
New value for time limit in seconds: 300
Version identifier: 12.10.0.0 | 2019-11-26 | 843d4de
CPXPARAM_Threads                                 1
CPXPARAM_TimeLimit                               300
Found incumbent of value -0.881059 after 0.00 sec. (0.08 ticks)
Tried aggregator 3 times.
MIP Presolve eliminated 450 rows and 236 columns.
MIP Presolve modified 1313 coefficients.
Aggregator did 527 substitutions.
Reduced MIP has 647 rows, 744 columns, and 3158 nonzeros.
Reduced MIP has 652 binaries, 61 generals, 0 SOSs, and 0 indicators.
Presolve time = 0.01 sec. (7.36 ticks)
Probing fixed 39 vars, tightened 3 bounds.
Probing time = 0.00 sec. (2.41 ticks)
Cover probing fixed 0 vars, tightened 31 bounds.
Tried aggregator 1 time.
Detecting symmetries...
MIP Presolve eliminated 51 rows and 51 columns.
MIP Presolve modified 250 coefficients.
Reduced MIP has 596 rows, 693 columns, and 2778 nonzeros.
Reduced MIP has 604 binaries, 58 generals, 0 SOSs, and 0 indicators.
Presolve time = 0.00 sec. (3.02 ticks)
Probing time = 0.00 sec. (1.98 ticks)
Clique table members: 1837.
MIP emphasis: balance optimality and feasibility.
MIP search method: dynamic search.
Parallel mode: none, using 1 thread.
Root relaxation solution time = 0.00 sec. (5.16 ticks)

        Nodes                                         Cuts/
   Node  Left     Objective  IInf  Best Integer    Best Bound    ItCnt     Gap

*     0+    0                           -0.8811       95.4389              --- 
      0     0       95.2115   186       -0.8811       95.2115      363     --- 
*     0+    0                           87.3017       95.2115             9.06%
      0     0       95.2094   186       87.3017     Cuts: 249      634    9.06%
      0     0       95.2058   186       87.3017     Cuts: 249      937    9.05%
      0     0       95.2038   186       87.3017     Cuts: 220     1216    9.05%
      0     0       95.2025   186       87.3017     Cuts: 164     1433    9.05%
*     0+    0                           93.6821       95.2025             1.62%
      0     0       95.2019   186       93.6821     Cuts: 149     1605    1.62%
Detecting symmetries...
*     0+    0                           93.8347       95.2019             1.46%
*     0+    0                           93.8369       95.2019             1.45%
*     0+    0                           93.8370       95.2019             1.45%
      0     0        cutoff             93.8370       95.2019     1605    1.45%
Detecting symmetries...
      0     2       95.2019   270       93.8370       95.2019     1605    1.45%
Elapsed time = 0.23 sec. (255.48 ticks, tree = 0.01 MB, solutions = 5)
    160   136       95.1977   234       93.8370       95.2012     4906    1.45%
*   300+  185                           94.3172       95.2011             0.94%
*   310+  195                           94.3183       95.2011             0.94%
    354   235       95.1983   271       94.3183       95.2011     7698    0.94%
*   410+  289                           94.3188       95.2011             0.94%
    440   317       95.1888   199       94.3188       95.2006     9315    0.93%

Performing restart 1

Repeating presolve.
Tried aggregator 2 times.
MIP Presolve eliminated 79 rows and 99 columns.
MIP Presolve modified 497 coefficients.
Aggregator did 6 substitutions.
Reduced MIP has 511 rows, 588 columns, and 2057 nonzeros.
Reduced MIP has 505 binaries, 55 generals, 0 SOSs, and 0 indicators.
Presolve time = 0.00 sec. (2.92 ticks)
Tried aggregator 1 time.
MIP Presolve eliminated 14 rows and 1 columns.
MIP Presolve modified 100 coefficients.
Reduced MIP has 497 rows, 587 columns, and 2029 nonzeros.
Reduced MIP has 504 binaries, 55 generals, 0 SOSs, and 0 indicators.
Presolve time = 0.00 sec. (1.57 ticks)
Represolve time = 0.01 sec. (8.88 ticks)
    520     0       95.1832   204       94.3188     Cuts: 156    12126    0.92%
    520     0       95.1819   204       94.3188     Cuts: 110    12336    0.92%
    520     0       95.1811   204       94.3188      Cuts: 94    12512    0.91%
    520     0       95.1806   204       94.3188      Cuts: 92    12693    0.91%
    520     0       95.1802   204       94.3188      Cuts: 83    12811    0.91%
    520     0       95.1796   204       94.3188      Cuts: 76    13022    0.91%
*   520+    0                           94.3197       95.1796             0.91%
*   520+    0                           94.3201       95.1796             0.91%
    520     0        cutoff             94.3201       95.1796    13022    0.91%
    520     0       95.1794   204       94.3201      Cuts: 89    13202    0.91%
    520     0       95.1790   204       94.3201      Cuts: 72    13382    0.91%
    520     0       95.1789   204       94.3201      Cuts: 87    13495    0.91%
    520     0       95.1787   204       94.3201      Cuts: 68    13636    0.91%
    520     0       95.1786   204       94.3201      Cuts: 57    13778    0.91%
    520     0       95.1785   204       94.3201      Cuts: 52    13905    0.91%
    520     0       95.1785   204       94.3201      Cuts: 26    13996    0.91%
    520     0       95.1784   204       94.3201      Cuts: 18    14104    0.91%
*   520+    0                           94.3201       95.1784             0.91%
*   520+    0                           94.3202       95.1784             0.91%
*   520+    0                           94.3202       95.1784             0.91%
    520     0        cutoff             94.3202       95.1784    14104    0.91%
    520     2       95.1784   221       94.3202       95.1784    14104    0.91%
    521     3       95.1784   211       94.3202       95.1784    14145    0.91%
    524     6       95.1779   197       94.3202       95.1784    14571    0.91%
    526     8       95.1775   176       94.3202       95.1784    14659    0.91%
    531    12       94.5254   130       94.3202       95.1784    15269    0.91%
*   550+   29                           94.3204       95.1784             0.91%
    590    63       95.1784   208       94.3204       95.1784    16675    0.91%
*   630+   69                           94.3257       95.1784             0.90%
*   700+  137                           94.3261       95.1784             0.90%
*   800+  223                           94.3263       95.1779             0.90%
    801   224       95.1776   179       94.3263       95.1779    22856    0.90%
Elapsed time = 5.11 sec. (6216.47 ticks, tree = 0.93 MB, solutions = 17)
*   970+  377                           94.3264       95.1778             0.90%
   1104   494       94.3404   133       94.3264       95.1777    34351    0.90%
*  1300+  652                           94.3275       95.1776             0.90%
*  1400+  730                           94.3276       95.1775             0.90%
   1440   772       94.3357   126       94.3276       95.1775    45259    0.90%
   1819  1105       95.1733   152       94.3276       95.1773    56711    0.90%
   2239  1481       94.3382   111       94.3276       95.1771    69462    0.90%
   2730  1920       95.1683    94       94.3276       95.1769    82914    0.90%
   3360  2504       94.3430   166       94.3276       95.1768    98518    0.90%
   3931  3005       94.3342    82       94.3276       95.1765   112173    0.90%
   4416  3415       95.1742   164       94.3276       95.1763   126430    0.90%
*  4520+ 3471                           94.3279       95.1763             0.90%
*  4620+ 3554                           94.3280       95.1763             0.90%
   4925  3822       95.1752   159       94.3280       95.1761   138753    0.90%
   5436  4263       94.3387   126       94.3280       95.1759   154998    0.90%
Elapsed time = 12.50 sec. (15819.14 ticks, tree = 3.84 MB, solutions = 22)
   6072  4816       95.1738   172       94.3280       95.1756   170982    0.90%
   6593  5265       95.1727   141       94.3280       95.1755   184104    0.90%
   7084  5692       95.1727   154       94.3280       95.1754   198546    0.90%
   7643  6174       94.3398   121       94.3280       95.1753   215097    0.90%
   8250  6704       94.3411   148       94.3280       95.1752   232553    0.90%
   8920  7300       94.3329    84       94.3280       95.1749   249895    0.90%
   9476  7795       94.3355    91       94.3280       95.1748   264672    0.90%
   9979  8222       94.3390   140       94.3280       95.1745   279609    0.90%
  10543  8715       94.3298    60       94.3280       95.1745   294892    0.90%
* 10880+ 8198                           94.3301       95.1744             0.90%
  10880  8200       94.3398    99       94.3301       95.1744   302473    0.90%
Elapsed time = 20.28 sec. (25538.37 ticks, tree = 5.79 MB, solutions = 23)
* 10881+ 8199                           94.3301       95.1744             0.90%
* 10881+ 8116                           94.3303       95.1744             0.89%
  10881  8118       95.1734   138       94.3303       95.1744   302588    0.89%
  10882  8119       94.3392   133       94.3303       95.1744   302904    0.89%

Performing restart 2

Repeating presolve.
Tried aggregator 1 time.
MIP Presolve eliminated 100 rows and 22 columns.
Reduced MIP has 397 rows, 565 columns, and 3708 nonzeros.
Reduced MIP has 487 binaries, 51 generals, 0 SOSs, and 0 indicators.
Presolve time = 0.00 sec. (2.22 ticks)
Tried aggregator 1 time.
Reduced MIP has 397 rows, 565 columns, and 3708 nonzeros.
Reduced MIP has 487 binaries, 51 generals, 0 SOSs, and 0 indicators.
Presolve time = 0.00 sec. (2.26 ticks)
Represolve time = 0.02 sec. (17.29 ticks)
  10991     0       95.1779   212       94.3303      Cuts: 58   306717    0.89%
  10991     0       95.1775   212       94.3303      Cuts: 57   306944    0.89%
  10991     0       95.1772   212       94.3303      Cuts: 70   307082    0.89%
  10991     0       95.1769   212       94.3303      Cuts: 83   307258    0.89%
  10991     0       95.1768   212       94.3303      Cuts: 43   307364    0.89%
  10991     0       95.1765   212       94.3303      Cuts: 49   307560    0.89%
  10991     0       95.1764   212       94.3303      Cuts: 94   307669    0.89%
  10991     0       95.1763   212       94.3303      Cuts: 30   307768    0.89%
  10991     0       95.1762   212       94.3303      Cuts: 47   307877    0.89%
  10991     0       95.1761   212       94.3303      Cuts: 62   307983    0.89%
  10991     0       95.1757   212       94.3303      Cuts: 43   308068    0.89%
  10991     0       95.1755   212       94.3303      Cuts: 55   308166    0.89%
  10991     0       95.1753   212       94.3303      Cuts: 42   308299    0.89%
* 10991+    0                           94.3303       95.1744             0.89%
  10991     2       95.1753   205       94.3303       95.1744   308299    0.89%
  10999    10       94.3463   165       94.3303       95.1744   309160    0.89%
  11033    33       94.3460   166       94.3303       95.1744   311562    0.89%
  11076    71       94.3305    66       94.3303       95.1744   313688    0.89%
  11107    96       94.3427   150       94.3303       95.1744   315460    0.89%
  11176   152       94.3444   146       94.3303       95.1738   317610    0.89%
  11300   257       94.3394   100       94.3303       94.3463   320816    0.02%
  11538   452       94.3357   103       94.3303       94.3462   326722    0.02%
Elapsed time = 31.95 sec. (38884.32 ticks, tree = 0.98 MB, solutions = 26)
  11920   782       94.3383   122       94.3303       94.3458   335688    0.02%
  12379  1185       94.3355    85       94.3303       94.3457   345811    0.02%
  12809  1549       94.3417   138       94.3303       94.3454   357620    0.02%
  13334  2016        cutoff             94.3303       94.3452   369645    0.02%
  13827  2441       94.3432   146       94.3303       94.3451   381341    0.02%
  14243  2803       94.3422   144       94.3303       94.3451   390710    0.02%
  14746  3227       94.3345    85       94.3303       94.3450   402611    0.02%
  15230  3652       94.3361    93       94.3303       94.3449   412918    0.02%
  15758  4105       94.3364    97       94.3303       94.3448   424466    0.02%
  16258  4534       94.3433   146       94.3303       94.3448   435848    0.02%
Elapsed time = 40.23 sec. (48440.88 ticks, tree = 14.12 MB, solutions = 26)
  16840  5054       94.3313    80       94.3303       94.3447   448085    0.02%
  17359  5488       94.3438   147       94.3303       94.3447   460004    0.02%
  17891  5965       94.3348    87       94.3303       94.3446   472068    0.02%
  18447  6451       94.3416   141       94.3303       94.3446   484264    0.02%
  18967  6881       94.3431   130       94.3303       94.3445   496823    0.02%
  19540  7357       94.3396   142       94.3303       94.3445   509149    0.01%
  20115  7853       94.3358   129       94.3303       94.3444   521448    0.01%
  20586  8247       94.3335    93       94.3303       94.3444   531348    0.01%
  21238  8793       94.3439   125       94.3303       94.3444   542966    0.01%
  21781  9258       94.3376    87       94.3303       94.3444   555105    0.01%
Elapsed time = 48.68 sec. (58020.61 ticks, tree = 28.36 MB, solutions = 26)
  22249  9650       94.3427   133       94.3303       94.3443   565556    0.01%
  22690 10020       94.3348    85       94.3303       94.3443   575735    0.01%
  23180 10438       94.3434   156       94.3303       94.3443   586904    0.01%
  23708 10884       94.3349    90       94.3303       94.3442   598360    0.01%
  24263 11349       94.3313    94       94.3303       94.3442   610058    0.01%
  24724 11750       94.3428   155       94.3303       94.3442   620135    0.01%
  25247 12184       94.3423   134       94.3303       94.3442   631602    0.01%
  25697 12552       94.3344    97       94.3303       94.3441   643883    0.01%
  26208 12975       94.3416   153       94.3303       94.3441   656362    0.01%
  26658 13353       94.3342    76       94.3303       94.3441   666827    0.01%
Elapsed time = 56.93 sec. (67623.45 ticks, tree = 42.51 MB, solutions = 26)
  27091 13709       94.3428   141       94.3303       94.3441   677511    0.01%
  27563 14094       94.3357    91       94.3303       94.3441   689717    0.01%
  28072 14507       94.3338    77       94.3303       94.3440   702317    0.01%
  28568 14907        cutoff             94.3303       94.3440   714696    0.01%
  29022 15273       94.3416   140       94.3303       94.3440   725250    0.01%
  29468 15629       94.3409   119       94.3303       94.3439   736152    0.01%
  30013 16081       94.3348    71       94.3303       94.3439   747661    0.01%
  30625 16573       94.3342    62       94.3303       94.3439   760019    0.01%
  31206 17049    infeasible             94.3303       94.3439   772528    0.01%
  31619 17377       94.3304    29       94.3303       94.3439   783325    0.01%
Elapsed time = 65.15 sec. (77192.91 ticks, tree = 56.36 MB, solutions = 26)
  32082 17738       94.3416   145       94.3303       94.3438   794543    0.01%
  32650 18209       94.3426   142       94.3303       94.3438   807107    0.01%
  33164 18635       94.3355   103       94.3303       94.3438   819973    0.01%
  33692 19074       94.3390   135       94.3303       94.3437   832502    0.01%
  34159 19450       94.3428   166       94.3303       94.3437   843594    0.01%
  34586 19793       94.3396   136       94.3303       94.3437   855149    0.01%
  35093 20209       94.3388   117       94.3303       94.3437   867112    0.01%
  35659 20686       94.3429   130       94.3303       94.3436   879721    0.01%
  36182 21118       94.3404   133       94.3303       94.3436   892331    0.01%
  36668 21510       94.3326    60       94.3303       94.3436   904642    0.01%
Elapsed time = 73.36 sec. (86785.14 ticks, tree = 69.40 MB, solutions = 26)
  37167 21936       94.3405   128       94.3303       94.3436   915845    0.01%
  37669 22344       94.3316    62       94.3303       94.3435   927639    0.01%
  38265 22831       94.3412   125       94.3303       94.3435   940039    0.01%
  38886 23338       94.3415   125       94.3303       94.3435   953121    0.01%
  39400 23763       94.3396   123       94.3303       94.3435   965107    0.01%
  39877 24162    infeasible             94.3303       94.3434   976974    0.01%
  40320 24525       94.3389   122       94.3303       94.3434   988780    0.01%
  40838 24950       94.3317    98       94.3303       94.3434  1000450    0.01%
  41404 25410       94.3414   117       94.3303       94.3434  1013261    0.01%
  43390 27027       94.3344    78       94.3303       94.3433  1061098    0.01%
Elapsed time = 84.01 sec. (99201.31 ticks, tree = 87.07 MB, solutions = 26)
  45391 28676       94.3336    65       94.3303       94.3432  1111736    0.01%
  47365 30258       94.3388   127       94.3303       94.3431  1159383    0.01%
  49502 31958       94.3385   144       94.3303       94.3431  1208211    0.01%
  51746 33784       94.3423   148       94.3303       94.3430  1257722    0.01%
  53798 35392       94.3351    96       94.3303       94.3430  1305111    0.01%
  56004 37161       94.3349    92       94.3303       94.3429  1356797    0.01%
  58062 38794       94.3392   126       94.3303       94.3428  1404626    0.01%
  60183 40473       94.3309    61       94.3303       94.3428  1455739    0.01%
  62512 42330       94.3330    79       94.3303       94.3427  1511024    0.01%
  64702 44112       94.3405   103       94.3303       94.3427  1559851    0.01%
Elapsed time = 116.94 sec. (137369.07 ticks, tree = 147.73 MB, solutions = 26)
  66911 45884       94.3394   117       94.3303       94.3427  1609429    0.01%
  69176 47717       94.3340    73       94.3303       94.3426  1658750    0.01%
  71594 49653       94.3321    39       94.3303       94.3426  1709346    0.01%
  73944 51530       94.3419   130       94.3303       94.3426  1757773    0.01%
  76276 53403       94.3326    57       94.3303       94.3425  1807580    0.01%
  78555 55224       94.3421   122       94.3303       94.3425  1855534    0.01%
  80838 57036       94.3415   118       94.3303       94.3425  1905259    0.01%
  83028 58796       94.3336    90       94.3303       94.3424  1953057    0.01%
  85278 60593       94.3341    67       94.3303       94.3424  1999857    0.01%
  87518 62399       94.3364   110       94.3303       94.3424  2050186    0.01%
Elapsed time = 150.05 sec. (175521.98 ticks, tree = 206.51 MB, solutions = 26)
  89761 64194       94.3369    95       94.3303       94.3423  2096406    0.01%
  92112 66073       94.3352   109       94.3303       94.3423  2146129    0.01%
  94433 67898       94.3396    89       94.3303       94.3423  2192640    0.01%
  96681 69666       94.3368    88       94.3303       94.3422  2243250    0.01%
  98922 71458       94.3417   154       94.3303       94.3422  2292145    0.01%
 101064 73167       94.3400   132       94.3303       94.3422  2341109    0.01%
 103308 74947       94.3375   121       94.3303       94.3422  2391577    0.01%
 105507 76683       94.3383   101       94.3303       94.3422  2439549    0.01%
 107853 78537       94.3387   128       94.3303       94.3421  2490197    0.01%
 110163 80409       94.3352    98       94.3303       94.3421  2538079    0.01%
Elapsed time = 183.02 sec. (213683.61 ticks, tree = 271.71 MB, solutions = 26)
 112557 82298       94.3357    86       94.3303       94.3421  2588166    0.01%
 114848 84092       94.3413   139       94.3303       94.3421  2639066    0.01%
 117060 85841       94.3363    99       94.3303       94.3420  2688042    0.01%
 119434 87709       94.3413   116       94.3303       94.3420  2740592    0.01%
 121811 89586       94.3414   146       94.3303       94.3420  2790059    0.01%
 124281 91572       94.3359   100       94.3303       94.3420  2839998    0.01%
 126749 93535       94.3307    28       94.3303       94.3420  2891518    0.01%
 129100 95387       94.3324    65       94.3303       94.3419  2940681    0.01%
 131557 97333       94.3397   133       94.3303       94.3419  2991188    0.01%
 133938 99243       94.3406   145       94.3303       94.3419  3040194    0.01%
Elapsed time = 215.91 sec. (251875.19 ticks, tree = 338.29 MB, solutions = 26)
 136347 101147       94.3324    79       94.3303       94.3419  3089639    0.01%
 138778 103093       94.3383   120       94.3303       94.3419  3139994    0.01%
 141124 104945       94.3416   154       94.3303       94.3418  3187505    0.01%
 143435 106759       94.3369   122       94.3303       94.3418  3235529    0.01%
 145866 108711       94.3353    86       94.3303       94.3418  3287319    0.01%
 148186 110542       94.3317    52       94.3303       94.3418  3335248    0.01%
 150630 112538       94.3308    43       94.3303       94.3418  3385901    0.01%
 152999 114468       94.3364    78       94.3303       94.3418  3437073    0.01%
 155261 116271       94.3331    61       94.3303       94.3418  3484299    0.01%
 157714 118211       94.3409   135       94.3303       94.3417  3535035    0.01%
Elapsed time = 248.82 sec. (290049.43 ticks, tree = 418.33 MB, solutions = 26)
 160077 120109       94.3388   109       94.3303       94.3417  3585112    0.01%
 162289 121897       94.3377   105       94.3303       94.3417  3634712    0.01%
 164823 123965       94.3367    97       94.3303       94.3417  3685086    0.01%
 167163 125818       94.3353   103       94.3303       94.3417  3735866    0.01%
 169547 127720       94.3345    76       94.3303       94.3417  3784458    0.01%
 172031 129706       94.3415   133       94.3303       94.3416  3835868    0.01%
Starting limited solution polishing.
 174191 131438       94.3323    66       94.3303       94.3416  3889039    0.01%
*174591+131547                           94.3304       94.3416             0.01%
*174791+131429                           94.3304       94.3416             0.01%
*174891+128265                           94.3307       94.3416             0.01%
 175391 128667       94.3352   107       94.3307       94.3416  3919361    0.01%
 176178 129280       94.3337    81       94.3307       94.3416  3938801    0.01%
 176991 129923       94.3364    75       94.3307       94.3416  3960150    0.01%
Elapsed time = 283.76 sec. (329957.99 ticks, tree = 461.67 MB, solutions = 29)
 177880 130594       94.3377   122       94.3307       94.3416  3983127    0.01%
*178591+130239                           94.3308       94.3416             0.01%
*178691+129647                           94.3309       94.3416             0.01%
 178691 129649       94.3369    97       94.3309       94.3416  4002569    0.01%
 179491 130274       94.3405   127       94.3309       94.3416  4021829    0.01%
 180291 130909       94.3399   134       94.3309       94.3416  4039865    0.01%
Advanced basis not built.

GUB cover cuts applied:  21
Clique cuts applied:  60
Cover cuts applied:  5
Implied bound cuts applied:  38
Flow cuts applied:  24
Mixed integer rounding cuts applied:  89
Zero-half cuts applied:  32
Lift and project cuts applied:  55
Gomory fractional cuts applied:  3

Root node processing (before b&c):
  Real time             =    0.23 sec. (255.67 ticks)
Sequential b&c:
  Real time             =  299.77 sec. (347977.12 ticks)
                          ------------
Total (root+branch&cut) =  300.00 sec. (348232.80 ticks)

Solution pool: 32 solutions saved.

MIP - Time limit exceeded, integer feasible:  Objective =  9.4330887236e+01
Current MIP best bound =  9.4341598661e+01 (gap = 0.0107114, 0.01%)
Solution time =  300.00 sec.  Iterations = 4051390  Nodes = 180691 (131207)
Deterministic time = 348232.80 ticks  (1160.77 ticks/sec)


Incumbent solution
Variable Name           Solution Value
F                           130.000000
f1                            0.929113
f2                           34.740000
y226                          1.000000
y243                          1.000000
y271                          1.000000
y74                           1.000000
y184                          1.000000
y93                           1.000000
y135                          1.000000
y85                           1.000000
y171                          1.000000
y21                           1.000000
y86                           1.000000
y154                          1.000000
y58                           1.000000
y227                          1.000000
y245                          1.000000
y46                           1.000000
y198                          1.000000
y264                          1.000000
y220                          1.000000
y149                          1.000000
y106                          1.000000
y36                           1.000000
y64                           1.000000
y109                          1.000000
y97                           1.000000
s34                           6.000000
s59                           6.000000
s88                           6.000000
s118                          6.000000
s208                          6.000000
s221                          6.000000
s226                          6.377796
s243                          6.575972
s246                          6.000000
s268                          6.000000
s271                          6.239232
s177                          6.010000
s74                           6.359280
s184                          6.856881
s93                           6.491390
s135                          6.941436
s75                           6.190000
s85                           7.109026
s171                          6.571073
s21                           6.620000
s86                           7.482983
s154                          7.564331
s58                           6.859804
s227                          7.776190
s245                          7.021980
s46                           7.317771
s198                          7.904267
s264                          7.699309
s220                          7.929368
s149                          7.923049
s106                          8.103357
s36                           7.290718
s64                           7.709691
s109                          7.250000
s97                           7.596132
x108x171x1                    1.000000
x108x21x1                     1.000000
x5x184x1                      2.000000
x250x243x1                    1.000000
x164x58x1                     2.000000
x210x109x1                    1.000000
x150x36x1                     2.000000
x173x245x1                    1.000000
x104x74x1                     1.000000
x194x226x2                    2.000000
x250x93x2                     1.000000
x76x245x2                     1.000000
x134x85x2                     1.000000
x9x86x2                       2.000000
x130x46x2                     2.000000
x104x271x2                    1.000000
x52x271x3                     1.000000
x52x74x3                      1.000000
x55x243x3                     1.000000
x55x135x3                     1.000000
x76x21x3                      1.000000
x210x135x3                    1.000000
x197x93x3                     1.000000
x197x171x3                    1.000000
x173x109x3                    1.000000
x134x85x3                     1.000000
x226x264x2                    1.000000
x226x64x2                     1.000000
x243x220x1                    1.000000
x243x198x3                    1.000000
x271x154x2                    1.000000
x271x97x3                     1.000000
x74x154x1                     1.000000
x74x97x3                      1.000000
x184x0x1                      2.000000
x93x227x2                     1.000000
x93x198x3                     1.000000
x135x0x3                      2.000000
x85x0x2                       1.000000
x85x0x3                       1.000000
x171x264x1                    1.000000
x171x227x3                    1.000000
x21x220x1                     1.000000
x21x64x3                      1.000000
x86x0x2                       2.000000
x154x0x1                      1.000000
x154x0x2                      1.000000
x58x149x1                     2.000000
x227x0x2                      1.000000
x227x0x3                      1.000000
x245x106x1                    1.000000
x245x106x2                    1.000000
x46x0x2                       2.000000
x198x0x3                      2.000000
x264x0x1                      1.000000
x264x0x2                      1.000000
x220x0x1                      2.000000
x149x0x1                      2.000000
x106x0x1                      1.000000
x106x0x2                      1.000000
x36x0x1                       2.000000
x64x0x2                       1.000000
x64x0x3                       1.000000
x109x0x1                      1.000000
x109x0x3                      1.000000
x97x0x3                       2.000000
s108                          4.936144
z108z171z1                    1.000000
z108z21z1                     1.000000
z108z58z1                     1.000000
z108z220z1                    1.000000
z108z149z1                    1.000000
z108z36z1                     1.000000
s52                           4.848515
z52z271z3                     1.000000
z52z74z3                      1.000000
z52z135z3                     1.000000
z52z198z3                     1.000000
z52z97z3                      1.000000
s5                            5.098426
z5z184z1                      1.000000
s194                          5.113514
z194z226z2                    1.000000
z194z46z2                     1.000000
s250                          5.134453
z250z243z1                    1.000000
z250z93z2                     1.000000
z250z86z2                     1.000000
z250z58z1                     1.000000
z250z46z2                     1.000000
z250z220z1                    1.000000
z250z149z1                    1.000000
z250z36z1                     1.000000
s55                           5.209138
z55z243z3                     1.000000
z55z135z3                     1.000000
z55z198z3                     1.000000
z55z97z3                      1.000000
s164                          5.527404
z164z58z1                     1.000000
z164z149z1                    1.000000
z164z36z1                     1.000000
s76                           5.281911
z76z21z3                      1.000000
z76z245z2                     1.000000
z76z46z2                      1.000000
z76z198z3                     1.000000
z76z97z3                      1.000000
s210                          5.685889
z210z135z3                    1.000000
z210z149z1                    1.000000
z210z109z1                    1.000000
z210z97z3                     1.000000
s197                          5.400357
z197z93z3                     1.000000
z197z171z3                    1.000000
z197z198z3                    1.000000
z197z97z3                     1.000000
s150                          5.858206
z150z149z1                    1.000000
z150z36z1                     1.000000
s173                          5.632628
z173z245z1                    1.000000
z173z149z1                    1.000000
z173z36z1                     1.000000
z173z109z3                    1.000000
z173z97z3                     1.000000
s134                          5.790000
z134z85z2                     1.000000
z134z85z3                     1.000000
s9                            5.960000
z9z86z2                       1.000000
s130                          5.960000
z130z46z2                     1.000000
s104                          4.764950
z104z271z2                    1.000000
z104z74z1                     1.000000
z104z86z2                     1.000000
z104z58z1                     1.000000
z104z46z2                     1.000000
z104z220z1                    1.000000
z104z149z1                    1.000000
z104z36z1                     1.000000
z226z264z2                    1.000000
z226z64z2                     1.000000
z243z198z3                    1.000000
z243z220z1                    1.000000
z271z154z2                    1.000000
z271z97z3                     1.000000
z74z154z1                     1.000000
z74z97z3                      1.000000
z93z227z2                     1.000000
z93z198z3                     1.000000
z171z227z3                    1.000000
z171z264z1                    1.000000
z21z220z1                     1.000000
z21z64z3                      1.000000
z58z149z1                     1.000000
z245z106z1                    1.000000
z245z106z2                    1.000000
All other variables in the range 1-1510 are 0.
