
Log started (V12.10.0.0) Thu Apr  8 06:28:58 2021


Problem 'asset.lp' read.
Read time = 0.00 sec. (0.14 ticks)
New value for default parallel thread count: 1
New value for time limit in seconds: 200
Version identifier: 12.10.0.0 | 2019-11-26 | 843d4de
CPXPARAM_Threads                                 1
CPXPARAM_TimeLimit                               200
Found incumbent of value -0.764362 after 0.00 sec. (0.07 ticks)
Tried aggregator 3 times.
MIP Presolve eliminated 797 rows and 263 columns.
MIP Presolve modified 1108 coefficients.
Aggregator did 285 substitutions.
Reduced MIP has 511 rows, 539 columns, and 2084 nonzeros.
Reduced MIP has 408 binaries, 92 generals, 0 SOSs, and 0 indicators.
Presolve time = 0.01 sec. (4.78 ticks)
Probing fixed 144 vars, tightened 49 bounds.
Probing time = 0.00 sec. (0.90 ticks)
Cover probing fixed 0 vars, tightened 48 bounds.
Tried aggregator 2 times.
MIP Presolve eliminated 285 rows and 270 columns.
MIP Presolve modified 16 coefficients.
Aggregator did 4 substitutions.
Reduced MIP has 222 rows, 256 columns, and 720 nonzeros.
Reduced MIP has 186 binaries, 34 generals, 0 SOSs, and 0 indicators.
Presolve time = 0.00 sec. (1.87 ticks)
Probing fixed 0 vars, tightened 1 bounds.
Probing time = 0.00 sec. (0.29 ticks)
Tried aggregator 1 time.
Detecting symmetries...
MIP Presolve modified 22 coefficients.
Reduced MIP has 222 rows, 256 columns, and 720 nonzeros.
Reduced MIP has 186 binaries, 34 generals, 0 SOSs, and 0 indicators.
Presolve time = 0.00 sec. (0.51 ticks)
Probing time = 0.00 sec. (0.28 ticks)
Clique table members: 171.
MIP emphasis: balance optimality and feasibility.
MIP search method: dynamic search.
Parallel mode: none, using 1 thread.
Root relaxation solution time = 0.00 sec. (1.14 ticks)

        Nodes                                         Cuts/
   Node  Left     Objective  IInf  Best Integer    Best Bound    ItCnt     Gap

*     0+    0                           -0.7644      854.1456              --- 
      0     0      354.4720    30       -0.7644      354.4720      149     --- 
*     0+    0                          306.1261      354.4720            15.79%
      0     0      348.1087    30      306.1261      Cuts: 61      175   13.71%
      0     0      344.5675    30      306.1261       Cuts: 8      194   12.56%
      0     0      343.1463    30      306.1261      Cuts: 20      213   12.09%
      0     0      340.9271    30      306.1261      Cuts: 14      225   11.37%
*     0+    0                          322.9422      340.9271             5.57%
      0     0      340.6056    30      322.9422      Cuts: 20      239    5.47%
*     0+    0                          330.5808      340.6056             3.03%
Detecting symmetries...
*     0+    0                          330.7855      340.6056             2.97%
      0     0        cutoff            330.7855      340.6056      239    2.97%
Detecting symmetries...

Repeating presolve.
Tried aggregator 3 times.
MIP Presolve eliminated 88 rows and 117 columns.
MIP Presolve modified 45 coefficients.
Aggregator did 6 substitutions.
Reduced MIP has 128 rows, 133 columns, and 384 nonzeros.
Reduced MIP has 97 binaries, 16 generals, 0 SOSs, and 0 indicators.
Presolve time = 0.00 sec. (0.52 ticks)
Probing fixed 0 vars, tightened 5 bounds.
Probing time = 0.00 sec. (0.13 ticks)
Cover probing fixed 0 vars, tightened 3 bounds.
Tried aggregator 2 times.
MIP Presolve eliminated 7 rows and 4 columns.
MIP Presolve modified 13 coefficients.
Aggregator did 1 substitutions.
Reduced MIP has 120 rows, 127 columns, and 361 nonzeros.
Reduced MIP has 94 binaries, 13 generals, 0 SOSs, and 0 indicators.
Presolve time = 0.00 sec. (0.44 ticks)
Probing time = 0.00 sec. (0.11 ticks)
Tried aggregator 2 times.
Detecting symmetries...
MIP Presolve eliminated 2 rows and 1 columns.
MIP Presolve modified 2 coefficients.
Aggregator did 1 substitutions.
Reduced MIP has 117 rows, 125 columns, and 355 nonzeros.
Reduced MIP has 92 binaries, 13 generals, 0 SOSs, and 0 indicators.
Presolve time = 0.00 sec. (0.48 ticks)
Represolve time = 0.00 sec. (2.57 ticks)
Probing time = 0.00 sec. (0.11 ticks)
Clique table members: 121.
MIP emphasis: balance optimality and feasibility.
MIP search method: dynamic search.
Parallel mode: none, using 1 thread.
Root relaxation solution time = 0.00 sec. (0.80 ticks)

        Nodes                                         Cuts/
   Node  Left     Objective  IInf  Best Integer    Best Bound    ItCnt     Gap

*     0+    0                          330.7855      340.6056             2.97%
      0     0      340.6056    24      330.7855      340.6056      334    2.97%
*     0     0      integral     0      340.0758      Cuts: 13      340    0.00%
      0     0        cutoff            340.0758      340.0758      340    0.00%
Elapsed time = 0.04 sec. (33.28 ticks, tree = 0.01 MB, solutions = 5)

GUB cover cuts applied:  2
Clique cuts applied:  9
Cover cuts applied:  6
Implied bound cuts applied:  10
Flow cuts applied:  3
Mixed integer rounding cuts applied:  3
Zero-half cuts applied:  17
Lift and project cuts applied:  3
Gomory fractional cuts applied:  8

Root node processing (before b&c):
  Real time             =    0.04 sec. (33.35 ticks)
Sequential b&c:
  Real time             =    0.00 sec. (0.00 ticks)
                          ------------
Total (root+branch&cut) =    0.04 sec. (33.35 ticks)

Solution pool: 6 solutions saved.

MIP - Integer optimal solution:  Objective =  3.4007577006e+02
Solution time =    0.04 sec.  Iterations = 340  Nodes = 0
Deterministic time = 33.36 ticks  (745.04 ticks/sec)


Incumbent solution
Variable Name           Solution Value
F                           370.000000
f1                            0.804230
f2                           29.120000
y158                          1.000000
y179                          1.000000
y134                          1.000000
y22                           1.000000
y173                          1.000000
y98                           1.000000
y3                            1.000000
y175                          1.000000
y83                           1.000000
y4                            1.000000
s51                           2.480000
s57                           2.520000
s108                          2.550000
s182                          2.590000
s132                          2.690000
s149                          2.690000
s8                            2.770000
s64                           2.820000
s158                          3.379650
s93                           2.980000
s120                          3.050000
s176                          3.090000
s61                           3.100000
s179                          3.779714
s69                           3.110000
s189                          3.120000
s67                           3.230000
s131                          3.230000
s169                          3.230000
s86                           3.240000
s184                          3.260000
s134                          3.997386
s91                           3.350000
s22                           4.378707
s173                          4.378472
s98                           4.398724
s18                           3.440000
s27                           3.460000
s63                           3.460000
s3                            4.417432
s54                           3.470000
s82                           3.480000
s159                          3.480000
s140                          3.520000
s155                          3.520000
s186                          3.520000
s30                           3.530000
s175                          3.594278
s209                          3.570000
s36                           3.600000
s83                           4.615360
s4                            4.525862
s73                           3.640000
s77                           3.680000
s79                           3.690000
x153x179x1                    1.000000
x153x175x1                    1.000000
x38x175x1                     1.000000
x45x179x1                     1.000000
x198x4x1                      1.000000
x145x158x2                    1.000000
x145x134x2                    1.000000
x135x158x2                    1.000000
x208x98x2                     1.000000
x198x22x2                     1.000000
x19x98x2                      1.000000
x45x134x3                     1.000000
x199x22x3                     1.000000
x208x3x3                      1.000000
x12x173x3                     2.000000
x19x3x3                       1.000000
x158x83x2                     1.000000
x158x4x2                      1.000000
x179x0x1                      2.000000
x134x0x2                      1.000000
x134x0x3                      1.000000
x22x0x2                       1.000000
x22x0x3                       1.000000
x173x0x3                      2.000000
x98x0x2                       2.000000
x3x0x3                        2.000000
x175x0x1                      1.000000
x175x83x1                     1.000000
x83x0x1                       1.000000
x83x0x2                       1.000000
x4x0x1                        1.000000
x4x0x2                        1.000000
s145                          1.910731
z145z158z2                    1.000000
z145z134z2                    1.000000
z145z98z2                     1.000000
s153                          2.253979
z153z179z1                    1.000000
z153z175z1                    1.000000
s135                          2.108052
z135z158z2                    1.000000
z135z98z2                     1.000000
s38                           2.180736
z38z63z1                      1.000000
z38z54z1                      1.000000
z38z175z1                     1.000000
s45                           2.484637
z45z179z1                     1.000000
z45z134z3                     1.000000
s199                          3.002687
z199z22z3                     1.000000
s208                          3.054588
z208z98z2                     1.000000
z208z3z3                      1.000000
s198                          3.010772
z198z22z2                     1.000000
z198z4z1                      1.000000
s12                           3.196560
z12z173z3                     1.000000
s19                           3.219609
z19z98z2                      1.000000
z19z3z3                       1.000000
z158z83z2                     1.000000
z158z4z2                      1.000000
z175z83z1                     1.000000
All other variables in the range 1-1093 are 0.
