
Log started (V12.10.0.0) Fri Apr  2 08:31:21 2021


Problem 'asset.lp' read.
Read time = 0.02 sec. (1.02 ticks)
New value for default parallel thread count: 1
New value for time limit in seconds: 300
Version identifier: 12.10.0.0 | 2019-11-26 | 843d4de
CPXPARAM_Threads                                 1
CPXPARAM_TimeLimit                               300
Found incumbent of value -0.827744 after 0.00 sec. (0.42 ticks)
Tried aggregator 3 times.
MIP Presolve eliminated 7984 rows and 4549 columns.
MIP Presolve modified 6321 coefficients.
Aggregator did 916 substitutions.
Reduced MIP has 1133 rows, 1271 columns, and 5509 nonzeros.
Reduced MIP has 1077 binaries, 138 generals, 0 SOSs, and 0 indicators.
Presolve time = 0.02 sec. (19.90 ticks)
Probing fixed 570 vars, tightened 69 bounds.
Probing time = 0.01 sec. (4.27 ticks)
Cover probing fixed 0 vars, tightened 50 bounds.
Tried aggregator 2 times.
MIP Presolve eliminated 758 rows and 752 columns.
MIP Presolve modified 42 coefficients.
Aggregator did 7 substitutions.
Reduced MIP has 368 rows, 501 columns, and 1493 nonzeros.
Reduced MIP has 404 binaries, 53 generals, 0 SOSs, and 0 indicators.
Presolve time = 0.00 sec. (4.18 ticks)
Probing fixed 0 vars, tightened 1 bounds.
Probing time = 0.00 sec. (0.83 ticks)
Tried aggregator 1 time.
Detecting symmetries...
MIP Presolve modified 22 coefficients.
Reduced MIP has 368 rows, 501 columns, and 1493 nonzeros.
Reduced MIP has 404 binaries, 53 generals, 0 SOSs, and 0 indicators.
Presolve time = 0.00 sec. (1.10 ticks)
Probing time = 0.00 sec. (0.82 ticks)
Clique table members: 1052.
MIP emphasis: balance optimality and feasibility.
MIP search method: dynamic search.
Parallel mode: none, using 1 thread.
Root relaxation solution time = 0.00 sec. (2.40 ticks)

        Nodes                                         Cuts/
   Node  Left     Objective  IInf  Best Integer    Best Bound    ItCnt     Gap

*     0+    0                           -0.8277     1281.3041              --- 
      0     0      544.4135    56       -0.8277      544.4135      265     --- 
      0     0      542.2026    56       -0.8277      Cuts: 57      328     --- 
      0     0      536.2985    56       -0.8277      Cuts: 52      384     --- 
      0     0      536.2979    56       -0.8277      Cuts: 31      406     --- 
      0     0      536.2978    56       -0.8277       Cuts: 8      431     --- 
*     0+    0                          491.7025      536.2978             9.07%
Detecting symmetries...
      0     2      536.2978    76      491.7025      536.0613      431    9.02%
Elapsed time = 0.07 sec. (63.00 ticks, tree = 0.01 MB, solutions = 1)
*    40+   34                          508.7433      535.7610             5.31%
*    40+   34                          508.7435      535.7610             5.31%
*    50+   44                          508.7436      535.7610             5.31%
*   150+  122                          508.7437      533.3990             4.85%
    627   470      520.8702    59      508.7437      529.7804     7645    4.14%
*   800+  588                          508.8235      529.1938             4.00%
*   810+  562                          511.6619      528.9034             3.37%
*   820+  570                          511.6621      528.8133             3.35%
*   820+  570                          511.6622      528.8133             3.35%
*   920+  615                          511.6623      527.9234             3.18%
*  1000+  654                          511.6623      527.3953             3.07%
   1066   666      514.7648    50      511.6623      526.4388    14306    2.89%
   1535   841      514.1112    77      511.6623      524.4342    21487    2.50%

Performing restart 1

Repeating presolve.
Tried aggregator 2 times.
MIP Presolve eliminated 28 rows and 34 columns.
MIP Presolve modified 2 coefficients.
Aggregator did 1 substitutions.
Reduced MIP has 339 rows, 466 columns, and 1276 nonzeros.
Reduced MIP has 371 binaries, 52 generals, 0 SOSs, and 0 indicators.
Presolve time = 0.00 sec. (1.90 ticks)
Tried aggregator 2 times.
MIP Presolve eliminated 2 rows and 1 columns.
MIP Presolve modified 4 coefficients.
Aggregator did 1 substitutions.
Reduced MIP has 336 rows, 464 columns, and 1269 nonzeros.
Reduced MIP has 370 binaries, 52 generals, 0 SOSs, and 0 indicators.
Presolve time = 0.00 sec. (1.38 ticks)
Represolve time = 0.01 sec. (11.35 ticks)
   1573     0      528.9985    60      511.6623      Cuts: 55    22402    2.49%
   1573     0      525.4577    60      511.6623      Cuts: 50    22439    2.49%
   1573     0      525.1531    60      511.6623      Cuts: 29    22472    2.49%
   1573     0      525.1130    60      511.6623      Cuts: 18    22500    2.49%
   1573     0      524.6935    60      511.6623      Cuts: 24    22523    2.49%
   1573     0      524.1878    60      511.6623      Cuts: 15    22554    2.45%
   1573     0      524.1878    60      511.6623       Cuts: 6    22560    2.45%
   1573     0      524.1874    60      511.6623       Cuts: 6    22569    2.45%
   1573     0      524.1874    60      511.6623   ZeroHalf: 3    22570    2.45%
   1573     0      524.1324    60      511.6623   ZeroHalf: 4    22604    2.44%
   1573     0      523.8855    60      511.6623      Cuts: 22    22641    2.39%
   1573     0      523.8854    60      511.6623      Cuts: 21    22662    2.39%
   1573     0      523.8854    60      511.6623      Cuts: 24    22700    2.39%
*  1573+    0                          511.6623      523.8854             2.39%
   1597    16      514.4672    58      511.6623      523.1422    23064    2.24%
   1701    61      492.4323    59      511.6623      521.6386    25204    1.95%
   2076    33      511.7627    29      511.6623      513.4081    30484    0.34%

Clique cuts applied:  10
Cover cuts applied:  3
Implied bound cuts applied:  36
Flow cuts applied:  1
Mixed integer rounding cuts applied:  23
Zero-half cuts applied:  15
Lift and project cuts applied:  1
Gomory fractional cuts applied:  11

Root node processing (before b&c):
  Real time             =    0.07 sec. (63.70 ticks)
Sequential b&c:
  Real time             =    1.39 sec. (1456.81 ticks)
                          ------------
Total (root+branch&cut) =    1.46 sec. (1520.51 ticks)

Solution pool: 13 solutions saved.

MIP - Integer optimal, tolerance (0.0001/1e-06):  Objective =  5.1166233615e+02
Current MIP best bound =  5.1166317581e+02 (gap = 0.00083966, 0.00%)
Solution time =    1.46 sec.  Iterations = 30876  Nodes = 2127 (20)
Deterministic time = 1520.53 ticks  (1038.25 ticks/sec)


Incumbent solution
Variable Name           Solution Value
F                           540.000000
f1                            0.837664
f2                           27.500000
y290                          1.000000
y95                           1.000000
y146                          1.000000
y193                          1.000000
y73                           1.000000
y335                          1.000000
y285                          1.000000
y263                          1.000000
y329                          1.000000
y86                           1.000000
y264                          1.000000
y200                          1.000000
y124                          1.000000
y203                          1.000000
s130                          3.290000
s244                          3.300000
s123                          3.340000
s65                           3.380000
s274                          3.410000
s36                           3.420000
s93                           3.450000
s8                            3.460000
s118                          3.460000
s42                           3.520000
s325                          3.550000
s85                           3.570000
s334                          3.600000
s128                          3.620000
s178                          3.620000
s108                          3.640000
s79                           3.650000
s49                           3.660000
s80                           3.670000
s9                            3.680000
s149                          3.700000
s195                          3.740000
s10                           3.770000
s172                          3.780000
s97                           3.790000
s68                           3.800000
s179                          3.810000
s33                           3.830000
s251                          3.830000
s292                          3.840000
s324                          3.840000
s225                          3.850000
s99                           3.860000
s104                          3.860000
s199                          3.860000
s231                          3.870000
s229                          3.880000
s277                          3.880000
s48                           3.890000
s208                          3.890000
s112                          3.900000
s294                          3.900000
s323                          3.910000
s275                          3.930000
s44                           3.940000
s62                           3.940000
s137                          3.940000
s98                           3.950000
s262                          3.950000
s81                           3.970000
s12                           3.980000
s143                          3.980000
s159                          3.980000
s91                           4.000000
s280                          4.010000
s4                            4.040000
s279                          4.040000
s116                          4.050000
s132                          4.050000
s290                          4.864423
s95                           4.691837
s70                           4.080000
s192                          4.100000
s103                          4.110000
s173                          4.110000
s228                          4.120000
s212                          4.130000
s236                          4.150000
s260                          4.180000
s226                          4.190000
s165                          4.200000
s129                          4.210000
s134                          4.210000
s288                          4.230000
s7                            4.280000
s197                          4.280000
s146                          5.164467
s338                          4.330000
s182                          4.370000
s125                          4.410000
s268                          4.420000
s13                           4.430000
s246                          4.430000
s5                            4.440000
s223                          4.450000
s193                          5.214986
s73                           5.411546
s14                           4.480000
s335                          5.360850
s276                          4.520000
s54                           4.540000
s50                           4.570000
s285                          5.436460
s194                          5.120000
s240                          5.200000
s38                           5.280000
s263                          5.340279
s201                          5.350000
s243                          5.350000
s24                           5.360000
s329                          5.782419
s86                           5.420000
s21                           5.440000
s297                          5.450000
s264                          5.670000
s72                           5.710000
s110                          5.750000
s200                          5.770000
s140                          5.790000
s144                          5.790000
s124                          5.925170
s31                           5.960000
s203                          5.991467
x63x263x1                     1.000000
x186x263x1                    1.000000
x209x200x1                    1.000000
x311x285x1                    1.000000
x311x329x1                    1.000000
x230x290x1                    1.000000
x230x193x1                    1.000000
x219x193x1                    1.000000
x219x86x1                     1.000000
x337x146x2                    1.000000
x63x335x2                     1.000000
x167x335x2                    1.000000
x209x285x2                    1.000000
x154x73x2                     1.000000
x181x329x2                    1.000000
x181x200x2                    1.000000
x320x264x2                    2.000000
x167x73x3                     1.000000
x186x146x3                    1.000000
x207x124x3                    1.000000
x207x203x3                    1.000000
x287x95x3                     2.000000
x282x290x3                    1.000000
x282x86x3                     1.000000
x290x0x1                      1.000000
x290x0x3                      1.000000
x95x124x3                     1.000000
x95x203x3                     1.000000
x146x0x2                      1.000000
x146x0x3                      1.000000
x193x0x1                      2.000000
x73x0x2                       1.000000
x73x0x3                       1.000000
x335x0x2                      2.000000
x285x0x1                      1.000000
x285x0x2                      1.000000
x263x0x1                      2.000000
x329x0x1                      1.000000
x329x0x2                      1.000000
x86x0x1                       1.000000
x86x0x3                       1.000000
x264x0x2                      2.000000
x200x0x1                      1.000000
x200x0x2                      1.000000
x124x0x3                      2.000000
x203x0x3                      2.000000
s337                          2.664557
z337z262z2                    1.000000
z337z91z2                     1.000000
z337z70z2                     1.000000
z337z228z2                    1.000000
z337z146z2                    1.000000
z337z338z2                    1.000000
z337z223z2                    1.000000
z337z335z2                    1.000000
z337z54z2                     1.000000
z337z264z2                    1.000000
s63                           3.873024
z63z335z2                     1.000000
z63z263z1                     1.000000
z63z264z2                     1.000000
z63z110z1                     1.000000
s167                          3.960175
z167z73z3                     1.000000
z167z335z2                    1.000000
z167z264z2                    1.000000
z167z124z3                    1.000000
z167z31z3                     1.000000
z167z203z3                    1.000000
s186                          3.838764
z186z146z3                    1.000000
z186z263z1                    1.000000
z186z24z3                     1.000000
z186z110z1                    1.000000
z186z124z3                    1.000000
z186z31z3                     1.000000
z186z203z3                    1.000000
s209                          4.045802
z209z285z2                    1.000000
z209z110z1                    1.000000
z209z200z1                    1.000000
s311                          4.029428
z311z285z1                    1.000000
z311z329z1                    1.000000
z311z110z1                    1.000000
s207                          3.916704
z207z124z3                    1.000000
z207z31z3                     1.000000
z207z203z3                    1.000000
s154                          4.057884
z154z73z2                     1.000000
z154z124z3                    1.000000
z154z31z3                     1.000000
z154z203z3                    1.000000
s287                          3.503302
z287z95z3                     1.000000
z287z201z3                    1.000000
z287z24z3                     1.000000
z287z124z3                    1.000000
z287z31z3                     1.000000
z287z203z3                    1.000000
s230                          3.706520
z230z290z1                    1.000000
z230z193z1                    1.000000
z230z110z1                    1.000000
s181                          4.059347
z181z329z2                    1.000000
z181z264z2                    1.000000
z181z200z2                    1.000000
s320                          4.181365
z320z264z2                    1.000000
s282                          3.735792
z282z290z3                    1.000000
z282z24z3                     1.000000
z282z86z3                     1.000000
z282z124z3                    1.000000
z282z31z3                     1.000000
z282z203z3                    1.000000
s219                          3.816725
z219z193z1                    1.000000
z219z86z1                     1.000000
z219z110z1                    1.000000
z132z203z3                    1.000000
z95z124z3                     1.000000
z95z203z3                     1.000000
All other variables in the range 1-6745 are 0.
