
Log started (V12.10.0.0) Fri Apr  2 08:31:58 2021


Problem 'asset.lp' read.
Read time = 0.00 sec. (0.09 ticks)
New value for default parallel thread count: 1
New value for time limit in seconds: 300
Version identifier: 12.10.0.0 | 2019-11-26 | 843d4de
CPXPARAM_Threads                                 1
CPXPARAM_TimeLimit                               300
Found incumbent of value -0.894881 after 0.00 sec. (0.05 ticks)
Tried aggregator 3 times.
MIP Presolve eliminated 537 rows and 345 columns.
MIP Presolve modified 810 coefficients.
Aggregator did 179 substitutions.
Reduced MIP has 235 rows, 297 columns, and 1092 nonzeros.
Reduced MIP has 248 binaries, 31 generals, 0 SOSs, and 0 indicators.
Presolve time = 0.00 sec. (2.47 ticks)
Probing fixed 18 vars, tightened 4 bounds.
Probing time = 0.00 sec. (0.44 ticks)
Cover probing fixed 0 vars, tightened 6 bounds.
Tried aggregator 1 time.
MIP Presolve eliminated 31 rows and 31 columns.
MIP Presolve modified 16 coefficients.
Reduced MIP has 204 rows, 266 columns, and 895 nonzeros.
Reduced MIP has 221 binaries, 27 generals, 0 SOSs, and 0 indicators.
Presolve time = 0.00 sec. (0.80 ticks)
Probing time = 0.00 sec. (0.30 ticks)
Tried aggregator 1 time.
Detecting symmetries...
MIP Presolve modified 98 coefficients.
Reduced MIP has 204 rows, 266 columns, and 895 nonzeros.
Reduced MIP has 221 binaries, 27 generals, 0 SOSs, and 0 indicators.
Presolve time = 0.00 sec. (0.62 ticks)
Probing time = 0.00 sec. (0.29 ticks)
Clique table members: 193.
MIP emphasis: balance optimality and feasibility.
MIP search method: dynamic search.
Parallel mode: none, using 1 thread.
Root relaxation solution time = 0.00 sec. (1.03 ticks)

        Nodes                                         Cuts/
   Node  Left     Objective  IInf  Best Integer    Best Bound    ItCnt     Gap

*     0+    0                           -0.8949       65.2051              --- 
      0     0       63.5102    66       -0.8949       63.5102      108     --- 
*     0+    0                           55.9488       63.5102            13.52%
      0     0       63.5057    66       55.9488      Cuts: 52      170   13.51%
      0     0       63.5030    66       55.9488      Cuts: 63      218   13.50%
      0     0       63.5025    66       55.9488      Cuts: 36      243   13.50%
      0     0       63.5025    66       55.9488      Cuts: 19      259   13.50%
Detecting symmetries...
      0     2       63.5025    60       55.9488       63.5024      259   13.50%
Elapsed time = 0.03 sec. (22.75 ticks, tree = 0.01 MB, solutions = 1)
*    20+   16                           59.7622       63.5024             6.26%
*    20+   16                           59.7639       63.5024             6.26%
*    21    17      integral     0       59.7640       63.5024      427    6.26%
*   330+   65                           61.5972       63.5007             3.09%
*   340+   75                           61.5989       63.5007             3.09%
*   350+   85                           61.5991       63.5007             3.09%
*   440+  163                           61.5993       63.5001             3.09%
*   440+  163                           61.6003       63.5001             3.08%
*   460+  181                           61.6016       63.5001             3.08%
*   560+  262                           61.6017       63.4996             3.08%
*   805   397      integral     0       61.6030       63.4978     4551    3.08%
*   905+  468                           61.6031       63.4970             3.07%
*  1000+  516                           61.6033       63.4964             3.07%
*  1065   491      integral     0       61.6046       63.4960     6291    3.07%
*  1094   502      integral     0       61.6049       63.4958     6440    3.07%
*  1194+  488                           61.6053       63.3839             2.89%

Performing restart 1

Repeating presolve.
Tried aggregator 3 times.
MIP Presolve eliminated 7 rows and 23 columns.
MIP Presolve modified 114 coefficients.
Aggregator did 3 substitutions.
Reduced MIP has 194 rows, 240 columns, and 745 nonzeros.
Reduced MIP has 200 binaries, 23 generals, 0 SOSs, and 0 indicators.
Presolve time = 0.00 sec. (0.82 ticks)
Tried aggregator 1 time.
MIP Presolve eliminated 66 rows and 66 columns.
MIP Presolve modified 44 coefficients.
Reduced MIP has 128 rows, 174 columns, and 511 nonzeros.
Reduced MIP has 152 binaries, 9 generals, 0 SOSs, and 0 indicators.
Presolve time = 0.00 sec. (0.34 ticks)
Tried aggregator 1 time.
MIP Presolve eliminated 8 rows and 4 columns.
MIP Presolve modified 42 coefficients.
Reduced MIP has 120 rows, 170 columns, and 479 nonzeros.
Reduced MIP has 149 binaries, 9 generals, 0 SOSs, and 0 indicators.
Presolve time = 0.00 sec. (0.29 ticks)
Tried aggregator 1 time.
MIP Presolve modified 4 coefficients.
Reduced MIP has 120 rows, 170 columns, and 479 nonzeros.
Reduced MIP has 149 binaries, 9 generals, 0 SOSs, and 0 indicators.
Presolve time = 0.00 sec. (0.36 ticks)
Represolve time = 0.01 sec. (4.77 ticks)
   1304     0       61.6106    20       61.6053      Cuts: 24     8024    0.01%

Implied bound cuts applied:  23
Mixed integer rounding cuts applied:  10
Zero-half cuts applied:  2
Gomory fractional cuts applied:  2

Root node processing (before b&c):
  Real time             =    0.03 sec. (22.84 ticks)
Sequential b&c:
  Real time             =    0.21 sec. (199.73 ticks)
                          ------------
Total (root+branch&cut) =    0.24 sec. (222.57 ticks)

Solution pool: 18 solutions saved.

MIP - Integer optimal, tolerance (0.0001/1e-06):  Objective =  6.1605258461e+01
Current MIP best bound =  6.1610595548e+01 (gap = 0.00533709, 0.01%)
Solution time =    0.24 sec.  Iterations = 8024  Nodes = 1304 (1)
Deterministic time = 222.57 ticks  (930.44 ticks/sec)


Incumbent solution
Variable Name           Solution Value
F                            76.000000
f1                            0.914742
f2                           13.480000
y171                          1.000000
y121                          1.000000
y256                          1.000000
y30                           1.000000
y204                          1.000000
y162                          1.000000
y151                          1.000000
y270                          1.000000
y23                           1.000000
y161                          1.000000
y237                          1.000000
y105                          1.000000
y312                          1.000000
s21                           6.000000
s24                           6.000000
s86                           6.000000
s201                          6.000000
s240                          6.000000
s243                          6.000000
s263                          6.000000
s297                          6.000000
s329                          6.000000
s35                           6.330000
s37                           6.330000
s171                          6.825575
s121                          6.795392
s256                          6.795494
s166                          6.440000
s30                           6.667831
s204                          6.810183
s52                           6.480000
s174                          6.530000
s162                          7.680000
s151                          8.743246
s270                          7.880000
s23                           8.265096
s161                          7.900000
s237                          8.127590
s105                          8.307839
s312                          8.262106
x290x121x1                    1.000000
x193x30x1                     2.000000
x285x171x1                    1.000000
x200x162x1                    1.000000
x146x204x2                    1.000000
x73x270x2                     1.000000
x335x121x2                    1.000000
x335x256x2                    1.000000
x285x171x2                    1.000000
x264x162x2                    1.000000
x264x161x2                    1.000000
x200x23x2                     1.000000
x146x204x3                    1.000000
x124x312x3                    1.000000
x203x270x3                    1.000000
x203x161x3                    1.000000
x154x256x3                    1.000000
x171x151x1                    1.000000
x171x105x2                    1.000000
x121x312x1                    1.000000
x121x23x2                     1.000000
x256x105x2                    1.000000
x256x0x3                      1.000000
x30x237x1                     2.000000
x204x0x2                      1.000000
x204x0x3                      1.000000
x162x151x1                    1.000000
x162x0x2                      1.000000
x151x0x1                      2.000000
x270x0x2                      1.000000
x270x0x3                      1.000000
x23x0x2                       2.000000
x161x0x2                      1.000000
x161x0x3                      1.000000
x237x0x1                      2.000000
x105x0x2                      2.000000
x312x0x1                      1.000000
x312x0x3                      1.000000
s290                          4.864423
z290z121z1                    1.000000
z290z151z1                    1.000000
z290z237z1                    1.000000
s146                          5.164467
z146z204z2                    1.000000
z146z204z3                    1.000000
z146z23z2                     1.000000
z146z105z2                    1.000000
s193                          5.214986
z193z30z1                     1.000000
z193z151z1                    1.000000
z193z237z1                    1.000000
s73                           5.411546
z73z270z2                     1.000000
z73z23z2                      1.000000
z73z105z2                     1.000000
s335                          5.360850
z335z121z2                    1.000000
z335z256z2                    1.000000
z335z23z2                     1.000000
z335z105z2                    1.000000
s285                          5.436460
z285z171z1                    1.000000
z285z171z2                    1.000000
z285z151z1                    1.000000
z285z23z2                     1.000000
z285z237z1                    1.000000
z285z105z2                    1.000000
s264                          5.670000
z264z162z2                    1.000000
z264z23z2                     1.000000
z264z161z2                    1.000000
z264z105z2                    1.000000
s200                          5.770000
z200z162z1                    1.000000
z200z151z1                    1.000000
z200z23z2                     1.000000
z200z237z1                    1.000000
z200z105z2                    1.000000
s124                          5.925170
z124z312z3                    1.000000
s203                          5.991467
z203z270z3                    1.000000
z203z161z3                    1.000000
s154                          4.057880
z154z35z3                     1.000000
z154z256z3                    1.000000
z154z52z3                     1.000000
z37z23z2                      1.000000
z37z105z2                     1.000000
z171z151z1                    1.000000
z171z105z2                    1.000000
z121z23z2                     1.000000
z121z312z1                    1.000000
z256z105z2                    1.000000
z30z151z1                     1.000000
z30z237z1                     1.000000
z162z151z1                    1.000000
All other variables in the range 1-825 are 0.
