
Log started (V12.10.0.0) Fri Apr  2 08:31:59 2021

Warning, line 1018: Name 's151' does not exist.
Warning, line 1023: Name 's105' does not exist.
Warning, line 1024: Name 's312' does not exist.

Problem 'asset.lp' read.
Read time = 0.00 sec. (0.08 ticks)
New value for default parallel thread count: 1
New value for time limit in seconds: 300
Version identifier: 12.10.0.0 | 2019-11-26 | 843d4de
CPXPARAM_Threads                                 1
CPXPARAM_TimeLimit                               300
Found incumbent of value 0.000000 after 0.00 sec. (0.03 ticks)
Tried aggregator 3 times.
MIP Presolve eliminated 203 rows and 66 columns.
MIP Presolve modified 694 coefficients.
Aggregator did 280 substitutions.
Reduced MIP has 317 rows, 423 columns, and 1568 nonzeros.
Reduced MIP has 368 binaries, 37 generals, 0 SOSs, and 0 indicators.
Presolve time = 0.01 sec. (3.23 ticks)
Probing fixed 5 vars, tightened 9 bounds.
Probing time = 0.00 sec. (1.09 ticks)
Tried aggregator 2 times.
Detecting symmetries...
MIP Presolve eliminated 48 rows and 30 columns.
MIP Presolve modified 147 coefficients.
Aggregator did 2 substitutions.
Reduced MIP has 267 rows, 387 columns, and 1325 nonzeros.
Reduced MIP has 349 binaries, 24 generals, 0 SOSs, and 0 indicators.
Presolve time = 0.00 sec. (2.35 ticks)
Probing time = 0.00 sec. (0.95 ticks)
Clique table members: 964.
MIP emphasis: balance optimality and feasibility.
MIP search method: dynamic search.
Parallel mode: none, using 1 thread.
Root relaxation solution time = 0.00 sec. (1.80 ticks)

        Nodes                                         Cuts/
   Node  Left     Objective  IInf  Best Integer    Best Bound    ItCnt     Gap

*     0+    0                            0.0000      126.0000              --- 
      0     0       92.0000    49        0.0000       92.0000      222     --- 
      0     0       89.9517    49        0.0000      Cuts: 93      333     --- 
      0     0       88.5684    49        0.0000      Cuts: 98      397     --- 
      0     0       88.4993    49        0.0000      Cuts: 44      428     --- 
      0     0       88.3683    49        0.0000      Cuts: 28      455     --- 
      0     0       88.3522    49        0.0000      Cuts: 33      489     --- 
      0     0       88.2527    49        0.0000      Cuts: 45      521     --- 
      0     0       88.0000    49        0.0000      Cuts: 77      553     --- 
      0     0       88.0000    49        0.0000      Cuts: 38      598     --- 
      0     0       88.0000    49        0.0000      Cuts: 13      614     --- 
      0     0       88.0000    49        0.0000      Cuts: 65      661     --- 
*     0+    0                           40.0000       88.0000           120.00%
*     0+    0                           56.0000       88.0000            57.14%
      0     0        cutoff             56.0000       88.0000      661   57.14%
      0     2       88.0000    30       56.0000       88.0000      661   57.14%
Elapsed time = 0.08 sec. (52.36 ticks, tree = 0.01 MB, solutions = 2)
*    10+   10                           72.0000       88.0000            22.22%
*    20+   14                           74.0000       88.0000            18.92%
*    70+   44                           76.0000       88.0000            15.79%
    784   415        cutoff             76.0000       85.0000    11209   11.84%
   1461   612        cutoff             76.0000       83.2509    21797    9.54%
   1839   328        cutoff             76.0000       80.3294    31584    5.70%

Clique cuts applied:  5
Cover cuts applied:  13
Implied bound cuts applied:  119
Flow cuts applied:  4
Mixed integer rounding cuts applied:  19
Zero-half cuts applied:  15
Gomory fractional cuts applied:  1

Root node processing (before b&c):
  Real time             =    0.08 sec. (52.39 ticks)
Sequential b&c:
  Real time             =    0.82 sec. (801.99 ticks)
                          ------------
Total (root+branch&cut) =    0.89 sec. (854.38 ticks)

Solution pool: 6 solutions saved.

MIP - Integer optimal solution:  Objective =  7.6000000000e+01
Solution time =    0.89 sec.  Iterations = 34683  Nodes = 2178
Deterministic time = 854.38 ticks  (956.96 ticks/sec)


Incumbent solution
Variable Name           Solution Value
F                            76.000000
y77                           1.000000
y119                          1.000000
y211                          1.000000
y6                            1.000000
y39                           1.000000
y255                          1.000000
y313                          1.000000
y76                           1.000000
y152                          1.000000
y191                          1.000000
y184                          1.000000
x237x184x1                    1.000000
x263x77x1                     1.000000
x263x255x1                    1.000000
x329x255x1                    1.000000
x86x6x1                       1.000000
x204x76x2                     1.000000
x162x119x2                    1.000000
x270x39x2                     1.000000
x23x184x2                     1.000000
x161x39x2                     1.000000
x329x211x2                    1.000000
x270x191x3                    1.000000
x161x191x3                    1.000000
x290x119x3                    1.000000
x73x77x3                      1.000000
x86x211x3                     1.000000
x124x6x3                      1.000000
x77x313x1                     1.000000
x77x0x3                       1.000000
x119x0x2                      1.000000
x119x0x3                      1.000000
x211x76x2                     1.000000
x211x0x3                      1.000000
x6x313x1                      1.000000
x6x0x3                        1.000000
x39x0x2                       2.000000
x255x152x1                    2.000000
x313x0x1                      2.000000
x76x0x2                       2.000000
x152x0x1                      2.000000
x191x0x3                      2.000000
x184x0x1                      1.000000
x184x0x2                      1.000000
s256                          6.795494
s77                           7.960000
s119                          8.980000
s2                            7.990000
s211                          8.060000
s6                            8.070000
s210                          8.200000
s304                          9.340000
s191                          9.380000
z256z191z3                    1.000000
s204                          6.810183
s169                          8.951802
s300                          8.980000
s39                           9.140000
s259                          9.150000
s25                           8.160000
s47                           8.180000
s76                           9.230000
z204z76z2                     1.000000
s301                          9.230000
s202                          9.250000
s111                          9.310000
z204z191z3                    1.000000
s184                          9.420000
s289                          9.470000
z204z289z2                    1.000000
s162                          7.680000
z162z119z2                    1.000000
z162z289z2                    1.000000
s270                          7.880000
z270z39z2                     1.000000
z270z191z3                    1.000000
z270z289z2                    1.000000
s23                           8.265096
z23z184z2                     1.000000
s161                          7.900000
z161z39z2                     1.000000
z161z191z3                    1.000000
z161z289z2                    1.000000
s237                          8.127590
z237z184z1                    1.000000
s290                          4.864420
z290z119z3                    1.000000
z290z191z3                    1.000000
s73                           5.411550
z73z77z3                      1.000000
z73z191z3                     1.000000
s263                          5.340280
z263z77z1                     1.000000
s96                           8.070000
z263z96z1                     1.000000
s239                          8.080000
z263z239z1                    1.000000
s265                          8.090000
z263z265z1                    1.000000
s255                          8.216006
z263z255z1                    1.000000
s313                          9.200000
z263z313z1                    1.000000
s217                          9.210000
z263z217z1                    1.000000
s152                          9.250000
z263z152z1                    1.000000
s329                          5.782420
z329z211z2                    1.000000
z329z96z1                     1.000000
z329z239z1                    1.000000
z329z300z2                    1.000000
z329z265z1                    1.000000
z329z39z2                     1.000000
z329z259z2                    1.000000
z329z255z1                    1.000000
z329z313z1                    1.000000
z329z217z1                    1.000000
z329z76z2                     1.000000
z329z301z2                    1.000000
z329z152z1                    1.000000
z329z202z2                    1.000000
z329z289z2                    1.000000
s86                           5.420000
z86z211z3                     1.000000
z86z6z1                       1.000000
z86z96z1                      1.000000
z86z239z1                     1.000000
z86z265z1                     1.000000
z86z255z1                     1.000000
z86z313z1                     1.000000
z86z217z1                     1.000000
z86z152z1                     1.000000
z86z191z3                     1.000000
s124                          5.925170
z124z6z3                      1.000000
z124z191z3                    1.000000
z77z313z1                     1.000000
z211z76z2                     1.000000
z6z313z1                      1.000000
z239z217z1                    1.000000
z265z313z1                    1.000000
z255z152z1                    1.000000
All other variables in the range 1-771 are 0.
