
Log started (V12.10.0.0) Fri Apr  9 07:24:23 2021


Problem 'asset.lp' read.
Read time = 0.01 sec. (0.52 ticks)
New value for default parallel thread count: 1
New value for time limit in seconds: 150
Version identifier: 12.10.0.0 | 2019-11-26 | 843d4de
CPXPARAM_Threads                                 1
CPXPARAM_TimeLimit                               150
Found incumbent of value 0.000000 after 0.00 sec. (0.14 ticks)
Tried aggregator 4 times.
MIP Presolve eliminated 1992 rows and 1401 columns.
MIP Presolve modified 4581 coefficients.
Aggregator did 1259 substitutions.
Reduced MIP has 1428 rows, 1670 columns, and 7476 nonzeros.
Reduced MIP has 1483 binaries, 140 generals, 0 SOSs, and 0 indicators.
Presolve time = 0.02 sec. (20.70 ticks)
Probing fixed 328 vars, tightened 30 bounds.
Probing time = 0.02 sec. (11.21 ticks)
Cover probing fixed 0 vars, tightened 88 bounds.
Tried aggregator 1 time.
MIP Presolve eliminated 435 rows and 397 columns.
MIP Presolve modified 263 coefficients.
Reduced MIP has 993 rows, 1273 columns, and 5179 nonzeros.
Reduced MIP has 1119 binaries, 110 generals, 0 SOSs, and 0 indicators.
Presolve time = 0.01 sec. (6.96 ticks)
Probing time = 0.00 sec. (2.73 ticks)
Cover probing fixed 0 vars, tightened 14 bounds.
Tried aggregator 1 time.
Detecting symmetries...
MIP Presolve eliminated 4 rows and 4 columns.
MIP Presolve modified 660 coefficients.
Reduced MIP has 989 rows, 1269 columns, and 5156 nonzeros.
Reduced MIP has 1115 binaries, 110 generals, 0 SOSs, and 0 indicators.
Presolve time = 0.00 sec. (3.33 ticks)
Probing time = 0.00 sec. (2.69 ticks)
Clique table members: 3866.
MIP emphasis: balance optimality and feasibility.
MIP search method: dynamic search.
Parallel mode: none, using 1 thread.
Root relaxation solution time = 0.02 sec. (21.94 ticks)

        Nodes                                         Cuts/
   Node  Left     Objective  IInf  Best Integer    Best Bound    ItCnt     Gap

*     0+    0                            0.0000      780.0000              --- 
      0     0      372.4933   172        0.0000      372.4933      816     --- 
      0     0      350.5123   172        0.0000     Cuts: 298     1166     --- 
      0     0      340.1790   172        0.0000     Cuts: 224     1461     --- 
      0     0      335.6242   172        0.0000     Cuts: 129     1604     --- 
      0     0      333.1032   172        0.0000     Cuts: 115     1755     --- 
      0     0      332.3430   172        0.0000     Cuts: 121     1828     --- 
      0     0      331.1954   172        0.0000      Cuts: 74     1935     --- 
      0     0      330.4692   172        0.0000     Cuts: 171     2109     --- 
      0     0      328.8604   172        0.0000      Cuts: 93     2379     --- 
*     0+    0                           55.0000      328.8604           497.93%
*     0+    0                           70.0000      328.8604           369.80%
      0     0        cutoff             70.0000      328.8604     2379  369.80%
      0     0      328.6696   172       70.0000     Cuts: 118     2507  369.53%
      0     0      328.1730   172       70.0000     Cuts: 105     2605  368.82%
      0     0      327.2794   172       70.0000      Cuts: 78     2766  367.54%
      0     0      327.2395   172       70.0000     Cuts: 134     2835  367.48%
      0     0      327.1080   172       70.0000      Cuts: 71     2912  367.30%
      0     0      327.0424   172       70.0000      Cuts: 57     2992  367.20%
      0     0      327.0224   172       70.0000      Cuts: 41     3050  367.17%
      0     0      327.0083   172       70.0000      Cuts: 29     3108  367.15%
*     0+    0                          200.0000      327.0083            63.50%
      0     2      327.0083   166      200.0000      326.9823     3108   63.49%
Elapsed time = 0.51 sec. (540.91 ticks, tree = 0.01 MB, solutions = 3)
     47    47      274.1055    84      200.0000      326.7190     6390   63.36%
*   110+   96                          205.0000      326.7190            59.38%
*   170+  134                          215.0000      326.6146            51.91%
    181   144      321.3786   138      215.0000      326.6146    10350   51.91%
    280   237      326.4732   172      215.0000      326.6146    13792   51.91%
    377   331      320.1705   133      215.0000      326.4550    18573   51.84%
    462   412      296.7950   107      215.0000      326.4487    22023   51.84%

Performing restart 1

Repeating presolve.
Tried aggregator 2 times.
MIP Presolve eliminated 10 rows and 0 columns.
MIP Presolve modified 1041 coefficients.
Aggregator did 8 substitutions.
Reduced MIP has 971 rows, 1261 columns, and 4341 nonzeros.
Reduced MIP has 1107 binaries, 110 generals, 0 SOSs, and 0 indicators.
Presolve time = 0.01 sec. (5.76 ticks)
Tried aggregator 1 time.
Reduced MIP has 971 rows, 1261 columns, and 4341 nonzeros.
Reduced MIP has 1107 binaries, 110 generals, 0 SOSs, and 0 indicators.
Presolve time = 0.00 sec. (3.20 ticks)
Represolve time = 0.03 sec. (25.27 ticks)
    482     0      299.8004   170      215.0000     Cuts: 255    25103   39.44%
    482     0      287.0279   170      215.0000     Cuts: 236    25352   33.50%
    482     0      281.3782   170      215.0000     Cuts: 195    25530   30.87%
    482     0      278.4637   170      215.0000     Cuts: 149    25721   29.52%
    482     0      275.3139   170      215.0000     Cuts: 157    25867   28.05%
    482     0      274.2147   170      215.0000     Cuts: 150    25986   27.54%
    482     0      272.8594   170      215.0000     Cuts: 129    26179   26.91%
    482     0      270.7978   170      215.0000     Cuts: 101    26343   25.95%
    482     0      270.2185   170      215.0000      Cuts: 65    26447   25.68%
    482     0      268.6785   170      215.0000     Cuts: 109    26614   24.97%
    482     0      268.0973   170      215.0000      Cuts: 78    26698   24.70%
    482     0      268.0368   170      215.0000      Cuts: 39    26734   24.67%
    482     0      267.8155   170      215.0000      Cuts: 28    26787   24.57%
    482     0      267.7063   170      215.0000      Cuts: 28    26838   24.51%
    482     0      267.5607   170      215.0000      Cuts: 40    26894   24.45%
    482     0      267.5310   170      215.0000      Cuts: 25    26937   24.43%
    482     0      267.4366   170      215.0000      Cuts: 36    26994   24.39%
    482     0      267.3255   170      215.0000      Cuts: 23    27051   24.34%
    482     0      267.1592   170      215.0000      Cuts: 21    27109   24.26%
    482     0      267.0441   170      215.0000      Cuts: 19    27134   24.21%
    482     0      266.9767   170      215.0000      Cuts: 12    27179   24.18%
    482     0      266.9471   170      215.0000      Cuts: 33    27225   24.16%
    482     0      266.9471   170      215.0000       Cuts: 2    27229   24.16%
    482     0      266.9471   170      215.0000      Cuts: 40    27256   24.16%
    482     0      266.9471   170      215.0000       Cuts: 8    27263   24.16%
    482     2      266.9471   176      215.0000      266.9455    27263   24.16%
    485     5      266.0946   151      215.0000      266.0890    27682   23.76%
    489     9      265.7094   158      215.0000      266.0890    27887   23.76%
    494    14      263.5802   142      215.0000      266.0890    28582   23.76%
    582    85      255.4835    96      215.0000      265.6682    34531   23.57%
Elapsed time = 5.50 sec. (6579.01 ticks, tree = 0.42 MB, solutions = 5)
    791   267      242.6952    74      215.0000      265.1277    40877   23.32%
   1032   454      228.5419    90      215.0000      263.5289    50179   22.57%
   1255   637      245.1635    93      215.0000      262.1893    59689   21.95%
   1387   730      243.6326   132      215.0000      260.5466    66809   21.18%
   1583   888      228.5272    50      215.0000      259.4615    74610   20.68%
   1789  1060      236.2217    62      215.0000      258.8553    83245   20.40%
*  2023  1133      integral     0      220.0000      258.6009    90316   17.55%
   2045  1148      235.8361    73      220.0000      258.4213    92158   17.46%
*  2109   988      integral     0      225.0000      258.3822    94237   14.84%
   2268  1108      251.5256   122      225.0000      257.9988   101179   14.67%
   2440  1242      246.1097    99      225.0000      257.6107   110745   14.49%
   2576  1330      233.2681   115      225.0000      257.4586   118934   14.43%
Elapsed time = 13.14 sec. (16208.57 ticks, tree = 8.69 MB, solutions = 7)
   2681  1392      239.1082   141      225.0000      257.0845   125720   14.26%
   2836  1495      236.8661    89      225.0000      255.8913   135047   13.73%
   2972  1576      251.9235   169      225.0000      254.8441   142194   13.26%
   3103  1657      243.0015   134      225.0000      254.4075   149818   13.07%
   3250  1763        cutoff            225.0000      254.0000   156941   12.89%
   3394  1853        cutoff            225.0000      253.6627   164435   12.74%
   3552  1964      242.5935    94      225.0000      253.4771   171921   12.66%
   3658  2025        cutoff            225.0000      253.1180   178704   12.50%
   3795  2121      237.9142    96      225.0000      253.0134   184931   12.45%
   3909  2184      242.6471    92      225.0000      252.6696   192315   12.30%
Elapsed time = 21.15 sec. (25846.85 ticks, tree = 13.65 MB, solutions = 7)
   4036  2253      235.0000    77      225.0000      252.3968   201332   12.18%
*  4062+ 1842                          230.0000      252.3434             9.71%
   4129  1862      249.1729   163      230.0000      251.9997   209269    9.57%
   4225  1895      236.0642    80      230.0000      251.7995   215799    9.48%
   4335  1943      249.7862   119      230.0000      251.5621   222455    9.37%
   4459  2006        cutoff            230.0000      251.4354   230234    9.32%
   4521  1997      249.2368   149      230.0000      251.0084   238285    9.13%
   4644  2063      243.7272   156      230.0000      250.6984   244937    9.00%
   4730  2093      241.7355    86      230.0000      250.3870   251978    8.86%
   4825  2113        cutoff            230.0000      250.1035   258976    8.74%
   4951  2183      237.4463   115      230.0000      249.9513   266149    8.67%
Elapsed time = 29.19 sec. (35572.78 ticks, tree = 14.27 MB, solutions = 8)
   5027  2198      240.8328   119      230.0000      249.7300   272650    8.58%
   5146  2235        cutoff            230.0000      249.3816   280130    8.43%
   5234  2262      235.6017    91      230.0000      249.1004   286834    8.30%
   5333  2277      239.9053   130      230.0000      248.7149   294371    8.14%
   5433  2286      243.0864    87      230.0000      248.3333   301452    7.97%
   5535  2310      235.0649   109      230.0000      248.0977   308413    7.87%
   5618  2308      242.5642   120      230.0000      247.8174   315764    7.75%
   5755  2352      237.5242    72      230.0000      247.5210   324144    7.62%
   5847  2352      235.1319   138      230.0000      247.3240   331292    7.53%
   5937  2354      236.3759   118      230.0000      247.0923   338087    7.43%
Elapsed time = 37.23 sec. (45228.90 ticks, tree = 15.40 MB, solutions = 8)
   6056  2374      240.4452    97      230.0000      246.8479   345780    7.33%
   6193  2391      238.1680    94      230.0000      246.5816   354023    7.21%
   6298  2389      242.6811   103      230.0000      246.3818   361416    7.12%
   6373  2372      237.4447    86      230.0000      246.2471   367954    7.06%
   6473  2370        cutoff            230.0000      245.9493   375609    6.93%
   6541  2356      241.4724   130      230.0000      245.7667   382907    6.86%
   6616  2347      240.7514   178      230.0000      245.5620   390417    6.77%
   6736  2353        cutoff            230.0000      245.3490   397674    6.67%
   6818  2316        cutoff            230.0000      245.1451   405173    6.58%
   6912  2318        cutoff            230.0000      245.0000   412778    6.52%
Elapsed time = 45.27 sec. (54896.52 ticks, tree = 15.20 MB, solutions = 8)
   6982  2284      242.6579   154      230.0000      244.8854   420221    6.47%
   7106  2275      240.4011   125      230.0000      244.6004   427701    6.35%
   7207  2275      239.3076   109      230.0000      244.4615   435183    6.29%
   7313  2240      235.2837    87      230.0000      244.1921   442916    6.17%
   7464  2245      240.4213   137      230.0000      243.9280   449671    6.06%
   7593  2235      235.5560    96      230.0000      243.7510   456941    5.98%
   7695  2196        cutoff            230.0000      243.5646   464815    5.90%
   7802  2165        cutoff            230.0000      243.3921   472393    5.82%
   7894  2132        cutoff            230.0000      243.1250   479960    5.71%
   8018  2118      237.4366    85      230.0000      242.7757   487963    5.55%
Elapsed time = 53.53 sec. (64616.60 ticks, tree = 14.15 MB, solutions = 8)
   8146  2052      235.2731    87      230.0000      242.5000   496119    5.43%
   8278  2006        cutoff            230.0000      242.3217   503833    5.36%
   8409  1927      238.6408   142      230.0000      241.9900   512318    5.21%
   8515  1879        cutoff            230.0000      241.7624   519572    5.11%
   8623  1846      238.3333    89      230.0000      241.6036   528221    5.05%
   8759  1769      235.9915   109      230.0000      241.3405   536598    4.93%
   8903  1664      239.5184    96      230.0000      240.9794   544503    4.77%
   9043  1593        cutoff            230.0000      240.6840   552798    4.65%
   9171  1513      238.7500    80      230.0000      240.3913   560659    4.52%
   9284  1438        cutoff            230.0000      240.0977   568573    4.39%
Elapsed time = 61.87 sec. (74208.93 ticks, tree = 9.36 MB, solutions = 8)
   9403  1373      235.1667    95      230.0000      240.0000   575973    4.35%
   9542  1297      239.0642    57      230.0000      239.8255   583911    4.27%
   9715  1148        cutoff            230.0000      239.3941   592094    4.08%
   9876  1028      236.1053   106      230.0000      239.1265   599779    3.97%
  10062   864        cutoff            230.0000      238.6768   607977    3.77%
  10291   659      235.7570    83      230.0000      237.9720   616856    3.47%
  10594   381        cutoff            230.0000      236.7795   624905    2.95%

GUB cover cuts applied:  25
Clique cuts applied:  150
Cover cuts applied:  33
Implied bound cuts applied:  129
Flow cuts applied:  17
Mixed integer rounding cuts applied:  83
Zero-half cuts applied:  49
Lift and project cuts applied:  25
Gomory fractional cuts applied:  4

Root node processing (before b&c):
  Real time             =    0.51 sec. (541.24 ticks)
Sequential b&c:
  Real time             =   67.83 sec. (81152.03 ticks)
                          ------------
Total (root+branch&cut) =   68.34 sec. (81693.27 ticks)

Solution pool: 9 solutions saved.

MIP - Integer optimal solution:  Objective =  2.3000000000e+02
Solution time =   68.34 sec.  Iterations = 631158  Nodes = 10993
Deterministic time = 81693.28 ticks  (1195.40 ticks/sec)


Incumbent solution
Variable Name           Solution Value
F                           230.000000
y6                            1.000000
y15                           1.000000
y25                           1.000000
y50                           1.000000
y53                           1.000000
y63                           1.000000
y69                           1.000000
y73                           1.000000
y111                          1.000000
y122                          1.000000
y133                          1.000000
y166                          1.000000
x1x6x1                        1.000000
x54x50x1                      1.000000
x54x122x1                     1.000000
x153x122x1                    1.000000
x161x15x1                     1.000000
x161x73x1                     1.000000
x106x6x2                      1.000000
x106x133x2                    1.000000
x153x133x2                    1.000000
x182x15x2                     1.000000
x1x50x3                       1.000000
x182x73x3                     1.000000
x6x166x1                      1.000000
x6x25x2                       1.000000
x15x63x1                      1.000000
x15x63x2                      1.000000
x25x0x2                       1.000000
x50x25x3                      1.000000
x25x0x3                       1.000000
x50x111x1                     1.000000
x122x53x1                     2.000000
x53x0x1                       2.000000
x63x0x1                       1.000000
x63x0x2                       1.000000
x73x69x1                      1.000000
x69x0x1                       1.000000
x73x69x3                      1.000000
x69x0x3                       1.000000
x111x0x1                      1.000000
x133x111x2                    1.000000
x111x0x2                      1.000000
x133x166x2                    1.000000
x166x0x1                      1.000000
x166x0x2                      1.000000
s1                            5.982161
s6                            7.864347
z1z6z1                        1.000000
s9                            6.940000
s10                           7.837409
s25                           9.350000
s30                           6.210000
s33                           7.600000
s40                           8.092137
s41                           7.880000
s42                           9.230000
s48                           7.212552
s50                           7.580159
z1z50z3                       1.000000
s53                           9.210000
z1z53z1                       1.000000
s56                           7.670000
s63                           8.433944
s64                           7.480000
s69                           8.463471
s73                           7.409723
s77                           7.520000
s82                           6.660000
s88                           7.460000
s90                           7.524652
s92                           7.517697
s103                          6.670000
s111                          9.070000
s112                          6.700000
s116                          6.700000
s117                          9.120000
s118                          7.212094
s122                          7.664106
s126                          8.850000
z1z126z3                      1.000000
s130                          7.738223
s131                          7.560000
s132                          7.240000
s134                          6.770000
s139                          7.500000
s144                          9.190000
z1z144z1                      1.000000
s145                          8.189448
s146                          6.820000
s166                          9.290000
s169                          9.260000
z1z169z3                      1.000000
s173                          7.240000
s178                          6.900000
s179                          7.180000
s183                          8.520000
s2                            6.000000
s11                           7.030000
s15                           7.141749
s44                           8.644893
s51                           7.310000
s94                           9.470000
s102                          7.122165
s109                          7.580000
s123                          8.990000
s133                          7.508404
s164                          7.010000
s168                          9.340000
s45                           6.000000
s54                           5.671871
z54z50z1                      1.000000
z54z53z1                      1.000000
z54z118z1                     1.000000
z54z122z1                     1.000000
z54z144z1                     1.000000
s106                          5.670992
z106z6z2                      1.000000
z106z44z2                     1.000000
s46                           6.180000
z106z51z2                     1.000000
s91                           7.097399
z106z94z2                     1.000000
z106z102z2                    1.000000
z106z109z2                    1.000000
z106z123z2                    1.000000
z106z133z2                    1.000000
s143                          6.170000
z106z168z2                    1.000000
s141                          6.000000
s153                          5.817279
z153z44z2                     1.000000
z153z53z1                     1.000000
z153z94z2                     1.000000
z153z109z2                    1.000000
z153z122z1                    1.000000
z153z123z2                    1.000000
z153z133z2                    1.000000
z153z144z1                    1.000000
z153z168z2                    1.000000
s161                          4.630447
z161z9z1                      1.000000
z161z15z1                     1.000000
s20                           6.000000
z161z53z1                     1.000000
z161z73z1                     1.000000
s97                           6.000000
s99                           6.000000
z161z118z1                    1.000000
z161z122z1                    1.000000
z161z144z1                    1.000000
s174                          6.000000
z161z183z1                    1.000000
s182                          5.600854
z182z15z2                     1.000000
z182z40z3                     1.000000
z182z44z2                     1.000000
z182z51z2                     1.000000
z182z64z3                     1.000000
z182z73z3                     1.000000
z182z94z2                     1.000000
z182z109z2                    1.000000
s115                          6.010000
z182z123z2                    1.000000
s125                          6.000000
z182z126z3                    1.000000
z182z131z3                    1.000000
z182z168z2                    1.000000
z182z169z3                    1.000000
z182z173z3                    1.000000
z6z25z2                       1.000000
z6z166z1                      1.000000
z9z183z1                      1.000000
z10z53z1                      1.000000
z11z94z2                      1.000000
z11z168z2                     1.000000
s13                           6.000000
z15z53z1                      1.000000
z15z63z1                      1.000000
z15z63z2                      1.000000
z15z94z2                      1.000000
z15z168z2                     1.000000
z20z53z1                      1.000000
s28                           6.000000
z30z94z2                      1.000000
z30z126z3                     1.000000
z30z168z2                     1.000000
z30z169z3                     1.000000
s32                           6.000000
z46z94z2                      1.000000
z46z168z2                     1.000000
z48z53z1                      1.000000
z48z169z3                     1.000000
z50z25z3                      1.000000
z50z53z1                      1.000000
z50z111z1                     1.000000
s59                           6.000000
z73z69z1                      1.000000
z73z69z3                      1.000000
z82z169z3                     1.000000
z90z53z1                      1.000000
z90z94z2                      1.000000
z90z168z2                     1.000000
z91z53z1                      1.000000
z91z94z2                      1.000000
z91z168z2                     1.000000
z92z94z2                      1.000000
z92z168z2                     1.000000
s95                           6.000000
z97z53z1                      1.000000
z97z144z1                     1.000000
z99z53z1                      1.000000
z99z144z1                     1.000000
s100                          6.000000
s101                          6.000000
z102z44z2                     1.000000
z102z94z2                     1.000000
z102z168z2                    1.000000
z103z169z3                    1.000000
z109z168z2                    1.000000
z112z94z2                     1.000000
z112z168z2                    1.000000
z112z169z3                    1.000000
z115z94z2                     1.000000
z115z126z3                    1.000000
z115z168z2                    1.000000
z115z169z3                    1.000000
z116z53z1                     1.000000
z116z94z2                     1.000000
z116z168z2                    1.000000
z118z53z1                     1.000000
z122z53z1                     1.000000
z125z94z2                     1.000000
z125z168z2                    1.000000
z130z169z3                    1.000000
z131z169z3                    1.000000
z133z44z2                     1.000000
z133z94z2                     1.000000
z133z111z2                    1.000000
z133z166z2                    1.000000
z133z168z2                    1.000000
z134z94z2                     1.000000
z134z168z2                    1.000000
z134z169z3                    1.000000
z143z94z2                     1.000000
z143z126z3                    1.000000
z143z168z2                    1.000000
z143z169z3                    1.000000
z146z169z3                    1.000000
s152                          6.000000
z164z94z2                     1.000000
z164z168z2                    1.000000
z174z53z1                     1.000000
z178z169z3                    1.000000
s184                          6.000000
All other variables in the range 1-4335 are 0.
