
Log started (V12.10.0.0) Tue Apr 20 09:35:18 2021

Warning, line 801: Name 's112' does not exist.
Warning, line 802: Name 's191' does not exist.
Warning, line 804: Name 's124' does not exist.

Problem 'asset.lp' read.
Read time = 0.00 sec. (0.05 ticks)
New value for default parallel thread count: 1
New value for time limit in seconds: 400
Version identifier: 12.10.0.0 | 2019-11-26 | 843d4de
CPXPARAM_Threads                                 1
CPXPARAM_TimeLimit                               400
Found incumbent of value -0.879419 after 0.00 sec. (0.03 ticks)
Tried aggregator 3 times.
MIP Presolve eliminated 218 rows and 22 columns.
MIP Presolve modified 389 coefficients.
Aggregator did 148 substitutions.
Reduced MIP has 243 rows, 247 columns, and 928 nonzeros.
Reduced MIP has 195 binaries, 31 generals, 0 SOSs, and 0 indicators.
Presolve time = 0.00 sec. (2.04 ticks)
Probing fixed 53 vars, tightened 11 bounds.
Probing time = 0.00 sec. (0.42 ticks)
Cover probing fixed 0 vars, tightened 8 bounds.
Tried aggregator 2 times.
MIP Presolve eliminated 107 rows and 93 columns.
MIP Presolve modified 4 coefficients.
Aggregator did 2 substitutions.
Reduced MIP has 134 rows, 143 columns, and 406 nonzeros.
Reduced MIP has 112 binaries, 11 generals, 0 SOSs, and 0 indicators.
Presolve time = 0.00 sec. (0.83 ticks)
Probing time = 0.00 sec. (0.15 ticks)
Tried aggregator 1 time.
Detecting symmetries...
Reduced MIP has 134 rows, 143 columns, and 406 nonzeros.
Reduced MIP has 112 binaries, 11 generals, 0 SOSs, and 0 indicators.
Presolve time = 0.00 sec. (0.29 ticks)
Probing time = 0.00 sec. (0.15 ticks)
Clique table members: 101.
MIP emphasis: balance optimality and feasibility.
MIP search method: dynamic search.
Parallel mode: none, using 1 thread.
Root relaxation solution time = 0.00 sec. (0.39 ticks)

        Nodes                                         Cuts/
   Node  Left     Objective  IInf  Best Integer    Best Bound    ItCnt     Gap

*     0+    0                           -0.8794      308.3570              --- 
      0     0      108.0274    24       -0.8794      108.0274       47     --- 
*     0+    0                          108.0193      108.0274             0.01%

Root node processing (before b&c):
  Real time             =    0.01 sec. (5.12 ticks)
Sequential b&c:
  Real time             =    0.00 sec. (0.00 ticks)
                          ------------
Total (root+branch&cut) =    0.01 sec. (5.12 ticks)

Solution pool: 2 solutions saved.

MIP - Integer optimal, tolerance (0.0001/1e-06):  Objective =  1.0801932199e+02
Current MIP best bound =  1.0802737576e+02 (gap = 0.00805376, 0.01%)
Solution time =    0.01 sec.  Iterations = 47  Nodes = 0 (1)
Deterministic time = 5.12 ticks  (352.95 ticks/sec)


Incumbent solution
Variable Name           Solution Value
F                           110.000000
f1                            0.910678
f2                            1.070000
y284                          1.000000
y80                           1.000000
y106                          1.000000
y300                          1.000000
y20                           1.000000
y166                          1.000000
y224                          1.000000
s225                          7.010000
s85                           7.050000
s190                          7.070000
s284                          8.002595
s256                          7.140000
s110                          7.170000
s220                          7.170000
s80                           8.067582
s39                           7.200000
s141                          7.250000
s106                          8.127057
s300                          7.858464
s20                           8.286331
s248                          7.330000
s193                          7.360000
s166                          8.323773
s187                          7.420000
s103                          7.430000
s96                           7.440000
s224                          8.410884
s84                           7.560000
s81                           7.570000
s301                          7.580000
x65x80x1                      2.000000
x194x166x1                    2.000000
x285x300x1                    1.000000
x111x224x1                    1.000000
x113x106x2                    1.000000
x99x284x2                     1.000000
x285x300x2                    1.000000
x142x20x2                     1.000000
x167x20x2                     1.000000
x115x106x2                    1.000000
x115x224x2                    1.000000
x113x284x3                    1.000000
x284x0x2                      1.000000
x284x0x3                      1.000000
x80x0x1                       2.000000
x106x0x2                      2.000000
x300x0x1                      1.000000
x300x0x2                      1.000000
x20x0x2                       2.000000
x166x0x1                      2.000000
x224x0x1                      1.000000
x224x0x2                      1.000000
s113                          6.612964
z113z284z3                    1.000000
z113z106z2                    1.000000
s65                           6.615148
z65z80z1                      1.000000
s99                           6.411132
z99z284z2                     1.000000
s194                          7.161264
z194z166z1                    1.000000
s285                          6.463585
z285z300z1                    1.000000
z285z300z2                    1.000000
s142                          7.135579
z142z20z2                     1.000000
s72                           7.136992
s111                          7.270840
z111z224z1                    1.000000
s167                          7.174728
z167z20z2                     1.000000
s115                          7.050523
z115z106z2                    1.000000
z115z20z2                     1.000000
z115z224z2                    1.000000
s125                          7.282878
All other variables in the range 1-422 are 0.
