
Log started (V12.10.0.0) Fri Apr  9 00:26:01 2021

Warning, line 953: Name 's83' does not exist.
Warning, line 962: Name 's101' does not exist.
Warning, line 963: Name 's10' does not exist.

Problem 'asset.lp' read.
Read time = 0.00 sec. (0.07 ticks)
New value for default parallel thread count: 1
New value for time limit in seconds: 200
Version identifier: 12.10.0.0 | 2019-11-26 | 843d4de
CPXPARAM_Threads                                 1
CPXPARAM_TimeLimit                               200
Found incumbent of value 0.000000 after 0.00 sec. (0.02 ticks)
Tried aggregator 3 times.
MIP Presolve eliminated 219 rows and 114 columns.
MIP Presolve modified 571 coefficients.
Aggregator did 224 substitutions.
Reduced MIP has 305 rows, 378 columns, and 1381 nonzeros.
Reduced MIP has 315 binaries, 48 generals, 0 SOSs, and 0 indicators.
Presolve time = 0.01 sec. (3.17 ticks)
Probing fixed 77 vars, tightened 1 bounds.
Probing time = 0.00 sec. (0.78 ticks)
Cover probing fixed 0 vars, tightened 29 bounds.
Tried aggregator 2 times.
MIP Presolve eliminated 131 rows and 116 columns.
MIP Presolve modified 40 coefficients.
Aggregator did 2 substitutions.
Reduced MIP has 172 rows, 259 columns, and 779 nonzeros.
Reduced MIP has 205 binaries, 45 generals, 0 SOSs, and 0 indicators.
Presolve time = 0.00 sec. (1.46 ticks)
Probing time = 0.00 sec. (0.41 ticks)
Tried aggregator 1 time.
Detecting symmetries...
MIP Presolve eliminated 3 rows and 3 columns.
MIP Presolve modified 44 coefficients.
Reduced MIP has 169 rows, 256 columns, and 773 nonzeros.
Reduced MIP has 202 binaries, 45 generals, 0 SOSs, and 0 indicators.
Presolve time = 0.00 sec. (0.56 ticks)
Probing time = 0.00 sec. (0.41 ticks)
Clique table members: 611.
MIP emphasis: balance optimality and feasibility.
MIP search method: dynamic search.
Parallel mode: none, using 1 thread.
Root relaxation solution time = 0.00 sec. (2.12 ticks)

        Nodes                                         Cuts/
   Node  Left     Objective  IInf  Best Integer    Best Bound    ItCnt     Gap

*     0+    0                            0.0000      132.0000              --- 
      0     0      102.8368    77        0.0000      102.8368      234     --- 
      0     0       98.3337    77        0.0000     Cuts: 142      328     --- 
      0     0       96.3333    77        0.0000      Cuts: 64      376     --- 
      0     0       95.5833    77        0.0000      Cuts: 24      403     --- 
      0     0       94.6863    77        0.0000      Cuts: 40      433     --- 
      0     0       94.3846    77        0.0000      Cuts: 31      454     --- 
Detecting symmetries...
      0     0       94.2440    77        0.0000      Cuts: 39      492     --- 
      0     0       94.2060    77        0.0000      Cuts: 35      504     --- 
      0     0       93.8829    77        0.0000      Cuts: 23      532     --- 
      0     0       93.6667    77        0.0000      Cuts: 40      554     --- 
      0     0       93.5803    77        0.0000      Cuts: 36      578     --- 
      0     0       93.5065    77        0.0000      Cuts: 23      596     --- 
      0     0       93.3012    77        0.0000      Cuts: 32      624     --- 
      0     0       93.2581    77        0.0000      Cuts: 51      658     --- 
      0     0       93.0435    77        0.0000      Cuts: 35      706     --- 
      0     0       93.0350    77        0.0000      Cuts: 37      746     --- 
      0     0       92.9175    77        0.0000      Cuts: 28      772     --- 
      0     0       92.8534    77        0.0000      Cuts: 43      804     --- 
      0     0       92.6355    77        0.0000      Cuts: 39      838     --- 
      0     0       92.5555    77        0.0000      Cuts: 19      861     --- 
      0     0       92.5555    77        0.0000      Cuts: 23      876     --- 
*     0+    0                           72.0000       92.5555            28.55%
Detecting symmetries...
      0     2       92.5555    74       72.0000       92.5520      876   28.54%
Elapsed time = 0.10 sec. (69.36 ticks, tree = 0.01 MB, solutions = 1)
*    20+   20                           76.0000       92.4000            21.58%

Performing restart 1

Repeating presolve.
Tried aggregator 1 time.
MIP Presolve modified 98 coefficients.
Reduced MIP has 169 rows, 256 columns, and 705 nonzeros.
Reduced MIP has 202 binaries, 45 generals, 0 SOSs, and 0 indicators.
Presolve time = 0.00 sec. (0.64 ticks)
Tried aggregator 1 time.
Reduced MIP has 169 rows, 256 columns, and 705 nonzeros.
Reduced MIP has 202 binaries, 45 generals, 0 SOSs, and 0 indicators.
Presolve time = 0.00 sec. (0.54 ticks)
Represolve time = 0.01 sec. (4.21 ticks)
    988     0       92.2037    74       76.0000      Cuts: 57    12402   19.47%
    988     0       92.0605    74       76.0000      Cuts: 55    12498   19.47%
    988     0       91.5004    74       76.0000      Cuts: 66    12573   19.47%
    988     0       91.1060    74       76.0000      Cuts: 75    12627   19.47%
    988     0       90.7099    74       76.0000      Cuts: 84    12682   19.36%
    988     0       90.6362    74       76.0000      Cuts: 46    12714   19.26%
    988     0       90.5764    74       76.0000      Cuts: 37    12781   19.18%
    988     0       90.4907    74       76.0000      Cuts: 51    12820   19.07%
    988     0       90.2967    74       76.0000      Cuts: 63    12861   18.81%
    988     0       90.1536    74       76.0000      Cuts: 38    12932   18.62%
    988     0       89.9928    74       76.0000      Cuts: 50    12968   18.41%
    988     0       89.8328    74       76.0000      Cuts: 74    13069   18.20%
    988     0       89.8219    74       76.0000      Cuts: 75    13094   18.19%
    988     0       89.8113    74       76.0000      Cuts: 45    13156   18.17%
    988     0       89.7424    74       76.0000      Cuts: 28    13184   18.08%
    988     0       89.6858    74       76.0000      Cuts: 42    13220   18.01%
    988     0       89.6792    74       76.0000      Cuts: 50    13242   18.00%
    988     0       89.6627    74       76.0000      Cuts: 33    13272   17.98%
    988     0       89.6485    74       76.0000      Cuts: 23    13289   17.96%
    988     0       89.6096    74       76.0000      Cuts: 27    13324   17.91%
    988     0       89.5982    74       76.0000      Cuts: 41    13348   17.89%
    988     0       89.5763    74       76.0000      Cuts: 35    13383   17.86%
    988     0       89.5643    74       76.0000      Cuts: 50    13407   17.85%
    988     0       89.5473    74       76.0000      Cuts: 38    13435   17.83%
    988     0       89.5424    74       76.0000      Cuts: 45    13462   17.82%
    988     0       89.5393    74       76.0000      Cuts: 40    13503   17.81%
    988     0       89.5365    74       76.0000      Cuts: 33    13531   17.81%
    988     0       89.5325    74       76.0000      Cuts: 54    13571   17.81%
    988     2       89.5325    77       76.0000       89.5299    13571   17.80%
   1160   111       86.5000    34       76.0000       86.7529    16690   14.15%
   1628   287       80.0000     9       76.0000       83.2346    24317    9.52%
   2116   305       79.3333    27       76.0000       80.8570    30657    6.39%

GUB cover cuts applied:  1
Clique cuts applied:  25
Cover cuts applied:  6
Implied bound cuts applied:  45
Flow cuts applied:  2
Mixed integer rounding cuts applied:  43
Zero-half cuts applied:  36
Lift and project cuts applied:  9
Gomory fractional cuts applied:  1

Root node processing (before b&c):
  Real time             =    0.10 sec. (69.38 ticks)
Sequential b&c:
  Real time             =    1.97 sec. (1848.12 ticks)
                          ------------
Total (root+branch&cut) =    2.07 sec. (1917.51 ticks)

Solution pool: 3 solutions saved.

MIP - Integer optimal solution:  Objective =  7.6000000000e+01
Solution time =    2.07 sec.  Iterations = 36607  Nodes = 3029
Deterministic time = 1917.51 ticks  (926.11 ticks/sec)


Incumbent solution
Variable Name           Solution Value
F                            76.000000
y81                           1.000000
y140                          1.000000
y24                           1.000000
y114                          1.000000
y147                          1.000000
y173                          1.000000
y156                          1.000000
y92                           1.000000
y189                          1.000000
y168                          1.000000
y172                          1.000000
x55x168x1                     2.000000
x48x172x1                     1.000000
x169x189x1                    1.000000
x160x114x1                    1.000000
x150x156x2                    2.000000
x155x173x2                    1.000000
x187x81x2                     1.000000
x71x189x2                     1.000000
x71x172x2                     1.000000
x68x173x3                     1.000000
x169x147x3                    1.000000
x155x24x3                     1.000000
x160x114x3                    1.000000
x38x140x3                     2.000000
x121x81x3                     1.000000
x81x0x2                       1.000000
x81x0x3                       1.000000
x140x24x3                     1.000000
x140x147x3                    1.000000
x24x0x3                       2.000000
x114x92x1                     1.000000
x114x92x3                     1.000000
x147x0x3                      2.000000
x173x0x2                      1.000000
x173x0x3                      1.000000
x156x0x2                      2.000000
x92x0x1                       1.000000
x92x0x3                       1.000000
x189x0x1                      1.000000
x189x0x2                      1.000000
x168x0x1                      2.000000
x172x0x1                      1.000000
x172x0x2                      1.000000
s55                           7.507146
s92                           9.190000
s154                          9.280000
s30                           8.353182
s189                          9.360000
s168                          9.390000
z55z168z1                     1.000000
s172                          9.400000
s175                          9.500000
z55z175z1                     1.000000
s68                           7.435224
s24                           8.763607
s114                          7.860000
s147                          8.860000
s173                          9.000000
z68z173z3                     1.000000
s12                           8.382651
s99                           9.290000
z68z99z3                      1.000000
s129                          9.300000
z68z129z3                     1.000000
s95                           9.440000
z68z95z3                      1.000000
z68z175z1                     1.000000
s48                           7.690886
s156                          9.030000
z48z156z2                     1.000000
z48z172z1                     1.000000
z48z175z1                     1.000000
s150                          7.678697
z150z156z2                    1.000000
s169                          7.235937
s40                           8.740000
z169z147z3                    1.000000
z169z99z3                     1.000000
z169z129z3                    1.000000
z169z189z1                    1.000000
z169z95z3                     1.000000
z169z175z1                    1.000000
s155                          7.233792
z155z24z3                     1.000000
z155z173z2                    1.000000
s46                           9.010000
z155z156z2                    1.000000
z155z99z3                     1.000000
z155z129z3                    1.000000
z155z95z3                     1.000000
s187                          7.048179
s81                           8.127462
z187z81z2                     1.000000
s64                           8.240000
s128                          8.330000
s91                           8.550000
z187z156z2                    1.000000
s71                           7.847198
z71z189z2                     1.000000
z71z172z2                     1.000000
s160                          5.996770
s14                           7.150000
s75                           7.547876
s180                          7.420000
s140                          7.540000
z160z24z3                     1.000000
z160z114z1                    1.000000
z160z114z3                    1.000000
z160z147z3                    1.000000
z160z12z3                     1.000000
z160z99z3                     1.000000
z160z129z3                    1.000000
z160z168z1                    1.000000
z160z95z3                     1.000000
z160z175z1                    1.000000
s38                           5.840000
z38z75z3                      1.000000
z38z140z3                     1.000000
z38z40z3                      1.000000
z38z24z3                      1.000000
z38z147z3                     1.000000
z38z12z3                      1.000000
z38z99z3                      1.000000
z38z129z3                     1.000000
z38z95z3                      1.000000
s121                          5.960000
z121z81z3                     1.000000
z121z140z3                    1.000000
z121z40z3                     1.000000
z121z24z3                     1.000000
z121z147z3                    1.000000
z121z12z3                     1.000000
z121z99z3                     1.000000
z121z129z3                    1.000000
z121z95z3                     1.000000
z75z99z3                      1.000000
z75z129z3                     1.000000
z75z95z3                      1.000000
z140z24z3                     1.000000
z140z147z3                    1.000000
z114z92z1                     1.000000
z114z92z3                     1.000000
z12z95z3                      1.000000
All other variables in the range 1-721 are 0.
