
Log started (V12.10.0.0) Thu Apr 15 18:28:24 2021


Problem 'asset.lp' read.
Read time = 0.01 sec. (0.29 ticks)
New value for default parallel thread count: 1
New value for time limit in seconds: 150
Version identifier: 12.10.0.0 | 2019-11-26 | 843d4de
CPXPARAM_Threads                                 1
CPXPARAM_TimeLimit                               150
Found incumbent of value 0.000000 after 0.00 sec. (0.08 ticks)
Tried aggregator 3 times.
MIP Presolve eliminated 857 rows and 330 columns.
MIP Presolve added 2 rows and 0 columns.
MIP Presolve modified 2361 coefficients.
Aggregator did 939 substitutions.
Reduced MIP has 812 rows, 1237 columns, and 4986 nonzeros.
Reduced MIP has 1144 binaries, 62 generals, 0 SOSs, and 0 indicators.
Presolve time = 0.02 sec. (11.49 ticks)
Probing fixed 0 vars, tightened 1 bounds.
Probing time = 0.01 sec. (3.54 ticks)
Tried aggregator 1 time.
Detecting symmetries...
MIP Presolve eliminated 5 rows and 4 columns.
MIP Presolve modified 11 coefficients.
Reduced MIP has 807 rows, 1233 columns, and 4963 nonzeros.
Reduced MIP has 1141 binaries, 61 generals, 0 SOSs, and 0 indicators.
Presolve time = 0.00 sec. (3.60 ticks)
Probing time = 0.00 sec. (2.48 ticks)
Clique table members: 3100.
MIP emphasis: balance optimality and feasibility.
MIP search method: dynamic search.
Parallel mode: none, using 1 thread.
Root relaxation solution time = 0.01 sec. (12.45 ticks)

        Nodes                                         Cuts/
   Node  Left     Objective  IInf  Best Integer    Best Bound    ItCnt     Gap

*     0+    0                            0.0000      146.0000              --- 
      0     0      139.0000   175        0.0000      139.0000      406     --- 
      0     0      138.0000   175        0.0000      Cuts: 88      609     --- 
      0     0      138.0000   175        0.0000     Cuts: 281      989     --- 
      0     0      138.0000   175        0.0000      Cuts: 75     1104     --- 
      0     0      138.0000   175        0.0000     Cuts: 215     1396     --- 
*     0+    0                           68.0000      138.0000           102.94%
*     0+    0                           84.0000      138.0000            64.29%
*     0+    0                          102.0000      138.0000            35.29%
*     0+    0                          104.0000      138.0000            32.69%
      0     0        cutoff            104.0000      138.0000     1396   32.69%
      0     2      138.0000   107      104.0000      138.0000     1396   32.69%
Elapsed time = 0.29 sec. (308.48 ticks, tree = 0.01 MB, solutions = 4)
     48    50      131.9638   112      104.0000      138.0000     6176   32.69%
    127   124      132.0000    85      104.0000      138.0000    10180   32.69%
    260   242      111.9303    59      104.0000      138.0000    13498   32.69%
    373   338      129.0000    89      104.0000      138.0000    17248   32.69%
*   481+  428                          106.0000      138.0000            30.19%
    482   431      129.9515   106      106.0000      138.0000    20783   30.19%

Performing restart 1

Repeating presolve.
Tried aggregator 1 time.
MIP Presolve eliminated 3 rows and 0 columns.
MIP Presolve modified 899 coefficients.
Reduced MIP has 804 rows, 1233 columns, and 4174 nonzeros.
Reduced MIP has 1141 binaries, 61 generals, 0 SOSs, and 0 indicators.
Presolve time = 0.00 sec. (4.06 ticks)
Tried aggregator 1 time.
Reduced MIP has 804 rows, 1233 columns, and 4174 nonzeros.
Reduced MIP has 1141 binaries, 61 generals, 0 SOSs, and 0 indicators.
Presolve time = 0.00 sec. (3.28 ticks)
Represolve time = 0.02 sec. (17.73 ticks)
    591     0      138.0000   197      106.0000     Cuts: 110    25506   30.19%
    591     0      137.6237   197      106.0000      Cuts: 74    26238   29.83%
    591     0      136.9696   197      106.0000     Cuts: 296    26814   29.22%
    591     0      136.0000   197      106.0000     Cuts: 208    27280   28.30%
    591     0      136.0000   197      106.0000     Cuts: 211    27666   28.30%
    591     0      136.0000   197      106.0000     Cuts: 238    28273   28.30%
    591     0      136.0000   197      106.0000      Cuts: 27    28467   28.30%
    591     0      136.0000   197      106.0000     Cuts: 241    28745   28.30%
    591     0      136.0000   197      106.0000     Cuts: 180    29013   28.30%
    591     0      136.0000   197      106.0000      Cuts: 24    29327   28.30%
    591     0      136.0000   197      106.0000      Cuts: 60    29619   28.30%
*   591+    0                          108.0000      136.0000            25.93%
*   591+    0                          110.0000      136.0000            23.64%
    591     0        cutoff            110.0000      136.0000    29619   23.64%
    591     2      136.0000   104      110.0000      136.0000    29619   23.64%
    594     5      136.0000   101      110.0000      136.0000    30512   23.64%
    598     9      135.2740   139      110.0000      136.0000    34975   23.64%
    603    14      136.0000   137      110.0000      136.0000    35833   23.64%
    642    47      136.0000   107      110.0000      136.0000    39354   23.64%
Elapsed time = 5.29 sec. (6585.33 ticks, tree = 0.16 MB, solutions = 7)
*   691+   86                          112.0000      136.0000            21.43%
*   691+   86                          114.0000      136.0000            19.30%
    691    88      135.2862   163      114.0000      136.0000    47282   19.30%
*   791+  164                          116.0000      136.0000            17.24%
    791   166      131.7506   162      116.0000      136.0000    57073   17.24%
    862   227      134.0213   151      116.0000      136.0000    65173   17.24%
    891   250      122.0000    98      116.0000      136.0000    68512   17.24%
   1018   336      132.1497   158      116.0000      136.0000    80122   17.24%
   1159   442      133.8360   162      116.0000      136.0000    92080   17.24%
   1258   515      129.8000   143      116.0000      136.0000   103644   17.24%
   1291   543      129.1023   116      116.0000      136.0000   106492   17.24%
   1419   638      131.8322   158      116.0000      136.0000   117863   17.24%
   1503   705      133.1400   170      116.0000      135.8600   130042   17.12%
Elapsed time = 14.70 sec. (18617.10 ticks, tree = 4.93 MB, solutions = 10)
   1609   787      127.5045   154      116.0000      135.6557   141916   16.94%
   1734   882      121.9984    70      116.0000      135.5089   153455   16.82%
   1902  1012      118.0000    33      116.0000      135.2036   165387   16.55%
   1997  1077      130.2861   152      116.0000      135.0000   178288   16.38%
   2151  1209      128.2120   163      116.0000      134.7925   191710   16.20%
   2297  1332      118.0154    93      116.0000      134.6177   204060   16.05%
   2441  1444      128.1394   152      116.0000      134.3553   215808   15.82%
   2615  1581      123.3187   115      116.0000      134.1368   227896   15.64%
   2790  1720    infeasible            116.0000      134.0000   239017   15.52%
   2791  1721      130.0294   181      116.0000      134.0000   240030   15.52%
Elapsed time = 22.16 sec. (28632.19 ticks, tree = 13.21 MB, solutions = 10)
   2892  1782      118.8002    91      116.0000      134.0000   252230   15.52%
   3021  1887      123.0000    99      116.0000      134.0000   262777   15.52%
   3102  1947      131.8269   164      116.0000      134.0000   273394   15.52%
   3229  2052      133.2209   160      116.0000      134.0000   285733   15.52%
   3358  2155      131.5000   170      116.0000      134.0000   297281   15.52%
   3542  2311      132.3493   158      116.0000      133.8035   309800   15.35%
   3699  2429      128.0000   154      116.0000      133.6431   321284   15.21%
   3791  2509      119.0000    79      116.0000      133.4934   328231   15.08%
   3888  2583      130.7510   143      116.0000      133.4200   338401   15.02%
   4036  2698      129.7523   176      116.0000      133.3970   349380   15.00%
Elapsed time = 29.97 sec. (39002.98 ticks, tree = 19.06 MB, solutions = 10)
   4192  2841      130.3996   191      116.0000      133.2657   361893   14.88%
   4362  2972      122.6709   145      116.0000      133.2071   373675   14.83%
   4490  3079      123.5000   140      116.0000      133.1434   384850   14.78%
   4623  3183      125.8333   126      116.0000      133.0000   395184   14.66%
   4780  3313      121.5000   118      116.0000      132.9451   407456   14.61%
   4915  3418      123.9180   111      116.0000      132.8816   418594   14.55%
   5087  3550      124.0000   108      116.0000      132.8191   431910   14.50%
   5148  3594      118.0000    65      116.0000      132.7943   436843   14.48%
   5324  3729      131.8062   152      116.0000      132.7524   450585   14.44%
   5507  3882      129.4804   191      116.0000      132.7371   463303   14.43%
Elapsed time = 37.30 sec. (48707.84 ticks, tree = 29.58 MB, solutions = 10)
   5641  3980      131.1074   139      116.0000      132.6996   475146   14.40%
   5798  4101      121.1459    78      116.0000      132.6459   488134   14.35%
   5912  4179      123.3037   133      116.0000      132.5367   499663   14.26%
   5991  4241      124.6442    96      116.0000      132.5243   508442   14.25%
   6164  4373      122.3218   142      116.0000      132.4473   520039   14.18%
   6300  4477      120.0625   110      116.0000      132.4153   532061   14.15%
   6399  4560      125.5826   130      116.0000      132.4055   542743   14.14%
   6585  4716      126.0000    84      116.0000      132.3290   555046   14.08%
   6737  4846      124.7500   144      116.0000      132.3156   564988   14.07%
   6899  4980      128.7184   119      116.0000      132.2979   577960   14.05%
Elapsed time = 45.03 sec. (59067.17 ticks, tree = 38.74 MB, solutions = 10)
   7126  5154      130.8494   173      116.0000      132.2589   590596   14.02%
*  7291+ 4659                          118.0000      132.2222            12.05%
   7291  4658      118.0000     0      118.0000      132.2222   601540   12.05%
   7487  4823      126.8366   162      118.0000      132.1704   615084   12.01%
   7591  4911      122.0000    65      118.0000      132.0820   626387   11.93%
   7740  5027      125.0000    76      118.0000      132.0192   639854   11.88%
   7874  5123      131.9372   175      118.0000      132.0000   652789   11.86%
   8005  5232      125.2003    91      118.0000      132.0000   665149   11.86%
   8091  5300      123.1146   131      118.0000      132.0000   674844   11.86%
   8222  5403      131.4261   172      118.0000      132.0000   687377   11.86%
   8353  5514      131.7091   189      118.0000      132.0000   698818   11.86%
Elapsed time = 54.30 sec. (71287.09 ticks, tree = 45.27 MB, solutions = 11)
   8450  5594      132.0000   142      118.0000      132.0000   712705   11.86%
   8524  5653      124.4244   127      118.0000      132.0000   724990   11.86%
   8653  5757      121.9660   118      118.0000      132.0000   737200   11.86%
   8759  5845      128.8532   144      118.0000      132.0000   746548   11.86%
   8881  5942      130.0000   164      118.0000      132.0000   757533   11.86%
   9006  6057      125.2091   143      118.0000      132.0000   768553   11.86%
   9107  6139      129.8593   170      118.0000      132.0000   780723   11.86%
   9239  6259      121.7503   109      118.0000      132.0000   792266   11.86%
   9324  6319      127.4539   102      118.0000      132.0000   802792   11.86%
   9443  6412      129.3219   125      118.0000      132.0000   814120   11.86%
Elapsed time = 61.47 sec. (81190.96 ticks, tree = 53.80 MB, solutions = 11)
   9491  6448      131.9694   164      118.0000      132.0000   818616   11.86%
   9582  6520      126.5000   100      118.0000      132.0000   829250   11.86%
   9710  6620      120.7143    99      118.0000      132.0000   840202   11.86%
   9793  6682      131.2684   164      118.0000      131.9825   849773   11.85%
   9895  6768      131.4574   146      118.0000      131.9676   862925   11.84%
  10052  6895      128.1335   137      118.0000      131.9593   875275   11.83%
  10171  6986      125.1258   114      118.0000      131.9412   882605   11.81%
  10172  6987      130.4286   124      118.0000      131.9385   882941   11.81%
  10300  7102      127.4010   124      118.0000      131.9171   894638   11.79%
  10468  7231        cutoff            118.0000      131.9035   907232   11.78%
Elapsed time = 76.38 sec. (98719.21 ticks, tree = 60.57 MB, solutions = 11)
  10599  7336      122.3349   110      118.0000      131.8900   917892   11.77%
  10712  7422      126.0000   120      118.0000      131.8766   930097   11.76%
  10831  7514      124.9294   119      118.0000      131.8557   942986   11.74%
  10902  7565      126.0367   111      118.0000      131.8385   949023   11.73%
  11038  7662      123.1309   125      118.0000      131.8219   962178   11.71%
  11212  7799      129.5000   115      118.0000      131.7904   975291   11.69%
  11391  7931      124.7183   149      118.0000      131.7659   988436   11.67%
  11546  8057        cutoff            118.0000      131.7532  1001738   11.66%
  11591  8091      126.3667   115      118.0000      131.7449  1006001   11.65%
  12149  8516      122.5000   153      118.0000      131.6523  1052446   11.57%
Elapsed time = 86.88 sec. (112282.55 ticks, tree = 74.28 MB, solutions = 11)
  12724  8958      128.5753   147      118.0000      131.5657  1097863   11.50%
  13295  9411      124.0000    83      118.0000      131.5000  1141754   11.44%
  13722  9756      125.6523   136      118.0000      131.5000  1179120   11.44%
  14192 10121      127.1720   133      118.0000      131.4541  1221017   11.40%
  14508 10375      124.1142   129      118.0000      131.4247  1252281   11.38%
  15138 10854      130.9945   175      118.0000      131.3719  1300401   11.33%
  15795 11356      127.3869   133      118.0000      131.3145  1350411   11.28%
  16337 11784      131.0818   155      118.0000      131.2786  1392089   11.25%
  16925 12263      127.8624   157      118.0000      131.2170  1437412   11.20%
  17396 12622      121.0000   155      118.0000      131.1437  1472411   11.14%
Elapsed time = 115.72 sec. (150532.11 ticks, tree = 112.82 MB, solutions = 11)
  17978 13070      122.8955   151      118.0000      131.1116  1517476   11.11%
  18391 13360      124.0000    68      118.0000      131.0622  1549669   11.07%
  18778 13648      124.9502   143      118.0000      131.0207  1593065   11.03%
  19216 13994      123.5790   155      118.0000      131.0000  1636205   11.02%
  19521 14227        cutoff            118.0000      130.9945  1667859   11.01%

Performing restart 2

Repeating presolve.
Tried aggregator 1 time.
MIP Presolve eliminated 49 rows and 0 columns.
Reduced MIP has 755 rows, 1233 columns, and 8612 nonzeros.
Reduced MIP has 1141 binaries, 61 generals, 0 SOSs, and 0 indicators.
Presolve time = 0.01 sec. (5.14 ticks)
Tried aggregator 1 time.
Reduced MIP has 755 rows, 1233 columns, and 8612 nonzeros.
Reduced MIP has 1141 binaries, 61 generals, 0 SOSs, and 0 indicators.
Presolve time = 0.01 sec. (5.61 ticks)
Represolve time = 0.13 sec. (89.05 ticks)
  19755     0      136.0000   228      118.0000      Cuts: 32  1691847   10.98%
  19755     0      136.0000   228      118.0000      Cuts: 45  1692227   10.98%
  19755     0      136.0000   228      118.0000     Cuts: 197  1692725   10.98%
  19755     0      136.0000   228      118.0000      Cuts: 46  1693065   10.98%
  19755     0      136.0000   228      118.0000     Cuts: 211  1693602   10.98%
  19755     0      136.0000   228      118.0000      Cuts: 47  1694199   10.98%
  19755     0      135.9771   228      118.0000      Cuts: 54  1694793   10.98%
  19755     0      135.9478   228      118.0000     Cuts: 214  1695316   10.98%
  19755     0      135.9137   228      118.0000     Cuts: 136  1695710   10.98%
  19755     0      135.8984   228      118.0000     Cuts: 108  1695938   10.98%
  19755     0      135.8613   228      118.0000     Cuts: 116  1696083   10.98%
  19755     0      135.8406   228      118.0000      Cuts: 75  1696198   10.98%
  19755     2      135.8406   176      118.0000      130.9601  1696198   10.98%
  19839    75      130.5048   145      118.0000      130.9601  1715914   10.98%
Starting limited solution polishing.
  19981   192      131.0000   135      118.0000      130.9601  1727412   10.98%
  20273   442      129.8225   152      118.0000      130.9601  1751782   10.98%
  20538   649      127.6254   130      118.0000      130.9601  1776686   10.98%
Elapsed time = 146.65 sec. (191046.04 ticks, tree = 3.18 MB, solutions = 11)
  21083  1074      129.6365   163      118.0000      130.9601  1818720   10.98%

GUB cover cuts applied:  47
Clique cuts applied:  112
Cover cuts applied:  10
Implied bound cuts applied:  16
Flow cuts applied:  7
Mixed integer rounding cuts applied:  39
Zero-half cuts applied:  38
Lift and project cuts applied:  15
Gomory fractional cuts applied:  9

Root node processing (before b&c):
  Real time             =    0.29 sec. (308.73 ticks)
Sequential b&c:
  Real time             =  149.71 sec. (195328.68 ticks)
                          ------------
Total (root+branch&cut) =  150.00 sec. (195637.41 ticks)

Solution pool: 12 solutions saved.

MIP - Time limit exceeded, integer feasible:  Objective =  1.1800000000e+02
Current MIP best bound =  1.3096008825e+02 (gap = 12.9601, 10.98%)
Solution time =  150.00 sec.  Iterations = 1824220  Nodes = 21169 (1146)
Deterministic time = 195637.42 ticks  (1304.24 ticks/sec)


Incumbent solution
Variable Name           Solution Value
F                           118.000000
y3                            1.000000
y10                           1.000000
y11                           1.000000
y22                           1.000000
y36                           1.000000
y37                           1.000000
y47                           1.000000
y48                           1.000000
y50                           1.000000
y57                           1.000000
y66                           1.000000
y69                           1.000000
y70                           1.000000
y71                           1.000000
y74                           1.000000
y83                           1.000000
y88                           1.000000
y99                           1.000000
y148                          1.000000
y154                          1.000000
y158                          1.000000
y159                          1.000000
y169                          1.000000
y171                          1.000000
y182                          1.000000
y185                          1.000000
y192                          1.000000
x78x66x1                      2.000000
x95x159x1                     1.000000
x125x71x1                     1.000000
x141x71x1                     1.000000
x181x11x1                     1.000000
x16x48x2                      1.000000
x18x57x2                      1.000000
x18x154x2                     1.000000
x55x57x2                      1.000000
x83x182x2                     1.000000
x91x83x2                      1.000000
x95x69x2                      1.000000
x118x159x2                    1.000000
x16x48x3                      1.000000
x83x37x3                      1.000000
x91x22x3                      1.000000
x102x11x3                     1.000000
x118x69x3                     1.000000
x170x154x3                    1.000000
x181x47x3                     1.000000
x184x83x3                     1.000000
x69x3x3                       1.000000
x154x3x3                      1.000000
b3b0b3                        1.000000
x3x74x3                       1.000000
x50x10x1                      2.000000
b10b0b1                       2.000000
x11x50x1                      1.000000
x11x171x3                     1.000000
x154x22x2                     1.000000
x22x185x2                     1.000000
x22x185x3                     1.000000
x71x36x1                      1.000000
x36x88x1                      1.000000
x69x36x2                      1.000000
x36x74x2                      1.000000
x37x70x3                      1.000000
x37x158x3                     1.000000
x159x47x1                     1.000000
x47x70x1                      1.000000
x47x88x3                      1.000000
x48x99x2                      1.000000
x48x99x3                      1.000000
x71x50x1                      1.000000
x57x148x2                     2.000000
x66x169x1                     2.000000
b70b0b1                       1.000000
b70b0b3                       1.000000
b74b0b2                       1.000000
b74b0b3                       1.000000
b88b0b1                       1.000000
b88b0b3                       1.000000
b99b0b2                       1.000000
x99x192x3                     1.000000
b148b0b2                      2.000000
x171x158x3                    1.000000
b158b0b3                      2.000000
x159x171x2                    1.000000
b169b0b1                      1.000000
x169x192x1                    1.000000
b171b0b2                      1.000000
b182b0b2                      2.000000
b185b0b2                      1.000000
b185b0b3                      1.000000
b192b0b1                      1.000000
b192b0b3                      1.000000
s16                           5.630000
s3                            7.810665
z16z3z3                       1.000000
s5                            7.840000
s17                           6.790000
s22                           8.044704
s36                           7.315876
s37                           7.550000
z16z37z3                      1.000000
s39                           9.480000
z16z39z3                      1.000000
s47                           7.348457
s48                           6.936956
z16z48z2                      1.000000
z16z48z3                      1.000000
s57                           6.700000
s64                           7.950000
s70                           8.720000
s74                           9.120000
s76                           7.720000
s77                           8.330000
z16z77z2                      1.000000
s84                           6.480000
s86                           7.540000
s88                           8.550000
s99                           8.230000
s103                          7.880000
s134                          7.760000
s148                          8.100000
z16z148z2                     1.000000
s156                          7.460000
s158                          9.260000
z16z158z3                     1.000000
s159                          6.000000
s168                          7.810000
s171                          8.065635
s182                          7.490000
s185                          9.340000
s187                          7.180000
s192                          9.490000
s18                           3.688354
s19                           6.000000
z18z19z2                      1.000000
z18z57z2                      1.000000
s69                           6.000000
z18z77z2                      1.000000
s83                           6.000000
z18z84z2                      1.000000
z18z148z2                     1.000000
s152                          6.000000
s154                          6.000000
z18z154z2                     1.000000
z18z182z2                     1.000000
s55                           2.768781
z55z19z2                      1.000000
z55z57z2                      1.000000
z55z77z2                      1.000000
z55z84z2                      1.000000
z55z148z2                     1.000000
z55z182z2                     1.000000
s78                           5.339967
s10                           9.420000
z78z10z1                      1.000000
s32                           9.280000
z78z32z1                      1.000000
s50                           7.925317
z78z50z1                      1.000000
s66                           7.124734
z78z66z1                      1.000000
s163                          7.420000
s169                          8.270000
z78z169z1                     1.000000
s189                          9.370000
z78z189z1                     1.000000
z83z37z3                      1.000000
z83z39z3                      1.000000
z83z158z3                     1.000000
z83z182z2                     1.000000
s91                           4.040000
z91z3z3                       1.000000
s11                           6.325343
z91z19z2                      1.000000
z91z22z3                      1.000000
z91z37z3                      1.000000
z91z39z3                      1.000000
z91z57z2                      1.000000
z91z77z2                      1.000000
z91z83z2                      1.000000
z91z84z2                      1.000000
z91z148z2                     1.000000
z91z158z3                     1.000000
z91z182z2                     1.000000
s95                           3.890000
z95z10z1                      1.000000
z95z19z2                      1.000000
z95z32z1                      1.000000
z95z50z1                      1.000000
s51                           6.040000
z95z51z1                      1.000000
z95z57z2                      1.000000
z95z66z1                      1.000000
z95z69z2                      1.000000
s71                           6.000000
z95z71z1                      1.000000
z95z77z2                      1.000000
z95z84z2                      1.000000
z95z148z2                     1.000000
s153                          6.000000
z95z153z1                     1.000000
z95z159z1                     1.000000
z95z163z1                     1.000000
z95z169z1                     1.000000
z95z182z2                     1.000000
z95z189z1                     1.000000
s102                          4.031298
z102z3z3                      1.000000
z102z11z3                     1.000000
z102z37z3                     1.000000
z102z39z3                     1.000000
z102z158z3                    1.000000
s118                          3.898225
z118z3z3                      1.000000
z118z19z2                     1.000000
z118z37z3                     1.000000
z118z39z3                     1.000000
z118z57z2                     1.000000
z118z69z3                     1.000000
z118z77z2                     1.000000
z118z84z2                     1.000000
z118z148z2                    1.000000
z118z158z3                    1.000000
z118z159z2                    1.000000
z118z182z2                    1.000000
s125                          3.380979
z125z10z1                     1.000000
z125z32z1                     1.000000
z125z50z1                     1.000000
z125z51z1                     1.000000
z125z66z1                     1.000000
z125z71z1                     1.000000
z125z153z1                    1.000000
z125z163z1                    1.000000
z125z169z1                    1.000000
z125z189z1                    1.000000
s141                          3.634131
z141z10z1                     1.000000
z141z32z1                     1.000000
z141z50z1                     1.000000
z141z51z1                     1.000000
z141z66z1                     1.000000
z141z71z1                     1.000000
z141z153z1                    1.000000
z141z163z1                    1.000000
z141z169z1                    1.000000
z141z189z1                    1.000000
z153z10z1                     1.000000
z153z32z1                     1.000000
z153z189z1                    1.000000
s170                          4.111808
z170z3z3                      1.000000
z170z37z3                     1.000000
z170z39z3                     1.000000
z170z154z3                    1.000000
z170z158z3                    1.000000
s181                          4.940000
z181z3z3                      1.000000
z181z10z1                     1.000000
z181z11z1                     1.000000
z181z32z1                     1.000000
z181z37z3                     1.000000
z181z39z3                     1.000000
z181z47z3                     1.000000
z181z50z1                     1.000000
z181z66z1                     1.000000
z181z158z3                    1.000000
z181z169z1                    1.000000
z181z189z1                    1.000000
s184                          3.333958
z184z3z3                      1.000000
z184z37z3                     1.000000
z184z39z3                     1.000000
z184z83z3                     1.000000
z184z158z3                    1.000000
z3z74z3                       1.000000
z11z10z1                      1.000000
z11z32z1                      1.000000
z11z39z3                      1.000000
z11z50z1                      1.000000
z11z158z3                     1.000000
z11z171z3                     1.000000
z11z189z1                     1.000000
z17z10z1                      1.000000
z17z32z1                      1.000000
z17z189z1                     1.000000
z22z39z3                      1.000000
z22z185z2                     1.000000
z22z185z3                     1.000000
z36z10z1                      1.000000
z36z32z1                      1.000000
z36z74z2                      1.000000
z36z88z1                      1.000000
z36z189z1                     1.000000
z37z70z3                      1.000000
z37z158z3                     1.000000
z47z10z1                      1.000000
z47z32z1                      1.000000
z47z39z3                      1.000000
z47z70z1                      1.000000
z47z88z3                      1.000000
z47z158z3                     1.000000
z47z189z1                     1.000000
z48z39z3                      1.000000
z48z99z2                      1.000000
z48z99z3                      1.000000
z48z158z3                     1.000000
z50z10z1                      1.000000
z51z10z1                      1.000000
z51z32z1                      1.000000
z51z50z1                      1.000000
z51z189z1                     1.000000
z57z148z2                     1.000000
z64z39z3                      1.000000
z66z10z1                      1.000000
z66z32z1                      1.000000
z66z169z1                     1.000000
z66z189z1                     1.000000
z69z3z3                       1.000000
z69z36z2                      1.000000
z69z39z3                      1.000000
z69z158z3                     1.000000
z71z10z1                      1.000000
z71z32z1                      1.000000
z71z36z1                      1.000000
z71z50z1                      1.000000
z71z163z1                     1.000000
z71z189z1                     1.000000
z84z77z2                      1.000000
z84z148z2                     1.000000
z99z192z3                     1.000000
z103z10z1                     1.000000
z103z32z1                     1.000000
z103z189z1                    1.000000
z152z39z3                     1.000000
z152z158z3                    1.000000
z154z3z3                      1.000000
z154z22z2                     1.000000
z154z39z3                     1.000000
z154z158z3                    1.000000
z159z10z1                     1.000000
z159z32z1                     1.000000
z159z47z1                     1.000000
z159z171z2                    1.000000
z159z189z1                    1.000000
z163z10z1                     1.000000
z163z32z1                     1.000000
z163z189z1                    1.000000
z169z192z1                    1.000000
z171z158z3                    1.000000
All other variables in the range 1-2506 are 0.
