
Log started (V12.10.0.0) Thu Apr  8 06:28:29 2021


Problem 'asset.lp' read.
Read time = 0.01 sec. (0.18 ticks)
New value for default parallel thread count: 1
New value for time limit in seconds: 200
Version identifier: 12.10.0.0 | 2019-11-26 | 843d4de
CPXPARAM_Threads                                 1
CPXPARAM_TimeLimit                               200
Found incumbent of value -0.578565 after 0.00 sec. (0.08 ticks)
Tried aggregator 9 times.
MIP Presolve eliminated 793 rows and 104 columns.
MIP Presolve modified 2262 coefficients.
Aggregator did 557 substitutions.
Reduced MIP has 534 rows, 603 columns, and 2457 nonzeros.
Reduced MIP has 528 binaries, 49 generals, 0 SOSs, and 0 indicators.
Presolve time = 0.02 sec. (16.23 ticks)
Probing fixed 0 vars, tightened 3 bounds.
Probing time = 0.00 sec. (2.08 ticks)
Tried aggregator 1 time.
Detecting symmetries...
MIP Presolve eliminated 8 rows and 10 columns.
MIP Presolve modified 72 coefficients.
Reduced MIP has 526 rows, 593 columns, and 2411 nonzeros.
Reduced MIP has 525 binaries, 44 generals, 0 SOSs, and 0 indicators.
Presolve time = 0.00 sec. (1.88 ticks)
Probing time = 0.00 sec. (2.04 ticks)
Clique table members: 1606.
MIP emphasis: balance optimality and feasibility.
MIP search method: dynamic search.
Parallel mode: none, using 1 thread.
Root relaxation solution time = 0.01 sec. (4.96 ticks)

        Nodes                                         Cuts/
   Node  Left     Objective  IInf  Best Integer    Best Bound    ItCnt     Gap

*     0+    0                           -0.5786      864.5380              --- 
      0     0      789.0836   156       -0.5786      789.0836      383     --- 
      0     0      775.5529   156       -0.5786     Cuts: 231      875     --- 
      0     0      766.4742   156       -0.5786     Cuts: 231     1258     --- 
*     0+    0                          471.4993      766.4742            62.56%
      0     0      763.5504   156      471.4993     Cuts: 231     1616   61.94%
      0     0      760.0381   156      471.4993     Cuts: 165     1814   61.20%
      0     0      757.4805   156      471.4993     Cuts: 179     2155   60.65%
Detecting symmetries...
      0     0      756.7900   156      471.4993     Cuts: 209     2365   60.51%
*     0+    0                          482.0544      756.7900            56.99%
      0     0      755.0131   156      482.0544     Cuts: 156     2530   56.62%
      0     0      753.4658   156      482.0544     Cuts: 205     2791   56.30%
      0     0      752.3278   156      482.0544     Cuts: 102     2990   56.07%
      0     0      749.9290   156      482.0544     Cuts: 142     3149   55.57%
      0     0      745.7992   156      482.0544     Cuts: 160     3445   54.71%
      0     0      745.2248   156      482.0544     Cuts: 231     3741   54.59%
      0     0      744.2151   156      482.0544     Cuts: 215     3918   54.38%
      0     0      744.1796   156      482.0544     Cuts: 147     4045   54.38%
      0     0      744.1447   156      482.0544      Cuts: 82     4188   54.37%
Detecting symmetries...
      0     2      744.1447   169      482.0544      743.4909     4188   54.23%
Elapsed time = 0.33 sec. (362.37 ticks, tree = 0.01 MB, solutions = 2)
     79    81      665.8936   101      482.0544      742.9497    11465   54.12%
*   160+  125                          511.6534      742.9446            45.20%
    256   193      727.9038   130      511.6534      741.4081    19467   44.90%
*   260+  195                          511.6551      741.4081            44.90%
    420   353      651.4294   102      511.6551      740.9046    25630   44.81%
    643   557      646.5237    83      511.6551      740.9035    33815   44.81%
*   697   598      integral     0      512.7130      740.9035    34924   44.51%
*   698   597      integral     0      512.7149      740.9035    34926   44.51%
    925   813      680.2035   106      512.7149      740.9013    41740   44.51%

Performing restart 1

Repeating presolve.
Tried aggregator 2 times.
MIP Presolve modified 381 coefficients.
Aggregator did 2 substitutions.
Reduced MIP has 524 rows, 591 columns, and 2120 nonzeros.
Reduced MIP has 523 binaries, 44 generals, 0 SOSs, and 0 indicators.
Presolve time = 0.00 sec. (2.76 ticks)
Tried aggregator 1 time.
Reduced MIP has 524 rows, 591 columns, and 2120 nonzeros.
Reduced MIP has 523 binaries, 44 generals, 0 SOSs, and 0 indicators.
Presolve time = 0.00 sec. (1.69 ticks)
Represolve time = 0.01 sec. (11.44 ticks)
    996     0      684.8751   161      512.7149     Cuts: 231    45652   33.58%
    996     0      650.3454   161      512.7149     Cuts: 170    45816   26.84%
    996     0      635.9730   161      512.7149     Cuts: 143    46010   24.04%
    996     0      629.4587   161      512.7149     Cuts: 131    46100   22.77%
    996     0      628.6622   161      512.7149     Cuts: 100    46254   22.61%
    996     0      628.4659   161      512.7149      Cuts: 66    46340   22.58%
    996     0      627.5011   161      512.7149      Cuts: 77    46416   22.39%
    996     0      627.4658   161      512.7149      Cuts: 61    46485   22.38%
*   996+    0                          512.7158      627.4658            22.38%
    996     0        cutoff            512.7158      627.4658    46485   22.38%
    996     0      627.3241   161      512.7158      Cuts: 44    46636   22.35%
    996     0      627.0680   161      512.7158      Cuts: 49    46759   22.30%
    996     0      626.9731   161      512.7158      Cuts: 48    46866   22.28%
    996     0      626.9028   161      512.7158      Cuts: 31    46929   22.27%
    996     0      626.8530   161      512.7158      Cuts: 33    47004   22.26%
    996     0      626.7401   161      512.7158      Cuts: 58    47082   22.24%
    996     0      626.7297   161      512.7158      Cuts: 17    47105   22.24%
    996     0      626.6522   161      512.7158      Cuts: 30    47146   22.22%
    996     0      626.5548   161      512.7158      Cuts: 21    47196   22.20%
    996     0      626.4920   161      512.7158      Cuts: 40    47281   22.19%
    996     0      626.2932   161      512.7158      Cuts: 31    47358   22.15%
    996     0      626.1392   161      512.7158      Cuts: 36    47420   22.12%
    996     0      626.0456   161      512.7158      Cuts: 41    47500   22.10%
    996     0      625.9847   161      512.7158      Cuts: 22    47543   22.09%
    996     0      625.9816   161      512.7158      Cuts: 21    47592   22.09%
    996     0      625.8468   161      512.7158      Cuts: 20    47653   22.07%
    996     0      625.8047   161      512.7158      Cuts: 20    47698   22.06%
*   996+    0                          519.0507      625.8047            20.57%
    996     0        cutoff            519.0507      625.8047    47698   20.57%
    996     2      625.8047   112      519.0507      625.7940    47698   20.57%
   1001     7      615.9611    58      519.0507      625.1167    48649   20.43%
   1010    16      620.2596    60      519.0507      625.1167    49260   20.43%
*  1026+   30                          528.9399      625.1167            18.18%
   1040    41      570.3222    40      528.9399      625.1167    50415   18.18%
*  1046+   43                          567.1100      625.1167            10.23%
*  1056+   52                          567.1121      625.1167            10.23%
*  1059    53      integral     0      567.1124      625.1167    50516   10.23%
*  1159+  126                          567.1169      624.3299            10.09%
   1339   263      612.6847    93      567.1169      620.0893    61938    9.34%
Elapsed time = 3.81 sec. (4515.17 ticks, tree = 0.19 MB, solutions = 13)
*  1386+  288                          568.2058      619.9244             9.10%
*  1391   289      integral     0      569.1339      619.9244    64656    8.92%
*  1426+  301                          575.7108      619.8159             7.66%
*  1525   360      integral     0      577.3773      618.7046    70674    7.16%
*  1576   365      integral     0      580.5757      617.9209    72941    6.43%
   1618   382      602.2578   109      580.5757      616.9409    77122    6.26%
*  1676+  307                          591.2578      616.3206             4.24%
   1845   344      608.8915   114      591.2578      613.5523    92085    3.77%
   2084   387      608.2542   113      591.2578      611.4255   108428    3.41%
*  2326+  349                          591.2656      606.4417             2.57%
*  2336+  359                          591.2659      606.4417             2.57%
*  2386+  360                          591.2700      605.9328             2.48%
   2386   362      591.2753    25      591.2700      605.9328   125413    2.48%
*  2392   366      integral     0      591.2703      605.9328   125447    2.48%
*  2469   382      integral     0      591.2707      604.8498   127887    2.30%
*  2536+  327                          591.5609      603.4648             2.01%
*  2636+  321                          591.5661      601.5367             1.69%
   2773   282      594.7178    65      591.5661      599.5779   141091    1.35%
   3297   108        cutoff            591.5661      593.5605   156698    0.34%

GUB cover cuts applied:  8
Clique cuts applied:  92
Cover cuts applied:  9
Implied bound cuts applied:  31
Flow cuts applied:  9
Mixed integer rounding cuts applied:  59
Zero-half cuts applied:  46
Lift and project cuts applied:  10
Gomory fractional cuts applied:  9

Root node processing (before b&c):
  Real time             =    0.33 sec. (362.63 ticks)
Sequential b&c:
  Real time             =    8.24 sec. (9981.46 ticks)
                          ------------
Total (root+branch&cut) =    8.57 sec. (10344.09 ticks)

Solution pool: 27 solutions saved.

MIP - Integer optimal, tolerance (0.0001/1e-06):  Objective =  5.9156606898e+02
Current MIP best bound =  5.9156852164e+02 (gap = 0.00245266, 0.00%)
Solution time =    8.57 sec.  Iterations = 158000  Nodes = 3411 (13)
Deterministic time = 10344.09 ticks  (1207.70 ticks/sec)


Incumbent solution
Variable Name           Solution Value
F                           620.000000
f1                            0.663931
f2                           27.770000
y183                          1.000000
y123                          1.000000
y124                          1.000000
y82                           1.000000
y49                           1.000000
y45                           1.000000
y140                          1.000000
y104                          1.000000
y85                           1.000000
y178                          1.000000
y20                           1.000000
y62                           1.000000
y174                          1.000000
y87                           1.000000
y55                           1.000000
y166                          1.000000
y81                           1.000000
y44                           1.000000
y184                          1.000000
s142                          0.060000
s33                           0.190000
s183                          0.996080
s42                           0.470000
s123                          0.852421
s157                          0.530000
s29                           0.550000
s124                          0.841639
s82                           0.891340
s49                           0.838120
s45                           0.876482
s23                           0.940000
s65                           0.960000
s63                           1.050000
s140                          1.984673
s93                           1.120000
s122                          1.150000
s180                          1.260000
s104                          1.320000
s85                           1.340000
s178                          2.333390
s73                           1.640000
s119                          1.670000
s20                           2.445409
s4                            1.880000
s62                           2.127295
s97                           1.970000
s174                          2.030000
s87                           2.575517
s55                           2.255721
s110                          2.140000
s166                          3.111377
s81                           2.266087
s173                          2.200000
s191                          2.220000
s107                          2.340000
s44                           3.108031
s184                          3.333958
x0x183x1                      1.000000
x0x123x1                      1.000000
x0x124x1                      1.000000
x0x82x1                       1.000000
x0x49x1                       1.000000
x0x85x1                       1.000000
x0x124x2                      1.000000
x0x82x2                       1.000000
x0x45x2                       1.000000
x0x104x2                      1.000000
x0x85x2                       1.000000
x0x174x2                      1.000000
x0x183x3                      1.000000
x0x123x3                      1.000000
x0x49x3                       1.000000
x0x45x3                       1.000000
x0x104x3                      1.000000
x0x174x3                      1.000000
x183x178x1                    1.000000
x183x44x3                     1.000000
x123x62x1                     1.000000
x123x87x3                     1.000000
x124x62x1                     1.000000
x124x55x2                     1.000000
x82x140x1                     1.000000
x82x178x2                     1.000000
x49x81x1                      1.000000
x49x81x3                      1.000000
x45x55x2                      1.000000
x45x140x3                     1.000000
x140x0x1                      1.000000
x140x184x3                    1.000000
x104x20x2                     1.000000
x104x87x3                     1.000000
x85x20x1                      1.000000
x85x166x2                     1.000000
x178x0x1                      1.000000
x178x0x2                      1.000000
x20x0x1                       1.000000
x20x0x2                       1.000000
x62x0x1                       2.000000
x174x166x2                    1.000000
x174x44x3                     1.000000
x87x0x3                       2.000000
x55x0x2                       2.000000
x166x0x2                      2.000000
x81x0x1                       1.000000
x81x184x3                     1.000000
x44x0x3                       2.000000
x184x0x3                      2.000000
z0z183z1                      1.000000
z0z183z3                      1.000000
z0z123z1                      1.000000
z0z123z3                      1.000000
z0z124z1                      1.000000
z0z124z2                      1.000000
z0z82z1                       1.000000
z0z82z2                       1.000000
z0z49z1                       1.000000
z0z49z3                       1.000000
z0z45z2                       1.000000
z0z45z3                       1.000000
z0z65z1                       1.000000
z0z63z2                       1.000000
z0z122z3                      1.000000
z0z104z2                      1.000000
z0z104z3                      1.000000
z0z85z1                       1.000000
z0z85z2                       1.000000
z0z62z1                       1.000000
z0z97z3                       1.000000
z0z174z2                      1.000000
z0z174z3                      1.000000
z0z87z3                       1.000000
z0z55z2                       1.000000
z0z166z2                      1.000000
z0z173z2                      1.000000
z0z191z2                      1.000000
z0z107z2                      1.000000
z0z44z3                       1.000000
z0z184z3                      1.000000
z183z178z1                    1.000000
z183z44z3                     1.000000
z123z62z1                     1.000000
z123z87z3                     1.000000
z157z55z2                     1.000000
z124z62z1                     1.000000
z124z55z2                     1.000000
z82z140z1                     1.000000
z82z178z2                     1.000000
z49z81z1                      1.000000
z49z81z3                      1.000000
z45z140z3                     1.000000
z45z55z2                      1.000000
z140z184z3                    1.000000
z104z20z2                     1.000000
z104z87z3                     1.000000
z85z20z1                      1.000000
z85z166z2                     1.000000
z174z166z2                    1.000000
z174z44z3                     1.000000
z81z184z3                     1.000000
All other variables in the range 1-1272 are 0.
