
Log started (V12.10.0.0) Thu Apr  8 06:28:38 2021


Problem 'asset.lp' read.
Read time = 0.01 sec. (0.15 ticks)
New value for default parallel thread count: 1
New value for time limit in seconds: 200
Version identifier: 12.10.0.0 | 2019-11-26 | 843d4de
CPXPARAM_Threads                                 1
CPXPARAM_TimeLimit                               200
Found incumbent of value -0.756258 after 0.00 sec. (0.07 ticks)
Tried aggregator 3 times.
MIP Presolve eliminated 873 rows and 326 columns.
MIP Presolve modified 1142 coefficients.
Aggregator did 316 substitutions.
Reduced MIP has 473 rows, 486 columns, and 2017 nonzeros.
Reduced MIP has 403 binaries, 51 generals, 0 SOSs, and 0 indicators.
Presolve time = 0.01 sec. (4.67 ticks)
Probing fixed 158 vars, tightened 18 bounds.
Probing time = 0.00 sec. (1.08 ticks)
Cover probing fixed 0 vars, tightened 54 bounds.
Tried aggregator 2 times.
MIP Presolve eliminated 257 rows and 237 columns.
MIP Presolve modified 24 coefficients.
Aggregator did 5 substitutions.
Reduced MIP has 211 rows, 237 columns, and 721 nonzeros.
Reduced MIP has 184 binaries, 23 generals, 0 SOSs, and 0 indicators.
Presolve time = 0.00 sec. (1.60 ticks)
Probing time = 0.00 sec. (0.32 ticks)
Tried aggregator 1 time.
Detecting symmetries...
MIP Presolve modified 12 coefficients.
Reduced MIP has 211 rows, 237 columns, and 721 nonzeros.
Reduced MIP has 184 binaries, 23 generals, 0 SOSs, and 0 indicators.
Presolve time = 0.00 sec. (0.51 ticks)
Probing time = 0.00 sec. (0.32 ticks)
Clique table members: 257.
MIP emphasis: balance optimality and feasibility.
MIP search method: dynamic search.
Parallel mode: none, using 1 thread.
Root relaxation solution time = 0.00 sec. (0.94 ticks)

        Nodes                                         Cuts/
   Node  Left     Objective  IInf  Best Integer    Best Bound    ItCnt     Gap

*     0+    0                           -0.7563      779.4576              --- 
      0     0      337.4230    39       -0.7563      337.4230      120     --- 
*     0+    0                          280.8402      337.4230            20.15%
      0     0      331.0117    39      280.8402      Cuts: 76      162   17.86%
*     0+    0                          313.8448      331.0117             5.47%
      0     0      328.6073    39      313.8448      Cuts: 44      202    4.70%
      0     0      327.6612    39      313.8448      Cuts: 25      226    4.40%
      0     0      326.3499    39      313.8448      Cuts: 23      239    3.98%
      0     0      326.1918    39      313.8448      Cuts: 12      257    3.93%
Detecting symmetries...
      0     0      325.8976    39      313.8448      Cuts: 22      272    3.84%
      0     0      325.8205    39      313.8448      Cuts: 11      299    3.82%
      0     0      325.8175    39      313.8448      Cuts: 32      326    3.81%
      0     0      325.7715    39      313.8448      Cuts: 29      350    3.80%
      0     0      325.7705    39      313.8448      Cuts: 17      362    3.80%
*     0+    0                          313.8456      325.7705             3.80%
Detecting symmetries...
      0     2      325.7705    40      313.8456      325.7676      362    3.80%
Elapsed time = 0.06 sec. (39.58 ticks, tree = 0.01 MB, solutions = 4)
*    20+   12                          316.0646      323.5122             2.36%
*    25     9      integral     0      318.8084      323.5120      851    1.48%
*    46     9      integral     0      318.8088      321.6389     1166    0.89%

Clique cuts applied:  14
Cover cuts applied:  1
Implied bound cuts applied:  70
Flow cuts applied:  1
Mixed integer rounding cuts applied:  8
Zero-half cuts applied:  14
Gomory fractional cuts applied:  5

Root node processing (before b&c):
  Real time             =    0.06 sec. (39.65 ticks)
Sequential b&c:
  Real time             =    0.02 sec. (23.29 ticks)
                          ------------
Total (root+branch&cut) =    0.08 sec. (62.94 ticks)

Solution pool: 7 solutions saved.

MIP - Integer optimal, tolerance (0.0001/1e-06):  Objective =  3.1880876816e+02
Current MIP best bound =  3.1880882345e+02 (gap = 5.52932e-05, 0.00%)
Solution time =    0.08 sec.  Iterations = 1397  Nodes = 59 (1)
Deterministic time = 62.94 ticks  (778.71 ticks/sec)


Incumbent solution
Variable Name           Solution Value
F                           340.000000
f1                            0.801232
f2                           20.390000
y52                           1.000000
y40                           1.000000
y121                          1.000000
y92                           1.000000
y164                          1.000000
y170                          1.000000
y21                           1.000000
y186                          1.000000
y43                           1.000000
y188                          1.000000
s1                            2.380000
s31                           2.500000
s125                          2.570000
s94                           2.610000
s52                           3.255569
s18                           2.720000
s141                          2.750000
s34                           2.830000
s127                          2.850000
s56                           2.860000
s12                           2.890000
s95                           2.890000
s177                          2.940000
s6                            2.950000
s40                           3.495530
s121                          3.453872
s108                          2.980000
s165                          2.980000
s118                          3.030000
s91                           3.040000
s68                           3.060000
s105                          3.110000
s25                           3.130000
s190                          3.170000
s109                          3.190000
s160                          3.250000
s92                           3.852064
s146                          3.310000
s132                          3.320000
s67                           3.350000
s164                          3.928463
s170                          4.373810
s26                           3.470000
s102                          3.580000
s13                           3.650000
s21                           4.467439
s186                          4.690238
s43                           4.635737
s188                          4.725409
x140x40x1                     1.000000
x178x164x1                    1.000000
x20x164x1                     1.000000
x62x52x1                      2.000000
x81x40x1                      1.000000
x178x186x2                    1.000000
x20x92x2                      1.000000
x55x121x2                     2.000000
x166x43x2                     2.000000
x87x92x3                      1.000000
x87x170x3                     1.000000
x44x170x3                     1.000000
x44x21x3                      1.000000
x184x188x3                    1.000000
x52x0x1                       1.000000
x52x21x1                      1.000000
x40x186x1                     1.000000
x40x188x1                     1.000000
x121x0x2                      2.000000
x92x0x2                       1.000000
x92x0x3                       1.000000
x164x0x1                      2.000000
x170x0x3                      2.000000
x21x0x1                       1.000000
x21x0x3                       1.000000
x186x0x1                      1.000000
x186x0x2                      1.000000
x43x0x2                       2.000000
x188x0x1                      1.000000
x188x0x3                      1.000000
s140                          1.984673
z140z40z1                     1.000000
s178                          2.333390
z178z164z1                    1.000000
z178z186z2                    1.000000
s20                           2.445409
z20z92z2                      1.000000
z20z164z1                     1.000000
s62                           2.127295
z62z52z1                      1.000000
s87                           2.575517
z87z92z3                      1.000000
z87z170z3                     1.000000
s55                           2.255721
z55z121z2                     1.000000
s166                          3.111377
z166z43z2                     1.000000
s81                           2.266087
z81z40z1                      1.000000
s44                           3.108031
z44z170z3                     1.000000
z44z21z3                      1.000000
s184                          3.333958
z184z188z3                    1.000000
z52z21z1                      1.000000
z40z186z1                     1.000000
z40z188z1                     1.000000
All other variables in the range 1-1130 are 0.
