
Log started (V12.10.0.0) Fri Apr 23 09:14:20 2021


Problem 'asset.lp' read.
Read time = 0.01 sec. (0.49 ticks)
New value for default parallel thread count: 1
New value for time limit in seconds: 150
Version identifier: 12.10.0.0 | 2019-11-26 | 843d4de
CPXPARAM_Threads                                 1
CPXPARAM_TimeLimit                               150
Found incumbent of value 0.000000 after 0.00 sec. (0.12 ticks)
Tried aggregator 3 times.
MIP Presolve eliminated 2374 rows and 243 columns.
MIP Presolve modified 3001 coefficients.
Aggregator did 1192 substitutions.
Reduced MIP has 1404 rows, 1908 columns, and 7949 nonzeros.
Reduced MIP has 1579 binaries, 281 generals, 0 SOSs, and 0 indicators.
Presolve time = 0.02 sec. (18.35 ticks)
Probing fixed 42 vars, tightened 6 bounds.
Probing time = 0.01 sec. (6.58 ticks)
Cover probing fixed 0 vars, tightened 25 bounds.
Tried aggregator 1 time.
Detecting symmetries...
MIP Presolve eliminated 75 rows and 58 columns.
MIP Presolve modified 364 coefficients.
Reduced MIP has 1329 rows, 1850 columns, and 7492 nonzeros.
Reduced MIP has 1527 binaries, 275 generals, 0 SOSs, and 0 indicators.
Presolve time = 0.01 sec. (7.16 ticks)
Probing time = 0.00 sec. (2.70 ticks)
Cover probing fixed 0 vars, tightened 1 bounds.
Clique table members: 4798.
Tightened 1 constraints.
MIP emphasis: balance optimality and feasibility.
MIP search method: dynamic search.
Parallel mode: none, using 1 thread.
Root relaxation solution time = 0.01 sec. (13.59 ticks)

        Nodes                                         Cuts/
   Node  Left     Objective  IInf  Best Integer    Best Bound    ItCnt     Gap

*     0+    0                            0.0000      725.0000              --- 
      0     0      725.0000   228        0.0000      725.0000      458     --- 
      0     0      725.0000   228        0.0000     Cuts: 199      888     --- 
      0     0      725.0000   228        0.0000     Cuts: 187     1139     --- 
      0     0      725.0000   228        0.0000     Cuts: 432     1604     --- 
*     0+    0                           15.0000      725.0000              --- 
*     0+    0                          135.0000      725.0000           437.04%
*     0+    0                          170.0000      725.0000           326.47%
      0     0        cutoff            170.0000      725.0000     1604  326.47%
*     0+    0                          210.0000      725.0000           245.24%
      0     0        cutoff            210.0000      725.0000     1604  245.24%
Detecting symmetries...
      0     2      725.0000   169      210.0000      725.0000     1604  245.24%
Elapsed time = 0.66 sec. (828.98 ticks, tree = 0.01 MB, solutions = 4)
     45    47      725.0000   191      210.0000      725.0000     5834  245.24%
     82    84      717.5000   179      210.0000      725.0000    10212  245.24%
    141   135      686.4324   149      210.0000      725.0000    12342  245.24%
    286   236      725.0000   212      210.0000      725.0000    15399  245.24%
    320   268      705.8165   184      210.0000      725.0000    18971  245.24%
    456   379      715.0000   197      210.0000      725.0000    21751  245.24%
*   493+  414                          385.0000      725.0000            88.31%
*   494+  415                          455.0000      725.0000            59.34%
*   494+  415                          460.0000      725.0000            57.61%
*   494+  415                          465.0000      725.0000            55.91%
*   494+  415                          470.0000      725.0000            54.26%
*   494+  415                          475.0000      725.0000            52.63%
*   494+  415                          500.0000      725.0000            45.00%
    494   417      721.0388   220      500.0000      725.0000    23799   45.00%
*   496+  417                          505.0000      725.0000            43.56%
*   497+  418                          510.0000      725.0000            42.16%
    516   439      725.0000   194      510.0000      725.0000    26130   42.16%
    555   478      704.0343   192      510.0000      725.0000    27297   42.16%

Performing restart 1

Repeating presolve.
Tried aggregator 1 time.
MIP Presolve eliminated 1 rows and 1 columns.
MIP Presolve modified 2088 coefficients.
Reduced MIP has 1328 rows, 1849 columns, and 6288 nonzeros.
Reduced MIP has 1526 binaries, 275 generals, 0 SOSs, and 0 indicators.
Presolve time = 0.01 sec. (6.06 ticks)
Tried aggregator 1 time.
Reduced MIP has 1328 rows, 1849 columns, and 6288 nonzeros.
Reduced MIP has 1526 binaries, 275 generals, 0 SOSs, and 0 indicators.
Presolve time = 0.00 sec. (4.49 ticks)
Represolve time = 0.03 sec. (26.70 ticks)
    607     0      725.0000   326      510.0000     Cuts: 121    29619   42.16%
    607     0      725.0000   326      510.0000     Cuts: 427    30504   42.16%
    607     0      725.0000   326      510.0000      Cuts: 74    30797   42.16%
    607     0      725.0000   326      510.0000     Cuts: 397    31463   42.16%
    607     0      725.0000   326      510.0000      Cuts: 32    31660   42.16%
    607     0      725.0000   326      510.0000     Cuts: 432    32362   42.16%
    607     0      725.0000   326      510.0000     Cuts: 119    32771   42.16%
    607     0      725.0000   326      510.0000     Cuts: 393    33402   42.16%
*   607+    0                          520.0000      725.0000            39.42%
*   607+    0                          530.0000      725.0000            36.79%
    607     0        cutoff            530.0000      725.0000    33402   36.79%
    607     2      725.0000   200      530.0000      725.0000    33402   36.79%
Elapsed time = 5.93 sec. (7580.30 ticks, tree = 0.01 MB, solutions = 15)
    615    10      705.0802   227      530.0000      725.0000    37728   36.79%
    623    18      719.4967   279      530.0000      725.0000    42429   36.79%
    647    41      699.2942   231      530.0000      725.0000    45644   36.79%
    697    85      725.0000   184      530.0000      725.0000    49761   36.79%
*   707+   93                          540.0000      725.0000            34.26%
*   707+   93                          545.0000      725.0000            33.03%
    708    96      725.0000   243      545.0000      725.0000    51038   33.03%
    753   139      715.0000   224      545.0000      725.0000    58015   33.03%
    807   182      672.8787   192      545.0000      725.0000    64269   33.03%
    847   218      725.0000   237      545.0000      725.0000    70288   33.03%
    964   316      707.4855   225      545.0000      725.0000    81390   33.03%
   1051   389      708.9922   276      545.0000      725.0000    92758   33.03%
Elapsed time = 14.29 sec. (19454.67 ticks, tree = 1.74 MB, solutions = 17)
   1169   490      645.0000   163      545.0000      725.0000   103109   33.03%
   1222   531      724.9782   295      545.0000      725.0000   111349   33.03%
   1304   606      668.9124   171      545.0000      725.0000   123024   33.03%
   1349   637      694.5765   247      545.0000      725.0000   133342   33.03%
   1459   706      712.6015   213      545.0000      725.0000   142732   33.03%
   1609   819      677.7664   238      545.0000      725.0000   151680   33.03%
   1699   891      714.0515   289      545.0000      725.0000   160953   33.03%
   1727   919      687.1061   208      545.0000      725.0000   170763   33.03%
   1772   958      678.3595   165      545.0000      725.0000   179548   33.03%
   1807   988      605.0000    96      545.0000      725.0000   181081   33.03%
Elapsed time = 21.62 sec. (29399.01 ticks, tree = 2.72 MB, solutions = 17)
   1893  1064      640.3728   167      545.0000      725.0000   191816   33.03%
   2009  1150      712.4628   327      545.0000      725.0000   203447   33.03%
   2074  1204      719.9175   296      545.0000      725.0000   211837   33.03%
   2178  1295      711.9707   251      545.0000      725.0000   222406   33.03%
   2262  1363      698.0000   245      545.0000      725.0000   231343   33.03%
   2360  1451      679.6935   274      545.0000      725.0000   241806   33.03%
   2428  1509      691.6940   240      545.0000      725.0000   250591   33.03%
   2475  1556      654.7119   188      545.0000      725.0000   260501   33.03%
   2507  1584      709.8983   229      545.0000      725.0000   268161   33.03%
   2598  1671      660.8757   159      545.0000      725.0000   279535   33.03%
Elapsed time = 29.88 sec. (40632.55 ticks, tree = 3.50 MB, solutions = 17)
   2660  1719      677.5000   205      545.0000      725.0000   289177   33.03%
   2744  1788      718.8210   286      545.0000      725.0000   299598   33.03%
   2776  1820      647.3592   144      545.0000      725.0000   307339   33.03%
   2804  1837      725.0000   339      545.0000      725.0000   312584   33.03%
   2805  1838      721.5943   389      545.0000      725.0000   320430   33.03%
   2816  1849      709.8272   327      545.0000      725.0000   325843   33.03%
   2839  1872      690.8320   237      545.0000      725.0000   334052   33.03%
   2892  1921      684.8127   233      545.0000      725.0000   342971   33.03%
   2951  1972      710.3929   298      545.0000      725.0000   351803   33.03%
   3143  2130      703.4500   315      545.0000      725.0000   362919   33.03%
Elapsed time = 37.31 sec. (50819.75 ticks, tree = 4.09 MB, solutions = 17)
   3228  2209      640.0000   164      545.0000      725.0000   373496   33.03%
   3297  2267      654.2037   168      545.0000      725.0000   382287   33.03%
   3352  2315      701.4204   236      545.0000      725.0000   388103   33.03%
   3413  2371      705.0726   276      545.0000      725.0000   396936   33.03%
   3537  2477      682.5000   223      545.0000      725.0000   407263   33.03%
   3612  2547      674.6416   249      545.0000      725.0000   418078   33.03%
   3696  2620      659.5761   232      545.0000      725.0000   428051   33.03%
   3783  2691      690.0000   248      545.0000      725.0000   437617   33.03%
*  3807+ 2674                          560.0000      725.0000            29.46%
   3807  2676      645.0000   167      560.0000      725.0000   440292   29.46%
*  3907+ 2734                          565.0000      725.0000            28.32%
   3907  2736      618.3862   122      565.0000      725.0000   452191   28.32%
Elapsed time = 45.05 sec. (61131.22 ticks, tree = 4.75 MB, solutions = 19)
   3950  2767      648.4583   216      565.0000      725.0000   462065   28.32%
   4007  2816      702.9469   256      565.0000      725.0000   467410   28.32%
   4124  2918      705.0000   358      565.0000      725.0000   479500   28.32%
   4187  2971      722.5000   289      565.0000      725.0000   488437   28.32%
   4205  2989      647.0617   222      565.0000      725.0000   497522   28.32%
   4330  3092      715.0000   259      565.0000      725.0000   506660   28.32%
   4370  3132      673.2530   201      565.0000      725.0000   516253   28.32%
   4407  3162      715.7715   266      565.0000      725.0000   519770   28.32%
   4480  3225      692.7903   201      565.0000      725.0000   529221   28.32%
   4581  3315      708.4135   281      565.0000      725.0000   540810   28.32%
Elapsed time = 53.06 sec. (71740.34 ticks, tree = 5.38 MB, solutions = 19)
   4619  3351      639.4982   178      565.0000      725.0000   550704   28.32%
   4676  3390      691.1656   276      565.0000      725.0000   559326   28.32%
   4749  3454      718.0000   280      565.0000      725.0000   569789   28.32%
   4801  3501      708.4746   305      565.0000      725.0000   579610   28.32%
   4847  3542      689.8212   296      565.0000      725.0000   590199   28.32%
   4892  3579      698.7690   296      565.0000      725.0000   598755   28.32%
   4907  3594      661.2500   255      565.0000      725.0000   605729   28.32%
   5008  3684      634.7410   160      565.0000      725.0000   615241   28.32%
   5097  3759      696.0246   245      565.0000      725.0000   625674   28.32%
   5174  3818      712.3106   295      565.0000      725.0000   634429   28.32%
Elapsed time = 61.71 sec. (83553.64 ticks, tree = 5.95 MB, solutions = 19)
   5281  3904      659.1557   204      565.0000      725.0000   644853   28.32%
   5379  3976      717.2421   297      565.0000      725.0000   655862   28.32%
   5481  4069      667.2683   185      565.0000      725.0000   667482   28.32%
   5543  4119      658.8813   198      565.0000      725.0000   677039   28.32%
   5603  4169      706.6246   263      565.0000      725.0000   686544   28.32%
   5619  4185      658.7239   204      565.0000      725.0000   697538   28.32%
   5691  4244      718.0883   336      565.0000      725.0000   709287   28.32%
   5869  4399      695.9496   309      565.0000      725.0000   723611   28.32%
   5924  4449      721.5385   313      565.0000      725.0000   735475   28.32%
   5957  4482      667.2415   214      565.0000      725.0000   745298   28.32%
Elapsed time = 69.07 sec. (93558.35 ticks, tree = 6.83 MB, solutions = 19)
   6002  4523      692.3969   287      565.0000      725.0000   754864   28.32%
   6007  4528      690.3107   225      565.0000      725.0000   758342   28.32%
   6031  4552      635.0000   162      565.0000      725.0000   768410   28.32%
   6075  4588      686.0714   232      565.0000      725.0000   777314   28.32%
   6127  4634      693.0519   316      565.0000      725.0000   787492   28.32%
   6198  4696      717.5000   338      565.0000      725.0000   795396   28.32%
   6221  4719      702.6125   300      565.0000      725.0000   803665   28.32%
   6274  4768      717.2270   302      565.0000      725.0000   812903   28.32%
   6328  4822      603.3333   150      565.0000      725.0000   823068   28.32%
   6436  4904      711.8745   306      565.0000      725.0000   845407   28.32%
Elapsed time = 78.90 sec. (106674.36 ticks, tree = 7.29 MB, solutions = 19)
   6613  5066      710.6603   350      565.0000      725.0000   881029   28.32%
   6903  5328      685.0000   211      565.0000      725.0000   921078   28.32%
   7107  5513      637.1110   183      565.0000      725.0000   955115   28.32%
   7452  5816      711.9507   327      565.0000      725.0000   996033   28.32%
   7639  5977      689.6154   297      565.0000      725.0000  1036595   28.32%
   7925  6229      703.8960   215      565.0000      725.0000  1079194   28.32%
   8107  6401      666.0428   238      565.0000      725.0000  1112565   28.32%
   8332  6603      627.5000   140      565.0000      725.0000  1152154   28.32%
   8552  6798      620.0000   162      565.0000      725.0000  1187601   28.32%
   8802  7009      716.7940   367      565.0000      725.0000  1224139   28.32%
Elapsed time = 109.54 sec. (148995.44 ticks, tree = 9.69 MB, solutions = 19)
   8905  7109      697.8045   292      565.0000      725.0000  1254171   28.32%
   8999  7193      710.0000   303      565.0000      724.8724  1286107   28.30%
   9161  7338      685.9057   273      565.0000      724.6793  1317514   28.26%
   9390  7529      705.0000   239      565.0000      722.5000  1354269   27.88%
   9607  7727      632.5000   143      565.0000      722.0418  1380589   27.80%
   9875  7958      707.7359   308      565.0000      721.8897  1420963   27.77%
  10347  8381      600.0000    84      565.0000      721.6748  1467898   27.73%
* 10467+ 8309                          575.0000      721.6667            25.51%
* 10467+ 8173                          580.0000      721.6667            24.43%
  10467  8175      682.5712   205      580.0000      721.6667  1488191   24.43%
* 10468+ 8006                          585.0000      721.6667            23.36%
  10468  8008      712.8636   311      585.0000      721.5862  1489504   23.35%
Advanced basis not built.

GUB cover cuts applied:  91
Clique cuts applied:  89
Cover cuts applied:  69
Implied bound cuts applied:  388
Flow cuts applied:  33
Mixed integer rounding cuts applied:  90
Zero-half cuts applied:  23
Gomory fractional cuts applied:  11

Root node processing (before b&c):
  Real time             =    0.66 sec. (829.55 ticks)
Sequential b&c:
  Real time             =  149.34 sec. (197414.31 ticks)
                          ------------
Total (root+branch&cut) =  150.00 sec. (198243.86 ticks)

Solution pool: 23 solutions saved.

MIP - Time limit exceeded, integer feasible:  Objective =  5.8500000000e+02
Current MIP best bound =  7.2158620958e+02 (gap = 136.586, 23.35%)
Solution time =  150.00 sec.  Iterations = 1490910  Nodes = 10469 (8008)
Deterministic time = 198243.87 ticks  (1321.61 ticks/sec)


Incumbent solution
Variable Name           Solution Value
F                           585.000000
y130                          1.000000
y147                          1.000000
y126                          1.000000
y102                          1.000000
y27                           1.000000
y183                          1.000000
y30                           1.000000
y43                           1.000000
y46                           1.000000
y81                           1.000000
y58                           1.000000
y221                          1.000000
y124                          1.000000
y121                          1.000000
y237                          1.000000
y129                          1.000000
y90                           1.000000
y63                           1.000000
y18                           1.000000
y196                          1.000000
y101                          1.000000
y24                           1.000000
y181                          1.000000
y171                          1.000000
y232                          1.000000
y92                           1.000000
y86                           1.000000
y4                            1.000000
y188                          1.000000
y173                          1.000000
y227                          1.000000
y33                           1.000000
y61                           1.000000
y156                          1.000000
y228                          1.000000
y42                           1.000000
y104                          1.000000
y41                           1.000000
y177                          1.000000
y138                          1.000000
y20                           1.000000
y165                          1.000000
x16x101x1                     1.000000
x145x124x1                    1.000000
x145x18x1                     1.000000
x15x27x1                      2.000000
x230x130x1                    1.000000
x230x81x1                     1.000000
x209x183x1                    1.000000
x67x30x1                      1.000000
x127x18x1                     1.000000
x127x101x1                    1.000000
x105x147x1                    1.000000
x155x46x2                     1.000000
x155x171x2                    1.000000
x51x30x2                      1.000000
x216x183x2                    1.000000
x10x130x2                     1.000000
x10x43x2                      1.000000
x128x63x2                     1.000000
x67x126x2                     1.000000
x226x126x2                    1.000000
x226x46x2                     1.000000
x105x147x2                    1.000000
x175x63x2                     1.000000
x16x171x3                     1.000000
x246x196x3                    2.000000
x199x102x3                    2.000000
x179x221x3                    2.000000
x128x81x3                     1.000000
x209x43x3                     1.000000
x175x124x3                    1.000000
x176x90x3                     2.000000
x130x237x1                    1.000000
x130x181x2                    1.000000
x147x129x1                    1.000000
x147x24x2                     1.000000
x126x121x2                    2.000000
x102x237x3                    1.000000
x102x24x3                     1.000000
x27x92x1                      2.000000
x183x156x1                    1.000000
x183x181x2                    1.000000
x30x227x1                     1.000000
x30x86x2                      1.000000
x43x129x2                     1.000000
x43x156x3                     1.000000
x46x61x2                      1.000000
x46x42x2                      1.000000
x81x58x1                      1.000000
x81x58x3                      1.000000
x58x20x1                      1.000000
x58x42x3                      1.000000
x221x104x3                    2.000000
x124x173x1                    1.000000
x124x227x3                    1.000000
x121x177x2                    2.000000
x237x20x1                     1.000000
x237x0x3                      1.000000
x129x0x1                      1.000000
x129x0x2                      1.000000
x90x232x3                     2.000000
x63x4x2                       1.000000
x63x33x2                      1.000000
x18x188x1                     1.000000
x18x173x1                     1.000000
x196x61x3                     1.000000
x196x228x3                    1.000000
x101x4x1                      1.000000
x101x188x1                    1.000000
x24x0x2                       1.000000
x24x0x3                       1.000000
x181x0x2                      1.000000
x181x165x2                    1.000000
x171x86x2                     1.000000
x171x33x3                     1.000000
x232x0x3                      2.000000
x92x138x1                     1.000000
x92x165x1                     1.000000
x86x0x2                       2.000000
x4x0x1                        1.000000
x4x0x2                        1.000000
x188x0x1                      2.000000
x173x0x1                      2.000000
x227x0x1                      1.000000
x227x0x3                      1.000000
x33x0x2                       1.000000
x33x0x3                       1.000000
x61x0x2                       1.000000
x61x0x3                       1.000000
x156x138x1                    1.000000
x156x228x3                    1.000000
x228x0x3                      2.000000
x42x0x2                       1.000000
x42x0x3                       1.000000
x104x41x3                     2.000000
x41x0x3                       2.000000
x177x0x2                      2.000000
x138x0x1                      2.000000
x20x0x1                       2.000000
x165x0x1                      1.000000
x165x0x2                      1.000000
s16                           5.936169
s81                           6.452583
s251                          7.470000
s58                           7.520000
s221                          6.903751
s124                          7.435203
s237                          8.024041
s115                          7.500000
s129                          8.157197
s90                           7.540000
s202                          7.550000
s18                           7.570000
s196                          7.839723
s101                          7.588421
z16z101z1                     1.000000
s24                           8.175751
s7                            8.610000
z16z7z3                       1.000000
s238                          7.610000
z16z238z1                     1.000000
s151                          7.620000
z16z151z3                     1.000000
s146                          7.650000
s116                          7.660000
s38                           8.670000
z16z38z3                      1.000000
s171                          7.728198
z16z171z3                     1.000000
s232                          8.687572
z16z232z3                     1.000000
s92                           8.083000
z16z92z1                      1.000000
s141                          7.770000
z16z141z3                     1.000000
s152                          7.800000
s4                            8.714912
s188                          8.880000
z16z188z1                     1.000000
s173                          8.651103
z16z173z1                     1.000000
s227                          8.587519
s33                           8.990000
s61                           9.000000
s156                          8.043333
s228                          9.050000
z16z228z3                     1.000000
s42                           9.140000
s104                          8.271144
z16z104z3                     1.000000
s1                            8.372651
z16z1z1                       1.000000
s41                           9.290000
z16z41z3                      1.000000
s138                          9.350000
z16z138z1                     1.000000
s20                           9.430000
z16z20z1                      1.000000
s165                          9.440000
s145                          5.430000
s130                          6.533605
s147                          6.662245
s32                           6.730666
s27                           6.547006
s183                          6.504610
s30                           6.730074
z145z124z1                    1.000000
z145z18z1                     1.000000
z145z101z1                    1.000000
z145z238z1                    1.000000
z145z92z1                     1.000000
z145z188z1                    1.000000
z145z173z1                    1.000000
z145z1z1                      1.000000
z145z138z1                    1.000000
z145z20z1                     1.000000
s155                          5.971902
s46                           7.038197
z155z46z2                     1.000000
s121                          8.007013
s63                           7.560000
s181                          8.067979
z155z181z2                    1.000000
z155z171z2                    1.000000
s86                           8.800000
z155z86z2                     1.000000
s177                          9.330000
z155z177z2                    1.000000
s246                          6.009734
z246z196z3                    1.000000
z246z228z3                    1.000000
z246z104z3                    1.000000
z246z41z3                     1.000000
s51                           4.167650
s126                          6.560296
z51z30z2                      1.000000
s43                           6.532082
z51z46z2                      1.000000
z51z121z2                     1.000000
z51z63z2                      1.000000
z51z181z2                     1.000000
z51z86z2                      1.000000
z51z177z2                     1.000000
s216                          4.619990
z216z183z2                    1.000000
z216z121z2                    1.000000
z216z63z2                     1.000000
z216z181z2                    1.000000
z216z86z2                     1.000000
z216z177z2                    1.000000
s10                           4.921460
z10z130z2                     1.000000
z10z126z2                     1.000000
z10z43z2                      1.000000
z10z121z2                     1.000000
z10z63z2                      1.000000
z10z181z2                     1.000000
z10z86z2                      1.000000
z10z177z2                     1.000000
s199                          4.970330
s102                          6.557327
z199z102z3                    1.000000
s133                          6.088385
z199z221z3                    1.000000
z199z90z3                     1.000000
z199z196z3                    1.000000
z199z7z3                      1.000000
z199z151z3                    1.000000
z199z38z3                     1.000000
z199z232z3                    1.000000
z199z141z3                    1.000000
z199z228z3                    1.000000
z199z104z3                    1.000000
z199z41z3                     1.000000
s179                          5.029890
z179z251z3                    1.000000
z179z221z3                    1.000000
z179z90z3                     1.000000
z179z196z3                    1.000000
z179z7z3                      1.000000
z179z151z3                    1.000000
z179z38z3                     1.000000
z179z232z3                    1.000000
z179z141z3                    1.000000
z179z228z3                    1.000000
z179z104z3                    1.000000
z179z41z3                     1.000000
s15                           5.098650
z15z27z1                      1.000000
z15z18z1                      1.000000
z15z101z1                     1.000000
z15z238z1                     1.000000
z15z92z1                      1.000000
z15z188z1                     1.000000
z15z173z1                     1.000000
z15z1z1                       1.000000
z15z138z1                     1.000000
z15z20z1                      1.000000
s230                          5.026780
z230z130z1                    1.000000
z230z81z1                     1.000000
z230z18z1                     1.000000
z230z101z1                    1.000000
z230z238z1                    1.000000
z230z92z1                     1.000000
z230z188z1                    1.000000
z230z173z1                    1.000000
z230z1z1                      1.000000
z230z138z1                    1.000000
z230z20z1                     1.000000
s128                          5.150700
z128z81z3                     1.000000
z128z221z3                    1.000000
z128z121z2                    1.000000
z128z90z3                     1.000000
z128z63z2                     1.000000
z128z196z3                    1.000000
z128z7z3                      1.000000
z128z151z3                    1.000000
z128z181z2                    1.000000
z128z38z3                     1.000000
z128z232z3                    1.000000
z128z141z3                    1.000000
z128z86z2                     1.000000
z128z228z3                    1.000000
z128z104z3                    1.000000
z128z41z3                     1.000000
z128z177z2                    1.000000
s209                          5.016940
z209z183z1                    1.000000
z209z43z3                     1.000000
z209z251z3                    1.000000
z209z221z3                    1.000000
z209z90z3                     1.000000
z209z18z1                     1.000000
z209z196z3                    1.000000
z209z101z1                    1.000000
z209z7z3                      1.000000
z209z238z1                    1.000000
z209z151z3                    1.000000
z209z38z3                     1.000000
z209z232z3                    1.000000
z209z92z1                     1.000000
z209z141z3                    1.000000
z209z188z1                    1.000000
z209z173z1                    1.000000
z209z228z3                    1.000000
z209z104z3                    1.000000
z209z1z1                      1.000000
z209z41z3                     1.000000
z209z138z1                    1.000000
z209z20z1                     1.000000
s67                           5.073020
z67z126z2                     1.000000
z67z30z1                      1.000000
z67z121z2                     1.000000
z67z63z2                      1.000000
z67z18z1                      1.000000
z67z101z1                     1.000000
z67z238z1                     1.000000
z67z181z2                     1.000000
z67z92z1                      1.000000
z67z86z2                      1.000000
z67z188z1                     1.000000
z67z173z1                     1.000000
z67z1z1                       1.000000
z67z177z2                     1.000000
z67z138z1                     1.000000
z67z20z1                      1.000000
s127                          5.199290
z127z18z1                     1.000000
z127z101z1                    1.000000
z127z238z1                    1.000000
z127z92z1                     1.000000
z127z188z1                    1.000000
z127z173z1                    1.000000
z127z1z1                      1.000000
z127z138z1                    1.000000
z127z20z1                     1.000000
s226                          5.124690
z226z126z2                    1.000000
z226z46z2                     1.000000
z226z121z2                    1.000000
z226z63z2                     1.000000
z226z181z2                    1.000000
z226z86z2                     1.000000
z226z177z2                    1.000000
s105                          5.270050
z105z147z1                    1.000000
z105z147z2                    1.000000
z105z121z2                    1.000000
z105z63z2                     1.000000
z105z18z1                     1.000000
z105z101z1                    1.000000
z105z238z1                    1.000000
z105z181z2                    1.000000
z105z92z1                     1.000000
z105z86z2                     1.000000
z105z188z1                    1.000000
z105z173z1                    1.000000
z105z1z1                      1.000000
z105z177z2                    1.000000
z105z138z1                    1.000000
z105z20z1                     1.000000
s175                          5.672470
z175z124z3                    1.000000
z175z90z3                     1.000000
z175z63z2                     1.000000
z175z196z3                    1.000000
z175z7z3                      1.000000
z175z151z3                    1.000000
z175z181z2                    1.000000
z175z38z3                     1.000000
z175z232z3                    1.000000
z175z141z3                    1.000000
z175z86z2                     1.000000
z175z228z3                    1.000000
z175z104z3                    1.000000
z175z41z3                     1.000000
z175z177z2                    1.000000
s176                          5.576190
z176z90z3                     1.000000
z176z196z3                    1.000000
z176z7z3                      1.000000
z176z151z3                    1.000000
z176z38z3                     1.000000
z176z232z3                    1.000000
z176z141z3                    1.000000
z176z228z3                    1.000000
z176z104z3                    1.000000
z176z41z3                     1.000000
z130z237z1                    1.000000
z130z181z2                    1.000000
z130z138z1                    1.000000
z130z20z1                     1.000000
z147z129z1                    1.000000
z147z24z2                     1.000000
z147z177z2                    1.000000
z147z138z1                    1.000000
z147z20z1                     1.000000
z32z138z1                     1.000000
z32z20z1                      1.000000
z126z121z2                    1.000000
z126z177z2                    1.000000
z102z237z3                    1.000000
z102z24z3                     1.000000
z102z228z3                    1.000000
z102z41z3                     1.000000
z27z92z1                      1.000000
z27z188z1                     1.000000
z27z1z1                       1.000000
z27z138z1                     1.000000
z27z20z1                      1.000000
z183z181z2                    1.000000
z183z156z1                    1.000000
z183z138z1                    1.000000
z183z20z1                     1.000000
z30z86z2                      1.000000
z30z227z1                     1.000000
z30z138z1                     1.000000
z30z20z1                      1.000000
z133z90z3                     1.000000
z133z228z3                    1.000000
z133z104z3                    1.000000
z133z41z3                     1.000000
z43z129z2                     1.000000
z43z156z3                     1.000000
z43z228z3                     1.000000
z43z41z3                      1.000000
z46z61z2                      1.000000
z46z42z2                      1.000000
z81z58z1                      1.000000
z81z58z3                      1.000000
z81z41z3                      1.000000
z81z138z1                     1.000000
z81z20z1                      1.000000
z251z41z3                     1.000000
z58z42z3                      1.000000
z58z41z3                      1.000000
z58z138z1                     1.000000
z58z20z1                      1.000000
z221z228z3                    1.000000
z221z104z3                    1.000000
z221z41z3                     1.000000
z124z173z1                    1.000000
z124z227z3                    1.000000
z121z177z2                    1.000000
z237z20z1                     1.000000
z90z232z3                     1.000000
z63z86z2                      1.000000
z63z4z2                       1.000000
z63z33z2                      1.000000
z18z188z1                     1.000000
z18z173z1                     1.000000
z18z138z1                     1.000000
z18z20z1                      1.000000
z196z61z3                     1.000000
z196z228z3                    1.000000
z101z4z1                      1.000000
z101z188z1                    1.000000
z181z165z2                    1.000000
z171z86z2                     1.000000
z171z33z3                     1.000000
z92z138z1                     1.000000
z92z165z1                     1.000000
z156z228z3                    1.000000
z156z138z1                    1.000000
z104z41z3                     1.000000
All other variables in the range 1-3347 are 0.
