
Log started (V12.10.0.0) Fri Apr 23 07:32:59 2021


Problem 'asset.lp' read.
Read time = 0.02 sec. (0.59 ticks)
New value for default parallel thread count: 1
New value for time limit in seconds: 150
Version identifier: 12.10.0.0 | 2019-11-26 | 843d4de
CPXPARAM_Threads                                 1
CPXPARAM_TimeLimit                               150
Found incumbent of value -0.638974 after 0.01 sec. (0.25 ticks)
Tried aggregator 8 times.
MIP Presolve eliminated 2273 rows and 83 columns.
MIP Presolve modified 4686 coefficients.
Aggregator did 1759 substitutions.
Reduced MIP has 2058 rows, 2248 columns, and 10967 nonzeros.
Reduced MIP has 1981 binaries, 197 generals, 0 SOSs, and 0 indicators.
Presolve time = 0.03 sec. (39.06 ticks)
Probing fixed 23 vars, tightened 8 bounds.
Probing time = 0.02 sec. (13.78 ticks)
Tried aggregator 2 times.
Detecting symmetries...
MIP Presolve eliminated 173 rows and 60 columns.
MIP Presolve modified 695 coefficients.
Aggregator did 6 substitutions.
Reduced MIP has 1879 rows, 2182 columns, and 10053 nonzeros.
Reduced MIP has 1933 binaries, 186 generals, 0 SOSs, and 0 indicators.
Presolve time = 0.02 sec. (16.69 ticks)
Probing time = 0.00 sec. (2.89 ticks)
Clique table members: 6295.
MIP emphasis: balance optimality and feasibility.
MIP search method: dynamic search.
Parallel mode: none, using 1 thread.
Root relaxation solution time = 0.03 sec. (25.32 ticks)

        Nodes                                         Cuts/
   Node  Left     Objective  IInf  Best Integer    Best Bound    ItCnt     Gap

*     0+    0                           -0.6390     1654.9693              --- 
      0     0     1654.9587   359       -0.6390     1654.9587     1031     --- 
      0     0     1654.9485   359       -0.6390     Cuts: 569     2018     --- 
      0     0     1654.9279   359       -0.6390     Cuts: 569     3109     --- 
*     0+    0                          533.8664     1654.9279           209.99%
      0     0        cutoff            533.8664     1654.9279     3109  209.99%
Detecting symmetries...
      0     2     1654.9279   494      533.8664     1654.9276     3109  209.99%
Elapsed time = 0.69 sec. (913.07 ticks, tree = 0.01 MB, solutions = 1)
     10    12     1653.9152   428      533.8664     1654.9276     4927  209.99%
     31    33     1615.8301   403      533.8664     1654.9276     7865  209.99%
     50    52     1542.0391   320      533.8664     1654.9276    10246  209.99%
     79    81     1505.2292   240      533.8664     1654.9276    13004  209.99%
    117   117     1455.8534   235      533.8664     1654.9276    15402  209.99%
    193   173     1174.7179    85      533.8664     1654.9276    17370  209.99%
    244   210     1654.9104   495      533.8664     1654.9256    18615  209.99%
    271   237     1652.9225   346      533.8664     1654.9256    20576  209.99%
    295   261     1651.1454   332      533.8664     1654.9256    23122  209.99%
    350   316     1564.5815   270      533.8664     1654.9256    30006  209.99%
Elapsed time = 3.11 sec. (4175.60 ticks, tree = 5.21 MB, solutions = 1)
    500   443     1654.9076   551      533.8664     1654.9203    39050  209.99%
*   525+  466                          677.5890     1654.9203           144.24%
*   526+  435                         1147.2919     1654.9203            44.25%
*   526+  435                         1147.8324     1654.9203            44.18%
*   526+  434                         1165.0198     1654.9203            42.05%
    526   436     1654.9017   560     1165.0198     1654.9203    40292   42.05%
*   527+  435                         1165.0210     1654.9203            42.05%
    626   536     1654.8955   523     1165.0210     1654.9200    43050   42.05%

Performing restart 1

Repeating presolve.
Tried aggregator 2 times.
MIP Presolve modified 2440 coefficients.
Aggregator did 8 substitutions.
Reduced MIP has 1871 rows, 2174 columns, and 8485 nonzeros.
Reduced MIP has 1925 binaries, 186 generals, 0 SOSs, and 0 indicators.
Presolve time = 0.01 sec. (9.50 ticks)
Tried aggregator 1 time.
Reduced MIP has 1871 rows, 2174 columns, and 8485 nonzeros.
Reduced MIP has 1925 binaries, 186 generals, 0 SOSs, and 0 indicators.
Presolve time = 0.01 sec. (5.91 ticks)
Represolve time = 0.04 sec. (36.43 ticks)
    637     0     1654.8209   488     1165.0210     Cuts: 355    47258   42.04%
    637     0     1654.8032   488     1165.0210     Cuts: 283    48421   42.04%
    637     0     1654.7656   488     1165.0210     Cuts: 313    50900   42.04%
    637     0     1650.3727   488     1165.0210     Cuts: 390    54039   41.66%
    637     0     1638.0454   488     1165.0210     Cuts: 404    55884   40.60%
    637     0     1631.3929   488     1165.0210     Cuts: 312    57445   40.03%
*   637+    0                         1165.0216     1631.3929            40.03%
    637     0     1626.7222   488     1165.0216     Cuts: 319    58628   39.63%
    637     0     1621.2144   488     1165.0216     Cuts: 246    59923   39.16%
    637     0     1618.4349   488     1165.0216     Cuts: 208    61247   38.92%
*   637+    0                         1165.0221     1618.4349            38.92%
    637     0        cutoff           1165.0221     1618.4349    61247   38.92%
    637     0     1616.0639   488     1165.0221     Cuts: 219    62789   38.72%
    637     0     1613.3536   488     1165.0221     Cuts: 306    64301   38.48%
    637     0     1611.4678   488     1165.0221     Cuts: 230    65962   38.32%
*   637+    0                         1199.6037     1611.4678            34.33%
*   637+    0                         1210.6340     1611.4678            33.11%
    637     0        cutoff           1210.6340     1611.4678    65962   33.11%
    637     0     1609.0467   488     1210.6340     Cuts: 180    66926   32.91%
    637     0     1607.9244   488     1210.6340     Cuts: 221    68107   32.82%
    637     0     1606.6967   488     1210.6340     Cuts: 225    69058   32.72%
    637     0     1605.7172   488     1210.6340     Cuts: 247    70053   32.63%
    637     0     1604.4242   488     1210.6340     Cuts: 197    71109   32.53%
    637     0     1601.6979   488     1210.6340     Cuts: 198    72498   32.30%
*   637+    0                         1211.9239     1601.6979            32.16%
    637     0     1599.9207   488     1211.9239     Cuts: 188    73653   32.01%
    637     0     1597.9967   488     1211.9239     Cuts: 190    74709   31.86%
    637     0     1597.5308   488     1211.9239     Cuts: 185    75259   31.82%
*   637+    0                         1211.9240     1597.5308            31.82%
    637     0     1597.0116   488     1211.9240     Cuts: 170    75994   31.77%
    637     0     1596.6441   488     1211.9240     Cuts: 135    76635   31.74%
    637     0     1596.2123   488     1211.9240     Cuts: 162    77316   31.71%
    637     0     1595.9130   488     1211.9240     Cuts: 168    78121   31.68%
    637     0     1595.0937   488     1211.9240     Cuts: 164    79326   31.62%
    637     0     1594.5514   488     1211.9240     Cuts: 227    80351   31.57%
    637     0     1593.8337   488     1211.9240     Cuts: 148    81112   31.51%
    637     0     1593.3590   488     1211.9240     Cuts: 177    82021   31.47%
    637     0     1592.8841   488     1211.9240     Cuts: 185    82922   31.43%
    637     0     1592.5069   488     1211.9240     Cuts: 110    83806   31.40%
    637     0     1591.9092   488     1211.9240     Cuts: 168    84562   31.35%
    637     0     1591.2353   488     1211.9240     Cuts: 176    85337   31.30%
    637     0     1590.9244   488     1211.9240     Cuts: 182    86056   31.27%
    637     0     1590.6053   488     1211.9240     Cuts: 151    86682   31.25%
    637     0     1590.3290   488     1211.9240     Cuts: 145    87594   31.22%
    637     0     1589.8728   488     1211.9240     Cuts: 147    88395   31.19%
    637     0     1589.6416   488     1211.9240     Cuts: 170    89047   31.17%
    637     2     1589.6416   502     1211.9240     1589.5904    89047   31.16%
    640     5     1588.5733   448     1211.9240     1589.2774    90869   31.14%
    642     7     1588.4286   458     1211.9240     1588.5724    93293   31.08%
    644     9     1576.8156   422     1211.9240     1588.5724    97639   31.08%
    646    11     1586.8442   453     1211.9240     1588.5724   100283   31.08%
    647    12     1586.7340   443     1211.9240     1588.5724   100845   31.08%
    650    15     1586.2594   429     1211.9240     1588.5724   104336   31.08%
Elapsed time = 30.01 sec. (38537.24 ticks, tree = 0.06 MB, solutions = 12)
    654    19     1585.5423   415     1211.9240     1588.5724   108318   31.08%
    658    23     1584.0161   400     1211.9240     1588.5724   112583   31.08%
    661    26     1568.3148   394     1211.9240     1588.5724   119262   31.08%
    666    31     1575.6144   400     1211.9240     1588.5724   124021   31.08%
    672    37     1555.4308   356     1211.9240     1588.5724   128811   31.08%
    677    42     1567.8975   398     1211.9240     1588.5724   133440   31.08%
    683    48     1525.7352   346     1211.9240     1588.5724   140961   31.08%
    687    52     1564.8634   377     1211.9240     1588.5724   146853   31.08%
    695    60     1562.7617   376     1211.9240     1588.5724   151053   31.08%
    699    64     1561.9631   372     1211.9240     1588.5724   152930   31.08%
Elapsed time = 37.74 sec. (50182.60 ticks, tree = 0.33 MB, solutions = 12)
    708    73     1546.8289   362     1211.9240     1588.5724   156376   31.08%
    716    81     1552.1536   330     1211.9240     1588.5724   160659   31.08%
    719    84     1527.9616   320     1211.9240     1588.5724   163872   31.08%
    724    89     1523.6419   308     1211.9240     1588.5724   168040   31.08%
    733    98     1517.2724   325     1211.9240     1588.5724   171484   31.08%
    739   104     1511.6128   330     1211.9240     1588.5724   176888   31.08%
    747   112     1509.9051   320     1211.9240     1588.5724   180554   31.08%
    757   120     1473.5282   274     1211.9240     1588.5724   184182   31.08%
    767   130     1485.5118   288     1211.9240     1588.5724   188701   31.08%
    777   140     1464.4010   278     1211.9240     1588.5724   192582   31.08%
Elapsed time = 45.06 sec. (61253.08 ticks, tree = 1.75 MB, solutions = 12)
    797   160     1435.2552   251     1211.9240     1588.5724   198008   31.08%
    816   171     1587.1237   445     1211.9240     1588.0608   201299   31.04%
    824   179     1584.4426   414     1211.9240     1588.0608   205004   31.04%
    833   188     1576.9547   407     1211.9240     1588.0608   209819   31.04%
    837   191     1562.1371   373     1211.9240     1588.0608   212200   31.04%
    846   200     1547.3700   383     1211.9240     1588.0608   217058   31.04%
    855   209     1541.5499   353     1211.9240     1588.0608   222154   31.04%
    860   214     1523.1113   333     1211.9240     1588.0608   224947   31.04%
    873   227     1515.0879   318     1211.9240     1588.0608   230337   31.04%
    885   239     1525.0722   310     1211.9240     1588.0608   235039   31.04%
Elapsed time = 52.19 sec. (71512.51 ticks, tree = 3.74 MB, solutions = 12)
    897   251     1521.4788   310     1211.9240     1588.0608   238475   31.04%
    909   263     1507.7607   286     1211.9240     1588.0608   244700   31.04%
    929   281     1510.2151   295     1211.9240     1588.0608   249622   31.04%
    955   307     1488.9236   272     1211.9240     1588.0608   256016   31.04%
    966   318     1493.5799   274     1211.9240     1588.0608   262413   31.04%
    977   327     1467.1509   265     1211.9240     1588.0608   268734   31.04%
    984   330     1580.2178   472     1211.9240     1587.8928   273105   31.02%
    991   337     1557.0250   410     1211.9240     1587.8928   277174   31.02%
   1003   349     1523.8012   359     1211.9240     1587.8928   280431   31.02%
   1021   365     1486.3496   323     1211.9240     1587.8928   285496   31.02%
Elapsed time = 59.67 sec. (82182.23 ticks, tree = 5.62 MB, solutions = 12)
   1040   384     1571.3845   451     1211.9240     1587.6176   291177   31.00%
   1050   394     1513.2579   342     1211.9240     1587.6176   295992   31.00%
   1057   401     1503.0071   359     1211.9240     1587.6176   300675   31.00%
   1073   417     1487.1074   334     1211.9240     1587.6176   305450   31.00%
   1089   433     1461.8267   286     1211.9240     1587.6176   309288   31.00%
   1103   441     1585.6017   468     1211.9240     1587.2241   312962   30.97%
   1110   448     1531.4048   399     1211.9240     1587.2241   318531   30.97%
   1117   455     1529.0967   381     1211.9240     1587.2241   320360   30.97%
   1128   466     1521.7432   362     1211.9240     1587.2241   325241   30.97%
   1141   479     1507.5038   326     1211.9240     1587.2241   329490   30.97%
Elapsed time = 67.57 sec. (93259.95 ticks, tree = 5.77 MB, solutions = 12)
   1159   497     1485.4607   286     1211.9240     1587.2241   334201   30.97%
   1188   517     1579.9230   486     1211.9240     1587.1500   342649   30.96%
   1194   523     1575.4601   426     1211.9240     1587.1500   346590   30.96%
   1199   528     1535.4213   414     1211.9240     1587.1500   351637   30.96%
   1205   534     1531.5388   428     1211.9240     1587.1500   356379   30.96%
   1213   542     1538.2485   390     1211.9240     1587.1500   361666   30.96%
   1223   552     1544.6732   405     1211.9240     1587.1500   366966   30.96%
   1230   559     1532.6275   354     1211.9240     1587.1500   372250   30.96%
   1235   564     1532.1643   375     1211.9240     1587.1500   376994   30.96%
   1240   569     1520.3461   332     1211.9240     1587.1500   381556   30.96%
Elapsed time = 75.66 sec. (104648.86 ticks, tree = 6.84 MB, solutions = 12)
   1249   578     1514.6664   336     1211.9240     1587.1500   387041   30.96%
   1263   592     1512.2899   311     1211.9240     1587.1500   392606   30.96%
   1289   618     1509.8592   286     1211.9240     1587.1500   398231   30.96%
   1314   636        cutoff           1211.9240     1587.1500   404563   30.96%
   1327   643     1412.4253   264     1211.9240     1587.1500   411233   30.96%
   1338   646     1567.7977   456     1211.9240     1587.1237   417272   30.96%
   1346   654     1560.7453   383     1211.9240     1587.1237   420959   30.96%
   1357   665     1525.0657   371     1211.9240     1587.1237   426036   30.96%
   1381   689     1507.6095   354     1211.9240     1587.1237   431062   30.96%
   1394   702     1455.5361   301     1211.9240     1587.1237   436036   30.96%
Elapsed time = 83.42 sec. (115691.19 ticks, tree = 8.48 MB, solutions = 12)
   1415   717     1358.6273   253     1211.9240     1587.1237   440679   30.96%
   1439   734     1574.3128   498     1211.9240     1586.9607   449286   30.95%
   1443   738     1559.4210   493     1211.9240     1586.9607   452509   30.95%
   1448   743     1530.7932   426     1211.9240     1586.9607   456618   30.95%
   1464   759     1512.2184   365     1211.9240     1586.9607   461163   30.95%
   1484   777    infeasible           1211.9240     1586.9607   467294   30.95%
   1488   779     1464.2690   326     1211.9240     1586.9607   472735   30.95%
   1503   792     1412.9889   288     1211.9240     1586.9607   477507   30.95%
   1517   800     1573.9365   467     1211.9240     1586.9605   483458   30.95%
   1560   843     1477.8350   326     1211.9240     1586.9605   498934   30.95%
Elapsed time = 95.02 sec. (131863.53 ticks, tree = 9.73 MB, solutions = 12)
   1601   872     1488.9194   353     1211.9240     1586.9588   514819   30.95%
   1643   904     1529.5691   403     1211.9240     1586.7335   531256   30.93%
   1689   950     1463.2979   305     1211.9240     1586.7335   552746   30.93%
   1735   990    infeasible           1211.9240     1586.7335   574593   30.93%
   1776  1027     1405.9782   303     1211.9240     1586.2186   593229   30.88%
   1806  1050     1494.7535   371     1211.9240     1585.7104   612137   30.84%
   1886  1126     1556.6343   470     1211.9240     1585.6970   627160   30.84%
   1946  1185     1435.9340   243     1211.9240     1585.6970   647862   30.84%
   1991  1220     1380.9214   284     1211.9240     1585.6014   664830   30.83%
   2107  1321     1542.6168   465     1211.9240     1585.5373   679196   30.83%
Elapsed time = 122.77 sec. (170643.27 ticks, tree = 17.45 MB, solutions = 12)
   2133  1347     1455.7211   335     1211.9240     1585.5373   696690   30.83%
   2189  1399     1572.7103   463     1211.9240     1585.5276   715879   30.83%
   2234  1444     1457.2515   293     1211.9240     1585.5276   733519   30.83%
   2268  1470     1568.5451   471     1211.9240     1584.5462   747075   30.75%
   2324  1526     1452.8782   331     1211.9240     1584.5462   764978   30.75%
Starting limited solution polishing.
   2370  1566     1536.7571   403     1211.9240     1584.4426   781129   30.74%
*  2437+ 1628                         1241.7440     1584.4426            27.60%
*  2437+ 1628                         1241.7449     1584.4426            27.60%
*  2437+ 1628                         1241.7455     1584.4426            27.60%
*  2437+ 1628                         1241.7458     1584.4426            27.60%
*  2437+ 1618                         1259.8245     1584.4426            25.77%
*  2437+ 1618                         1259.9432     1584.4426            25.76%
*  2437+ 1618                         1259.9441     1584.4426            25.75%
*  2437+ 1618                         1259.9445     1584.4426            25.75%
   2437  1620     1398.8352   271     1259.9445     1584.4426   801106   25.75%
   2522  1701     1535.3391   439     1259.9445     1584.4308   817501   25.75%
*  2537+ 1714                         1259.9447     1584.4308            25.75%
   2569  1748     1439.6505   272     1259.9447     1584.4308   839331   25.75%

GUB cover cuts applied:  178
Clique cuts applied:  195
Cover cuts applied:  18
Implied bound cuts applied:  108
Flow cuts applied:  29
Mixed integer rounding cuts applied:  259
Zero-half cuts applied:  184
Lift and project cuts applied:  7
Gomory fractional cuts applied:  6

Root node processing (before b&c):
  Real time             =    0.69 sec. (913.79 ticks)
Sequential b&c:
  Real time             =  149.31 sec. (207066.20 ticks)
                          ------------
Total (root+branch&cut) =  150.00 sec. (207979.99 ticks)

Solution pool: 22 solutions saved.

MIP - Time limit exceeded, integer feasible:  Objective =  1.2599447312e+03
Current MIP best bound =  1.5844308169e+03 (gap = 324.486, 25.75%)
Solution time =  150.00 sec.  Iterations = 844706  Nodes = 2585 (1759)
Deterministic time = 207980.00 ticks  (1386.52 ticks/sec)


Incumbent solution
Variable Name           Solution Value
F                          1360.000000
f1                            0.745269
f2                           99.310000
y44                           1.000000
y237                          1.000000
y275                          1.000000
y157                          1.000000
y24                           1.000000
y100                          1.000000
y67                           1.000000
y7                            1.000000
y11                           1.000000
y161                          1.000000
y252                          1.000000
y16                           1.000000
y128                          1.000000
y179                          1.000000
y188                          1.000000
y187                          1.000000
y39                           1.000000
y142                          1.000000
y94                           1.000000
y274                          1.000000
y234                          1.000000
y87                           1.000000
y219                          1.000000
y30                           1.000000
y96                           1.000000
y192                          1.000000
y6                            1.000000
y163                          1.000000
y241                          1.000000
y218                          1.000000
y217                          1.000000
y13                           1.000000
y95                           1.000000
y238                          1.000000
y244                          1.000000
y131                          1.000000
y174                          1.000000
y71                           1.000000
y45                           1.000000
y89                           1.000000
y151                          1.000000
y17                           1.000000
y92                           1.000000
y229                          1.000000
y98                           1.000000
y117                          1.000000
y140                          1.000000
y57                           1.000000
y103                          1.000000
s44                           1.010698
s261                          0.050000
s262                          0.190000
s237                          0.897528
s275                          0.890667
s157                          0.992863
s206                          0.630000
s24                           0.812021
s100                          0.810000
s67                           0.997173
s7                            0.910000
s11                           1.000000
s161                          1.020000
s252                          1.030000
s16                           1.110000
s128                          1.120000
s179                          1.974654
s28                           1.150000
s188                          1.170000
s187                          1.190000
s39                           1.210000
s258                          1.250000
s142                          2.004751
s110                          1.480000
s94                           1.510000
s146                          1.580000
s49                           1.660000
s186                          1.660000
s113                          1.670000
s78                           1.680000
s274                          1.680000
s195                          1.700000
s234                          2.303920
s38                           1.760000
s87                           2.193909
s219                          2.180763
s30                           2.214683
s96                           2.402921
s83                           1.890000
s200                          1.900000
s192                          2.508308
s6                            2.428833
s163                          2.393000
s241                          2.332754
s203                          2.090000
s120                          2.150000
s183                          2.170000
s99                           2.190000
s137                          2.230000
s218                          2.730101
s217                          2.334797
s13                           3.269707
s95                           3.237989
s160                          2.330000
s175                          2.340000
s238                          3.237713
s152                          2.380000
s244                          3.354186
s131                          2.816789
s174                          2.517824
s71                           3.434582
s45                           3.467629
s89                           2.548099
s180                          2.520000
s251                          2.550000
s127                          2.570000
s151                          2.590000
s17                           3.614892
s92                           3.639335
s229                          3.685423
s98                           3.650000
s117                          3.614037
s140                          3.656605
s57                           3.742804
s103                          3.633000
x0x237x1                      2.000000
x0x157x1                      1.000000
x0x24x1                       1.000000
x0x100x1                      1.000000
x0x67x1                       1.000000
x0x161x1                      2.000000
x0x16x1                       1.000000
x0x128x1                      1.000000
x0x188x1                      2.000000
x0x44x2                       1.000000
x0x275x2                      2.000000
x0x157x2                      1.000000
x0x100x2                      1.000000
x0x7x2                        2.000000
x0x11x2                       2.000000
x0x252x2                      2.000000
x0x39x2                       1.000000
x0x44x3                       1.000000
x0x24x3                       1.000000
x0x67x3                       1.000000
x0x16x3                       1.000000
x0x128x3                      1.000000
x0x187x3                      2.000000
x0x39x3                       1.000000
x0x94x3                       2.000000
x0x274x3                      2.000000
x44x89x2                      1.000000
x44x151x3                     1.000000
x237x219x1                    2.000000
x275x87x2                     2.000000
x157x192x1                    1.000000
x157x151x2                    1.000000
x24x30x1                      1.000000
x24x217x3                     1.000000
x100x179x1                    1.000000
x100x179x2                    1.000000
x67x218x1                     1.000000
x67x174x3                     1.000000
x7x142x2                      2.000000
x11x30x2                      1.000000
x11x217x2                     1.000000
x161x192x1                    1.000000
x161x163x1                    1.000000
x252x96x2                     1.000000
x252x6x2                      1.000000
x16x89x1                      1.000000
x16x163x3                     1.000000
x128x6x1                      1.000000
x128x96x3                     1.000000
x179x238x1                    1.000000
x179x174x2                   -0.000000
x179x45x2                     0.000000
x179x140x2                    1.000000
x188x241x1                    2.000000
x187x234x3                    2.000000
x39x174x2                     1.000000
x39x71x3                      1.000000
x142x95x2                     2.000000
x94x218x3                     1.000000
x94x238x3                     1.000000
x274x131x3                    2.000000
x234x0x3                      2.000000
x87x244x2                     2.000000
x219x13x1                     2.000000
x30x71x1                      1.000000
x30x103x2                     1.000000
x96x92x2                      1.000000
x96x140x3                     1.000000
x192x0x1                      2.000000
x6x57x1                       1.000000
x6x92x2                       1.000000
x163x229x1                    1.000000
x163x103x3                    1.000000
x241x98x1                     1.000000
x241x117x1                    1.000000
x120x174x2                    0.000000
x120x127x2                   -0.000000
x218x0x1                      1.000000
x218x0x3                      1.000000
x217x45x2                     1.000000
x217x127x2                    0.000000
x217x45x3                     1.000000
x13x0x1                       2.000000
x95x0x2                       2.000000
x238x0x1                      1.000000
x238x0x3                      1.000000
x244x0x2                      2.000000
x131x0x3                      2.000000
x174x0x2                      0.000000
x174x17x2                     1.000000
x174x17x3                     1.000000
x71x0x1                       1.000000
x71x0x3                       1.000000
x45x0x2                       1.000000
x45x17x2                      0.000000
x45x0x3                       1.000000
x89x57x1                      1.000000
x89x229x2                     1.000000
x151x117x2                    1.000000
x151x98x3                     1.000000
x17x0x2                       1.000000
x17x0x3                       1.000000
x92x0x2                       2.000000
x229x0x1                      1.000000
x229x0x2                      1.000000
x98x0x1                       1.000000
x98x0x3                       1.000000
x117x0x1                      1.000000
x117x0x2                      1.000000
x140x0x2                      1.000000
x140x0x3                      1.000000
x57x0x1                       2.000000
x103x0x2                      1.000000
x103x0x3                      1.000000
z0z44z2                       1.000000
z0z44z3                       1.000000
z0z237z1                      1.000000
z0z275z2                      1.000000
z0z157z1                      1.000000
z0z157z2                      1.000000
z0z24z1                       1.000000
z0z24z3                       1.000000
z0z100z1                      1.000000
z0z100z2                      1.000000
z0z67z1                       1.000000
z0z67z3                       1.000000
z0z7z2                        1.000000
z0z11z2                       1.000000
z0z161z1                      1.000000
z0z252z2                      1.000000
z0z16z1                       1.000000
z0z16z3                       1.000000
z0z128z1                      1.000000
z0z128z3                      1.000000
z0z188z1                      1.000000
z0z187z3                      1.000000
z0z39z2                       1.000000
z0z39z3                       1.000000
z0z258z1                      1.000000
z0z142z2                      1.000000
z0z110z3                      1.000000
z0z94z3                       1.000000
z0z146z1                      1.000000
z0z78z1                       1.000000
z0z274z3                      1.000000
z0z234z3                      1.000000
z0z87z2                       1.000000
z0z219z1                      1.000000
z0z192z1                      1.000000
z0z241z1                      1.000000
z0z120z2                      1.000000
z0z99z1                       1.000000
z0z13z1                       1.000000
z0z95z2                       1.000000
z0z152z2                      1.000000
z0z244z2                      1.000000
z0z131z3                      1.000000
z0z127z2                      1.000000
z0z92z2                       1.000000
z0z57z1                       1.000000
z44z89z2                      1.000000
z44z151z3                     1.000000
z261z57z1                     1.000000
z237z219z1                    1.000000
z237z13z1                     1.000000
z237z57z1                     1.000000
z275z87z2                     1.000000
z275z95z2                     1.000000
z275z152z2                    1.000000
z275z244z2                    1.000000
z275z127z2                    1.000000
z275z92z2                     1.000000
z157z192z1                    1.000000
z157z151z2                    1.000000
z206z152z2                    1.000000
z206z127z2                    1.000000
z24z30z1                      1.000000
z24z217z3                     1.000000
z100z179z1                    1.000000
z100z179z2                    1.000000
z67z218z1                     1.000000
z67z174z3                     1.000000
z7z142z2                      1.000000
z7z95z2                       1.000000
z7z152z2                      1.000000
z7z244z2                      1.000000
z7z127z2                      1.000000
z7z92z2                       1.000000
z11z30z2                      1.000000
z11z217z2                     1.000000
z161z192z1                    1.000000
z161z163z1                    1.000000
z161z57z1                     1.000000
z252z96z2                     1.000000
z252z6z2                      1.000000
z16z163z3                     1.000000
z16z89z1                      1.000000
z128z96z3                     1.000000
z128z6z1                      1.000000
z179z238z1                    1.000000
z179z174z2                   -0.000000
z179z45z2                     0.000000
z179z140z2                    1.000000
z188z241z1                    1.000000
z187z234z3                    1.000000
z39z174z2                     1.000000
z39z71z3                      1.000000
z142z95z2                     1.000000
z142z244z2                    1.000000
z94z218z3                     1.000000
z94z238z3                     1.000000
z274z131z3                    1.000000
z87z244z2                     1.000000
z219z13z1                     1.000000
z30z71z1                      1.000000
z30z103z2                     1.000000
z96z92z2                      1.000000
z96z140z3                     1.000000
z6z92z2                       1.000000
z6z57z1                       1.000000
z163z229z1                    1.000000
z163z103z3                    1.000000
z241z98z1                     1.000000
z241z117z1                    1.000000
z120z174z2                    0.000000
z217z45z2                     1.000000
z217z45z3                     1.000000
z217z127z2                    0.000000
z174z17z2                     1.000000
z174z17z3                     1.000000
z45z17z2                      0.000000
z89z229z2                     1.000000
z89z57z1                      1.000000
z151z98z3                     1.000000
z151z117z2                    1.000000
All other variables in the range 1-4092 are 0.
