
Log started (V12.10.0.0) Fri Apr  9 06:29:46 2021


Problem 'asset.lp' read.
Read time = 0.03 sec. (1.84 ticks)
New value for default parallel thread count: 1
New value for time limit in seconds: 150
Version identifier: 12.10.0.0 | 2019-11-26 | 843d4de
CPXPARAM_Threads                                 1
CPXPARAM_TimeLimit                               150
Found incumbent of value -0.768949 after 0.00 sec. (0.80 ticks)
Tried aggregator 9 times.
MIP Presolve eliminated 3402 rows and 913 columns.
MIP Presolve modified 13168 coefficients.
Aggregator did 6000 substitutions.
Reduced MIP has 6061 rows, 8389 columns, and 37779 nonzeros.
Reduced MIP has 7286 binaries, 962 generals, 0 SOSs, and 0 indicators.
Presolve time = 0.14 sec. (156.71 ticks)
Probing fixed 33 vars, tightened 5 bounds.
Probing time = 0.08 sec. (52.91 ticks)
Tried aggregator 2 times.
Detecting symmetries...
MIP Presolve eliminated 140 rows and 63 columns.
MIP Presolve modified 469 coefficients.
Aggregator did 3 substitutions.
Reduced MIP has 5918 rows, 8323 columns, and 36270 nonzeros.
Reduced MIP has 7229 binaries, 957 generals, 0 SOSs, and 0 indicators.
Presolve time = 0.05 sec. (53.37 ticks)
Probing time = 0.01 sec. (4.54 ticks)
Clique table members: 21443.
MIP emphasis: balance optimality and feasibility.
MIP search method: dynamic search.
Parallel mode: none, using 1 thread.
Root relaxation solution time = 0.20 sec. (235.70 ticks)

        Nodes                                         Cuts/
   Node  Left     Objective  IInf  Best Integer    Best Bound    ItCnt     Gap

*     0+    0                           -0.7689     3094.0727              --- 
      0     0     2588.1428   657       -0.7689     2588.1428     3213     --- 
      0     0     2331.5171   657       -0.7689    Cuts: 1579     5015     --- 
      0     0     2222.8551   657       -0.7689    Cuts: 1579     7156     --- 
      0     0     2181.7345   657       -0.7689    Cuts: 1579     8787     --- 
      0     0     2158.6780   657       -0.7689    Cuts: 1579     9871     --- 
      0     0     2144.1662   657       -0.7689    Cuts: 1579    12063     --- 
Detecting symmetries...
      0     0     2136.8211   657       -0.7689    Cuts: 1579    13390     --- 
      0     0     2132.1494   657       -0.7689    Cuts: 1484    13997     --- 
      0     0     2124.2127   657       -0.7689    Cuts: 1398    14806     --- 
      0     0     2122.1580   657       -0.7689    Cuts: 1242    15243     --- 
      0     0     2116.5031   657       -0.7689    Cuts: 1310    16084     --- 
      0     0     2115.1279   657       -0.7689    Cuts: 1031    16890     --- 
      0     0     2113.6803   657       -0.7689     Cuts: 907    17344     --- 
      0     0     2112.5052   657       -0.7689    Cuts: 1156    18252     --- 
      0     0     2111.1328   657       -0.7689     Cuts: 870    18666     --- 
      0     0     2109.0165   657       -0.7689     Cuts: 947    19188     --- 
      0     0     2106.2886   657       -0.7689    Cuts: 1007    19799     --- 
      0     0     2103.8198   657       -0.7689    Cuts: 1163    20489     --- 
      0     0     2102.9463   657       -0.7689    Cuts: 1481    21341     --- 
      0     0     2101.7893   657       -0.7689     Cuts: 941    22113     --- 
      0     0     2100.9246   657       -0.7689     Cuts: 546    22808     --- 
      0     0     2100.2947   657       -0.7689    Cuts: 1360    23493     --- 
      0     0     2099.7603   657       -0.7689     Cuts: 488    24106     --- 
      0     0     2099.1776   657       -0.7689    Cuts: 1022    24443     --- 
      0     0     2098.7431   657       -0.7689     Cuts: 668    25212     --- 
      0     0     2098.5755   657       -0.7689     Cuts: 853    25612     --- 
Detecting symmetries...
      0     2     2098.5755   708       -0.7689     2098.5754    25612     --- 
Elapsed time = 16.52 sec. (21227.32 ticks, tree = 0.01 MB, solutions = 0)
      2     4     2098.2889   668       -0.7689     2098.2835    26975     --- 
      4     6     2096.9496   645       -0.7689     2098.2830    28387     --- 
      5     7     2093.7841   631       -0.7689     2098.2830    30867     --- 
      6     8     2096.8428   627       -0.7689     2098.2830    31809     --- 
      7     9     2055.1827   604       -0.7689     2098.2830    33466     --- 
      8    10     2095.3908   622       -0.7689     2098.2830    34283     --- 
     10    12     2064.2337   607       -0.7689     2098.2830    36308     --- 
     11    13     2082.9070   615       -0.7689     2098.2830    39430     --- 
     12    14     2051.7835   594       -0.7689     2098.2830    40679     --- 
     16    18     2068.7780   587       -0.7689     2098.2830    43304     --- 
Elapsed time = 20.52 sec. (27321.85 ticks, tree = 0.17 MB, solutions = 0)
     20    22     2058.6061   593       -0.7689     2098.2830    46797     --- 
     27    29     1987.7252   550       -0.7689     2098.2830    50539     --- 
     30    32     1854.4315   509       -0.7689     2098.2830    56417     --- 
     37    39     1943.6760   503       -0.7689     2098.2830    59444     --- 
     42    44     1885.4900   487       -0.7689     2098.2830    60725     --- 
     54    56     1868.0507   425       -0.7689     2098.2830    65852     --- 
     72    74     1759.8074   388       -0.7689     2098.2830    71998     --- 
     83    85     1812.6621   398       -0.7689     2098.2830    77476     --- 
     97    99     1881.1147   404       -0.7689     2098.2830    82378     --- 
    105   107     1829.4918   393       -0.7689     2098.2830    85369     --- 
Elapsed time = 29.11 sec. (39314.27 ticks, tree = 0.91 MB, solutions = 0)
    124   126     1829.5540   374       -0.7689     2098.2830    91032     --- 
    140   142     1817.3169   401       -0.7689     2098.2830    96769     --- 
    159   161     1826.0128   360       -0.7689     2098.2830   102025     --- 
    182   184     1743.7992   344       -0.7689     2098.2830   107165     --- 
    216   216     1709.6406   281       -0.7689     2098.2830   113225     --- 
    251   243     1598.7206   273       -0.7689     2098.2830   117938     --- 
    276   252     2091.0121   661       -0.7689     2096.5932   121322     --- 
    284   260     2084.7037   632       -0.7689     2096.5932   125481     --- 
    289   265     2013.7986   568       -0.7689     2096.5932   129641     --- 
    297   273     2071.5895   616       -0.7689     2096.5932   134218     --- 
Elapsed time = 36.74 sec. (50146.46 ticks, tree = 1.60 MB, solutions = 0)
    302   278     2050.8241   625       -0.7689     2096.5932   137753     --- 
    310   286     2043.2848   591       -0.7689     2096.5932   141963     --- 
    316   292     2030.8361   584       -0.7689     2096.5932   145980     --- 
    328   302     1977.3254   558       -0.7689     2096.5932   148539     --- 
    339   313     1992.8120   506       -0.7689     2096.5932   152918     --- 
    347   321     1993.7794   531       -0.7689     2096.5932   156428     --- 
    354   328     1888.6959   452       -0.7689     2096.5932   161310     --- 
    361   335     1893.8357   436       -0.7689     2096.5932   164134     --- 
    367   341     1942.5058   448       -0.7689     2096.5932   168683     --- 
    386   354     1907.6823   430       -0.7689     2096.5932   172028     --- 
Elapsed time = 44.35 sec. (60620.58 ticks, tree = 2.30 MB, solutions = 0)
    401   369     1840.8380   447       -0.7689     2096.5932   174238     --- 
    427   389     1775.2817   397       -0.7689     2096.5932   177470     --- 
    448   406     1732.2303   395       -0.7689     2096.5932   181377     --- 
    499   439     1656.5068   341       -0.7689     2096.5932   185395     --- 
    527   467     1635.9994   327       -0.7689     2096.5932   188967     --- 
    568   500     1311.5665   145       -0.7689     2096.5932   192771     --- 
    665   551     2095.6643   698       -0.7689     2096.5862   195899     --- 
    668   554     2094.3353   669       -0.7689     2096.0893   197761     --- 
    672   558     2038.3713   608       -0.7689     2096.0893   200624     --- 
    682   568     2089.1197   632       -0.7689     2096.0893   203262     --- 
Elapsed time = 51.54 sec. (70625.40 ticks, tree = 14.91 MB, solutions = 0)
    689   575     2079.3043   597       -0.7689     2096.0893   206074     --- 
    698   582     2030.3324   610       -0.7689     2096.0893   208847     --- 
    703   587     2029.3994   593       -0.7689     2096.0893   211596     --- 
    710   594     2022.8750   617       -0.7689     2096.0893   214426     --- 
    719   603     1965.3785   560       -0.7689     2096.0893   218489     --- 
    725   609     1997.1251   587       -0.7689     2096.0893   219961     --- 
    734   618     1912.0621   532       -0.7689     2096.0893   223591     --- 
    742   626     1899.8658   514       -0.7689     2096.0893   226361     --- 
    759   643     1726.0440   419       -0.7689     2096.0893   229787     --- 
    794   669     1624.8669   328       -0.7689     2096.0893   233802     --- 
Elapsed time = 58.87 sec. (81193.35 ticks, tree = 20.95 MB, solutions = 0)
    805   675     2052.9717   618       -0.7689     2096.0883   235866     --- 
    811   681     2079.3144   636       -0.7689     2096.0883   239063     --- 
    820   690     2064.2113   608       -0.7689     2096.0883   242086     --- 
    831   701     2043.0139   599       -0.7689     2096.0883   245174     --- 
    839   709     2056.6604   576       -0.7689     2096.0883   248386     --- 
    844   714     1877.2958   463       -0.7689     2096.0883   252157     --- 
    868   732     1838.0019   430       -0.7689     2096.0883   255160     --- 
    877   741     1778.1592   432       -0.7689     2096.0883   258521     --- 
    912   764     1574.4802   324       -0.7689     2096.0883   262769     --- 
    932   782     1533.3610   322       -0.7689     2096.0883   265696     --- 
Elapsed time = 66.17 sec. (91711.83 ticks, tree = 27.73 MB, solutions = 0)
    946   794     1512.4005   287       -0.7689     2096.0883   269163     --- 
*  1000+  834                          981.7689     2096.0883           113.50%
   1002   836     2040.5835   604      981.7689     2096.0273   272636  113.49%
   1019   853     2015.3369   563      981.7689     2096.0273   275007  113.49%
   1032   866     1983.0042   521      981.7689     2096.0273   277877  113.49%
   1058   892     1953.6088   519      981.7689     2096.0273   280827  113.49%
   1080   914     1935.1240   488      981.7689     2096.0273   282633  113.49%
   1092   926     1910.4431   508      981.7689     2096.0273   285175  113.49%

Performing restart 1

Repeating presolve.
Tried aggregator 1 time.
MIP Presolve modified 7200 coefficients.
Reduced MIP has 5918 rows, 8323 columns, and 30626 nonzeros.
Reduced MIP has 7229 binaries, 957 generals, 0 SOSs, and 0 indicators.
Presolve time = 0.02 sec. (24.69 ticks)
Tried aggregator 1 time.
Reduced MIP has 5918 rows, 8323 columns, and 30626 nonzeros.
Reduced MIP has 7229 binaries, 957 generals, 0 SOSs, and 0 indicators.
Presolve time = 0.02 sec. (20.62 ticks)
Represolve time = 0.25 sec. (147.35 ticks)
   1110     0     2077.5014   741      981.7689     Cuts: 568   304114  111.61%
   1110     0     2059.8599   741      981.7689     Cuts: 565   306425  109.81%
   1110     0     2047.0693   741      981.7689     Cuts: 549   308232  108.51%
*  1110+    0                         1000.8164     2047.0693           104.54%
   1110     0     2032.6175   741     1000.8164     Cuts: 671   310113  103.10%
   1110     0     2023.4735   741     1000.8164     Cuts: 541   312004  102.18%
   1110     0     2018.2386   741     1000.8164     Cuts: 569   313338  101.66%
   1110     0     2015.4456   741     1000.8164     Cuts: 478   314296  101.38%
   1110     0     2011.7869   741     1000.8164     Cuts: 339   315731  101.01%
   1110     0     2008.7775   741     1000.8164     Cuts: 381   316808  100.71%
   1110     0     2006.9134   741     1000.8164     Cuts: 339   317693  100.53%
   1110     0     2001.9970   741     1000.8164     Cuts: 285   318764  100.04%
   1110     0     2001.1267   741     1000.8164     Cuts: 252   319357   99.95%
   1110     0     1999.4208   741     1000.8164     Cuts: 288   320109   99.78%
   1110     0     1997.7699   741     1000.8164     Cuts: 232   320773   99.61%
   1110     0     1995.8380   741     1000.8164     Cuts: 348   321530   99.42%
   1110     0     1993.7393   741     1000.8164     Cuts: 256   322127   99.21%
   1110     0     1991.1267   741     1000.8164     Cuts: 213   322892   98.95%
   1110     0     1989.6649   741     1000.8164     Cuts: 292   323459   98.80%
   1110     0     1988.7728   741     1000.8164     Cuts: 190   324027   98.72%
   1110     0     1988.0102   741     1000.8164     Cuts: 153   324469   98.64%
   1110     0     1987.4527   741     1000.8164     Cuts: 144   325011   98.58%
   1110     0     1986.9296   741     1000.8164     Cuts: 157   325477   98.53%
   1110     0     1986.4707   741     1000.8164     Cuts: 176   325813   98.49%
   1110     0     1986.2897   741     1000.8164     Cuts: 112   326105   98.47%
   1110     0     1985.9360   741     1000.8164     Cuts: 154   326544   98.43%
   1110     0     1985.7757   741     1000.8164      Cuts: 92   326862   98.42%
   1110     0     1985.4335   741     1000.8164     Cuts: 137   327252   98.38%
   1110     0     1985.0156   741     1000.8164     Cuts: 115   327689   98.34%
   1110     0     1984.6892   741     1000.8164     Cuts: 279   328076   98.31%
   1110     0     1984.1750   741     1000.8164     Cuts: 149   328561   98.26%
   1110     0     1983.9059   741     1000.8164     Cuts: 127   328790   98.23%
Starting limited solution polishing.
*  1110+    0                         1040.0181     1983.9059            90.76%
*  1110+    0                         1068.9245     1983.9059            85.60%
Advanced basis not built.
   1110     0        cutoff           1068.9245     1983.9059   328790   85.60%
   1110     0        cutoff           1068.9245     1983.9059   328790   85.60%

GUB cover cuts applied:  37
Clique cuts applied:  444
Cover cuts applied:  11
Implied bound cuts applied:  146
Flow cuts applied:  22
Mixed integer rounding cuts applied:  212
Zero-half cuts applied:  142
Lift and project cuts applied:  26
Gomory fractional cuts applied:  8

Root node processing (before b&c):
  Real time             =   16.47 sec. (21189.01 ticks)
Sequential b&c:
  Real time             =  133.54 sec. (177327.02 ticks)
                          ------------
Total (root+branch&cut) =  150.01 sec. (198516.04 ticks)

Solution pool: 5 solutions saved.

MIP - Time limit exceeded, integer feasible:  Objective =  1.0689245111e+03
Current MIP best bound =  1.9839059010e+03 (gap = 914.981, 85.60%)
Solution time =  150.01 sec.  Iterations = 328790  Nodes = 1110
Deterministic time = 198516.08 ticks  (1323.37 ticks/sec)


Incumbent solution
Variable Name           Solution Value
F                          1200.000000
f1                            0.797576
f2                          130.277913
y22                           1.000000
y44                           1.000000
y50                           1.000000
y64                           1.000000
y72                           1.000000
y73                           1.000000
y79                           1.000000
y86                           1.000000
y87                           1.000000
y94                           1.000000
y95                           1.000000
y100                          1.000000
y107                          1.000000
y109                          1.000000
y123                          1.000000
y124                          1.000000
y145                          1.000000
y146                          1.000000
y154                          1.000000
y156                          1.000000
y160                          1.000000
y188                          1.000000
y189                          1.000000
y193                          1.000000
y200                          1.000000
y203                          1.000000
y205                          1.000000
y212                          1.000000
y215                          1.000000
y216                          1.000000
y218                          1.000000
y220                          1.000000
y227                          1.000000
y235                          1.000000
s4                            4.040000
s5                            4.440000
s7                            4.280000
s8                            3.460000
s9                            3.680000
s10                           3.770000
s12                           3.980000
s13                           4.430000
s14                           4.480000
s21                           5.440000
s22                           2.506446
s24                           5.360000
s27                           1.540000
s31                           5.960000
s33                           3.830000
s36                           3.420000
s38                           5.280000
s41                           1.810000
s42                           3.520000
s44                           3.940000
s46                           1.650000
s48                           3.890000
s49                           3.660000
s50                           5.257367
s51                           1.850000
s53                           1.190000
s54                           4.540000
s55                           2.500000
s57                           2.270000
s59                           2.440000
s60                           1.680000
s61                           2.410000
s62                           3.940000
s63                           2.980000
s64                           2.254881
s65                           3.380000
s68                           3.800000
s69                           0.430000
s70                           4.080000
s71                           0.320000
s72                           5.856250
s73                           5.401900
s74                           1.640000
s79                           4.033112
s80                           3.670000
s81                           3.970000
s82                           1.370000
s84                           0.480000
s85                           3.570000
s86                           5.657336
s87                           2.220127
s90                           0.290000
s91                           4.000000
s93                           3.450000
s94                           0.969078
s95                           4.709005
s97                           3.790000
s98                           3.950000
s99                           3.860000
s100                          2.196190
s101                          2.490000
s102                          2.640000
s103                          4.110000
s104                          3.860000
s107                          0.953403
s108                          3.640000
s109                          2.201763
s110                          5.750000
s112                          3.900000
s113                          3.020000
s114                          2.570000
s115                          1.470000
s116                          4.050000
s117                          1.700000
s118                          3.460000
s120                          2.460000
s122                          0.300000
s123                          3.550026
s124                          5.942338
s125                          4.410000
s127                          2.320000
s128                          3.620000
s129                          4.210000
s130                          3.290000
s132                          4.050000
s133                          2.180000
s134                          4.210000
s136                          2.500000
s137                          3.940000
s138                          2.220000
s140                          5.790000
s141                          1.280000
s142                          0.340000
s143                          3.980000
s144                          5.790000
s145                          0.978071
s146                          4.300000
s149                          3.700000
s154                          3.960231
s156                          0.924242
s157                          1.770000
s158                          1.060000
s159                          3.980000
s160                          2.298873
s164                          0.960000
s165                          4.200000
s167                          3.000000
s170                          2.300000
s172                          3.780000
s173                          4.110000
s175                          1.330000
s176                          1.490000
s178                          3.620000
s179                          3.810000
s180                          1.920000
s181                          3.170000
s182                          4.370000
s186                          3.010000
s188                          3.552800
s189                          3.842363
s190                          1.130000
s192                          4.100000
s193                          5.164895
s194                          5.120000
s195                          3.740000
s197                          4.280000
s199                          3.860000
s200                          5.770000
s201                          5.350000
s203                          5.960000
s205                          2.151281
s207                          3.070000
s208                          3.890000
s209                          3.050000
s212                          4.130000
s214                          0.170000
s215                          1.260000
s216                          2.493333
s218                          1.046688
s219                          3.280000
s220                          0.942362
s222                          3.080000
s223                          4.450000
s225                          3.850000
s226                          4.190000
s227                          2.651337
s228                          4.120000
s229                          3.880000
s230                          3.120000
s231                          3.870000
s232                          1.670000
s235                          0.935093
s236                          4.150000
x0x87x1                       1.000000
x0x94x1                       1.000000
x0x145x1                      1.000000
x0x215x1                      2.000000
x0x235x1                      1.000000
x0x145x2                      1.000000
x0x156x2                      1.000000
x0x205x2                      1.000000
x0x218x2                      2.000000
x0x235x2                      1.000000
x0x94x3                       1.000000
x0x107x3                      2.000000
x0x156x3                      1.000000
x0x220x3                      2.000000
x145x22x2                     1.000000
x218x22x2                     1.000000
x22x79x2                      1.000000
x22x200x2                     1.000000
x87x44x1                      2.000000
x44x193x1                     2.000000
x212x50x1                     1.000000
x50x0x1                       1.000000
x123x50x2                     1.000000
x50x0x2                       1.000000
x107x64x3                     1.000000
x220x64x3                     1.000000
x64x188x3                     2.000000
x189x72x1                     1.000000
x72x0x1                       1.000000
x79x72x2                      1.000000
x72x0x2                       1.000000
x123x73x2                     1.000000
x73x0x2                       1.000000
x154x73x3                     1.000000
x73x0x3                       1.000000
x109x79x3                     1.000000
x79x203x3                     1.000000
x189x86x1                     1.000000
x86x0x1                       1.000000
x146x86x3                     1.000000
x86x0x3                       1.000000
x235x87x1                     1.000000
x94x160x1                     1.000000
x94x227x3                     1.000000
x188x95x3                     2.000000
x95x124x3                     2.000000
x156x100x2                    1.000000
x235x100x2                    1.000000
x100x123x2                    2.000000
x107x205x3                    1.000000
x156x109x3                    1.000000
x220x109x3                    1.000000
x109x203x3                    1.000000
x124x0x3                      2.000000
x145x216x1                    1.000000
x227x146x2                    1.000000
x146x0x2                      1.000000
x205x146x3                    1.000000
x205x154x2                    1.000000
x154x0x2                      1.000000
x227x154x3                    1.000000
x215x160x1                    1.000000
x160x212x1                    2.000000
x216x189x1                    2.000000
x193x0x1                      2.000000
x212x200x1                    1.000000
x200x0x1                      1.000000
x200x0x2                      1.000000
x203x0x3                      2.000000
x215x216x1                    1.000000
x218x227x2                    1.000000
z0z4z1                        1.000000
z0z5z3                        1.000000
z0z8z3                        1.000000
z0z12z3                       1.000000
z0z13z1                       1.000000
z0z22z2                       1.000000
z0z24z3                       1.000000
z0z31z3                       1.000000
z0z33z2                       1.000000
z0z36z2                       1.000000
z0z41z2                       1.000000
z0z42z1                       1.000000
z0z44z1                       1.000000
z0z46z3                       1.000000
z0z49z2                       1.000000
z0z54z2                       1.000000
z0z55z1                       1.000000
z0z57z1                       1.000000
z0z59z3                       1.000000
z0z64z3                       1.000000
z0z65z2                       1.000000
z0z70z2                       1.000000
z0z80z1                       1.000000
z0z82z2                       1.000000
z0z85z3                       1.000000
z0z87z1                       1.000000
z0z91z2                       1.000000
z0z94z1                       1.000000
z0z94z3                       1.000000
z0z95z3                       1.000000
z0z99z1                       1.000000
z0z100z2                      1.000000
z0z102z1                      1.000000
z0z107z3                      1.000000
z0z108z3                      1.000000
z0z109z3                      1.000000
z0z110z1                      1.000000
z0z113z1                      1.000000
z0z115z1                      1.000000
z0z117z1                      1.000000
z0z118z3                      1.000000
z0z120z3                      1.000000
z0z123z2                      1.000000
z0z124z3                      1.000000
z0z125z3                      1.000000
z0z130z1                      1.000000
z0z132z3                      1.000000
z0z133z3                      1.000000
z0z134z2                      1.000000
z0z136z2                      1.000000
z0z145z1                      1.000000
z0z145z2                      1.000000
z0z156z2                      1.000000
z0z156z3                      1.000000
z0z157z3                      1.000000
z0z160z1                      1.000000
z0z170z2                      1.000000
z0z172z3                      1.000000
z0z173z3                      1.000000
z0z180z1                      1.000000
z0z181z2                      1.000000
z0z182z3                      1.000000
z0z188z3                      1.000000
z0z189z1                      1.000000
z0z193z1                      1.000000
z0z194z1                      1.000000
z0z197z2                      1.000000
z0z199z3                      1.000000
z0z201z3                      1.000000
z0z203z3                      1.000000
z0z205z2                      1.000000
z0z207z3                      1.000000
z0z208z2                      1.000000
z0z212z1                      1.000000
z0z215z1                      1.000000
z0z216z1                      1.000000
z0z218z2                      1.000000
z0z219z1                      1.000000
z0z220z3                      1.000000
z0z223z2                      1.000000
z0z228z2                      1.000000
z0z230z1                      1.000000
z0z232z2                      1.000000
z0z235z1                      1.000000
z0z235z2                      1.000000
z22z54z2                      1.000000
z22z79z2                      1.000000
z22z200z2                     1.000000
z27z4z1                       1.000000
z27z24z3                      1.000000
z27z31z3                      1.000000
z27z95z3                      1.000000
z27z110z1                     1.000000
z27z124z3                     1.000000
z27z125z3                     1.000000
z27z132z3                     1.000000
z27z182z3                     1.000000
z27z193z1                     1.000000
z27z194z1                     1.000000
z27z201z3                     1.000000
z27z203z3                     1.000000
z41z54z2                      1.000000
z44z193z1                     1.000000
z46z5z3                       1.000000
z46z24z3                      1.000000
z46z31z3                      1.000000
z46z124z3                     1.000000
z46z125z3                     1.000000
z46z182z3                     1.000000
z46z201z3                     1.000000
z46z203z3                     1.000000
z51z54z2                      1.000000
z51z110z1                     1.000000
z51z194z1                     1.000000
z53z4z1                       1.000000
z53z5z3                       1.000000
z53z12z3                      1.000000
z53z13z1                      1.000000
z53z24z3                      1.000000
z53z31z3                      1.000000
z53z44z1                      1.000000
z53z80z1                      1.000000
z53z95z3                      1.000000
z53z99z1                      1.000000
z53z110z1                     1.000000
z53z124z3                     1.000000
z53z125z3                     1.000000
z53z132z3                     1.000000
z53z182z3                     1.000000
z53z193z1                     1.000000
z53z194z1                     1.000000
z53z199z3                     1.000000
z53z201z3                     1.000000
z53z203z3                     1.000000
z53z212z1                     1.000000
z55z110z1                     1.000000
z55z194z1                     1.000000
z57z110z1                     1.000000
z57z194z1                     1.000000
z59z24z3                      1.000000
z59z31z3                      1.000000
z59z124z3                     1.000000
z59z201z3                     1.000000
z59z203z3                     1.000000
z60z13z1                      1.000000
z60z54z2                      1.000000
z60z110z1                     1.000000
z60z193z1                     1.000000
z60z194z1                     1.000000
z60z223z2                     1.000000
z61z24z3                      1.000000
z61z31z3                      1.000000
z61z110z1                     1.000000
z61z124z3                     1.000000
z61z194z1                     1.000000
z61z201z3                     1.000000
z61z203z3                     1.000000
z63z110z1                     1.000000
z64z5z3                       1.000000
z64z24z3                      1.000000
z64z31z3                      1.000000
z64z95z3                      1.000000
z64z124z3                     1.000000
z64z125z3                     1.000000
z64z132z3                     1.000000
z64z182z3                     1.000000
z64z188z3                     1.000000
z64z201z3                     1.000000
z64z203z3                     1.000000
z69z5z3                       1.000000
z69z8z3                       1.000000
z69z12z3                      1.000000
z69z24z3                      1.000000
z69z31z3                      1.000000
z69z85z3                      1.000000
z69z95z3                      1.000000
z69z108z3                     1.000000
z69z118z3                     1.000000
z69z124z3                     1.000000
z69z125z3                     1.000000
z69z132z3                     1.000000
z69z172z3                     1.000000
z69z173z3                     1.000000
z69z182z3                     1.000000
z69z188z3                     1.000000
z69z199z3                     1.000000
z69z201z3                     1.000000
z69z203z3                     1.000000
z69z207z3                     1.000000
z71z5z3                       1.000000
z71z12z3                      1.000000
z71z24z3                      1.000000
z71z31z3                      1.000000
z71z33z2                      1.000000
z71z49z2                      1.000000
z71z54z2                      1.000000
z71z65z2                      1.000000
z71z70z2                      1.000000
z71z85z3                      1.000000
z71z91z2                      1.000000
z71z95z3                      1.000000
z71z108z3                     1.000000
z71z118z3                     1.000000
z71z123z2                     1.000000
z71z124z3                     1.000000
z71z125z3                     1.000000
z71z132z3                     1.000000
z71z134z2                     1.000000
z71z172z3                     1.000000
z71z173z3                     1.000000
z71z181z2                     1.000000
z71z182z3                     1.000000
z71z188z3                     1.000000
z71z197z2                     1.000000
z71z199z3                     1.000000
z71z201z3                     1.000000
z71z203z3                     1.000000
z71z207z3                     1.000000
z71z208z2                     1.000000
z71z223z2                     1.000000
z71z228z2                     1.000000
z74z5z3                       1.000000
z74z24z3                      1.000000
z74z31z3                      1.000000
z74z54z2                      1.000000
z74z124z3                     1.000000
z74z125z3                     1.000000
z74z182z3                     1.000000
z74z201z3                     1.000000
z74z203z3                     1.000000
z74z223z2                     1.000000
z79z72z2                      1.000000
z79z203z3                     1.000000
z82z54z2                      1.000000
z82z70z2                      1.000000
z82z134z2                     1.000000
z82z197z2                     1.000000
z82z223z2                     1.000000
z82z228z2                     1.000000
z84z4z1                       1.000000
z84z5z3                       1.000000
z84z8z3                       1.000000
z84z12z3                      1.000000
z84z13z1                      1.000000
z84z24z3                      1.000000
z84z31z3                      1.000000
z84z42z1                      1.000000
z84z44z1                      1.000000
z84z80z1                      1.000000
z84z85z3                      1.000000
z84z95z3                      1.000000
z84z99z1                      1.000000
z84z108z3                     1.000000
z84z110z1                     1.000000
z84z118z3                     1.000000
z84z124z3                     1.000000
z84z125z3                     1.000000
z84z130z1                     1.000000
z84z132z3                     1.000000
z84z172z3                     1.000000
z84z173z3                     1.000000
z84z182z3                     1.000000
z84z193z1                     1.000000
z84z194z1                     1.000000
z84z199z3                     1.000000
z84z201z3                     1.000000
z84z203z3                     1.000000
z84z212z1                     1.000000
z84z219z1                     1.000000
z87z4z1                       1.000000
z87z13z1                      1.000000
z87z44z1                      1.000000
z87z99z1                      1.000000
z87z110z1                     1.000000
z87z193z1                     1.000000
z87z194z1                     1.000000
z87z212z1                     1.000000
z90z4z1                       1.000000
z90z5z3                       1.000000
z90z8z3                       1.000000
z90z12z3                      1.000000
z90z13z1                      1.000000
z90z24z3                      1.000000
z90z31z3                      1.000000
z90z42z1                      1.000000
z90z44z1                      1.000000
z90z80z1                      1.000000
z90z85z3                      1.000000
z90z95z3                      1.000000
z90z99z1                      1.000000
z90z108z3                     1.000000
z90z110z1                     1.000000
z90z118z3                     1.000000
z90z124z3                     1.000000
z90z125z3                     1.000000
z90z130z1                     1.000000
z90z132z3                     1.000000
z90z172z3                     1.000000
z90z173z3                     1.000000
z90z182z3                     1.000000
z90z188z3                     1.000000
z90z189z1                     1.000000
z90z193z1                     1.000000
z90z194z1                     1.000000
z90z199z3                     1.000000
z90z201z3                     1.000000
z90z203z3                     1.000000
z90z207z3                     1.000000
z90z212z1                     1.000000
z90z219z1                     1.000000
z90z230z1                     1.000000
z94z4z1                       1.000000
z94z5z3                       1.000000
z94z8z3                       1.000000
z94z12z3                      1.000000
z94z13z1                      1.000000
z94z24z3                      1.000000
z94z31z3                      1.000000
z94z42z1                      1.000000
z94z44z1                      1.000000
z94z80z1                      1.000000
z94z85z3                      1.000000
z94z95z3                      1.000000
z94z99z1                      1.000000
z94z108z3                     1.000000
z94z110z1                     1.000000
z94z118z3                     1.000000
z94z124z3                     1.000000
z94z125z3                     1.000000
z94z130z1                     1.000000
z94z132z3                     1.000000
z94z160z1                     1.000000
z94z172z3                     1.000000
z94z173z3                     1.000000
z94z182z3                     1.000000
z94z188z3                     1.000000
z94z189z1                     1.000000
z94z193z1                     1.000000
z94z194z1                     1.000000
z94z199z3                     1.000000
z94z201z3                     1.000000
z94z203z3                     1.000000
z94z207z3                     1.000000
z94z212z1                     1.000000
z94z219z1                     1.000000
z94z227z3                     1.000000
z94z230z1                     1.000000
z95z124z3                     1.000000
z100z54z2                     1.000000
z100z70z2                     1.000000
z100z91z2                     1.000000
z100z123z2                    1.000000
z100z197z2                    1.000000
z100z208z2                    1.000000
z100z223z2                    1.000000
z100z228z2                    1.000000
z101z24z3                     1.000000
z101z31z3                     1.000000
z101z124z3                    1.000000
z101z201z3                    1.000000
z101z203z3                    1.000000
z102z110z1                    1.000000
z102z194z1                    1.000000
z107z5z3                      1.000000
z107z8z3                      1.000000
z107z12z3                     1.000000
z107z24z3                     1.000000
z107z31z3                     1.000000
z107z64z3                     1.000000
z107z85z3                     1.000000
z107z95z3                     1.000000
z107z108z3                    1.000000
z107z118z3                    1.000000
z107z124z3                    1.000000
z107z125z3                    1.000000
z107z132z3                    1.000000
z107z172z3                    1.000000
z107z173z3                    1.000000
z107z182z3                    1.000000
z107z188z3                    1.000000
z107z199z3                    1.000000
z107z201z3                    1.000000
z107z203z3                    1.000000
z107z205z3                    1.000000
z107z207z3                    1.000000
z109z5z3                      1.000000
z109z12z3                     1.000000
z109z24z3                     1.000000
z109z31z3                     1.000000
z109z79z3                     1.000000
z109z95z3                     1.000000
z109z124z3                    1.000000
z109z125z3                    1.000000
z109z132z3                    1.000000
z109z173z3                    1.000000
z109z182z3                    1.000000
z109z201z3                    1.000000
z109z203z3                    1.000000
z113z110z1                    1.000000
z114z24z3                     1.000000
z114z31z3                     1.000000
z114z110z1                    1.000000
z114z124z3                    1.000000
z114z194z1                    1.000000
z114z201z3                    1.000000
z114z203z3                    1.000000
z115z4z1                      1.000000
z115z110z1                    1.000000
z115z193z1                    1.000000
z115z194z1                    1.000000
z117z110z1                    1.000000
z117z194z1                    1.000000
z120z24z3                     1.000000
z120z31z3                     1.000000
z120z124z3                    1.000000
z120z201z3                    1.000000
z120z203z3                    1.000000
z122z4z1                      1.000000
z122z5z3                      1.000000
z122z12z3                     1.000000
z122z13z1                     1.000000
z122z24z3                     1.000000
z122z31z3                     1.000000
z122z42z1                     1.000000
z122z44z1                     1.000000
z122z80z1                     1.000000
z122z85z3                     1.000000
z122z95z3                     1.000000
z122z99z1                     1.000000
z122z108z3                    1.000000
z122z110z1                    1.000000
z122z118z3                    1.000000
z122z124z3                    1.000000
z122z125z3                    1.000000
z122z130z1                    1.000000
z122z132z3                    1.000000
z122z172z3                    1.000000
z122z173z3                    1.000000
z122z182z3                    1.000000
z122z188z3                    1.000000
z122z193z1                    1.000000
z122z194z1                    1.000000
z122z199z3                    1.000000
z122z201z3                    1.000000
z122z203z3                    1.000000
z122z207z3                    1.000000
z122z212z1                    1.000000
z122z219z1                    1.000000
z122z230z1                    1.000000
z123z50z2                     1.000000
z123z73z2                     1.000000
z127z110z1                    1.000000
z127z194z1                    1.000000
z130z110z1                    1.000000
z133z24z3                     1.000000
z133z31z3                     1.000000
z133z124z3                    1.000000
z133z201z3                    1.000000
z133z203z3                    1.000000
z138z24z3                     1.000000
z138z31z3                     1.000000
z138z124z3                    1.000000
z138z201z3                    1.000000
z138z203z3                    1.000000
z141z4z1                      1.000000
z141z13z1                     1.000000
z141z54z2                     1.000000
z141z70z2                     1.000000
z141z91z2                     1.000000
z141z110z1                    1.000000
z141z134z2                    1.000000
z141z193z1                    1.000000
z141z194z1                    1.000000
z141z197z2                    1.000000
z141z212z1                    1.000000
z141z223z2                    1.000000
z141z228z2                    1.000000
z142z5z3                      1.000000
z142z12z3                     1.000000
z142z24z3                     1.000000
z142z31z3                     1.000000
z142z33z2                     1.000000
z142z49z2                     1.000000
z142z54z2                     1.000000
z142z65z2                     1.000000
z142z70z2                     1.000000
z142z85z3                     1.000000
z142z91z2                     1.000000
z142z95z3                     1.000000
z142z108z3                    1.000000
z142z123z2                    1.000000
z142z124z3                    1.000000
z142z125z3                    1.000000
z142z132z3                    1.000000
z142z134z2                    1.000000
z142z172z3                    1.000000
z142z173z3                    1.000000
z142z181z2                    1.000000
z142z182z3                    1.000000
z142z188z3                    1.000000
z142z197z2                    1.000000
z142z199z3                    1.000000
z142z201z3                    1.000000
z142z203z3                    1.000000
z142z207z3                    1.000000
z142z208z2                    1.000000
z142z223z2                    1.000000
z142z228z2                    1.000000
z145z4z1                      1.000000
z145z13z1                     1.000000
z145z22z2                     1.000000
z145z33z2                     1.000000
z145z36z2                     1.000000
z145z42z1                     1.000000
z145z44z1                     1.000000
z145z49z2                     1.000000
z145z54z2                     1.000000
z145z65z2                     1.000000
z145z70z2                     1.000000
z145z80z1                     1.000000
z145z91z2                     1.000000
z145z99z1                     1.000000
z145z110z1                    1.000000
z145z113z1                    1.000000
z145z123z2                    1.000000
z145z130z1                    1.000000
z145z134z2                    1.000000
z145z181z2                    1.000000
z145z189z1                    1.000000
z145z193z1                    1.000000
z145z194z1                    1.000000
z145z197z2                    1.000000
z145z208z2                    1.000000
z145z212z1                    1.000000
z145z216z1                    1.000000
z145z219z1                    1.000000
z145z223z2                    1.000000
z145z228z2                    1.000000
z145z230z1                    1.000000
z146z86z3                     1.000000
z154z31z3                     1.000000
z154z73z3                     1.000000
z154z124z3                    1.000000
z154z203z3                    1.000000
z156z5z3                      1.000000
z156z8z3                      1.000000
z156z12z3                     1.000000
z156z24z3                     1.000000
z156z31z3                     1.000000
z156z33z2                     1.000000
z156z36z2                     1.000000
z156z49z2                     1.000000
z156z54z2                     1.000000
z156z65z2                     1.000000
z156z70z2                     1.000000
z156z85z3                     1.000000
z156z91z2                     1.000000
z156z95z3                     1.000000
z156z100z2                    1.000000
z156z108z3                    1.000000
z156z109z3                    1.000000
z156z118z3                    1.000000
z156z123z2                    1.000000
z156z124z3                    1.000000
z156z125z3                    1.000000
z156z132z3                    1.000000
z156z134z2                    1.000000
z156z172z3                    1.000000
z156z173z3                    1.000000
z156z181z2                    1.000000
z156z182z3                    1.000000
z156z188z3                    1.000000
z156z197z2                    1.000000
z156z199z3                    1.000000
z156z201z3                    1.000000
z156z203z3                    1.000000
z156z207z3                    1.000000
z156z208z2                    1.000000
z156z223z2                    1.000000
z156z228z2                    1.000000
z157z24z3                     1.000000
z157z31z3                     1.000000
z157z124z3                    1.000000
z157z125z3                    1.000000
z157z201z3                    1.000000
z157z203z3                    1.000000
z158z5z3                      1.000000
z158z12z3                     1.000000
z158z24z3                     1.000000
z158z31z3                     1.000000
z158z54z2                     1.000000
z158z70z2                     1.000000
z158z91z2                     1.000000
z158z95z3                     1.000000
z158z124z3                    1.000000
z158z125z3                    1.000000
z158z132z3                    1.000000
z158z182z3                    1.000000
z158z197z2                    1.000000
z158z199z3                    1.000000
z158z201z3                    1.000000
z158z203z3                    1.000000
z158z208z2                    1.000000
z158z223z2                    1.000000
z158z228z2                    1.000000
z160z4z1                      1.000000
z160z13z1                     1.000000
z160z44z1                     1.000000
z160z110z1                    1.000000
z160z193z1                    1.000000
z160z194z1                    1.000000
z160z212z1                    1.000000
z164z5z3                      1.000000
z164z12z3                     1.000000
z164z24z3                     1.000000
z164z31z3                     1.000000
z164z33z2                     1.000000
z164z54z2                     1.000000
z164z70z2                     1.000000
z164z91z2                     1.000000
z164z95z3                     1.000000
z164z124z3                    1.000000
z164z125z3                    1.000000
z164z132z3                    1.000000
z164z134z2                    1.000000
z164z173z3                    1.000000
z164z182z3                    1.000000
z164z197z2                    1.000000
z164z199z3                    1.000000
z164z201z3                    1.000000
z164z203z3                    1.000000
z164z208z2                    1.000000
z164z223z2                    1.000000
z164z228z2                    1.000000
z167z31z3                     1.000000
z167z124z3                    1.000000
z167z203z3                    1.000000
z175z4z1                      1.000000
z175z5z3                      1.000000
z175z13z1                     1.000000
z175z24z3                     1.000000
z175z31z3                     1.000000
z175z95z3                     1.000000
z175z110z1                    1.000000
z175z124z3                    1.000000
z175z125z3                    1.000000
z175z132z3                    1.000000
z175z173z3                    1.000000
z175z182z3                    1.000000
z175z193z1                    1.000000
z175z194z1                    1.000000
z175z201z3                    1.000000
z175z203z3                    1.000000
z175z212z1                    1.000000
z176z4z1                      1.000000
z176z54z2                     1.000000
z176z91z2                     1.000000
z176z110z1                    1.000000
z176z193z1                    1.000000
z176z194z1                    1.000000
z180z110z1                    1.000000
z180z194z1                    1.000000
z182z203z3                    1.000000
z186z31z3                     1.000000
z186z110z1                    1.000000
z186z124z3                    1.000000
z186z203z3                    1.000000
z188z31z3                     1.000000
z188z95z3                     1.000000
z188z124z3                    1.000000
z188z203z3                    1.000000
z189z72z1                     1.000000
z189z86z1                     1.000000
z190z4z1                      1.000000
z190z13z1                     1.000000
z190z44z1                     1.000000
z190z54z2                     1.000000
z190z70z2                     1.000000
z190z80z1                     1.000000
z190z91z2                     1.000000
z190z99z1                     1.000000
z190z110z1                    1.000000
z190z134z2                    1.000000
z190z193z1                    1.000000
z190z194z1                    1.000000
z190z197z2                    1.000000
z190z208z2                    1.000000
z190z212z1                    1.000000
z190z223z2                    1.000000
z190z228z2                    1.000000
z205z5z3                      1.000000
z205z12z3                     1.000000
z205z24z3                     1.000000
z205z31z3                     1.000000
z205z54z2                     1.000000
z205z70z2                     1.000000
z205z91z2                     1.000000
z205z95z3                     1.000000
z205z124z3                    1.000000
z205z125z3                    1.000000
z205z132z3                    1.000000
z205z146z3                    1.000000
z205z154z2                    1.000000
z205z182z3                    1.000000
z205z199z3                    1.000000
z205z201z3                    1.000000
z205z203z3                    1.000000
z205z223z2                    1.000000
z205z228z2                    1.000000
z207z31z3                     1.000000
z207z124z3                    1.000000
z207z203z3                    1.000000
z209z110z1                    1.000000
z212z50z1                     1.000000
z212z200z1                    1.000000
z214z5z3                      1.000000
z214z8z3                      1.000000
z214z12z3                     1.000000
z214z24z3                     1.000000
z214z31z3                     1.000000
z214z33z2                     1.000000
z214z36z2                     1.000000
z214z49z2                     1.000000
z214z54z2                     1.000000
z214z65z2                     1.000000
z214z70z2                     1.000000
z214z85z3                     1.000000
z214z91z2                     1.000000
z214z95z3                     1.000000
z214z108z3                    1.000000
z214z118z3                    1.000000
z214z123z2                    1.000000
z214z124z3                    1.000000
z214z125z3                    1.000000
z214z132z3                    1.000000
z214z134z2                    1.000000
z214z172z3                    1.000000
z214z173z3                    1.000000
z214z181z2                    1.000000
z214z182z3                    1.000000
z214z188z3                    1.000000
z214z197z2                    1.000000
z214z199z3                    1.000000
z214z201z3                    1.000000
z214z203z3                    1.000000
z214z207z3                    1.000000
z214z208z2                    1.000000
z214z223z2                    1.000000
z214z228z2                    1.000000
z215z4z1                      1.000000
z215z13z1                     1.000000
z215z44z1                     1.000000
z215z110z1                    1.000000
z215z160z1                    1.000000
z215z193z1                    1.000000
z215z194z1                    1.000000
z215z212z1                    1.000000
z215z216z1                    1.000000
z216z110z1                    1.000000
z216z189z1                    1.000000
z216z194z1                    1.000000
z218z22z2                     1.000000
z218z33z2                     1.000000
z218z36z2                     1.000000
z218z49z2                     1.000000
z218z54z2                     1.000000
z218z65z2                     1.000000
z218z70z2                     1.000000
z218z91z2                     1.000000
z218z123z2                    1.000000
z218z134z2                    1.000000
z218z181z2                    1.000000
z218z197z2                    1.000000
z218z208z2                    1.000000
z218z223z2                    1.000000
z218z227z2                    1.000000
z218z228z2                    1.000000
z219z110z1                    1.000000
z220z5z3                      1.000000
z220z8z3                      1.000000
z220z12z3                     1.000000
z220z24z3                     1.000000
z220z31z3                     1.000000
z220z64z3                     1.000000
z220z85z3                     1.000000
z220z95z3                     1.000000
z220z108z3                    1.000000
z220z109z3                    1.000000
z220z118z3                    1.000000
z220z120z3                    1.000000
z220z124z3                    1.000000
z220z125z3                    1.000000
z220z132z3                    1.000000
z220z172z3                    1.000000
z220z173z3                    1.000000
z220z182z3                    1.000000
z220z188z3                    1.000000
z220z199z3                    1.000000
z220z201z3                    1.000000
z220z203z3                    1.000000
z220z207z3                    1.000000
z222z31z3                     1.000000
z222z110z1                    1.000000
z222z124z3                    1.000000
z222z203z3                    1.000000
z227z24z3                     1.000000
z227z31z3                     1.000000
z227z124z3                    1.000000
z227z146z2                    1.000000
z227z154z3                    1.000000
z227z201z3                    1.000000
z227z203z3                    1.000000
z230z110z1                    1.000000
z232z54z2                     1.000000
z232z223z2                    1.000000
z235z4z1                      1.000000
z235z13z1                     1.000000
z235z33z2                     1.000000
z235z42z1                     1.000000
z235z44z1                     1.000000
z235z49z2                     1.000000
z235z54z2                     1.000000
z235z65z2                     1.000000
z235z70z2                     1.000000
z235z80z1                     1.000000
z235z87z1                     1.000000
z235z91z2                     1.000000
z235z99z1                     1.000000
z235z100z2                    1.000000
z235z110z1                    1.000000
z235z123z2                    1.000000
z235z130z1                    1.000000
z235z134z2                    1.000000
z235z181z2                    1.000000
z235z193z1                    1.000000
z235z194z1                    1.000000
z235z197z2                    1.000000
z235z208z2                    1.000000
z235z212z1                    1.000000
z235z219z1                    1.000000
z235z223z2                    1.000000
z235z228z2                    1.000000
z235z230z1                    1.000000
All other variables in the range 1-15309 are 0.
