
Log started (V12.10.0.0) Sun Apr  4 07:40:05 2021


Problem 'asset.lp' read.
Read time = 0.00 sec. (0.15 ticks)
New value for default parallel thread count: 1
New value for time limit in seconds: 300
Version identifier: 12.10.0.0 | 2019-11-26 | 843d4de
CPXPARAM_Threads                                 1
CPXPARAM_TimeLimit                               300
Found incumbent of value -0.885900 after 0.00 sec. (0.07 ticks)
Tried aggregator 3 times.
MIP Presolve eliminated 548 rows and 218 columns.
MIP Presolve modified 1063 coefficients.
Aggregator did 419 substitutions.
Reduced MIP has 478 rows, 643 columns, and 2523 nonzeros.
Reduced MIP has 553 binaries, 61 generals, 0 SOSs, and 0 indicators.
Presolve time = 0.01 sec. (5.24 ticks)
Probing fixed 8 vars, tightened 1 bounds.
Probing time = 0.00 sec. (1.56 ticks)
Cover probing fixed 0 vars, tightened 5 bounds.
Tried aggregator 1 time.
Detecting symmetries...
MIP Presolve eliminated 20 rows and 19 columns.
MIP Presolve modified 170 coefficients.
Reduced MIP has 458 rows, 624 columns, and 2308 nonzeros.
Reduced MIP has 535 binaries, 60 generals, 0 SOSs, and 0 indicators.
Presolve time = 0.00 sec. (2.55 ticks)
Probing time = 0.00 sec. (1.36 ticks)
Clique table members: 1555.
MIP emphasis: balance optimality and feasibility.
MIP search method: dynamic search.
Parallel mode: none, using 1 thread.
Root relaxation solution time = 0.00 sec. (3.21 ticks)

        Nodes                                         Cuts/
   Node  Left     Objective  IInf  Best Integer    Best Bound    ItCnt     Gap

*     0+    0                           -0.8859      137.8341              --- 
      0     0      137.8317   160       -0.8859      137.8317      271     --- 
      0     0      137.8279   160       -0.8859     Cuts: 214      497     --- 
      0     0      137.8243   160       -0.8859     Cuts: 210      744     --- 
      0     0      137.8236   160       -0.8859     Cuts: 164      906     --- 
      0     0      137.8227   160       -0.8859     Cuts: 131     1014     --- 
      0     0      137.8224   160       -0.8859     Cuts: 138     1096     --- 
Detecting symmetries...
*     0+    0                           36.2477      137.8224           280.22%
      0     0        cutoff             36.2477      137.8224     1096  280.22%
Detecting symmetries...
      0     2      137.8224   232       36.2477      137.8224     1096  280.22%
Elapsed time = 0.14 sec. (137.11 ticks, tree = 0.01 MB, solutions = 1)
*    50+   43                          128.5562      137.8224             7.21%
*    60+   53                          128.5581      137.8224             7.21%
*    60+   53                          128.5589      137.8224             7.21%
*    60+   53                          128.5601      137.8224             7.20%
*    69    59      integral     0      128.5612      137.8224     2066    7.20%
*   170+  112                          132.0171      137.8220             4.40%
*   180+  122                          132.0189      137.8220             4.40%
    230   168      134.9181   173      132.0189      137.8220     5215    4.40%
*   280+  214                          132.0236      137.8220             4.39%
*   350+  281                          132.4816      137.8220             4.03%
*   479+  396                          132.4847      137.8220             4.03%
    587   502      134.1273    79      132.4847      137.8211     9721    4.03%
*   589+  502                          132.5770      137.8211             3.96%
*   589+  473                          134.1139      137.8211             2.76%
*   590+  464                          134.1172      137.8211             2.76%
*   590+  457                          134.1190      137.8211             2.76%
*   590+  454                          134.1196      137.8211             2.76%
*   590+  452                          134.1202      137.8211             2.76%
*   590+  351                          134.9814      137.8211             2.10%
    590   353      137.8117   196      134.9814      137.8210     9945    2.10%
*   650+  402                          134.9834      137.8209             2.10%
*   670+  420                          134.9847      137.8209             2.10%
*   675   423      integral     0      134.9864      137.8209    11647    2.10%
*   775+  478                          134.9871      137.8204             2.10%
    797   497      135.0144   175      134.9871      137.8204    15380    2.10%
    972   630      134.9937    70      134.9871      137.8198    20842    2.10%
   1240   848      135.0061   142      134.9871      137.8189    26512    2.10%

Performing restart 1

Repeating presolve.
Tried aggregator 2 times.
MIP Presolve eliminated 29 rows and 40 columns.
MIP Presolve modified 328 coefficients.
Aggregator did 2 substitutions.
Reduced MIP has 427 rows, 582 columns, and 1874 nonzeros.
Reduced MIP has 498 binaries, 57 generals, 0 SOSs, and 0 indicators.
Presolve time = 0.00 sec. (2.49 ticks)
Tried aggregator 1 time.
MIP Presolve eliminated 2 rows and 0 columns.
MIP Presolve modified 8 coefficients.
Reduced MIP has 425 rows, 582 columns, and 1870 nonzeros.
Reduced MIP has 498 binaries, 57 generals, 0 SOSs, and 0 indicators.
Presolve time = 0.00 sec. (1.48 ticks)
Represolve time = 0.01 sec. (8.45 ticks)
   1371     0      137.8161   211      134.9871     Cuts: 163    30349    2.10%
   1371     0      137.8157   211      134.9871      Cuts: 97    30513    2.10%
   1371     0      137.8146   211      134.9871     Cuts: 113    30709    2.09%
   1371     0      137.8135   211      134.9871     Cuts: 125    30833    2.09%
   1371     0      137.8129   211      134.9871     Cuts: 110    30934    2.09%
   1371     0      137.8124   211      134.9871      Cuts: 91    31072    2.09%
   1371     0      137.8119   211      134.9871      Cuts: 74    31253    2.09%
   1371     0      137.8115   211      134.9871      Cuts: 80    31377    2.09%
   1371     0      137.8111   211      134.9871      Cuts: 78    31517    2.09%
   1371     0      137.8109   211      134.9871      Cuts: 77    31653    2.09%
*  1371+    0                          134.9883      137.8109             2.09%
   1371     0        cutoff            134.9883      137.8109    31653    2.09%
   1371     0      137.8106   211      134.9883      Cuts: 55    31802    2.09%
   1371     0      137.8103   211      134.9883      Cuts: 67    31949    2.09%
   1371     0      137.8100   211      134.9883      Cuts: 53    32056    2.09%
   1371     0      137.8099   211      134.9883      Cuts: 30    32159    2.09%
*  1371+    0                          134.9884      137.8099             2.09%
*  1371+    0                          134.9885      137.8099             2.09%
   1371     0        cutoff            134.9885      137.8099    32159    2.09%
   1371     2      137.8099   216      134.9885      137.8099    32159    2.09%
   1374     5      137.8088   200      134.9885      137.8099    32418    2.09%
   1381    12      137.3369   167      134.9885      137.8099    33046    2.09%
   1561   134      137.8073   180      134.9885      137.8078    39808    2.09%
Elapsed time = 4.46 sec. (5110.47 ticks, tree = 0.35 MB, solutions = 25)
   1854   341      135.0056   152      134.9885      137.8047    50269    2.09%
   2374   731      135.0073   135      134.9885      135.0097    60017    0.02%
   2991  1190      135.0038   130      134.9885      135.0087    71675    0.01%
*  3416  1482      integral     0      134.9889      135.0078    81196    0.01%
*  3417  1481      integral     0      134.9889      135.0078    81197    0.01%
*  3517+ 1510                          134.9901      135.0074             0.01%
   3646  1615      135.0036   110      134.9901      135.0073    86384    0.01%
   4267  2018      135.0030   104      134.9901      135.0068   100004    0.01%
*  4549  2222      integral     0      134.9902      135.0067   104836    0.01%
*  4649+ 2166                          134.9916      135.0067             0.01%
   5027  2432      135.0047   118      134.9916      135.0065   113516    0.01%
   5718  2936      135.0035   104      134.9916      135.0063   127738    0.01%
   6537  3487      135.0012   117      134.9916      135.0059   143496    0.01%
   7198  3953      135.0015   112      134.9916      135.0057   156920    0.01%
   8091  4597      134.9998    97      134.9916      135.0055   172200    0.01%
Elapsed time = 12.59 sec. (14688.30 ticks, tree = 15.88 MB, solutions = 30)
   8961  5217      134.9937    40      134.9916      135.0054   188331    0.01%
   9826  5807      134.9982   107      134.9916      135.0052   203105    0.01%

GUB cover cuts applied:  6
Clique cuts applied:  9
Implied bound cuts applied:  34
Flow cuts applied:  22
Mixed integer rounding cuts applied:  117
Zero-half cuts applied:  8
Lift and project cuts applied:  22
Gomory fractional cuts applied:  13

Root node processing (before b&c):
  Real time             =    0.14 sec. (137.38 ticks)
Sequential b&c:
  Real time             =   14.71 sec. (17260.95 ticks)
                          ------------
Total (root+branch&cut) =   14.85 sec. (17398.33 ticks)

Solution pool: 31 solutions saved.

MIP - Integer optimal, tolerance (0.0001/1e-06):  Objective =  1.3499164791e+02
Current MIP best bound =  1.3500514663e+02 (gap = 0.0134987, 0.01%)
Solution time =   14.85 sec.  Iterations = 215147  Nodes = 10464 (6244)
Deterministic time = 17398.33 ticks  (1171.35 ticks/sec)


Incumbent solution
Variable Name           Solution Value
F                           165.000000
f1                            0.928352
f2                           29.080000
y90                           1.000000
y146                          1.000000
y44                           1.000000
y65                           1.000000
y116                          1.000000
y285                          1.000000
y293                          1.000000
y256                          1.000000
y162                          1.000000
y110                          1.000000
y276                          1.000000
y52                           1.000000
y139                          1.000000
y126                          1.000000
y2                            1.000000
y99                           1.000000
y194                          1.000000
y53                           1.000000
y172                          1.000000
y178                          1.000000
y81                           1.000000
y95                           1.000000
y142                          1.000000
y187                          1.000000
y96                           1.000000
s5                            6.000000
s90                           6.479382
s138                          6.000000
s146                          6.552579
s206                          6.000000
s216                          6.000000
s221                          6.000000
s243                          6.000000
s44                           6.020000
s16                           6.180000
s65                           6.757764
s116                          6.410000
s285                          6.754855
s293                          7.266273
s256                          7.430278
s162                          6.770000
s110                          6.880000
s276                          7.467462
s52                           7.986333
s139                          8.102811
s126                          7.220000
s2                            7.855620
s99                           7.500000
s194                          7.984136
s53                           7.919815
s172                          8.374633
s178                          8.042450
s81                           7.640000
s95                           8.648815
s142                          7.762617
s187                          7.650000
s96                           8.664907
x100x110x1                    1.000000
x203x65x1                     2.000000
x24x110x1                     1.000000
x136x162x1                    1.000000
x128x187x1                    2.000000
x83x285x1                     1.000000
x100x126x2                    1.000000
x14x90x2                      1.000000
x136x285x2                    1.000000
x232x256x2                    2.000000
x113x99x2                     1.000000
x217x276x2                    1.000000
x98x44x2                      1.000000
x83x90x2                      1.000000
x121x146x3                    2.000000
x14x162x3                     1.000000
x24x126x3                     1.000000
x168x293x3                    2.000000
x113x81x3                     1.000000
x217x81x3                     1.000000
x22x116x3                     1.000000
x173x116x3                    1.000000
x235x44x3                     1.000000
x90x2x2                       1.000000
x90x142x2                     1.000000
x146x53x3                     1.000000
x146x178x3                    1.000000
x44x276x2                     1.000000
x44x99x3                      1.000000
x65x194x1                     2.000000
x116x2x3                      1.000000
x116x142x3                    1.000000
x285x52x1                     1.000000
x285x178x2                    1.000000
x293x0x3                      1.000000
x293x95x3                     1.000000
x256x0x2                      2.000000
x162x53x1                     1.000000
x162x52x3                     1.000000
x110x139x1                    2.000000
x276x0x2                      1.000000
x276x95x2                     1.000000
x52x0x1                       1.000000
x52x0x3                       1.000000
x139x0x1                      2.000000
x126x172x2                    1.000000
x126x172x3                    1.000000
x2x0x2                        1.000000
x2x0x3                        1.000000
x99x0x2                       1.000000
x99x0x3                       1.000000
x194x0x1                      2.000000
x53x0x1                       1.000000
x53x0x3                       1.000000
x172x0x2                      1.000000
x172x0x3                      1.000000
x178x0x2                      1.000000
x178x0x3                      1.000000
x81x0x3                       2.000000
x95x0x2                       1.000000
x95x0x3                       1.000000
x142x0x2                      1.000000
x142x0x3                      1.000000
x187x96x1                     2.000000
x96x0x1                       2.000000
s121                          5.002875
z121z146z3                    1.000000
z121z81z3                     1.000000
s100                          5.054957
z100z110z1                    1.000000
z100z276z2                    1.000000
z100z139z1                    1.000000
z100z126z2                    1.000000
z100z194z1                    1.000000
z100z187z1                    1.000000
z100z96z1                     1.000000
s203                          5.209818
z203z65z1                     1.000000
z203z139z1                    1.000000
z203z194z1                    1.000000
z203z187z1                    1.000000
z203z96z1                     1.000000
s14                           5.093874
z14z90z2                      1.000000
z14z256z2                     1.000000
z14z162z3                     1.000000
z14z276z2                     1.000000
z14z81z3                      1.000000
s24                           5.136497
z24z110z1                     1.000000
z24z139z1                     1.000000
z24z126z3                     1.000000
z24z194z1                     1.000000
z24z81z3                      1.000000
z24z187z1                     1.000000
z24z96z1                      1.000000
s136                          5.228504
z136z285z2                    1.000000
z136z162z1                    1.000000
z136z276z2                    1.000000
z136z139z1                    1.000000
z136z194z1                    1.000000
z136z187z1                    1.000000
z136z96z1                     1.000000
s168                          5.783646
z168z293z3                    1.000000
z168z81z3                     1.000000
s128                          5.769124
z128z194z1                    1.000000
z128z187z1                    1.000000
z128z96z1                     1.000000
s232                          5.949561
z232z256z2                    1.000000
s113                          5.960000
z113z99z2                     1.000000
z113z81z3                     1.000000
s217                          5.960000
z217z276z2                    1.000000
z217z81z3                     1.000000
s22                           4.390000
z22z116z3                     1.000000
z22z293z3                     1.000000
z22z81z3                      1.000000
s173                          4.384930
z173z116z3                    1.000000
z173z293z3                    1.000000
z173z81z3                     1.000000
s98                           4.365540
z98z44z2                      1.000000
z98z256z2                     1.000000
z98z276z2                     1.000000
s83                           4.599050
z83z90z2                      1.000000
z83z285z1                     1.000000
z83z256z2                     1.000000
z83z110z1                     1.000000
z83z276z2                     1.000000
z83z139z1                     1.000000
z83z194z1                     1.000000
z83z187z1                     1.000000
z83z96z1                      1.000000
s235                          4.540920
z235z44z3                     1.000000
z235z116z3                    1.000000
z235z293z3                    1.000000
z235z81z3                     1.000000
z90z2z2                       1.000000
z90z142z2                     1.000000
z146z53z3                     1.000000
z146z178z3                    1.000000
z44z276z2                     1.000000
z44z99z3                      1.000000
z65z194z1                     1.000000
z116z2z3                      1.000000
z116z142z3                    1.000000
z285z52z1                     1.000000
z285z178z2                    1.000000
z293z95z3                     1.000000
z162z52z3                     1.000000
z162z53z1                     1.000000
z110z139z1                    1.000000
z276z95z2                     1.000000
z126z172z2                    1.000000
z126z172z3                    1.000000
z187z96z1                     1.000000
All other variables in the range 1-1282 are 0.
