
Log started (V12.10.0.0) Thu Apr  8 18:15:35 2021


Problem 'asset.lp' read.
Read time = 0.00 sec. (0.06 ticks)
New value for default parallel thread count: 1
New value for time limit in seconds: 200
Version identifier: 12.10.0.0 | 2019-11-26 | 843d4de
CPXPARAM_Threads                                 1
CPXPARAM_TimeLimit                               200
Found incumbent of value -0.889336 after 0.00 sec. (0.03 ticks)
Tried aggregator 3 times.
MIP Presolve eliminated 217 rows and 157 columns.
MIP Presolve modified 518 coefficients.
Aggregator did 155 substitutions.
Reduced MIP has 264 rows, 275 columns, and 1089 nonzeros.
Reduced MIP has 215 binaries, 42 generals, 0 SOSs, and 0 indicators.
Presolve time = 0.00 sec. (2.28 ticks)
Probing fixed 84 vars, tightened 9 bounds.
Probing time = 0.00 sec. (0.45 ticks)
Cover probing fixed 0 vars, tightened 14 bounds.
Tried aggregator 1 time.
MIP Presolve eliminated 118 rows and 115 columns.
MIP Presolve modified 4 coefficients.
Reduced MIP has 146 rows, 156 columns, and 455 nonzeros.
Reduced MIP has 110 binaries, 29 generals, 0 SOSs, and 0 indicators.
Presolve time = 0.00 sec. (0.49 ticks)
Probing time = 0.00 sec. (0.12 ticks)
Tried aggregator 1 time.
Detecting symmetries...
MIP Presolve modified 14 coefficients.
Reduced MIP has 146 rows, 156 columns, and 455 nonzeros.
Reduced MIP has 110 binaries, 29 generals, 0 SOSs, and 0 indicators.
Presolve time = 0.00 sec. (0.31 ticks)
Probing time = 0.00 sec. (0.12 ticks)
Clique table members: 111.
MIP emphasis: balance optimality and feasibility.
MIP search method: dynamic search.
Parallel mode: none, using 1 thread.
Root relaxation solution time = 0.00 sec. (0.66 ticks)

        Nodes                                         Cuts/
   Node  Left     Objective  IInf  Best Integer    Best Bound    ItCnt     Gap

*     0+    0                           -0.8893       64.8384              --- 
      0     0       44.6293    42       -0.8893       44.6293       85     --- 
*     0+    0                           44.6176       44.6293             0.03%
      0     0       44.6193    42       44.6176      Cuts: 47      115    0.00%

Clique cuts applied:  9
Implied bound cuts applied:  12
Zero-half cuts applied:  2
Lift and project cuts applied:  1
Gomory fractional cuts applied:  7

Root node processing (before b&c):
  Real time             =    0.01 sec. (6.71 ticks)
Sequential b&c:
  Real time             =    0.00 sec. (0.00 ticks)
                          ------------
Total (root+branch&cut) =    0.01 sec. (6.71 ticks)

Solution pool: 2 solutions saved.

MIP - Integer optimal, tolerance (0.0001/1e-06):  Objective =  4.4617572909e+01
Current MIP best bound =  4.4619318734e+01 (gap = 0.00174583, 0.00%)
Solution time =    0.01 sec.  Iterations = 115  Nodes = 0 (1)
Deterministic time = 6.71 ticks  (539.64 ticks/sec)


Incumbent solution
Variable Name           Solution Value
F                            60.000000
f1                            0.912427
f2                           14.470000
y104                          1.000000
y124                          1.000000
y108                          1.000000
y144                          1.000000
y53                           1.000000
y117                          1.000000
y122                          1.000000
y120                          1.000000
y182                          1.000000
s11                           6.000000
s36                           6.000000
s58                           6.000000
s95                           6.000000
s129                          6.000000
s146                          6.000000
s163                          6.000000
s175                          6.000000
s189                          6.000000
s202                          6.110000
s104                          6.861816
s92                           6.180000
s124                          6.628120
s51                           6.210000
s187                          6.240000
s108                          7.118880
s54                           6.270000
s144                          7.025870
s53                           7.002410
s125                          6.760000
s55                           6.770000
s117                          6.835200
s122                          7.120353
s91                           6.820000
s120                          6.900000
s182                          7.990262
x153x124x1                    1.000000
x153x117x1                    1.000000
x41x104x1                     1.000000
x41x108x1                     1.000000
x19x108x1                     1.000000
x43x53x2                      1.000000
x43x120x2                     1.000000
x185x104x2                    1.000000
x185x144x2                    1.000000
x67x144x2                     1.000000
x67x120x2                     1.000000
x64x124x3                     1.000000
x64x117x3                     1.000000
x14x53x3                      1.000000
x14x122x3                     1.000000
x19x122x3                     1.000000
x104x0x1                      1.000000
x104x0x2                      1.000000
x124x0x1                      1.000000
x124x182x3                    1.000000
x108x0x1                      2.000000
x144x0x2                      2.000000
x53x0x2                       1.000000
x53x0x3                       1.000000
x117x0x1                      1.000000
x117x182x3                    1.000000
x122x0x3                      2.000000
x120x0x2                      2.000000
x182x0x3                      2.000000
s153                          5.234895
z153z124z1                    1.000000
z153z108z1                    1.000000
z153z117z1                    1.000000
s43                           5.173330
z43z53z2                      1.000000
z43z120z2                     1.000000
s41                           5.182070
z41z104z1                     1.000000
z41z108z1                     1.000000
s64                           5.067820
z64z124z3                     1.000000
z64z117z3                     1.000000
z64z122z3                     1.000000
z64z182z3                     1.000000
s185                          5.147280
z185z104z2                    1.000000
z185z144z2                    1.000000
z185z120z2                    1.000000
s14                           5.265470
z14z53z3                      1.000000
z14z122z3                     1.000000
z14z182z3                     1.000000
s67                           5.285660
z67z144z2                     1.000000
z67z120z2                     1.000000
s19                           5.362670
z19z108z1                     1.000000
z19z122z3                     1.000000
z19z182z3                     1.000000
z124z182z3                    1.000000
z117z182z3                    1.000000
All other variables in the range 1-589 are 0.
