
Log started (V12.10.0.0) Fri Apr  2 09:21:29 2021

Warning, line 2228: Name 's34' does not exist.
Warning, line 2230: Name 's224' does not exist.
Warning, line 2237: Name 's63' does not exist.
Warning, line 2238: Name 's188' does not exist.

Problem 'asset.lp' read.
Read time = 0.00 sec. (0.19 ticks)
New value for default parallel thread count: 1
New value for time limit in seconds: 300
Version identifier: 12.10.0.0 | 2019-11-26 | 843d4de
CPXPARAM_Threads                                 1
CPXPARAM_TimeLimit                               300
Found incumbent of value 0.000000 after 0.00 sec. (0.06 ticks)
Tried aggregator 3 times.
MIP Presolve eliminated 275 rows and 55 columns.
MIP Presolve modified 1700 coefficients.
Aggregator did 705 substitutions.
Reduced MIP has 864 rows, 1026 columns, and 4393 nonzeros.
Reduced MIP has 873 binaries, 112 generals, 0 SOSs, and 0 indicators.
Presolve time = 0.01 sec. (8.82 ticks)
Probing fixed 102 vars, tightened 20 bounds.
Probing time = 0.01 sec. (9.76 ticks)
Cover probing fixed 0 vars, tightened 18 bounds.
Tried aggregator 2 times.
MIP Presolve eliminated 160 rows and 152 columns.
MIP Presolve modified 453 coefficients.
Aggregator did 2 substitutions.
Reduced MIP has 702 rows, 869 columns, and 3632 nonzeros.
Reduced MIP has 748 binaries, 88 generals, 0 SOSs, and 0 indicators.
Presolve time = 0.01 sec. (6.03 ticks)
Probing time = 0.00 sec. (2.94 ticks)
Cover probing fixed 0 vars, tightened 2 bounds.
Tried aggregator 1 time.
Detecting symmetries...
MIP Presolve modified 70 coefficients.
Reduced MIP has 702 rows, 869 columns, and 3630 nonzeros.
Reduced MIP has 748 binaries, 88 generals, 0 SOSs, and 0 indicators.
Presolve time = 0.00 sec. (2.34 ticks)
Probing time = 0.00 sec. (2.95 ticks)
Clique table members: 2696.
MIP emphasis: balance optimality and feasibility.
MIP search method: dynamic search.
Parallel mode: none, using 1 thread.
Root relaxation solution time = 0.01 sec. (8.56 ticks)

        Nodes                                         Cuts/
   Node  Left     Objective  IInf  Best Integer    Best Bound    ItCnt     Gap

*     0+    0                            0.0000      590.0000              --- 
      0     0      363.6400   112        0.0000      363.6400      452     --- 
      0     0      351.5866   112        0.0000     Cuts: 250      631     --- 
      0     0      346.5950   112        0.0000     Cuts: 186      750     --- 
      0     0      344.6111   112        0.0000     Cuts: 123      838     --- 
      0     0      343.6473   112        0.0000      Cuts: 89      906     --- 
      0     0      342.8237   112        0.0000     Cuts: 119      955     --- 
Detecting symmetries...
      0     0      341.4005   112        0.0000      Cuts: 63     1005     --- 
      0     0      340.9641   112        0.0000      Cuts: 68     1043     --- 
      0     0      340.7756   112        0.0000      Cuts: 59     1081     --- 
      0     0      340.7127   112        0.0000      Cuts: 44     1111     --- 
      0     0      340.5473   112        0.0000      Cuts: 28     1145     --- 
      0     0      340.3600   112        0.0000      Cuts: 29     1176     --- 
      0     0      340.3551   112        0.0000      Cuts: 33     1194     --- 
      0     0      340.3525   112        0.0000      Cuts: 10     1210     --- 
*     0+    0                          160.0000      340.3525           112.72%
*     0+    0                          170.0000      340.3525           100.21%
      0     0        cutoff            170.0000      340.3525     1210  100.21%
Detecting symmetries...
      0     2      340.3525   165      170.0000      340.3516     1210  100.21%
Elapsed time = 0.26 sec. (250.88 ticks, tree = 0.01 MB, solutions = 2)
*    40+   40                          245.0000      340.1617            38.84%
    169   142      322.6781   128      245.0000      337.6593     5952   37.82%
    415   344      278.7337    89      245.0000      333.7765    11114   36.24%
    532   412      253.2990    44      245.0000      330.3462    15317   34.84%
    728   564      275.1802    61      245.0000      327.7370    20417   33.77%
    924   661        cutoff            245.0000      322.9123    25606   31.80%

Performing restart 1

Repeating presolve.
Tried aggregator 2 times.
MIP Presolve eliminated 2 rows and 0 columns.
MIP Presolve modified 728 coefficients.
Aggregator did 7 substitutions.
Reduced MIP has 693 rows, 862 columns, and 3042 nonzeros.
Reduced MIP has 741 binaries, 88 generals, 0 SOSs, and 0 indicators.
Presolve time = 0.01 sec. (4.20 ticks)
Tried aggregator 1 time.
Reduced MIP has 693 rows, 862 columns, and 3042 nonzeros.
Reduced MIP has 741 binaries, 88 generals, 0 SOSs, and 0 indicators.
Presolve time = 0.00 sec. (2.28 ticks)
Represolve time = 0.03 sec. (19.13 ticks)
   1030     0      315.2036   179      245.0000     Cuts: 273    29391   28.65%
   1030     0      303.1043   179      245.0000     Cuts: 137    29483   23.72%
   1030     0      293.1406   179      245.0000     Cuts: 148    29630   19.65%
   1030     0      290.3751   179      245.0000     Cuts: 138    29707   18.52%
   1030     0      288.4366   179      245.0000     Cuts: 103    29766   17.73%
   1030     0      285.9110   179      245.0000      Cuts: 78    29876   16.70%
   1030     0      284.8257   179      245.0000      Cuts: 79    29949   16.26%
   1030     0      283.7905   179      245.0000      Cuts: 98    30042   15.83%
   1030     0      283.3370   179      245.0000      Cuts: 79    30104   15.65%
   1030     0      282.9458   179      245.0000      Cuts: 68    30160   15.49%
   1030     0      281.9687   179      245.0000      Cuts: 73    30249   15.09%
   1030     0      281.6310   179      245.0000      Cuts: 69    30297   14.95%
   1030     0      281.5714   179      245.0000      Cuts: 48    30325   14.93%
   1030     0      281.4693   179      245.0000      Cuts: 36    30358   14.89%
   1030     0      281.4413   179      245.0000      Cuts: 33    30378   14.87%
   1030     0      281.4244   179      245.0000      Cuts: 28    30398   14.87%
   1030     0      281.1717   179      245.0000      Cuts: 14    30456   14.76%
*  1030+    0                          250.0000      281.1717            12.47%
   1030     0      280.9562   179      250.0000      Cuts: 46    30539   12.38%
   1030     0      280.9493   179      250.0000      Cuts: 70    30601   12.38%
   1030     0      280.9172   179      250.0000      Cuts: 24    30653   12.37%
   1030     0      280.7965   179      250.0000      Cuts: 36    30695   12.32%
   1030     0      280.7765   179      250.0000      Cuts: 49    30725   12.31%
   1030     0      280.7151   179      250.0000      Cuts: 20    30757   12.29%
   1030     0      280.5511   179      250.0000      Cuts: 40    30794   12.22%
   1030     0      280.3652   179      250.0000      Cuts: 23    30822   12.15%
   1030     0      280.1786   179      250.0000      Cuts: 33    30881   12.07%
   1030     0      279.7599   179      250.0000      Cuts: 40    30947   11.90%
   1030     0      279.5610   179      250.0000      Cuts: 31    30983   11.82%
   1030     0      279.4231   179      250.0000      Cuts: 31    31037   11.77%
   1030     0      279.3883   179      250.0000      Cuts: 48    31063   11.76%
   1030     2      279.3883    94      250.0000      279.3170    31063   11.73%
*  1046     6      integral     0      255.0000      275.9631    31488    8.22%
   1049     7      262.5000    36      255.0000      275.7183    31681    8.12%
   1062     7      269.8513    86      255.0000      271.9231    32524    6.64%
*  1085    11      integral     0      260.0000      271.1667    33539    4.29%

GUB cover cuts applied:  6
Clique cuts applied:  63
Cover cuts applied:  5
Implied bound cuts applied:  52
Flow cuts applied:  2
Mixed integer rounding cuts applied:  45
Zero-half cuts applied:  44
Lift and project cuts applied:  9
Gomory fractional cuts applied:  3

Root node processing (before b&c):
  Real time             =    0.26 sec. (250.97 ticks)
Sequential b&c:
  Real time             =    3.04 sec. (3387.78 ticks)
                          ------------
Total (root+branch&cut) =    3.30 sec. (3638.76 ticks)

Solution pool: 7 solutions saved.

MIP - Integer optimal solution:  Objective =  2.6000000000e+02
Solution time =    3.30 sec.  Iterations = 34155  Nodes = 1096
Deterministic time = 3638.76 ticks  (1103.21 ticks/sec)


Incumbent solution
Variable Name           Solution Value
F                           260.000000
y43                           1.000000
y139                          1.000000
y198                          1.000000
y39                           1.000000
y339                          1.000000
y155                          1.000000
y211                          1.000000
y270                          1.000000
y162                          1.000000
y77                           1.000000
y119                          1.000000
y187                          1.000000
y312                          1.000000
y11                           1.000000
y328                          1.000000
x298x11x1                     1.000000
x298x328x1                    1.000000
x318x162x1                    1.000000
x318x312x1                    1.000000
x18x77x1                      1.000000
x200x198x1                    1.000000
x147x211x2                    1.000000
x196x119x2                    1.000000
x88x328x2                     1.000000
x302x187x2                    1.000000
x264x39x2                     2.000000
x200x43x2                     1.000000
x75x119x3                     1.000000
x75x187x3                     1.000000
x88x11x3                      1.000000
x18x312x3                     1.000000
x302x77x3                     1.000000
x124x43x3                     1.000000
x124x198x3                    1.000000
x203x139x3                    2.000000
x43x339x2                     1.000000
x43x339x3                     1.000000
x139x211x3                    1.000000
x139x270x3                    1.000000
x198x155x1                    1.000000
x198x155x3                    1.000000
x39x270x2                     1.000000
x39x162x2                     1.000000
x339x0x2                      1.000000
x339x0x3                      1.000000
x155x0x1                      1.000000
x155x0x3                      1.000000
x211x0x2                      1.000000
x211x0x3                      1.000000
x270x0x2                      1.000000
x270x0x3                      1.000000
x162x0x1                      1.000000
x162x0x2                      1.000000
x77x0x1                       1.000000
x77x0x3                       1.000000
x119x0x2                      1.000000
x119x0x3                      1.000000
x187x0x2                      1.000000
x187x0x3                      1.000000
x312x0x1                      1.000000
x312x0x3                      1.000000
x11x0x1                       1.000000
x11x0x3                       1.000000
x328x0x1                      1.000000
x328x0x2                      1.000000
s147                          6.974777
s163                          7.270000
s43                           7.290000
s213                          7.330000
s56                           7.360000
s184                          7.390000
s89                           7.430000
s221                          7.450000
s39                           7.480000
s339                          8.520000
s106                          7.610000
s332                          7.640000
s306                          7.660000
s301                          7.680000
s76                           7.830000
s211                          8.830000
z147z211z2                    1.000000
s259                          8.910000
s270                          8.920000
s23                           8.940000
s299                          8.950000
s162                          9.070000
s105                          9.110000
s119                          9.330000
s187                          9.410000
s168                          9.420000
z147z168z2                    1.000000
s328                          9.460000
s196                          7.579497
s77                           9.233117
z196z119z2                    1.000000
s312                          9.430000
s11                           9.460000
s58                           9.460000
z196z58z1                     1.000000
s298                          7.937975
z298z11z1                     1.000000
z298z58z1                     1.000000
z298z328z1                    1.000000
s318                          7.498849
z318z162z1                    1.000000
z318z312z1                    1.000000
z318z58z1                     1.000000
s75                           7.553585
z75z119z3                     1.000000
z75z187z3                     1.000000
s88                           8.161919
z88z11z3                      1.000000
z88z328z2                     1.000000
s18                           7.843225
z18z77z1                      1.000000
z18z312z3                     1.000000
z18z58z1                      1.000000
s302                          7.806117
z302z77z3                     1.000000
z302z187z2                    1.000000
s264                          5.670000
z264z163z2                    1.000000
s300                          7.320000
z264z300z2                    1.000000
s66                           7.370000
z264z66z2                     1.000000
z264z89z2                     1.000000
z264z221z2                    1.000000
z264z39z2                     1.000000
z264z301z2                    1.000000
z264z76z2                     1.000000
z264z259z2                    1.000000
z264z23z2                     1.000000
z264z105z2                    1.000000
z264z168z2                    1.000000
s200                          5.770000
z200z163z2                    1.000000
z200z43z2                     1.000000
s131                          7.434000
s198                          7.489727
z200z198z1                    1.000000
s2                            7.390000
z200z221z2                    1.000000
s239                          7.470000
z200z239z1                    1.000000
z200z39z2                     1.000000
s237                          7.520000
z200z237z1                    1.000000
s150                          8.570000
z200z150z1                    1.000000
z200z301z2                    1.000000
s217                          7.710000
z200z217z1                    1.000000
s257                          8.710000
z200z257z1                    1.000000
s1                            7.820000
s155                          8.820000
z200z76z2                     1.000000
s322                          7.850000
s261                          8.870000
s96                           8.890000
z200z96z1                     1.000000
z200z259z2                    1.000000
s20                           8.940000
z200z23z2                     1.000000
s151                          9.070000
z200z151z1                    1.000000
z200z105z2                    1.000000
z200z168z2                    1.000000
z200z58z1                     1.000000
s124                          5.900000
z124z43z3                     1.000000
s139                          7.468243
z124z198z3                    1.000000
s233                          7.350000
s241                          7.810000
z124z241z3                    1.000000
s26                           7.830000
z124z26z3                     1.000000
s203                          5.960000
z203z139z3                    1.000000
z203z241z3                    1.000000
z203z26z3                     1.000000
z43z339z2                     1.000000
z43z339z3                     1.000000
z139z211z3                    1.000000
z139z270z3                    1.000000
z300z168z2                    1.000000
z198z155z1                    1.000000
z198z155z3                    1.000000
z66z168z2                     1.000000
z39z270z2                     1.000000
z39z162z2                     1.000000
z76z23z2                      1.000000
All other variables in the range 1-1787 are 0.
