
Log started (V12.10.0.0) Fri Apr 23 11:57:16 2021


Problem 'asset.lp' read.
Read time = 0.01 sec. (0.36 ticks)
New value for default parallel thread count: 1
New value for time limit in seconds: 150
Version identifier: 12.10.0.0 | 2019-11-26 | 843d4de
CPXPARAM_Threads                                 1
CPXPARAM_TimeLimit                               150
Found incumbent of value 0.000000 after 0.00 sec. (0.09 ticks)
Tried aggregator 3 times.
MIP Presolve eliminated 2015 rows and 605 columns.
MIP Presolve modified 2361 coefficients.
Aggregator did 744 substitutions.
Reduced MIP has 971 rows, 1161 columns, and 4937 nonzeros.
Reduced MIP has 981 binaries, 143 generals, 0 SOSs, and 0 indicators.
Presolve time = 0.02 sec. (12.18 ticks)
Probing fixed 146 vars, tightened 18 bounds.
Probing time = 0.01 sec. (3.90 ticks)
Cover probing fixed 0 vars, tightened 21 bounds.
Tried aggregator 2 times.
MIP Presolve eliminated 191 rows and 188 columns.
MIP Presolve modified 109 coefficients.
Aggregator did 1 substitutions.
Reduced MIP has 779 rows, 972 columns, and 3793 nonzeros.
Reduced MIP has 811 binaries, 125 generals, 0 SOSs, and 0 indicators.
Presolve time = 0.01 sec. (6.11 ticks)
Probing time = 0.00 sec. (2.48 ticks)
Cover probing fixed 0 vars, tightened 14 bounds.
Tried aggregator 1 time.
Detecting symmetries...
MIP Presolve eliminated 3 rows and 3 columns.
MIP Presolve modified 392 coefficients.
Reduced MIP has 776 rows, 969 columns, and 3784 nonzeros.
Reduced MIP has 808 binaries, 125 generals, 0 SOSs, and 0 indicators.
Presolve time = 0.00 sec. (2.52 ticks)
Probing time = 0.00 sec. (2.46 ticks)
Clique table members: 2642.
MIP emphasis: balance optimality and feasibility.
MIP search method: dynamic search.
Parallel mode: none, using 1 thread.
Root relaxation solution time = 0.01 sec. (6.61 ticks)

        Nodes                                         Cuts/
   Node  Left     Objective  IInf  Best Integer    Best Bound    ItCnt     Gap

*     0+    0                            0.0000      555.0000              --- 
      0     0      447.5000   147        0.0000      447.5000      317     --- 
      0     0      447.5000   147        0.0000     Cuts: 294      612     --- 
      0     0      446.2500   147        0.0000      Cuts: 86      916     --- 
      0     0      445.1681   147        0.0000     Cuts: 294     1532     --- 
      0     0      443.7502   147        0.0000     Cuts: 267     1721     --- 
      0     0      443.7050   147        0.0000     Cuts: 213     1845     --- 
*     0+    0                          105.0000      443.7050           322.58%
      0     0        cutoff            105.0000      443.7050     1845  322.58%
Detecting symmetries...
      0     0      443.5873   147      105.0000     Cuts: 218     2016  322.46%
      0     0      443.1356   147      105.0000     Cuts: 104     2123  322.03%
      0     0      442.3832   147      105.0000     Cuts: 192     2230  321.32%
      0     0      441.1607   147      105.0000     Cuts: 154     2488  320.15%
      0     0      439.9927   147      105.0000     Cuts: 263     2702  319.04%
      0     0      439.9911   147      105.0000     Cuts: 201     2846  319.04%
*     0+    0                          140.0000      439.9911           214.28%
*     0+    0                          155.0000      439.9911           183.87%
Detecting symmetries...
      0     2      439.9911   211      155.0000      439.9837     2846  183.86%
Elapsed time = 0.42 sec. (455.56 ticks, tree = 0.01 MB, solutions = 3)
     76    66      353.1500    76      155.0000      439.9600     7973  183.85%
*   140+  110                          250.0000      439.9600            75.98%
*   145   112      integral     0      260.0000      439.9600     8878   69.22%
*   220+  150                          285.0000      439.9468            54.37%
*   230   144      integral     0      300.0000      439.9468    12323   46.65%
    231   144      434.8202   172      300.0000      439.9315    12787   46.64%
*   330+  233                          305.0000      439.7809            44.19%
    380   285      342.5000    50      305.0000      439.7809    17474   44.19%
    493   390      419.7317   144      305.0000      438.0960    22074   43.64%

Performing restart 1

Repeating presolve.
Tried aggregator 1 time.
MIP Presolve eliminated 3 rows and 0 columns.
MIP Presolve modified 708 coefficients.
Reduced MIP has 773 rows, 969 columns, and 3284 nonzeros.
Reduced MIP has 808 binaries, 125 generals, 0 SOSs, and 0 indicators.
Presolve time = 0.00 sec. (3.20 ticks)
Tried aggregator 1 time.
Reduced MIP has 773 rows, 969 columns, and 3284 nonzeros.
Reduced MIP has 808 binaries, 125 generals, 0 SOSs, and 0 indicators.
Presolve time = 0.00 sec. (2.47 ticks)
Represolve time = 0.02 sec. (15.27 ticks)
    499     0      430.9415   234      305.0000     Cuts: 280    24841   41.29%
    499     0      427.6447   234      305.0000     Cuts: 255    25316   40.21%
    499     0      424.8544   234      305.0000     Cuts: 168    25778   39.30%
    499     0      424.2274   234      305.0000     Cuts: 199    26042   39.09%
    499     0      422.8661   234      305.0000     Cuts: 155    26380   38.64%
    499     0      421.8396   234      305.0000     Cuts: 167    26749   38.31%
    499     0      421.1209   234      305.0000     Cuts: 147    26951   38.07%
    499     0      420.2584   234      305.0000     Cuts: 166    27308   37.79%
    499     0      419.2315   234      305.0000     Cuts: 212    27801   37.45%
    499     0      418.6043   234      305.0000     Cuts: 174    28096   37.25%
    499     0      417.9790   234      305.0000     Cuts: 127    28230   37.04%
    499     0      417.8944   234      305.0000     Cuts: 168    28370   37.01%
    499     0      417.8322   234      305.0000     Cuts: 127    28432   36.99%
    499     0      417.7465   234      305.0000      Cuts: 80    28597   36.97%
    499     0      417.6378   234      305.0000      Cuts: 93    28731   36.93%
    499     0      417.5125   234      305.0000      Cuts: 97    28947   36.89%
    499     0      417.3601   234      305.0000      Cuts: 93    29059   36.84%
    499     0      417.3277   234      305.0000     Cuts: 109    29129   36.83%
    499     0      417.3186   234      305.0000      Cuts: 64    29186   36.83%
    499     0      417.2949   234      305.0000      Cuts: 86    29304   36.82%
    499     0      417.1804   234      305.0000     Cuts: 123    29506   36.78%
    499     0      417.1577   234      305.0000     Cuts: 134    29641   36.77%
    499     2      417.1577   238      305.0000      417.1375    29641   36.77%
    501     4      416.7218   234      305.0000      416.5699    29921   36.58%
    505     8      406.8726   194      305.0000      415.5270    31426   36.24%
    509    12      400.1845   185      305.0000      415.5270    33253   36.24%
    513    16      401.5244   188      305.0000      415.5270    34277   36.24%
    639   127      394.0327   144      305.0000      413.1026    43593   35.44%
Elapsed time = 5.93 sec. (7287.28 ticks, tree = 0.19 MB, solutions = 8)
    859   317      360.0000    64      305.0000      408.1829    57445   33.83%
   1098   513      397.7996   183      305.0000      402.8272    71933   32.07%
   1261   649      398.0878   205      305.0000      402.7306    83605   32.04%
   1532   881      398.4462   206      305.0000      401.8932    97945   31.77%
*  1569+  911                          310.0000      401.8932            29.64%
*  1575   890      integral     0      320.0000      401.8932   101227   25.59%
   1725  1021      396.0098   184      320.0000      401.0096   111692   25.32%
   1959  1214      398.8924   217      320.0000      400.4792   124194   25.15%
   2115  1345      370.6903   152      320.0000      400.0021   138220   25.00%
   2325  1525      394.6568   175      320.0000      399.9202   151718   24.98%
   2499  1679      393.0504   191      320.0000      399.2146   165454   24.75%
*  2659+ 1737                          325.0000      398.9775            22.76%
   2723  1794      335.0000    47      325.0000      398.9764   179548   22.76%
Elapsed time = 13.43 sec. (16956.11 ticks, tree = 1.39 MB, solutions = 11)
   2867  1918      351.7464   160      325.0000      398.4625   192583   22.60%
   3059  2094      356.9234   120      325.0000      398.2203   207619   22.53%
   3234  2249      386.5687   160      325.0000      397.8720   222484   22.42%
   3448  2437      395.7066   200      325.0000      397.5997   239151   22.34%
   3643  2604      367.1008   126      325.0000      397.4494   254348   22.29%
   3807  2743      353.5181   137      325.0000      397.3713   268343   22.27%
   3962  2874      377.0602   167      325.0000      397.3009   282802   22.25%
   4129  3020      378.2665   158      325.0000      397.1310   296783   22.19%
   4319  3189      376.7414   152      325.0000      396.9424   311288   22.14%
   4485  3327      365.7511   137      325.0000      396.8550   328591   22.11%
Elapsed time = 20.97 sec. (26576.26 ticks, tree = 2.62 MB, solutions = 11)
   4685  3499      367.8183    99      325.0000      396.6605   344193   22.05%
   4868  3656      374.1666   162      325.0000      396.5033   360832   22.00%
   5072  3827      364.1143   148      325.0000      396.2929   378269   21.94%
   5223  3956      358.8712   108      325.0000      396.1726   392092   21.90%
   5408  4117      377.2074   128      325.0000      395.9637   407269   21.83%
   5553  4230      337.5680   105      325.0000      395.7976   421788   21.78%
   5698  4354      351.9771   127      325.0000      395.7625   436959   21.77%
   5875  4504      361.1264   143      325.0000      395.5503   451751   21.71%
   6068  4655      355.5813   121      325.0000      395.3420   467877   21.64%
   6252  4809      362.1829   131      325.0000      395.1202   485206   21.58%
Elapsed time = 28.50 sec. (36149.15 ticks, tree = 4.02 MB, solutions = 11)
*  6499+ 4893                          330.0000      394.9493            19.68%
   6505  4894      391.5076   145      330.0000      394.9432   502350   19.68%
   6675  5036      373.4822   103      330.0000      394.6978   519867   19.61%
   6853  5190      365.1910   125      330.0000      394.6304   535921   19.58%
   7044  5344      370.6766   155      330.0000      394.4880   552337   19.54%
   7237  5509      382.7009   194      330.0000      394.3750   570712   19.51%
   7391  5633      373.8757   148      330.0000      394.2835   586058   19.48%
   7551  5769      369.9894   137      330.0000      394.1593   600536   19.44%
   7714  5907      375.0303   157      330.0000      394.0388   614127   19.41%
   7850  6014      377.8324   138      330.0000      393.9569   628250   19.38%
   8021  6154      366.1008   166      330.0000      393.8536   643703   19.35%
Elapsed time = 36.15 sec. (45772.70 ticks, tree = 5.15 MB, solutions = 12)
   8178  6286      347.0929   118      330.0000      393.7921   658671   19.33%
   8322  6400      372.5000   164      330.0000      393.6841   674195   19.30%
   8512  6565      378.5785   131      330.0000      393.6364   690540   19.28%
   8681  6711      376.7692   132      330.0000      393.5549   708179   19.26%
   8837  6840        cutoff            330.0000      393.4563   725928   19.23%
   9014  6984      363.5532   163      330.0000      393.3103   742122   19.18%
   9168  7109      362.5000    81      330.0000      393.1109   758373   19.12%
   9319  7235      359.0665   129      330.0000      392.9730   776347   19.08%
   9525  7407      363.5687   122      330.0000      392.6492   794628   18.98%
   9719  7560      340.5410    81      330.0000      392.5253   812762   18.95%
Elapsed time = 43.78 sec. (55357.62 ticks, tree = 6.16 MB, solutions = 12)
   9839  7657      348.3939   116      330.0000      392.4039   825939   18.91%
  10017  7800      358.9763   132      330.0000      392.2822   842275   18.87%
  10205  7949      379.7705   136      330.0000      392.1845   856877   18.84%
  10367  8077      378.1615   182      330.0000      392.0664   872987   18.81%
* 10479+ 7708                          335.0000      391.9186            16.99%
  10479  7710      375.7288   164      335.0000      391.9186   886117   16.99%
  10480  7711      387.0927   199      335.0000      391.8750   886484   16.98%
  10481  7712      390.2259   143      335.0000      391.8750   886671   16.98%
  10623  7827      366.2391   123      335.0000      391.5801   900966   16.89%
  10756  7929      362.3250   127      335.0000      391.4343   915365   16.85%
  10926  8062      367.7061   173      335.0000      391.2500   931610   16.79%
Elapsed time = 59.41 sec. (72534.05 ticks, tree = 6.48 MB, solutions = 13)
  11092  8199      377.0521   178      335.0000      391.0509   948754   16.73%
  11252  8328      388.8757   155      335.0000      390.9470   965133   16.70%
  11408  8455      367.7273   108      335.0000      390.8140   982359   16.66%
  11595  8598      352.1405   114      335.0000      390.6638   999140   16.62%
  11759  8726      344.5555    85      335.0000      390.4121  1016479   16.54%
  11938  8879      346.0740    94      335.0000      390.3018  1033215   16.51%
  12161  9047      360.7046   158      335.0000      390.0704  1050171   16.44%
  12352  9199      377.9342   187      335.0000      389.9811  1068467   16.41%
  12540  9353        cutoff            335.0000      389.8481  1085426   16.37%
  12716  9508      346.3628    65      335.0000      389.7911  1101394   16.36%
Elapsed time = 67.14 sec. (82140.46 ticks, tree = 7.87 MB, solutions = 13)
  12852  9613      351.6083   155      335.0000      389.7128  1117121   16.33%
  12991  9719      363.4901   153      335.0000      389.6390  1132034   16.31%
  13168  9864      382.7431   122      335.0000      389.5569  1147023   16.29%
  13316  9980      370.2693   172      335.0000      389.4474  1162024   16.25%
  13464 10103      346.0667   115      335.0000      389.3382  1177537   16.22%
  13666 10274      385.1456   194      335.0000      389.1878  1193958   16.18%
  13839 10410      380.7766   148      335.0000      388.9674  1208384   16.11%
  14008 10549      380.7037   185      335.0000      388.8248  1224919   16.07%
  14199 10711      375.4198   173      335.0000      388.6595  1242259   16.02%
  14355 10832      360.5896   115      335.0000      388.4492  1258056   15.95%
Elapsed time = 74.92 sec. (91794.34 ticks, tree = 8.82 MB, solutions = 13)
  14533 10976      369.2981   111      335.0000      388.3377  1275014   15.92%
  14717 11125      373.5417   106      335.0000      388.3003  1291275   15.91%
  14867 11230      373.1066   179      335.0000      388.1761  1309342   15.87%
  15049 11374      364.2024   134      335.0000      387.9840  1327461   15.82%
  15231 11523      345.9348   134      335.0000      387.9456  1344905   15.80%
  15386 11648      370.1113   162      335.0000      387.8423  1361979   15.77%
  15582 11819      372.5000    83      335.0000      387.8145  1378506   15.77%
  15751 11965      356.8453   151      335.0000      387.7821  1395332   15.76%
  15975 12129      378.7838   160      335.0000      387.7235  1411333   15.74%
  16650 12670      376.6667   139      335.0000      387.3906  1472988   15.64%
Elapsed time = 85.01 sec. (104262.61 ticks, tree = 10.13 MB, solutions = 13)
  17279 13164      371.4078   181      335.0000      386.9963  1532107   15.52%
  17970 13707        cutoff            335.0000      386.6744  1597966   15.43%
  18689 14273      375.9942   168      335.0000      386.4518  1664370   15.36%
  19438 14854      345.0000    86      335.0000      386.1796  1733259   15.28%
  20137 15406      382.1280   166      335.0000      385.8967  1797129   15.19%

Performing restart 2

Repeating presolve.
Tried aggregator 1 time.
MIP Presolve eliminated 82 rows and 0 columns.
MIP Presolve modified 741 coefficients.
Reduced MIP has 691 rows, 969 columns, and 6133 nonzeros.
Reduced MIP has 808 binaries, 125 generals, 0 SOSs, and 0 indicators.
Presolve time = 0.00 sec. (4.13 ticks)
Tried aggregator 1 time.
Reduced MIP has 691 rows, 969 columns, and 6133 nonzeros.
Reduced MIP has 808 binaries, 125 generals, 0 SOSs, and 0 indicators.
Presolve time = 0.00 sec. (3.77 ticks)
Represolve time = 0.06 sec. (44.85 ticks)
  20679     0      416.4573   278      335.0000      Cuts: 55  1850110   15.13%
  20679     0      416.1147   278      335.0000      Cuts: 74  1850308   15.13%
  20679     0      415.7704   278      335.0000     Cuts: 163  1850488   15.13%
  20679     0      415.6528   278      335.0000     Cuts: 135  1850784   15.13%
  20679     0      415.3637   278      335.0000      Cuts: 93  1850954   15.13%
  20679     0      415.0540   278      335.0000     Cuts: 236  1851177   15.13%
  20679     0      414.9713   278      335.0000     Cuts: 169  1851353   15.13%
  20679     0      414.9577   278      335.0000     Cuts: 132  1851452   15.13%
  20679     0      414.8460   278      335.0000     Cuts: 108  1851675   15.13%
  20679     0      414.7457   278      335.0000     Cuts: 223  1851914   15.13%
  20679     0      414.7065   278      335.0000      Cuts: 73  1852029   15.13%
  20679     0      414.5131   278      335.0000     Cuts: 147  1852217   15.13%
  20679     2      414.5131   176      335.0000      385.6788  1852217   15.13%
  20890   185      389.7758   141      335.0000      385.6788  1871777   15.13%
  21436   652      372.6989   138      335.0000      385.6788  1905495   15.13%
  21977  1105      348.2001   135      335.0000      385.6788  1947778   15.13%
  22632  1674        cutoff            335.0000      385.6788  1995736   15.13%
Elapsed time = 117.21 sec. (144403.32 ticks, tree = 7.72 MB, solutions = 13)
  23237  2189      385.9649   159      335.0000      385.6788  2048724   15.13%
  23659  2514      364.3753   131      335.0000      385.6788  2099150   15.13%
  24086  2860      368.7568   145      335.0000      385.6788  2140274   15.13%
  24585  3258      390.3147   190      335.0000      385.6788  2188005   15.13%
  24956  3553      364.6731   133      335.0000      385.6788  2231613   15.13%
Starting limited solution polishing.
  25404  3912      366.4312   142      335.0000      385.6788  2276550   15.13%
  25813  4249      363.3697   103      335.0000      385.6788  2317153   15.13%
  26328  4671      386.3380   155      335.0000      385.6788  2362078   15.13%
  26756  5021      342.5000    67      335.0000      385.6788  2401679   15.13%
  27204  5380      371.4365   150      335.0000      385.6788  2438949   15.13%
Elapsed time = 148.44 sec. (182665.39 ticks, tree = 31.62 MB, solutions = 13)

GUB cover cuts applied:  53
Clique cuts applied:  89
Cover cuts applied:  53
Implied bound cuts applied:  49
Flow cuts applied:  26
Mixed integer rounding cuts applied:  142
Zero-half cuts applied:  69
Lift and project cuts applied:  53
Gomory fractional cuts applied:  4

Root node processing (before b&c):
  Real time             =    0.42 sec. (455.82 ticks)
Sequential b&c:
  Real time             =  149.58 sec. (184105.83 ticks)
                          ------------
Total (root+branch&cut) =  150.00 sec. (184561.65 ticks)

Solution pool: 14 solutions saved.

MIP - Time limit exceeded, integer feasible:  Objective =  3.3500000000e+02
Current MIP best bound =  3.8567884867e+02 (gap = 50.6788, 15.13%)
Solution time =  150.00 sec.  Iterations = 2457525  Nodes = 27396 (5531)
Deterministic time = 184561.66 ticks  (1230.41 ticks/sec)


Incumbent solution
Variable Name           Solution Value
F                           335.000000
y71                           1.000000
y66                           1.000000
y133                          1.000000
y8                            1.000000
y67                           1.000000
y94                           1.000000
y21                           1.000000
y29                           1.000000
y153                          1.000000
y124                          1.000000
y169                          1.000000
y39                           1.000000
y150                          1.000000
y54                           1.000000
y111                          1.000000
y65                           1.000000
y116                          1.000000
y96                           1.000000
y42                           1.000000
y128                          1.000000
y166                          1.000000
y102                          1.000000
x22x8x1                       1.000000
x135x39x1                     1.000000
x170x21x1                     1.000000
x170x29x1                     1.000000
x171x133x1                    2.000000
x38x66x1                      1.000000
x38x8x1                       1.000000
x100x39x2                     1.000000
x100x116x2                    1.000000
x155x124x2                    1.000000
x146x71x2                     1.000000
x137x71x2                     1.000000
x43x94x2                      2.000000
x176x66x2                     1.000000
x22x54x3                      1.000000
x135x21x3                     1.000000
x142x169x3                    2.000000
x155x124x3                    1.000000
x137x67x3                     1.000000
x7x67x3                       1.000000
x176x54x3                     1.000000
x71x29x2                      1.000000
x71x116x2                     1.000000
x66x65x1                      1.000000
x66x65x2                      1.000000
x133x153x1                    2.000000
x8x42x1                       2.000000
x67x111x3                     2.000000
x94x150x2                     2.000000
x21x0x1                       1.000000
x21x0x3                       1.000000
x29x0x1                       1.000000
x29x0x2                       1.000000
x153x0x1                      2.000000
x124x166x2                    1.000000
x124x128x3                    1.000000
x169x0x3                      1.000000
x169x102x3                    1.000000
x39x128x1                     1.000000
x39x166x2                     1.000000
x150x0x2                      1.000000
x150x102x2                    1.000000
x54x96x3                      2.000000
x111x0x3                      2.000000
x65x0x1                       1.000000
x65x0x2                       1.000000
x116x0x2                      2.000000
x96x0x3                       2.000000
x42x0x1                       2.000000
x128x0x1                      1.000000
x128x0x3                      1.000000
x166x0x2                      2.000000
x102x0x2                      1.000000
x102x0x3                      1.000000
s22                           6.296312
s8                            7.607090
z22z8z1                       1.000000
s67                           7.105235
s82                           6.830000
s21                           7.892635
s29                           8.060000
s125                          7.832818
s153                          8.200000
s69                           8.340000
s124                          8.098601
s169                          8.089281
s39                           8.122428
s54                           7.995414
z22z54z3                      1.000000
s77                           7.570000
s3                            8.580000
s51                           8.610000
s111                          8.630000
s132                          8.150000
s177                          9.170000
s65                           9.210000
s130                          9.230000
z22z130z3                     1.000000
s96                           9.240000
z22z96z3                      1.000000
s57                           9.250000
s42                           9.260000
z22z42z1                      1.000000
s128                          9.270000
s74                           9.310000
z22z74z3                      1.000000
s102                          9.480000
s100                          6.444516
s94                           6.790000
z100z39z2                     1.000000
s150                          8.205317
s61                           8.109873
z100z61z2                     1.000000
s116                          9.220000
z100z116z2                    1.000000
s166                          9.270000
z100z166z2                    1.000000
s135                          6.443507
z135z21z3                     1.000000
z135z39z1                     1.000000
z135z130z3                    1.000000
z135z96z3                     1.000000
z135z42z1                     1.000000
z135z74z3                     1.000000
s142                          6.447909
z142z169z3                    1.000000
z142z111z3                    1.000000
z142z130z3                    1.000000
z142z96z3                     1.000000
z142z74z3                     1.000000
s155                          6.395495
z155z124z2                    1.000000
z155z124z3                    1.000000
z155z116z2                    1.000000
z155z130z3                    1.000000
z155z96z3                     1.000000
z155z166z2                    1.000000
z155z74z3                     1.000000
s170                          6.447547
z170z21z1                     1.000000
z170z29z1                     1.000000
z170z42z1                     1.000000
s171                          5.906777
s18                           7.020495
s32                           7.200407
s147                          6.520891
s66                           7.332920
s133                          7.044365
z171z133z1                    1.000000
s156                          6.603089
z171z8z1                      1.000000
z171z153z1                    1.000000
z171z69z1                     1.000000
z171z42z1                     1.000000
s146                          4.917890
s98                           5.580000
s10                           6.922858
s136                          6.100000
s58                           6.240000
s117                          6.240000
s71                           6.925011
z146z71z2                     1.000000
s13                           6.570000
s73                           6.730000
z146z94z2                     1.000000
z146z150z2                    1.000000
z146z61z2                     1.000000
z146z116z2                    1.000000
z146z166z2                    1.000000
s137                          5.168070
s50                           6.080000
s103                          6.160000
s104                          6.160000
s121                          6.160000
s40                           6.340000
z137z71z2                     1.000000
z137z67z3                     1.000000
z137z169z3                    1.000000
z137z150z2                    1.000000
z137z54z3                     1.000000
z137z61z2                     1.000000
z137z111z3                    1.000000
z137z116z2                    1.000000
z137z130z3                    1.000000
z137z96z3                     1.000000
z137z166z2                    1.000000
z137z74z3                     1.000000
s7                            4.996680
z7z67z3                       1.000000
z7z169z3                      1.000000
z7z54z3                       1.000000
z7z111z3                      1.000000
z7z130z3                      1.000000
z7z96z3                       1.000000
z7z74z3                       1.000000
s43                           4.969930
z43z94z2                      1.000000
z43z150z2                     1.000000
z43z61z2                      1.000000
z43z116z2                     1.000000
z43z166z2                     1.000000
s176                          5.679590
z176z66z2                     1.000000
z176z54z3                     1.000000
z176z116z2                    1.000000
z176z130z3                    1.000000
z176z96z3                     1.000000
z176z166z2                    1.000000
z176z74z3                     1.000000
s38                           5.694250
z38z66z1                      1.000000
z38z8z1                       1.000000
z38z42z1                      1.000000
s158                          6.190000
z98z116z2                     1.000000
z98z166z2                     1.000000
z10z116z2                     1.000000
z10z130z3                     1.000000
z10z96z3                      1.000000
z50z130z3                     1.000000
z50z96z3                      1.000000
z136z116z2                    1.000000
z103z130z3                    1.000000
z103z96z3                     1.000000
z104z130z3                    1.000000
z104z96z3                     1.000000
z121z130z3                    1.000000
z121z96z3                     1.000000
z18z153z1                     1.000000
z18z42z1                      1.000000
z58z116z2                     1.000000
z117z116z2                    1.000000
z32z130z3                     1.000000
z32z96z3                      1.000000
z32z42z1                      1.000000
z40z130z3                     1.000000
z40z96z3                      1.000000
z40z74z3                      1.000000
z71z29z2                      1.000000
z71z116z2                     1.000000
z147z130z3                    1.000000
z147z96z3                     1.000000
z147z42z1                     1.000000
z66z65z1                      1.000000
z66z65z2                      1.000000
z66z116z2                     1.000000
z66z42z1                      1.000000
z133z153z1                    1.000000
z133z42z1                     1.000000
z156z116z2                    1.000000
z156z42z1                     1.000000
z13z116z2                     1.000000
z13z130z3                     1.000000
z13z96z3                      1.000000
z8z42z1                       1.000000
z73z116z2                     1.000000
z67z111z3                     1.000000
z67z96z3                      1.000000
z94z150z2                     1.000000
z124z128z3                    1.000000
z124z166z2                    1.000000
z169z102z3                    1.000000
z39z128z1                     1.000000
z39z166z2                     1.000000
z150z102z2                    1.000000
z54z96z3                      1.000000
All other variables in the range 1-2514 are 0.
