
Log started (V12.10.0.0) Thu Apr 15 15:38:18 2021


Problem 'asset.lp' read.
Read time = 0.00 sec. (0.21 ticks)
New value for default parallel thread count: 1
New value for time limit in seconds: 150
Version identifier: 12.10.0.0 | 2019-11-26 | 843d4de
CPXPARAM_Threads                                 1
CPXPARAM_TimeLimit                               150
Found incumbent of value 0.000000 after 0.00 sec. (0.06 ticks)
Tried aggregator 3 times.
MIP Presolve eliminated 430 rows and 187 columns.
MIP Presolve modified 1894 coefficients.
Aggregator did 789 substitutions.
Reduced MIP has 773 rows, 1030 columns, and 4362 nonzeros.
Reduced MIP has 938 binaries, 62 generals, 0 SOSs, and 0 indicators.
Presolve time = 0.01 sec. (9.15 ticks)
Probing time = 0.00 sec. (2.52 ticks)
Tried aggregator 1 time.
Detecting symmetries...
MIP Presolve modified 270 coefficients.
Reduced MIP has 773 rows, 1030 columns, and 4352 nonzeros.
Reduced MIP has 938 binaries, 62 generals, 0 SOSs, and 0 indicators.
Presolve time = 0.00 sec. (3.10 ticks)
Probing time = 0.00 sec. (2.45 ticks)
Clique table members: 2841.
MIP emphasis: balance optimality and feasibility.
MIP search method: dynamic search.
Parallel mode: none, using 1 thread.
Root relaxation solution time = 0.01 sec. (10.56 ticks)

        Nodes                                         Cuts/
   Node  Left     Objective  IInf  Best Integer    Best Bound    ItCnt     Gap

*     0+    0                            0.0000      176.0000              --- 
      0     0      166.0000   165        0.0000      166.0000      401     --- 
      0     0      163.5000   165        0.0000     Cuts: 293      797     --- 
      0     0      161.8764   165        0.0000     Cuts: 293     1235     --- 
      0     0      161.2000   165        0.0000     Cuts: 293     1564     --- 
      0     0      160.7228   165        0.0000     Cuts: 273     2019     --- 
*     0+    0                           38.0000      160.7228           322.95%
      0     0        cutoff             38.0000      160.7228     2019  322.95%
      0     0      160.2151   165       38.0000     Cuts: 205     2451  321.62%
      0     0      159.7065   165       38.0000     Cuts: 230     2857  320.28%
      0     0      159.4790   165       38.0000     Cuts: 209     3028  319.68%
      0     0      158.1522   165       38.0000     Cuts: 148     3214  316.19%
      0     0      157.3533   165       38.0000     Cuts: 171     3453  314.09%
*     0+    0                           48.0000      157.3533           227.82%
*     0+    0                           82.0000      157.3533            91.89%
*     0+    0                           88.0000      157.3533            78.81%
*     0+    0                           92.0000      157.3533            71.04%
      0     0        cutoff             92.0000      157.3533     3453   71.04%
      0     0      156.4501   165       92.0000     Cuts: 221     3740   70.05%
      0     0      156.1041   165       92.0000     Cuts: 192     3922   69.68%
      0     0      155.8910   165       92.0000     Cuts: 228     4125   69.45%
      0     0      155.6735   165       92.0000     Cuts: 293     4312   69.21%
      0     0      155.3468   165       92.0000     Cuts: 226     4484   68.86%
      0     0      154.9738   165       92.0000     Cuts: 211     4774   68.45%
      0     0      154.4521   165       92.0000     Cuts: 269     5071   67.88%
*     0+    0                          100.0000      154.4521            54.45%
      0     0      154.2961   165      100.0000     Cuts: 280     5314   54.30%
      0     0      153.8535   165      100.0000     Cuts: 254     5474   53.85%
      0     0      153.8405   165      100.0000     Cuts: 243     5707   53.84%
      0     0      153.5678   165      100.0000     Cuts: 148     5903   53.57%
      0     0      153.5678   165      100.0000     Cuts: 277     6143   53.57%
*     0+    0                          108.0000      153.5678            42.19%
      0     2      153.5678   157      108.0000      153.5678     6143   42.19%
Elapsed time = 0.74 sec. (842.07 ticks, tree = 0.01 MB, solutions = 7)
     31    29      135.6575    78      108.0000      153.5678     9271   42.19%
*    95    75      integral     0      110.0000      153.5678    10455   39.61%
    135   109      153.1641   149      110.0000      153.5678    12727   39.61%
*   200+  163                          114.0000      153.5678            34.71%
    280   239      153.1470   163      114.0000      153.5601    15731   34.70%
*   300+  245                          118.0000      153.5601            30.14%
    380   323      134.0000    84      118.0000      153.5601    19063   30.14%
    471   400      144.8120   113      118.0000      153.5556    22983   30.13%
    572   488      132.8189   118      118.0000      153.5556    26622   30.13%
    657   567      147.5499   138      118.0000      153.5537    29848   30.13%
    805   704      136.0000    79      118.0000      153.5461    34012   30.12%
    917   803      127.9376    81      118.0000      153.5461    38543   30.12%

Performing restart 1

Repeating presolve.
Tried aggregator 1 time.
MIP Presolve modified 816 coefficients.
Reduced MIP has 773 rows, 1030 columns, and 3652 nonzeros.
Reduced MIP has 938 binaries, 62 generals, 0 SOSs, and 0 indicators.
Presolve time = 0.00 sec. (3.48 ticks)
Tried aggregator 1 time.
Reduced MIP has 773 rows, 1030 columns, and 3652 nonzeros.
Reduced MIP has 938 binaries, 62 generals, 0 SOSs, and 0 indicators.
Presolve time = 0.00 sec. (2.83 ticks)
Represolve time = 0.03 sec. (21.31 ticks)
   1004     0      151.0507   192      118.0000     Cuts: 156    44812   28.01%
   1004     0      149.2549   192      118.0000     Cuts: 219    45324   26.49%
   1004     0      148.3813   192      118.0000     Cuts: 181    45586   25.75%
*  1004+    0                          122.0000      148.3813            21.62%
   1004     0        cutoff            122.0000      148.3813    45586   21.62%
   1004     0      148.0855   192      122.0000     Cuts: 178    45735   21.38%
   1004     0      147.8920   192      122.0000     Cuts: 173    46128   21.22%
   1004     0      147.1227   192      122.0000     Cuts: 202    46502   20.59%
   1004     0      146.9408   192      122.0000     Cuts: 175    46734   20.44%
   1004     0      146.7010   192      122.0000     Cuts: 130    46975   20.25%
*  1004+    0                          130.0000      146.7010            12.85%
   1004     0      146.0291   192      130.0000     Cuts: 116    47113   12.33%
   1004     0      145.9339   192      130.0000     Cuts: 117    47190   12.26%
   1004     0      145.6235   192      130.0000     Cuts: 106    47271   12.02%
   1004     0      145.5890   192      130.0000      Cuts: 93    47328   11.99%
   1004     0      145.5809   192      130.0000      Cuts: 86    47458   11.99%
   1004     0      145.4603   192      130.0000     Cuts: 110    47728   11.89%
   1004     0      145.3524   192      130.0000     Cuts: 141    47922   11.81%
   1004     0      145.3517   192      130.0000     Cuts: 134    48076   11.81%
   1004     0      145.3517   192      130.0000      Cuts: 53    48197   11.81%
   1004     0      145.3517   192      130.0000      Cuts: 73    48317   11.81%
   1004     0      145.3445   192      130.0000      Cuts: 44    48710   11.80%
   1004     2      145.3445   167      130.0000      145.3402    48710   11.80%
Elapsed time = 5.05 sec. (6136.27 ticks, tree = 0.01 MB, solutions = 12)
   1021    19      136.9121   126      130.0000      144.1854    52710   10.91%
   1154   120      141.6627   126      130.0000      142.2553    62372    9.43%
   1314   253      132.0000    82      130.0000      141.4299    75783    8.79%
   1561   450      135.3602   110      130.0000      140.4286    91672    8.02%
   1704   544      137.2497   124      130.0000      140.0000   104099    7.69%
   1848   658      138.8555   142      130.0000      139.9498   115497    7.65%
   1969   748      137.2121   139      130.0000      139.8000   128400    7.54%
   2061   815      137.5157   143      130.0000      139.6154   140903    7.40%
   2204   907      138.2222   142      130.0000      139.4000   156034    7.23%
   2325   971      137.6528   137      130.0000      139.1154   170623    7.01%
Elapsed time = 12.57 sec. (16031.42 ticks, tree = 0.82 MB, solutions = 12)
   2476  1056      137.3443   127      130.0000      138.9545   184881    6.89%
   2600  1111      135.0538   127      130.0000      138.8889   197791    6.84%
   2760  1210      137.0833   125      130.0000      138.7317   210609    6.72%
   2856  1245        cutoff            130.0000      138.6154   223084    6.63%
   2942  1283      133.1161    62      130.0000      138.5623   234446    6.59%
   3090  1391      135.7778   106      130.0000      138.5199   247062    6.55%
   3222  1473        cutoff            130.0000      138.4388   260376    6.49%
   3307  1502      137.4167   134      130.0000      138.3665   273475    6.44%
   3399  1552      133.1770    98      130.0000      138.3011   287081    6.39%
   3496  1602      133.4225   106      130.0000      138.2033   300119    6.31%
Elapsed time = 20.16 sec. (25708.63 ticks, tree = 1.36 MB, solutions = 12)
   3562  1618      134.5000   102      130.0000      138.0223   313105    6.17%
   3708  1710      134.2585   133      130.0000      138.0000   326052    6.15%
   3770  1724      137.0745   154      130.0000      138.0000   337870    6.15%
   3865  1759      136.9964   129      130.0000      137.9327   350805    6.10%
   4017  1833      134.3536   133      130.0000      137.8342   366478    6.03%
   4191  1922        cutoff            130.0000      137.7571   382750    5.97%
   4338  1987      137.0913   159      130.0000      137.6639   398685    5.90%
   4510  2071      134.2452   142      130.0000      137.5666   416257    5.82%
   4628  2129      135.5806   137      130.0000      137.5000   430197    5.77%
   4788  2228      133.2695   145      130.0000      137.4630   444623    5.74%
Elapsed time = 27.82 sec. (35476.94 ticks, tree = 1.91 MB, solutions = 12)
   4881  2268        cutoff            130.0000      137.3913   456794    5.69%
   4990  2318      133.0722    79      130.0000      137.3034   469765    5.62%
   5122  2375      134.4286   111      130.0000      137.1878   483066    5.53%
*  5244+ 1500                          132.0000      137.1360             3.89%
   5260  1496        cutoff            132.0000      137.1146   497272    3.87%
   5399  1500        cutoff            132.0000      137.0000   510829    3.79%
   5507  1503      134.2615   124      132.0000      136.9444   524580    3.75%
   5631  1487      134.6462    92      132.0000      136.8333   538058    3.66%
   5733  1434        cutoff            132.0000      136.6169   551447    3.50%
   5841  1391      135.6250   125      132.0000      136.4435   565672    3.37%
   5960  1390      134.1132   106      132.0000      136.3541   579513    3.30%
Elapsed time = 35.60 sec. (45130.83 ticks, tree = 1.29 MB, solutions = 13)
   6097  1365      134.8333   129      132.0000      136.2000   595015    3.18%
   6223  1314        cutoff            132.0000      136.0000   610467    3.03%
   6342  1321      134.0000   106      132.0000      136.0000   625518    3.03%
   6434  1286      134.3333    69      132.0000      135.9469   640110    2.99%
   6551  1258        cutoff            132.0000      135.8776   654196    2.94%
   6676  1221        cutoff            132.0000      135.8095   668407    2.89%
   6814  1174      134.0000   103      132.0000      135.6456   682919    2.76%
   6946  1122        cutoff            132.0000      135.5503   697505    2.69%
   7149  1102        cutoff            132.0000      135.4031   712719    2.58%
   7443  1002        cutoff            132.0000      135.0848   729086    2.34%
Elapsed time = 43.57 sec. (54816.66 ticks, tree = 0.97 MB, solutions = 13)
   7624   890        cutoff            132.0000      134.9033   745530    2.20%
   7930   682      134.0000    51      132.0000      134.4393   761384    1.85%
   8677   540      134.0000    31      132.0000      134.0000   778195    1.52%
   9554   392      134.0000    68      132.0000      134.0000   796569    1.52%
  10325   289      134.0000    45      132.0000      134.0000   814228    1.52%
  10756   221        cutoff            132.0000      134.0000   831926    1.52%
  11042   115        cutoff            132.0000      134.0000   847527    1.52%
  11351    40      134.0000    55      132.0000      134.0000   860864    1.52%

GUB cover cuts applied:  85
Clique cuts applied:  165
Cover cuts applied:  33
Implied bound cuts applied:  112
Flow cuts applied:  21
Mixed integer rounding cuts applied:  147
Zero-half cuts applied:  55
Lift and project cuts applied:  6
Gomory fractional cuts applied:  9

Root node processing (before b&c):
  Real time             =    0.74 sec. (839.72 ticks)
Sequential b&c:
  Real time             =   49.56 sec. (62085.19 ticks)
                          ------------
Total (root+branch&cut) =   50.30 sec. (62924.91 ticks)

Solution pool: 14 solutions saved.

MIP - Integer optimal solution:  Objective =  1.3200000000e+02
Solution time =   50.30 sec.  Iterations = 868538  Nodes = 11661
Deterministic time = 62924.92 ticks  (1251.09 ticks/sec)


Incumbent solution
Variable Name           Solution Value
F                           132.000000
y4                            1.000000
y6                            1.000000
y7                            1.000000
y10                           1.000000
y12                           1.000000
y17                           1.000000
y35                           1.000000
y42                           1.000000
y43                           1.000000
y48                           1.000000
y50                           1.000000
y53                           1.000000
y55                           1.000000
y64                           1.000000
y66                           1.000000
y81                           1.000000
y105                          1.000000
y118                          1.000000
y124                          1.000000
y125                          1.000000
y137                          1.000000
y148                          1.000000
y164                          1.000000
x8x118x1                      1.000000
x31x43x1                      1.000000
x88x50x1                      1.000000
x91x124x1                     1.000000
x106x43x1                     1.000000
x106x64x1                     1.000000
x5x66x2                       1.000000
x8x53x2                       1.000000
x23x124x2                     1.000000
x23x137x2                     1.000000
x88x53x2                      1.000000
x152x10x2                     1.000000
x5x50x3                       1.000000
x27x64x3                      1.000000
x31x125x3                     1.000000
x46x10x3                      1.000000
x46x137x3                     1.000000
x75x125x3                     1.000000
x55x4x1                       1.000000
b4b0b1                        1.000000
x17x4x3                       1.000000
b4b0b3                        1.000000
x118x6x1                      2.000000
b6b0b1                        2.000000
x10x7x2                       1.000000
x124x7x2                      1.000000
x7x164x2                      2.000000
x10x66x3                      1.000000
x125x12x3                     2.000000
x12x148x3                     2.000000
x137x17x2                     1.000000
x17x42x2                      1.000000
x64x17x3                      1.000000
x48x35x1                      1.000000
b35b0b1                       1.000000
x55x35x3                      1.000000
b35b0b3                       1.000000
x53x42x2                      1.000000
b42b0b2                       2.000000
x43x48x1                      1.000000
x43x118x1                     1.000000
x64x48x1                      1.000000
b48b0b1                       1.000000
x50x105x1                     1.000000
x50x105x3                     1.000000
b53b0b2                       1.000000
x124x55x1                     1.000000
x137x55x3                     1.000000
x66x81x2                      1.000000
x66x81x3                      1.000000
b81b0b2                       1.000000
b81b0b3                       1.000000
b105b0b1                      1.000000
b105b0b3                      1.000000
b148b0b3                      2.000000
b164b0b2                      2.000000
s5                            5.243366
s2                            9.110000
s4                            8.700000
s7                            8.136666
z5z7z2                        1.000000
s10                           6.290000
s12                           7.359597
s17                           7.444461
s32                           7.880000
s33                           7.120000
s35                           9.200000
s37                           7.130000
s42                           9.010000
z5z42z2                       1.000000
s50                           7.133423
z5z50z3                       1.000000
s53                           7.259336
s55                           7.317840
s64                           6.030000
s66                           7.538260
z5z66z2                       1.000000
s69                           8.222297
z5z69z2                       1.000000
s70                           8.960000
s72                           8.150000
s77                           7.220101
s78                           8.940000
z5z78z3                       1.000000
s81                           8.970000
s90                           8.090000
s103                          7.220000
s105                          8.480000
s130                          7.080000
s137                          6.000000
s145                          7.790000
s147                          7.510000
s148                          8.580000
z5z148z3                      1.000000
s156                          7.070000
s164                          9.330000
z5z164z2                      1.000000
s8                            5.850000
s6                            9.310000
z8z6z1                        1.000000
z8z7z2                        1.000000
z8z42z2                       1.000000
s43                           6.260000
s48                           7.586871
z8z53z2                       1.000000
z8z69z2                       1.000000
s118                          7.555898
z8z118z1                      1.000000
z8z164z2                      1.000000
s23                           3.630000
z23z7z2                       1.000000
z23z42z2                      1.000000
z23z53z2                      1.000000
z23z69z2                      1.000000
s124                          6.000000
z23z124z2                     1.000000
z23z137z2                     1.000000
z23z164z2                     1.000000
s166                          6.000000
s167                          6.000000
s27                           3.831990
z27z12z3                      1.000000
s16                           6.000000
z27z16z3                      1.000000
z27z32z3                      1.000000
z27z33z3                      1.000000
z27z64z3                      1.000000
z27z77z3                      1.000000
z27z78z3                      1.000000
z27z90z3                      1.000000
s108                          6.000000
s125                          6.000000
z27z125z3                     1.000000
z27z148z3                     1.000000
s31                           1.082260
z31z6z1                       1.000000
z31z12z3                      1.000000
z31z16z3                      1.000000
z31z32z3                      1.000000
z31z33z3                      1.000000
z31z43z1                      1.000000
z31z48z1                      1.000000
z31z77z3                      1.000000
z31z78z3                      1.000000
z31z90z3                      1.000000
z31z118z1                     1.000000
z31z125z3                     1.000000
z31z148z3                     1.000000
s46                           3.708568
z46z10z3                      1.000000
z46z12z3                      1.000000
z46z16z3                      1.000000
z46z32z3                      1.000000
z46z33z3                      1.000000
z46z77z3                      1.000000
z46z78z3                      1.000000
z46z90z3                      1.000000
z46z125z3                     1.000000
z46z137z3                     1.000000
z46z148z3                     1.000000
s75                           4.057020
z75z12z3                      1.000000
z75z16z3                      1.000000
z75z32z3                      1.000000
z75z33z3                      1.000000
z75z77z3                      1.000000
z75z78z3                      1.000000
z75z90z3                      1.000000
z75z125z3                     1.000000
z75z148z3                     1.000000
s88                           5.180000
z88z6z1                       1.000000
z88z7z2                       1.000000
z88z42z2                      1.000000
z88z50z1                      1.000000
z88z53z2                      1.000000
z88z69z2                      1.000000
z88z164z2                     1.000000
s91                           3.520000
z91z6z1                       1.000000
z91z43z1                      1.000000
z91z48z1                      1.000000
z91z118z1                     1.000000
z91z124z1                     1.000000
s106                          4.250000
z106z6z1                      1.000000
z106z43z1                     1.000000
z106z48z1                     1.000000
z106z64z1                     1.000000
z106z118z1                    1.000000
s152                          3.759263
z152z7z2                      1.000000
z152z10z2                     1.000000
z152z42z2                     1.000000
z152z53z2                     1.000000
z152z69z2                     1.000000
z152z164z2                    1.000000
z7z164z2                      1.000000
z10z7z2                       1.000000
z10z42z2                      1.000000
z10z66z3                      1.000000
z10z164z2                     1.000000
z12z148z3                     1.000000
z16z78z3                      1.000000
z17z4z3                       1.000000
z17z42z2                      1.000000
z43z6z1                       1.000000
z43z48z1                      1.000000
z43z118z1                     1.000000
z48z35z1                      1.000000
z50z105z1                     1.000000
z50z105z3                     1.000000
z53z42z2                      1.000000
z53z164z2                     1.000000
z55z4z1                       1.000000
z55z35z3                      1.000000
z64z6z1                       1.000000
z64z17z3                      1.000000
z64z48z1                      1.000000
z66z81z2                      1.000000
z66z81z3                      1.000000
z69z164z2                     1.000000
z108z6z1                      1.000000
z108z78z3                     1.000000
z118z6z1                      1.000000
z124z6z1                      1.000000
z124z7z2                      1.000000
z124z42z2                     1.000000
z124z55z1                     1.000000
z124z164z2                    1.000000
z125z12z3                     1.000000
z125z77z3                     1.000000
z125z78z3                     1.000000
z125z148z3                    1.000000
z137z17z2                     1.000000
z137z42z2                     1.000000
z137z55z3                     1.000000
z137z164z2                    1.000000
z166z7z2                      1.000000
z166z42z2                     1.000000
z166z69z2                     1.000000
z166z78z3                     1.000000
z166z164z2                    1.000000
z167z42z2                     1.000000
z167z164z2                    1.000000
All other variables in the range 1-2006 are 0.
