
Log started (V12.10.0.0) Fri Apr 23 11:27:18 2021


Problem 'asset.lp' read.
Read time = 0.01 sec. (0.25 ticks)
New value for default parallel thread count: 1
New value for time limit in seconds: 150
Version identifier: 12.10.0.0 | 2019-11-26 | 843d4de
CPXPARAM_Threads                                 1
CPXPARAM_TimeLimit                               150
Found incumbent of value 0.000000 after 0.00 sec. (0.07 ticks)
Tried aggregator 3 times.
MIP Presolve eliminated 1183 rows and 70 columns.
MIP Presolve modified 1520 coefficients.
Aggregator did 723 substitutions.
Reduced MIP has 785 rows, 1018 columns, and 4299 nonzeros.
Reduced MIP has 907 binaries, 76 generals, 0 SOSs, and 0 indicators.
Presolve time = 0.01 sec. (8.51 ticks)
Probing fixed 30 vars, tightened 10 bounds.
Probing time = 0.01 sec. (3.32 ticks)
Cover probing fixed 0 vars, tightened 10 bounds.
Tried aggregator 1 time.
Detecting symmetries...
MIP Presolve eliminated 59 rows and 57 columns.
MIP Presolve modified 146 coefficients.
Reduced MIP has 726 rows, 961 columns, and 3880 nonzeros.
Reduced MIP has 860 binaries, 66 generals, 0 SOSs, and 0 indicators.
Presolve time = 0.00 sec. (3.85 ticks)
Probing time = 0.00 sec. (2.44 ticks)
Clique table members: 2587.
MIP emphasis: balance optimality and feasibility.
MIP search method: dynamic search.
Parallel mode: none, using 1 thread.
Root relaxation solution time = 0.02 sec. (18.05 ticks)

        Nodes                                         Cuts/
   Node  Left     Objective  IInf  Best Integer    Best Bound    ItCnt     Gap

*     0+    0                            0.0000      455.0000              --- 
      0     0      426.6755   195        0.0000      426.6755      604     --- 
      0     0      407.3565   195        0.0000     Cuts: 281     1414     --- 
      0     0      400.3973   195        0.0000     Cuts: 281     2372     --- 
      0     0      395.3510   195        0.0000     Cuts: 281     2682     --- 
*     0+    0                           20.0000      395.3510              --- 
      0     0        cutoff             20.0000      395.3510     2682     --- 
      0     0      392.5346   195       20.0000     Cuts: 238     3009     --- 
      0     0      390.8527   195       20.0000     Cuts: 281     3220     --- 
Detecting symmetries...
      0     0      389.9883   195       20.0000     Cuts: 171     3435     --- 
      0     0      389.8367   195       20.0000     Cuts: 267     3588     --- 
      0     0      389.5833   195       20.0000     Cuts: 175     3850     --- 
      0     0      387.9464   195       20.0000     Cuts: 262     4012     --- 
*     0+    0                           45.0000      387.9464           762.10%
      0     0      387.6043   195       45.0000     Cuts: 207     4330  761.34%
      0     0      387.3687   195       45.0000     Cuts: 160     4537  760.82%
      0     0      386.3636   195       45.0000     Cuts: 175     5504  758.59%
      0     0      385.8333   195       45.0000     Cuts: 281     5834  757.41%
      0     0      385.0000   195       45.0000     Cuts: 206     6029  755.56%
      0     0      385.0000   195       45.0000     Cuts: 224     6252  755.56%
      0     0      385.0000   195       45.0000      Cuts: 38     6521  755.56%
      0     0      385.0000   195       45.0000     Cuts: 281     6875  755.56%
Detecting symmetries...
      0     2      385.0000   146       45.0000      385.0000     6875  755.56%
Elapsed time = 0.78 sec. (894.16 ticks, tree = 0.01 MB, solutions = 2)
*    10+   10                          255.0000      385.0000            50.98%
     25    26      373.3421   150      255.0000      385.0000    10863   50.98%
     94    74      365.7996   118      255.0000      385.0000    14632   50.98%
*   150+  128                          265.0000      385.0000            45.28%
*   189   163      integral     0      270.0000      385.0000    16234   42.59%
*   270+  241                          275.0000      385.0000            40.00%
    276   245      373.2975   137      275.0000      385.0000    19139   40.00%
    403   367      371.2258   147      275.0000      385.0000    22402   40.00%
    460   419      366.3690   152      275.0000      385.0000    25667   40.00%
*   483+  437                          280.0000      385.0000            37.50%
*   483+  425                          285.0000      385.0000            35.09%
    483   427      385.0000   161      285.0000      385.0000    27286   35.09%
    541   485      349.3833   132      285.0000      385.0000    31149   35.09%

Performing restart 1

Repeating presolve.
Tried aggregator 1 time.
MIP Presolve modified 1022 coefficients.
Reduced MIP has 726 rows, 961 columns, and 3334 nonzeros.
Reduced MIP has 860 binaries, 66 generals, 0 SOSs, and 0 indicators.
Presolve time = 0.00 sec. (3.14 ticks)
Tried aggregator 1 time.
Reduced MIP has 726 rows, 961 columns, and 3334 nonzeros.
Reduced MIP has 860 binaries, 66 generals, 0 SOSs, and 0 indicators.
Presolve time = 0.00 sec. (2.60 ticks)
Represolve time = 0.02 sec. (18.40 ticks)
    593     0      374.3697   212      285.0000     Cuts: 281    35443   31.36%
    593     0      368.8681   212      285.0000     Cuts: 195    35830   29.43%
    593     0      367.1304   212      285.0000     Cuts: 183    36296   28.82%
    593     0      366.5504   212      285.0000     Cuts: 179    36761   28.61%
    593     0      365.8644   212      285.0000     Cuts: 214    37306   28.37%
    593     0      365.5428   212      285.0000     Cuts: 174    37729   28.26%
    593     0      364.9760   212      285.0000     Cuts: 137    38017   28.06%
    593     0      364.6315   212      285.0000     Cuts: 140    38245   27.94%
    593     0      364.0697   212      285.0000     Cuts: 154    38516   27.74%
    593     0      363.7542   212      285.0000     Cuts: 132    38771   27.63%
    593     0      363.6252   212      285.0000      Cuts: 85    39096   27.59%
    593     0      363.4954   212      285.0000      Cuts: 83    39241   27.54%
    593     0      363.2784   212      285.0000      Cuts: 78    39365   27.47%
    593     0      363.1214   212      285.0000      Cuts: 89    39527   27.41%
    593     0      363.0942   212      285.0000      Cuts: 84    39615   27.40%
    593     0      363.0129   212      285.0000      Cuts: 46    39764   27.37%
    593     0      362.8864   212      285.0000      Cuts: 59    39903   27.33%
    593     0      362.8017   212      285.0000     Cuts: 100    40163   27.30%
    593     0      362.7682   212      285.0000      Cuts: 83    40314   27.29%
    593     0      362.6970   212      285.0000      Cuts: 51    40393   27.26%
    593     0      362.4990   212      285.0000      Cuts: 53    40554   27.19%
    593     0      362.3239   212      285.0000     Cuts: 116    40809   27.13%
    593     0      362.1897   212      285.0000      Cuts: 73    40922   27.08%
    593     0      361.9493   212      285.0000      Cuts: 85    41217   27.00%
    593     0      361.8441   212      285.0000     Cuts: 137    41393   26.96%
    593     0      361.7636   212      285.0000      Cuts: 66    41506   26.93%
    593     0      361.5599   212      285.0000     Cuts: 106    41862   26.86%
    593     0      361.4738   212      285.0000      Cuts: 96    42039   26.83%
    593     0      361.3743   212      285.0000      Cuts: 79    42186   26.80%
    593     0      361.2852   212      285.0000      Cuts: 64    42321   26.77%
    593     0      361.1636   212      285.0000      Cuts: 47    42404   26.72%
    593     0      361.1460   212      285.0000      Cuts: 34    42460   26.72%
    593     0      361.1012   212      285.0000      Cuts: 51    42571   26.70%
    593     0      361.0751   212      285.0000      Cuts: 23    42623   26.69%
    593     0      361.0672   212      285.0000      Cuts: 49    42669   26.69%
*   593+    0                          295.0000      361.0672            22.40%
*   593+    0                          305.0000      361.0672            18.38%
    593     0        cutoff            305.0000      361.0672    42669   18.38%
    593     2      361.0672   241      305.0000      361.0666    42669   18.38%
    596     5      361.0349   208      305.0000      361.0289    43245   18.37%
    605    14      357.4240   196      305.0000      359.1994    48026   17.77%
Elapsed time = 8.00 sec. (9631.17 ticks, tree = 0.03 MB, solutions = 10)
    671    80      334.5480   120      305.0000      359.1994    58833   17.77%
*   693+   92                          320.0000      359.1994            12.25%
    693    91      320.0000     0      320.0000      359.1994    59934   12.25%
    791   168      354.4781   226      320.0000      357.4113    68645   11.69%
    793   170      348.2086   186      320.0000      357.4113    69207   11.69%
    888   247      351.7319   192      320.0000      356.4640    78061   11.40%
    893   252      345.4422   159      320.0000      356.4640    78634   11.40%
    991   337      337.2000   160      320.0000      355.7292    88254   11.17%
   1099   427      339.4514   155      320.0000      355.3593    98137   11.05%
   1159   471      353.8731   201      320.0000      354.8199   107752   10.88%
   1309   593      338.2020   171      320.0000      354.4779   119236   10.77%
Elapsed time = 16.23 sec. (20528.33 ticks, tree = 2.76 MB, solutions = 11)
   1410   673      337.7836   159      320.0000      353.1089   131833   10.35%
   1499   743      342.6157   149      320.0000      352.3224   143949   10.10%
   1612   824      336.2500   124      320.0000      351.7057   156664    9.91%
   1722   905      332.9049   139      320.0000      350.0325   168663    9.39%
   1818   969      335.4012   169      320.0000      349.2378   179520    9.14%
   1898  1030      325.4167   118      320.0000      348.7079   190698    8.97%
   1989  1097      342.0394   146      320.0000      348.2745   200532    8.84%
   2107  1179      342.3341   185      320.0000      348.1716   211292    8.80%
   2195  1257      333.3604   135      320.0000      348.1256   221342    8.79%
   2309  1342      329.2556   194      320.0000      347.9167   232295    8.72%
Elapsed time = 23.44 sec. (30247.77 ticks, tree = 7.51 MB, solutions = 11)
   2432  1434      340.5357   140      320.0000      347.6664   242744    8.65%
   2513  1496      336.9025   145      320.0000      347.5605   254343    8.61%
   2659  1598      342.5974   152      320.0000      347.4315   266350    8.57%
   2789  1689      331.2418   111      320.0000      347.2325   276604    8.51%
   2897  1764      341.2634   151      320.0000      347.1814   287413    8.49%
   3009  1840      327.8241   105      320.0000      347.0771   297289    8.46%
   3135  1927      336.5336   155      320.0000      346.8889   308912    8.40%
   3197  1961      333.5058   149      320.0000      346.7086   318066    8.35%
   3333  2056      341.7124   159      320.0000      346.5389   328547    8.29%
   3445  2137      327.3810   122      320.0000      346.3948   338493    8.25%
Elapsed time = 30.90 sec. (39953.05 ticks, tree = 12.53 MB, solutions = 11)
   3573  2230      335.5416   143      320.0000      346.1617   349090    8.18%
   3593  2242      327.2820   150      320.0000      346.0867   352117    8.15%
   3696  2305      340.6908   168      320.0000      345.9196   363552    8.10%
   3864  2427      340.2306   152      320.0000      345.7825   374661    8.06%
   3980  2497      334.9419   127      320.0000      345.5735   386554    7.99%
   4105  2587      344.5897   174      320.0000      345.5172   396822    7.97%
   4223  2676      328.1250   149      320.0000      345.4177   408862    7.94%
   4358  2768      331.5519   151      320.0000      345.3472   418467    7.92%
   4467  2831      330.0516   173      320.0000      345.1978   428670    7.87%
   4582  2913      330.4688   132      320.0000      345.0542   438905    7.83%
Elapsed time = 39.47 sec. (50917.15 ticks, tree = 19.30 MB, solutions = 11)
   4681  2978      342.3556   177      320.0000      344.9663   449248    7.80%
   4760  3023      335.8655   156      320.0000      344.8011   458860    7.75%
   4858  3081      327.0760   130      320.0000      344.7222   469427    7.73%
   4983  3154      336.9188   163      320.0000      344.6515   480149    7.70%
   5121  3248      332.7804   123      320.0000      344.5624   491062    7.68%
   5252  3317      330.5210   156      320.0000      344.4565   502591    7.64%
   5366  3394      339.2320   156      320.0000      344.3749   513966    7.62%
   5512  3505      332.2024   123      320.0000      344.2537   525917    7.58%
   5634  3588      333.7170   127      320.0000      344.1837   537042    7.56%
   5750  3657      343.0430   167      320.0000      344.1146   549460    7.54%
Elapsed time = 46.83 sec. (60532.11 ticks, tree = 23.31 MB, solutions = 11)
   5899  3771      333.5347   174      320.0000      344.0213   559946    7.51%
   6014  3837      339.1848   183      320.0000      343.8723   571604    7.46%
   6093  3894      330.5453   147      320.0000      343.8583   580452    7.46%
   6233  4001      331.2500   129      320.0000      343.8363   590439    7.45%
   6340  4074      335.9684   178      320.0000      343.7803   600932    7.43%
   6458  4156      330.0000    76      320.0000      343.7505   612391    7.42%
   6571  4224      335.6655   142      320.0000      343.6371   623358    7.39%
   6710  4316        cutoff            320.0000      343.6056   633589    7.38%
   6821  4391      331.4286   128      320.0000      343.5430   642910    7.36%
   6931  4463      335.0000   108      320.0000      343.4945   653114    7.34%
Elapsed time = 55.79 sec. (71903.67 ticks, tree = 30.17 MB, solutions = 11)
   7030  4537      326.2500   100      320.0000      343.4744   662643    7.34%
   7101  4583      330.1999   144      320.0000      343.4637   671446    7.33%
   7183  4623      335.0000   111      320.0000      343.4236   681817    7.32%
   7264  4664      335.8333   145      320.0000      343.3489   691327    7.30%
   7376  4737      328.7181   177      320.0000      343.2969   702615    7.28%
   7450  4771      339.4091   125      320.0000      343.2637   712666    7.27%
   7571  4850      326.0131   112      320.0000      343.2069   722787    7.25%
   7674  4904      326.2500    85      320.0000      343.1437   733318    7.23%
   7742  4930      337.5000   185      320.0000      343.1085   743375    7.22%
   7815  4971      332.1119   147      320.0000      343.0485   753180    7.20%
Elapsed time = 63.25 sec. (81594.63 ticks, tree = 33.50 MB, solutions = 11)
   7966  5081      341.4788   150      320.0000      343.0332   764127    7.20%
   8097  5166      338.5000   138      320.0000      342.9734   775514    7.18%
   8202  5241      332.4661   161      320.0000      342.9298   786347    7.17%
   8293  5302      334.3973   151      320.0000      342.8709   794894    7.15%
   8383  5359        cutoff            320.0000      342.8456   805952    7.14%
   8516  5453      330.6250   111      320.0000      342.7778   816234    7.12%
   8639  5540      328.5679   113      320.0000      342.7065   827294    7.10%
   8781  5622      340.0000   109      320.0000      342.6389   837811    7.07%
   8895  5685      340.1477   125      320.0000      342.6031   848372    7.06%
   8998  5752      332.8846   118      320.0000      342.5714   862025    7.05%
Elapsed time = 71.95 sec. (92657.50 ticks, tree = 39.51 MB, solutions = 11)
   9141  5851      326.1401   109      320.0000      342.5339   872829    7.04%
   9217  5894      340.6757   131      320.0000      342.5000   882721    7.03%
   9336  5980      327.5000    82      320.0000      342.5000   893183    7.03%
   9460  6070      328.7522    25      320.0000      342.4877   903428    7.03%
   9595  6153        cutoff            320.0000      342.4539   914065    7.02%
   9715  6219      329.3735   161      320.0000      342.4186   924686    7.01%
   9807  6284      329.2500   121      320.0000      342.3780   934433    6.99%
   9937  6370      330.0000    98      320.0000      342.3290   944159    6.98%
  10057  6450      337.5305   154      320.0000      342.2703   954032    6.96%
  10214  6565      338.6767   145      320.0000      342.1990   970453    6.94%
Elapsed time = 83.98 sec. (107344.45 ticks, tree = 46.11 MB, solutions = 11)
  10215  6564        cutoff            320.0000      342.1969   970572    6.94%
  10692  6852      332.1609   119      320.0000      342.0139  1009498    6.88%
  11043  7075      335.6882   163      320.0000      341.8878  1041096    6.84%
  11531  7365      326.2342   145      320.0000      341.7124  1085589    6.79%
  11950  7592      338.5644   181      320.0000      341.5044  1128520    6.72%
  12317  7778      330.0000    91      320.0000      341.3345  1171294    6.67%
  12713  8004      337.6836   161      320.0000      341.1534  1209141    6.61%
  12954  8128      325.8333   124      320.0000      341.0287  1236731    6.57%
  13387  8362        cutoff            320.0000      340.8333  1277895    6.51%
  13775  8558      327.4375   146      320.0000      340.6250  1318907    6.45%
Elapsed time = 113.76 sec. (145552.45 ticks, tree = 63.58 MB, solutions = 11)
  14183  8752      328.8230   123      320.0000      340.4440  1361673    6.39%
  14562  8946      330.4966   144      320.0000      340.3030  1400629    6.34%
  15025  9186      337.6234   148      320.0000      340.1336  1443875    6.29%
* 15449  6480      integral     0      325.0000      340.0000  1480981    4.62%
* 15493+ 2669                          330.0000      340.0000             3.03%
  15493  2669      330.0000     0      330.0000      340.0000  1485292    3.03%
  15849  2510      335.0000   127      330.0000      339.4709  1522099    2.87%
  16233  2257        cutoff            330.0000      338.7500  1557444    2.65%
  16757  1906      337.5803   176      330.0000      337.8431  1594129    2.38%
Starting limited solution polishing.
  17328  1503      335.0000    50      330.0000      337.0833  1631072    2.15%
  18172   803      335.3804   153      330.0000      336.0000  1668314    1.82%

GUB cover cuts applied:  144
Clique cuts applied:  184
Cover cuts applied:  42
Implied bound cuts applied:  55
Flow cuts applied:  18
Mixed integer rounding cuts applied:  179
Zero-half cuts applied:  83
Lift and project cuts applied:  19
Gomory fractional cuts applied:  3

Root node processing (before b&c):
  Real time             =    0.78 sec. (892.08 ticks)
Sequential b&c:
  Real time             =  141.83 sec. (182097.43 ticks)
                          ------------
Total (root+branch&cut) =  142.61 sec. (182989.52 ticks)

Solution pool: 14 solutions saved.

MIP - Integer optimal solution:  Objective =  3.3000000000e+02
Solution time =  142.61 sec.  Iterations = 1694553  Nodes = 19079
Deterministic time = 182989.52 ticks  (1283.15 ticks/sec)


Incumbent solution
Variable Name           Solution Value
F                           330.000000
y148                          1.000000
y59                           1.000000
y64                           1.000000
y70                           1.000000
y90                           1.000000
y66                           1.000000
y17                           1.000000
y36                           1.000000
y22                           1.000000
y134                          1.000000
y89                           1.000000
y79                           1.000000
y5                            1.000000
y168                          1.000000
y8                            1.000000
y114                          1.000000
y28                           1.000000
y86                           1.000000
y88                           1.000000
y150                          1.000000
y149                          1.000000
y133                          1.000000
x153x17x1                     1.000000
x153x36x1                     1.000000
x113x70x1                     1.000000
x106x90x1                     1.000000
x135x66x1                     1.000000
x136x66x1                     1.000000
x98x148x2                     2.000000
x162x22x2                     1.000000
x135x64x2                     1.000000
x53x59x2                      2.000000
x100x8x3                      2.000000
x181x64x3                     1.000000
x113x70x3                     1.000000
x106x90x3                     1.000000
x162x22x3                     1.000000
x148x36x2                     1.000000
x148x134x2                    1.000000
x59x89x2                      2.000000
x64x17x2                      1.000000
x64x134x3                     1.000000
x70x79x1                      1.000000
x70x28x3                      1.000000
x90x79x1                      1.000000
x90x5x3                       1.000000
x66x5x1                       1.000000
x66x28x1                      1.000000
x17x88x1                      1.000000
x17x86x2                      1.000000
x36x86x1                      1.000000
x36x0x2                       1.000000
x22x168x2                     1.000000
x22x168x3                     1.000000
x134x0x2                      1.000000
x134x88x3                     1.000000
x89x0x2                       1.000000
x89x114x2                     1.000000
x79x114x1                     1.000000
x79x150x1                     1.000000
x5x149x1                      1.000000
x5x133x3                      1.000000
x168x0x2                      1.000000
x168x0x3                      1.000000
x8x150x3                      1.000000
x8x149x3                      1.000000
x114x0x1                      1.000000
x114x0x2                      1.000000
x28x0x1                       1.000000
x28x133x3                     1.000000
x86x0x1                       1.000000
x86x0x2                       1.000000
x88x0x1                       1.000000
x88x0x3                       1.000000
x150x0x1                      1.000000
x150x0x3                      1.000000
x149x0x1                      1.000000
x149x0x3                      1.000000
x133x0x3                      2.000000
s100                          5.958985
s37                           7.262089
s70                           6.587380
s90                           6.623625
s22                           7.279889
s134                          7.776981
s47                           8.210000
s5                            8.105203
s171                          8.370000
s168                          8.480000
s74                           8.590000
s39                           8.233733
z100z39z3                     1.000000
s8                            7.790000
z100z8z3                      1.000000
s76                           8.930000
s28                           8.177260
s88                           9.130000
s150                          9.200000
s3                            9.220000
z100z3z3                      1.000000
s143                          9.380000
s149                          9.440000
s133                          9.470000
z100z133z3                    1.000000
s153                          6.362948
s66                           6.700000
s17                           7.735146
z153z17z1                     1.000000
s36                           7.790000
z153z36z1                     1.000000
s103                          7.030000
s79                           7.756780
s169                          8.490000
s10                           8.510000
s114                          8.920000
s189                          7.980000
s86                           9.090000
s181                          4.882200
s64                           6.549434
z181z64z3                     1.000000
z181z39z3                     1.000000
z181z8z3                      1.000000
z181z3z3                      1.000000
z181z133z3                    1.000000
s113                          5.087980
s156                          6.410000
s131                          6.420000
z113z70z1                     1.000000
z113z70z3                     1.000000
s187                          7.670000
z113z79z1                     1.000000
z113z169z1                    1.000000
z113z10z1                     1.000000
z113z39z3                     1.000000
z113z8z3                      1.000000
z113z189z1                    1.000000
z113z3z3                      1.000000
z113z133z3                    1.000000
s98                           5.047750
s148                          6.480933
z98z148z2                     1.000000
s59                           6.611813
z98z59z2                      1.000000
s84                           6.845524
s60                           6.320000
s126                          6.480000
z98z126z2                     1.000000
s77                           6.680000
s89                           7.782563
z98z89z2                      1.000000
s106                          5.293990
z106z90z1                     1.000000
z106z90z3                     1.000000
z106z79z1                     1.000000
z106z169z1                    1.000000
z106z10z1                     1.000000
z106z39z3                     1.000000
z106z8z3                      1.000000
z106z189z1                    1.000000
z106z3z3                      1.000000
z106z133z3                    1.000000
s162                          5.466480
z162z22z2                     1.000000
z162z22z3                     1.000000
z162z89z2                     1.000000
z162z39z3                     1.000000
z162z8z3                      1.000000
z162z3z3                      1.000000
z162z133z3                    1.000000
s135                          5.120340
z135z64z2                     1.000000
z135z126z2                    1.000000
z135z77z2                     1.000000
z135z66z1                     1.000000
z135z89z2                     1.000000
z135z79z1                     1.000000
z135z169z1                    1.000000
z135z10z1                     1.000000
z135z189z1                    1.000000
s136                          5.200300
z136z66z1                     1.000000
z136z79z1                     1.000000
z136z169z1                    1.000000
z136z10z1                     1.000000
z136z189z1                    1.000000
s53                           5.391900
z53z59z2                      1.000000
z53z89z2                      1.000000
z148z36z2                     1.000000
z148z134z2                    1.000000
z148z89z2                     1.000000
z59z89z2                      1.000000
z64z17z2                      1.000000
z64z134z3                     1.000000
z64z3z3                       1.000000
z64z133z3                     1.000000
z37z3z3                       1.000000
z37z133z3                     1.000000
z70z79z1                      1.000000
z70z28z3                      1.000000
z70z3z3                       1.000000
z70z133z3                     1.000000
z90z79z1                      1.000000
z90z5z3                       1.000000
z90z3z3                       1.000000
z90z133z3                     1.000000
z66z5z1                       1.000000
z66z28z1                      1.000000
z17z86z2                      1.000000
z17z88z1                      1.000000
z36z86z1                      1.000000
z22z168z2                     1.000000
z22z168z3                     1.000000
z22z3z3                       1.000000
z22z133z3                     1.000000
z134z88z3                     1.000000
z134z133z3                    1.000000
z89z114z2                     1.000000
z79z114z1                     1.000000
z79z150z1                     1.000000
z5z149z1                      1.000000
z5z133z3                      1.000000
z39z133z3                     1.000000
z8z150z3                      1.000000
z8z149z3                      1.000000
z28z133z3                     1.000000
All other variables in the range 1-1813 are 0.
