
Log started (V12.10.0.0) Fri Apr 23 06:38:34 2021


Problem 'asset.lp' read.
Read time = 0.01 sec. (0.33 ticks)
New value for default parallel thread count: 1
New value for time limit in seconds: 150
Version identifier: 12.10.0.0 | 2019-11-26 | 843d4de
CPXPARAM_Threads                                 1
CPXPARAM_TimeLimit                               150
Found incumbent of value 0.000000 after 0.00 sec. (0.08 ticks)
Tried aggregator 3 times.
MIP Presolve eliminated 1736 rows and 219 columns.
MIP Presolve modified 1662 coefficients.
Aggregator did 678 substitutions.
Reduced MIP has 1035 rows, 1438 columns, and 5526 nonzeros.
Reduced MIP has 1062 binaries, 331 generals, 0 SOSs, and 0 indicators.
Presolve time = 0.02 sec. (11.45 ticks)
Probing fixed 14 vars, tightened 2 bounds.
Probing time = 0.01 sec. (3.38 ticks)
Cover probing fixed 0 vars, tightened 8 bounds.
Tried aggregator 1 time.
Detecting symmetries...
MIP Presolve eliminated 26 rows and 26 columns.
MIP Presolve modified 164 coefficients.
Reduced MIP has 1009 rows, 1412 columns, and 5246 nonzeros.
Reduced MIP has 1038 binaries, 329 generals, 0 SOSs, and 0 indicators.
Presolve time = 0.01 sec. (5.09 ticks)
Probing time = 0.00 sec. (2.52 ticks)
Clique table members: 3060.
MIP emphasis: balance optimality and feasibility.
MIP search method: dynamic search.
Parallel mode: none, using 1 thread.
Root relaxation solution time = 0.01 sec. (9.02 ticks)

        Nodes                                         Cuts/
   Node  Left     Objective  IInf  Best Integer    Best Bound    ItCnt     Gap

*     0+    0                            0.0000      402.0000              --- 
      0     0      402.0000   238        0.0000      402.0000      434     --- 
      0     0      396.2459   238        0.0000     Cuts: 209      821     --- 
      0     0      392.1742   238        0.0000     Cuts: 352     1183     --- 
      0     0      391.4010   238        0.0000     Cuts: 352     1537     --- 
      0     0      389.9901   238        0.0000     Cuts: 296     1747     --- 
      0     0      389.0137   238        0.0000     Cuts: 225     1955     --- 
Detecting symmetries...
      0     0      388.7023   238        0.0000     Cuts: 158     2049     --- 
      0     0      388.0703   238        0.0000     Cuts: 203     2198     --- 
      0     0      387.4082   238        0.0000     Cuts: 170     2283     --- 
      0     0      387.2437   238        0.0000     Cuts: 129     2392     --- 
      0     0      386.9369   238        0.0000     Cuts: 236     2562     --- 
      0     0      386.8687   238        0.0000     Cuts: 118     2657     --- 
      0     0      386.7187   238        0.0000     Cuts: 135     2746     --- 
      0     0      386.4937   238        0.0000      Cuts: 94     2805     --- 
      0     0      386.4937   238        0.0000      Cuts: 86     2873     --- 
      0     0      386.3866   238        0.0000      Cuts: 32     2970     --- 
      0     0      386.3866   238        0.0000     Cuts: 236     3099     --- 
*     0+    0                           33.0000      386.3866              --- 
*     0+    0                           96.0000      386.3866           302.49%
*     0+    0                          102.0000      386.3866           278.81%
*     0+    0                          222.0000      386.3866            74.05%
*     0+    0                          225.0000      386.3866            71.73%
      0     0        cutoff            225.0000      386.3866     3099   71.73%
Detecting symmetries...
      0     2      386.3866   209      225.0000      386.3497     3099   71.71%
Elapsed time = 0.52 sec. (509.11 ticks, tree = 0.01 MB, solutions = 5)
    100   100      372.8851   147      225.0000      386.3272     6555   71.70%
    250   214      352.8270   127      225.0000      386.3272    10829   71.70%
    420   364      364.1839   156      225.0000      386.3272    13773   71.70%

Performing restart 1

Repeating presolve.
Tried aggregator 1 time.
MIP Presolve modified 1350 coefficients.
Reduced MIP has 1009 rows, 1412 columns, and 4508 nonzeros.
Reduced MIP has 1038 binaries, 329 generals, 0 SOSs, and 0 indicators.
Presolve time = 0.00 sec. (4.10 ticks)
Tried aggregator 1 time.
Reduced MIP has 1009 rows, 1412 columns, and 4508 nonzeros.
Reduced MIP has 1038 binaries, 329 generals, 0 SOSs, and 0 indicators.
Presolve time = 0.00 sec. (3.33 ticks)
Represolve time = 0.03 sec. (19.94 ticks)
    495     0      381.9083   273      225.0000     Cuts: 162    16424   69.74%
    495     0      380.6574   273      225.0000     Cuts: 279    16831   69.18%
    495     0      380.0331   273      225.0000     Cuts: 228    17716   68.90%
    495     0      379.8219   273      225.0000     Cuts: 352    18146   68.81%
    495     0      379.7520   273      225.0000     Cuts: 220    18899   68.78%
    495     0      379.6596   273      225.0000     Cuts: 328    19270   68.74%
    495     0      379.5814   273      225.0000     Cuts: 255    19473   68.70%
    495     0      379.4783   273      225.0000     Cuts: 190    19700   68.66%
    495     0      379.3397   273      225.0000     Cuts: 222    20022   68.60%
    495     0      379.2714   273      225.0000     Cuts: 180    20586   68.57%
    495     0      379.2110   273      225.0000     Cuts: 203    20799   68.54%
    495     0      379.1912   273      225.0000     Cuts: 167    20986   68.53%
    495     0      379.1513   273      225.0000     Cuts: 161    21205   68.51%
    495     0      379.1323   273      225.0000     Cuts: 104    21385   68.50%
    495     0      379.1055   273      225.0000     Cuts: 129    21813   68.49%
    495     0      379.0920   273      225.0000     Cuts: 203    22084   68.49%
    495     0      379.0878   273      225.0000      Cuts: 83    22239   68.48%
    495     0      379.0873   273      225.0000     Cuts: 200    22457   68.48%
    495     0      379.0871   273      225.0000      Cuts: 97    22638   68.48%
    495     0      379.0871   273      225.0000     Cuts: 148    22861   68.48%
    495     0      379.0869   273      225.0000      Cuts: 85    23021   68.48%
    495     2      379.0869   241      225.0000      379.0843    23021   68.48%
    499     6      376.8362   220      225.0000      377.9961    24220   68.00%
    507    14      371.4701   204      225.0000      377.9961    24976   68.00%
    519    25      361.1815   159      225.0000      377.9961    26069   68.00%
    535    41      346.2341   133      225.0000      377.9961    27156   68.00%
    572    74      372.8691   208      225.0000      377.6691    28438   67.85%
    803   266      366.2563   186      225.0000      374.8691    37696   66.61%
Elapsed time = 5.20 sec. (6262.80 ticks, tree = 0.66 MB, solutions = 5)
   1043   486      369.8324   214      225.0000      374.6198    51487   66.50%
   1277   685      340.7400   172      225.0000      374.2843    62302   66.35%
   1586   950      368.6005   195      225.0000      373.7813    75773   66.13%
   1775  1111      369.0306   219      225.0000      373.6236    86557   66.05%
*  2006  1327      integral     0      252.0000      372.8065    95317   47.94%
*  2008  1326      integral     0      255.0000      372.8065    95333   46.20%
   2044  1358      365.6907   231      255.0000      372.0766    99610   45.91%
   2392  1653      364.2500   207      255.0000      371.2646   113474   45.59%
   2712  1912      364.8669   205      255.0000      370.7975   128619   45.41%
   3030  2190      325.1563   133      255.0000      370.7335   142805   45.39%
   3320  2446      304.6282    83      255.0000      370.5646   158196   45.32%
   3661  2755      358.8987   223      255.0000      370.4200   174887   45.26%
Elapsed time = 12.77 sec. (16270.17 ticks, tree = 3.15 MB, solutions = 7)
   3904  2960      366.7549   203      255.0000      370.2570   189379   45.20%
   4164  3180      331.2551   119      255.0000      369.9824   202916   45.09%
   4530  3496    infeasible            255.0000      369.8324   217146   45.03%
   4797  3731      365.2304   212      255.0000      369.6230   229613   44.95%
   5042  3960      341.3327   165      255.0000      369.4772   242794   44.89%
   5322  4205      348.3794   181      255.0000      369.4742   257594   44.89%
   5693  4529      365.7678   223      255.0000      369.1585   271982   44.77%
   5936  4750      353.0629   148      255.0000      368.9681   286047   44.69%
   6204  4974      365.7678   214      255.0000      368.9561   298333   44.69%
   6315  5079      331.8719   149      255.0000      368.9505   312769   44.69%
Elapsed time = 20.11 sec. (25985.35 ticks, tree = 5.53 MB, solutions = 7)
   6570  5305      315.0771   183      255.0000      368.8875   323619   44.66%
   6803  5514      345.8393   190      255.0000      368.8192   336234   44.63%
   7105  5783      341.3374   170      255.0000      368.7083   349265   44.59%
   7326  5979      361.5966   216      255.0000      368.6890   361100   44.58%
*  7495+ 6093                          258.0000      368.6890            42.90%
   7589  6180      356.6144   188      258.0000      368.6874   375608   42.90%
*  7692  6130      integral     0      270.0000      368.6874   379846   36.55%
*  7792+ 6169                          273.0000      368.6596            35.04%
   7878  6250      340.2222   142      273.0000      368.6390   390756   35.03%
   8106  6459      338.8906   182      273.0000      368.5344   406259   34.99%
   8523  6843      344.5959   176      273.0000      368.4418   422056   34.96%
   8863  7142      357.2291   197      273.0000      368.4008   439246   34.95%
   9161  7403      329.1213   137      273.0000      368.2696   455122   34.90%
Elapsed time = 27.48 sec. (35582.78 ticks, tree = 7.81 MB, solutions = 10)
   9469  7676      343.9508   158      273.0000      368.1781   469184   34.86%
*  9495+ 7575                          276.0000      368.1781            33.40%
   9702  7757      343.1953   172      276.0000      368.1258   483003   33.38%
   9952  7989      360.8572   187      276.0000      368.1121   497535   33.37%
  10289  8293      354.9320   167      276.0000      368.0570   510653   33.35%
* 10395+ 7987                          282.0000      368.0282            30.51%
* 10395+ 7779                          285.0000      368.0282            29.13%
* 10395+ 7611                          288.0000      368.0282            27.79%
* 10395+ 7341                          291.0000      368.0282            26.47%
  10395  7343      341.9120   153      291.0000      368.0282   517734   26.47%
  10396  7344      368.0252   217      291.0000      368.0282   517869   26.47%
  10543  7487      314.0053   110      291.0000      368.0252   530002   26.47%
  10785  7704      322.5000   110      291.0000      367.8980   545544   26.43%
  11039  7940      338.3518   177      291.0000      367.8289   560734   26.40%
  11291  8167      327.3764   125      291.0000      367.7733   576234   26.38%
Elapsed time = 40.19 sec. (49726.80 ticks, tree = 8.82 MB, solutions = 15)
  11519  8377      325.4183   138      291.0000      367.7273   592681   26.37%
  11830  8661      336.7450   169      291.0000      367.6431   608294   26.34%
  12130  8939      355.8130   201      291.0000      367.5591   625850   26.31%
  12447  9230      361.3439   211      291.0000      367.4796   643473   26.28%
  12741  9489      351.8202   208      291.0000      367.4448   660053   26.27%
  12900  9632      334.9453   156      291.0000      367.4430   673778   26.27%
  13110  9824      331.2728   162      291.0000      367.4226   688636   26.26%
  13295  9994      345.5609   155      291.0000      367.3859   702306   26.25%
  13510 10194      341.7857   130      291.0000      367.3478   717381   26.24%
  13795 10459      320.6441   138      291.0000      367.3117   731270   26.22%
Elapsed time = 47.48 sec. (59345.14 ticks, tree = 11.00 MB, solutions = 15)
  14068 10702      360.8516   185      291.0000      367.2461   744791   26.20%
  14293 10907      339.7367   121      291.0000      367.1955   758805   26.18%
  14561 11157      327.0699   117      291.0000      367.1890   773780   26.18%
  14845 11418      305.8380   130      291.0000      367.1809   789881   26.18%
  15144 11691      361.0923   205      291.0000      367.1295   805011   26.16%
  15485 12007      316.3333   146      291.0000      367.1104   821276   26.15%
  15782 12271      332.1778   167      291.0000      367.1006   838301   26.15%
  16085 12550      339.2352   151      291.0000      366.9892   855151   26.11%
  16273 12718      340.0714   146      291.0000      366.9645   870057   26.10%
  16480 12910      313.6778   112      291.0000      366.9192   886170   26.09%
Elapsed time = 54.75 sec. (68953.64 ticks, tree = 13.35 MB, solutions = 15)
  16732 13136      319.2311   123      291.0000      366.8764   903211   26.07%
  17022 13407      345.9527   148      291.0000      366.8296   918907   26.06%
  17227 13594      354.6064   179      291.0000      366.7495   934664   26.03%
  17436 13785      364.5708   231      291.0000      366.7188   948911   26.02%
  17703 14023      357.5230   213      291.0000      366.6066   963565   25.98%
  17931 14228      334.5110   193      291.0000      366.5873   979303   25.98%
  18151 14435      306.9114    97      291.0000      366.5863   993787   25.97%
  18409 14672      353.9628   200      291.0000      366.5633  1007937   25.97%
  18626 14873      318.5940   107      291.0000      366.5515  1023414   25.96%
  18847 15073      361.5715   198      291.0000      366.5252  1037442   25.95%
Elapsed time = 61.97 sec. (78552.25 ticks, tree = 15.41 MB, solutions = 15)
  19146 15357      321.3188   140      291.0000      366.4749  1052783   25.94%
  19385 15574      308.2866   108      291.0000      366.4455  1069122   25.93%
  19655 15808      335.7094   186      291.0000      366.3877  1085513   25.91%
  20005 16134      331.5000   134      291.0000      366.3294  1101870   25.89%
  20312 16415      307.9348   123      291.0000      366.3123  1118875   25.88%

Performing restart 2

Repeating presolve.
Tried aggregator 1 time.
MIP Presolve eliminated 36 rows and 0 columns.
Reduced MIP has 973 rows, 1412 columns, and 7218 nonzeros.
Reduced MIP has 1038 binaries, 329 generals, 0 SOSs, and 0 indicators.
Presolve time = 0.00 sec. (3.95 ticks)
Tried aggregator 1 time.
Reduced MIP has 973 rows, 1412 columns, and 7218 nonzeros.
Reduced MIP has 1038 binaries, 329 generals, 0 SOSs, and 0 indicators.
Presolve time = 0.01 sec. (4.68 ticks)
Represolve time = 0.06 sec. (45.45 ticks)
  20515     0      379.0211   333      291.0000      Cuts: 56  1137384   25.87%
  20515     0      378.8847   333      291.0000     Cuts: 151  1137985   25.87%
  20515     0      378.8178   333      291.0000     Cuts: 199  1138381   25.87%
  20515     0      378.8115   333      291.0000     Cuts: 216  1138670   25.87%
  20515     0      378.8009   333      291.0000     Cuts: 152  1138936   25.87%
  20515     0      378.7280   333      291.0000      Cuts: 89  1139370   25.87%
  20515     0      378.6642   333      291.0000     Cuts: 343  1140517   25.87%
  20515     0      378.5174   333      291.0000     Cuts: 192  1140861   25.87%
  20515     0      378.2798   333      291.0000     Cuts: 170  1141407   25.87%
  20515     0      378.0551   333      291.0000     Cuts: 190  1142088   25.87%
  20515     0      377.9674   333      291.0000     Cuts: 202  1142248   25.87%
  20515     0      377.9415   333      291.0000     Cuts: 264  1142547   25.87%
  20515     2      377.9415   267      291.0000      366.2903  1142547   25.87%
  20533    20      364.9757   197      291.0000      366.2903  1145022   25.87%
  20584    61      297.0000    58      291.0000      366.2903  1149789   25.87%
  20622    95      345.5763   174      291.0000      366.2903  1155027   25.87%
  20667   135      358.7187   198      291.0000      366.2903  1158976   25.87%
Elapsed time = 71.41 sec. (90945.45 ticks, tree = 0.21 MB, solutions = 15)
  20719   181      326.0679   103      291.0000      366.2903  1163736   25.87%
  20807   258      346.4919   146      291.0000      366.2903  1169099   25.87%
  20932   353      361.5073   218      291.0000      366.2903  1174710   25.87%
  21036   444      365.3404   200      291.0000      366.2903  1181943   25.87%
  21174   567      301.6111   117      291.0000      366.2903  1191068   25.87%
  21279   643      366.8266   209      291.0000      366.2903  1200463   25.87%
  21388   737      335.6707   189      291.0000      366.2903  1211273   25.87%
  21598   923      361.1483   242      291.0000      366.2903  1222738   25.87%
  21760  1067      313.4877   116      291.0000      366.2903  1235069   25.87%
  22372  1576      342.6022   174      291.0000      366.2903  1279649   25.87%
Elapsed time = 80.71 sec. (103412.22 ticks, tree = 1.57 MB, solutions = 15)
  23085  2178      345.7160   167      291.0000      366.2903  1334469   25.87%
  23886  2849      311.6590   129      291.0000      366.2903  1395064   25.87%
  24645  3471      302.3658   116      291.0000      365.7696  1457624   25.69%
  25267  4007      350.2950   211      291.0000      365.3613  1512549   25.55%
  26089  4707      356.1562   259      291.0000      365.0928  1568326   25.46%
  26784  5301      340.4670   194      291.0000      364.8527  1617558   25.38%
  27535  5966      326.5714   121      291.0000      364.3539  1675216   25.21%
  28207  6541        cutoff            291.0000      364.1007  1723505   25.12%
  28940  7167      345.4789   197      291.0000      363.7691  1782808   25.01%
  29577  7693      354.6042   250      291.0000      363.5368  1831445   24.93%
Elapsed time = 110.51 sec. (141628.08 ticks, tree = 7.48 MB, solutions = 15)
  30257  8262      359.4820   197      291.0000      363.2287  1886144   24.82%
  31009  8894      362.3402   217      291.0000      362.9956  1938118   24.74%
  31609  9404      358.9754   209      291.0000      362.6404  1994846   24.62%
  32353 10063      305.3081    99      291.0000      362.2495  2053258   24.48%
  32915 10545      325.1667   144      291.0000      362.0005  2103993   24.40%
  33710 11243      324.6336   177      291.0000      361.8536  2163639   24.35%
  34363 11810      350.4660   180      291.0000      361.6643  2215493   24.28%
  34960 12333      330.6514   183      291.0000      361.3319  2267710   24.17%
Starting limited solution polishing.
  35774 13025      331.5000   137      291.0000      361.1180  2325163   24.10%
* 36215+13210                          294.0000      361.0261            22.80%
  36215 13212      336.2372   144      294.0000      361.0261  2362563   22.80%
Elapsed time = 140.85 sec. (179899.35 ticks, tree = 13.17 MB, solutions = 16)
  36615 13547      343.5663   206      294.0000      360.8386  2399558   22.73%
  37015 13888      344.4065   201      294.0000      360.5751  2435278   22.64%

GUB cover cuts applied:  26
Clique cuts applied:  110
Cover cuts applied:  30
Implied bound cuts applied:  164
Flow cuts applied:  27
Mixed integer rounding cuts applied:  183
Zero-half cuts applied:  68
Lift and project cuts applied:  50
Gomory fractional cuts applied:  14

Root node processing (before b&c):
  Real time             =    0.52 sec. (509.42 ticks)
Sequential b&c:
  Real time             =  149.48 sec. (190539.27 ticks)
                          ------------
Total (root+branch&cut) =  150.00 sec. (191048.69 ticks)

Solution pool: 17 solutions saved.

MIP - Time limit exceeded, integer feasible:  Objective =  2.9400000000e+02
Current MIP best bound =  3.6048507999e+02 (gap = 66.4851, 22.61%)
Solution time =  150.00 sec.  Iterations = 2460406  Nodes = 37316 (14150)
Deterministic time = 191048.69 ticks  (1273.65 ticks/sec)


Incumbent solution
Variable Name           Solution Value
F                           294.000000
y56                           1.000000
y162                          1.000000
y224                          1.000000
y36                           1.000000
y41                           1.000000
y43                           1.000000
y151                          1.000000
y185                          1.000000
y28                           1.000000
y182                          1.000000
y280                          1.000000
y32                           1.000000
y234                          1.000000
y215                          1.000000
y250                          1.000000
y44                           1.000000
y175                          1.000000
y261                          1.000000
y71                           1.000000
y245                          1.000000
y178                          1.000000
y120                          1.000000
y103                          1.000000
y55                           1.000000
y109                          1.000000
y124                          1.000000
y237                          1.000000
y211                          1.000000
y202                          1.000000
y251                          1.000000
y153                          1.000000
y161                          1.000000
y273                          1.000000
x40x185x1                     1.000000
x258x36x1                     1.000000
x258x43x1                     1.000000
x101x56x1                     1.000000
x242x36x1                     1.000000
x252x56x1                     1.000000
x252x41x1                     1.000000
x88x162x1                     1.000000
x34x32x1                      1.000000
x227x162x2                    1.000000
x227x41x2                     1.000000
x101x280x2                    1.000000
x142x224x2                    1.000000
x142x43x2                     1.000000
x23x224x2                     1.000000
x23x44x2                      1.000000
x148x234x2                    1.000000
x34x280x2                     1.000000
x90x28x3                      2.000000
x149x151x3                    1.000000
x149x261x3                    1.000000
x242x151x3                    1.000000
x239x32x3                     1.000000
x239x215x3                    1.000000
x138x185x3                    1.000000
x148x178x3                    1.000000
x56x251x1                     2.000000
x162x103x1                    1.000000
x162x261x2                    1.000000
x224x175x2                    2.000000
x36x103x1                     1.000000
x36x109x1                     1.000000
x41x109x1                     1.000000
x41x234x2                     1.000000
x43x273x1                     1.000000
x43x44x2                      1.000000
x151x250x3                    2.000000
x185x178x1                    1.000000
x185x215x3                    1.000000
x28x182x3                     2.000000
x182x0x3                      2.000000
x280x71x2                     1.000000
x280x124x2                    1.000000
x32x124x1                     1.000000
x32x55x3                      1.000000
x234x153x2                    2.000000
x215x71x3                     1.000000
x215x211x3                    1.000000
x250x120x3                    2.000000
x44x55x2                      1.000000
x44x273x2                     1.000000
x175x245x2                    2.000000
x261x237x2                    1.000000
x261x237x3                    1.000000
x71x0x2                       1.000000
x71x0x3                       1.000000
x245x0x2                      2.000000
x178x0x1                      1.000000
x178x202x3                    1.000000
x120x0x3                      2.000000
x103x211x1                    1.000000
x103x202x1                    1.000000
x55x0x2                       1.000000
x55x0x3                       1.000000
x109x161x1                    2.000000
x124x0x1                      1.000000
x124x0x2                      1.000000
x237x0x2                      1.000000
x237x0x3                      1.000000
x211x0x1                      1.000000
x211x0x3                      1.000000
x202x0x1                      1.000000
x202x0x3                      1.000000
x251x0x1                      2.000000
x153x0x2                      2.000000
x161x0x1                      2.000000
x273x0x1                      1.000000
x273x0x2                      1.000000
s40                           4.479170
s56                           6.960397
z40z56z1                      1.000000
s162                          6.616772
s36                           6.637305
z40z36z1                      1.000000
s41                           6.560455
s43                           6.750556
s185                          6.544235
z40z185z1                     1.000000
s32                           7.941608
s262                          8.130000
s178                          8.330000
s103                          8.306667
z40z103z1                     1.000000
s109                          8.290000
z40z109z1                     1.000000
s124                          9.300000
s211                          9.340000
s202                          9.370000
s251                          9.390000
z40z251z1                     1.000000
s161                          9.450000
z40z161z1                     1.000000
s273                          9.500000
s258                          4.903950
z258z36z1                     1.000000
z258z43z1                     1.000000
z258z103z1                    1.000000
z258z109z1                    1.000000
z258z251z1                    1.000000
z258z161z1                    1.000000
s227                          5.010900
z227z162z2                    1.000000
s224                          6.730917
s118                          6.992321
z227z41z2                     1.000000
s255                          7.050000
z227z255z2                    1.000000
s87                           8.044747
z227z87z2                     1.000000
s280                          7.426448
z227z280z2                    1.000000
s234                          8.122681
z227z234z2                    1.000000
s8                            8.020000
z227z8z2                      1.000000
s15                           8.030000
s44                           8.137108
z227z44z2                     1.000000
s176                          8.030000
z227z176z2                    1.000000
s238                          8.040000
s175                          8.171716
z227z175z2                    1.000000
s261                          8.276252
s18                           8.130000
z227z18z2                     1.000000
s21                           8.140000
z227z21z2                     1.000000
s71                           9.180000
s245                          9.200000
z227z245z2                    1.000000
s287                          8.250186
z227z287z2                    1.000000
s137                          8.250000
z227z137z2                    1.000000
s55                           9.280000
s228                          9.290000
z227z228z2                    1.000000
s237                          9.330000
s153                          9.430000
z227z153z2                    1.000000
s14                           9.480000
z227z14z2                     1.000000
s101                          5.124600
z101z56z1                     1.000000
z101z280z2                    1.000000
z101z8z2                      1.000000
z101z44z2                     1.000000
z101z176z2                    1.000000
z101z175z2                    1.000000
z101z18z2                     1.000000
z101z21z2                     1.000000
z101z245z2                    1.000000
z101z287z2                    1.000000
z101z137z2                    1.000000
z101z103z1                    1.000000
z101z109z1                    1.000000
z101z228z2                    1.000000
z101z251z1                    1.000000
z101z153z2                    1.000000
z101z161z1                    1.000000
z101z14z2                     1.000000
s90                           5.194890
s157                          7.151140
z90z157z3                     1.000000
s151                          6.775955
s28                           7.050000
z90z28z3                      1.000000
s182                          8.130000
z90z182z3                     1.000000
s217                          8.130000
z90z217z3                     1.000000
s215                          7.908042
z90z215z3                     1.000000
s250                          8.186754
z90z250z3                     1.000000
s289                          8.160000
z90z289z3                     1.000000
s198                          9.170000
z90z198z3                     1.000000
s290                          9.170000
z90z290z3                     1.000000
s167                          9.230000
z90z167z3                     1.000000
s120                          9.250000
z90z120z3                     1.000000
s128                          9.330000
z90z128z3                     1.000000
s149                          5.145980
z149z151z3                    1.000000
z149z28z3                     1.000000
z149z182z3                    1.000000
z149z217z3                    1.000000
z149z215z3                    1.000000
z149z250z3                    1.000000
z149z261z3                    1.000000
z149z289z3                    1.000000
z149z198z3                    1.000000
z149z290z3                    1.000000
z149z167z3                    1.000000
z149z120z3                    1.000000
z149z128z3                    1.000000
s242                          5.024700
z242z36z1                     1.000000
z242z151z3                    1.000000
z242z28z3                     1.000000
z242z182z3                    1.000000
z242z217z3                    1.000000
z242z215z3                    1.000000
z242z250z3                    1.000000
z242z289z3                    1.000000
z242z198z3                    1.000000
z242z290z3                    1.000000
z242z167z3                    1.000000
z242z120z3                    1.000000
z242z103z1                    1.000000
z242z109z1                    1.000000
z242z128z3                    1.000000
z242z251z1                    1.000000
z242z161z1                    1.000000
s252                          5.037350
z252z56z1                     1.000000
z252z41z1                     1.000000
z252z103z1                    1.000000
z252z109z1                    1.000000
z252z251z1                    1.000000
z252z161z1                    1.000000
s239                          5.356860
z239z32z3                     1.000000
z239z215z3                    1.000000
z239z250z3                    1.000000
z239z289z3                    1.000000
z239z198z3                    1.000000
z239z290z3                    1.000000
z239z167z3                    1.000000
z239z120z3                    1.000000
z239z128z3                    1.000000
s88                           4.703120
z88z162z1                     1.000000
z88z103z1                     1.000000
z88z109z1                     1.000000
z88z251z1                     1.000000
z88z161z1                     1.000000
s142                          5.278400
z142z224z2                    1.000000
z142z43z2                     1.000000
z142z255z2                    1.000000
z142z87z2                     1.000000
z142z280z2                    1.000000
z142z234z2                    1.000000
z142z8z2                      1.000000
z142z44z2                     1.000000
z142z176z2                    1.000000
z142z175z2                    1.000000
z142z18z2                     1.000000
z142z21z2                     1.000000
z142z245z2                    1.000000
z142z287z2                    1.000000
z142z137z2                    1.000000
z142z228z2                    1.000000
z142z153z2                    1.000000
z142z14z2                     1.000000
s23                           5.158530
z23z224z2                     1.000000
z23z255z2                     1.000000
z23z87z2                      1.000000
z23z280z2                     1.000000
z23z234z2                     1.000000
z23z8z2                       1.000000
z23z44z2                      1.000000
z23z176z2                     1.000000
z23z175z2                     1.000000
z23z18z2                      1.000000
z23z21z2                      1.000000
z23z245z2                     1.000000
z23z287z2                     1.000000
z23z137z2                     1.000000
z23z228z2                     1.000000
z23z153z2                     1.000000
z23z14z2                      1.000000
s138                          4.813930
z138z185z3                    1.000000
z138z28z3                     1.000000
z138z182z3                    1.000000
z138z217z3                    1.000000
z138z215z3                    1.000000
z138z250z3                    1.000000
z138z289z3                    1.000000
z138z198z3                    1.000000
z138z290z3                    1.000000
z138z167z3                    1.000000
z138z120z3                    1.000000
z138z128z3                    1.000000
s148                          5.741800
z148z234z2                    1.000000
z148z250z3                    1.000000
z148z8z2                      1.000000
z148z44z2                     1.000000
z148z176z2                    1.000000
z148z175z2                    1.000000
z148z18z2                     1.000000
z148z21z2                     1.000000
z148z289z3                    1.000000
z148z198z3                    1.000000
z148z290z3                    1.000000
z148z245z2                    1.000000
z148z167z3                    1.000000
z148z178z3                    1.000000
z148z287z2                    1.000000
z148z120z3                    1.000000
z148z137z2                    1.000000
z148z228z2                    1.000000
z148z128z3                    1.000000
z148z153z2                    1.000000
z148z14z2                     1.000000
s34                           5.890850
z34z280z2                     1.000000
z34z32z1                      1.000000
z34z8z2                       1.000000
z34z44z2                      1.000000
z34z176z2                     1.000000
z34z175z2                     1.000000
z34z18z2                      1.000000
z34z21z2                      1.000000
z34z245z2                     1.000000
z34z287z2                     1.000000
z34z137z2                     1.000000
z34z103z1                     1.000000
z34z109z1                     1.000000
z34z228z2                     1.000000
z34z251z1                     1.000000
z34z153z2                     1.000000
z34z161z1                     1.000000
z34z14z2                      1.000000
z56z251z1                     1.000000
z56z161z1                     1.000000
z162z261z2                    1.000000
z162z103z1                    1.000000
z162z153z2                    1.000000
z162z161z1                    1.000000
z162z14z2                     1.000000
z224z87z2                     1.000000
z224z175z2                    1.000000
z224z245z2                    1.000000
z224z153z2                    1.000000
z224z14z2                     1.000000
z118z153z2                    1.000000
z118z14z2                     1.000000
z36z103z1                     1.000000
z36z109z1                     1.000000
z36z161z1                     1.000000
z41z234z2                     1.000000
z41z109z1                     1.000000
z41z153z2                     1.000000
z41z161z1                     1.000000
z41z14z2                      1.000000
z43z44z2                      1.000000
z43z153z2                     1.000000
z43z161z1                     1.000000
z43z14z2                      1.000000
z43z273z1                     1.000000
z157z120z3                    1.000000
z151z250z3                    1.000000
z151z120z3                    1.000000
z185z215z3                    1.000000
z185z178z1                    1.000000
z185z120z3                    1.000000
z185z161z1                    1.000000
z28z182z3                     1.000000
z255z153z2                    1.000000
z255z14z2                     1.000000
z87z14z2                      1.000000
z280z71z2                     1.000000
z280z124z2                    1.000000
z280z14z2                     1.000000
z32z55z3                      1.000000
z32z124z1                     1.000000
z234z153z2                    1.000000
z215z198z3                    1.000000
z215z71z3                     1.000000
z215z211z3                    1.000000
z250z120z3                    1.000000
z44z55z2                      1.000000
z44z273z2                     1.000000
z175z245z2                    1.000000
z261z237z2                    1.000000
z261z237z3                    1.000000
z178z202z3                    1.000000
z103z211z1                    1.000000
z103z202z1                    1.000000
z103z251z1                    1.000000
z103z161z1                    1.000000
z109z251z1                    1.000000
z109z161z1                    1.000000
All other variables in the range 1-2339 are 0.
