
Log started (V12.10.0.0) Fri Apr 23 12:37:03 2021


Problem 'asset.lp' read.
Read time = 0.00 sec. (0.09 ticks)
New value for default parallel thread count: 1
New value for time limit in seconds: 150
Version identifier: 12.10.0.0 | 2019-11-26 | 843d4de
CPXPARAM_Threads                                 1
CPXPARAM_TimeLimit                               150
Found incumbent of value -0.847765 after 0.00 sec. (0.04 ticks)
Tried aggregator 1 time.
MIP Presolve eliminated 979 rows and 646 columns.
MIP Presolve modified 473 coefficients.
All rows and columns eliminated.
Presolve time = 0.00 sec. (0.61 ticks)

Root node processing (before b&c):
  Real time             =    0.00 sec. (0.67 ticks)
Sequential b&c:
  Real time             =    0.00 sec. (0.00 ticks)
                          ------------
Total (root+branch&cut) =    0.00 sec. (0.67 ticks)

Solution pool: 1 solution saved.

MIP - Integer optimal solution:  Objective = -8.4776532000e-01
Solution time =    0.00 sec.  Iterations = 0  Nodes = 0
Deterministic time = 0.67 ticks  (665.43 ticks/sec)


Incumbent solution
Variable Name           Solution Value
ff                            0.847765
s9                            5.850000
s22                           5.130000
s26                           5.410000
s44                           5.060000
s48                           5.120000
s141                          5.000000
s143                          5.130000
s167                          5.720000
s182                          5.660000
t9                            5.140000
t22                           5.010000
t26                           5.410000
t44                           5.060000
t141                          5.000000
t143                          5.130000
t182                          5.660000
u9                            5.160000
u22                           5.130000
u167                          5.560000
r9                            5.850000
r48                           5.120000
r167                          5.720000
s61                           4.206527
s176                          3.971114
s174                          4.684565
s62                           4.817855
s177                          5.285157
s31                           5.267939
s103                          5.544924
s122                          5.089324
s16                           5.555366
s28                           3.727500
t61                           4.206527
t176                          3.971114
t174                          4.684565
t62                           4.817855
t177                          5.285157
t31                           5.267939
t103                          5.544924
t122                          5.089324
t16                           5.555366
t28                           3.727500
u174                          4.684565
u177                          5.285157
u31                           5.267939
u103                          5.544924
u122                          5.089324
u16                           5.555366
u28                           3.727500
r61                           4.206527
r176                          3.971114
r174                          4.684565
r62                           4.817855
r177                          5.285157
r31                           5.267939
r103                          5.544924
r122                          5.089324
r16                           5.555366
r28                           3.727500
r44                          20.000000
r141                         20.000000
u61                           4.206527
u176                          3.971114
u62                           4.817855
All other variables in the range 1-646 are 0.
