
Log started (V12.10.0.0) Fri Apr 23 11:14:40 2021


Problem 'asset.lp' read.
Read time = 0.01 sec. (0.35 ticks)
New value for default parallel thread count: 1
New value for time limit in seconds: 150
Version identifier: 12.10.0.0 | 2019-11-26 | 843d4de
CPXPARAM_Threads                                 1
CPXPARAM_TimeLimit                               150
Found incumbent of value -0.799217 after 0.00 sec. (0.15 ticks)
Tried aggregator 5 times.
MIP Presolve eliminated 2491 rows and 1317 columns.
MIP Presolve modified 2545 coefficients.
Aggregator did 519 substitutions.
Reduced MIP has 584 rows, 590 columns, and 2538 nonzeros.
Reduced MIP has 521 binaries, 39 generals, 0 SOSs, and 0 indicators.
Presolve time = 0.01 sec. (13.06 ticks)
Probing fixed 206 vars, tightened 15 bounds.
Probing time = 0.00 sec. (1.38 ticks)
Cover probing fixed 0 vars, tightened 40 bounds.
Tried aggregator 2 times.
MIP Presolve eliminated 285 rows and 277 columns.
MIP Presolve modified 2 coefficients.
Aggregator did 1 substitutions.
Reduced MIP has 298 rows, 306 columns, and 990 nonzeros.
Reduced MIP has 261 binaries, 15 generals, 0 SOSs, and 0 indicators.
Presolve time = 0.00 sec. (2.02 ticks)
Probing time = 0.00 sec. (0.44 ticks)
Tried aggregator 1 time.
Detecting symmetries...
MIP Presolve modified 8 coefficients.
Reduced MIP has 298 rows, 306 columns, and 990 nonzeros.
Reduced MIP has 261 binaries, 15 generals, 0 SOSs, and 0 indicators.
Presolve time = 0.00 sec. (0.71 ticks)
Probing time = 0.00 sec. (0.43 ticks)
Clique table members: 263.
MIP emphasis: balance optimality and feasibility.
MIP search method: dynamic search.
Parallel mode: none, using 1 thread.
Root relaxation solution time = 0.00 sec. (1.81 ticks)

        Nodes                                         Cuts/
   Node  Left     Objective  IInf  Best Integer    Best Bound    ItCnt     Gap

*     0+    0                           -0.7992      760.8622              --- 
      0     0      378.5131    61       -0.7992      378.5131      170     --- 
*     0+    0                          333.1840      378.5131            13.60%
      0     0      369.2045    61      333.1840      Cuts: 70      249   10.81%
*     0+    0                          335.4136      369.2045            10.07%
      0     0      364.7244    61      335.4136      Cuts: 36      285    8.74%
*     0+    0                          364.7198      364.7244             0.00%

Clique cuts applied:  12
Cover cuts applied:  1
Implied bound cuts applied:  33
Mixed integer rounding cuts applied:  2
Zero-half cuts applied:  5
Gomory fractional cuts applied:  10

Root node processing (before b&c):
  Real time             =    0.04 sec. (30.15 ticks)
Sequential b&c:
  Real time             =    0.00 sec. (0.00 ticks)
                          ------------
Total (root+branch&cut) =    0.04 sec. (30.15 ticks)

Solution pool: 4 solutions saved.

MIP - Integer optimal, tolerance (0.0001/1e-06):  Objective =  3.6471981778e+02
Current MIP best bound =  3.6472436562e+02 (gap = 0.00454784, 0.00%)
Solution time =    0.04 sec.  Iterations = 285  Nodes = 0 (1)
Deterministic time = 30.16 ticks  (798.68 ticks/sec)


Incumbent solution
Variable Name           Solution Value
F                           380.000000
f1                            0.830182
f2                           14.450000
y4                            1.000000
y118                          1.000000
y121                          1.000000
y133                          1.000000
y171                          1.000000
y100                          1.000000
y127                          1.000000
y14                           1.000000
y24                           1.000000
y136                          1.000000
y168                          1.000000
y138                          1.000000
s134                          3.300000
s91                           3.350000
s22                           3.390000
s173                          3.400000
s98                           3.430000
s18                           3.440000
s27                           3.460000
s63                           3.460000
s3                            3.470000
s54                           3.470000
s82                           3.480000
s159                          3.480000
s140                          3.520000
s155                          3.520000
s186                          3.520000
s30                           3.530000
s175                          3.540000
s209                          3.570000
s36                           3.600000
s83                           3.620000
s4                            4.569663
s73                           3.640000
s77                           3.680000
s79                           3.690000
s188                          3.720000
s55                           3.750000
s66                           3.750000
s28                           3.790000
s151                          3.790000
s137                          3.860000
s94                           3.870000
s29                           3.880000
s88                           3.880000
s76                           3.980000
s118                          4.963981
s59                           4.040000
s207                          4.040000
s200                          4.050000
s34                           4.080000
s157                          4.130000
s121                          5.029669
s185                          4.160000
s133                          4.895579
s1                            4.190000
s171                          4.699108
s15                           4.200000
s100                          5.144997
s202                          4.240000
s104                          4.280000
s129                          4.280000
s35                           4.330000
s56                           4.370000
s203                          4.370000
s127                          5.291231
s62                           4.430000
s33                           4.480000
s14                           5.294917
s24                           5.305283
s136                          5.297944
s68                           4.730000
s168                          5.843330
s138                          5.465829
s206                          5.190000
x51x4x1                       1.000000
x149x100x1                    1.000000
x64x133x1                     1.000000
x179x24x1                     1.000000
x179x138x1                    1.000000
x169x136x1                    1.000000
x184x127x1                    1.000000
x132x118x2                    1.000000
x132x133x2                    1.000000
x64x100x2                     1.000000
x158x4x2                      1.000000
x158x171x2                    1.000000
x93x136x2                     1.000000
x120x14x2                     1.000000
x184x127x2                    1.000000
x51x171x3                     1.000000
x149x121x3                    1.000000
x93x138x3                     1.000000
x120x24x3                     1.000000
x176x14x3                     1.000000
x176x168x3                    1.000000
x86x118x3                     1.000000
x86x121x3                     1.000000
x4x0x1                        1.000000
x4x0x2                        1.000000
x118x0x2                      1.000000
x118x0x3                      1.000000
x121x0x3                      2.000000
x133x0x1                      1.000000
x133x0x2                      1.000000
x171x0x2                      1.000000
x171x168x3                    1.000000
x100x0x1                      1.000000
x100x0x2                      1.000000
x127x0x1                      1.000000
x127x0x2                      1.000000
x14x0x2                       1.000000
x14x0x3                       1.000000
x24x0x1                       1.000000
x24x0x3                       1.000000
x136x0x1                      1.000000
x136x0x2                      1.000000
x168x0x3                      2.000000
x138x0x1                      1.000000
x138x0x3                      1.000000
s51                           3.382215
z51z4z1                       1.000000
z51z171z3                     1.000000
z51z168z3                     1.000000
s132                          3.564035
z132z118z2                    1.000000
z132z133z2                    1.000000
z132z206z2                    1.000000
s149                          3.675639
z149z121z3                    1.000000
z149z100z1                    1.000000
s64                           3.670738
z64z133z1                     1.000000
z64z100z2                     1.000000
z64z206z2                     1.000000
s158                          3.300892
z158z4z2                      1.000000
z158z171z2                    1.000000
z158z206z2                    1.000000
s93                           3.968980
z93z136z2                     1.000000
z93z138z3                     1.000000
s120                          3.391713
z120z14z2                     1.000000
z120z24z3                     1.000000
z120z206z2                    1.000000
s176                          3.759856
z176z14z3                     1.000000
z176z168z3                    1.000000
s179                          3.994272
z179z24z1                     1.000000
z179z138z1                    1.000000
s169                          4.082872
z169z136z1                    1.000000
s86                           3.610198
z86z118z3                     1.000000
z86z121z3                     1.000000
s184                          3.892345
z184z127z1                    1.000000
z184z127z2                    1.000000
z98z206z2                     1.000000
z171z168z3                    1.000000
All other variables in the range 1-2430 are 0.
