
Log started (V12.10.0.0) Fri Apr 23 11:37:21 2021


Problem 'asset.lp' read.
Read time = 0.01 sec. (0.62 ticks)
New value for default parallel thread count: 1
New value for time limit in seconds: 150
Version identifier: 12.10.0.0 | 2019-11-26 | 843d4de
CPXPARAM_Threads                                 1
CPXPARAM_TimeLimit                               150
Found incumbent of value 0.000000 after 0.00 sec. (0.15 ticks)
Tried aggregator 3 times.
MIP Presolve eliminated 2949 rows and 308 columns.
MIP Presolve modified 3492 coefficients.
Aggregator did 1671 substitutions.
Reduced MIP has 1697 rows, 2261 columns, and 9921 nonzeros.
Reduced MIP has 2015 binaries, 189 generals, 0 SOSs, and 0 indicators.
Presolve time = 0.02 sec. (19.47 ticks)
Probing fixed 27 vars, tightened 6 bounds.
Probing time = 0.02 sec. (10.57 ticks)
Cover probing fixed 0 vars, tightened 4 bounds.
Tried aggregator 1 time.
Detecting symmetries...
MIP Presolve eliminated 49 rows and 49 columns.
MIP Presolve modified 234 coefficients.
Reduced MIP has 1648 rows, 2212 columns, and 9386 nonzeros.
Reduced MIP has 1972 binaries, 183 generals, 0 SOSs, and 0 indicators.
Presolve time = 0.01 sec. (8.77 ticks)
Probing time = 0.00 sec. (2.90 ticks)
Clique table members: 6126.
MIP emphasis: balance optimality and feasibility.
MIP search method: dynamic search.
Parallel mode: none, using 1 thread.
Root relaxation solution time = 0.06 sec. (75.34 ticks)

        Nodes                                         Cuts/
   Node  Left     Objective  IInf  Best Integer    Best Bound    ItCnt     Gap

*     0+    0                            0.0000      865.0000              --- 
      0     0      835.1954   338        0.0000      835.1954     1295     --- 
      0     0      816.6383   338        0.0000     Cuts: 512     2889     --- 
      0     0      801.6235   338        0.0000     Cuts: 512     3958     --- 
      0     0      794.9849   338        0.0000     Cuts: 512     5061     --- 
      0     0      791.2219   338        0.0000     Cuts: 505     5702     --- 
      0     0      789.5968   338        0.0000     Cuts: 440     6085     --- 
Detecting symmetries...
      0     0      788.0526   338        0.0000     Cuts: 443     6572     --- 
      0     0      786.5031   338        0.0000     Cuts: 407     6917     --- 
      0     0      785.4338   338        0.0000     Cuts: 354     7506     --- 
      0     0      783.4362   338        0.0000     Cuts: 349     7994     --- 
      0     0      782.1420   338        0.0000     Cuts: 312     8356     --- 
      0     0      780.2567   338        0.0000     Cuts: 266     8855     --- 
      0     0      779.8296   338        0.0000     Cuts: 458     9805     --- 
      0     0      779.4104   338        0.0000     Cuts: 512    10610     --- 
      0     0      778.9290   338        0.0000     Cuts: 342    10941     --- 
      0     0      778.7856   338        0.0000     Cuts: 346    11150     --- 
      0     0      778.6443   338        0.0000     Cuts: 205    11356     --- 
      0     0      778.4751   338        0.0000     Cuts: 235    11695     --- 
      0     0      778.1356   338        0.0000     Cuts: 371    12389     --- 
      0     0      778.0737   338        0.0000     Cuts: 373    12686     --- 
      0     0      777.7914   338        0.0000     Cuts: 128    13079     --- 
      0     0      777.3679   338        0.0000     Cuts: 488    13487     --- 
      0     0      777.2581   338        0.0000     Cuts: 356    13808     --- 
*     0+    0                           60.0000      777.2581              --- 
*     0+    0                          105.0000      777.2581           640.25%
*     0+    0                          260.0000      777.2581           198.95%
*     0+    0                          275.0000      777.2581           182.64%
*     0+    0                          295.0000      777.2581           163.48%
*     0+    0                          300.0000      777.2581           159.09%
*     0+    0                          315.0000      777.2581           146.75%
      0     0        cutoff            315.0000      777.2581    13808  146.75%
Detecting symmetries...
      0     2      777.2581   412      315.0000      777.2328    13808  146.74%
Elapsed time = 2.32 sec. (2941.40 ticks, tree = 0.01 MB, solutions = 7)
      3     5      759.7389   321      315.0000      770.5636    16273  144.62%
     20    22      739.8668   281      315.0000      770.5636    18506  144.62%
     38    40      753.0635   290      315.0000      770.5636    20515  144.62%
     44    46      727.9185   292      315.0000      770.5636    22012  144.62%
     60    62      740.2260   291      315.0000      770.5636    23846  144.62%
     77    79      701.7449   272      315.0000      770.5636    26277  144.62%
     90    82      767.8887   366      315.0000      770.5599    27740  144.62%
     98    90      767.2392   371      315.0000      770.5599    30232  144.62%
    106    98      752.4772   341      315.0000      770.5599    32289  144.62%
    180   154      670.9799   256      315.0000      770.5599    42053  144.62%
Elapsed time = 4.81 sec. (6525.39 ticks, tree = 1.68 MB, solutions = 7)
*   313   244      integral     0      395.0000      770.5599    45530   95.08%
    320   250      762.8344   355      395.0000      768.9179    46815   94.66%
    369   299      743.3566   331      395.0000      768.9179    51376   94.66%
    466   396      698.7513   288      395.0000      767.8887    58873   94.40%

Performing restart 1

Repeating presolve.
Tried aggregator 1 time.
MIP Presolve modified 2286 coefficients.
Reduced MIP has 1648 rows, 2212 columns, and 7940 nonzeros.
Reduced MIP has 1972 binaries, 183 generals, 0 SOSs, and 0 indicators.
Presolve time = 0.01 sec. (6.97 ticks)
Tried aggregator 1 time.
Reduced MIP has 1648 rows, 2212 columns, and 7940 nonzeros.
Reduced MIP has 1972 binaries, 183 generals, 0 SOSs, and 0 indicators.
Presolve time = 0.01 sec. (5.76 ticks)
Represolve time = 0.05 sec. (38.86 ticks)
    469     0      726.6262   439      395.0000     Cuts: 512    64474   83.96%
    469     0      709.7351   439      395.0000     Cuts: 472    65818   79.68%
    469     0      695.8128   439      395.0000     Cuts: 388    67289   76.16%
    469     0      687.5506   439      395.0000     Cuts: 356    68217   74.06%
    469     0      682.0595   439      395.0000     Cuts: 328    68830   72.67%
    469     0      680.0169   439      395.0000     Cuts: 276    69618   72.16%
*   469+    0                          400.0000      680.0169            70.00%
    469     0      677.0175   439      400.0000     Cuts: 243    70254   69.25%
    469     0      675.8534   439      400.0000     Cuts: 193    70733   68.96%
    469     0      674.5078   439      400.0000     Cuts: 217    71632   68.63%
    469     0      673.4842   439      400.0000     Cuts: 229    72182   68.37%
    469     0      673.1421   439      400.0000     Cuts: 218    72566   68.29%
    469     0      672.3750   439      400.0000     Cuts: 169    73007   68.09%
    469     0      672.0267   439      400.0000     Cuts: 157    73417   68.01%
    469     0      671.8770   439      400.0000     Cuts: 171    73771   67.97%
    469     0      671.6305   439      400.0000     Cuts: 141    74118   67.91%
    469     0      671.4439   439      400.0000     Cuts: 239    74375   67.86%
    469     0      671.2922   439      400.0000     Cuts: 108    74614   67.82%
    469     0      671.2579   439      400.0000     Cuts: 107    74863   67.81%
    469     0      670.9638   439      400.0000      Cuts: 80    75282   67.74%
    469     0      670.8136   439      400.0000     Cuts: 262    75620   67.70%
    469     0      670.7363   439      400.0000     Cuts: 203    75818   67.68%
*   469+    0                          405.0000      670.7363            65.61%
    469     0        cutoff            405.0000      670.7363    75818   65.61%
    469     0      670.5835   439      405.0000     Cuts: 152    75982   65.58%
    469     0      670.5646   439      405.0000      Cuts: 58    76056   65.57%
    469     0      670.4928   439      405.0000      Cuts: 81    76285   65.55%
    469     0      670.4643   439      405.0000     Cuts: 139    76393   65.55%
    469     2      670.4643   392      405.0000      670.4622    76393   65.55%
    474     7      652.1940   331      405.0000      670.3581    79055   65.52%
    481    14      643.1903   324      405.0000      670.3581    83486   65.52%
    489    22      652.4986   316      405.0000      670.3581    86239   65.52%
    499    32      648.9976   283      405.0000      670.3581    89697   65.52%
    510    43      637.0970   277      405.0000      670.3581    95300   65.52%
    525    58      638.3288   281      405.0000      670.3581    99673   65.52%
Elapsed time = 21.93 sec. (29446.17 ticks, tree = 0.20 MB, solutions = 10)
    547    80      626.2177   250      405.0000      670.3581   106044   65.52%
    609   127      654.6702   353      405.0000      669.4703   113494   65.30%
    620   138      639.0682   314      405.0000      669.4703   117751   65.30%
    631   149      637.4702   320      405.0000      669.4703   123015   65.30%
    661   179      620.2867   260      405.0000      669.4703   130178   65.30%
    705   223      587.3970   210      405.0000      669.4703   138450   65.30%
    766   278      555.0494   137      405.0000      669.4703   146331   65.30%
    783   289      643.3851   330      405.0000      663.1687   151721   63.75%
    809   315      602.6655   226      405.0000      663.1687   158108   63.75%
    857   355      652.7129   362      405.0000      661.3054   164349   63.29%
Elapsed time = 28.79 sec. (39658.21 ticks, tree = 0.60 MB, solutions = 10)
    889   387      624.5892   242      405.0000      661.3054   173308   63.29%
    934   426      624.9197   319      405.0000      661.2899   182309   63.28%
    964   456      603.3866   253      405.0000      661.2899   189315   63.28%
   1011   498      655.9358   360      405.0000      659.1554   197205   62.75%
   1019   506      646.1370   328      405.0000      659.1554   203600   62.75%
   1029   516      615.4967   266      405.0000      659.1554   211023   62.75%
   1061   548      593.0620   228      405.0000      659.1554   218989   62.75%
   1113   590      494.9274   109      405.0000      659.1554   226800   62.75%
   1157   622      626.1571   270      405.0000      658.6719   234581   62.64%
   1217   676      638.9417   332      405.0000      658.1607   243124   62.51%
Elapsed time = 35.56 sec. (49700.08 ticks, tree = 1.01 MB, solutions = 10)
   1249   708      613.4906   295      405.0000      658.1607   250782   62.51%
   1306   760      655.2412   358      405.0000      658.1607   259545   62.51%
   1330   784      632.0075   287      405.0000      658.1607   267453   62.51%
   1401   851    infeasible            405.0000      658.1607   274851   62.51%
   1420   868      638.3148   300      405.0000      656.7284   282943   62.16%
*  1469+  915                          410.0000      656.7284            60.18%
   1469   917      590.1893   232      410.0000      656.7284   291092   60.18%
   1490   934      613.9950   282      410.0000      656.2626   299445   60.06%
   1511   955      597.9032   270      410.0000      656.2626   306808   60.06%
   1529   973      575.4299   254      410.0000      656.2626   314623   60.06%
   1560  1004      562.7386   194      410.0000      656.2626   322443   60.06%
Elapsed time = 42.30 sec. (59801.93 ticks, tree = 1.45 MB, solutions = 11)
   1586  1025      648.7823   297      410.0000      656.2599   330067   60.06%
   1608  1047      627.4710   255      410.0000      656.2599   336480   60.06%
   1664  1099      639.5315   314      410.0000      655.2412   344836   59.81%
   1679  1114      615.5741   240      410.0000      655.2412   351407   59.81%
   1703  1138      564.5538   200      410.0000      655.2412   358517   59.81%
   1737  1166      641.1741   328      410.0000      655.2404   364088   59.81%
   1761  1190      608.8834   249      410.0000      655.2404   369792   59.81%
   1771  1196      641.3947   367      410.0000      655.2397   374439   59.81%
   1787  1212      609.8705   294      410.0000      655.2397   381810   59.81%
   1835  1259      576.4384   214      410.0000      655.2397   390396   59.81%
Elapsed time = 48.93 sec. (69678.48 ticks, tree = 1.85 MB, solutions = 11)
   1871  1285      633.2264   292      410.0000      655.2119   397681   59.81%
   1888  1302      589.1862   257      410.0000      655.2119   407267   59.81%
   1958  1354      652.9177   357      410.0000      655.2014   413902   59.81%
   1984  1380      599.6445   253      410.0000      655.2014   422863   59.81%
   2047  1433      614.1767   291      410.0000      654.8979   431918   59.73%
   2094  1476      616.5531   258      410.0000      654.6596   441109   59.67%
   2141  1517      630.1695   287      410.0000      654.3826   451538   59.61%
   2176  1552      598.1052   238      410.0000      654.3826   460580   59.61%
   2212  1581      628.9185   308      410.0000      654.1985   468763   59.56%
   2229  1598      597.6377   245      410.0000      654.1985   476316   59.56%
Elapsed time = 55.63 sec. (79562.65 ticks, tree = 2.29 MB, solutions = 11)
   2258  1627      546.0304   166      410.0000      654.1985   483479   59.56%
   2368  1715      641.2026   322      410.0000      654.1282   493165   59.54%
   2391  1738      603.8114   266      410.0000      654.1282   501129   59.54%
   2454  1783      633.2277   284      410.0000      654.1146   509898   59.54%
   2476  1805      603.5682   224      410.0000      654.1146   516035   59.54%
   2515  1840      604.0803   235      410.0000      654.0253   524277   59.52%
   2580  1893      618.6850   291      410.0000      653.9572   532213   59.50%
   2611  1922      568.5981   228      410.0000      653.9572   540599   59.50%
   2622  1929      642.6250   376      410.0000      653.6898   545285   59.44%
   2629  1936      634.2540   353      410.0000      653.6898   550689   59.44%
Elapsed time = 62.90 sec. (90321.50 ticks, tree = 2.73 MB, solutions = 11)
   2640  1947      620.1611   335      410.0000      653.6898   558595   59.44%
   2656  1963      578.1062   234      410.0000      653.6898   567131   59.44%
   2691  1996      521.6838   116      410.0000      653.6898   574920   59.44%
   2747  2042      627.7044   293      410.0000      653.5721   583375   59.41%
   2805  2100      572.1213   177      410.0000      653.5721   591719   59.41%
   2838  2129      618.2535   303      410.0000      653.3857   601402   59.36%
   2874  2163      566.7537   209      410.0000      653.3857   609767   59.36%
   2924  2205      614.5122   227      410.0000      653.0952   618817   59.29%
   3016  2287      628.0578   251      410.0000      653.0792   628607   59.29%
   3047  2314      621.7045   278      410.0000      653.0764   640026   59.29%
Elapsed time = 69.59 sec. (100183.07 ticks, tree = 3.33 MB, solutions = 11)
   3072  2339      566.1503   215      410.0000      653.0764   649926   59.29%
   3091  2358      537.6864   180      410.0000      653.0764   659622   59.29%
   3142  2399      506.7194   126      410.0000      653.0764   669236   59.29%
   3155  2406      644.3641   329      410.0000      653.0557   675792   59.28%
   3188  2439      599.9179   245      410.0000      653.0557   686198   59.28%
   3246  2490      633.4238   294      410.0000      653.0411   693958   59.28%
   3287  2531      579.4648   157      410.0000      653.0411   704316   59.28%
   3320  2560      602.6504   219      410.0000      652.9177   713725   59.25%
   3368  2602      602.5290   247      410.0000      652.7694   724096   59.21%
*  3469+ 2695                          425.0000      652.7104            53.58%
*  3469+ 2695                          435.0000      652.7104            50.05%
*  3469+ 2695                          445.0000      652.7104            46.68%
   3484  2711      470.8927   105      445.0000      652.7104   755299   46.68%
Elapsed time = 78.49 sec. (112792.07 ticks, tree = 3.85 MB, solutions = 14)
   3629  2839      640.0428   323      445.0000      652.5081   787678   46.63%
   3775  2973      643.5042   320      445.0000      652.4459   819100   46.62%
   3864  3062      558.7827   193      445.0000      652.4459   855363   46.62%
   3980  3164      604.5414   275      445.0000      652.3105   886001   46.59%
   4148  3317      616.7937   292      445.0000      652.1235   920640   46.54%
   4283  3442      598.0096   253      445.0000      651.4195   959664   46.39%
*  4469+ 3596                          450.0000      651.1721            44.70%
   4514  3635      627.2134   312      450.0000      650.8428  1000639   44.63%
   4656  3767      614.7895   303      450.0000      650.4193  1035780   44.54%
   4758  3859      581.9157   183      450.0000      650.4109  1066748   44.54%
   4959  4036      523.6773   125      450.0000      650.2682  1100976   44.50%
Elapsed time = 105.94 sec. (151956.24 ticks, tree = 5.68 MB, solutions = 15)
   5045  4110      597.8691   277      450.0000      650.2500  1130978   44.50%
   5212  4253      616.3805   295      450.0000      650.1447  1163316   44.48%
   5336  4362      577.2047   194      450.0000      649.7350  1196828   44.39%
   5532  4509      626.1224   334      450.0000      649.6171  1233008   44.36%
   5764  4723      619.4166   320      450.0000      649.3221  1271207   44.29%
   5866  4811      613.0946   301      450.0000      649.3179  1303988   44.29%
   6011  4945      536.0806   155      450.0000      649.1191  1340589   44.25%
   6195  5110      562.6709   168      450.0000      648.7766  1377238   44.17%
   6321  5218      608.5166   259      450.0000      648.5786  1413587   44.13%
   6488  5365      611.5183   247      450.0000      648.1075  1447307   44.02%
Elapsed time = 133.07 sec. (190559.16 ticks, tree = 7.65 MB, solutions = 15)
   6617  5481      602.0980   255      450.0000      648.0415  1481443   44.01%
Starting limited solution polishing.
   6779  5619      524.8534   109      450.0000      648.0144  1512490   44.00%
   6869  5700      578.9993   210      450.0000      647.7102  1540349   43.94%
   6979  5802      579.0051   203      450.0000      647.3671  1565196   43.86%
   7069  5882      631.4878   323      450.0000      647.0665  1588316   43.79%

GUB cover cuts applied:  114
Clique cuts applied:  255
Cover cuts applied:  39
Implied bound cuts applied:  71
Flow cuts applied:  11
Mixed integer rounding cuts applied:  221
Zero-half cuts applied:  89
Lift and project cuts applied:  20
Gomory fractional cuts applied:  9

Root node processing (before b&c):
  Real time             =    2.31 sec. (2934.13 ticks)
Sequential b&c:
  Real time             =  147.69 sec. (210463.99 ticks)
                          ------------
Total (root+branch&cut) =  150.00 sec. (213398.12 ticks)

Solution pool: 16 solutions saved.

MIP - Time limit exceeded, integer feasible:  Objective =  4.5000000000e+02
Current MIP best bound =  6.4706648750e+02 (gap = 197.066, 43.79%)
Solution time =  150.00 sec.  Iterations = 1600766  Nodes = 7109 (5918)
Deterministic time = 213398.13 ticks  (1422.65 ticks/sec)


Incumbent solution
Variable Name           Solution Value
F                           450.000000
y141                          1.000000
y154                          1.000000
y131                          1.000000
y148                          1.000000
y129                          1.000000
y32                           1.000000
y1                            1.000000
y13                           1.000000
y167                          1.000000
y181                          1.000000
y124                          1.000000
y136                          1.000000
y27                           1.000000
y145                          1.000000
y61                           1.000000
y82                           1.000000
y121                          1.000000
y33                           1.000000
y65                           1.000000
y125                          1.000000
y3                            1.000000
y6                            1.000000
y108                          1.000000
y50                           1.000000
y188                          1.000000
y128                          1.000000
y147                          1.000000
x174x141x1                    1.000000
x115x131x1                    2.000000
x97x129x1                     1.000000
x17x13x1                      2.000000
x160x141x1                    1.000000
x106x1x1                      1.000000
x47x167x2                     1.000000
x2x167x2                      1.000000
x2x145x2                      1.000000
x97x154x2                     1.000000
x68x145x2                     1.000000
x46x136x2                     2.000000
x150x32x2                     1.000000
x47x61x3                      1.000000
x174x32x3                     1.000000
x79x154x3                     1.000000
x79x129x3                     1.000000
x68x181x3                     1.000000
x160x181x3                    1.000000
x106x148x3                    1.000000
x150x148x3                    1.000000
x141x121x1                    1.000000
x141x65x1                     1.000000
x154x124x2                    1.000000
x154x124x3                    1.000000
x131x82x1                     1.000000
x131x125x1                    1.000000
x148x65x3                     1.000000
x148x6x3                      1.000000
x129x1x1                      1.000000
x129x61x3                     1.000000
x32x108x2                     1.000000
x32x6x3                       1.000000
x1x3x1                        1.000000
x1x50x1                       1.000000
x13x27x1                      1.000000
x13x33x1                      1.000000
x167x27x2                     1.000000
x167x33x2                     1.000000
x181x121x3                    1.000000
x181x147x3                    1.000000
x124x147x2                    1.000000
x124x108x3                    1.000000
x136x3x2                      1.000000
x136x50x2                     1.000000
x27x188x1                     1.000000
x27x188x2                     1.000000
x145x82x2                     1.000000
x145x125x2                    1.000000
x61x128x3                     2.000000
x82x0x1                       1.000000
x82x0x2                       1.000000
x121x0x1                      1.000000
x121x0x3                      1.000000
x33x0x1                       1.000000
x33x0x2                       1.000000
x65x0x1                       1.000000
x65x0x3                       1.000000
x125x0x1                      1.000000
x125x0x2                      1.000000
x3x0x1                        1.000000
x3x0x2                        1.000000
x6x0x3                        2.000000
x108x0x2                      1.000000
x108x0x3                      1.000000
x50x0x1                       1.000000
x50x0x2                       1.000000
x188x0x1                      1.000000
x188x0x2                      1.000000
x128x0x3                      2.000000
x147x0x2                      1.000000
x147x0x3                      1.000000
s47                           5.538205
s154                          6.560704
s103                          6.926028
s183                          6.180000
s11                           6.380000
s122                          6.380000
s148                          7.144065
s129                          6.595623
s32                           7.453342
s157                          7.720000
s126                          6.760000
s167                          6.980482
z47z167z2                     1.000000
s181                          7.477715
s4                            7.060000
s81                           8.180000
s124                          7.758918
s30                           7.310000
z47z30z3                      1.000000
s16                           7.360000
s87                           8.410000
z47z87z2                      1.000000
s136                          7.460000
z47z136z2                     1.000000
s22                           8.520000
s27                           8.336666
s145                          7.538482
z47z145z2                     1.000000
s155                          7.550000
s73                           8.560000
z47z73z2                      1.000000
s54                           8.610000
s93                           8.620000
s61                           8.043829
z47z61z3                      1.000000
s82                           8.720000
s143                          8.107691
z47z143z3                     1.000000
s121                          8.588067
s180                          8.730000
s111                          7.740000
s96                           7.750000
s178                          7.780000
s25                           8.800000
s112                          8.800000
s33                           8.820000
s65                           8.820000
s125                          8.930000
s29                           8.950000
z47z29z2                      1.000000
s3                            8.776529
s6                            9.050000
z47z6z3                       1.000000
s159                          9.050000
s58                           9.110000
z47z58z3                      1.000000
s62                           9.110000
s108                          9.110000
s50                           9.220000
s5                            9.330000
s20                           9.350000
z47z20z3                      1.000000
s74                           9.350000
s166                          9.350000
z47z166z2                     1.000000
s170                          9.350000
s188                          9.430000
s128                          9.470000
z47z128z3                     1.000000
s147                          9.490000
s174                          4.964710
s141                          6.932032
z174z141z1                    1.000000
s131                          6.816573
z174z32z3                     1.000000
s1                            7.643697
s13                           7.264864
z174z30z3                     1.000000
s156                          7.410000
z174z156z1                    1.000000
s161                          7.540000
s88                           7.560000
z174z88z1                     1.000000
s64                           7.580000
z174z64z1                     1.000000
s26                           7.590000
z174z26z1                     1.000000
z174z61z3                     1.000000
z174z143z3                    1.000000
z174z6z3                      1.000000
s184                          9.050000
z174z184z1                    1.000000
z174z58z3                     1.000000
s186                          9.150000
z174z186z1                    1.000000
z174z20z3                     1.000000
z174z128z3                    1.000000
s2                            5.055070
z2z167z2                      1.000000
z2z87z2                       1.000000
z2z136z2                      1.000000
z2z145z2                      1.000000
z2z73z2                       1.000000
z2z29z2                       1.000000
z2z166z2                      1.000000
s115                          5.240440
z115z131z1                    1.000000
z115z1z1                      1.000000
z115z13z1                     1.000000
z115z156z1                    1.000000
z115z161z1                    1.000000
z115z88z1                     1.000000
z115z64z1                     1.000000
z115z26z1                     1.000000
z115z184z1                    1.000000
z115z186z1                    1.000000
s97                           5.115210
z97z154z2                     1.000000
z97z129z1                     1.000000
z97z1z1                       1.000000
z97z13z1                      1.000000
z97z167z2                     1.000000
z97z87z2                      1.000000
z97z156z1                     1.000000
z97z136z2                     1.000000
z97z145z2                     1.000000
z97z161z1                     1.000000
z97z73z2                      1.000000
z97z88z1                      1.000000
z97z64z1                      1.000000
z97z26z1                      1.000000
z97z29z2                      1.000000
z97z184z1                     1.000000
z97z186z1                     1.000000
z97z166z2                     1.000000
s79                           5.017700
s39                           5.530000
z79z154z3                     1.000000
z79z148z3                     1.000000
z79z129z3                     1.000000
z79z126z3                     1.000000
z79z181z3                     1.000000
z79z30z3                      1.000000
z79z61z3                      1.000000
z79z143z3                     1.000000
z79z6z3                       1.000000
z79z58z3                      1.000000
z79z20z3                      1.000000
z79z128z3                     1.000000
s17                           5.192320
z17z131z1                     1.000000
z17z1z1                       1.000000
z17z13z1                      1.000000
z17z156z1                     1.000000
z17z161z1                     1.000000
z17z88z1                      1.000000
z17z64z1                      1.000000
z17z26z1                      1.000000
z17z184z1                     1.000000
z17z186z1                     1.000000
s68                           5.376670
z68z181z3                     1.000000
z68z30z3                      1.000000
z68z145z2                     1.000000
z68z61z3                      1.000000
z68z29z2                      1.000000
z68z6z3                       1.000000
z68z58z3                      1.000000
z68z20z3                      1.000000
z68z166z2                     1.000000
z68z128z3                     1.000000
s46                           5.421000
z46z87z2                      1.000000
z46z136z2                     1.000000
z46z145z2                     1.000000
z46z73z2                      1.000000
z46z29z2                      1.000000
z46z166z2                     1.000000
s160                          5.506880
z160z141z1                    1.000000
z160z181z3                    1.000000
z160z30z3                     1.000000
z160z156z1                    1.000000
z160z88z1                     1.000000
z160z64z1                     1.000000
z160z26z1                     1.000000
z160z61z3                     1.000000
z160z143z3                    1.000000
z160z6z3                      1.000000
z160z184z1                    1.000000
z160z58z3                     1.000000
z160z186z1                    1.000000
z160z20z3                     1.000000
z160z128z3                    1.000000
s106                          5.772220
z106z148z3                    1.000000
z106z1z1                      1.000000
z106z30z3                     1.000000
z106z156z1                    1.000000
z106z88z1                     1.000000
z106z64z1                     1.000000
z106z26z1                     1.000000
z106z61z3                     1.000000
z106z143z3                    1.000000
z106z6z3                      1.000000
z106z184z1                    1.000000
z106z58z3                     1.000000
z106z186z1                    1.000000
z106z20z3                     1.000000
z106z128z3                    1.000000
s150                          5.561330
z150z148z3                    1.000000
z150z32z2                     1.000000
z150z30z3                     1.000000
z150z87z2                     1.000000
z150z136z2                    1.000000
z150z145z2                    1.000000
z150z73z2                     1.000000
z150z61z3                     1.000000
z150z143z3                    1.000000
z150z29z2                     1.000000
z150z6z3                      1.000000
z150z58z3                     1.000000
z150z20z3                     1.000000
z150z166z2                    1.000000
z150z128z3                    1.000000
s85                           5.420000
z39z20z3                      1.000000
z39z128z3                     1.000000
z141z121z1                    1.000000
z141z65z1                     1.000000
z154z124z2                    1.000000
z154z124z3                    1.000000
z154z128z3                    1.000000
z183z128z3                    1.000000
z131z82z1                     1.000000
z131z125z1                    1.000000
z122z128z3                    1.000000
z148z65z3                     1.000000
z148z6z3                      1.000000
z148z128z3                    1.000000
z129z1z1                      1.000000
z129z61z3                     1.000000
z129z128z3                    1.000000
z32z6z3                       1.000000
z32z108z2                     1.000000
z32z128z3                     1.000000
z157z128z3                    1.000000
z126z143z3                    1.000000
z126z128z3                    1.000000
z1z3z1                        1.000000
z1z186z1                      1.000000
z1z50z1                       1.000000
z13z27z1                      1.000000
z13z33z1                      1.000000
z167z27z2                     1.000000
z167z33z2                     1.000000
z181z121z3                    1.000000
z181z128z3                    1.000000
z181z147z3                    1.000000
z4z128z3                      1.000000
z124z108z3                    1.000000
z124z147z2                    1.000000
z136z3z2                      1.000000
z136z50z2                     1.000000
z136z166z2                    1.000000
z27z188z1                     1.000000
z27z188z2                     1.000000
z145z82z2                     1.000000
z145z125z2                    1.000000
z61z128z3                     1.000000
All other variables in the range 1-4241 are 0.
