
Log started (V12.10.0.0) Fri Apr 23 11:34:30 2021


Problem 'asset.lp' read.
Read time = 0.01 sec. (0.63 ticks)
New value for default parallel thread count: 1
New value for time limit in seconds: 150
Version identifier: 12.10.0.0 | 2019-11-26 | 843d4de
CPXPARAM_Threads                                 1
CPXPARAM_TimeLimit                               150
Found incumbent of value 0.000000 after 0.00 sec. (0.15 ticks)
Tried aggregator 3 times.
MIP Presolve eliminated 2941 rows and 453 columns.
MIP Presolve modified 4188 coefficients.
Aggregator did 1627 substitutions.
Reduced MIP has 1845 rows, 2224 columns, and 10154 nonzeros.
Reduced MIP has 1991 binaries, 177 generals, 0 SOSs, and 0 indicators.
Presolve time = 0.02 sec. (22.10 ticks)
Probing fixed 186 vars, tightened 28 bounds.
Probing time = 0.02 sec. (14.36 ticks)
Cover probing fixed 0 vars, tightened 72 bounds.
Tried aggregator 2 times.
MIP Presolve eliminated 279 rows and 247 columns.
MIP Presolve modified 649 coefficients.
Aggregator did 2 substitutions.
Reduced MIP has 1564 rows, 1975 columns, and 8699 nonzeros.
Reduced MIP has 1772 binaries, 149 generals, 0 SOSs, and 0 indicators.
Presolve time = 0.01 sec. (12.79 ticks)
Probing time = 0.00 sec. (2.94 ticks)
Tried aggregator 1 time.
Detecting symmetries...
MIP Presolve eliminated 2 rows and 2 columns.
MIP Presolve modified 890 coefficients.
Reduced MIP has 1562 rows, 1973 columns, and 8695 nonzeros.
Reduced MIP has 1770 binaries, 149 generals, 0 SOSs, and 0 indicators.
Presolve time = 0.00 sec. (5.38 ticks)
Probing time = 0.00 sec. (2.88 ticks)
Clique table members: 5743.
MIP emphasis: balance optimality and feasibility.
MIP search method: dynamic search.
Parallel mode: none, using 1 thread.
Root relaxation solution time = 0.06 sec. (87.25 ticks)

        Nodes                                         Cuts/
   Node  Left     Objective  IInf  Best Integer    Best Bound    ItCnt     Gap

*     0+    0                            0.0000      830.0000              --- 
      0     0      561.3268   265        0.0000      561.3268     1756     --- 
      0     0      543.7435   265        0.0000     Cuts: 490     3761     --- 
      0     0      530.2240   265        0.0000     Cuts: 490     4451     --- 
      0     0      524.8685   265        0.0000     Cuts: 490     5022     --- 
*     0+    0                           55.0000      524.8685           854.31%
      0     0      521.5913   265       55.0000     Cuts: 454     5375  848.35%
      0     0      519.0150   265       55.0000     Cuts: 294     5648  843.66%
Detecting symmetries...
      0     0      516.3113   265       55.0000     Cuts: 196     6096  838.75%
*     0+    0                           80.0000      516.3113           545.39%
      0     0      515.2534   265       80.0000     Cuts: 490     6530  544.07%
      0     0      513.3779   265       80.0000     Cuts: 268     6892  541.72%
      0     0      512.1664   265       80.0000     Cuts: 331     7342  540.21%
      0     0      510.8753   265       80.0000     Cuts: 322     7654  538.59%
      0     0      509.7944   265       80.0000     Cuts: 328     7963  537.24%
      0     0      509.2674   265       80.0000     Cuts: 254     8460  536.58%
      0     0      509.0569   265       80.0000     Cuts: 373     8694  536.32%
      0     0      508.9533   265       80.0000     Cuts: 213     8932  536.19%
      0     0      508.7106   265       80.0000     Cuts: 168     9181  535.89%
      0     0      508.5515   265       80.0000     Cuts: 243     9368  535.69%
      0     0      508.4991   265       80.0000     Cuts: 292     9608  535.62%
      0     0      508.4480   265       80.0000      Cuts: 91     9755  535.56%
Detecting symmetries...
      0     2      508.4480   296       80.0000      508.4211     9755  535.53%
Elapsed time = 1.49 sec. (1889.54 ticks, tree = 0.01 MB, solutions = 2)
     11    11      501.0081   260       80.0000      508.3092    11422  535.39%
     40    38      462.7843   209       80.0000      508.3092    14882  535.39%
    100    82      369.0434   112       80.0000      508.3092    18760  535.39%
*   140+  113                          275.0000      508.3092            84.84%
    162   127      480.9770   229      275.0000      508.3092    22066   84.84%
    178   143      478.8749   240      275.0000      508.3092    24002   84.84%
    212   171      389.4494   130      275.0000      508.3092    27173   84.84%
    259   209      500.9577   267      275.0000      507.4045    29798   84.51%
    272   222      486.5014   251      275.0000      507.4045    31310   84.51%
    300   250      458.4613   225      275.0000      507.4045    34779   84.51%
    456   406      442.6808   221      275.0000      507.1910    47304   84.43%
Elapsed time = 3.84 sec. (5129.14 ticks, tree = 0.63 MB, solutions = 3)

Performing restart 1

Repeating presolve.
Tried aggregator 2 times.
MIP Presolve modified 1742 coefficients.
Aggregator did 7 substitutions.
Reduced MIP has 1555 rows, 1966 columns, and 7273 nonzeros.
Reduced MIP has 1763 binaries, 149 generals, 0 SOSs, and 0 indicators.
Presolve time = 0.01 sec. (8.50 ticks)
Tried aggregator 1 time.
Reduced MIP has 1555 rows, 1966 columns, and 7273 nonzeros.
Reduced MIP has 1763 binaries, 149 generals, 0 SOSs, and 0 indicators.
Presolve time = 0.00 sec. (5.02 ticks)
Represolve time = 0.05 sec. (38.58 ticks)
    499     0      474.7185   304      275.0000     Cuts: 354    53778   72.62%
    499     0      455.4440   304      275.0000     Cuts: 323    54649   65.62%
    499     0      451.5450   304      275.0000     Cuts: 260    55276   64.20%
    499     0      447.3593   304      275.0000     Cuts: 212    55981   62.68%
    499     0      442.5796   304      275.0000     Cuts: 220    56829   60.94%
    499     0      441.4009   304      275.0000     Cuts: 254    58051   60.51%
*   499+    0                          290.0000      441.4009            52.21%
    499     0      438.1719   304      290.0000     Cuts: 162    58672   51.09%
    499     0      437.5273   304      290.0000     Cuts: 208    59106   50.87%
    499     0      436.5243   304      290.0000     Cuts: 162    59582   50.53%
    499     0      435.0801   304      290.0000     Cuts: 153    60002   50.03%
    499     0      434.5706   304      290.0000     Cuts: 142    60155   49.85%
    499     0      434.4228   304      290.0000      Cuts: 85    60272   49.80%
    499     0      434.0638   304      290.0000     Cuts: 100    60598   49.68%
    499     0      433.9389   304      290.0000      Cuts: 86    60766   49.63%
    499     0      433.6241   304      290.0000      Cuts: 81    61048   49.53%
    499     0      433.3510   304      290.0000     Cuts: 108    61251   49.43%
    499     0      433.0246   304      290.0000     Cuts: 117    61505   49.32%
    499     0      432.7396   304      290.0000     Cuts: 140    61705   49.22%
    499     0      431.9856   304      290.0000      Cuts: 75    62101   48.96%
    499     0      431.5114   304      290.0000     Cuts: 110    62367   48.80%
    499     0      431.4493   304      290.0000     Cuts: 114    62498   48.78%
    499     0      431.3668   304      290.0000      Cuts: 66    62715   48.75%
    499     0      431.2792   304      290.0000      Cuts: 82    63010   48.72%
    499     0      430.6237   304      290.0000     Cuts: 118    63180   48.49%
    499     0      430.5815   304      290.0000     Cuts: 114    63279   48.48%
    499     0      430.4612   304      290.0000      Cuts: 78    63514   48.43%
    499     0      429.8813   304      290.0000      Cuts: 89    63717   48.23%
    499     0      429.4668   304      290.0000     Cuts: 103    63955   48.09%
    499     0      428.5643   304      290.0000     Cuts: 105    64449   47.78%
    499     0      428.4112   304      290.0000     Cuts: 118    64691   47.73%
    499     0      428.3309   304      290.0000     Cuts: 136    65034   47.70%
    499     0      428.2001   304      290.0000      Cuts: 89    65503   47.66%
    499     0      428.0196   304      290.0000     Cuts: 131    65848   47.59%
    499     0      427.9820   304      290.0000     Cuts: 120    66052   47.58%
    499     0      427.9340   304      290.0000     Cuts: 114    66205   47.56%
    499     0      427.9236   304      290.0000      Cuts: 84    66332   47.56%
    499     2      427.9236   317      290.0000      427.7797    66332   47.51%
    502     5      414.8631   216      290.0000      426.9507    68985   47.22%
    508    11      425.2710   261      290.0000      426.5300    72279   47.08%
    513    16      423.5712   272      290.0000      426.5300    74375   47.08%
    519    22      420.7111   228      290.0000      426.5300    79370   47.08%
    529    32      417.3017   204      290.0000      426.5300    85006   47.08%
    542    45      412.7863   186      290.0000      426.5300    91365   47.08%
    576    74      417.3172   276      290.0000      426.0795    98592   46.92%
    587    85      404.8510   215      290.0000      426.0795   103810   46.92%
    618   113      375.6693   183      290.0000      426.0795   110159   46.92%
Elapsed time = 19.61 sec. (26122.35 ticks, tree = 0.26 MB, solutions = 4)
    671   158      412.9093   199      290.0000      425.7710   116296   46.82%
    736   212      422.8395   243      290.0000      425.5309   123235   46.73%
    751   226      400.5389   185      290.0000      425.5309   127993   46.73%
    807   278      396.5945   170      290.0000      424.2511   134513   46.29%
    874   328      422.3221   251      290.0000      424.2319   140067   46.29%
    887   341      399.4958   170      290.0000      424.2319   147018   46.29%
    912   358      411.6595   232      290.0000      424.2163   151671   46.28%
    926   372      399.3517   202      290.0000      424.2163   157808   46.28%
    980   422      410.2026   237      290.0000      423.6190   164331   46.08%
   1075   505      421.2500   223      290.0000      423.5054   172088   46.04%
Elapsed time = 27.26 sec. (37018.72 ticks, tree = 4.25 MB, solutions = 4)
   1101   531      404.1886   164      290.0000      423.5054   179072   46.04%
   1138   560      393.3859   212      290.0000      423.2865   184050   45.96%
   1183   597      374.9447   190      290.0000      422.8393   190649   45.81%
   1259   651      403.7282   208      290.0000      422.8389   197648   45.81%
   1288   676      392.2893   177      290.0000      422.7471   204551   45.77%
   1318   699      420.9325   284      290.0000      422.4731   208985   45.68%
   1366   745      369.2858   180      290.0000      422.4731   216455   45.68%
   1419   792      341.9568    92      290.0000      422.3002   222248   45.62%
   1434   803      415.3262   216      290.0000      421.8597   228664   45.47%
   1451   820      398.1303   214      290.0000      421.8597   235335   45.47%
Elapsed time = 34.11 sec. (46774.50 ticks, tree = 7.26 MB, solutions = 4)
   1499   860      305.4167    63      290.0000      421.6166   240862   45.39%
   1513   870      400.0182   224      290.0000      421.4334   245690   45.32%
   1584   937        cutoff            290.0000      421.4334   250809   45.32%
*  1619+  964                          300.0000      421.2500            40.42%
   1660  1003      421.1441   258      300.0000      421.1163   256290   40.37%
   1691  1030      408.2570   203      300.0000      420.9325   262410   40.31%
   1717  1052      338.8592   113      300.0000      420.9325   266904   40.31%
   1736  1068      405.9788   207      300.0000      420.8808   272184   40.29%
   1765  1092      387.4368   194      300.0000      420.8112   276551   40.27%
   1820  1143      412.1875   242      300.0000      420.8085   285637   40.27%
   1828  1151      400.9456   257      300.0000      420.8085   291685   40.27%
Elapsed time = 42.13 sec. (57912.04 ticks, tree = 12.38 MB, solutions = 5)
   1848  1166      414.4699   235      300.0000      420.7985   296194   40.27%
   1870  1184      386.2731   192      300.0000      420.7867   302310   40.26%
   1919  1222      411.9537   230      300.0000      420.7785   309443   40.26%
   1989  1286      387.8947   177      300.0000      420.7474   315294   40.25%
   2048  1333      398.4525   261      300.0000      420.7305   322101   40.24%
   2124  1395      412.8102   249      300.0000      420.6725   327840   40.22%
   2160  1431      333.9927   148      300.0000      420.6725   334790   40.22%
   2206  1470      404.8181   249      300.0000      420.4878   340333   40.16%
   2219  1483      386.4946   180      300.0000      420.4878   346896   40.16%
   2338  1574      404.7834   232      300.0000      420.4641   354854   40.15%
Elapsed time = 49.37 sec. (68105.47 ticks, tree = 16.75 MB, solutions = 5)
   2432  1656      406.0092   207      300.0000      420.3644   362199   40.12%
   2470  1690      379.5966   196      300.0000      420.3432   369016   40.11%
   2554  1758      392.5272   207      300.0000      420.2371   374532   40.08%
   2582  1776      309.1877    89      300.0000      420.2371   381578   40.08%
   2607  1794      377.6840   208      300.0000      420.0144   385146   40.00%
   2674  1848      404.6404   204      300.0000      419.7634   389073   39.92%
   2760  1923      410.3347   239      300.0000      419.6252   394393   39.88%
   2838  1992      386.6005   226      300.0000      419.4448   401475   39.81%
   2863  2013      375.2749   185      300.0000      419.1256   407046   39.71%
   2965  2100      400.8614   239      300.0000      419.1157   413476   39.71%
Elapsed time = 56.63 sec. (78316.42 ticks, tree = 25.09 MB, solutions = 5)
   3008  2138      416.2613   258      300.0000      418.7508   419175   39.58%
   3077  2205      316.8882   125      300.0000      418.7508   424171   39.58%
   3129  2244      381.2649   196      300.0000      418.6133   430412   39.54%
   3179  2288      415.6314   269      300.0000      418.3966   435773   39.47%
   3193  2302      403.7778   228      300.0000      418.3966   441032   39.47%
   3278  2374      415.8545   264      300.0000      418.0516   447279   39.35%
   3320  2416      387.5875   201      300.0000      418.0516   452906   39.35%
   3366  2455      410.8252   270      300.0000      417.9850   458541   39.33%
   3422  2509      334.1575   104      300.0000      417.9850   463821   39.33%
   3442  2526      394.3692   273      300.0000      417.9505   469806   39.32%
Elapsed time = 63.77 sec. (88427.74 ticks, tree = 31.54 MB, solutions = 5)
   3501  2583      328.1063   100      300.0000      417.9505   476016   39.32%
   3544  2617      351.8292   136      300.0000      417.8048   482140   39.27%
   3630  2684      414.9460   253      300.0000      417.1256   487951   39.04%
   3668  2722      356.1900   192      300.0000      417.1256   494356   39.04%
   3734  2776      410.4942   224      300.0000      417.0965   498219   39.03%
   3774  2809      392.7820   231      300.0000      417.0158   505483   39.01%
   3845  2867      415.4984   236      300.0000      416.7181   511562   38.91%
   3914  2930      413.1278   263      300.0000      416.6405   519381   38.88%
   3923  2939      401.2890   225      300.0000      416.6405   526170   38.88%
   3988  2996      328.4552    98      300.0000      416.6405   532472   38.88%
Elapsed time = 71.12 sec. (98948.18 ticks, tree = 34.71 MB, solutions = 5)
   4045  3049      355.6170   167      300.0000      416.5987   539056   38.87%
   4163  3146      415.8313   249      300.0000      416.4013   547244   38.80%
   4191  3174      340.3515   164      300.0000      416.4013   554474   38.80%
   4268  3241      384.2375   246      300.0000      416.3249   561962   38.77%
   4328  3287      392.5374   254      300.0000      416.3156   570964   38.77%
   4382  3335      408.4550   248      300.0000      416.2469   576476   38.75%
   4469  3417      315.4669   125      300.0000      416.1969   583684   38.73%
   4497  3440      382.2055   168      300.0000      415.9655   589879   38.66%
   4518  3457      391.3042   213      300.0000      415.9627   594696   38.65%
   4753  3670      393.0833   231      300.0000      415.8313   619949   38.61%
Elapsed time = 80.15 sec. (111957.78 ticks, tree = 41.37 MB, solutions = 5)
   4888  3790      352.7933   160      300.0000      415.8116   644062   38.60%
   5192  4054      388.4324   192      300.0000      415.5737   669619   38.52%
   5423  4263      395.3371   244      300.0000      415.4519   693975   38.48%
   5661  4465      383.9009   221      300.0000      415.1953   719405   38.40%
   5844  4626      376.9004   212      300.0000      415.1764   742804   38.39%
   6146  4888      332.7104   108      300.0000      414.9460   765729   38.32%
   6367  5087      413.0091   263      300.0000      414.7981   792384   38.27%
   6524  5232      411.1634   252      300.0000      414.7510   819247   38.25%
   6745  5426        cutoff            300.0000      414.6407   846014   38.21%
   6924  5581        cutoff            300.0000      414.5178   873294   38.17%
Elapsed time = 105.73 sec. (150370.00 ticks, tree = 63.33 MB, solutions = 5)
   7214  5837      408.0655   240      300.0000      414.3731   897685   38.12%
   7414  5999      384.2624   201      300.0000      414.2959   923864   38.10%
*  7499+ 5944                          305.0000      414.2906            35.83%
   7649  6070      371.4439   167      305.0000      414.0800   948370   35.76%
   7830  6238      380.1295   204      305.0000      413.9511   971010   35.72%
   8093  6472      354.1138   181      305.0000      413.9081   992709   35.71%
   8333  6673      378.4763   199      305.0000      413.7524  1015687   35.66%
   8523  6843      332.2485   102      305.0000      413.6550  1038454   35.62%
   8710  6996      411.9222   288      305.0000      413.4499  1056128   35.56%
   8982  7227      400.3352   245      305.0000      413.3503  1078789   35.52%
   9235  7449      355.9403   125      305.0000      413.3076  1103375   35.51%
Elapsed time = 131.19 sec. (188747.21 ticks, tree = 89.09 MB, solutions = 6)
   9473  7652      393.6037   238      305.0000      413.1278  1126779   35.45%
Starting limited solution polishing.
   9697  7864      353.3027   165      305.0000      413.0910  1153238   35.44%
*  9799+ 7598                          310.0000      413.0828            33.25%
   9854  7651      399.8064   254      310.0000      413.0749  1169757   33.25%
*  9999+ 7461                          315.0000      413.0011            31.11%
   9999  7463      353.6885   125      315.0000      413.0011  1185238   31.11%
* 10099+ 6278                          330.0000      412.9403            25.13%
  10099  6280      410.6375   267      330.0000      412.9403  1201878   25.13%
  10311  6479      358.9132   162      330.0000      412.9144  1224551   25.13%

GUB cover cuts applied:  133
Clique cuts applied:  100
Cover cuts applied:  49
Implied bound cuts applied:  115
Flow cuts applied:  31
Mixed integer rounding cuts applied:  178
Zero-half cuts applied:  110
Lift and project cuts applied:  31
Gomory fractional cuts applied:  8

Root node processing (before b&c):
  Real time             =    1.48 sec. (1880.12 ticks)
Sequential b&c:
  Real time             =  148.52 sec. (213251.11 ticks)
                          ------------
Total (root+branch&cut) =  150.00 sec. (215131.23 ticks)

Solution pool: 10 solutions saved.

MIP - Time limit exceeded, integer feasible:  Objective =  3.3000000000e+02
Current MIP best bound =  4.1279009715e+02 (gap = 82.7901, 25.09%)
Solution time =  150.00 sec.  Iterations = 1240931  Nodes = 10427 (6576)
Deterministic time = 215131.24 ticks  (1434.20 ticks/sec)


Incumbent solution
Variable Name           Solution Value
F                           330.000000
y21                           1.000000
y73                           1.000000
y151                          1.000000
y72                           1.000000
y109                          1.000000
y154                          1.000000
y34                           1.000000
y51                           1.000000
y25                           1.000000
y169                          1.000000
y56                           1.000000
y46                           1.000000
y44                           1.000000
y53                           1.000000
y86                           1.000000
y113                          1.000000
y146                          1.000000
y42                           1.000000
y112                          1.000000
y124                          1.000000
x27x34x1                      1.000000
x141x109x1                    1.000000
x50x151x1                     1.000000
x55x46x1                      1.000000
x78x21x1                      1.000000
x23x46x1                      1.000000
x27x34x2                      1.000000
x93x51x2                      1.000000
x131x154x2                    2.000000
x67x73x2                      1.000000
x23x72x2                      1.000000
x93x51x3                      1.000000
x141x109x3                    1.000000
x32x151x3                     1.000000
x55x72x3                      1.000000
x66x21x3                      1.000000
x66x73x3                      1.000000
x21x25x1                      1.000000
x21x56x3                      1.000000
x73x56x2                      1.000000
x73x25x3                      1.000000
x151x169x1                    1.000000
x151x169x3                    1.000000
x72x146x2                     1.000000
x72x44x3                      1.000000
x109x146x1                    1.000000
x109x86x3                     1.000000
x154x0x2                      1.000000
x154x112x2                    1.000000
x34x53x1                      1.000000
x34x53x2                      1.000000
x51x112x2                     1.000000
x51x124x3                     1.000000
x25x42x1                      1.000000
x25x42x3                      1.000000
x169x113x1                    1.000000
x169x113x3                    1.000000
x56x0x2                       1.000000
x56x124x3                     1.000000
x46x44x1                      1.000000
x46x86x1                      1.000000
x44x0x1                       1.000000
x44x0x3                       1.000000
x53x0x1                       1.000000
x53x0x2                       1.000000
x86x0x1                       1.000000
x86x0x3                       1.000000
x113x0x1                      1.000000
x113x0x3                      1.000000
x146x0x1                      1.000000
x146x0x2                      1.000000
x42x0x1                       1.000000
x42x0x3                       1.000000
x112x0x2                      2.000000
x124x0x3                      2.000000
s27                           6.397728
s148                          7.770000
s92                           7.295526
s154                          7.731369
s2                            7.900000
s34                           7.608894
z27z34z1                      1.000000
z27z34z2                      1.000000
s51                           7.942650
s106                          7.060000
s59                           7.975127
s99                           7.170000
s35                           7.180000
s101                          8.290000
s18                           8.360000
s25                           7.999096
s64                           8.460000
s38                           8.520000
s169                          7.972111
s98                           8.550000
s79                           7.680000
s56                           8.283085
s91                           7.710000
s17                           7.720000
s110                          7.720000
s36                           8.930000
s46                           7.930000
s44                           9.050000
s61                           8.127072
s128                          9.050000
s53                           9.110000
s77                           9.110000
s86                           9.140000
s113                          9.150000
s146                          9.170000
s42                           9.190000
s114                          9.230000
z27z114z2                     1.000000
s112                          9.250000
z27z112z2                     1.000000
s29                           9.350000
s93                           6.294300
z93z51z2                      1.000000
z93z51z3                      1.000000
s68                           9.010000
s95                           9.110000
z93z95z3                      1.000000
s161                          8.156666
z93z161z3                     1.000000
s19                           9.170000
z93z19z3                      1.000000
z93z114z2                     1.000000
s162                          9.230000
z93z162z3                     1.000000
z93z112z2                     1.000000
s124                          9.440000
z93z124z3                     1.000000
s141                          6.121142
s109                          7.632534
z141z109z1                    1.000000
z141z109z3                    1.000000
s48                           6.730000
z141z68z3                     1.000000
z141z95z3                     1.000000
z141z161z3                    1.000000
z141z19z3                     1.000000
z141z162z3                    1.000000
z141z124z3                    1.000000
s32                           4.686170
s47                           5.350000
s52                           5.592538
s85                           5.530000
s21                           6.409000
s121                          5.810000
s142                          5.960000
s181                          5.990000
s159                          6.010000
s9                            6.040000
s73                           6.621092
s151                          6.532617
z32z151z3                     1.000000
s72                           7.002367
s183                          6.380000
s107                          6.480000
z32z68z3                      1.000000
z32z95z3                      1.000000
z32z161z3                     1.000000
z32z19z3                      1.000000
z32z162z3                     1.000000
z32z124z3                     1.000000
s131                          4.880460
s33                           7.053818
z131z33z2                     1.000000
s138                          7.037851
z131z138z2                    1.000000
s12                           6.450000
s165                          6.530000
z131z92z2                     1.000000
z131z154z2                    1.000000
z131z59z2                     1.000000
z131z35z2                     1.000000
z131z98z2                     1.000000
z131z17z2                     1.000000
z131z110z2                    1.000000
z131z61z2                     1.000000
z131z114z2                    1.000000
z131z112z2                    1.000000
s67                           4.969670
s54                           5.420000
s172                          5.490000
s65                           6.050000
z67z73z2                      1.000000
z67z165z2                     1.000000
z67z92z2                      1.000000
z67z154z2                     1.000000
z67z59z2                      1.000000
z67z35z2                      1.000000
z67z98z2                      1.000000
z67z17z2                      1.000000
z67z110z2                     1.000000
z67z61z2                      1.000000
z67z114z2                     1.000000
z67z112z2                     1.000000
s50                           4.921340
s155                          6.030000
s87                           7.054189
z50z151z1                     1.000000
s4                            7.275148
s176                          7.316039
z50z101z1                     1.000000
z50z38z1                      1.000000
z50z46z1                      1.000000
s55                           5.036920
z55z72z3                      1.000000
z55z38z1                      1.000000
z55z46z1                      1.000000
z55z68z3                      1.000000
z55z95z3                      1.000000
z55z161z3                     1.000000
z55z19z3                      1.000000
z55z162z3                     1.000000
z55z124z3                     1.000000
s78                           5.063620
z78z21z1                      1.000000
z78z101z1                     1.000000
z78z38z1                      1.000000
z78z46z1                      1.000000
s66                           5.179840
z66z21z3                      1.000000
z66z73z3                      1.000000
z66z68z3                      1.000000
z66z95z3                      1.000000
z66z161z3                     1.000000
z66z19z3                      1.000000
z66z162z3                     1.000000
z66z124z3                     1.000000
s23                           5.656890
z23z72z2                      1.000000
z23z35z2                      1.000000
z23z101z1                     1.000000
z23z38z1                      1.000000
z23z98z2                      1.000000
z23z17z2                      1.000000
z23z110z2                     1.000000
z23z46z1                      1.000000
z23z61z2                      1.000000
z23z114z2                     1.000000
z23z112z2                     1.000000
s43                           5.220000
z54z61z2                      1.000000
z54z114z2                     1.000000
z54z112z2                     1.000000
z172z61z2                     1.000000
z172z114z2                    1.000000
z172z112z2                    1.000000
z52z95z3                      1.000000
z52z161z3                     1.000000
z52z19z3                      1.000000
z52z162z3                     1.000000
z52z124z3                     1.000000
z85z61z2                      1.000000
z85z95z3                      1.000000
z85z161z3                     1.000000
z85z19z3                      1.000000
z85z114z2                     1.000000
z85z162z3                     1.000000
z85z112z2                     1.000000
z85z124z3                     1.000000
z21z25z1                      1.000000
z21z56z3                      1.000000
z21z95z3                      1.000000
z21z19z3                      1.000000
z21z162z3                     1.000000
z21z124z3                     1.000000
z121z95z3                     1.000000
z121z114z2                    1.000000
z121z162z3                    1.000000
z121z112z2                    1.000000
z121z124z3                    1.000000
z142z95z3                     1.000000
z142z161z3                    1.000000
z142z19z3                     1.000000
z142z162z3                    1.000000
z142z124z3                    1.000000
z181z95z3                     1.000000
z181z114z2                    1.000000
z181z162z3                    1.000000
z181z112z2                    1.000000
z181z124z3                    1.000000
z159z95z3                     1.000000
z159z162z3                    1.000000
z159z124z3                    1.000000
z9z95z3                       1.000000
z9z114z2                      1.000000
z9z162z3                      1.000000
z9z112z2                      1.000000
z9z124z3                      1.000000
z65z61z2                      1.000000
z65z114z2                     1.000000
z65z112z2                     1.000000
z73z25z3                      1.000000
z73z56z2                      1.000000
z73z95z3                      1.000000
z73z114z2                     1.000000
z73z162z3                     1.000000
z73z112z2                     1.000000
z73z124z3                     1.000000
z33z114z2                     1.000000
z33z112z2                     1.000000
z151z169z1                    1.000000
z151z169z3                    1.000000
z151z95z3                     1.000000
z151z162z3                    1.000000
z151z124z3                    1.000000
z72z44z3                      1.000000
z72z95z3                      1.000000
z72z146z2                     1.000000
z72z114z2                     1.000000
z72z162z3                     1.000000
z72z112z2                     1.000000
z72z124z3                     1.000000
z183z95z3                     1.000000
z183z162z3                    1.000000
z183z124z3                    1.000000
z138z114z2                    1.000000
z138z112z2                    1.000000
z12z114z2                     1.000000
z12z112z2                     1.000000
z107z95z3                     1.000000
z107z162z3                    1.000000
z107z124z3                    1.000000
z165z114z2                    1.000000
z165z112z2                    1.000000
z176z38z1                     1.000000
z109z95z3                     1.000000
z109z86z3                     1.000000
z109z146z1                    1.000000
z109z162z3                    1.000000
z109z124z3                    1.000000
z48z95z3                      1.000000
z48z162z3                     1.000000
z48z124z3                     1.000000
z148z114z2                    1.000000
z92z114z2                     1.000000
z154z114z2                    1.000000
z154z112z2                    1.000000
z2z114z2                      1.000000
z2z162z3                      1.000000
z2z112z2                      1.000000
z2z124z3                      1.000000
z34z53z1                      1.000000
z34z53z2                      1.000000
z51z112z2                     1.000000
z51z124z3                     1.000000
z106z124z3                    1.000000
z59z112z2                     1.000000
z25z42z1                      1.000000
z25z42z3                      1.000000
z169z113z1                    1.000000
z169z113z3                    1.000000
z56z124z3                     1.000000
z46z44z1                      1.000000
z46z86z1                      1.000000
z61z112z2                     1.000000
z161z162z3                    1.000000
All other variables in the range 1-4309 are 0.
