
Log started (V12.10.0.0) Tue Apr 20 03:29:20 2021


Problem 'asset.lp' read.
Read time = 0.01 sec. (0.46 ticks)
New value for default parallel thread count: 1
New value for time limit in seconds: 150
Version identifier: 12.10.0.0 | 2019-11-26 | 843d4de
CPXPARAM_Threads                                 1
CPXPARAM_TimeLimit                               150
Found incumbent of value -0.787324 after 0.00 sec. (0.19 ticks)
Tried aggregator 3 times.
MIP Presolve eliminated 2786 rows and 1220 columns.
MIP Presolve modified 3220 coefficients.
Aggregator did 763 substitutions.
Reduced MIP has 1118 rows, 1163 columns, and 5255 nonzeros.
Reduced MIP has 965 binaries, 149 generals, 0 SOSs, and 0 indicators.
Presolve time = 0.01 sec. (12.59 ticks)
Probing fixed 357 vars, tightened 69 bounds.
Probing time = 0.01 sec. (4.31 ticks)
Cover probing fixed 0 vars, tightened 77 bounds.
Tried aggregator 3 times.
MIP Presolve eliminated 521 rows and 514 columns.
MIP Presolve modified 106 coefficients.
Aggregator did 8 substitutions.
Reduced MIP has 589 rows, 637 columns, and 2363 nonzeros.
Reduced MIP has 518 binaries, 73 generals, 0 SOSs, and 0 indicators.
Presolve time = 0.01 sec. (6.79 ticks)
Probing time = 0.00 sec. (1.67 ticks)
Tried aggregator 1 time.
Detecting symmetries...
MIP Presolve modified 266 coefficients.
Reduced MIP has 589 rows, 637 columns, and 2363 nonzeros.
Reduced MIP has 518 binaries, 73 generals, 0 SOSs, and 0 indicators.
Presolve time = 0.00 sec. (1.72 ticks)
Probing time = 0.00 sec. (1.66 ticks)
Clique table members: 1699.
MIP emphasis: balance optimality and feasibility.
MIP search method: dynamic search.
Parallel mode: none, using 1 thread.
Root relaxation solution time = 0.01 sec. (6.51 ticks)

        Nodes                                         Cuts/
   Node  Left     Objective  IInf  Best Integer    Best Bound    ItCnt     Gap

*     0+    0                           -0.7873     1182.0398              --- 
      0     0      609.8380   122       -0.7873      609.8380      457     --- 
      0     0      598.9569   122       -0.7873     Cuts: 228      584     --- 
      0     0      592.2811   122       -0.7873     Cuts: 149      663     --- 
      0     0      590.1788   122       -0.7873     Cuts: 104      741     --- 
      0     0      589.2523   122       -0.7873     Cuts: 154      824     --- 
      0     0      588.7005   122       -0.7873      Cuts: 65      885     --- 
Detecting symmetries...
      0     0      588.1341   122       -0.7873     Cuts: 162      957     --- 
      0     0      587.5742   122       -0.7873      Cuts: 38     1000     --- 
      0     0      587.4292   122       -0.7873      Cuts: 53     1044     --- 
      0     0      587.1468   122       -0.7873     Cuts: 219     1120     --- 
      0     0      587.1159   122       -0.7873     Cuts: 111     1170     --- 
      0     0      587.1102   122       -0.7873      Cuts: 25     1214     --- 
*     0+    0                          477.9921      587.1102            22.83%
*     0+    0                          478.5224      587.1102            22.69%
*     0+    0                          488.6067      587.1102            20.16%
      0     0        cutoff            488.6067      587.1102     1214   20.16%
Detecting symmetries...
      0     2      587.1102   146      488.6067      587.1025     1214   20.16%
Elapsed time = 0.22 sec. (199.18 ticks, tree = 0.01 MB, solutions = 3)
*    20+   20                          511.1915      586.9938            14.83%
*   120+   94                          539.3028      586.6493             8.78%
    190   155      551.0749    50      539.3028      586.4676     7329    8.75%
    380   306      582.1402   116      539.3028      584.0862    14368    8.30%
    564   448      542.5503    60      539.3028      582.4873    20327    8.01%
    742   578      579.8920   110      539.3028      580.8954    26863    7.71%
    917   704      571.8759   110      539.3028      580.1027    33727    7.57%

Performing restart 1

Repeating presolve.
Tried aggregator 1 time.
MIP Presolve modified 242 coefficients.
Reduced MIP has 589 rows, 637 columns, and 2185 nonzeros.
Reduced MIP has 518 binaries, 73 generals, 0 SOSs, and 0 indicators.
Presolve time = 0.00 sec. (1.82 ticks)
Tried aggregator 1 time.
Reduced MIP has 589 rows, 637 columns, and 2185 nonzeros.
Reduced MIP has 518 binaries, 73 generals, 0 SOSs, and 0 indicators.
Presolve time = 0.00 sec. (1.65 ticks)
Represolve time = 0.01 sec. (10.47 ticks)
   1020     0      586.8200   148      539.3028     Cuts: 111    38186    7.55%
   1020     0      584.6283   148      539.3028      Cuts: 57    38347    7.55%
   1020     0      582.7216   148      539.3028     Cuts: 105    38535    7.55%
   1020     0      581.9440   148      539.3028     Cuts: 122    38638    7.55%
   1020     0      580.6976   148      539.3028      Cuts: 71    38716    7.55%
   1020     0      579.4766   148      539.3028     Cuts: 119    38805    7.45%
   1020     0      579.1653   148      539.3028      Cuts: 56    38928    7.39%
   1020     0      578.9245   148      539.3028     Cuts: 110    39017    7.35%
   1020     0      578.6522   148      539.3028      Cuts: 81    39115    7.30%
   1020     0      578.5593   148      539.3028      Cuts: 71    39192    7.28%
   1020     0      577.9132   148      539.3028      Cuts: 51    39299    7.16%
   1020     0      577.8037   148      539.3028      Cuts: 35    39343    7.14%
   1020     0      577.7805   148      539.3028      Cuts: 47    39386    7.13%
   1020     0      577.7691   148      539.3028      Cuts: 25    39413    7.13%
   1020     0      577.7581   148      539.3028      Cuts: 37    39443    7.13%
   1020     0      577.7016   148      539.3028      Cuts: 19    39471    7.12%
   1020     0      577.6315   148      539.3028      Cuts: 40    39553    7.11%
   1020     0      577.6257   148      539.3028      Cuts: 87    39608    7.11%
*  1020+    0                          539.3028      577.6257             7.11%
*  1020+    0                          539.3031      577.6257             7.11%
*  1020+    0                          539.3040      577.6257             7.11%
   1020     0        cutoff            539.3040      577.6257    39608    7.11%
   1020     2      577.6257   139      539.3040      577.6222    39608    7.11%
   1027     9      574.1297   109      539.3040      575.6403    40279    6.74%
   1038    18        cutoff            539.3040      575.6403    40893    6.74%
   1082    50      552.3732    63      539.3040      574.2299    42515    6.48%
*  1120+   69                          539.4258      573.6693             6.35%
*  1128    73      integral     0      539.4265      573.6693    44353    6.35%
Elapsed time = 3.26 sec. (3679.48 ticks, tree = 0.10 MB, solutions = 10)
*  1228+   80                          548.9741      570.8628             3.99%
*  1300+  104                          549.4311      563.3107             2.53%
   1398    68      553.1430    78      549.4311      553.7773    57911    0.79%
*  1400+   62                          549.4335      553.7773             0.79%
*  1433    61      integral     0      549.4343      553.1652    59587    0.68%
*  1470    47      integral     0      550.0536      552.2523    60859    0.40%
*  1480+   32                          550.5828      552.0882             0.27%
*  1486    36      integral     0      550.5838      552.0882    61113    0.27%
*  1527    12      integral     0      550.5839      550.6669    61862    0.02%

GUB cover cuts applied:  7
Clique cuts applied:  37
Cover cuts applied:  5
Implied bound cuts applied:  19
Flow cuts applied:  14
Mixed integer rounding cuts applied:  50
Zero-half cuts applied:  46
Lift and project cuts applied:  19
Gomory fractional cuts applied:  7

Root node processing (before b&c):
  Real time             =    0.22 sec. (199.63 ticks)
Sequential b&c:
  Real time             =    4.03 sec. (4673.83 ticks)
                          ------------
Total (root+branch&cut) =    4.25 sec. (4873.45 ticks)

Solution pool: 19 solutions saved.

MIP - Integer optimal, tolerance (0.0001/1e-06):  Objective =  5.5058385051e+02
Current MIP best bound =  5.5061470658e+02 (gap = 0.0308561, 0.01%)
Solution time =    4.25 sec.  Iterations = 61863  Nodes = 1529 (11)
Deterministic time = 4873.46 ticks  (1146.27 ticks/sec)


Incumbent solution
Variable Name           Solution Value
F                           580.000000
f1                            0.826149
f2                           28.590000
y170                          1.000000
y204                          1.000000
y21                           1.000000
y186                          1.000000
y188                          1.000000
y137                          1.000000
y167                          1.000000
y181                          1.000000
y260                          1.000000
y27                           1.000000
y113                          1.000000
y98                           1.000000
y106                          1.000000
y271                          1.000000
y78                           1.000000
y162                          1.000000
y135                          1.000000
s127                          2.850000
s56                           2.860000
s12                           2.890000
s95                           2.890000
s201                          2.920000
s177                          2.940000
s6                            2.950000
s40                           2.950000
s121                          2.950000
s108                          2.980000
s165                          2.980000
s250                          3.020000
s118                          3.030000
s91                           3.040000
s68                           3.060000
s105                          3.110000
s25                           3.130000
s190                          3.170000
s109                          3.190000
s269                          3.240000
s160                          3.250000
s249                          3.270000
s92                           3.280000
s248                          3.300000
s146                          3.310000
s132                          3.320000
s67                           3.350000
s164                          3.370000
s170                          3.985047
s225                          3.460000
s26                           3.470000
s195                          3.540000
s102                          3.580000
s270                          3.580000
s236                          3.620000
s13                           3.650000
s204                          4.030218
s21                           4.452494
s186                          4.710360
s43                           3.760000
s212                          3.790000
s188                          4.703878
s264                          3.820000
s137                          3.961819
s161                          3.840000
s30                           3.860000
s237                          3.860000
s35                           3.880000
s155                          3.890000
s101                          3.920000
s167                          4.824057
s181                          4.885178
s260                          4.928474
s46                           4.140000
s27                           4.951698
s235                          4.230000
s113                          5.131103
s98                           5.054675
s106                          5.179412
s252                          4.300000
s271                          4.934226
s147                          4.330000
s78                           4.766243
s14                           4.450000
s151                          4.580000
s162                          5.351896
s117                          4.660000
s135                          5.694155
s38                           4.750000
x203x21x1                     1.000000
x203x188x1                    1.000000
x31x186x1                     1.000000
x125x167x1                    1.000000
x52x78x1                      2.000000
x243x106x1                    1.000000
x141x181x1                    1.000000
x141x113x1                    1.000000
x55x137x2                     1.000000
x166x204x2                    1.000000
x166x137x2                    1.000000
x31x186x2                     1.000000
x125x167x2                    1.000000
x18x27x2                      2.000000
x34x98x2                      1.000000
x34x271x2                     1.000000
x87x170x3                     2.000000
x44x188x3                     1.000000
x44x181x3                     1.000000
x184x204x3                    1.000000
x184x21x3                     1.000000
x94x260x3                     2.000000
x243x271x3                    1.000000
x170x106x3                    1.000000
x170x162x3                    1.000000
x204x135x2                    1.000000
x204x113x3                    1.000000
x21x135x1                     1.000000
x21x0x3                       1.000000
x186x0x1                      1.000000
x186x0x2                      1.000000
x188x0x1                      1.000000
x188x0x3                      1.000000
x137x98x2                     1.000000
x137x162x2                    1.000000
x167x0x1                      1.000000
x167x0x2                      1.000000
x181x0x1                      1.000000
x181x0x3                      1.000000
x260x0x3                      2.000000
x27x0x2                       2.000000
x113x0x1                      1.000000
x113x0x3                      1.000000
x98x0x2                       2.000000
x106x0x1                      1.000000
x106x0x3                      1.000000
x271x0x2                      1.000000
x271x0x3                      1.000000
x78x0x1                       2.000000
x162x0x2                      1.000000
x162x0x3                      1.000000
x135x0x1                      1.000000
x135x0x2                      1.000000
s87                           2.552478
z87z170z3                     1.000000
z87z260z3                     1.000000
z87z147z3                     1.000000
z87z151z3                     1.000000
s55                           2.288979
z55z137z2                     1.000000
z55z35z2                      1.000000
z55z98z2                      1.000000
s166                          2.556048
z166z204z2                    1.000000
z166z137z2                    1.000000
z166z98z2                     1.000000
s203                          3.209912
z203z21z1                     1.000000
z203z188z1                    1.000000
z203z78z1                     1.000000
s44                           3.284855
z44z188z3                     1.000000
z44z181z3                     1.000000
s184                          2.619737
z184z204z3                    1.000000
z184z21z3                     1.000000
z184z260z3                    1.000000
z184z147z3                    1.000000
z184z151z3                    1.000000
s31                           3.384280
z31z186z1                     1.000000
z31z186z2                     1.000000
s125                          3.451167
z125z167z1                    1.000000
z125z167z2                    1.000000
s94                           3.574722
z94z260z3                     1.000000
s52                           3.528446
z52z78z1                      1.000000
s18                           3.557803
z18z27z2                      1.000000
s243                          3.697763
z243z106z1                    1.000000
z243z271z3                    1.000000
s141                          3.579655
z141z181z1                    1.000000
z141z113z1                    1.000000
s34                           3.671834
z34z98z2                      1.000000
z34z271z2                     1.000000
z170z106z3                    1.000000
z170z162z3                    1.000000
z204z113z3                    1.000000
z204z135z2                    1.000000
z21z135z1                     1.000000
z137z98z2                     1.000000
z137z162z2                    1.000000
All other variables in the range 1-3150 are 0.
