
Log started (V12.10.0.0) Tue Apr 20 03:29:25 2021


Problem 'asset.lp' read.
Read time = 0.01 sec. (0.54 ticks)
New value for default parallel thread count: 1
New value for time limit in seconds: 150
Version identifier: 12.10.0.0 | 2019-11-26 | 843d4de
CPXPARAM_Threads                                 1
CPXPARAM_TimeLimit                               150
Found incumbent of value 0.000000 after 0.00 sec. (0.13 ticks)
Tried aggregator 3 times.
MIP Presolve eliminated 2453 rows and 205 columns.
MIP Presolve modified 3163 coefficients.
Aggregator did 1296 substitutions.
Reduced MIP has 1732 rows, 2197 columns, and 9262 nonzeros.
Reduced MIP has 1750 binaries, 385 generals, 0 SOSs, and 0 indicators.
Presolve time = 0.02 sec. (19.85 ticks)
Probing fixed 39 vars, tightened 8 bounds.
Probing time = 0.01 sec. (8.26 ticks)
Cover probing fixed 0 vars, tightened 30 bounds.
Tried aggregator 1 time.
Detecting symmetries...
MIP Presolve eliminated 71 rows and 63 columns.
MIP Presolve modified 724 coefficients.
Reduced MIP has 1661 rows, 2134 columns, and 8699 nonzeros.
Reduced MIP has 1695 binaries, 377 generals, 0 SOSs, and 0 indicators.
Presolve time = 0.01 sec. (8.18 ticks)
Probing time = 0.00 sec. (2.76 ticks)
Clique table members: 5998.
MIP emphasis: balance optimality and feasibility.
MIP search method: dynamic search.
Parallel mode: none, using 1 thread.
Root relaxation solution time = 0.04 sec. (56.24 ticks)

        Nodes                                         Cuts/
   Node  Left     Objective  IInf  Best Integer    Best Bound    ItCnt     Gap

*     0+    0                            0.0000      825.0000              --- 
      0     0      766.0408   349        0.0000      766.0408     1112     --- 
      0     0      741.9195   349        0.0000     Cuts: 515     2470     --- 
      0     0      732.9060   349        0.0000     Cuts: 515     4060     --- 
      0     0      727.7980   349        0.0000     Cuts: 515     5170     --- 
*     0+    0                           15.0000      727.7980              --- 
      0     0        cutoff             15.0000      727.7980     5170     --- 
      0     0      724.3596   349       15.0000     Cuts: 515     6133     --- 
      0     0      722.7663   349       15.0000     Cuts: 433     6847     --- 
Detecting symmetries...
      0     0      721.7408   349       15.0000     Cuts: 378     7874     --- 
*     0+    0                           35.0000      721.7408              --- 
      0     0      721.3066   349       35.0000     Cuts: 461     8205     --- 
      0     0      720.6891   349       35.0000     Cuts: 266     8518     --- 
      0     0      720.2959   349       35.0000     Cuts: 248     8961     --- 
      0     0      719.3985   349       35.0000     Cuts: 330     9708     --- 
      0     0      719.2349   349       35.0000     Cuts: 351    10111     --- 
      0     0      718.9433   349       35.0000     Cuts: 342    10626     --- 
*     0+    0                          105.0000      718.9433           584.71%
      0     0      718.4949   349      105.0000     Cuts: 347    11105  584.28%
      0     0      718.2956   349      105.0000     Cuts: 374    12167  584.09%
      0     0      718.1028   349      105.0000     Cuts: 414    12442  583.91%
*     0+    0                          110.0000      718.1028           552.82%
      0     0      717.8618   349      110.0000     Cuts: 231    12799  552.60%
      0     0      717.4419   349      110.0000     Cuts: 304    13210  552.22%
      0     0      717.1267   349      110.0000     Cuts: 200    13637  551.93%
      0     0      716.2419   349      110.0000     Cuts: 283    14352  551.13%
      0     0      715.9561   349      110.0000     Cuts: 333    15013  550.87%
      0     0      715.6470   349      110.0000     Cuts: 350    15407  550.59%
      0     0      715.3167   349      110.0000     Cuts: 330    15765  550.29%
      0     0      715.0945   349      110.0000     Cuts: 374    16147  550.09%
      0     0      715.0396   349      110.0000     Cuts: 219    16362  550.04%
      0     0      715.0105   349      110.0000     Cuts: 191    16678  550.01%
Detecting symmetries...
      0     2      715.0105   378      110.0000      715.0007    16678  550.00%
Elapsed time = 2.45 sec. (3091.61 ticks, tree = 0.01 MB, solutions = 4)
     15    17      702.0572   334      110.0000      714.3049    19561  549.37%
     20    22      713.3106   360      110.0000      714.3049    21703  549.37%
     25    27      703.7487   324      110.0000      714.3049    24377  549.37%
     50    52      696.5089   295      110.0000      714.3049    26285  549.37%
     79    81      682.3211   264      110.0000      714.3049    28313  549.37%
    104   104      696.4091   249      110.0000      714.3049    30845  549.37%
    128   126      673.4962   249      110.0000      714.3049    32682  549.37%
    158   148      613.0466   201      110.0000      714.3049    34878  549.37%
    236   201      502.9225    92      110.0000      714.3049    37030  549.37%
    310   265      639.0843   242      110.0000      714.3049    46294  549.37%
Elapsed time = 4.77 sec. (6342.28 ticks, tree = 3.67 MB, solutions = 4)
    470   393      698.5690   326      110.0000      714.3049    55300  549.37%

Performing restart 1

Repeating presolve.
Tried aggregator 1 time.
MIP Presolve eliminated 1 rows and 1 columns.
MIP Presolve modified 2054 coefficients.
Reduced MIP has 1660 rows, 2133 columns, and 7437 nonzeros.
Reduced MIP has 1694 binaries, 377 generals, 0 SOSs, and 0 indicators.
Presolve time = 0.01 sec. (6.50 ticks)
Tried aggregator 1 time.
Reduced MIP has 1660 rows, 2133 columns, and 7437 nonzeros.
Reduced MIP has 1694 binaries, 377 generals, 0 SOSs, and 0 indicators.
Presolve time = 0.01 sec. (5.20 ticks)
Represolve time = 0.05 sec. (35.04 ticks)
    514     0      685.2032   400      110.0000     Cuts: 515    63687  522.91%
    514     0      675.0098   400      110.0000     Cuts: 417    64882  513.65%
    514     0      670.4888   400      110.0000     Cuts: 396    65419  509.54%
    514     0      665.7230   400      110.0000     Cuts: 342    66038  505.20%
    514     0      661.3918   400      110.0000     Cuts: 376    66820  501.27%
    514     0      659.1408   400      110.0000     Cuts: 299    67296  499.22%
    514     0      657.4250   400      110.0000     Cuts: 341    67802  497.66%
    514     0      656.5574   400      110.0000     Cuts: 264    68377  496.87%
    514     0      655.8116   400      110.0000     Cuts: 259    68775  496.19%
*   514+    0                          145.0000      655.8116           352.28%
*   514+    0                          160.0000      655.8116           309.88%
    514     0      654.7918   400      160.0000     Cuts: 270    69574  309.24%
    514     0      654.1634   400      160.0000     Cuts: 241    69856  308.85%
    514     0      653.5669   400      160.0000     Cuts: 177    70173  308.48%
    514     0      653.1223   400      160.0000     Cuts: 152    70408  308.20%
    514     0      652.7950   400      160.0000     Cuts: 156    70635  308.00%
    514     0      652.5697   400      160.0000     Cuts: 111    70856  307.86%
*   514+    0                          205.0000      652.5697           218.33%
*   514+    0                          245.0000      652.5697           166.35%
    514     0      652.4203   400      245.0000     Cuts: 109    71198  166.29%
    514     0      652.1293   400      245.0000     Cuts: 106    71398  166.18%
    514     0      651.9077   400      245.0000     Cuts: 147    71640  166.08%
*   514+    0                          270.0000      651.9077           141.45%
    514     0      651.7873   400      270.0000     Cuts: 141    71877  141.40%
    514     0      651.6298   400      270.0000     Cuts: 124    72140  141.34%
    514     0      651.5886   400      270.0000     Cuts: 142    72224  141.33%
    514     0      651.4876   400      270.0000      Cuts: 47    72314  141.29%
    514     0      651.4468   400      270.0000     Cuts: 110    72393  141.28%
    514     0      651.4206   400      270.0000      Cuts: 81    72525  141.27%
    514     0      651.4046   400      270.0000      Cuts: 95    72626  141.26%
    514     2      651.4046   400      270.0000      651.3983    72626  141.26%
    518     6      635.0218   325      270.0000      650.7655    74367  141.02%
    526    14      631.0863   336      270.0000      650.6391    79209  140.98%
    535    23      636.8475   342      270.0000      650.6391    82312  140.98%
    547    35      630.4190   293      270.0000      650.6391    86137  140.98%
    561    48      605.0154   318      270.0000      650.6391    89207  140.98%
    598    82      542.2059   170      270.0000      650.6391    94495  140.98%
    694   159      503.6196   102      270.0000      650.6391    99829  140.98%
    740   193      624.9662   349      270.0000      650.6292   104325  140.97%
Elapsed time = 19.47 sec. (26104.59 ticks, tree = 2.63 MB, solutions = 9)
    790   241      556.1479   216      270.0000      650.6292   109489  140.97%
    838   281      615.6465   275      270.0000      650.5327   113426  140.94%
    940   374      583.7450   266      270.0000      649.6643   119696  140.62%
    994   420      596.5530   270      270.0000      649.2168   125831  140.45%
   1091   509      615.0527   328      270.0000      648.8485   132431  140.31%
   1145   560      526.6112   203      270.0000      648.8485   137904  140.31%
   1223   628      638.3261   383      270.0000      648.5292   143952  140.20%
   1261   666      594.0592   271      270.0000      648.5292   148434  140.20%
   1365   764      631.6280   337      270.0000      648.1353   153797  140.05%
   1449   848      536.9670   199      270.0000      648.1353   159761  140.05%
Elapsed time = 26.22 sec. (35968.85 ticks, tree = 10.16 MB, solutions = 9)
   1474   869      605.2610   266      270.0000      647.2848   164729  139.74%
   1598   986      579.3516   234      270.0000      646.8867   171091  139.59%
   1652  1036      604.5651   313      270.0000      646.8134   175840  139.56%
   1688  1072      572.4812   239      270.0000      646.8134   183372  139.56%
   1759  1135      483.6166   177      270.0000      646.8134   189228  139.56%
   1828  1192      617.7767   301      270.0000      646.6320   194430  139.49%
   1908  1268      629.7444   350      270.0000      643.9888   201136  138.51%
   1970  1330      570.8158   224      270.0000      643.9888   208549  138.51%
   2029  1383      602.8479   301      270.0000      642.7240   214433  138.05%
   2091  1441      607.0191   290      270.0000      642.6583   219835  138.02%
Elapsed time = 33.19 sec. (45703.74 ticks, tree = 21.03 MB, solutions = 9)
   2173  1512      638.2463   390      270.0000      642.6385   227559  138.01%
   2197  1536      590.4873   301      270.0000      642.6385   233524  138.01%
   2250  1589      558.9547   252      270.0000      642.6385   239650  138.01%
   2301  1628      632.4187   328      270.0000      642.1639   245903  137.84%
   2389  1710      630.9473   361      270.0000      642.1578   252438  137.84%
   2446  1767      587.2647   276      270.0000      642.1578   258510  137.84%
   2527  1844      563.1943   257      270.0000      641.5125   264406  137.60%
   2602  1919      515.5715   201      270.0000      641.5125   270745  137.60%
*  2740  2053      integral     0      370.0000      641.5125   274607   73.38%
   2755  2067      580.1260   242      370.0000      641.4786   277002   73.37%
   2801  2107      613.6085   338      370.0000      641.4675   283416   73.37%
Elapsed time = 40.56 sec. (56087.70 ticks, tree = 26.72 MB, solutions = 10)
   2840  2146      525.3878   199      370.0000      641.4675   290108   73.37%
   2942  2221      635.4461   349      370.0000      641.4529   296105   73.37%
   3026  2303        cutoff            370.0000      641.4529   303032   73.37%
   3095  2370      569.7999   256      370.0000      641.3853   309520   73.35%
   3181  2438      613.5137   330      370.0000      640.3964   315670   73.08%
   3287  2536      619.6064   352      370.0000      640.1096   322734   73.00%
   3323  2572      557.7482   259      370.0000      640.1096   329393   73.00%
   3420  2660      623.1208   366      370.0000      640.0736   334986   72.99%
   3442  2679      572.4225   249      370.0000      640.0736   341202   72.99%
   3499  2734      480.4023   117      370.0000      640.0736   347928   72.99%
Elapsed time = 47.54 sec. (65924.72 ticks, tree = 38.59 MB, solutions = 10)
*  3514+ 2729                          375.0000      640.0736            70.69%
   3554  2761      621.8387   336      375.0000      639.7104   352638   70.59%
   3605  2807      633.3262   361      375.0000      639.6687   359907   70.58%
   3675  2867      607.3815   336      375.0000      639.5317   366256   70.54%
   3715  2905      548.0444   237      375.0000      639.5317   371085   70.54%
   3774  2956      613.0649   356      375.0000      639.5018   377653   70.53%
   3827  3001      517.6597   168      375.0000      639.5018   384284   70.53%
   3921  3083      583.4844   236      375.0000      639.2759   389963   70.47%
   4019  3166      602.7852   291      375.0000      639.2272   396273   70.46%
   4095  3237      626.7428   334      375.0000      639.0289   402092   70.41%
   4130  3272      556.5259   228      375.0000      639.0289   408535   70.41%
Elapsed time = 54.66 sec. (75959.31 ticks, tree = 44.68 MB, solutions = 11)
   4208  3333      613.6727   319      375.0000      638.8495   415087   70.36%
   4284  3402      625.3742   345      375.0000      638.5777   421080   70.29%
   4410  3513      425.0000    10      375.0000      638.5777   427651   70.29%
   4458  3556      529.6496   214      375.0000      638.4747   433539   70.26%
*  4514+ 3592                          380.0000      638.4747            68.02%
   4573  3637      526.8810   216      380.0000      638.3735   439655   67.99%
*  4614+ 3670                          385.0000      638.3735            65.81%
   4662  3716      530.7363   194      385.0000      638.3630   446998   65.81%
   4771  3825      447.3197   158      385.0000      638.3630   452810   65.81%
   4860  3907      503.4074   123      385.0000      638.3258   457078   65.80%
   4961  3994      516.0758   174      385.0000      638.3204   463815   65.80%
   5024  4041      587.7145   329      385.0000      638.3202   468577   65.80%
Elapsed time = 61.54 sec. (85647.85 ticks, tree = 59.76 MB, solutions = 13)
   5087  4099      445.9418   111      385.0000      638.3202   475476   65.80%
   5175  4174      562.1529   246      385.0000      638.3052   481831   65.79%
   5263  4255      550.7413   190      385.0000      638.2433   489290   65.78%
   5375  4357      578.0966   250      385.0000      638.2414   496873   65.78%
   5479  4445      583.7232   272      385.0000      638.2079   504287   65.77%
*  5514+ 4471                          390.0000      638.2079            63.64%
   5575  4526      606.7945   304      390.0000      637.3152   512538   63.41%
   5695  4639      461.1732    97      390.0000      637.3152   519468   63.41%
   5718  4658      528.3591   205      390.0000      637.2103   524577   63.39%
   5876  4798      510.9310   199      390.0000      637.0847   531132   63.36%
   6000  4902      566.7940   271      390.0000      637.0169   537985   63.34%
Elapsed time = 68.40 sec. (95360.66 ticks, tree = 77.23 MB, solutions = 14)
   6096  4984      598.4081   275      390.0000      636.9133   544089   63.31%
   6162  5042      595.1037   270      390.0000      636.8497   551166   63.29%
   6200  5079      545.1009   216      390.0000      636.8497   556880   63.29%
   6259  5132      630.3686   378      390.0000      636.8496   562748   63.29%
   6321  5187      622.2963   356      390.0000      636.8413   568355   63.29%
   6394  5252      603.3751   349      390.0000      636.8224   574241   63.29%
   6430  5286      550.4578   270      390.0000      636.8224   580208   63.29%
   6528  5375      474.3207    95      390.0000      636.8224   585985   63.29%
   6571  5411      579.2669   250      390.0000      636.5922   591232   63.23%
   6829  5649      507.8916   216      390.0000      636.2878   615653   63.15%
Elapsed time = 77.46 sec. (108247.83 ticks, tree = 91.90 MB, solutions = 14)
   7153  5950      624.2759   346      390.0000      636.2538   641388   63.14%
   7425  6203      462.6010   154      390.0000      636.2033   669771   63.13%
   7671  6414      616.0030   326      390.0000      635.9560   696043   63.07%
   7922  6640      621.9386   349      390.0000      635.9037   723603   63.05%
   8184  6889      490.5809   166      390.0000      635.3525   748365   62.91%
   8510  7194      575.3290   296      390.0000      635.0496   776600   62.83%
   8889  7544      605.2862   347      390.0000      634.8791   803484   62.79%
   9299  7920      498.4602   159      390.0000      634.8344   829324   62.78%
   9477  8088      516.8830   165      390.0000      634.8188   853817   62.77%
*  9514+ 7977                          410.0000      634.8188            54.83%
*  9514+ 7921                          415.0000      634.8188            52.97%
*  9514+ 7865                          420.0000      634.8188            51.15%
   9721  8043      573.1970   275      420.0000      634.7080   878462   51.12%
Elapsed time = 104.56 sec. (146613.27 ticks, tree = 125.07 MB, solutions = 17)
  10046  8344      608.0369   327      420.0000      634.5632   904101   51.09%
  10310  8574      606.0542   349      420.0000      634.4074   930969   51.05%
  10650  8895      498.1101   143      420.0000      634.2662   956730   51.02%
* 10794+ 8975                          425.0000      634.0359            49.18%
* 10794+ 8926                          430.0000      634.0359            47.45%
* 10794+ 8845                          435.0000      634.0359            45.76%
* 10794+ 8744                          440.0000      634.0359            44.10%
* 10794+ 8619                          445.0000      634.0359            42.48%
  10794  8621      630.8229   364      445.0000      634.0359   973285   42.48%
* 10795+ 8306                          460.0000      634.0359            37.83%
* 10795+ 8159                          465.0000      634.0359            36.35%
* 10795+ 7650                          480.0000      634.0359            32.09%
  10795  7652      629.8686   356      480.0000      634.0141   973871   32.09%
  10796  7653      622.8212   347      480.0000      633.9801   975023   32.08%
Starting limited solution polishing.
  10969  7816      619.9652   371      480.0000      633.9169  1002747   32.07%
  11198  8027      552.2142   236      480.0000      633.8166  1027980   32.05%
  11400  8213      515.0095   205      480.0000      633.7451  1053348   32.03%
Advanced basis not built.

GUB cover cuts applied:  75
Clique cuts applied:  168
Cover cuts applied:  51
Implied bound cuts applied:  141
Flow cuts applied:  32
Mixed integer rounding cuts applied:  308
Zero-half cuts applied:  95
Lift and project cuts applied:  42
Gomory fractional cuts applied:  8

Root node processing (before b&c):
  Real time             =    2.45 sec. (3086.40 ticks)
Sequential b&c:
  Real time             =  147.56 sec. (199855.82 ticks)
                          ------------
Total (root+branch&cut) =  150.00 sec. (202942.22 ticks)

Solution pool: 26 solutions saved.

MIP - Time limit exceeded, integer feasible:  Objective =  4.8000000000e+02
Current MIP best bound =  6.3353998725e+02 (gap = 153.54, 31.99%)
Solution time =  150.00 sec.  Iterations = 1078173  Nodes = 11614 (8412)
Deterministic time = 202942.23 ticks  (1352.92 ticks/sec)


Incumbent solution
Variable Name           Solution Value
F                           480.000000
y64                           1.000000
y254                          1.000000
y79                           1.000000
y206                          1.000000
y134                          1.000000
y7                            1.000000
y230                          1.000000
y207                          1.000000
y129                          1.000000
y205                          1.000000
y22                           1.000000
y196                          1.000000
y112                          1.000000
y150                          1.000000
y2                            1.000000
y28                           1.000000
y224                          1.000000
y9                            1.000000
y168                          1.000000
y213                          1.000000
y176                          1.000000
y80                           1.000000
y217                          1.000000
y221                          1.000000
y138                          1.000000
y61                           1.000000
y144                          1.000000
y231                          1.000000
y139                          1.000000
y216                          1.000000
x251x79x1                     1.000000
x251x230x1                    1.000000
x90x129x1                     1.000000
x131x205x1                    1.000000
x131x28x1                     1.000000
x268x112x1                    2.000000
x188x79x1                     1.000000
x167x205x1                    1.000000
x111x221x2                    2.000000
x259x254x2                    1.000000
x259x134x2                    1.000000
x126x224x2                    2.000000
x148x64x2                     1.000000
x60x206x2                     2.000000
x16x134x3                     1.000000
x58x7x3                       1.000000
x100x7x3                      1.000000
x100x230x3                    1.000000
x215x64x3                     1.000000
x215x254x3                    1.000000
x90x129x3                     1.000000
x37x168x3                     1.000000
x37x138x3                     1.000000
x64x22x2                      1.000000
x64x22x3                      1.000000
x254x196x2                    1.000000
x254x196x3                    1.000000
x79x207x1                     2.000000
x206x213x2                    2.000000
x134x168x2                    1.000000
x134x28x3                     1.000000
x7x2x3                        2.000000
x230x150x1                    1.000000
x230x150x3                    1.000000
x207x176x1                    2.000000
x129x61x1                     1.000000
x129x217x3                    1.000000
x205x9x1                      2.000000
x22x0x2                       1.000000
x22x139x3                     1.000000
x196x139x2                    1.000000
x196x217x3                    1.000000
x112x80x1                     2.000000
x150x216x1                    1.000000
x150x138x3                    1.000000
x2x0x3                        2.000000
x28x231x1                     1.000000
x28x0x3                       1.000000
x224x61x2                     1.000000
x224x231x2                    1.000000
x9x0x1                        2.000000
x168x0x2                      1.000000
x168x0x3                      1.000000
x213x0x2                      1.000000
x213x216x2                    1.000000
x176x0x1                      2.000000
x80x0x1                       2.000000
x217x0x3                      2.000000
x221x144x2                    2.000000
x138x0x3                      2.000000
x61x0x1                       1.000000
x61x0x2                       1.000000
x144x0x2                      2.000000
x231x0x1                      1.000000
x231x0x2                      1.000000
x139x0x2                      1.000000
x139x0x3                      1.000000
x216x0x1                      1.000000
x216x0x2                      1.000000
s16                           5.170000
s64                           6.599691
s254                          6.635968
s134                          6.799118
z16z134z3                     1.000000
s7                            6.664655
z16z7z3                       1.000000
s230                          6.690000
s263                          6.800000
z16z263z3                     1.000000
s129                          7.628844
s172                          7.120000
z16z172z3                     1.000000
s22                           7.877936
s196                          7.931114
s5                            7.190000
s143                          7.200000
s120                          7.220000
s133                          7.220000
z16z133z3                     1.000000
s39                           8.250000
z16z39z3                      1.000000
s150                          7.883793
s2                            8.069158
z16z2z3                       1.000000
s28                           8.099931
s233                          8.390000
s8                            7.540000
z16z8z3                       1.000000
s74                           8.570000
s72                           8.620000
z16z72z3                      1.000000
s168                          8.690000
s197                          7.770000
z16z197z3                     1.000000
s115                          7.780000
s171                          8.800000
s41                           8.950000
z16z41z3                      1.000000
s175                          8.785945
z16z175z3                     1.000000
s130                          9.070000
z16z130z3                     1.000000
s217                          9.110000
z16z217z3                     1.000000
s138                          9.200000
z16z138z3                     1.000000
s139                          9.490000
s58                           5.500000
z58z7z3                       1.000000
z58z172z3                     1.000000
z58z133z3                     1.000000
z58z39z3                      1.000000
z58z2z3                       1.000000
z58z8z3                       1.000000
z58z72z3                      1.000000
z58z197z3                     1.000000
z58z41z3                      1.000000
z58z175z3                     1.000000
z58z130z3                     1.000000
z58z217z3                     1.000000
z58z138z3                     1.000000
s100                          5.080000
z100z7z3                      1.000000
z100z230z3                    1.000000
z100z263z3                    1.000000
z100z172z3                    1.000000
z100z133z3                    1.000000
z100z39z3                     1.000000
z100z2z3                      1.000000
z100z8z3                      1.000000
z100z72z3                     1.000000
z100z197z3                    1.000000
z100z41z3                     1.000000
z100z175z3                    1.000000
z100z130z3                    1.000000
z100z217z3                    1.000000
z100z138z3                    1.000000
s111                          6.717096
s17                           7.300000
s15                           7.510000
s224                          8.032111
s246                          8.690000
s213                          8.289445
s54                           9.030000
s221                          8.252729
z111z221z2                    1.000000
s61                           9.210000
s75                           8.357312
s179                          9.270000
s144                          9.400000
z111z144z2                    1.000000
s231                          9.420000
s216                          9.490000
s215                          5.020000
z215z64z3                     1.000000
z215z254z3                    1.000000
z215z7z3                      1.000000
z215z263z3                    1.000000
z215z172z3                    1.000000
z215z133z3                    1.000000
z215z39z3                     1.000000
z215z2z3                      1.000000
z215z8z3                      1.000000
z215z72z3                     1.000000
z215z197z3                    1.000000
z215z41z3                     1.000000
z215z175z3                    1.000000
z215z130z3                    1.000000
z215z217z3                    1.000000
z215z138z3                    1.000000
s259                          5.220000
s156                          5.900000
s89                           6.730185
z259z254z2                    1.000000
s206                          6.786510
s84                           6.823750
z259z84z2                     1.000000
s114                          7.550000
z259z134z2                    1.000000
s77                           6.580000
s187                          6.730000
z259z224z2                    1.000000
z259z246z2                    1.000000
z259z213z2                    1.000000
z259z221z2                    1.000000
z259z179z2                    1.000000
z259z144z2                    1.000000
s251                          5.240000
s79                           6.454683
z251z79z1                     1.000000
s272                          6.130000
s226                          7.003607
z251z230z1                    1.000000
s207                          7.606707
z251z207z1                    1.000000
s10                           7.080000
z251z10z1                     1.000000
s66                           8.100000
z251z66z1                     1.000000
s205                          7.100000
z251z205z1                    1.000000
s228                          8.170000
z251z228z1                    1.000000
s112                          7.310000
z251z112z1                    1.000000
s247                          8.264655
z251z247z1                    1.000000
s222                          7.611569
z251z222z1                    1.000000
s257                          8.440000
z251z257z1                    1.000000
s218                          7.925609
z251z218z1                    1.000000
s9                            8.660000
z251z9z1                      1.000000
s128                          7.854832
z251z128z1                    1.000000
s176                          8.756522
z251z176z1                    1.000000
s80                           9.050000
z251z80z1                     1.000000
s189                          9.110000
z251z189z1                    1.000000
s126                          6.380867
z126z224z2                    1.000000
z126z246z2                    1.000000
z126z221z2                    1.000000
z126z179z2                    1.000000
z126z144z2                    1.000000
s148                          5.510000
z148z64z2                     1.000000
z148z224z2                    1.000000
z148z246z2                    1.000000
z148z213z2                    1.000000
z148z221z2                    1.000000
z148z179z2                    1.000000
z148z144z2                    1.000000
s90                           6.370979
z90z129z1                     1.000000
z90z129z3                     1.000000
z90z176z1                     1.000000
z90z130z3                     1.000000
z90z189z1                     1.000000
z90z217z3                     1.000000
z90z138z3                     1.000000
s131                          5.590000
z131z207z1                    1.000000
z131z10z1                     1.000000
z131z66z1                     1.000000
z131z205z1                    1.000000
z131z228z1                    1.000000
z131z112z1                    1.000000
z131z247z1                    1.000000
z131z28z1                     1.000000
z131z222z1                    1.000000
z131z257z1                    1.000000
z131z218z1                    1.000000
z131z9z1                      1.000000
z131z128z1                    1.000000
z131z176z1                    1.000000
z131z80z1                     1.000000
z131z189z1                    1.000000
s60                           5.610000
z60z206z2                     1.000000
z60z224z2                     1.000000
z60z246z2                     1.000000
z60z213z2                     1.000000
z60z221z2                     1.000000
z60z179z2                     1.000000
z60z144z2                     1.000000
s37                           6.683908
z37z2z3                       1.000000
z37z168z3                     1.000000
z37z175z3                     1.000000
z37z130z3                     1.000000
z37z217z3                     1.000000
z37z138z3                     1.000000
s268                          5.780000
z268z66z1                     1.000000
z268z205z1                    1.000000
z268z228z1                    1.000000
z268z112z1                    1.000000
z268z247z1                    1.000000
z268z222z1                    1.000000
z268z257z1                    1.000000
z268z218z1                    1.000000
z268z9z1                      1.000000
z268z128z1                    1.000000
z268z176z1                    1.000000
z268z80z1                     1.000000
z268z189z1                    1.000000
s188                          4.703880
z188z79z1                     1.000000
z188z226z1                    1.000000
z188z207z1                    1.000000
z188z10z1                     1.000000
z188z66z1                     1.000000
z188z205z1                    1.000000
z188z228z1                    1.000000
z188z112z1                    1.000000
z188z247z1                    1.000000
z188z222z1                    1.000000
z188z257z1                    1.000000
z188z218z1                    1.000000
z188z9z1                      1.000000
z188z128z1                    1.000000
z188z176z1                    1.000000
z188z80z1                     1.000000
z188z189z1                    1.000000
s167                          4.824060
z167z207z1                    1.000000
z167z10z1                     1.000000
z167z66z1                     1.000000
z167z205z1                    1.000000
z167z228z1                    1.000000
z167z112z1                    1.000000
z167z247z1                    1.000000
z167z222z1                    1.000000
z167z257z1                    1.000000
z167z218z1                    1.000000
z167z9z1                      1.000000
z167z128z1                    1.000000
z167z176z1                    1.000000
z167z80z1                     1.000000
z167z189z1                    1.000000
z156z189z1                    1.000000
z156z144z2                    1.000000
z64z22z2                      1.000000
z64z22z3                      1.000000
z64z138z3                     1.000000
z64z144z2                     1.000000
z89z221z2                     1.000000
z89z144z2                     1.000000
z254z196z2                    1.000000
z254z196z3                    1.000000
z254z138z3                    1.000000
z254z144z2                    1.000000
z79z207z1                     1.000000
z79z176z1                     1.000000
z79z80z1                      1.000000
z79z189z1                     1.000000
z272z207z1                    1.000000
z272z80z1                     1.000000
z272z189z1                    1.000000
z206z246z2                    1.000000
z206z213z2                    1.000000
z206z221z2                    1.000000
z206z144z2                    1.000000
z226z189z1                    1.000000
z84z144z2                     1.000000
z114z189z1                    1.000000
z114z144z2                    1.000000
z134z28z3                     1.000000
z134z168z2                    1.000000
z134z138z3                    1.000000
z134z144z2                    1.000000
z77z144z2                     1.000000
z7z2z3                        1.000000
z230z150z1                    1.000000
z230z150z3                    1.000000
z230z189z1                    1.000000
z230z138z3                    1.000000
z187z144z2                    1.000000
z263z39z3                     1.000000
z263z2z3                      1.000000
z207z176z1                    1.000000
z129z217z3                    1.000000
z129z61z1                     1.000000
z10z189z1                     1.000000
z205z247z1                    1.000000
z205z9z1                      1.000000
z205z176z1                    1.000000
z205z189z1                    1.000000
z22z139z3                     1.000000
z196z217z3                    1.000000
z196z144z2                    1.000000
z196z139z2                    1.000000
z120z144z2                    1.000000
z112z176z1                    1.000000
z112z80z1                     1.000000
z150z138z3                    1.000000
z150z216z1                    1.000000
z28z231z1                     1.000000
z222z80z1                     1.000000
z224z61z2                     1.000000
z224z231z2                    1.000000
z8z175z3                      1.000000
z218z189z1                    1.000000
z128z80z1                     1.000000
z128z189z1                    1.000000
z213z216z2                    1.000000
z221z144z2                    1.000000
All other variables in the range 1-3701 are 0.
