
Log started (V12.10.0.0) Fri Apr  2 17:38:36 2021


Problem 'asset.lp' read.
Read time = 0.01 sec. (0.29 ticks)
New value for default parallel thread count: 1
New value for time limit in seconds: 300
Version identifier: 12.10.0.0 | 2019-11-26 | 843d4de
CPXPARAM_Threads                                 1
CPXPARAM_TimeLimit                               300
Found incumbent of value -0.550087 after 0.00 sec. (0.12 ticks)
Tried aggregator 11 times.
MIP Presolve eliminated 1194 rows and 129 columns.
MIP Presolve modified 2931 coefficients.
Aggregator did 860 substitutions.
Reduced MIP has 961 rows, 1044 columns, and 4739 nonzeros.
Reduced MIP has 895 binaries, 105 generals, 0 SOSs, and 0 indicators.
Presolve time = 0.03 sec. (24.37 ticks)
Probing fixed 21 vars, tightened 5 bounds.
Probing time = 0.01 sec. (4.58 ticks)
Tried aggregator 3 times.
Detecting symmetries...
MIP Presolve eliminated 48 rows and 44 columns.
MIP Presolve modified 609 coefficients.
Aggregator did 11 substitutions.
Reduced MIP has 902 rows, 989 columns, and 4318 nonzeros.
Reduced MIP has 856 binaries, 97 generals, 0 SOSs, and 0 indicators.
Presolve time = 0.01 sec. (9.51 ticks)
Probing time = 0.00 sec. (2.47 ticks)
Clique table members: 2786.
MIP emphasis: balance optimality and feasibility.
MIP search method: dynamic search.
Parallel mode: none, using 1 thread.
Root relaxation solution time = 0.02 sec. (19.58 ticks)

        Nodes                                         Cuts/
   Node  Left     Objective  IInf  Best Integer    Best Bound    ItCnt     Gap

*     0+    0                           -0.5501     1224.2081              --- 
      0     0     1179.5137   284       -0.5501     1179.5137      848     --- 
      0     0     1136.9644   284       -0.5501     Cuts: 325     1432     --- 
      0     0     1119.9350   284       -0.5501     Cuts: 325     1911     --- 
      0     0     1105.5066   284       -0.5501     Cuts: 325     2151     --- 
      0     0     1095.6821   284       -0.5501     Cuts: 176     2328     --- 
      0     0     1088.2646   284       -0.5501     Cuts: 194     2488     --- 
*     0+    0                          389.1910     1088.2646           179.62%
      0     0        cutoff            389.1910     1088.2646     2488  179.62%
Detecting symmetries...
      0     0     1086.6358   284      389.1910      Cuts: 98     2601  179.20%
      0     0     1085.6546   284      389.1910      Cuts: 98     2748  178.95%
      0     0     1084.5329   284      389.1910      Cuts: 71     2876  178.66%
      0     0     1084.0702   284      389.1910     Cuts: 121     2991  178.54%
      0     0     1082.7430   284      389.1910      Cuts: 74     3115  178.20%
      0     0     1081.1154   284      389.1910     Cuts: 161     3252  177.79%
      0     0     1080.3261   284      389.1910     Cuts: 120     3370  177.58%
      0     0     1078.8169   284      389.1910      Cuts: 72     3471  177.19%
      0     0     1078.1657   284      389.1910     Cuts: 160     3570  177.03%
      0     0     1077.9594   284      389.1910      Cuts: 83     3624  176.97%
      0     0     1077.8508   284      389.1910      Cuts: 22     3671  176.95%
      0     0     1077.7307   284      389.1910      Cuts: 46     3712  176.92%
*     0+    0                          407.2146     1077.7307           164.66%
*     0+    0                          482.2138     1077.7307           123.50%
*     0+    0                          492.5908     1077.7307           118.79%
*     0+    0                          609.3073     1077.7307            76.88%
*     0+    0                          642.5094     1077.7307            67.74%
*     0+    0                          642.5097     1077.7307            67.74%
*     0+    0                          663.6843     1077.7307            62.39%
*     0+    0                          663.6843     1077.7307            62.39%
Detecting symmetries...
      0     2     1077.7307   219      663.6843     1077.7134     3712   62.38%
Elapsed time = 0.58 sec. (627.54 ticks, tree = 0.01 MB, solutions = 9)
     29    31     1056.1194   154      663.6843     1077.0531     7065   62.28%
     62    64      977.5835   139      663.6843     1077.0531    10487   62.28%
*   150+  144                          682.5523     1077.0531            57.80%
*   170+  156                          685.6987     1077.0531            57.07%
*   173   156      integral     0      685.6987     1077.0531    14618   57.07%
    179   162      989.4256   164      685.6987     1076.9750    15863   57.06%
    239   222      903.2267   132      685.6987     1076.9750    20894   57.06%
*   240+  214                          732.2892     1076.9750            47.07%
    324   286     1062.8783   211      732.2892     1076.6041    23884   47.02%
    414   376     1018.1355   163      732.2892     1075.7757    28621   46.91%
*   500+  426                          782.8324     1075.7757            37.42%
    540   468      789.0705    36      782.8324     1075.7757    32988   37.42%
*   600+  482                          802.3107     1075.7737            34.08%
*   600+  482                          802.3153     1075.7737            34.08%
    600   484     1014.2669   152      802.3153     1075.7737    36337   34.08%
    681   561      957.6923   154      802.3153     1075.5826    41797   34.06%

Performing restart 1

Repeating presolve.
Tried aggregator 2 times.
MIP Presolve modified 927 coefficients.
Aggregator did 3 substitutions.
Reduced MIP has 899 rows, 986 columns, and 3667 nonzeros.
Reduced MIP has 853 binaries, 97 generals, 0 SOSs, and 0 indicators.
Presolve time = 0.00 sec. (4.55 ticks)
Tried aggregator 1 time.
Reduced MIP has 899 rows, 986 columns, and 3667 nonzeros.
Reduced MIP has 853 binaries, 97 generals, 0 SOSs, and 0 indicators.
Presolve time = 0.00 sec. (2.85 ticks)
Represolve time = 0.03 sec. (20.33 ticks)
    710     0     1040.8683   216      802.3153     Cuts: 230    45261   29.73%
    710     0     1030.0832   216      802.3153     Cuts: 215    45425   28.39%
    710     0     1021.9972   216      802.3153     Cuts: 202    45627   27.38%
    710     0     1018.9534   216      802.3153     Cuts: 200    45911   27.00%
*   710+    0                          802.3155     1018.9534            27.00%
    710     0     1017.4005   216      802.3155     Cuts: 169    46056   26.81%
    710     0     1014.7635   216      802.3155     Cuts: 118    46206   26.48%
    710     0     1013.1432   216      802.3155     Cuts: 141    46361   26.28%
    710     0     1011.6831   216      802.3155     Cuts: 155    46479   26.10%
    710     0     1010.2421   216      802.3155      Cuts: 85    46581   25.92%
    710     0     1010.0674   216      802.3155      Cuts: 73    46644   25.89%
    710     0     1009.4281   216      802.3155      Cuts: 77    46830   25.81%
*   710+    0                          814.3851     1009.4281            23.95%
*   710+    0                          828.0589     1009.4281            21.90%
*   710+    0                          831.8833     1009.4281            21.34%
*   710+    0                          831.8837     1009.4281            21.34%
    710     0        cutoff            831.8837     1009.4281    46830   21.34%
    710     0     1008.9698   216      831.8837      Cuts: 51    46888   21.29%
    710     0     1008.7278   216      831.8837      Cuts: 66    46956   21.26%
    710     0     1008.2995   216      831.8837      Cuts: 50    47067   21.21%
    710     0     1008.0978   216      831.8837      Cuts: 60    47129   21.18%
    710     0     1007.8946   216      831.8837      Cuts: 49    47178   21.16%
    710     0     1007.5630   216      831.8837      Cuts: 41    47255   21.12%
    710     0     1007.2072   216      831.8837      Cuts: 51    47361   21.08%
    710     0     1007.0997   216      831.8837      Cuts: 50    47401   21.06%
    710     0     1006.9390   216      831.8837      Cuts: 36    47450   21.04%
    710     0     1006.5660   216      831.8837      Cuts: 26    47527   21.00%
    710     0     1006.3861   216      831.8837      Cuts: 52    47633   20.98%
    710     0     1006.2835   216      831.8837      Cuts: 68    47677   20.96%
    710     0     1005.8623   216      831.8837      Cuts: 44    47737   20.91%
    710     0     1005.2081   216      831.8837      Cuts: 61    47789   20.84%
    710     0     1004.0543   216      831.8837      Cuts: 57    47905   20.70%
    710     0     1003.8507   216      831.8837      Cuts: 50    47950   20.67%
    710     0     1003.2777   216      831.8837      Cuts: 47    48055   20.60%
    710     0     1002.7611   216      831.8837      Cuts: 53    48130   20.54%
    710     0     1002.4940   216      831.8837      Cuts: 57    48218   20.51%
    710     0     1002.1909   216      831.8837      Cuts: 63    48337   20.47%
    710     0     1001.9253   216      831.8837      Cuts: 69    48443   20.44%
    710     0     1001.8370   216      831.8837     Cuts: 101    48511   20.43%
    710     0     1001.7053   216      831.8837      Cuts: 76    48610   20.41%
    710     0     1001.4729   216      831.8837      Cuts: 72    48720   20.39%
*   710+    0                          832.3654     1001.4729            20.32%
*   710+    0                          832.3655     1001.4729            20.32%
    710     2     1001.4729   234      832.3655     1001.4700    48720   20.32%
Elapsed time = 6.10 sec. (6472.05 ticks, tree = 0.01 MB, solutions = 23)
    721    13      991.9155   186      832.3655      995.6131    51048   19.61%
    792    83      881.9961    66      832.3655      995.6131    55474   19.61%
    978   251      863.0049    82      832.3655      994.0684    63033   19.43%
   1093   350      978.6397   189      832.3655      988.4836    71170   18.76%
   1268   506      972.4273   159      832.3655      984.5954    81083   18.29%
   1493   716      949.5107   144      832.3655      983.0774    92098   18.11%
   1639   853      927.6014   131      832.3655      981.9098   102939   17.97%
   1868  1056      950.8866   168      832.3655      980.8133   115640   17.83%
   2055  1232      964.9991   176      832.3655      978.6239   128009   17.57%
   2275  1436      958.5409   159      832.3655      976.2707   140945   17.29%
Elapsed time = 13.47 sec. (16128.40 ticks, tree = 4.54 MB, solutions = 23)
   2498  1640      871.4883   111      832.3655      975.5930   154930   17.21%
   2777  1881      933.6314   132      832.3655      974.5524   170343   17.08%
   2965  2053      915.2136   130      832.3655      973.6137   183108   16.97%
   3157  2217      932.2978   134      832.3655      972.6000   195827   16.85%
   3373  2414      921.8595   140      832.3655      971.4611   209695   16.71%
   3555  2576      899.3478    87      832.3655      971.1745   222559   16.68%
*  3580+ 2570                          835.9529      971.1745            16.18%
*  3680+ 2638                          837.6008      970.8524            15.91%
*  3680+ 2638                          837.6009      970.8524            15.91%
*  3680+ 2638                          837.6009      970.8524            15.91%
*  3710+ 2644                          839.4388      970.2166            15.58%
*  3710+ 2644                          839.4397      970.2166            15.58%
*  3710+ 2644                          839.4399      970.2166            15.58%
*  3710+ 2644                          839.4400      970.2166            15.58%
*  3710+ 2644                          839.4431      970.2166            15.58%
*  3710+ 2644                          839.4434      970.2166            15.58%
   3745  2671      949.6310   200      839.4434      970.0269   233595   15.56%
   3888  2792      913.2225   101      839.4434      969.1227   245031   15.45%
   4053  2939      889.1615   113      839.4434      967.7578   257877   15.29%
   4247  3104        cutoff            839.4434      966.9194   271394   15.19%
Elapsed time = 20.95 sec. (25724.98 ticks, tree = 5.69 MB, solutions = 33)
   4396  3234      937.2093   142      839.4434      966.2328   283388   15.10%
   4583  3401      914.9145   141      839.4434      965.8491   295870   15.06%
*  4630+ 3380                          842.8041      965.4280            14.55%
*  4710+ 3145                          852.8415      965.0564            13.16%
   4780  3206      944.6435   142      852.8415      964.5784   308141   13.10%
*  4810+ 3229                          852.8466      964.5351            13.10%
   4942  3336        cutoff            852.8466      963.7813   320466   13.01%
   5086  3456      911.3814   130      852.8466      962.6717   333211   12.88%
   5300  3642      949.2187   199      852.8466      962.0898   344473   12.81%
   5480  3798      892.8767   147      852.8466      961.6720   356472   12.76%
   5652  3939      948.9325   139      852.8466      960.9765   369936   12.68%
*  5710+ 3987                          852.8483      960.8859            12.67%
*  5810+ 4075                          852.8493      960.5566            12.63%
   5859  4116      917.5451   125      852.8493      960.4369   384789   12.62%
   6041  4271      951.7568   197      852.8493      959.7540   398356   12.54%
Elapsed time = 28.54 sec. (35371.22 ticks, tree = 8.20 MB, solutions = 38)
   6203  4411      911.7706   133      852.8493      958.7748   410779   12.42%
   6369  4553      903.1195   128      852.8493      958.5277   423081   12.39%
   6555  4701      930.3536   150      852.8493      958.0688   436462   12.34%
*  6710+ 4828                          852.8516      957.0632            12.22%
   6720  4840      878.2017   135      852.8516      957.0632   449535   12.22%
*  6810+ 4912                          852.8524      956.8156            12.19%
   6916  5004      882.3406    79      852.8524      956.2693   463248   12.13%
   7123  5180      935.5619   174      852.8524      954.8295   478569   11.96%
   7301  5333      925.7531   166      852.8524      954.5006   492837   11.92%
   7500  5495      932.8927   120      852.8524      953.6493   506909   11.82%
   7704  5661      901.6248    92      852.8524      952.9823   522950   11.74%
*  7710+ 5665                          852.8527      952.9823            11.74%
   7929  5853      929.2464   141      852.8527      952.6340   538478   11.70%
Elapsed time = 35.98 sec. (44983.18 ticks, tree = 9.29 MB, solutions = 41)
   8119  6008      932.4536   167      852.8527      952.2160   553891   11.65%
   8333  6183      920.6082   154      852.8527      951.4643   569966   11.56%
   8542  6369      947.4906   174      852.8527      951.1710   583078   11.53%
   8737  6537      876.8002    93      852.8527      950.9511   597129   11.50%
   8992  6754      896.4046    87      852.8527      950.6777   611174   11.47%
   9203  6929      923.1672   151      852.8527      950.0257   623920   11.39%
   9399  7099      876.7532    96      852.8527      949.5046   636993   11.33%
   9574  7245      890.4337   116      852.8527      949.2146   650745   11.30%
   9744  7390      922.0658   145      852.8527      948.7211   663762   11.24%
   9965  7574      934.2249   147      852.8527      948.4657   679504   11.21%
Elapsed time = 43.28 sec. (54612.16 ticks, tree = 10.42 MB, solutions = 41)
  10178  7756      866.8950    79      852.8527      948.3487   694788   11.20%
  10440  7977      858.5470    94      852.8527      948.2309   709624   11.18%
  10681  8175      896.7317   108      852.8527      947.9594   725334   11.15%
  10926  8372      891.7290   129      852.8527      947.3150   741597   11.08%
  11133  8545      877.4521   125      852.8527      947.2100   757830   11.06%
* 11210+ 8608                          852.8528      947.0928            11.05%
* 11210+ 8608                          852.8530      947.0928            11.05%
  11210  8610      890.9180   114      852.8530      947.0928   763455   11.05%
* 11211+ 8609                          852.8539      947.0928            11.05%
* 11211+ 8609                          852.8540      947.0928            11.05%
  11211  8611      938.9909   129      852.8540      947.0833   763699   11.05%
  11212  8612      919.3867   152      852.8540      947.0752   763999   11.05%
* 11311+ 8702                          852.8541      946.8567            11.02%
  11457  8828      925.7197   201      852.8541      946.7531   780337   11.01%
  11686  9024      919.1087   112      852.8541      946.5330   795922   10.98%
Elapsed time = 62.21 sec. (74586.42 ticks, tree = 11.75 MB, solutions = 46)
  11916  9223      909.9346   115      852.8541      946.3145   810128   10.96%
  12159  9428      929.6560   152      852.8541      945.8961   824169   10.91%
  12353  9589      860.4091   107      852.8541      945.8150   837546   10.90%
  12558  9759      916.7784   162      852.8541      945.5059   852020   10.86%
* 12710+ 9881                          852.8541      945.3310            10.84%
  12713  9886      866.0863    93      852.8541      945.3310   865100   10.84%
  12895 10031      897.8779   110      852.8541      945.1567   878910   10.82%
  13133 10231      862.6694   107      852.8541      944.6730   893152   10.77%
  13360 10397      906.5449   146      852.8541      944.4355   907269   10.74%
  13637 10630      915.2806   119      852.8541      944.1477   921725   10.70%
  13830 10789      879.5286    98      852.8541      943.9881   935700   10.69%
Elapsed time = 69.78 sec. (84178.07 ticks, tree = 13.03 MB, solutions = 47)
  14096 11005      907.8634   141      852.8541      943.7053   951472   10.65%
  14316 11180      887.9679   125      852.8541      943.5122   967976   10.63%
  14580 11398      868.3910    84      852.8541      943.3364   983910   10.61%
  14823 11590      924.2982   176      852.8541      943.1036  1000908   10.58%
  15089 11819      872.7225    91      852.8541      942.9387  1017381   10.56%
  15347 12028      854.6903   117      852.8541      942.6700  1032633   10.53%
  15600 12225      926.9113   132      852.8541      942.3030  1049546   10.49%
  15857 12451      878.8328   100      852.8541      942.1113  1065649   10.47%
  16059 12617      909.1140   160      852.8541      941.9884  1080013   10.45%
  16284 12800      909.6703   170      852.8541      941.7411  1094187   10.42%
Elapsed time = 77.38 sec. (93783.03 ticks, tree = 14.46 MB, solutions = 47)
  16501 12974      875.4996   113      852.8541      941.5548  1108798   10.40%
  16696 13130      881.2053    99      852.8541      941.4291  1123351   10.39%
  16918 13308      924.8876   146      852.8541      941.2376  1137660   10.36%
  17126 13484      884.6976   114      852.8541      940.9814  1152012   10.33%
  17359 13672      907.0287   152      852.8541      940.8120  1166466   10.31%
  17591 13845      861.0994    86      852.8541      940.5674  1182254   10.28%
  17883 14097      930.8493   163      852.8541      940.4185  1195457   10.27%
  18111 14266      926.8912   161      852.8541      940.0928  1211458   10.23%
  18318 14445      873.8293   157      852.8541      940.0046  1227097   10.22%
  19287 15246      906.4577   163      852.8541      939.1594  1292063   10.12%
Elapsed time = 87.28 sec. (106251.27 ticks, tree = 16.15 MB, solutions = 47)
* 19710+15602                          852.8541      938.8973            10.09%
  20347 16127      883.4382    93      852.8541      938.4145  1354636   10.03%
  21256 16875      868.2297    88      852.8541      938.0662  1413532    9.99%
  22074 17526      923.5296   142      852.8541      937.5256  1470806    9.93%
  22961 18220      892.8899   119      852.8541      937.1363  1531901    9.88%
  23906 18987      887.7195   111      852.8541      936.5767  1596676    9.82%
  24963 19837      888.0336   158      852.8541      936.0274  1661832    9.75%
  26020 20690      901.9744   112      852.8541      935.4930  1723858    9.69%
  26970 21478      912.5088   156      852.8541      935.1158  1781648    9.65%
  27831 22163      906.3573   138      852.8541      934.6784  1835687    9.59%
  28819 22979      863.6845   105      852.8541      934.1845  1896545    9.54%
Elapsed time = 116.60 sec. (144465.09 ticks, tree = 22.23 MB, solutions = 48)
  29817 23783      854.0652    81      852.8541      933.7987  1959862    9.49%
  30752 24545      920.7486   171      852.8541      933.3670  2022753    9.44%
  31690 25335      892.6254   123      852.8541      932.8543  2081973    9.38%
  32667 26151      879.4135   136      852.8541      932.5143  2137327    9.34%
  33604 26922      920.2134   142      852.8541      932.1577  2196174    9.30%
  34514 27629      904.7329   128      852.8541      931.7332  2256276    9.25%
  35515 28414      859.2874   116      852.8541      931.4009  2319339    9.21%
  36465 29167      890.9485   164      852.8541      931.0058  2383579    9.16%
  37452 29957      927.8555   166      852.8541      930.6211  2447851    9.12%
  38512 30809      854.0961    74      852.8541      930.2501  2511185    9.07%
Elapsed time = 145.87 sec. (182652.74 ticks, tree = 27.88 MB, solutions = 48)
  39570 31651      889.5182   143      852.8541      929.8644  2571500    9.03%
  40450 32339      886.6015    93      852.8541      929.5211  2631038    8.99%
  41420 33119      899.1901   110      852.8541      929.3095  2688042    8.96%
  42483 33986      883.4445   114      852.8541      928.9194  2749874    8.92%
  43494 34775      895.5690   139      852.8541      928.5869  2811856    8.88%

Performing restart 2

Repeating presolve.
Tried aggregator 1 time.
MIP Presolve eliminated 209 rows and 0 columns.
MIP Presolve modified 399 coefficients.
Reduced MIP has 690 rows, 986 columns, and 8181 nonzeros.
Reduced MIP has 853 binaries, 97 generals, 0 SOSs, and 0 indicators.
Presolve time = 0.01 sec. (5.18 ticks)
Tried aggregator 1 time.
Reduced MIP has 690 rows, 986 columns, and 8181 nonzeros.
Reduced MIP has 853 binaries, 97 generals, 0 SOSs, and 0 indicators.
Presolve time = 0.01 sec. (4.91 ticks)
Represolve time = 0.06 sec. (47.85 ticks)
  43554     0     1000.7044   256      852.8541      Cuts: 82  2818016    8.88%
  43554     0      998.5039   256      852.8541      Cuts: 43  2818485    8.88%
  43554     0      996.9594   256      852.8541     Cuts: 176  2818787    8.88%
  43554     0      995.2878   256      852.8541      Cuts: 92  2819078    8.88%
  43554     0      994.7584   256      852.8541     Cuts: 109  2819304    8.88%
  43554     0      993.9900   256      852.8541     Cuts: 105  2819479    8.88%
  43554     0      993.5613   256      852.8541      Cuts: 75  2819602    8.88%
  43554     0      993.3567   256      852.8541      Cuts: 79  2819749    8.88%
  43585    33      928.4633   108      852.8541      928.5801  2825294    8.88%
  43792   223      870.7724    97      852.8541      928.5801  2837303    8.88%
  44179   564      960.5055   167      852.8541      928.5801  2863837    8.88%
  44800  1093      914.3668   110      852.8541      928.5801  2904204    8.88%
  45579  1754      947.7958   169      852.8541      928.5801  2940312    8.88%
Elapsed time = 175.01 sec. (220896.93 ticks, tree = 9.19 MB, solutions = 48)
  46388  2448      924.1969   125      852.8541      928.5801  2984273    8.88%
  47231  3130      954.0878   135      852.8541      928.5801  3033757    8.88%
  48072  3834      852.8594    45      852.8541      928.5801  3081334    8.88%
  48817  4425      886.0768   103      852.8541      928.5801  3127518    8.88%
  49646  5101      940.8084   135      852.8541      928.5801  3172799    8.88%
  50430  5730      896.2858   115      852.8541      928.5801  3211595    8.88%
  51270  6402      890.6633   113      852.8541      928.5801  3256008    8.88%
  52092  7058      857.1321    91      852.8541      928.5801  3297323    8.88%
  52881  7678      868.2301   114      852.8541      928.5801  3341283    8.88%
  53645  8251      913.9397   152      852.8541      928.5801  3383079    8.88%
Elapsed time = 209.99 sec. (259100.17 ticks, tree = 46.85 MB, solutions = 48)
  54573  8980      912.4609   133      852.8541      928.5801  3428408    8.88%
  55410  9656      858.8385    80      852.8541      928.5801  3469385    8.88%
  56325 10364      903.7661   115      852.8541      928.5801  3515857    8.88%
  57119 10992      921.8577   149      852.8541      928.5801  3555227    8.88%
  57962 11659      921.0621   120      852.8541      928.5801  3599427    8.88%
  58807 12326      877.0145    80      852.8541      928.5801  3643216    8.88%
  59622 12937      914.3998   149      852.8541      928.5801  3684534    8.88%
  60562 13651      905.8102   118      852.8541      928.5801  3731020    8.88%
  61457 14351      874.1313    98      852.8541      928.5801  3771782    8.88%
  62352 15038      882.2246   100      852.8541      928.5801  3816639    8.88%
Elapsed time = 241.83 sec. (297317.48 ticks, tree = 87.63 MB, solutions = 48)
  63226 15707      899.7534   140      852.8541      928.5801  3862296    8.88%
  64083 16366      871.1010    74      852.8541      928.3728  3902701    8.85%
  65101 17148      914.3816   118      852.8541      927.7553  3947660    8.78%
  66082 17913      922.6654   156      852.8541      927.4105  3993168    8.74%
  66844 18487      886.8221   150      852.8541      926.6823  4032611    8.66%
  67757 19195      895.0212   142      852.8541      926.1914  4075366    8.60%
  68711 19942      894.0269   134      852.8541      925.6131  4121597    8.53%
  69558 20601      881.6198   132      852.8541      924.8787  4162284    8.45%
Starting limited solution polishing.
  70506 21322      875.6021   151      852.8541      924.4992  4202410    8.40%
  71251 21914      918.1650   125      852.8541      924.1242  4238115    8.36%
Elapsed time = 274.67 sec. (335578.63 ticks, tree = 132.56 MB, solutions = 48)
  71654 22233      869.3009    65      852.8541      923.9777  4257058    8.34%
  72154 22600      854.6599    77      852.8541      923.6445  4282627    8.30%
  72554 22909      866.5949    76      852.8541      923.4107  4301862    8.27%
  73054 23279      909.1467   135      852.8541      923.0067  4324910    8.23%
  73354 23506      862.7576   109      852.8541      922.8798  4338891    8.21%
  73754 23816      888.7995   113      852.8541      922.7204  4357155    8.19%
Advanced basis not built.

GUB cover cuts applied:  11
Clique cuts applied:  74
Cover cuts applied:  6
Implied bound cuts applied:  174
Flow cuts applied:  18
Mixed integer rounding cuts applied:  105
Zero-half cuts applied:  74
Lift and project cuts applied:  50
Gomory fractional cuts applied:  8

Root node processing (before b&c):
  Real time             =    0.58 sec. (625.31 ticks)
Sequential b&c:
  Real time             =  299.42 sec. (362493.30 ticks)
                          ------------
Total (root+branch&cut) =  300.00 sec. (363118.61 ticks)

Solution pool: 49 solutions saved.

MIP - Time limit exceeded, integer feasible:  Objective =  8.5285411994e+02
Current MIP best bound =  9.2250256278e+02 (gap = 69.6484, 8.17%)
Solution time =  300.00 sec.  Iterations = 4379106  Nodes = 74254 (24201)
Deterministic time = 363118.61 ticks  (1210.39 ticks/sec)


Incumbent solution
Variable Name           Solution Value
F                           900.000000
f1                            0.635880
f2                           46.510000
y197                          1.000000
y59                           1.000000
y97                           1.000000
y10                           1.000000
y218                          1.000000
y77                           1.000000
y243                          1.000000
y28                           1.000000
y246                          1.000000
y211                          1.000000
y134                          1.000000
y69                           1.000000
y215                          1.000000
y162                          1.000000
y238                          1.000000
y261                          1.000000
y226                          1.000000
y175                          1.000000
y186                          1.000000
y124                          1.000000
y40                           1.000000
y31                           1.000000
y283                          1.000000
y131                          1.000000
y207                          1.000000
y191                          1.000000
s106                          0.030000
s118                          0.050000
s197                          0.935093
s59                           0.925154
s58                           0.650000
s97                           0.899012
s200                          0.670000
s10                           0.909920
s218                          0.897528
s77                           0.907499
s243                          0.870300
s99                           0.790000
s232                          0.790000
s28                           0.900494
s246                          0.830000
s211                          0.852968
s133                          0.870000
s248                          0.870000
s84                           0.890000
s140                          0.900000
s75                           0.970000
s240                          1.000000
s172                          1.170000
s134                          1.310000
s69                           1.380000
s215                          2.100615
s162                          1.410000
s238                          2.074977
s242                          1.430000
s73                           1.440000
s221                          1.490000
s261                          1.935409
s226                          2.371464
s266                          1.580000
s150                          1.590000
s175                          2.149803
s102                          1.610000
s101                          1.620000
s286                          1.630000
s235                          1.650000
s186                          2.090401
s124                          2.167171
s40                           2.584483
s31                           2.172630
s283                          2.567142
s154                          1.760000
s95                           1.770000
s131                          2.093338
s207                          2.193026
s191                          2.437929
s262                          1.850000
s146                          1.890000
s253                          1.980000
x0x97x1                       2.000000
x0x10x1                       1.000000
x0x218x1                      2.000000
x0x28x1                       1.000000
x0x246x1                      2.000000
x0x211x1                      1.000000
x0x59x2                       1.000000
x0x77x2                       1.000000
x0x243x2                      2.000000
x0x28x2                       1.000000
x0x69x2                       2.000000
x0x162x2                      2.000000
x0x197x3                      2.000000
x0x59x3                       1.000000
x0x10x3                       1.000000
x0x77x3                       1.000000
x0x211x3                      1.000000
x0x134x3                      2.000000
x0x131x3                      1.000000
x197x0x3                      1.000000
x197x191x3                    1.000000
x59x31x2                      1.000000
x59x31x3                      1.000000
x97x207x1                     2.000000
x10x191x1                     1.000000
x10x124x3                     1.000000
x218x215x1                    2.000000
x77x175x2                     1.000000
x77x175x3                     1.000000
x243x186x2                    2.000000
x28x238x1                     1.000000
x28x124x2                     1.000000
x246x261x1                    2.000000
x211x131x1                    1.000000
x211x238x3                    1.000000
x134x226x3                    2.000000
x69x283x2                     2.000000
x215x0x1                      2.000000
x162x40x2                     2.000000
x238x0x1                      1.000000
x238x0x3                      1.000000
x261x0x1                      2.000000
x226x0x3                      2.000000
x175x0x2                      1.000000
x175x0x3                      1.000000
x186x0x2                      2.000000
x124x0x2                      1.000000
x124x0x3                      1.000000
x40x0x2                       2.000000
x31x0x2                       1.000000
x31x0x3                       1.000000
x283x0x2                      2.000000
x131x0x1                      1.000000
x131x0x3                      1.000000
x207x0x1                      2.000000
x191x0x1                      1.000000
x191x0x3                      1.000000
z0z197z3                      1.000000
z0z59z2                       1.000000
z0z59z3                       1.000000
z0z97z1                       1.000000
z0z10z1                       1.000000
z0z10z3                       1.000000
z0z218z1                      1.000000
z0z77z2                       1.000000
z0z77z3                       1.000000
z0z243z2                      1.000000
z0z28z1                       1.000000
z0z28z2                       1.000000
z0z246z1                      1.000000
z0z211z1                      1.000000
z0z211z3                      1.000000
z0z134z3                      1.000000
z0z69z2                       1.000000
z0z215z1                      1.000000
z0z162z2                      1.000000
z0z242z2                      1.000000
z0z73z2                       1.000000
z0z221z3                      1.000000
z0z261z1                      1.000000
z0z226z3                      1.000000
z0z266z2                      1.000000
z0z186z2                      1.000000
z0z40z2                       1.000000
z0z283z2                      1.000000
z0z95z1                       1.000000
z0z131z3                      1.000000
z0z207z1                      1.000000
z197z191z3                    1.000000
z59z31z2                      1.000000
z59z31z3                      1.000000
z97z207z1                     1.000000
z10z124z3                     1.000000
z10z191z1                     1.000000
z218z215z1                    1.000000
z218z207z1                    1.000000
z77z175z2                     1.000000
z77z175z3                     1.000000
z243z186z2                    1.000000
z243z40z2                     1.000000
z243z283z2                    1.000000
z28z238z1                     1.000000
z28z124z2                     1.000000
z246z261z1                    1.000000
z211z238z3                    1.000000
z211z131z1                    1.000000
z134z226z3                    1.000000
z69z283z2                     1.000000
z162z40z2                     1.000000
All other variables in the range 1-2033 are 0.
