
Log started (V12.10.0.0) Tue Apr 20 04:51:55 2021


Problem 'asset.lp' read.
Read time = 0.01 sec. (1.19 ticks)
New value for default parallel thread count: 1
New value for time limit in seconds: 150
Version identifier: 12.10.0.0 | 2019-11-26 | 843d4de
CPXPARAM_Threads                                 1
CPXPARAM_TimeLimit                               150
Found incumbent of value 0.000000 after 0.00 sec. (0.28 ticks)
Tried aggregator 3 times.
MIP Presolve eliminated 4784 rows and 420 columns.
MIP Presolve modified 7488 coefficients.
Aggregator did 3111 substitutions.
Reduced MIP has 3590 rows, 4167 columns, and 19799 nonzeros.
Reduced MIP has 3702 binaries, 380 generals, 0 SOSs, and 0 indicators.
Presolve time = 0.04 sec. (40.20 ticks)
Probing fixed 868 vars, tightened 29 bounds.
Probing time = 0.04 sec. (26.21 ticks)
Cover probing fixed 0 vars, tightened 75 bounds.
Tried aggregator 1 time.
MIP Presolve eliminated 943 rows and 936 columns.
MIP Presolve modified 654 coefficients.
Reduced MIP has 2647 rows, 3231 columns, and 13872 nonzeros.
Reduced MIP has 2795 binaries, 351 generals, 0 SOSs, and 0 indicators.
Presolve time = 0.01 sec. (11.53 ticks)
Probing time = 0.00 sec. (3.25 ticks)
Cover probing fixed 0 vars, tightened 3 bounds.
Tried aggregator 1 time.
Detecting symmetries...
MIP Presolve eliminated 5 rows and 5 columns.
MIP Presolve modified 1212 coefficients.
Reduced MIP has 2642 rows, 3226 columns, and 13860 nonzeros.
Reduced MIP has 2790 binaries, 351 generals, 0 SOSs, and 0 indicators.
Presolve time = 0.01 sec. (8.41 ticks)
Probing time = 0.00 sec. (3.22 ticks)
Clique table members: 10146.
MIP emphasis: balance optimality and feasibility.
MIP search method: dynamic search.
Parallel mode: none, using 1 thread.
Root relaxation solution time = 0.16 sec. (208.14 ticks)

        Nodes                                         Cuts/
   Node  Left     Objective  IInf  Best Integer    Best Bound    ItCnt     Gap

*     0+    0                            0.0000     1205.0000              --- 
      0     0      872.3198   371        0.0000      872.3198     2459     --- 
      0     0      850.1986   371        0.0000     Cuts: 760     3824     --- 
      0     0      841.9932   371        0.0000     Cuts: 760     4978     --- 
      0     0      840.4077   371        0.0000     Cuts: 760     5736     --- 
*     0+    0                           60.0000      840.4077              --- 
*     0+    0                          300.0000      840.4077           180.14%
*     0+    0                          305.0000      840.4077           175.54%
*     0+    0                          315.0000      840.4077           166.80%
*     0+    0                          320.0000      840.4077           162.63%
      0     0        cutoff            320.0000      840.4077     5736  162.63%
      0     0      838.1284   371      320.0000     Cuts: 710     6357  161.92%
      0     0      836.5495   371      320.0000     Cuts: 531     7293  161.42%
Detecting symmetries...
      0     0      835.2788   371      320.0000     Cuts: 618     8373  161.02%
*     0+    0                          340.0000      835.2788           145.67%
*     0+    0                          345.0000      835.2788           142.11%
      0     0        cutoff            345.0000      835.2788     8373  142.11%
      0     0      834.3839   371      345.0000     Cuts: 733     9161  141.85%
      0     0      833.7889   371      345.0000     Cuts: 722     9823  141.68%
      0     0      831.7323   371      345.0000     Cuts: 615    11370  141.08%
*     0+    0                          355.0000      831.7323           134.29%
*     0+    0                          365.0000      831.7323           127.87%
*     0+    0                          380.0000      831.7323           118.88%
      0     0        cutoff            380.0000      831.7323    11370  118.88%
      0     0      831.4027   371      380.0000     Cuts: 659    12904  118.79%
      0     0      831.2259   371      380.0000     Cuts: 760    13935  118.74%
      0     0      830.4633   371      380.0000     Cuts: 655    14892  118.54%
*     0+    0                          390.0000      830.4633           112.94%
      0     0        cutoff            390.0000      830.4633    14892  112.94%
      0     0      829.7595   371      390.0000     Cuts: 760    17175  112.76%
      0     0      828.9610   371      390.0000     Cuts: 760    17690  112.55%
      0     0      828.8423   371      390.0000     Cuts: 489    18715  112.52%
*     0+    0                          395.0000      828.8423           109.83%
      0     0        cutoff            395.0000      828.8423    18715  109.83%
      0     0      828.8112   371      395.0000     Cuts: 321    19422  109.83%
Detecting symmetries...
      0     2      828.8112   341      395.0000      828.7201    19422  109.80%
Elapsed time = 3.62 sec. (4693.15 ticks, tree = 0.01 MB, solutions = 12)
      5     7      828.1731   321      395.0000      828.6699    21458  109.79%
     14    16      809.9338   314      395.0000      828.6699    23532  109.79%
     20    22      809.9338   295      395.0000      828.6699    25473  109.79%
     30    32      818.2727   300      395.0000      828.6699    26153  109.79%
     46    48      823.3850   317      395.0000      828.6699    28320  109.79%
     54    56      824.3811   321      395.0000      828.6699    29824  109.79%
     60    62      825.0742   309      395.0000      828.6699    31310  109.79%
     67    69      823.4362   307      395.0000      828.6699    33624  109.79%
     71    73      822.9323   310      395.0000      828.6699    34987  109.79%
    103   105      788.0784   289      395.0000      828.6699    44340  109.79%
Elapsed time = 6.02 sec. (8107.67 ticks, tree = 0.72 MB, solutions = 12)
    211   181      688.8043   223      395.0000      828.6699    53366  109.79%
*   310+  245                          460.0000      828.6699            80.15%
    324   258      828.0840   326      460.0000      828.5909    59232   80.13%
    360   293      803.1089   287      460.0000      828.5909    64348   80.13%
    462   370      537.8560    70      460.0000      828.5909    70840   80.13%
*   510   401      integral     0      480.0000      828.5909    71300   72.62%
    535   424      796.8864   300      480.0000      828.1683    76840   72.54%
    593   482      729.7657   298      480.0000      828.1683    84243   72.54%
    605   494      806.1992   339      480.0000      828.1683    90392   72.54%
    660   549      759.0847   323      480.0000      828.1683    94985   72.54%
    746   635      625.2520   225      480.0000      828.1683   101453   72.54%
    825   710      774.7005   315      480.0000      828.1683   108265   72.54%
Elapsed time = 12.64 sec. (17925.71 ticks, tree = 15.10 MB, solutions = 14)
    968   815      806.4534   364      480.0000      828.1683   116110   72.54%

Performing restart 1

Repeating presolve.
Tried aggregator 1 time.
MIP Presolve modified 2458 coefficients.
Reduced MIP has 2642 rows, 3226 columns, and 11966 nonzeros.
Reduced MIP has 2790 binaries, 351 generals, 0 SOSs, and 0 indicators.
Presolve time = 0.01 sec. (10.41 ticks)
Tried aggregator 1 time.
Reduced MIP has 2642 rows, 3226 columns, and 11966 nonzeros.
Reduced MIP has 2790 binaries, 351 generals, 0 SOSs, and 0 indicators.
Presolve time = 0.01 sec. (8.05 ticks)
Represolve time = 0.09 sec. (62.87 ticks)
    974     0      795.9761   407      480.0000     Cuts: 488   124260   65.83%
    974     0      781.8361   407      480.0000     Cuts: 417   125420   62.88%
    974     0      768.7631   407      480.0000     Cuts: 416   127127   60.16%
    974     0      764.0304   407      480.0000     Cuts: 407   128265   59.17%
    974     0      759.4714   407      480.0000     Cuts: 411   129455   58.22%
    974     0      755.4205   407      480.0000     Cuts: 343   130653   57.38%
    974     0      753.7945   407      480.0000     Cuts: 282   131832   57.04%
    974     0      750.3182   407      480.0000     Cuts: 305   132720   56.32%
    974     0      746.5290   407      480.0000     Cuts: 240   133276   55.53%
    974     0      744.2938   407      480.0000     Cuts: 251   134075   55.06%
    974     0      742.6235   407      480.0000     Cuts: 205   134920   54.71%
    974     0      741.5003   407      480.0000     Cuts: 245   135759   54.48%
    974     0      740.7354   407      480.0000     Cuts: 255   136594   54.32%
    974     0      740.3469   407      480.0000     Cuts: 185   137364   54.24%
    974     0      739.5454   407      480.0000     Cuts: 313   138033   54.07%
*   974+    0                          485.0000      739.5454            52.48%
    974     0        cutoff            485.0000      739.5454   138033   52.48%
    974     0      739.3750   407      485.0000     Cuts: 231   138403   52.45%
    974     0      739.1279   407      485.0000     Cuts: 206   138855   52.40%
    974     0      738.6538   407      485.0000     Cuts: 175   139307   52.30%
*   974+    0                          495.0000      738.6538            49.22%
    974     0      737.9978   407      495.0000     Cuts: 132   140129   49.09%
    974     0      737.6649   407      495.0000     Cuts: 224   140806   49.02%
    974     0      737.5156   407      495.0000     Cuts: 169   141071   48.99%
    974     0      737.3295   407      495.0000     Cuts: 148   141375   48.96%
    974     0      737.1887   407      495.0000     Cuts: 191   141587   48.93%
    974     0      736.6974   407      495.0000     Cuts: 114   142086   48.83%
    974     0      736.5309   407      495.0000     Cuts: 181   142329   48.79%
    974     0      736.1927   407      495.0000     Cuts: 105   142735   48.73%
    974     0      735.8994   407      495.0000     Cuts: 185   143188   48.67%
    974     0      735.7922   407      495.0000     Cuts: 151   143535   48.64%
    974     0      735.7541   407      495.0000     Cuts: 224   143754   48.64%
    974     0      735.6226   407      495.0000     Cuts: 127   144008   48.61%
    974     0      735.5486   407      495.0000      Cuts: 90   144181   48.60%
    974     0      735.3340   407      495.0000     Cuts: 151   144488   48.55%
    974     0      735.2603   407      495.0000     Cuts: 185   144706   48.54%
*   974+    0                          500.0000      735.2603            47.05%
    974     0        cutoff            500.0000      735.2603   144706   47.05%
    974     2      735.2603   430      500.0000      735.2576   144706   47.05%
    976     4      733.1043   407      500.0000      734.2214   145899   46.84%
    979     7      731.8136   377      500.0000      734.2214   147523   46.84%
    982    10      714.6417   350      500.0000      734.2214   152910   46.84%
    984    12      728.8573   366      500.0000      734.2214   154158   46.84%
    990    18      717.4659   350      500.0000      734.2214   158956   46.84%
    994    22      724.1411   349      500.0000      734.2214   160042   46.84%
   1001    29      720.4950   339      500.0000      734.2214   163263   46.84%
   1006    34      718.3614   318      500.0000      734.2214   165336   46.84%
Elapsed time = 37.79 sec. (51214.00 ticks, tree = 0.23 MB, solutions = 17)
   1017    44      703.1721   304      500.0000      734.2214   168276   46.84%
   1029    54      689.8350   298      500.0000      734.2214   170403   46.84%
   1048    71      658.4251   265      500.0000      734.2214   173214   46.84%
   1098   108    infeasible            500.0000      734.2214   177470   46.84%
   1115   125      582.9383   234      500.0000      734.2214   181609   46.84%
   1136   146      613.1912   209      500.0000      734.2214   184512   46.84%
   1224   220      715.4397   404      500.0000      732.8457   189267   46.57%
   1236   232      703.1013   357      500.0000      732.8457   192575   46.57%
   1250   246      703.2447   343      500.0000      732.8457   196765   46.57%
   1271   267      687.5125   282      500.0000      732.8457   201309   46.57%
Elapsed time = 44.69 sec. (61415.30 ticks, tree = 6.16 MB, solutions = 17)
   1302   297      656.7562   266      500.0000      732.8457   205166   46.57%
   1350   344      600.0667   175      500.0000      732.8457   209626   46.57%
   1389   374      711.2027   375      500.0000      732.6849   212307   46.54%
   1424   409      683.5236   307      500.0000      732.6849   216183   46.54%
   1490   471        cutoff            500.0000      732.6849   220474   46.54%
   1494   475      732.5135   401      500.0000      732.6787   220767   46.54%
   1508   489      722.0342   349      500.0000      732.6787   224686   46.54%
   1557   538      696.2639   251      500.0000      732.6787   228643   46.54%
   1609   586      718.3063   367      500.0000      732.6744   232127   46.53%
   1623   600      709.6449   330      500.0000      732.6744   236304   46.53%
Elapsed time = 51.58 sec. (71238.94 ticks, tree = 14.92 MB, solutions = 17)
   1661   638      639.2690   233      500.0000      732.6744   241275   46.53%
   1694   669      689.2209   247      500.0000      732.6744   244670   46.53%
   1753   713      716.4073   382      500.0000      732.6533   250234   46.53%
   1772   732      703.5343   322      500.0000      732.6533   253924   46.53%
   1802   760      676.1127   244      500.0000      732.6533   258851   46.53%
   1850   800      685.9936   292      500.0000      732.5119   263519   46.50%
   1882   832      672.9636   247      500.0000      732.5119   265985   46.50%
   1961   904      671.0021   330      500.0000      732.4023   271744   46.48%
   1992   935      652.1118   265      500.0000      732.4023   275142   46.48%
   2056   993      589.5799   162      500.0000      732.4023   279683   46.48%
Elapsed time = 58.64 sec. (81474.84 ticks, tree = 25.38 MB, solutions = 17)
   2130  1049      693.1204   364      500.0000      731.8025   284235   46.36%
   2142  1061      643.8678   251      500.0000      731.8025   288100   46.36%
   2204  1117      723.6715   378      500.0000      731.7971   293193   46.36%
   2216  1128      638.7353   284      500.0000      731.7971   300172   46.36%
   2252  1164      632.5210   259      500.0000      731.7971   304556   46.36%
   2300  1212      611.6944   212      500.0000      731.7971   309734   46.36%
   2329  1231      683.8764   330      500.0000      731.7914   314124   46.36%
   2350  1252      653.0051   282      500.0000      731.7914   317215   46.36%
   2415  1307      707.8194   352      500.0000      731.7914   322645   46.36%
   2439  1331      687.5258   314      500.0000      731.7914   327139   46.36%
Elapsed time = 66.16 sec. (92316.73 ticks, tree = 31.18 MB, solutions = 17)
   2535  1423        cutoff            500.0000      731.7914   331076   46.36%
   2538  1426      718.2713   359      500.0000      731.7789   334243   46.36%
   2558  1446      670.9882   229      500.0000      731.7789   338596   46.36%
   2595  1479      717.0277   427      500.0000      731.0596   343034   46.21%
   2621  1505      703.9303   352      500.0000      731.0596   346410   46.21%
   2673  1555      662.0768   211      500.0000      731.0596   350227   46.21%
   2723  1599      579.3290   154      500.0000      731.0596   354956   46.21%
   2737  1608      717.2600   342      500.0000      730.4996   358426   46.10%
   2753  1624      693.5706   335      500.0000      730.4996   362333   46.10%
   2766  1636      607.9557   208      500.0000      730.4996   366545   46.10%
Elapsed time = 73.43 sec. (102740.11 ticks, tree = 35.69 MB, solutions = 17)
   2850  1706      529.0085    95      500.0000      730.4996   371515   46.10%
   2861  1709      721.9778   381      500.0000      730.4991   373856   46.10%
   2879  1727      674.7508   279      500.0000      730.4991   376860   46.10%
   2955  1800      586.9776   168      500.0000      730.4991   381124   46.10%
   2983  1818      662.1275   314      500.0000      730.4987   385407   46.10%
   3032  1867      615.0297   212      500.0000      730.4987   389810   46.10%
   3069  1896      704.4860   348      500.0000      730.4939   394543   46.10%
   3082  1908      675.6915   289      500.0000      730.4939   398361   46.10%
   3114  1937      617.4379   204      500.0000      730.4939   403037   46.10%
   3204  2015      715.9278   393      500.0000      730.4911   407278   46.10%
Elapsed time = 80.63 sec. (112972.29 ticks, tree = 41.55 MB, solutions = 17)
   3223  2034      683.0966   303      500.0000      730.4911   411698   46.10%
   3250  2059      669.7976   285      500.0000      730.4911   415938   46.10%
   3305  2106      687.8359   352      500.0000      730.4716   421731   46.09%
   3315  2116      647.6989   295      500.0000      730.4716   426106   46.09%
   3345  2144      607.3034   203      500.0000      730.4716   430572   46.09%
   3390  2187      540.7372   149      500.0000      730.4716   435130   46.09%
   3432  2218      717.2637   393      500.0000      729.9402   438306   45.99%
   3459  2245      689.3674   325      500.0000      729.9402   443111   45.99%
   3509  2295      617.7793   173      500.0000      729.9402   446843   45.99%
   3720  2486      719.1900   375      500.0000      729.4456   464734   45.89%
Elapsed time = 89.82 sec. (126370.06 ticks, tree = 45.16 MB, solutions = 17)
   3859  2617      700.2349   291      500.0000      729.1764   482655   45.84%
   3924  2678      697.5959   378      500.0000      729.1016   497042   45.82%
   4018  2763      719.5452   396      500.0000      728.4723   513336   45.69%
   4136  2876      678.4575   296      500.0000      728.3873   528617   45.68%
   4288  3009      592.5976   164      500.0000      728.0352   543714   45.61%
   4382  3092      725.9198   370      500.0000      727.9164   558235   45.58%
   4449  3155      640.7780   205      500.0000      727.9164   574697   45.58%
   4569  3247      651.3567   233      500.0000      727.3670   590914   45.47%
   4674  3342      702.5167   368      500.0000      726.9301   608143   45.39%
   4842  3500      694.4132   312      500.0000      726.8705   625341   45.37%
Elapsed time = 116.87 sec. (165025.66 ticks, tree = 64.30 MB, solutions = 17)
   4944  3593      696.2095   357      500.0000      726.8355   642348   45.37%
   5026  3673      638.4982   251      500.0000      726.8355   659432   45.37%
   5166  3801      693.5122   303      500.0000      726.8229   677590   45.36%
   5313  3940      615.9095   185      500.0000      726.7514   695947   45.35%
   5550  4159      692.8584   360      500.0000      726.6911   714582   45.34%
   5678  4270      689.2131   351      500.0000      726.5825   729665   45.32%
   5733  4321      637.7881   209      500.0000      726.5825   747619   45.32%
Starting limited solution polishing.
*  5774+ 4344                          515.0000      726.5825            41.08%
   5915  4477      605.6974   166      515.0000      726.5689   764862   41.08%
*  5974+ 4507                          520.0000      726.5517            39.72%
   5974  4509      687.4938   299      520.0000      726.5517   772967   39.72%
   6074  4601      657.1889   288      520.0000      726.4774   790034   39.71%
Elapsed time = 145.86 sec. (205570.30 ticks, tree = 89.91 MB, solutions = 19)
   6191  4711      684.4840   319      520.0000      726.4385   803556   39.70%

GUB cover cuts applied:  83
Clique cuts applied:  171
Cover cuts applied:  44
Implied bound cuts applied:  136
Flow cuts applied:  21
Mixed integer rounding cuts applied:  265
Zero-half cuts applied:  161
Lift and project cuts applied:  30
Gomory fractional cuts applied:  9

Root node processing (before b&c):
  Real time             =    3.61 sec. (4680.82 ticks)
Sequential b&c:
  Real time             =  146.39 sec. (206758.39 ticks)
                          ------------
Total (root+branch&cut) =  150.00 sec. (211439.22 ticks)

Solution pool: 20 solutions saved.

MIP - Time limit exceeded, integer feasible:  Objective =  5.2000000000e+02
Current MIP best bound =  7.2641059810e+02 (gap = 206.411, 39.69%)
Solution time =  150.00 sec.  Iterations = 812275  Nodes = 6276 (4791)
Deterministic time = 211439.24 ticks  (1409.58 ticks/sec)


Incumbent solution
Variable Name           Solution Value
F                           520.000000
y181                          1.000000
y208                          1.000000
y204                          1.000000
y167                          1.000000
y124                          1.000000
y21                           1.000000
y220                          1.000000
y175                          1.000000
y40                           1.000000
y275                          1.000000
y26                           1.000000
y142                          1.000000
y244                          1.000000
y240                          1.000000
y252                          1.000000
y286                          1.000000
y107                          1.000000
y256                          1.000000
y164                          1.000000
y247                          1.000000
y151                          1.000000
y2                            1.000000
y178                          1.000000
y261                          1.000000
y129                          1.000000
y4                            1.000000
y161                          1.000000
y83                           1.000000
y172                          1.000000
x18x275x1                     1.000000
x18x247x1                     1.000000
x16x252x1                     1.000000
x122x21x1                     2.000000
x149x167x1                    1.000000
x149x175x1                    1.000000
x219x142x1                    1.000000
x265x181x1                    1.000000
x16x247x2                     1.000000
x93x124x2                     2.000000
x207x208x2                    1.000000
x207x40x2                     1.000000
x219x167x2                    1.000000
x237x244x2                    2.000000
x118x204x2                    1.000000
x1x181x3                      1.000000
x1x40x3                       1.000000
x265x275x3                    1.000000
x65x204x3                     1.000000
x104x208x3                    1.000000
x76x175x3                     1.000000
x76x286x3                     1.000000
x45x26x3                      1.000000
x45x142x3                     1.000000
x181x107x1                    1.000000
x181x164x3                    1.000000
x208x252x2                    1.000000
x208x220x3                    1.000000
x204x26x2                     1.000000
x204x220x3                    1.000000
x167x83x1                     1.000000
x167x261x2                    1.000000
x124x240x2                    2.000000
x21x151x1                     1.000000
x21x172x1                     1.000000
x220x4x3                      2.000000
x175x161x1                    1.000000
x175x164x3                    1.000000
x40x256x2                     1.000000
x40x286x3                     1.000000
x275x107x1                    1.000000
x275x0x3                      1.000000
x26x172x2                     1.000000
x26x83x3                      1.000000
x142x161x1                    1.000000
x142x129x3                    1.000000
x244x256x2                    1.000000
x244x151x2                    1.000000
x240x178x2                    2.000000
x252x261x1                    1.000000
x252x129x2                    1.000000
x286x0x3                      2.000000
x107x0x1                      2.000000
x256x0x2                      2.000000
x164x0x3                      2.000000
x247x2x1                      1.000000
x247x2x2                      1.000000
x151x0x1                      1.000000
x151x0x2                      1.000000
x2x0x1                        1.000000
x2x0x2                        1.000000
x178x0x2                      2.000000
x261x0x1                      1.000000
x261x0x2                      1.000000
x129x0x2                      1.000000
x129x0x3                      1.000000
x4x0x3                        2.000000
x161x0x1                      2.000000
x83x0x1                       1.000000
x83x0x3                       1.000000
x172x0x1                      1.000000
x172x0x2                      1.000000
s18                           5.943529
s146                          7.465603
s186                          7.770000
s214                          7.850000
s263                          7.789726
s21                           7.677201
s260                          7.870000
s243                          6.880000
s175                          7.447968
s283                          6.960000
s289                          7.990000
s15                           7.000000
s193                          7.010000
s275                          7.546667
z18z275z1                     1.000000
s142                          7.894378
s215                          7.938200
z18z215z1                     1.000000
s229                          7.090000
s145                          7.110000
s110                          7.220000
s223                          8.270000
s252                          8.013211
s210                          8.380000
s140                          7.400000
s30                           8.590000
s68                           8.800000
s107                          8.840000
z18z107z1                     1.000000
s247                          7.970000
z18z247z1                     1.000000
s77                           9.000000
z18z77z1                      1.000000
s151                          9.020000
s290                          9.020000
z18z290z1                     1.000000
s17                           9.070000
s190                          9.090000
z18z190z1                     1.000000
s285                          9.120000
s2                            9.230000
s261                          9.330000
s20                           9.340000
z18z20z1                      1.000000
s161                          9.460000
z18z161z1                     1.000000
s83                           9.470000
s172                          9.490000
s1                            5.822759
s181                          7.234854
z1z181z3                      1.000000
s62                           6.270000
s75                           6.280000
s208                          6.648887
s204                          6.600000
s222                          6.400000
s103                          7.254056
s128                          7.301427
z1z128z3                      1.000000
s5                            6.540000
s44                           6.580000
s288                          6.620000
s179                          6.630000
s241                          7.810000
s220                          7.866166
z1z220z3                      1.000000
s287                          6.950000
s40                           7.521091
z1z40z3                       1.000000
s67                           7.010000
s26                           7.924227
s274                          7.090000
s211                          7.224191
s279                          7.140000
s58                           8.190000
s163                          7.370000
s157                          7.410000
s33                           8.520000
s202                          8.680000
z1z202z3                      1.000000
s156                          8.690000
z1z156z3                      1.000000
s286                          8.770000
z1z286z3                      1.000000
s164                          8.930000
z1z164z3                      1.000000
s277                          8.121439
s129                          9.420000
s4                            9.440000
z1z4z3                        1.000000
s16                           6.405255
s143                          6.740000
s196                          6.800000
s124                          7.084495
s14                           7.890000
s87                           7.890000
s36                           8.010000
s38                           8.080000
s244                          7.611539
s6                            7.210000
s240                          8.172563
z16z252z1                     1.000000
s11                           8.580000
s256                          8.845253
z16z247z2                     1.000000
z16z77z1                      1.000000
z16z290z1                     1.000000
z16z190z1                     1.000000
s178                          9.310000
z16z178z2                     1.000000
z16z20z1                      1.000000
z16z161z1                     1.000000
s93                           5.840000
s213                          6.160000
s195                          6.170000
s37                           6.220000
s72                           7.021393
s29                           6.410745
s78                           6.380000
s80                           7.630000
s167                          7.730000
z93z124z2                     1.000000
z93z6z2                       1.000000
z93z240z2                     1.000000
z93z11z2                      1.000000
z93z256z2                     1.000000
z93z178z2                     1.000000
s122                          5.994573
s281                          7.641987
z122z21z1                     1.000000
z122z107z1                    1.000000
z122z77z1                     1.000000
z122z290z1                    1.000000
z122z190z1                    1.000000
z122z20z1                     1.000000
z122z161z1                    1.000000
s149                          5.909128
s27                           7.246651
s98                           7.264845
z149z167z1                    1.000000
z149z175z1                    1.000000
z149z140z1                    1.000000
z149z107z1                    1.000000
z149z77z1                     1.000000
z149z290z1                    1.000000
z149z190z1                    1.000000
z149z20z1                     1.000000
z149z161z1                    1.000000
s207                          5.000000
z207z208z2                    1.000000
z207z29z2                     1.000000
z207z196z2                    1.000000
z207z124z2                    1.000000
z207z14z2                     1.000000
z207z87z2                     1.000000
z207z40z2                     1.000000
z207z36z2                     1.000000
z207z38z2                     1.000000
z207z244z2                    1.000000
z207z6z2                      1.000000
z207z240z2                    1.000000
z207z11z2                     1.000000
z207z256z2                    1.000000
z207z178z2                    1.000000
s219                          6.174992
z219z167z2                    1.000000
z219z142z1                    1.000000
z219z107z1                    1.000000
z219z256z2                    1.000000
z219z77z1                     1.000000
z219z290z1                    1.000000
z219z190z1                    1.000000
z219z178z2                    1.000000
z219z20z1                     1.000000
z219z161z1                    1.000000
s237                          5.961270
z237z244z2                    1.000000
z237z256z2                    1.000000
z237z178z2                    1.000000
s265                          5.910000
s91                           6.233283
z265z181z1                    1.000000
z265z275z3                    1.000000
z265z140z1                    1.000000
z265z202z3                    1.000000
z265z156z3                    1.000000
z265z286z3                    1.000000
z265z107z1                    1.000000
z265z164z3                    1.000000
z265z77z1                     1.000000
z265z290z1                    1.000000
z265z190z1                    1.000000
z265z20z1                     1.000000
z265z4z3                      1.000000
z265z161z1                    1.000000
s65                           5.280000
z65z204z3                     1.000000
z65z220z3                     1.000000
z65z211z3                     1.000000
z65z279z3                     1.000000
z65z163z3                     1.000000
z65z157z3                     1.000000
z65z202z3                     1.000000
z65z156z3                     1.000000
z65z286z3                     1.000000
z65z164z3                     1.000000
z65z4z3                       1.000000
s118                          5.280000
z118z204z2                    1.000000
z118z196z2                    1.000000
z118z124z2                    1.000000
z118z14z2                     1.000000
z118z87z2                     1.000000
z118z36z2                     1.000000
z118z38z2                     1.000000
z118z244z2                    1.000000
z118z6z2                      1.000000
z118z240z2                    1.000000
z118z11z2                     1.000000
z118z256z2                    1.000000
z118z178z2                    1.000000
s104                          5.390000
z104z208z3                    1.000000
z104z220z3                    1.000000
z104z211z3                    1.000000
z104z279z3                    1.000000
z104z163z3                    1.000000
z104z157z3                    1.000000
z104z202z3                    1.000000
z104z156z3                    1.000000
z104z286z3                    1.000000
z104z164z3                    1.000000
z104z4z3                      1.000000
s76                           5.830000
z76z220z3                     1.000000
z76z175z3                     1.000000
z76z211z3                     1.000000
z76z163z3                     1.000000
z76z157z3                     1.000000
z76z202z3                     1.000000
z76z156z3                     1.000000
z76z286z3                     1.000000
z76z164z3                     1.000000
z76z4z3                       1.000000
s45                           6.598678
z45z26z3                      1.000000
z45z142z3                     1.000000
z45z4z3                       1.000000
z213z178z2                    1.000000
z213z4z3                      1.000000
z195z178z2                    1.000000
z37z178z2                     1.000000
z91z20z1                      1.000000
z91z4z3                       1.000000
z91z161z1                     1.000000
z72z178z2                     1.000000
z72z20z1                      1.000000
z72z161z1                     1.000000
z181z107z1                    1.000000
z181z164z3                    1.000000
z181z20z1                     1.000000
z181z4z3                      1.000000
z181z161z1                    1.000000
z62z178z2                     1.000000
z62z4z3                       1.000000
z75z4z3                       1.000000
z208z220z3                    1.000000
z208z252z2                    1.000000
z208z178z2                    1.000000
z208z4z3                      1.000000
z27z20z1                      1.000000
z27z161z1                     1.000000
z29z178z2                     1.000000
z204z220z3                    1.000000
z204z26z2                     1.000000
z204z178z2                    1.000000
z204z4z3                      1.000000
z98z20z1                      1.000000
z98z161z1                     1.000000
z78z178z2                     1.000000
z78z20z1                      1.000000
z78z161z1                     1.000000
z222z178z2                    1.000000
z222z4z3                      1.000000
z103z4z3                      1.000000
z146z178z2                    1.000000
z146z20z1                     1.000000
z146z161z1                    1.000000
z128z286z3                    1.000000
z128z164z3                    1.000000
z128z4z3                      1.000000
z5z20z1                       1.000000
z5z4z3                        1.000000
z5z161z1                      1.000000
z44z178z2                     1.000000
z44z4z3                       1.000000
z288z20z1                     1.000000
z288z4z3                      1.000000
z288z161z1                    1.000000
z80z178z2                     1.000000
z80z20z1                      1.000000
z80z161z1                     1.000000
z179z4z3                      1.000000
z281z20z1                     1.000000
z281z161z1                    1.000000
z167z178z2                    1.000000
z167z261z2                    1.000000
z167z20z1                     1.000000
z167z161z1                    1.000000
z167z83z1                     1.000000
z143z178z2                    1.000000
z143z20z1                     1.000000
z143z161z1                    1.000000
z186z20z1                     1.000000
z186z4z3                      1.000000
z186z161z1                    1.000000
z196z178z2                    1.000000
z241z178z2                    1.000000
z241z4z3                      1.000000
z124z240z2                    1.000000
z124z178z2                    1.000000
z214z20z1                     1.000000
z214z4z3                      1.000000
z263z20z1                     1.000000
z263z161z1                    1.000000
z21z151z1                     1.000000
z21z20z1                      1.000000
z21z161z1                     1.000000
z21z172z1                     1.000000
z220z4z3                      1.000000
z260z20z1                     1.000000
z260z4z3                      1.000000
z243z178z2                    1.000000
z243z20z1                     1.000000
z243z161z1                    1.000000
z14z178z2                     1.000000
z87z178z2                     1.000000
z175z164z3                    1.000000
z175z20z1                     1.000000
z175z4z3                      1.000000
z175z161z1                    1.000000
z287z178z2                    1.000000
z287z4z3                      1.000000
z283z20z1                     1.000000
z283z4z3                      1.000000
z283z161z1                    1.000000
z289z178z2                    1.000000
z289z20z1                     1.000000
z15z161z1                     1.000000
z40z286z3                     1.000000
z40z256z2                     1.000000
z40z4z3                       1.000000
z36z178z2                     1.000000
z67z4z3                       1.000000
z193z20z1                     1.000000
z275z107z1                    1.000000
z275z4z3                      1.000000
z26z4z3                       1.000000
z26z83z3                      1.000000
z26z172z2                     1.000000
z142z20z1                     1.000000
z142z129z3                    1.000000
z142z161z1                    1.000000
z215z20z1                     1.000000
z215z161z1                    1.000000
z229z4z3                      1.000000
z274z178z2                    1.000000
z244z256z2                    1.000000
z244z151z2                    1.000000
z244z178z2                    1.000000
z211z156z3                    1.000000
z211z164z3                    1.000000
z110z20z1                     1.000000
z110z161z1                    1.000000
z240z178z2                    1.000000
z252z261z1                    1.000000
z252z129z2                    1.000000
z140z161z1                    1.000000
z247z2z1                      1.000000
z247z2z2                      1.000000
All other variables in the range 1-7702 are 0.
