
Log started (V12.10.0.0) Fri Apr 23 07:36:32 2021


Problem 'asset.lp' read.
Read time = 0.02 sec. (0.42 ticks)
New value for default parallel thread count: 1
New value for time limit in seconds: 150
Version identifier: 12.10.0.0 | 2019-11-26 | 843d4de
CPXPARAM_Threads                                 1
CPXPARAM_TimeLimit                               150
Found incumbent of value -0.599866 after 0.01 sec. (0.18 ticks)
Tried aggregator 10 times.
MIP Presolve eliminated 1881 rows and 288 columns.
MIP Presolve modified 3754 coefficients.
Aggregator did 1142 substitutions.
Reduced MIP has 1309 rows, 1487 columns, and 6724 nonzeros.
Reduced MIP has 1277 binaries, 157 generals, 0 SOSs, and 0 indicators.
Presolve time = 0.03 sec. (32.88 ticks)
Probing fixed 0 vars, tightened 8 bounds.
Probing time = 0.01 sec. (6.56 ticks)
Tried aggregator 2 times.
Detecting symmetries...
MIP Presolve eliminated 36 rows and 29 columns.
MIP Presolve modified 242 coefficients.
Aggregator did 1 substitutions.
Reduced MIP has 1272 rows, 1457 columns, and 6461 nonzeros.
Reduced MIP has 1258 binaries, 148 generals, 0 SOSs, and 0 indicators.
Presolve time = 0.01 sec. (8.71 ticks)
Probing time = 0.00 sec. (2.64 ticks)
Clique table members: 4250.
MIP emphasis: balance optimality and feasibility.
MIP search method: dynamic search.
Parallel mode: none, using 1 thread.
Root relaxation solution time = 0.03 sec. (28.90 ticks)

        Nodes                                         Cuts/
   Node  Left     Objective  IInf  Best Integer    Best Bound    ItCnt     Gap

*     0+    0                           -0.5999     1409.1007              --- 
      0     0     1409.0378   328       -0.5999     1409.0378      881     --- 
      0     0     1401.8397   328       -0.5999     Cuts: 418     2967     --- 
      0     0     1395.2553   328       -0.5999     Cuts: 418     4068     --- 
      0     0     1392.4112   328       -0.5999     Cuts: 418     5365     --- 
*     0+    0                          268.5307     1392.4112           418.53%
      0     0        cutoff            268.5307     1392.4112     5365  418.53%
      0     0     1389.7340   328      268.5307     Cuts: 418     6167  417.53%
      0     0     1388.7789   328      268.5307     Cuts: 418     6615  417.18%
Detecting symmetries...
      0     0     1388.2138   328      268.5307     Cuts: 362     6957  416.97%
*     0+    0                          287.8247     1388.2138           382.31%
      0     0     1387.7675   328      287.8247     Cuts: 343     7504  382.16%
      0     0     1386.8888   328      287.8247     Cuts: 282     7791  381.85%
      0     0     1385.6759   328      287.8247     Cuts: 298     8237  381.43%
*     0+    0                          307.8058     1385.6759           350.18%
      0     0     1384.9781   328      307.8058     Cuts: 293     8565  349.95%
      0     0     1384.4278   328      307.8058     Cuts: 241     8805  349.77%
      0     0     1384.0636   328      307.8058     Cuts: 137     9116  349.65%
      0     0     1382.8224   328      307.8058     Cuts: 269     9585  349.25%
*     0+    0                          347.4360     1382.8224           298.01%
      0     0     1382.5490   328      347.4360     Cuts: 365    10034  297.93%
      0     0     1382.2333   328      347.4360     Cuts: 361    10627  297.84%
      0     0     1381.9961   328      347.4360     Cuts: 418    10926  297.77%
      0     0     1381.7664   328      347.4360     Cuts: 299    11288  297.70%
      0     0     1381.5396   328      347.4360     Cuts: 293    11688  297.64%
*     0+    0                          347.4458     1381.5396           297.63%
*     0+    0                          420.7440     1381.5396           228.36%
      0     0        cutoff            420.7440     1381.5396    11688  228.36%
Detecting symmetries...
      0     2     1381.5396   384      420.7440     1381.5276    11688  228.35%
Elapsed time = 1.57 sec. (2006.44 ticks, tree = 0.01 MB, solutions = 6)
      5     7     1380.8702   354      420.7440     1381.0136    14758  228.23%
      8    10     1361.2255   320      420.7440     1381.0136    18616  228.23%
     19    21     1357.5588   337      420.7440     1381.0136    22987  228.23%
     26    28     1331.0187   328      420.7440     1381.0136    26837  228.23%
     32    34     1375.7913   341      420.7440     1381.0136    30293  228.23%
     37    39     1321.1192   319      420.7440     1381.0136    34218  228.23%
     42    44     1369.5359   318      420.7440     1381.0136    37724  228.23%
     47    49     1341.8670   291      420.7440     1381.0136    41283  228.23%
     53    55     1358.5702   305      420.7440     1381.0136    45219  228.23%
    102   104     1092.8002   238      420.7440     1381.0136    62104  228.23%
Elapsed time = 3.78 sec. (5308.66 ticks, tree = 0.23 MB, solutions = 6)
*   220+  198                          881.7591     1381.0136            56.62%
    250   224     1309.0080   293      881.7591     1380.4688    77778   56.56%
    296   270     1172.3610   254      881.7591     1380.4688    96499   56.56%
*   320+  288                          881.7605     1380.4688            56.56%
    451   407     1325.8423   307      881.7605     1379.0125   111407   56.39%

Performing restart 1

Repeating presolve.
Tried aggregator 1 time.
MIP Presolve modified 1143 coefficients.
Reduced MIP has 1272 rows, 1457 columns, and 5586 nonzeros.
Reduced MIP has 1258 binaries, 148 generals, 0 SOSs, and 0 indicators.
Presolve time = 0.00 sec. (4.93 ticks)
Tried aggregator 1 time.
Reduced MIP has 1272 rows, 1457 columns, and 5586 nonzeros.
Reduced MIP has 1258 binaries, 148 generals, 0 SOSs, and 0 indicators.
Presolve time = 0.00 sec. (4.03 ticks)
Represolve time = 0.03 sec. (26.22 ticks)
    508     0     1305.2105   330      881.7605     Cuts: 399   123321   48.02%
    508     0     1272.6444   330      881.7605     Cuts: 265   124694   44.33%
    508     0     1261.3762   330      881.7605     Cuts: 281   125380   43.05%
*   508+    0                          881.7608     1261.3762            43.05%
    508     0        cutoff            881.7608     1261.3762   125380   43.05%
    508     0     1255.1611   330      881.7608     Cuts: 221   126503   42.35%
    508     0     1247.9930   330      881.7608     Cuts: 190   127165   41.53%
    508     0     1246.6217   330      881.7608     Cuts: 149   128054   41.38%
*   508+    0                          881.7610     1246.6217            41.38%
*   508+    0                          881.7638     1246.6217            41.38%
    508     0     1242.6301   330      881.7638     Cuts: 189   128704   40.93%
    508     0     1240.8784   330      881.7638     Cuts: 166   129407   40.73%
    508     0     1238.1235   330      881.7638     Cuts: 188   130170   40.41%
*   508+    0                          881.7655     1238.1235            40.41%
*   508+    0                          894.9521     1238.1235            38.35%
*   508+    0                          929.2998     1238.1235            33.23%
    508     0        cutoff            929.2998     1238.1235   130170   33.23%
    508     0     1235.3986   330      929.2998     Cuts: 184   130649   32.94%
    508     0     1234.2167   330      929.2998     Cuts: 141   130937   32.81%
    508     0     1231.7192   330      929.2998     Cuts: 140   131692   32.54%
*   508+    0                          933.6358     1231.7192            31.93%
*   508+    0                          937.1873     1231.7192            31.43%
*   508+    0                          937.1881     1231.7192            31.43%
*   508+    0                          937.1881     1231.7192            31.43%
    508     0        cutoff            937.1881     1231.7192   131692   31.43%
    508     0     1230.6240   330      937.1881     Cuts: 140   132041   31.31%
    508     0     1230.2699   330      937.1881      Cuts: 69   132195   31.27%
    508     0     1228.7907   330      937.1881      Cuts: 70   132612   31.11%
*   508+    0                          937.1898     1228.7907            31.11%
*   508+    0                          952.9736     1228.7907            28.94%
*   508+    0                          970.9867     1228.7907            26.55%
    508     0        cutoff            970.9867     1228.7907   132612   26.55%
    508     0     1227.3763   330      970.9867     Cuts: 131   133008   26.41%
    508     0     1226.8172   330      970.9867      Cuts: 94   133407   26.35%
    508     0     1225.5867   330      970.9867      Cuts: 90   134004   26.22%
*   508+    0                          995.0887     1225.5867            23.16%
    508     0     1224.6928   330      995.0887     Cuts: 100   134647   23.07%
    508     0     1224.2389   330      995.0887     Cuts: 112   135207   23.03%
    508     0     1224.1182   330      995.0887      Cuts: 67   135391   23.02%
*   508+    0                         1005.2417     1224.1182            21.77%
    508     0     1223.9452   330     1005.2417     Cuts: 106   135698   21.76%
    508     0     1223.7194   330     1005.2417      Cuts: 80   136014   21.73%
    508     0     1223.4106   330     1005.2417     Cuts: 119   136521   21.70%
*   508+    0                         1007.1321     1223.4106            21.47%
    508     0        cutoff           1007.1321     1223.4106   136521   21.47%
    508     0     1223.2520   330     1007.1321      Cuts: 98   136801   21.46%
    508     0     1222.9072   330     1007.1321     Cuts: 102   137388   21.42%
    508     0     1222.0246   330     1007.1321      Cuts: 81   138167   21.34%
*   508+    0                         1007.1395     1222.0246            21.34%
*   508+    0                         1011.3490     1222.0246            20.83%
    508     0        cutoff           1011.3490     1222.0246   138167   20.83%
    508     0     1221.7641   330     1011.3490     Cuts: 106   138414   20.81%
    508     0     1221.5423   330     1011.3490      Cuts: 58   138714   20.78%
    508     0     1221.4207   330     1011.3490      Cuts: 82   139153   20.77%
*   508+    0                         1014.8785     1221.4207            20.35%
*   508+    0                         1014.8793     1221.4207            20.35%
    508     0        cutoff           1014.8793     1221.4207   139153   20.35%
    508     2     1221.4207   305     1014.8793     1221.4199   139153   20.35%
    514     8     1215.9940   295     1014.8793     1220.1387   142166   20.23%
    518    12     1212.7695   249     1014.8793     1220.1387   144844   20.23%
    529    23     1202.7096   236     1014.8793     1220.1387   149609   20.23%
    539    33     1199.8757   228     1014.8793     1220.1387   154044   20.23%
    550    44     1185.1784   249     1014.8793     1220.1387   159035   20.23%
    577    71     1131.5222   203     1014.8793     1220.1387   165804   20.23%
Elapsed time = 18.43 sec. (24877.14 ticks, tree = 0.61 MB, solutions = 28)
    616   110     1083.6512   190     1014.8793     1220.1387   175579   20.23%
    664   146     1203.7378   264     1014.8793     1218.2812   183305   20.04%
    688   170     1173.9933   251     1014.8793     1218.2812   191352   20.04%
    744   220     1115.0137   217     1014.8793     1218.2812   201417   20.04%
    827   286     1213.6858   276     1014.8793     1215.9516   211404   19.81%
    862   321     1150.5609   214     1014.8793     1215.9516   218451   19.81%
    893   346     1183.7407   232     1014.8793     1213.9299   226659   19.61%
    963   410     1198.1422   259     1014.8793     1213.6846   236515   19.59%
   1045   492     1068.3352   121     1014.8793     1213.6846   248525   19.59%
   1085   527     1144.1716   205     1014.8793     1212.9616   257486   19.52%
Elapsed time = 25.73 sec. (35231.36 ticks, tree = 1.09 MB, solutions = 28)
   1180   616     1082.6616   172     1014.8793     1212.9616   268347   19.52%
   1282   701     1050.5709   167     1014.8793     1212.5918   278230   19.48%
   1312   727     1146.8948   214     1014.8793     1211.9128   285478   19.41%
   1377   785     1184.4613   254     1014.8793     1211.8327   293876   19.41%
   1427   835     1083.0481   154     1014.8793     1211.8327   301967   19.41%
   1484   886     1160.5461   235     1014.8793     1211.3271   311402   19.36%
   1543   941     1157.3771   247     1014.8793     1210.8283   320686   19.31%
   1582   978     1086.2269   194     1014.8793     1210.8283   330316   19.31%
   1717  1100     1106.7935   206     1014.8793     1210.5451   340579   19.28%
   1783  1159     1153.9860   220     1014.8793     1210.3874   351481   19.26%
Elapsed time = 32.62 sec. (44900.80 ticks, tree = 1.77 MB, solutions = 28)
   1927  1289     1130.0484   197     1014.8793     1210.1452   364356   19.24%
   2028  1386     1133.1699   195     1014.8793     1210.0799   373684   19.23%
   2139  1492     1199.8348   267     1014.8793     1208.4293   381114   19.07%
   2171  1524     1119.3983   213     1014.8793     1208.4293   391369   19.07%
   2217  1560     1173.6892   248     1014.8793     1207.5599   400965   18.99%
   2297  1627     1173.0506   237     1014.8793     1205.9201   411379   18.82%
   2357  1687     1046.3143   184     1014.8793     1205.9201   422212   18.82%
   2423  1748     1042.5311   133     1014.8793     1205.8905   432323   18.82%
   2491  1812     1150.5101   231     1014.8793     1205.6711   440753   18.80%
*  2508+ 1827                         1015.0719     1205.6711            18.78%
   2558  1871     1148.4475   245     1015.0719     1205.0979   450117   18.72%
Elapsed time = 39.58 sec. (54670.14 ticks, tree = 2.45 MB, solutions = 29)
   2602  1915     1076.7829   198     1015.0719     1205.0979   461387   18.72%
   2737  2024     1188.1217   271     1015.0719     1204.4107   473361   18.65%
   2777  2060     1191.9680   254     1015.0719     1204.2243   484804   18.63%
   2835  2110     1193.9644   248     1015.0719     1204.1835   496544   18.63%
   2922  2192     1089.8014   192     1015.0719     1203.6823   509203   18.58%
   2978  2236     1126.3093   254     1015.0719     1203.5685   520992   18.57%
   3015  2269     1175.2841   242     1015.0719     1203.5270   529802   18.57%
   3077  2326     1191.3560   270     1015.0719     1202.9111   539565   18.51%
   3155  2398     1160.6330   231     1015.0719     1202.7042   551022   18.48%
   3227  2463     1175.3042   243     1015.0719     1202.6941   562272   18.48%
Elapsed time = 46.77 sec. (64703.18 ticks, tree = 3.10 MB, solutions = 29)
   3261  2497     1081.5206   152     1015.0719     1202.6941   573449   18.48%
   3336  2564     1106.9711   200     1015.0719     1202.4868   583287   18.46%
   3409  2633     1103.0298   201     1015.0719     1202.3482   594428   18.45%
   3479  2699     1147.4944   212     1015.0719     1202.3285   605676   18.45%
   3592  2801     1083.6804   171     1015.0719     1201.8269   618693   18.40%
   3666  2869     1066.1488   173     1015.0719     1201.4552   631634   18.36%
   3730  2927     1076.5552   158     1015.0719     1201.3384   643432   18.35%
   3864  3054     1038.4929   100     1015.0719     1200.5098   656193   18.27%
   3937  3123     1126.7747   209     1015.0719     1200.1111   666737   18.23%
   4010  3191     1130.2520   222     1015.0719     1199.8911   678912   18.21%
Elapsed time = 53.64 sec. (74328.35 ticks, tree = 3.79 MB, solutions = 29)
   4101  3260     1155.8739   239     1015.0719     1199.8596   692742   18.20%
   4161  3313     1175.6128   280     1015.0719     1199.7099   702701   18.19%
   4240  3388     1133.5084   234     1015.0719     1199.2873   716326   18.15%
   4306  3450     1185.9584   274     1015.0719     1199.1990   726489   18.14%
   4377  3517     1180.9393   253     1015.0719     1199.0667   738393   18.13%
   4411  3551     1096.0781   152     1015.0719     1199.0667   748680   18.13%
   4477  3611     1184.6856   282     1015.0719     1198.5997   757311   18.08%
*  4508+ 3237                         1033.1029     1198.5997            16.02%
   4518  3249     1066.6145   144     1033.1029     1198.5997   767187   16.02%
   4559  3286     1072.7941   186     1033.1029     1198.4661   776910   16.01%
   4698  3413     1155.2694   286     1033.1029     1198.4394   788201   16.00%
Elapsed time = 60.71 sec. (84380.18 ticks, tree = 3.96 MB, solutions = 30)
   4743  3458     1048.9738   165     1033.1029     1198.4394   798511   16.00%
   4787  3490     1170.4146   243     1033.1029     1198.3591   807570   16.00%
   4864  3559     1088.8903   214     1033.1029     1198.1161   819289   15.97%
   4908  3599     1119.7217   251     1033.1029     1197.9478   829270   15.96%
   4973  3661     1110.4543   235     1033.1029     1197.9306   841085   15.95%
   5048  3724     1048.9004   182     1033.1029     1197.7740   853232   15.94%
   5141  3808     1036.3802   101     1033.1029     1197.7264   865452   15.93%
   5236  3888     1135.1280   230     1033.1029     1197.4524   876898   15.91%
   5312  3960     1086.0365   169     1033.1029     1197.0425   889550   15.87%
   5395  4039     1038.7633   189     1033.1029     1196.7952   901148   15.84%
Elapsed time = 67.64 sec. (94116.08 ticks, tree = 4.58 MB, solutions = 30)
   5479  4106     1188.2588   272     1033.1029     1196.7530   913019   15.84%
*  5508+ 4133                         1033.1034     1196.7530            15.84%
   5569  4186     1051.1141   121     1033.1034     1196.7530   924360   15.84%
   5599  4212     1135.3562   191     1033.1034     1196.6521   934658   15.83%
   5682  4288     1049.3189   115     1033.1034     1196.6403   947585   15.83%
   5729  4330     1049.4013   193     1033.1034     1196.4039   958534   15.81%
   5791  4382     1145.5630   267     1033.1034     1196.3649   970034   15.80%
   5845  4429     1133.0623   231     1033.1034     1196.3406   981026   15.80%
   5873  4452     1152.8832   263     1033.1034     1196.2448   990407   15.79%
   5925  4496     1041.3202   182     1033.1034     1196.1876  1000627   15.79%
   6138  4680     1035.9719   163     1033.1034     1195.9541  1042460   15.76%
Elapsed time = 76.49 sec. (106771.09 ticks, tree = 5.30 MB, solutions = 31)
   6320  4842     1172.9760   274     1033.1034     1195.2274  1083183   15.69%
*  6508+ 5017                         1033.1039     1195.1897            15.69%
   6593  5090     1097.9898   220     1033.1039     1195.0535  1128981   15.68%
   6796  5269     1178.1544   237     1033.1039     1194.5094  1171330   15.62%
   7038  5490     1079.8063   126     1033.1039     1194.2488  1217059   15.60%
   7320  5746     1173.7685   272     1033.1039     1193.9625  1263917   15.57%
*  7508+ 5903                         1033.8916     1193.9590            15.48%
*  7508+ 5903                         1033.8937     1193.9590            15.48%
*  7608+ 5994                         1033.8943     1193.5915            15.45%
   7611  5997     1054.6610   173     1033.8943     1193.5915  1308572   15.45%
   7832  6196     1107.6546   167     1033.8943     1193.3139  1351294   15.42%
   8131  6463     1081.5061   225     1033.8943     1192.9832  1394878   15.39%
   8376  6683     1091.6143   129     1033.8943     1192.5424  1439372   15.34%
*  8508+ 6804                         1033.8947     1192.4616            15.34%
   8618  6902     1054.3649   142     1033.8947     1192.3421  1484738   15.33%
Elapsed time = 104.37 sec. (145202.77 ticks, tree = 7.48 MB, solutions = 36)
   8826  7078     1109.2220   242     1033.8947     1191.6516  1532372   15.26%
   9145  7370     1101.9322   206     1033.8947     1191.3563  1582508   15.23%
   9411  7615     1121.1740   180     1033.8947     1191.2288  1626554   15.22%
   9657  7817     1147.8501   230     1033.8947     1190.8808  1670672   15.18%
   9951  8091     1073.0606   132     1033.8947     1190.5775  1712863   15.15%
  10226  8338     1078.0458   156     1033.8947     1190.3895  1755607   15.14%
  10482  8568     1160.6787   250     1033.8947     1189.8250  1794376   15.08%
* 10508+ 8592                         1033.8956     1189.8250            15.08%
* 10668+ 8741                         1033.8967     1189.6143            15.06%
* 10668+ 8741                         1033.8972     1189.6143            15.06%
* 10668+ 8741                         1033.8981     1189.6143            15.06%
* 10668+ 8741                         1033.8982     1189.6143            15.06%
* 10668+ 8741                         1033.8983     1189.6143            15.06%
* 10668+ 8741                         1033.9007     1189.6143            15.06%
  10668  8743     1048.3992   121     1033.9007     1189.6143  1814423   15.06%
* 10669+ 8656                         1035.5313     1189.6143            14.88%
* 10669+ 8656                         1035.5313     1189.6143            14.88%
* 10669+ 8656                         1035.5314     1189.6143            14.88%
* 10669+ 8656                         1035.5327     1189.6143            14.88%
* 10669+ 7970                         1045.8273     1189.6143            13.75%
* 10669+ 7970                         1045.8303     1189.6143            13.75%
* 10669+ 7970                         1045.8354     1189.6143            13.75%
* 10669+ 7970                         1045.8357     1189.6143            13.75%
* 10669+ 7970                         1045.8360     1189.6143            13.75%
* 10669+ 7970                         1045.8362     1189.6143            13.75%
* 10669+ 7970                         1045.8362     1189.6143            13.75%
* 10669+ 7970                         1045.8364     1189.6143            13.75%
* 10669+ 7970                         1045.8367     1189.6143            13.75%
* 10669+ 7970                         1045.8397     1189.6143            13.75%
* 10669+ 7969                         1045.8436     1189.6143            13.75%
* 10669+ 7969                         1045.8440     1189.6143            13.75%
* 10669+ 7968                         1045.9014     1189.6143            13.74%
* 10669+ 7968                         1045.9028     1189.6143            13.74%
* 10669+ 7968                         1045.9079     1189.6143            13.74%
* 10669+ 7959                         1046.1189     1189.6143            13.72%
  10669  7961     1166.1225   253     1046.1189     1189.6040  1815765   13.72%
* 10670+ 7589                         1050.3882     1189.6040            13.25%
* 10670+ 7589                         1050.3887     1189.6040            13.25%
Advanced basis not built.

GUB cover cuts applied:  63
Clique cuts applied:  165
Cover cuts applied:  15
Implied bound cuts applied:  131
Flow cuts applied:  18
Mixed integer rounding cuts applied:  195
Zero-half cuts applied:  90
Lift and project cuts applied:  16
Gomory fractional cuts applied:  3

Root node processing (before b&c):
  Real time             =    1.56 sec. (2003.00 ticks)
Sequential b&c:
  Real time             =  148.44 sec. (200514.56 ticks)
                          ------------
Total (root+branch&cut) =  150.00 sec. (202517.56 ticks)

Solution pool: 66 solutions saved.

MIP - Time limit exceeded, integer feasible:  Objective =  1.0503886826e+03
Current MIP best bound =  1.1896040113e+03 (gap = 139.215, 13.25%)
Solution time =  150.00 sec.  Iterations = 1816446  Nodes = 10670 (7590)
Deterministic time = 202517.57 ticks  (1350.08 ticks/sec)


Incumbent solution
Variable Name           Solution Value
F                          1160.000000
f1                            0.711317
f2                          108.900000
y157                          1.000000
y172                          1.000000
y44                           1.000000
y200                          1.000000
y205                          1.000000
y249                          1.000000
y180                          1.000000
y252                          1.000000
y214                          1.000000
y236                          1.000000
y91                           1.000000
y59                           1.000000
y50                           1.000000
y25                           1.000000
y134                          1.000000
y103                          1.000000
y109                          1.000000
y215                          1.000000
y222                          1.000000
y239                          1.000000
y123                          1.000000
y99                           1.000000
y137                          1.000000
y95                           1.000000
y235                          1.000000
y96                           1.000000
y139                          1.000000
y234                          1.000000
y194                          1.000000
y21                           1.000000
y242                          1.000000
y159                          1.000000
y174                          1.000000
y93                           1.000000
y56                           1.000000
s57                           0.020000
s72                           0.030000
s153                          0.080000
s80                           0.100000
s218                          0.110000
s157                          1.059349
s172                          0.989029
s210                          0.190000
s44                           0.839100
s243                          0.730000
s200                          0.829672
s140                          0.820000
s75                           0.900000
s205                          0.910000
s52                           1.030000
s88                           1.050000
s249                          1.060000
s180                          1.130000
s45                           1.200000
s252                          1.230000
s214                          1.250000
s182                          1.270000
s184                          1.300000
s125                          1.310000
s236                          1.310000
s91                           1.320000
s59                           1.340000
s50                           2.357462
s158                          1.360000
s97                           1.380000
s169                          1.380000
s25                           2.331082
s148                          1.390000
s114                          1.400000
s134                          1.957045
s103                          2.367487
s119                          1.460000
s109                          2.315151
s143                          1.490000
s49                           1.510000
s37                           1.520000
s215                          1.550000
s131                          1.570000
s222                          2.227862
s203                          1.590000
s239                          2.023529
s223                          1.650000
s123                          2.435951
s99                           2.642616
s137                          2.522878
s95                           2.477339
s235                          2.660366
s70                           1.800000
s96                           2.787360
s139                          3.754003
s234                          3.667256
s194                          3.957031
s21                           3.839428
s242                          3.918905
s77                           3.030000
s213                          3.070000
s159                          3.887658
s174                          3.768733
s93                           3.722376
s56                           3.388738
x0x157x1                      2.000000
x0x172x1                      1.000000
x0x252x1                      2.000000
x0x236x1                      2.000000
x0x59x1                       1.000000
x0x134x1                      1.000000
x0x44x2                       1.000000
x0x200x2                      1.000000
x0x205x2                      1.000000
x0x249x2                      1.000000
x0x180x2                      1.000000
x0x214x2                      2.000000
x0x91x2                       1.000000
x0x59x2                       1.000000
x0x172x3                      1.000000
x0x44x3                       1.000000
x0x200x3                      1.000000
x0x205x3                      1.000000
x0x249x3                      1.000000
x0x180x3                      1.000000
x0x91x3                       1.000000
x0x215x3                      2.000000
x157x96x1                     2.000000
x172x109x1                    1.000000
x172x123x3                    1.000000
x44x134x2                     1.000000
x44x50x3                      1.000000
x200x239x2                    1.000000
x200x109x3                    1.000000
x205x239x2                    1.000000
x205x50x3                     1.000000
x249x222x2                    1.000000
x249x222x3                    1.000000
x180x99x2                     1.000000
x180x25x3                     1.000000
x252x137x1                    2.000000
x214x123x2                    1.000000
x214x235x2                    1.000000
x236x25x1                     1.000000
x236x234x1                    1.000000
x91x95x2                      1.000000
x91x103x3                     1.000000
x59x103x1                     1.000000
x59x95x2                      1.000000
x50x139x3                     2.000000
x25x174x1                     1.000000
x25x93x3                      1.000000
x134x234x1                    1.000000
x134x0x2                      1.000000
x103x159x1                    1.000000
x103x242x3                    1.000000
x109x194x1                    1.000000
x109x0x3                      1.000000
x215x99x3                     1.000000
x215x235x3                    1.000000
x222x159x2                    1.000000
x222x93x3                     1.000000
x239x56x2                     2.000000
x123x242x2                    1.000000
x123x0x3                      1.000000
x99x0x2                       1.000000
x99x0x3                       1.000000
x137x194x1                    1.000000
x137x174x1                    1.000000
x95x0x2                       2.000000
x235x0x2                      1.000000
x235x0x3                      1.000000
x96x21x1                      2.000000
x139x0x3                      2.000000
x234x0x1                      2.000000
x194x0x1                      2.000000
x21x0x1                       2.000000
x242x0x2                      1.000000
x242x0x3                      1.000000
x159x0x1                      1.000000
x159x0x2                      1.000000
x174x0x1                      2.000000
x93x0x3                       2.000000
x56x0x2                       2.000000
z0z157z1                      1.000000
z0z172z1                      1.000000
z0z172z3                      1.000000
z0z44z2                       1.000000
z0z44z3                       1.000000
z0z200z2                      1.000000
z0z200z3                      1.000000
z0z75z3                       1.000000
z0z205z2                      1.000000
z0z205z3                      1.000000
z0z52z3                       1.000000
z0z249z2                      1.000000
z0z249z3                      1.000000
z0z180z2                      1.000000
z0z180z3                      1.000000
z0z45z1                       1.000000
z0z252z1                      1.000000
z0z214z2                      1.000000
z0z182z3                      1.000000
z0z125z3                      1.000000
z0z236z1                      1.000000
z0z91z2                       1.000000
z0z91z3                       1.000000
z0z59z1                       1.000000
z0z59z2                       1.000000
z0z50z3                       1.000000
z0z158z2                      1.000000
z0z169z3                      1.000000
z0z134z1                      1.000000
z0z215z3                      1.000000
z0z203z3                      1.000000
z0z239z2                      1.000000
z0z137z1                      1.000000
z0z95z2                       1.000000
z0z96z1                       1.000000
z0z139z3                      1.000000
z0z234z1                      1.000000
z0z194z1                      1.000000
z0z21z1                       1.000000
z0z77z1                       1.000000
z0z174z1                      1.000000
z0z93z3                       1.000000
z0z56z2                       1.000000
z153z56z2                     1.000000
z80z56z2                      1.000000
z157z96z1                     1.000000
z157z234z1                    1.000000
z157z194z1                    1.000000
z157z21z1                     1.000000
z157z77z1                     1.000000
z157z174z1                    1.000000
z172z109z1                    1.000000
z172z123z3                    1.000000
z172z139z3                    1.000000
z172z234z1                    1.000000
z172z194z1                    1.000000
z172z21z1                     1.000000
z172z77z1                     1.000000
z172z174z1                    1.000000
z172z93z3                     1.000000
z210z96z1                     1.000000
z210z234z1                    1.000000
z210z194z1                    1.000000
z210z21z1                     1.000000
z210z77z1                     1.000000
z210z174z1                    1.000000
z44z50z3                      1.000000
z44z134z2                     1.000000
z44z56z2                      1.000000
z200z109z3                    1.000000
z200z239z2                    1.000000
z205z50z3                     1.000000
z205z239z2                    1.000000
z249z222z2                    1.000000
z249z222z3                    1.000000
z180z25z3                     1.000000
z180z99z2                     1.000000
z45z96z1                      1.000000
z45z234z1                     1.000000
z45z194z1                     1.000000
z45z21z1                      1.000000
z45z77z1                      1.000000
z45z174z1                     1.000000
z252z137z1                    1.000000
z214z123z2                    1.000000
z214z235z2                    1.000000
z236z25z1                     1.000000
z236z234z1                    1.000000
z236z194z1                    1.000000
z236z174z1                    1.000000
z91z103z3                     1.000000
z91z95z2                      1.000000
z59z103z1                     1.000000
z59z95z2                      1.000000
z50z139z3                     1.000000
z25z174z1                     1.000000
z25z93z3                      1.000000
z134z234z1                    1.000000
z103z242z3                    1.000000
z103z159z1                    1.000000
z109z194z1                    1.000000
z215z99z3                     1.000000
z215z235z3                    1.000000
z215z93z3                     1.000000
z222z159z2                    1.000000
z222z93z3                     1.000000
z239z56z2                     1.000000
z123z242z2                    1.000000
z137z194z1                    1.000000
z137z174z1                    1.000000
z96z21z1                      1.000000
All other variables in the range 1-2920 are 0.
