
Log started (V12.10.0.0) Fri Apr 23 12:06:22 2021


Problem 'asset.lp' read.
Read time = 0.01 sec. (0.30 ticks)
New value for default parallel thread count: 1
New value for time limit in seconds: 150
Version identifier: 12.10.0.0 | 2019-11-26 | 843d4de
CPXPARAM_Threads                                 1
CPXPARAM_TimeLimit                               150
Found incumbent of value -0.638690 after 0.00 sec. (0.13 ticks)
Tried aggregator 12 times.
MIP Presolve eliminated 1240 rows and 74 columns.
MIP Presolve modified 2669 coefficients.
Aggregator did 895 substitutions.
Reduced MIP has 961 rows, 1114 columns, and 5065 nonzeros.
Reduced MIP has 979 binaries, 92 generals, 0 SOSs, and 0 indicators.
Presolve time = 0.03 sec. (24.74 ticks)
Probing fixed 13 vars, tightened 1 bounds.
Probing time = 0.01 sec. (4.66 ticks)
Tried aggregator 2 times.
Detecting symmetries...
MIP Presolve eliminated 97 rows and 31 columns.
MIP Presolve modified 330 coefficients.
Aggregator did 5 substitutions.
Reduced MIP has 859 rows, 1078 columns, and 4494 nonzeros.
Reduced MIP has 950 binaries, 90 generals, 0 SOSs, and 0 indicators.
Presolve time = 0.01 sec. (8.26 ticks)
Probing time = 0.00 sec. (2.47 ticks)
Clique table members: 2923.
MIP emphasis: balance optimality and feasibility.
MIP search method: dynamic search.
Parallel mode: none, using 1 thread.
Root relaxation solution time = 0.01 sec. (11.54 ticks)

        Nodes                                         Cuts/
   Node  Left     Objective  IInf  Best Integer    Best Bound    ItCnt     Gap

*     0+    0                           -0.6387     1068.9434              --- 
      0     0     1059.4097   307       -0.6387     1059.4097      637     --- 
      0     0     1056.5810   307       -0.6387     Cuts: 314     1229     --- 
      0     0     1056.5477   307       -0.6387     Cuts: 314     1572     --- 
      0     0     1055.8929   307       -0.6387     Cuts: 314     1948     --- 
      0     0     1053.3359   307       -0.6387     Cuts: 314     3122     --- 
      0     0     1052.4791   307       -0.6387     Cuts: 314     3444     --- 
Detecting symmetries...
      0     0     1051.6871   307       -0.6387     Cuts: 314     3808     --- 
      0     0     1050.3877   307       -0.6387     Cuts: 192     4133     --- 
      0     0     1049.9901   307       -0.6387     Cuts: 182     4340     --- 
      0     0     1049.1708   307       -0.6387     Cuts: 160     4543     --- 
      0     0     1048.7280   307       -0.6387     Cuts: 216     4721     --- 
      0     0     1048.5227   307       -0.6387     Cuts: 185     4922     --- 
      0     0     1048.1324   307       -0.6387     Cuts: 305     5190     --- 
      0     0     1047.7946   307       -0.6387     Cuts: 147     5471     --- 
      0     0     1047.5410   307       -0.6387     Cuts: 248     5753     --- 
      0     0     1047.3507   307       -0.6387     Cuts: 287     6009     --- 
      0     0     1047.3006   307       -0.6387     Cuts: 202     6121     --- 
      0     0     1047.2588   307       -0.6387      Cuts: 94     6235     --- 
*     0+    0                          229.5005     1047.2588           356.32%
*     0+    0                          304.5628     1047.2588           243.86%
      0     0        cutoff            304.5628     1047.2588     6235  243.86%
Detecting symmetries...
      0     2     1047.2588   292      304.5628     1047.2444     6235  243.85%
Elapsed time = 0.76 sec. (906.54 ticks, tree = 0.01 MB, solutions = 2)
      6     8     1044.3182   247      304.5628     1046.2398    10715  243.52%
     20    22     1043.8633   245      304.5628     1046.2398    13260  243.52%
     34    36     1006.9923   221      304.5628     1046.2398    17910  243.52%
     70    70      930.5849   180      304.5628     1046.2398    21217  243.52%
*   120+  100                          582.1304     1046.2398            79.73%
*   130   108      integral     0      582.1350     1046.2398    22862   79.72%
*   131   106      integral     0      582.1358     1046.2398    22864   79.72%
    136   111     1027.4207   233      582.1358     1046.2367    24756   79.72%
    156   131     1018.9246   230      582.1358     1046.2367    28729   79.72%
    172   147      990.9538   218      582.1358     1046.2367    32942   79.72%
    210   185      880.6134   107      582.1358     1046.2367    37341   79.72%
*   280   199      integral     0      775.1218     1046.2367    38553   34.98%
*   281   198      integral     0      775.1218     1046.2367    38555   34.98%
Elapsed time = 2.40 sec. (3060.35 ticks, tree = 0.90 MB, solutions = 7)
    457   374      933.5191   161      775.1218     1044.9870    56057   34.82%

Performing restart 1

Repeating presolve.
Tried aggregator 1 time.
MIP Presolve modified 1027 coefficients.
Reduced MIP has 859 rows, 1078 columns, and 3855 nonzeros.
Reduced MIP has 950 binaries, 90 generals, 0 SOSs, and 0 indicators.
Presolve time = 0.00 sec. (3.68 ticks)
Tried aggregator 1 time.
Reduced MIP has 859 rows, 1078 columns, and 3855 nonzeros.
Reduced MIP has 950 binaries, 90 generals, 0 SOSs, and 0 indicators.
Presolve time = 0.00 sec. (2.94 ticks)
Represolve time = 0.02 sec. (18.13 ticks)
    501     0     1031.7137   297      775.1218     Cuts: 314    61738   33.10%
    501     0     1026.7797   297      775.1218     Cuts: 227    62563   32.47%
    501     0     1021.8790   297      775.1218     Cuts: 195    63199   31.83%
*   501+    0                          775.1239     1021.8790            31.83%
    501     0        cutoff            775.1239     1021.8790    63199   31.83%
    501     0     1021.2109   297      775.1239     Cuts: 210    63560   31.75%
    501     0     1019.8645   297      775.1239     Cuts: 159    64061   31.57%
    501     0     1018.7386   297      775.1239     Cuts: 166    64434   31.43%
*   501+    0                          815.7464     1018.7386            24.88%
    501     0     1017.0194   297      815.7464     Cuts: 134    64872   24.67%
    501     0     1015.6743   297      815.7464     Cuts: 170    65304   24.51%
    501     0     1014.0823   297      815.7464     Cuts: 151    65818   24.31%
*   501+    0                          815.7466     1014.0823            24.31%
    501     0     1012.7973   297      815.7466     Cuts: 159    66150   24.16%
    501     0     1011.9081   297      815.7466     Cuts: 139    66467   24.05%
    501     0     1011.4700   297      815.7466     Cuts: 130    66751   23.99%
*   501+    0                          815.7466     1011.4700            23.99%
    501     0     1010.1230   297      815.7466      Cuts: 75    67259   23.83%
    501     0     1009.1745   297      815.7466     Cuts: 121    67492   23.71%
    501     0     1008.6870   297      815.7466      Cuts: 85    67893   23.65%
*   501+    0                          815.7481     1008.6870            23.65%
*   501+    0                          832.0880     1008.6870            21.22%
    501     0     1008.2563   297      832.0880     Cuts: 134    68134   21.17%
    501     0     1007.9867   297      832.0880      Cuts: 81    68395   21.14%
    501     0     1007.4168   297      832.0880      Cuts: 96    68788   21.07%
    501     0     1007.0891   297      832.0880     Cuts: 127    69147   21.03%
*   501+    0                          832.0883     1007.0891            21.03%
*   501+    0                          832.0885     1007.0891            21.03%
*   501+    0                          832.0885     1007.0891            21.03%
    501     0     1006.8813   297      832.0885     Cuts: 115    69534   21.01%
    501     0     1006.4122   297      832.0885     Cuts: 105    69718   20.95%
    501     0     1006.2699   297      832.0885      Cuts: 80    69946   20.93%
    501     0     1006.0139   297      832.0885      Cuts: 85    70162   20.90%
*   501+    0                          832.0886     1006.0139            20.90%
    501     0     1005.7280   297      832.0886      Cuts: 69    70350   20.87%
    501     0     1005.5171   297      832.0886     Cuts: 108    70602   20.84%
    501     0     1005.1517   297      832.0886      Cuts: 53    70810   20.80%
    501     0     1004.6732   297      832.0886      Cuts: 89    71189   20.74%
    501     0     1004.5892   297      832.0886      Cuts: 71    71390   20.73%
    501     0     1004.4767   297      832.0886      Cuts: 74    71555   20.72%
    501     0     1004.4395   297      832.0886      Cuts: 31    71663   20.71%
    501     0     1004.4202   297      832.0886      Cuts: 35    71724   20.71%
*   501+    0                          832.0886     1004.4202            20.71%
    501     2     1004.4202   278      832.0886     1004.3964    71724   20.71%
    511    12      995.8231   229      832.0886     1003.7468    77141   20.63%
    525    26      988.8480   217      832.0886     1003.7468    85497   20.63%
    545    44      977.6971   182      832.0886     1003.7468    91858   20.63%
    596    91      984.6510   222      832.0886     1002.4608   100678   20.48%
    641   136      958.7614   180      832.0886     1002.4608   110207   20.48%
    675   165      987.7408   225      832.0886     1002.4458   118181   20.47%
    741   225      973.4224   237      832.0886      998.1907   125836   19.96%
    828   303      958.0644   193      832.0886      996.5530   135712   19.77%
Elapsed time = 14.83 sec. (18923.23 ticks, tree = 1.44 MB, solutions = 18)
    904   375      961.4604   192      832.0886      996.0084   145344   19.70%
    972   431      939.0012   185      832.0886      995.2943   155703   19.61%
   1078   528      945.3794   183      832.0886      994.0395   165468   19.46%
   1165   605      952.1554   172      832.0886      993.0538   174845   19.34%
   1260   688      964.6609   162      832.0886      992.5269   185012   19.28%
   1348   762      932.9157   175      832.0886      992.3077   193871   19.26%
   1416   823      905.4653   149      832.0886      991.9198   203072   19.21%
   1477   874      963.3071   217      832.0886      991.2339   212228   19.13%
   1538   925      967.7630   220      832.0886      990.9886   222173   19.10%
   1628  1006      883.7865   185      832.0886      990.1627   232284   19.00%
Elapsed time = 22.21 sec. (28622.00 ticks, tree = 6.65 MB, solutions = 18)
   1687  1056      938.1778   215      832.0886      989.6685   244416   18.94%
   1763  1126      893.8752   138      832.0886      989.1035   254337   18.87%
   1844  1195      944.3261   169      832.0886      988.9737   264400   18.85%
   1945  1290      922.4499   157      832.0886      988.8435   273151   18.84%
   2050  1385      948.3733   205      832.0886      987.7838   283403   18.71%
   2136  1453      967.1817   212      832.0886      987.3991   293688   18.67%
   2236  1548      861.8537   141      832.0886      987.1495   303757   18.64%
   2325  1628      954.0544   195      832.0886      986.8169   313283   18.60%
   2403  1706      856.7785   106      832.0886      986.8169   323939   18.60%
   2518  1804      939.7203   149      832.0886      986.6720   332448   18.58%
Elapsed time = 29.55 sec. (38304.93 ticks, tree = 12.01 MB, solutions = 18)
   2642  1910      981.6568   242      832.0886      986.4801   344416   18.55%
   2720  1978      935.8702   222      832.0886      986.4109   356431   18.55%
   2833  2086      835.9087    56      832.0886      986.3510   366661   18.54%
*  2851+ 2089                          835.9006      986.3510            18.00%
*  2853  2091      integral     0      835.9007      986.3510   366769   18.00%
   2969  2197      912.5693   166      835.9007      985.6049   375520   17.91%
   3081  2292      973.0724   232      835.9007      984.5820   382958   17.79%
   3174  2381      920.7923   169      835.9007      984.0616   392017   17.72%
   3272  2464      951.4089   218      835.9007      983.3589   400719   17.64%
   3349  2533      960.3132   218      835.9007      983.2847   410186   17.63%
   3434  2610      961.1492   199      835.9007      983.1926   419155   17.62%
   3511  2683      884.3998   165      835.9007      983.1038   427932   17.61%
Elapsed time = 36.98 sec. (48087.05 ticks, tree = 16.57 MB, solutions = 20)
   3563  2729      889.8480   155      835.9007      982.6559   436205   17.56%
   3642  2803      908.1046   166      835.9007      982.4771   445192   17.54%
   3758  2907      916.3956   169      835.9007      982.1000   454896   17.49%
   3851  2987      853.7815   158      835.9007      982.0156   464432   17.48%
   3923  3047      968.8338   223      835.9007      981.8617   472322   17.46%
   4036  3146      955.3594   186      835.9007      981.4568   482501   17.41%
   4134  3236      977.1008   236      835.9007      981.1727   492858   17.38%
   4264  3351      967.8316   232      835.9007      981.0681   506829   17.37%
   4406  3479      959.2159   204      835.9007      980.9239   523275   17.35%
   4488  3557      951.9472   179      835.9007      980.8611   538914   17.34%
Elapsed time = 44.37 sec. (57790.65 ticks, tree = 22.21 MB, solutions = 20)
   4592  3652      946.8703   163      835.9007      980.8147   553663   17.34%
   4707  3759      862.1210   122      835.9007      980.7991   568563   17.33%
   4807  3840      960.0738   209      835.9007      980.6040   582014   17.31%
   4920  3943      957.1088   201      835.9007      980.4273   595465   17.29%
   4991  4006      950.9073   223      835.9007      979.7499   610006   17.21%
   5088  4097      906.2728   184      835.9007      979.7477   620447   17.21%
   5178  4173      895.7907   146      835.9007      979.4304   630703   17.17%
   5279  4257      966.5193   219      835.9007      979.3976   641763   17.17%
   5382  4348      961.3775   196      835.9007      979.2998   656724   17.16%
   5489  4448      945.1867   198      835.9007      978.9104   670405   17.11%
Elapsed time = 51.70 sec. (67524.01 ticks, tree = 25.11 MB, solutions = 20)
   5562  4517      928.4993   202      835.9007      978.7884   681915   17.09%
   5658  4602      894.3684   167      835.9007      978.5018   693952   17.06%
   5740  4674      933.5175   215      835.9007      978.4974   704995   17.06%
   5820  4750      953.3561   213      835.9007      978.4792   716951   17.06%
   5942  4862      926.4347   185      835.9007      978.3443   733014   17.04%
   6062  4972      888.5054   140      835.9007      978.2859   749216   17.03%
   6228  5124      932.7222   190      835.9007      978.0400   765949   17.00%
   6312  5192      951.6386   228      835.9007      977.9596   779485   16.99%
   6402  5276      870.6091   135      835.9007      977.9053   793020   16.99%
   6488  5354      914.6134   181      835.9007      977.7101   805805   16.96%
Elapsed time = 59.00 sec. (77174.55 ticks, tree = 28.04 MB, solutions = 20)
*  6501+ 5245                          843.9389      977.7101            15.85%
   6567  5302      939.8517   223      843.9389      977.6003   819695   15.84%
   6652  5384      884.2736    94      843.9389      977.4307   832991   15.82%
   6750  5470      915.8387   186      843.9389      977.3486   842973   15.81%
   6817  5534      897.6958   154      843.9389      977.2356   854288   15.79%
   6908  5612      915.8760   187      843.9389      977.0908   867034   15.78%
   7007  5697      911.5282   165      843.9389      976.9450   880815   15.76%
   7102  5778      940.7354   201      843.9389      976.7886   895202   15.74%
   7190  5857      944.7160   213      843.9389      976.2077   907507   15.67%
   7301  5952      946.0700   192      843.9389      976.0952   921137   15.66%
   7389  6031      921.8226   183      843.9389      976.0256   932205   15.65%
Elapsed time = 66.24 sec. (86817.18 ticks, tree = 29.32 MB, solutions = 21)
*  7501+ 6127                          843.9398      975.6173            15.60%
   7502  6130      951.5166   194      843.9398      975.6173   948562   15.60%
   7571  6192      911.2932   186      843.9398      975.4961   961626   15.59%
   7636  6250      962.4376   229      843.9398      975.3053   973475   15.57%
   7699  6301      921.7903   183      843.9398      975.2546   986073   15.56%
   7791  6385      944.6888   202      843.9398      975.1929  1000146   15.55%
   7879  6463      908.4795   166      843.9398      975.0051  1013191   15.53%
   7982  6552      925.1813   188      843.9398      974.8776  1024529   15.52%
   8054  6614      847.9745   176      843.9398      974.8640  1035398   15.51%
   8156  6702      962.4827   250      843.9398      974.2636  1044528   15.44%
*  8501+ 7000                          843.9413      973.4229            15.34%
   8511  7012      898.6555   163      843.9413      973.4229  1086279   15.34%
Elapsed time = 75.78 sec. (99426.46 ticks, tree = 34.36 MB, solutions = 23)
   8838  7296      919.4057   154      843.9413      972.8585  1136485   15.28%
   9230  7641      916.9252   163      843.9413      972.4335  1185907   15.23%
   9596  7976      966.2171   222      843.9413      971.9889  1233284   15.17%
*  9681  7865      integral     0      849.7029      971.9889  1242172   14.39%
   9973  8127      876.2825   109      849.7029      971.8025  1276793   14.37%
  10332  8447      910.3953   211      849.7029      971.4080  1316713   14.32%
* 10521+ 8606                          849.7030      971.1968            14.30%
* 10521+ 8606                          849.7042      971.1968            14.30%
* 10521+ 8604                          849.7057      971.1968            14.30%
* 10521+ 8595                          849.8120      971.1968            14.28%
* 10521+ 8595                          849.8137      971.1968            14.28%
* 10521+ 8361                          855.8805      971.1968            13.47%
* 10521+ 7538                          871.4266      971.1968            11.45%
* 10521+ 7538                          871.4269      971.1968            11.45%
  10521  7540      896.0589   182      871.4269      971.1968  1344563   11.45%
* 10522+ 7162                          877.7247      971.1968            10.65%
* 10522+ 6574                          887.2698      971.1968             9.46%
* 10522+ 6574                          887.2706      971.1968             9.46%
* 10522+ 6574                          887.2708      971.1968             9.46%
* 10522+ 6574                          887.2710      971.1968             9.46%
* 10522+ 6574                          887.2710      971.1968             9.46%
* 10522+ 6574                          887.2754      971.1968             9.46%
* 10522+ 6574                          887.2755      971.1968             9.46%
* 10522+ 6574                          887.2758      971.1968             9.46%
* 10522+ 6556                          887.6621      971.1968             9.41%
* 10522+ 6556                          887.6648      971.1968             9.41%
* 10522+ 6556                          887.6650      971.1968             9.41%
* 10522+ 6556                          887.6656      971.1968             9.41%
  10522  6558      942.4762   202      887.6656      971.1409  1345597    9.40%
* 10523+ 6430                          889.3898      971.1409             9.19%
* 10523+ 6429                          889.3922      971.1409             9.19%
* 10523+ 6429                          889.3922      971.1409             9.19%
* 10523+ 6429                          889.3922      971.1409             9.19%
* 10523+ 6429                          889.3924      971.1409             9.19%
* 10523+ 6429                          889.3924      971.1409             9.19%
  10523  6431      937.3168   221      889.3924      971.1028  1346018    9.19%
  10826  6677      949.3567   214      889.3924      970.3901  1386763    9.11%
  11057  6866      938.3945   227      889.3924      970.1634  1430930    9.08%
Elapsed time = 123.10 sec. (156575.30 ticks, tree = 35.59 MB, solutions = 51)
  11346  7093      934.9232   176      889.3924      969.9064  1477657    9.05%
  11667  7355      928.9847   214      889.3924      969.6313  1525327    9.02%
  12022  7647        cutoff            889.3924      969.3008  1572135    8.98%
  12300  7894      914.1701   227      889.3924      969.0828  1620849    8.96%
Starting limited solution polishing.
* 12401+ 7980                          889.3928      968.9643             8.95%
  12604  8161        cutoff            889.3928      968.8452  1671320    8.93%
* 12701+ 8233                          889.3930      968.8356             8.93%
  12833  8346      942.4604   186      889.3930      968.7598  1712112    8.92%
  13071  8543      957.1139   180      889.3930      968.6568  1757578    8.91%
* 13101+ 8569                          889.3931      968.6568             8.91%
  13338  8768      960.7486   207      889.3931      968.4168  1800295    8.89%
  13634  9013      932.8820   206      889.3931      968.1705  1850024    8.86%

GUB cover cuts applied:  145
Clique cuts applied:  147
Cover cuts applied:  14
Implied bound cuts applied:  127
Flow cuts applied:  29
Mixed integer rounding cuts applied:  191
Zero-half cuts applied:  68
Lift and project cuts applied:  19
Gomory fractional cuts applied:  4

Root node processing (before b&c):
  Real time             =    0.76 sec. (904.26 ticks)
Sequential b&c:
  Real time             =  149.24 sec. (190541.93 ticks)
                          ------------
Total (root+branch&cut) =  150.00 sec. (191446.18 ticks)

Solution pool: 55 solutions saved.

MIP - Time limit exceeded, integer feasible:  Objective =  8.8939307478e+02
Current MIP best bound =  9.6817052086e+02 (gap = 78.7774, 8.86%)
Solution time =  150.00 sec.  Iterations = 1854890  Nodes = 13656 (9030)
Deterministic time = 191446.19 ticks  (1276.30 ticks/sec)


Incumbent solution
Variable Name           Solution Value
F                           960.000000
f1                            0.756925
f2                           69.850000
y110                          1.000000
y140                          1.000000
y176                          1.000000
y103                          1.000000
y90                           1.000000
y160                          1.000000
y65                           1.000000
y85                           1.000000
y86                           1.000000
y108                          1.000000
y37                           1.000000
y91                           1.000000
y32                           1.000000
y112                          1.000000
y189                          1.000000
y83                           1.000000
y22                           1.000000
y54                           1.000000
y8                            1.000000
y45                           1.000000
y170                          1.000000
y167                          1.000000
y118                          1.000000
y49                           1.000000
y59                           1.000000
y43                           1.000000
y125                          1.000000
y87                           1.000000
y157                          1.000000
y115                          1.000000
y182                          1.000000
y34                           1.000000
y124                          1.000000
s110                          0.948683
s140                          0.946949
s176                          0.969994
s103                          0.959490
s192                          0.630000
s201                          0.690000
s156                          0.720000
s90                           0.796938
s160                          0.974064
s65                           0.986668
s85                           0.940000
s86                           0.966137
s108                          0.960000
s37                           2.005997
s141                          1.250000
s91                           2.114698
s32                           2.000462
s19                           1.530000
s112                          1.540000
s120                          1.550000
s189                          2.273645
s83                           2.319552
s22                           2.246850
s70                           1.960000
s54                           2.761911
s69                           1.990000
s165                          2.010000
s131                          2.050000
s119                          2.070000
s5                            2.140000
s8                            2.186471
s45                           2.259481
s10                           2.220000
s42                           2.260000
s170                          2.451242
s167                          2.493395
s99                           2.400000
s118                          2.492292
s49                           3.394471
s59                           3.362980
s130                          2.560000
s43                           3.518438
s125                          3.520844
s87                           3.508257
s157                          3.487174
s115                          3.642715
s182                          3.508257
s58                           2.820000
s34                           3.666235
s124                          3.710446
x0x110x1                      1.000000
x0x90x1                       1.000000
x0x65x1                       1.000000
x0x85x1                       1.000000
x0x86x1                       1.000000
x0x108x1                      1.000000
x0x112x1                      2.000000
x0x110x2                      1.000000
x0x140x2                      1.000000
x0x103x2                      1.000000
x0x160x2                      2.000000
x0x65x2                       1.000000
x0x85x2                       1.000000
x0x37x2                       1.000000
x0x140x3                      1.000000
x0x176x3                      2.000000
x0x103x3                      1.000000
x0x90x3                       1.000000
x0x86x3                       1.000000
x0x108x3                      1.000000
x0x32x3                       1.000000
x110x118x1                    1.000000
x110x167x2                    1.000000
x140x170x2                    1.000000
x140x170x3                    1.000000
x176x167x3                    1.000000
x176x118x3                    1.000000
x103x83x2                     1.000000
x103x83x3                     1.000000
x90x8x1                       1.000000
x90x32x3                      1.000000
x160x91x2                     2.000000
x65x189x1                     1.000000
x65x189x2                     1.000000
x85x37x1                      1.000000
x85x45x2                      1.000000
x86x22x1                      1.000000
x86x22x3                      1.000000
x108x8x1                      1.000000
x108x45x3                     1.000000
x37x157x1                     1.000000
x37x49x2                      1.000000
x91x87x2                      1.000000
x91x182x2                     1.000000
x32x157x3                     1.000000
x32x115x3                     1.000000
x112x54x1                     2.000000
x189x34x1                     1.000000
x189x0x2                      1.000000
x83x43x2                      1.000000
x83x43x3                      1.000000
x22x87x1                      1.000000
x22x182x3                     1.000000
x54x0x1                       2.000000
x8x59x1                       1.000000
x8x125x1                      1.000000
x45x49x2                      1.000000
x45x59x3                      1.000000
x170x125x2                    1.000000
x170x34x3                     1.000000
x167x124x2                    1.000000
x167x124x3                    1.000000
x118x0x1                      1.000000
x118x115x3                    1.000000
x49x0x2                       2.000000
x59x0x1                       1.000000
x59x0x3                       1.000000
x43x0x2                       1.000000
x43x0x3                       1.000000
x125x0x1                      1.000000
x125x0x2                      1.000000
x87x0x1                       1.000000
x87x0x2                       1.000000
x157x0x1                      1.000000
x157x0x3                      1.000000
x115x0x3                      2.000000
x182x0x2                      1.000000
x182x0x3                      1.000000
x34x0x1                       1.000000
x34x0x3                       1.000000
x124x0x2                      1.000000
x124x0x3                      1.000000
z0z110z1                      1.000000
z0z110z2                      1.000000
z0z140z2                      1.000000
z0z140z3                      1.000000
z0z176z3                      1.000000
z0z103z2                      1.000000
z0z103z3                      1.000000
z0z90z1                       1.000000
z0z90z3                       1.000000
z0z160z2                      1.000000
z0z65z1                       1.000000
z0z65z2                       1.000000
z0z85z1                       1.000000
z0z85z2                       1.000000
z0z86z1                       1.000000
z0z86z3                       1.000000
z0z108z1                      1.000000
z0z108z3                      1.000000
z0z37z2                       1.000000
z0z91z2                       1.000000
z0z32z3                       1.000000
z0z19z2                       1.000000
z0z112z1                      1.000000
z0z120z3                      1.000000
z0z54z1                       1.000000
z0z165z2                      1.000000
z0z131z3                      1.000000
z0z5z3                        1.000000
z0z8z1                        1.000000
z0z10z2                       1.000000
z0z42z2                       1.000000
z0z99z3                       1.000000
z0z49z2                       1.000000
z0z115z3                      1.000000
z0z58z2                       1.000000
z110z167z2                    1.000000
z110z118z1                    1.000000
z110z58z2                     1.000000
z140z170z2                    1.000000
z140z170z3                    1.000000
z140z58z2                     1.000000
z176z167z3                    1.000000
z176z118z3                    1.000000
z176z115z3                    1.000000
z103z83z2                     1.000000
z103z83z3                     1.000000
z192z115z3                    1.000000
z156z58z2                     1.000000
z90z32z3                      1.000000
z90z8z1                       1.000000
z160z91z2                     1.000000
z160z58z2                     1.000000
z65z189z1                     1.000000
z65z189z2                     1.000000
z85z37z1                      1.000000
z85z45z2                      1.000000
z86z22z1                      1.000000
z86z22z3                      1.000000
z108z8z1                      1.000000
z108z45z3                     1.000000
z37z49z2                      1.000000
z37z157z1                     1.000000
z91z87z2                      1.000000
z91z182z2                     1.000000
z32z157z3                     1.000000
z32z115z3                     1.000000
z112z54z1                     1.000000
z189z34z1                     1.000000
z83z43z2                      1.000000
z83z43z3                      1.000000
z22z87z1                      1.000000
z22z182z3                     1.000000
z8z59z1                       1.000000
z8z125z1                      1.000000
z45z49z2                      1.000000
z45z59z3                      1.000000
z170z125z2                    1.000000
z170z34z3                     1.000000
z167z124z2                    1.000000
z167z124z3                    1.000000
z118z115z3                    1.000000
All other variables in the range 1-2084 are 0.
