
Log started (V12.10.0.0) Fri Apr 23 12:11:26 2021


Problem 'asset.lp' read.
Read time = 0.01 sec. (0.43 ticks)
New value for default parallel thread count: 1
New value for time limit in seconds: 150
Version identifier: 12.10.0.0 | 2019-11-26 | 843d4de
CPXPARAM_Threads                                 1
CPXPARAM_TimeLimit                               150
Found incumbent of value 0.000000 after 0.00 sec. (0.11 ticks)
Tried aggregator 3 times.
MIP Presolve eliminated 1831 rows and 179 columns.
MIP Presolve modified 2649 coefficients.
Aggregator did 1185 substitutions.
Reduced MIP has 1415 rows, 1613 columns, and 7368 nonzeros.
Reduced MIP has 1418 binaries, 146 generals, 0 SOSs, and 0 indicators.
Presolve time = 0.02 sec. (13.80 ticks)
Probing fixed 233 vars, tightened 36 bounds.
Probing time = 0.02 sec. (11.25 ticks)
Cover probing fixed 0 vars, tightened 29 bounds.
Tried aggregator 2 times.
MIP Presolve eliminated 312 rows and 309 columns.
MIP Presolve modified 697 coefficients.
Aggregator did 3 substitutions.
Reduced MIP has 1100 rows, 1301 columns, and 5626 nonzeros.
Reduced MIP has 1146 binaries, 110 generals, 0 SOSs, and 0 indicators.
Presolve time = 0.01 sec. (8.98 ticks)
Probing time = 0.00 sec. (2.81 ticks)
Tried aggregator 1 time.
Detecting symmetries...
MIP Presolve modified 322 coefficients.
Reduced MIP has 1100 rows, 1301 columns, and 5626 nonzeros.
Reduced MIP has 1146 binaries, 110 generals, 0 SOSs, and 0 indicators.
Presolve time = 0.00 sec. (3.61 ticks)
Probing time = 0.00 sec. (2.80 ticks)
Clique table members: 3887.
MIP emphasis: balance optimality and feasibility.
MIP search method: dynamic search.
Parallel mode: none, using 1 thread.
Root relaxation solution time = 0.02 sec. (21.74 ticks)

        Nodes                                         Cuts/
   Node  Left     Objective  IInf  Best Integer    Best Bound    ItCnt     Gap

*     0+    0                            0.0000      630.0000              --- 
      0     0      529.7232   221        0.0000      529.7232      665     --- 
      0     0      525.6401   221        0.0000     Cuts: 218     1044     --- 
      0     0      523.7658   221        0.0000     Cuts: 334     1461     --- 
      0     0      523.0653   221        0.0000     Cuts: 297     1759     --- 
      0     0      522.3280   221        0.0000     Cuts: 263     2124     --- 
*     0+    0                           30.0000      522.3280              --- 
      0     0        cutoff             30.0000      522.3280     2124     --- 
      0     0      522.2184   221       30.0000     Cuts: 258     2445     --- 
Detecting symmetries...
      0     0      522.1589   221       30.0000     Cuts: 260     2732     --- 
      0     0      521.9643   221       30.0000     Cuts: 195     3248     --- 
      0     0      520.3163   221       30.0000     Cuts: 227     3940     --- 
      0     0      519.1038   221       30.0000     Cuts: 299     4341     --- 
      0     0      518.8055   221       30.0000     Cuts: 299     4524     --- 
*     0+    0                           50.0000      518.8055           937.61%
*     0+    0                           65.0000      518.8055           698.16%
      0     0      518.4038   221       65.0000     Cuts: 191     4801  697.54%
      0     0      518.0689   221       65.0000     Cuts: 280     5013  697.03%
      0     0      517.9475   221       65.0000     Cuts: 316     5205  696.84%
      0     0      517.9238   221       65.0000     Cuts: 210     5391  696.81%
      0     0      517.8167   221       65.0000     Cuts: 165     5549  696.64%
      0     0      517.7336   221       65.0000     Cuts: 265     5798  696.51%
*     0+    0                          100.0000      517.7336           417.73%
      0     0      517.1762   221      100.0000     Cuts: 283     6107  417.18%
      0     0      515.8475   221      100.0000     Cuts: 320     6534  415.85%
      0     0      514.9089   221      100.0000     Cuts: 375     6964  414.91%
      0     0      513.9141   221      100.0000     Cuts: 315     7261  413.91%
*     0+    0                          135.0000      513.9141           280.68%
      0     0        cutoff            135.0000      513.9141     7261  280.68%
      0     0      513.5516   221      135.0000     Cuts: 375     7467  280.41%
      0     0      511.8289   221      135.0000     Cuts: 263     7905  279.13%
      0     0      509.2710   221      135.0000     Cuts: 329     8365  277.24%
      0     0      509.2068   221      135.0000     Cuts: 375     8817  277.19%
Detecting symmetries...
      0     2      509.2068   189      135.0000      509.2068     8817  277.19%
Elapsed time = 1.01 sec. (1209.97 ticks, tree = 0.01 MB, solutions = 5)
     67    59      365.0000    50      135.0000      509.2068    13520  277.19%
    150   121      502.9588   203      135.0000      508.5372    16737  276.69%
    275   234    infeasible            135.0000      508.5372    20942  276.69%
*   276   233      integral     0      290.0000      508.5372    20947   75.36%
    300   257      486.3308   174      290.0000      508.5372    24799   75.36%
    402   359      507.4612   221      290.0000      508.0953    29815   75.21%
    480   437      470.0000   110      290.0000      508.0953    34111   75.21%

Performing restart 1

Repeating presolve.
Tried aggregator 2 times.
MIP Presolve modified 1260 coefficients.
Aggregator did 4 substitutions.
Reduced MIP has 1096 rows, 1297 columns, and 4658 nonzeros.
Reduced MIP has 1142 binaries, 110 generals, 0 SOSs, and 0 indicators.
Presolve time = 0.01 sec. (5.62 ticks)
Tried aggregator 1 time.
Reduced MIP has 1096 rows, 1297 columns, and 4658 nonzeros.
Reduced MIP has 1142 binaries, 110 generals, 0 SOSs, and 0 indicators.
Presolve time = 0.00 sec. (3.43 ticks)
Represolve time = 0.04 sec. (27.98 ticks)
    505     0      497.3672   249      290.0000     Cuts: 374    37700   71.51%
    505     0      489.5718   249      290.0000     Cuts: 286    38547   68.82%
    505     0      483.2888   249      290.0000     Cuts: 289    39707   66.65%
    505     0      482.2544   249      290.0000     Cuts: 219    40040   66.29%
    505     0      481.3359   249      290.0000     Cuts: 187    40206   65.98%
    505     0      478.8911   249      290.0000     Cuts: 160    40546   65.13%
    505     0      477.3928   249      290.0000     Cuts: 205    41424   64.62%
    505     0      476.9079   249      290.0000     Cuts: 245    41635   64.45%
    505     0      475.6013   249      290.0000     Cuts: 167    41905   64.00%
    505     0      475.2755   249      290.0000     Cuts: 181    42201   63.89%
    505     0      474.8120   249      290.0000     Cuts: 159    42496   63.73%
    505     0      474.1983   249      290.0000     Cuts: 125    42671   63.52%
    505     0      473.9895   249      290.0000     Cuts: 123    42872   63.44%
    505     0      473.5404   249      290.0000      Cuts: 91    43010   63.29%
    505     0      472.8951   249      290.0000      Cuts: 96    43225   63.07%
    505     0      472.8117   249      290.0000      Cuts: 74    43333   63.04%
    505     0      472.6336   249      290.0000      Cuts: 85    43441   62.98%
    505     0      472.5138   249      290.0000      Cuts: 64    43526   62.94%
    505     0      472.3173   249      290.0000     Cuts: 104    43656   62.87%
*   505+    0                          305.0000      472.3173            54.86%
*   505+    0                          320.0000      472.3173            47.60%
    505     0      472.0184   249      320.0000      Cuts: 96    43789   47.51%
    505     0      471.5141   249      320.0000     Cuts: 122    43898   47.35%
    505     0      471.4174   249      320.0000      Cuts: 64    43996   47.32%
    505     0      471.2675   249      320.0000     Cuts: 112    44127   47.27%
    505     0      471.1848   249      320.0000     Cuts: 116    44238   47.25%
    505     0      471.1100   249      320.0000      Cuts: 65    44338   47.22%
    505     0      470.9347   249      320.0000      Cuts: 95    44536   47.17%
    505     0      470.9178   249      320.0000     Cuts: 107    44615   47.16%
    505     0      470.9096   249      320.0000      Cuts: 46    44723   47.16%
    505     0      470.8987   249      320.0000      Cuts: 83    44808   47.16%
    505     0      470.8855   249      320.0000     Cuts: 105    44901   47.15%
    505     2      470.8855   203      320.0000      470.8101    44901   47.13%
    508     5      456.4622   150      320.0000      469.7352    46178   46.79%
    512     9      464.1815   175      320.0000      469.7352    46715   46.79%
    539    29      428.2218   136      320.0000      469.7352    50225   46.79%
Elapsed time = 7.21 sec. (8765.65 ticks, tree = 0.13 MB, solutions = 8)
    625   110      428.8784    84      320.0000      466.1209    57970   45.66%
    750   194        cutoff            320.0000      465.2760    65694   45.40%
    880   299      449.3103   152      320.0000      463.4168    75100   44.82%
   1050   438      449.6256   172      320.0000      462.5931    85261   44.56%
   1170   528      433.9453   144      320.0000      462.1148    94122   44.41%
   1317   645      457.9639   170      320.0000      461.4938   103240   44.22%
   1467   777      398.6459   120      320.0000      460.7242   111891   43.98%
   1603   892      459.0000   157      320.0000      459.0000   120109   43.44%
   1737  1000      425.7087   149      320.0000      458.9233   129267   43.41%
   1920  1158      360.3016    59      320.0000      458.6359   138275   43.32%
Elapsed time = 14.52 sec. (18533.66 ticks, tree = 8.55 MB, solutions = 8)
*  2065+ 1173                          340.0000      458.2326            34.77%
   2085  1191      425.4369   136      340.0000      457.9409   147034   34.69%
*  2165+ 1130                          355.0000      457.9382            29.00%
   2258  1213      434.6216   164      355.0000      457.5929   154701   28.90%
   2366  1304      434.7542   181      355.0000      457.3224   163089   28.82%
*  2425  1294      integral     0      365.0000      457.3224   165427   25.29%
   2504  1362      431.3136   151      365.0000      457.1216   171980   25.24%
*  2525+ 1245                          375.0000      457.1216            21.90%
   2658  1361      441.6598   173      375.0000      456.8485   181342   21.83%
   2756  1450      414.3151   148      375.0000      456.4744   188806   21.73%
   2848  1521      439.8395   172      375.0000      456.4134   199442   21.71%
   2978  1635      453.6524   205      375.0000      456.2830   209675   21.68%
   3089  1724      448.1625   176      375.0000      455.8507   217304   21.56%
   3187  1808      434.2461   190      375.0000      455.7376   226042   21.53%
Elapsed time = 21.74 sec. (28236.67 ticks, tree = 12.21 MB, solutions = 12)
   3291  1895      411.6667    90      375.0000      455.4300   234545   21.45%
   3433  2015      446.1487   145      375.0000      455.1811   242532   21.38%
   3591  2148      391.5251   107      375.0000      454.9377   251772   21.32%
   3757  2285      441.8519   150      375.0000      454.5578   260953   21.22%
   3887  2395      417.5000   132      375.0000      453.9589   269470   21.06%
   4094  2571      442.3397   164      375.0000      453.6438   278826   20.97%
   4219  2684      434.7590   155      375.0000      453.3837   286677   20.90%
   4421  2863      382.5000    71      375.0000      453.3333   295012   20.89%
   4556  2959      449.4622   180      375.0000      452.9882   303910   20.80%
   4694  3077      400.0000    74      375.0000      452.7299   312794   20.73%
Elapsed time = 28.91 sec. (37876.33 ticks, tree = 21.08 MB, solutions = 12)
   4845  3202      441.4065   138      375.0000      452.3404   322940   20.62%
   5025  3355      432.0780   183      375.0000      452.1099   333200   20.56%
   5160  3468      431.7206   167      375.0000      451.7830   343134   20.48%
   5316  3595        cutoff            375.0000      451.3605   352756   20.36%
   5443  3704      431.9977   140      375.0000      450.7656   362048   20.20%
*  5505+ 3654                          380.0000      450.7656            18.62%
   5580  3714        cutoff            380.0000      450.6984   371021   18.60%
   5740  3841      448.4277   158      380.0000      450.3264   380102   18.51%
   5849  3940      399.3658   104      380.0000      450.2495   388220   18.49%
   5971  4039      385.4322   127      380.0000      449.8982   396822   18.39%
   6106  4153      444.7207   199      380.0000      449.8436   405367   18.38%
Elapsed time = 36.20 sec. (47673.30 ticks, tree = 29.45 MB, solutions = 13)
   6266  4274      385.4024   119      380.0000      449.6848   414554   18.34%
   6431  4410      434.1137   154      380.0000      449.5020   422879   18.29%
   6530  4485      436.9903   164      380.0000      449.3505   430892   18.25%
   6637  4571      427.7835   168      380.0000      449.2608   440155   18.23%
   6837  4740      443.6822   180      380.0000      449.0575   449279   18.17%
   7002  4880      423.8088   152      380.0000      448.9103   459201   18.13%
   7180  5033      443.0502   164      380.0000      448.8359   469038   18.11%
   7316  5146      411.3904   150      380.0000      448.6383   478461   18.06%
   7528  5335      402.6633   140      380.0000      448.4017   488683   18.00%
   7651  5428      438.2464   170      380.0000      448.3333   498699   17.98%
Elapsed time = 43.50 sec. (57354.12 ticks, tree = 40.38 MB, solutions = 13)
   7813  5562      430.4572   145      380.0000      448.2625   507674   17.96%
   7947  5670      416.9384   146      380.0000      448.0554   517528   17.91%
*  8024  5459      integral     0      385.0000      448.0429   521571   16.37%
   8061  5488      429.7437   138      385.0000      448.0139   526133   16.37%
   8211  5619      417.6476   160      385.0000      447.8618   535156   16.33%
   8322  5697      439.2025   170      385.0000      447.8133   542325   16.32%
   8433  5790      437.2954   197      385.0000      447.7376   550350   16.30%
   8562  5900      443.0326   197      385.0000      447.6586   558969   16.27%
   8671  5996      412.3048   148      385.0000      447.6234   568295   16.27%
   8765  6059      417.0411   148      385.0000      447.4097   577071   16.21%
   8890  6170      402.8273   166      385.0000      447.3249   584741   16.19%
Elapsed time = 50.71 sec. (67019.33 ticks, tree = 47.89 MB, solutions = 14)
   8994  6250      393.4897   132      385.0000      447.1011   594302   16.13%
   9158  6385      411.8690   129      385.0000      447.0368   602463   16.11%
   9242  6445      432.0437   159      385.0000      446.9743   612088   16.10%
   9370  6542      426.1597   157      385.0000      446.8772   621070   16.07%
   9474  6625      410.2027   135      385.0000      446.8528   629967   16.07%
   9571  6704      435.9986   158      385.0000      446.6834   639746   16.02%
   9768  6871      425.1625   143      385.0000      446.6176   649342   16.00%
   9899  6974      409.4429   136      385.0000      446.5436   659319   15.99%
  10007  7055      390.3918   100      385.0000      446.4995   668951   15.97%
  10114  7134      409.8852   111      385.0000      446.3923   678333   15.95%
Elapsed time = 58.01 sec. (76662.69 ticks, tree = 57.35 MB, solutions = 14)
  10213  7205      419.2365   161      385.0000      446.2656   686447   15.91%
  10337  7306      407.2204   126      385.0000      446.1282   696225   15.88%
  10503  7446      426.9178   169      385.0000      445.9800   706169   15.84%
  10604  7530      422.2488   182      385.0000      445.8666   715979   15.81%
  10606  7532      435.8243   171      385.0000      445.8661   716509   15.81%
  10607  7533      413.2551   162      385.0000      445.8382   716792   15.80%
  10770  7664      413.4722   130      385.0000      445.6965   727199   15.77%
  10891  7761      422.3439   150      385.0000      445.6323   735919   15.75%
  11051  7897      429.6634   199      385.0000      445.4955   744866   15.71%
  11161  7980      403.7300   147      385.0000      445.3622   755096   15.68%
Elapsed time = 70.75 sec. (91205.01 ticks, tree = 64.62 MB, solutions = 14)
  11287  8082      392.7049   189      385.0000      445.2214   765267   15.64%
  11425  8196      411.7872   146      385.0000      445.0781   774730   15.60%
  11593  8347      410.0000    72      385.0000      445.0000   784324   15.58%
  11725  8464      404.9350    69      385.0000      445.0000   793179   15.58%
  11858  8576      437.8266   202      385.0000      445.0000   802390   15.58%
  11927  8622      436.7163   191      385.0000      444.9459   809121   15.57%
  12030  8704      399.1406   136      385.0000      444.8102   818457   15.54%
  12182  8834      438.3301   171      385.0000      444.6714   827439   15.50%
  12302  8934      437.2564   160      385.0000      444.5610   835314   15.47%
  12856  9391      400.6121    83      385.0000      444.3537   868602   15.42%
Elapsed time = 80.29 sec. (103808.78 ticks, tree = 77.10 MB, solutions = 14)
  13305  9748      409.0626   119      385.0000      444.0299   905256   15.33%
  13868 10203      421.2099   156      385.0000      443.7484   943279   15.26%
  14489 10709      429.4139   184      385.0000      443.5443   980589   15.21%
  15006 11132      402.0504    87      385.0000      443.4194  1017746   15.17%
  15464 11459      436.2550   194      385.0000      443.1441  1057335   15.10%
  15989 11886      427.4144   195      385.0000      442.8817  1091832   15.03%
  16475 12282      426.3416   170      385.0000      442.7550  1125117   15.00%
  17031 12711      392.5000    52      385.0000      442.4649  1158918   14.93%
  17504 13090      413.0208   151      385.0000      442.1673  1192739   14.85%
  18035 13487      431.2170   163      385.0000      441.8026  1228170   14.75%
Elapsed time = 109.27 sec. (142175.97 ticks, tree = 113.39 MB, solutions = 14)
  18522 13876      415.0000   127      385.0000      441.6023  1264172   14.70%
  19075 14320      391.6667    90      385.0000      441.4478  1302489   14.66%
  19616 14735      394.3712   141      385.0000      441.1170  1340266   14.58%
  20475 15492      392.8101    77      385.0000      440.9906  1377155   14.54%

Performing restart 2

Repeating presolve.
Tried aggregator 1 time.
MIP Presolve eliminated 167 rows and 0 columns.
MIP Presolve modified 25 coefficients.
Reduced MIP has 929 rows, 1297 columns, and 11019 nonzeros.
Reduced MIP has 1142 binaries, 110 generals, 0 SOSs, and 0 indicators.
Presolve time = 0.01 sec. (6.08 ticks)
Tried aggregator 1 time.
Reduced MIP has 929 rows, 1297 columns, and 11019 nonzeros.
Reduced MIP has 1142 binaries, 110 generals, 0 SOSs, and 0 indicators.
Presolve time = 0.01 sec. (6.42 ticks)
Represolve time = 0.09 sec. (71.63 ticks)
  20709     0      463.7063   259      385.0000      Cuts: 85  1398184   14.53%
  20709     0      463.2796   259      385.0000     Cuts: 160  1398581   14.53%
  20709     0      462.6690   259      385.0000     Cuts: 120  1398883   14.53%
  20709     0      462.4123   259      385.0000     Cuts: 113  1399647   14.53%
  20709     0      461.9659   259      385.0000     Cuts: 109  1400022   14.53%
  20709     0      461.1665   259      385.0000     Cuts: 244  1400325   14.53%
  20709     0      460.8673   259      385.0000     Cuts: 235  1400597   14.53%
  20709     0      460.5866   259      385.0000     Cuts: 198  1400775   14.53%
  20709     0      460.2462   259      385.0000     Cuts: 173  1401051   14.53%
  20709     0      459.5821   259      385.0000     Cuts: 143  1401319   14.53%
  20709     2      459.5821   181      385.0000      440.9347  1401319   14.53%
  20831    93      451.8479   162      385.0000      440.9347  1419002   14.53%
  21071   295      430.9940   146      385.0000      440.9347  1431178   14.53%
  21573   709      400.0000    34      385.0000      440.9347  1455220   14.53%
Starting limited solution polishing.
  21989  1030      417.3382    98      385.0000      440.9347  1491713   14.53%
  22439  1396      431.0515   199      385.0000      440.9347  1526040   14.53%
Elapsed time = 139.66 sec. (182544.93 ticks, tree = 9.80 MB, solutions = 14)
* 22609+ 1435                          390.0000      440.9347            13.06%
  22888  1651      426.8725   167      390.0000      440.9347  1560962   13.06%
  23264  1948      440.3634   156      390.0000      440.9347  1593969   13.06%
* 23409+ 1826                          395.0000      440.9347            11.63%
  23582  1956      441.6645   177      395.0000      440.9347  1620630   11.63%

GUB cover cuts applied:  46
Clique cuts applied:  50
Cover cuts applied:  34
Implied bound cuts applied:  108
Flow cuts applied:  13
Mixed integer rounding cuts applied:  73
Zero-half cuts applied:  52
Lift and project cuts applied:  25
Gomory fractional cuts applied:  8

Root node processing (before b&c):
  Real time             =    1.00 sec. (1204.13 ticks)
Sequential b&c:
  Real time             =  149.00 sec. (194214.21 ticks)
                          ------------
Total (root+branch&cut) =  150.00 sec. (195418.34 ticks)

Solution pool: 17 solutions saved.

MIP - Time limit exceeded, integer feasible:  Objective =  3.9500000000e+02
Current MIP best bound =  4.4093471956e+02 (gap = 45.9347, 11.63%)
Solution time =  150.00 sec.  Iterations = 1632898  Nodes = 23698 (2051)
Deterministic time = 195418.35 ticks  (1302.78 ticks/sec)


Incumbent solution
Variable Name           Solution Value
F                           395.000000
y149                          1.000000
y17                           1.000000
y144                          1.000000
y94                           1.000000
y101                          1.000000
y199                          1.000000
y105                          1.000000
y88                           1.000000
y102                          1.000000
y127                          1.000000
y30                           1.000000
y77                           1.000000
y62                           1.000000
y128                          1.000000
y184                          1.000000
y206                          1.000000
y63                           1.000000
y151                          1.000000
y72                           1.000000
y35                           1.000000
y29                           1.000000
y6                            1.000000
y80                           1.000000
x136x199x1                    1.000000
x150x149x1                    2.000000
x186x101x1                    1.000000
x155x199x1                    1.000000
x44x77x1                      1.000000
x3x17x1                       2.000000
x47x144x2                     1.000000
x47x77x2                      1.000000
x89x128x2                     1.000000
x111x105x2                    1.000000
x139x72x2                     1.000000
x191x94x2                     1.000000
x155x101x2                    1.000000
x44x127x2                     1.000000
x89x128x3                     1.000000
x111x105x3                    1.000000
x136x127x3                    1.000000
x139x62x3                     1.000000
x188x88x3                     2.000000
x191x94x3                     1.000000
x81x144x3                     1.000000
x149x102x1                    2.000000
x17x63x1                      1.000000
x17x72x1                      1.000000
x144x30x2                     1.000000
x144x62x3                     1.000000
x94x206x2                     1.000000
x94x184x3                     1.000000
x101x63x1                     1.000000
x101x30x2                     1.000000
x199x151x1                    1.000000
x199x35x1                     1.000000
x105x80x2                     1.000000
x105x6x3                      1.000000
x88x0x3                       2.000000
x102x29x1                     2.000000
x127x206x2                    1.000000
x127x151x3                    1.000000
x30x0x2                       2.000000
x77x0x1                       1.000000
x77x184x2                     1.000000
x62x0x3                       2.000000
x128x6x2                      1.000000
x128x35x3                     1.000000
x184x0x2                      1.000000
x184x0x3                      1.000000
x206x0x2                      2.000000
x63x0x1                       2.000000
x151x0x1                      1.000000
x151x0x3                      1.000000
x72x80x1                      1.000000
x72x0x2                       1.000000
x35x0x1                       1.000000
x35x0x3                       1.000000
x29x0x1                       2.000000
x6x0x2                        1.000000
x6x0x3                        1.000000
x80x0x1                       1.000000
x80x0x2                       1.000000
s47                           5.884233
s134                          6.240000
s138                          6.320000
s144                          7.232130
z47z144z2                     1.000000
s94                           7.563867
s101                          7.429659
s133                          7.879852
z47z133z2                     1.000000
s174                          7.230000
s159                          7.250000
s163                          7.460000
s105                          8.093726
s132                          7.530000
s107                          8.560000
s147                          8.570000
s127                          7.861492
s30                           8.690000
z47z30z2                      1.000000
s77                           7.724508
z47z77z2                      1.000000
s95                           7.916251
z47z95z2                      1.000000
s128                          8.119324
s184                          8.880000
s16                           8.950000
s206                          8.970000
z47z206z2                     1.000000
s72                           8.324403
s177                          8.160000
s6                            9.480000
s80                           9.490000
s89                           6.420000
s25                           7.400000
s73                           7.490000
s88                           8.131284
s68                           7.560000
s198                          8.560000
s204                          7.680000
s196                          7.710000
s62                           8.830000
z89z128z2                     1.000000
z89z128z3                     1.000000
s142                          8.880000
s197                          7.990000
s151                          9.020000
s35                           9.210000
s111                          6.494897
z111z105z2                    1.000000
z111z105z3                    1.000000
s136                          6.246033
s15                           6.650000
s199                          7.775441
z136z199z1                    1.000000
s79                           7.540000
s102                          8.185455
z136z127z3                    1.000000
s63                           8.990000
s29                           9.310000
z136z29z1                     1.000000
s139                          6.377746
z139z62z3                     1.000000
z139z72z2                     1.000000
s188                          6.577693
z188z88z3                     1.000000
z188z62z3                     1.000000
s191                          6.172638
s38                           6.530000
z191z94z2                     1.000000
z191z94z3                     1.000000
z191z206z2                    1.000000
s150                          5.069630
s149                          6.731445
z150z149z1                    1.000000
s76                           6.667963
s175                          5.980000
s20                           6.000000
s187                          6.794948
s17                           6.684090
s1                            6.290000
z150z199z1                    1.000000
z150z79z1                     1.000000
z150z102z1                    1.000000
z150z63z1                     1.000000
z150z29z1                     1.000000
s186                          4.993280
z186z101z1                    1.000000
z186z199z1                    1.000000
z186z79z1                     1.000000
z186z102z1                    1.000000
z186z63z1                     1.000000
z186z29z1                     1.000000
s155                          5.825660
z155z101z2                    1.000000
z155z199z1                    1.000000
z155z30z2                     1.000000
z155z95z2                     1.000000
z155z206z2                    1.000000
z155z63z1                     1.000000
z155z29z1                     1.000000
s44                           5.938380
z44z127z2                     1.000000
z44z30z2                      1.000000
z44z77z1                      1.000000
z44z95z2                      1.000000
z44z206z2                     1.000000
z44z63z1                      1.000000
z44z29z1                      1.000000
s81                           5.230000
s39                           6.010000
s178                          6.350000
z81z144z3                     1.000000
z81z15z3                      1.000000
z81z25z3                      1.000000
z81z73z3                      1.000000
z81z88z3                      1.000000
z81z68z3                      1.000000
z81z196z3                     1.000000
z81z62z3                      1.000000
z81z142z3                     1.000000
s3                            5.410000
z3z17z1                       1.000000
z3z199z1                      1.000000
z3z79z1                       1.000000
z3z102z1                      1.000000
z3z63z1                       1.000000
z3z29z1                       1.000000
z149z102z1                    1.000000
z149z29z1                     1.000000
z76z29z1                      1.000000
z175z29z1                     1.000000
z20z29z1                      1.000000
z187z29z1                     1.000000
z17z63z1                      1.000000
z17z72z1                      1.000000
z17z29z1                      1.000000
z1z29z1                       1.000000
z144z30z2                     1.000000
z144z62z3                     1.000000
z94z184z3                     1.000000
z94z206z2                     1.000000
z101z30z2                     1.000000
z101z63z1                     1.000000
z101z29z1                     1.000000
z199z151z1                    1.000000
z199z35z1                     1.000000
z199z29z1                     1.000000
z105z6z3                      1.000000
z105z80z2                     1.000000
z102z29z1                     1.000000
z127z206z2                    1.000000
z127z151z3                    1.000000
z77z184z2                     1.000000
z95z206z2                     1.000000
z128z35z3                     1.000000
z128z6z2                      1.000000
z72z80z1                      1.000000
All other variables in the range 1-2978 are 0.
