
Log started (V12.10.0.0) Thu Apr 15 15:16:00 2021


Problem 'asset.lp' read.
Read time = 0.01 sec. (0.41 ticks)
New value for default parallel thread count: 1
New value for time limit in seconds: 150
Version identifier: 12.10.0.0 | 2019-11-26 | 843d4de
CPXPARAM_Threads                                 1
CPXPARAM_TimeLimit                               150
Found incumbent of value 0.000000 after 0.00 sec. (0.12 ticks)
Tried aggregator 3 times.
MIP Presolve eliminated 653 rows and 277 columns.
MIP Presolve modified 3322 coefficients.
Aggregator did 1474 substitutions.
Reduced MIP has 1563 rows, 1966 columns, and 9097 nonzeros.
Reduced MIP has 1737 binaries, 174 generals, 0 SOSs, and 0 indicators.
Presolve time = 0.03 sec. (16.96 ticks)
Probing time = 0.00 sec. (2.84 ticks)
Tried aggregator 1 time.
Detecting symmetries...
MIP Presolve modified 324 coefficients.
Reduced MIP has 1563 rows, 1966 columns, and 9097 nonzeros.
Reduced MIP has 1737 binaries, 174 generals, 0 SOSs, and 0 indicators.
Presolve time = 0.01 sec. (5.70 ticks)
Probing time = 0.00 sec. (2.73 ticks)
Clique table members: 5900.
MIP emphasis: balance optimality and feasibility.
MIP search method: dynamic search.
Parallel mode: none, using 1 thread.
Root relaxation solution time = 0.03 sec. (43.37 ticks)

        Nodes                                         Cuts/
   Node  Left     Objective  IInf  Best Integer    Best Bound    ItCnt     Gap

*     0+    0                            0.0000      294.0000              --- 
      0     0      285.0577   298        0.0000      285.0577      834     --- 
      0     0      278.7479   298        0.0000     Cuts: 490     2508     --- 
      0     0      277.1238   298        0.0000     Cuts: 490     3556     --- 
      0     0      276.1646   298        0.0000     Cuts: 490     5908     --- 
*     0+    0                           28.0000      276.1646           886.30%
*     0+    0                           64.0000      276.1646           331.51%
*     0+    0                           66.0000      276.1646           318.43%
      0     0        cutoff             66.0000      276.1646     5908  318.43%
      0     0      274.5729   298       66.0000     Cuts: 490     8260  316.02%
      0     0      272.5628   298       66.0000     Cuts: 490     9281  312.97%
      0     0      269.8892   298       66.0000     Cuts: 490    11580  308.92%
*     0+    0                           88.0000      269.8892           206.69%
*     0+    0                           90.0000      269.8892           199.88%
*     0+    0                           98.0000      269.8892           175.40%
      0     0      268.0169   298       98.0000     Cuts: 490    12806  173.49%
      0     0      266.3910   298       98.0000     Cuts: 490    14251  171.83%
      0     0      265.5002   298       98.0000     Cuts: 490    16046  170.92%
*     0+    0                          100.0000      265.5002           165.50%
      0     0      265.0240   298      100.0000     Cuts: 490    16761  165.02%
      0     0      264.1073   298      100.0000     Cuts: 490    17619  164.11%
      0     0      262.5864   298      100.0000     Cuts: 490    18882  162.59%
      0     0      261.8304   298      100.0000     Cuts: 490    20389  161.83%
      0     0      261.1875   298      100.0000     Cuts: 490    21309  161.19%
      0     0      260.8238   298      100.0000     Cuts: 490    21911  160.82%
      0     0      259.8307   298      100.0000     Cuts: 490    23099  159.83%
      0     0      259.3371   298      100.0000     Cuts: 490    24280  159.34%
      0     0      258.8247   298      100.0000     Cuts: 490    25516  158.82%
      0     0      258.4706   298      100.0000     Cuts: 490    26203  158.47%
      0     0      258.3044   298      100.0000     Cuts: 490    27034  158.30%
      0     0      257.7207   298      100.0000     Cuts: 490    27934  157.72%
      0     0      257.3943   298      100.0000     Cuts: 490    28851  157.39%
      0     0      257.2732   298      100.0000     Cuts: 490    29622  157.27%
      0     0      257.2128   298      100.0000     Cuts: 490    30441  157.21%
      0     0      256.9727   298      100.0000     Cuts: 155    31318  156.97%
      0     0      256.9341   298      100.0000     Cuts: 490    32223  156.93%
      0     2      256.9341   308      100.0000      256.9341    32223  156.93%
Elapsed time = 4.34 sec. (5752.48 ticks, tree = 0.01 MB, solutions = 7)
      5     7      254.4118   314      100.0000      256.9341    34756  156.93%
      9    11      255.7276   312      100.0000      256.9341    38146  156.93%
     14    16      254.2309   300      100.0000      256.9341    40255  156.93%
     20    22      256.0761   252      100.0000      256.9341    41491  156.93%
     30    32      252.0920   287      100.0000      256.9341    43768  156.93%
     39    41      255.3657   287      100.0000      256.9341    47074  156.93%
     45    47      254.7867   283      100.0000      256.9341    49422  156.93%
     59    61      252.4425   272      100.0000      256.9341    52284  156.93%
     86    80      246.0631   232      100.0000      256.9341    54827  156.93%
    211   173      218.2426   203      100.0000      256.6556    65252  156.66%
Elapsed time = 6.71 sec. (9152.54 ticks, tree = 2.05 MB, solutions = 7)
*   319   241      integral     0      116.0000      256.6556    69669  121.25%
    360   280      252.0588   301      116.0000      256.6556    73065  121.25%
    443   363      251.7813   309      116.0000      256.4289    82412  121.06%

Performing restart 1

Repeating presolve.
Tried aggregator 1 time.
MIP Presolve modified 1727 coefficients.
Reduced MIP has 1563 rows, 1966 columns, and 7552 nonzeros.
Reduced MIP has 1737 binaries, 174 generals, 0 SOSs, and 0 indicators.
Presolve time = 0.01 sec. (6.53 ticks)
Tried aggregator 1 time.
Reduced MIP has 1563 rows, 1966 columns, and 7552 nonzeros.
Reduced MIP has 1737 binaries, 174 generals, 0 SOSs, and 0 indicators.
Presolve time = 0.01 sec. (5.31 ticks)
Represolve time = 0.06 sec. (43.85 ticks)
    493     0      246.0799   399      116.0000     Cuts: 391    94885  112.14%
    493     0      239.9997   399      116.0000     Cuts: 289    96132  106.90%
    493     0      236.9928   399      116.0000     Cuts: 313    97417  104.30%
    493     0      235.9615   399      116.0000     Cuts: 275    98244  103.42%
    493     0      235.2094   399      116.0000     Cuts: 199    98796  102.77%
    493     0      234.2741   399      116.0000     Cuts: 189    99312  101.96%
*   493+    0                          120.0000      234.2741            95.23%
*   493+    0                          122.0000      234.2741            92.03%
    493     0      233.7183   399      122.0000     Cuts: 153    99811   91.57%
    493     0      233.4888   399      122.0000     Cuts: 157   100138   91.38%
    493     0      233.2626   399      122.0000     Cuts: 117   100596   91.20%
*   493+    0                          124.0000      233.2626            88.11%
    493     0        cutoff            124.0000      233.2626   100596   88.11%
    493     0      232.9112   399      124.0000     Cuts: 133   101006   87.83%
    493     0      232.8024   399      124.0000     Cuts: 116   101298   87.74%
    493     0      232.7058   399      124.0000      Cuts: 84   101525   87.67%
    493     0      232.6620   399      124.0000      Cuts: 53   101667   87.63%
    493     0      232.2955   399      124.0000      Cuts: 54   101957   87.34%
    493     0      232.0367   399      124.0000      Cuts: 95   102298   87.13%
    493     0      231.7065   399      124.0000     Cuts: 107   102631   86.86%
    493     0      231.6227   399      124.0000     Cuts: 101   102817   86.79%
    493     0      231.5023   399      124.0000      Cuts: 85   103066   86.70%
*   493+    0                          126.0000      231.5023            83.73%
*   493+    0                          130.0000      231.5023            78.08%
*   493+    0                          132.0000      231.5023            75.38%
    493     0        cutoff            132.0000      231.5023   103066   75.38%
    493     0      231.4812   399      132.0000      Cuts: 91   103181   75.36%
    493     0      231.4696   399      132.0000      Cuts: 34   103253   75.36%
    493     0      231.4227   399      132.0000      Cuts: 27   103389   75.32%
*   493+    0                          134.0000      231.4227            72.70%
    493     0      231.3780   399      134.0000      Cuts: 44   103525   72.67%
    493     0      231.3487   399      134.0000      Cuts: 41   103642   72.65%
    493     0      231.3358   399      134.0000      Cuts: 48   103744   72.64%
    493     0      231.3281   399      134.0000      Cuts: 43   103826   72.63%
*   493+    0                          138.0000      231.3281            67.63%
    493     2      231.3281   375      138.0000      231.3279   103826   67.63%
    495     4      230.9548   349      138.0000      230.9543   105740   67.36%
    499     8      227.4810   315      138.0000      230.9529   108261   67.36%
    502    11      229.4679   319      138.0000      230.9529   111118   67.36%
    507    16      228.0332   310      138.0000      230.9529   113745   67.36%
    513    22      227.1674   311      138.0000      230.9529   116100   67.36%
    519    28      219.9516   275      138.0000      230.9529   118768   67.36%
    525    34      222.6598   280      138.0000      230.9529   121455   67.36%
Elapsed time = 31.20 sec. (41740.35 ticks, tree = 0.21 MB, solutions = 16)
    533    42      214.6693   247      138.0000      230.9529   125550   67.36%
    542    51      214.5826   273      138.0000      230.9529   129135   67.36%
    545    50      228.5967   332      138.0000      230.9488   136009   67.35%
    549    54      227.4723   326      138.0000      230.9488   139730   67.35%
    553    58      221.8881   294      138.0000      230.9488   143122   67.35%
    568    71      218.7695   288      138.0000      230.9488   146560   67.35%
    582    83      215.8681   272      138.0000      230.9488   151065   67.35%
    606   105    infeasible            138.0000      230.9488   155668   67.35%
    613   110      228.4551   324      138.0000      229.9692   158247   66.64%
    627   124      214.5234   255      138.0000      229.9692   162628   66.64%
Elapsed time = 38.77 sec. (53301.88 ticks, tree = 1.54 MB, solutions = 16)
    653   150      201.5080   211      138.0000      229.9692   166229   66.64%
    667   160      217.4843   274      138.0000      229.9611   171556   66.64%
    679   167      209.6670   251      138.0000      229.9611   174764   66.64%
    701   181    infeasible            138.0000      229.9611   180466   66.64%
    713   193      212.0368   263      138.0000      229.9536   184242   66.63%
    735   205      224.9542   338      138.0000      229.8979   189588   66.59%
    747   217      220.2512   314      138.0000      229.8979   193963   66.59%
    760   229      208.9831   243      138.0000      229.8979   198900   66.59%
    788   247      212.0569   263      138.0000      229.6083   203764   66.38%
    803   258      214.6801   264      138.0000      228.9750   207153   65.92%
Elapsed time = 45.76 sec. (63690.26 ticks, tree = 3.31 MB, solutions = 16)
    813   268      199.2242   194      138.0000      228.9750   211057   65.92%
    831   282      211.0230   267      138.0000      228.5952   215660   65.65%
    849   292      215.3987   270      138.0000      228.4534   220398   65.55%
    863   306      201.4103   209      138.0000      228.4534   224298   65.55%
    892   327        cutoff            138.0000      228.4534   227702   65.55%
    901   334      216.8970   288      138.0000      228.0031   231786   65.22%
    909   342      208.9968   270      138.0000      228.0031   235687   65.22%
    931   362      202.4707   234      138.0000      228.0031   240355   65.22%
    950   375      201.6144   226      138.0000      227.5416   245240   64.89%
    962   381        cutoff            138.0000      227.5416   251560   64.89%
Elapsed time = 52.42 sec. (73535.95 ticks, tree = 4.19 MB, solutions = 16)
    965   384      221.6646   281      138.0000      227.4718   253732   64.83%
    989   404      217.2459   307      138.0000      227.4107   258603   64.79%
   1001   416      203.5859   209      138.0000      227.4107   263854   64.79%
   1007   418      225.9037   326      138.0000      227.3814   269995   64.77%
   1013   424      217.3015   265      138.0000      227.3814   273049   64.77%
   1030   437      210.3961   261      138.0000      227.2116   278913   64.65%
   1045   448    infeasible            138.0000      227.2116   286122   64.65%
   1078   459      211.4137   273      138.0000      227.1933   291124   64.63%
   1097   473      225.3476   334      138.0000      227.1656   296664   64.61%
   1116   492      213.0123   242      138.0000      227.1656   301592   64.61%
Elapsed time = 59.74 sec. (84231.03 ticks, tree = 5.66 MB, solutions = 16)
   1123   495      225.3314   305      138.0000      227.1639   305784   64.61%
   1133   505      219.3376   273      138.0000      227.1639   309871   64.61%
   1143   515      214.4971   286      138.0000      227.1639   314431   64.61%
   1160   532      209.2562   258      138.0000      227.1639   319982   64.61%
   1184   555      196.3266   162      138.0000      227.1639   326256   64.61%
   1227   598      171.8029   134      138.0000      227.1639   332590   64.61%
   1296   662      223.8162   317      138.0000      227.1623   339092   64.61%
   1303   669      212.3909   238      138.0000      227.1623   344982   64.61%
   1312   674      216.7009   275      138.0000      226.8938   351601   64.42%
   1321   683      211.7559   277      138.0000      226.8938   357042   64.42%
Elapsed time = 67.04 sec. (95238.40 ticks, tree = 6.23 MB, solutions = 16)
   1328   690      206.4533   238      138.0000      226.8938   362188   64.42%
   1345   707      193.0360   176      138.0000      226.8938   369617   64.42%
   1398   750      181.3937   173      138.0000      226.8938   377641   64.42%
   1415   756      223.1159   329      138.0000      226.8492   381624   64.38%
   1426   767      216.8805   263      138.0000      226.8492   387476   64.38%
   1450   785      225.6344   337      138.0000      226.7538   394801   64.31%
   1460   795      218.7017   256      138.0000      226.7538   400550   64.31%
   1483   816      199.8419   206      138.0000      226.7538   408165   64.31%
   1514   839      223.1420   321      138.0000      226.7016   413311   64.28%
   1530   855      206.6569   244      138.0000      226.7016   420350   64.28%
Elapsed time = 74.13 sec. (106039.83 ticks, tree = 6.39 MB, solutions = 16)
   1556   873      218.4247   270      138.0000      226.6974   426835   64.27%
   1581   898      208.5932   233      138.0000      226.6974   434439   64.27%
   1608   917      200.0366   202      138.0000      226.6974   442175   64.27%
   1630   933      223.8302   313      138.0000      226.6569   448472   64.24%
   1642   945      210.3747   271      138.0000      226.6569   455846   64.24%
   1653   956      205.8497   223      138.0000      226.6569   461795   64.24%
   1682   985      192.8698   190      138.0000      226.6569   469108   64.24%
   1763  1022      217.0136   304      138.0000      226.5252   477504   64.15%
   1778  1033    infeasible            138.0000      226.5252   483769   64.15%
   1780  1035      215.6776   287      138.0000      226.5217   488110   64.15%
Elapsed time = 81.03 sec. (116530.65 ticks, tree = 6.62 MB, solutions = 16)
   1797  1052      197.6613   220      138.0000      226.5217   494338   64.15%
   1834  1085      215.8336   288      138.0000      226.2952   501351   63.98%
   1866  1113      176.9637   157      138.0000      226.2952   508845   63.98%
   1896  1137      215.5782   305      138.0000      226.2619   515161   63.96%
   1910  1148      198.2596   218      138.0000      226.2619   521085   63.96%
   1922  1154      219.4440   292      138.0000      225.9031   526218   63.70%
   1929  1161      208.9081   272      138.0000      225.9031   531711   63.70%
   1933  1165      207.5612   277      138.0000      225.9031   533718   63.70%
   1946  1178      194.4667   227      138.0000      225.9031   539241   63.70%
   2027  1249        cutoff            138.0000      225.8715   563270   63.67%
Elapsed time = 89.49 sec. (129539.79 ticks, tree = 6.81 MB, solutions = 16)
   2139  1349      192.8105   179      138.0000      225.7840   590383   63.61%
   2185  1383      213.1902   253      138.0000      225.7414   611385   63.58%
   2266  1450      214.5917   262      138.0000      225.6341   638172   63.50%
   2334  1512      205.6917   266      138.0000      225.5638   662474   63.45%
   2460  1621      204.0866   232      138.0000      225.5588   687359   63.45%
*  2493+ 1643                          140.0000      225.5588            61.11%
   2564  1703      210.3009   268      140.0000      225.3907   718743   60.99%
   2701  1818      200.5219   241      140.0000      225.3734   747087   60.98%
   2766  1865      215.0892   278      140.0000      225.3293   770514   60.95%
   2834  1925      212.4412   253      140.0000      225.3231   796023   60.95%
   2930  2011      217.3323   307      140.0000      225.2964   821846   60.93%
Elapsed time = 114.70 sec. (168237.31 ticks, tree = 7.67 MB, solutions = 17)
   2961  2042      195.5739   250      140.0000      225.2964   846967   60.93%
   3074  2128      194.8280   212      140.0000      225.2000   876360   60.86%
   3145  2186      220.9462   318      140.0000      224.9550   905457   60.68%
   3207  2240      187.1632   172      140.0000      224.9223   934920   60.66%
   3299  2322      189.7928   195      140.0000      224.8207   963200   60.59%
   3382  2393      211.6409   251      140.0000      224.7784   994957   60.56%
   3431  2438      187.2279   193      140.0000      224.7467  1023503   60.53%
   3536  2519      211.4971   299      140.0000      224.7320  1043842   60.52%
Starting limited solution polishing.
   3636  2611      220.2913   325      140.0000      224.7252  1070474   60.52%
   3683  2655      205.9813   244      140.0000      224.7128  1094616   60.51%
Elapsed time = 140.57 sec. (207461.49 ticks, tree = 8.42 MB, solutions = 17)
   3741  2709      206.5777   235      140.0000      224.7058  1113671   60.50%
   3793  2755      195.1306   234      140.0000      224.6647  1138635   60.47%

GUB cover cuts applied:  111
Clique cuts applied:  130
Cover cuts applied:  13
Implied bound cuts applied:  153
Flow cuts applied:  11
Mixed integer rounding cuts applied:  156
Zero-half cuts applied:  108
Lift and project cuts applied:  47
Gomory fractional cuts applied:  6

Root node processing (before b&c):
  Real time             =    4.33 sec. (5746.00 ticks)
Sequential b&c:
  Real time             =  145.67 sec. (215370.46 ticks)
                          ------------
Total (root+branch&cut) =  150.00 sec. (221116.46 ticks)

Solution pool: 18 solutions saved.

MIP - Time limit exceeded, integer feasible:  Objective =  1.4000000000e+02
Current MIP best bound =  2.2464194647e+02 (gap = 84.6419, 60.46%)
Solution time =  150.00 sec.  Iterations = 1158633  Nodes = 3867 (2810)
Deterministic time = 221116.47 ticks  (1474.09 ticks/sec)


Incumbent solution
Variable Name           Solution Value
F                           140.000000
y6                            1.000000
y13                           1.000000
y16                           1.000000
y22                           1.000000
y24                           1.000000
y48                           1.000000
y52                           1.000000
y53                           1.000000
y66                           1.000000
y76                           1.000000
y93                           1.000000
y110                          1.000000
y115                          1.000000
y130                          1.000000
y137                          1.000000
y143                          1.000000
y159                          1.000000
y166                          1.000000
y168                          1.000000
y180                          1.000000
y188                          1.000000
y189                          1.000000
y193                          1.000000
x61x13x1                      1.000000
x111x13x1                     1.000000
x111x110x1                    1.000000
x131x193x1                    1.000000
x163x115x1                    1.000000
x177x53x1                     1.000000
x27x52x2                      1.000000
x27x159x2                     1.000000
x40x115x2                     1.000000
x156x166x2                    1.000000
x156x188x2                    1.000000
x182x166x2                    1.000000
x105x93x3                     2.000000
x112x188x3                    1.000000
x112x193x3                    1.000000
x177x16x3                     1.000000
x182x110x3                    1.000000
x52x6x2                       1.000000
x115x6x2                      1.000000
b6b0b2                        2.000000
x13x76x1                      2.000000
x166x16x2                     1.000000
x16x48x2                      1.000000
x16x137x3                     1.000000
x53x22x1                      2.000000
b22b0b1                       2.000000
x76x24x1                      2.000000
b24b0b1                       2.000000
x180x48x1                     1.000000
b48b0b1                       1.000000
b48b0b2                       1.000000
x110x52x3                     1.000000
x52x143x3                     1.000000
x110x53x1                     1.000000
x159x66x2                     1.000000
b66b0b2                       1.000000
x159x66x3                     1.000000
b66b0b3                       1.000000
x93x189x3                     2.000000
x115x180x1                    1.000000
x193x130x1                    1.000000
x130x143x1                    1.000000
x166x130x2                    1.000000
x130x137x2                    1.000000
b137b0b2                      1.000000
b137b0b3                      1.000000
b143b0b1                      1.000000
b143b0b3                      1.000000
x188x159x3                    1.000000
x188x168x2                    1.000000
b168b0b2                      1.000000
x180x168x3                    1.000000
b168b0b3                      1.000000
x193x180x3                    1.000000
b189b0b3                      2.000000
s27                           5.713334
s2                            6.610000
s6                            8.680000
z27z6z2                       1.000000
s8                            8.140000
z27z8z2                       1.000000
s16                           7.829967
s20                           6.760000
s37                           8.260000
s41                           7.630000
s48                           9.240000
s52                           7.270720
z27z52z2                      1.000000
s64                           8.780000
s66                           9.020000
s87                           8.830000
s92                           8.980000
s103                          8.040000
z27z103z2                     1.000000
s113                          6.620000
s115                          6.660000
s130                          7.871933
s132                          8.240000
s137                          9.113594
s159                          7.636999
z27z159z2                     1.000000
s166                          6.660000
s168                          9.380000
s176                          8.370572
s178                          7.810000
z27z178z2                     1.000000
s188                          6.570000
s198                          7.770000
s201                          8.440000
s40                           2.690000
z40z6z2                       1.000000
z40z8z2                       1.000000
z40z20z2                      1.000000
s72                           6.117162
z40z103z2                     1.000000
z40z115z2                     1.000000
z40z166z2                     1.000000
z40z178z2                     1.000000
s61                           3.869164
s5                            8.500000
z61z5z1                       1.000000
s7                            8.220000
s9                            6.000000
z61z9z1                       1.000000
s11                           6.310000
s13                           6.000000
z61z13z1                      1.000000
s22                           8.860000
z61z22z1                      1.000000
s24                           8.689186
z61z24z1                      1.000000
s29                           9.310000
z61z29z1                      1.000000
s30                           7.620000
z61z30z1                      1.000000
s53                           7.362451
z61z53z1                      1.000000
s55                           8.450000
s56                           7.790000
z61z56z1                      1.000000
s76                           7.457286
z61z76z1                      1.000000
s80                           7.440000
s96                           9.380000
z61z96z1                      1.000000
s110                          6.000000
s125                          7.640000
z61z125z1                     1.000000
s126                          6.520000
s128                          9.360000
z61z128z1                     1.000000
s135                          9.250000
s143                          9.130000
s148                          6.000000
z61z148z1                     1.000000
s161                          9.430000
z61z161z1                     1.000000
s180                          7.740000
s181                          6.000000
s193                          6.630000
s105                          5.140000
s82                           7.580000
z105z82z3                     1.000000
s93                           7.046250
z105z93z3                     1.000000
s127                          7.990000
z105z127z3                    1.000000
s158                          8.490000
z105z158z3                    1.000000
s169                          6.000000
s187                          7.720000
z105z187z3                    1.000000
s189                          8.260000
z105z189z3                    1.000000
s199                          7.650000
z105z199z3                    1.000000
s111                          4.120907
z111z5z1                      1.000000
z111z9z1                      1.000000
z111z13z1                     1.000000
z111z22z1                     1.000000
z111z24z1                     1.000000
z111z29z1                     1.000000
z111z30z1                     1.000000
z111z53z1                     1.000000
z111z56z1                     1.000000
z111z76z1                     1.000000
z111z96z1                     1.000000
z111z110z1                    1.000000
z111z125z1                    1.000000
z111z128z1                    1.000000
z111z148z1                    1.000000
z111z161z1                    1.000000
s112                          4.430000
z112z82z3                     1.000000
z112z93z3                     1.000000
z112z127z3                    1.000000
z112z158z3                    1.000000
z112z187z3                    1.000000
z112z188z3                    1.000000
z112z189z3                    1.000000
z112z193z3                    1.000000
z112z199z3                    1.000000
s131                          2.830000
z131z5z1                      1.000000
z131z9z1                      1.000000
z131z13z1                     1.000000
z131z22z1                     1.000000
z131z24z1                     1.000000
z131z29z1                     1.000000
z131z30z1                     1.000000
z131z53z1                     1.000000
z131z56z1                     1.000000
z131z76z1                     1.000000
z131z96z1                     1.000000
z131z125z1                    1.000000
z131z128z1                    1.000000
z131z148z1                    1.000000
z131z161z1                    1.000000
z131z193z1                    1.000000
s156                          4.500000
z156z6z2                      1.000000
z156z8z2                      1.000000
z156z20z2                     1.000000
z156z103z2                    1.000000
z156z166z2                    1.000000
z156z178z2                    1.000000
z156z188z2                    1.000000
s163                          4.343529
z163z5z1                      1.000000
z163z22z1                     1.000000
z163z24z1                     1.000000
z163z29z1                     1.000000
z163z30z1                     1.000000
z163z53z1                     1.000000
z163z56z1                     1.000000
z163z76z1                     1.000000
z163z96z1                     1.000000
z163z115z1                    1.000000
z163z125z1                    1.000000
z163z128z1                    1.000000
z163z161z1                    1.000000
s177                          5.665936
z177z5z1                      1.000000
z177z16z3                     1.000000
z177z22z1                     1.000000
z177z24z1                     1.000000
z177z29z1                     1.000000
z177z30z1                     1.000000
z177z53z1                     1.000000
z177z56z1                     1.000000
z177z82z3                     1.000000
z177z96z1                     1.000000
z177z125z1                    1.000000
z177z127z3                    1.000000
z177z128z1                    1.000000
z177z158z3                    1.000000
z177z161z1                    1.000000
z177z187z3                    1.000000
z177z199z3                    1.000000
s182                          3.394531
z182z6z2                      1.000000
z182z8z2                      1.000000
z182z20z2                     1.000000
z182z82z3                     1.000000
z182z93z3                     1.000000
z182z103z2                    1.000000
z182z110z3                    1.000000
z182z127z3                    1.000000
z182z158z3                    1.000000
z182z166z2                    1.000000
z182z169z3                    1.000000
z182z178z2                    1.000000
z182z187z3                    1.000000
z182z189z3                    1.000000
z182z199z3                    1.000000
z2z161z1                      1.000000
z9z5z1                        1.000000
z9z22z1                       1.000000
z9z24z1                       1.000000
z9z29z1                       1.000000
z9z30z1                       1.000000
z9z56z1                       1.000000
z9z96z1                       1.000000
z9z125z1                      1.000000
z9z128z1                      1.000000
z9z161z1                      1.000000
z11z161z1                     1.000000
z13z5z1                       1.000000
z13z22z1                      1.000000
z13z24z1                      1.000000
z13z29z1                      1.000000
z13z30z1                      1.000000
z13z56z1                      1.000000
z13z76z1                      1.000000
z13z96z1                      1.000000
z13z125z1                     1.000000
z13z128z1                     1.000000
z13z161z1                     1.000000
z16z48z2                      1.000000
z16z137z3                     1.000000
z52z6z2                       1.000000
z52z143z3                     1.000000
z53z22z1                      1.000000
z53z161z1                     1.000000
z72z161z1                     1.000000
z76z24z1                      1.000000
z93z189z3                     1.000000
z110z52z3                     1.000000
z110z53z1                     1.000000
z110z161z1                    1.000000
z113z161z1                    1.000000
z115z6z2                      1.000000
z115z161z1                    1.000000
z115z180z1                    1.000000
z126z161z1                    1.000000
z130z137z2                    1.000000
z130z143z1                    1.000000
z148z22z1                     1.000000
z148z24z1                     1.000000
z148z29z1                     1.000000
z148z30z1                     1.000000
z148z56z1                     1.000000
z148z96z1                     1.000000
z148z125z1                    1.000000
z148z128z1                    1.000000
z148z161z1                    1.000000
z159z66z2                     1.000000
z159z66z3                     1.000000
z166z16z2                     1.000000
z166z130z2                    1.000000
z180z48z1                     1.000000
z180z161z1                    1.000000
z180z168z3                    1.000000
z181z5z1                      1.000000
z181z22z1                     1.000000
z181z24z1                     1.000000
z181z29z1                     1.000000
z181z30z1                     1.000000
z181z56z1                     1.000000
z181z82z3                     1.000000
z181z96z1                     1.000000
z181z125z1                    1.000000
z181z127z3                    1.000000
z181z128z1                    1.000000
z181z161z1                    1.000000
z181z187z3                    1.000000
z181z199z3                    1.000000
z188z159z3                    1.000000
z188z168z2                    1.000000
z193z130z1                    1.000000
z193z161z1                    1.000000
z193z180z3                    1.000000
All other variables in the range 1-3717 are 0.
