
Log started (V12.10.0.0) Mon Apr  5 17:40:57 2021


Problem 'asset.lp' read.
Read time = 0.02 sec. (1.99 ticks)
New value for default parallel thread count: 1
New value for time limit in seconds: 150
Version identifier: 12.10.0.0 | 2019-11-26 | 843d4de
CPXPARAM_Threads                                 1
CPXPARAM_TimeLimit                               150
Found incumbent of value -0.760769 after 0.00 sec. (0.86 ticks)
Tried aggregator 11 times.
MIP Presolve eliminated 3801 rows and 1051 columns.
MIP Presolve modified 14250 coefficients.
Aggregator did 6479 substitutions.
Reduced MIP has 6321 rows, 8901 columns, and 39888 nonzeros.
Reduced MIP has 7746 binaries, 1009 generals, 0 SOSs, and 0 indicators.
Presolve time = 0.17 sec. (189.60 ticks)
Probing fixed 40 vars, tightened 15 bounds.
Probing time = 0.10 sec. (57.90 ticks)
Tried aggregator 3 times.
Detecting symmetries...
MIP Presolve eliminated 185 rows and 91 columns.
MIP Presolve modified 555 coefficients.
Aggregator did 12 substitutions.
Reduced MIP has 6124 rows, 8798 columns, and 38400 nonzeros.
Reduced MIP has 7667 binaries, 991 generals, 0 SOSs, and 0 indicators.
Presolve time = 0.07 sec. (69.09 ticks)
Probing fixed 0 vars, tightened 18 bounds.
Probing time = 0.04 sec. (25.04 ticks)
Clique table members: 24957.
MIP emphasis: balance optimality and feasibility.
MIP search method: dynamic search.
Parallel mode: none, using 1 thread.
Root relaxation solution time = 0.13 sec. (171.09 ticks)

        Nodes                                         Cuts/
   Node  Left     Objective  IInf  Best Integer    Best Bound    ItCnt     Gap

*     0+    0                           -0.7608     3370.2929              --- 
      0     0     2965.3520   763       -0.7608     2965.3520     3227     --- 
      0     0     2902.6625   763       -0.7608    Cuts: 1631     6928     --- 
      0     0     2872.0549   763       -0.7608    Cuts: 1631    10694     --- 
      0     0     2839.8901   763       -0.7608    Cuts: 1631    12586     --- 
*     0+    0                          313.3148     2839.8901           806.40%
      0     0     2829.3819   763      313.3148    Cuts: 1631    13840  803.05%
      0     0     2820.8260   763      313.3148    Cuts: 1631    15724  800.32%
Detecting symmetries...
      0     0     2813.2033   763      313.3148    Cuts: 1631    17588  797.88%
      0     0     2807.9766   763      313.3148    Cuts: 1558    19398  796.22%
      0     0     2797.7680   763      313.3148    Cuts: 1631    21151  792.96%
      0     0     2794.9448   763      313.3148    Cuts: 1631    23376  792.06%
      0     0     2789.9613   763      313.3148    Cuts: 1628    26312  790.47%
      0     0     2786.2316   763      313.3148    Cuts: 1631    28437  789.28%
      0     0     2783.5715   763      313.3148    Cuts: 1459    30443  788.43%
      0     0     2782.3418   763      313.3148    Cuts: 1631    32609  788.03%
      0     0     2781.3596   763      313.3148    Cuts: 1631    33839  787.72%
      0     0     2780.2242   763      313.3148    Cuts: 1458    35048  787.36%
      0     0     2779.7537   763      313.3148    Cuts: 1047    35727  787.21%
      0     0     2777.3459   763      313.3148     Cuts: 800    37464  786.44%
      0     0     2775.9104   763      313.3148    Cuts: 1523    38653  785.98%
      0     0     2774.2800   763      313.3148    Cuts: 1230    40064  785.46%
      0     0     2772.7488   763      313.3148    Cuts: 1535    41813  784.97%
      0     0     2771.7637   763      313.3148    Cuts: 1118    43477  784.66%
*     0+    0                          600.8657     2771.7637           361.30%
*     0+    0                         1206.3381     2771.7637           129.77%
*     0+    0                         1260.3305     2771.7637           119.92%
      0     0        cutoff           1260.3305     2771.7637    43477  119.92%
      0     0     2770.7106   763     1260.3305    Cuts: 1044    44755  119.84%
      0     0     2769.2769   763     1260.3305     Cuts: 726    46212  119.73%
      0     0     2767.5132   763     1260.3305    Cuts: 1136    47338  119.59%
*     0+    0                         1338.5516     2767.5132           106.75%
*     0+    0                         1366.7495     2767.5132           102.49%
*     0+    0                         1376.8685     2767.5132           101.00%
      0     0        cutoff           1376.8685     2767.5132    47338  101.00%
      0     0     2764.9300   763     1376.8685    Cuts: 1290    49708  100.81%
      0     0     2764.3056   763     1376.8685    Cuts: 1631    50602  100.77%
      0     0     2763.2951   763     1376.8685     Cuts: 788    51230  100.69%
*     0+    0                         1398.6429     2763.2951            97.57%
*     0+    0                         1416.8683     2763.2951            95.03%
*     0+    0                         1416.8692     2763.2951            95.03%
*     0+    0                         1431.4086     2763.2951            93.05%
*     0+    0                         1431.4088     2763.2951            93.05%
      0     0        cutoff           1431.4088     2763.2951    51230   93.05%
      0     0     2762.3947   763     1431.4088     Cuts: 877    52069   92.98%
      0     0     2760.4378   763     1431.4088     Cuts: 911    53360   92.85%
      0     0     2759.3620   763     1431.4088    Cuts: 1090    54262   92.77%
      0     0     2758.8010   763     1431.4088     Cuts: 827    55028   92.73%
Detecting symmetries...
      0     2     2758.8010   884     1431.4088     2758.7936    55028   92.73%
Elapsed time = 27.74 sec. (35567.03 ticks, tree = 0.01 MB, solutions = 12)
      1     3     2755.6164   839     1431.4088     2758.7936    57158   92.73%
      4     6     2758.3739   826     1431.4088     2758.7517    58516   92.73%
      5     7     2753.5989   822     1431.4088     2758.7517    59642   92.73%
      7     9     2755.0235   800     1431.4088     2758.7517    63904   92.73%
      8    10     2757.6947   799     1431.4088     2758.7517    65153   92.73%
      9    11     2755.4963   834     1431.4088     2758.7517    66378   92.73%
     10    12     2749.3630   794     1431.4088     2758.7517    68867   92.73%
     11    13     2755.3053   826     1431.4088     2758.7517    70001   92.73%
     12    14     2754.3766   841     1431.4088     2758.7517    70834   92.73%
     15    17     2745.1666   782     1431.4088     2758.7517    74176   92.73%
Elapsed time = 32.29 sec. (42256.39 ticks, tree = 0.17 MB, solutions = 12)
     20    22     2740.1159   764     1431.4088     2758.7517    76553   92.73%
     29    31     2706.0529   714     1431.4088     2758.7517    80644   92.73%
     44    44     2732.1537   732     1431.4088     2758.7517    83892   92.73%
     61    55     2717.7740   706     1431.4088     2758.7517    86982   92.73%
     73    67     2649.3373   675     1431.4088     2758.7517    89862   92.73%
     84    78     2649.5762   677     1431.4088     2758.7517    91194   92.73%
    100    94     2599.5094   584     1431.4088     2758.7517    94720   92.73%
    120   114     2588.2377   561     1431.4088     2758.7517    96575   92.73%
    137   131     2530.0168   545     1431.4088     2758.7517   100500   92.73%
    153   147     2516.9785   491     1431.4088     2758.7517   104357   92.73%
Elapsed time = 40.74 sec. (54330.51 ticks, tree = 7.04 MB, solutions = 12)
    174   164     2504.3104   506     1431.4088     2758.7517   108263   92.73%
    185   175     2375.7515   488     1431.4088     2758.7517   112490   92.73%
    199   189     2393.4693   458     1431.4088     2758.7517   117044   92.73%
    208   198     2458.3237   471     1431.4088     2758.7517   120324   92.73%
    231   215     2350.7314   448     1431.4088     2758.7517   125278   92.73%
    249   229     2438.8680   451     1431.4088     2758.7517   128960   92.73%
    269   245     2369.0862   403     1431.4088     2758.7517   133449   92.73%
    295   267    infeasible           1431.4088     2758.7517   137673   92.73%
    322   286     2260.9559   354     1431.4088     2758.7517   142181   92.73%
    351   307     2265.7341   347     1431.4088     2758.7517   146523   92.73%
Elapsed time = 48.23 sec. (64668.57 ticks, tree = 16.55 MB, solutions = 12)
    391   339     2194.0996   283     1431.4088     2758.7517   150001   92.73%
    426   360    infeasible           1431.4088     2758.7517   154717   92.73%
    461   381     2043.6834   272     1431.4088     2758.7517   159616   92.73%

Performing restart 1

Repeating presolve.
Tried aggregator 2 times.
MIP Presolve eliminated 144 rows and 68 columns.
MIP Presolve modified 7888 coefficients.
Aggregator did 13 substitutions.
Reduced MIP has 5967 rows, 8717 columns, and 31856 nonzeros.
Reduced MIP has 7617 binaries, 967 generals, 0 SOSs, and 0 indicators.
Presolve time = 0.04 sec. (40.73 ticks)
Tried aggregator 1 time.
MIP Presolve eliminated 1 rows and 1 columns.
MIP Presolve modified 230 coefficients.
Reduced MIP has 5966 rows, 8716 columns, and 31854 nonzeros.
Reduced MIP has 7616 binaries, 967 generals, 0 SOSs, and 0 indicators.
Presolve time = 0.02 sec. (21.82 ticks)
Represolve time = 0.29 sec. (183.90 ticks)
    506     0     2685.4824   883     1431.4088    Cuts: 1109   191804   87.61%
    506     0     2662.8678   883     1431.4088     Cuts: 922   195478   86.03%
    506     0     2647.9388   883     1431.4088     Cuts: 623   198855   84.99%
    506     0     2634.8782   883     1431.4088     Cuts: 650   203486   84.08%
    506     0     2621.1394   883     1431.4088     Cuts: 672   206998   83.12%
    506     0     2612.6577   883     1431.4088     Cuts: 531   210078   82.52%
    506     0     2605.3818   883     1431.4088     Cuts: 615   212961   82.02%
    506     0     2597.7353   883     1431.4088     Cuts: 663   216194   81.48%
    506     0     2592.6784   883     1431.4088     Cuts: 655   219364   81.13%
    506     0     2589.1034   883     1431.4088     Cuts: 659   222198   80.88%
    506     0     2586.2979   883     1431.4088     Cuts: 495   224633   80.68%
    506     0     2584.6369   883     1431.4088     Cuts: 419   227262   80.57%
    506     0     2582.7939   883     1431.4088     Cuts: 409   229508   80.44%
    506     0     2580.5364   883     1431.4088     Cuts: 329   231221   80.28%
    506     0     2579.0947   883     1431.4088     Cuts: 459   233016   80.18%
    506     0     2576.6694   883     1431.4088     Cuts: 404   235127   80.01%
    506     0     2573.2336   883     1431.4088     Cuts: 445   237363   79.77%
    506     0     2571.5390   883     1431.4088     Cuts: 428   239081   79.65%
    506     0     2569.3793   883     1431.4088     Cuts: 353   241137   79.50%
    506     0     2567.9206   883     1431.4088     Cuts: 371   242699   79.40%
    506     0     2565.1421   883     1431.4088     Cuts: 425   244872   79.20%
    506     0     2563.8802   883     1431.4088     Cuts: 349   246790   79.12%
    506     0     2562.9406   883     1431.4088     Cuts: 427   248229   79.05%
    506     0     2562.3624   883     1431.4088     Cuts: 411   249473   79.01%
    506     0     2561.3817   883     1431.4088     Cuts: 359   250842   78.94%
    506     0     2561.0589   883     1431.4088     Cuts: 380   252455   78.92%
    506     0     2560.7372   883     1431.4088     Cuts: 341   253577   78.90%
    506     0     2559.9743   883     1431.4088     Cuts: 271   254912   78.84%
    506     0     2559.6207   883     1431.4088     Cuts: 365   256361   78.82%
    506     0     2559.0032   883     1431.4088     Cuts: 309   257953   78.78%
    506     0     2557.8934   883     1431.4088     Cuts: 320   260253   78.70%
    506     0     2557.5323   883     1431.4088     Cuts: 409   261371   78.67%
Advanced basis not built.

GUB cover cuts applied:  66
Clique cuts applied:  393
Cover cuts applied:  8
Implied bound cuts applied:  128
Flow cuts applied:  24
Mixed integer rounding cuts applied:  188
Zero-half cuts applied:  187
Lift and project cuts applied:  11
Gomory fractional cuts applied:  15

Root node processing (before b&c):
  Real time             =   27.69 sec. (35526.00 ticks)
Sequential b&c:
  Real time             =  122.32 sec. (163926.75 ticks)
                          ------------
Total (root+branch&cut) =  150.01 sec. (199452.75 ticks)

Solution pool: 13 solutions saved.

MIP - Time limit exceeded, integer feasible:  Objective =  1.4314087751e+03
Current MIP best bound =  2.5575322678e+03 (gap = 1126.12, 78.67%)
Solution time =  150.01 sec.  Iterations = 261371  Nodes = 506 (1)
Deterministic time = 199452.80 ticks  (1329.63 ticks/sec)


Incumbent solution
Variable Name           Solution Value
F                          1570.000000
f1                            0.786443
f2                          137.804782
y1                            1.000000
y3                            1.000000
y8                            1.000000
y12                           1.000000
y13                           1.000000
y16                           1.000000
y18                           1.000000
y19                           1.000000
y25                           1.000000
y43                           1.000000
y49                           1.000000
y61                           1.000000
y64                           1.000000
y69                           1.000000
y73                           1.000000
y88                           1.000000
y90                           1.000000
y93                           1.000000
y100                          1.000000
y102                          1.000000
y113                          1.000000
y135                          1.000000
y136                          1.000000
y149                          1.000000
y152                          1.000000
y158                          1.000000
y177                          1.000000
y180                          1.000000
y188                          1.000000
y198                          1.000000
y216                          1.000000
y218                          1.000000
y227                          1.000000
y232                          1.000000
y234                          1.000000
y237                          1.000000
y239                          1.000000
y250                          1.000000
y251                          1.000000
y257                          1.000000
y265                          1.000000
y268                          1.000000
y269                          1.000000
y276                          1.000000
y291                          1.000000
y293                          1.000000
y294                          1.000000
y300                          1.000000
s1                            5.856728
s3                            2.498655
s8                            5.590000
s10                           0.690000
s12                           4.973993
s13                           3.946060
s16                           5.890000
s18                           4.980000
s19                           4.450000
s22                           4.460000
s23                           1.820000
s24                           4.360000
s25                           0.885489
s28                           2.330000
s31                           2.970000
s32                           0.200000
s34                           4.130000
s41                           4.460000
s43                           2.559566
s48                           1.310000
s49                           2.680811
s50                           0.420000
s52                           4.190000
s53                           0.650000
s54                           3.360000
s56                           4.470000
s57                           1.100000
s59                           4.770000
s61                           2.520000
s63                           1.980000
s64                           3.021251
s66                           1.990000
s69                           4.160000
s70                           2.090000
s71                           2.830000
s73                           3.940000
s74                           4.230000
s79                           2.820000
s81                           0.320000
s82                           1.280000
s84                           1.930000
s85                           2.500000
s88                           5.155208
s89                           1.680000
s90                           2.136171
s92                           2.030000
s93                           5.879574
s94                           2.170000
s97                           2.420000
s100                          1.350000
s101                          4.050000
s102                          1.330000
s105                          0.480000
s106                          1.950000
s109                          4.400000
s111                          0.780000
s112                          4.220000
s113                          4.410000
s114                          4.420000
s115                          4.420000
s116                          3.590000
s120                          2.800000
s122                          5.710000
s123                          4.130000
s127                          1.740000
s130                          3.300000
s132                          3.760000
s133                          3.260000
s134                          3.770000
s135                          0.916903
s136                          5.679650
s137                          3.950000
s138                          2.200000
s139                          3.650000
s144                          2.990000
s147                          4.710000
s148                          2.090000
s149                          5.944750
s150                          4.530000
s152                          3.761104
s154                          3.310000
s158                          0.839947
s165                          0.610000
s166                          4.180000
s170                          3.920000
s171                          1.710000
s174                          5.430000
s176                          4.320000
s177                          4.553998
s180                          0.888695
s183                          0.430000
s184                          4.040000
s185                          3.120000
s187                          1.750000
s188                          0.843380
s189                          4.200000
s191                          4.070000
s192                          0.570000
s194                          1.380000
s197                          2.940000
s198                          3.828473
s199                          1.960000
s200                          4.410000
s203                          4.080000
s206                          5.530000
s207                          5.000000
s209                          4.320000
s212                          1.740000
s216                          3.821029
s217                          2.510000
s218                          1.010000
s219                          5.870000
s225                          2.530000
s226                          5.960000
s227                          2.154222
s228                          3.330000
s230                          4.400000
s232                          3.420000
s233                          4.370000
s234                          0.830154
s236                          1.120000
s237                          5.760000
s238                          4.250000
s239                          0.841005
s242                          0.730000
s245                          4.070000
s246                          3.410000
s249                          3.330000
s250                          4.632625
s251                          0.967770
s254                          1.940000
s255                          1.970000
s257                          2.566739
s259                          4.430000
s262                          4.000000
s264                          2.190000
s265                          5.910000
s266                          1.940000
s267                          3.830000
s268                          1.260000
s269                          5.219611
s270                          1.920000
s271                          3.040000
s272                          4.290000
s273                          0.260000
s276                          0.869226
s278                          0.690000
s282                          3.670000
s284                          2.670000
s291                          5.027686
s293                          3.826956
s294                          2.255265
s295                          4.390000
s296                          4.170000
s297                          0.710000
s298                          3.510000
s300                          2.147265
x0x25x1                       1.000000
x0x100x1                      2.000000
x0x102x1                      1.000000
x0x135x1                      2.000000
x0x158x1                      2.000000
x0x251x1                      1.000000
x0x180x2                      1.000000
x0x188x2                      2.000000
x0x218x2                      2.000000
x0x251x2                      1.000000
x0x268x2                      1.000000
x0x276x2                      2.000000
x0x25x3                       1.000000
x0x102x3                      1.000000
x0x113x3                      1.000000
x0x180x3                      1.000000
x0x234x3                      2.000000
x0x239x3                      2.000000
x0x268x3                      1.000000
x19x1x3                       1.000000
x250x1x3                      1.000000
x1x0x3                        2.000000
x102x3x1                      1.000000
x3x250x1                      1.000000
x188x3x2                      1.000000
x3x152x2                      1.000000
x69x8x2                       1.000000
x8x0x2                        1.000000
x90x8x3                       1.000000
x8x0x3                        1.000000
x73x12x3                      1.000000
x216x12x3                     1.000000
x12x0x3                       2.000000
x43x13x1                      1.000000
x13x265x1                     1.000000
x90x13x2                      1.000000
x13x237x2                     1.000000
x64x16x1                      1.000000
x16x0x1                       1.000000
x113x16x2                     1.000000
x16x0x2                       1.000000
x49x18x1                      1.000000
x300x18x1                     1.000000
x18x0x1                       2.000000
x257x19x1                     1.000000
x19x149x1                     1.000000
x180x19x3                     1.000000
x25x294x1                     1.000000
x25x90x3                      1.000000
x251x43x1                     1.000000
x251x43x2                     1.000000
x43x69x2                      1.000000
x135x49x1                     1.000000
x218x49x2                     1.000000
x49x113x2                     1.000000
x239x61x3                     2.000000
x61x198x3                     1.000000
x61x293x3                     1.000000
x100x64x1                     1.000000
x102x64x3                     1.000000
x64x250x3                     1.000000
x227x69x2                     1.000000
x69x136x2                     1.000000
x100x73x1                     1.000000
x73x291x1                     1.000000
x300x73x3                     1.000000
x198x88x3                     2.000000
x88x0x3                       2.000000
x180x90x2                     1.000000
x177x93x2                     2.000000
x93x0x2                       2.000000
x113x136x3                    1.000000
x135x257x1                    1.000000
x136x0x2                      1.000000
x136x0x3                      1.000000
x250x149x1                    1.000000
x149x0x1                      2.000000
x257x152x2                    1.000000
x152x237x2                    1.000000
x152x269x2                    1.000000
x158x294x1                    1.000000
x158x300x1                    1.000000
x232x177x2                    2.000000
x188x293x2                    1.000000
x227x198x3                    1.000000
x294x216x1                    1.000000
x216x291x1                    1.000000
x268x216x3                    1.000000
x218x227x2                    1.000000
x234x227x3                    1.000000
x276x232x2                    2.000000
x234x300x3                    1.000000
x237x0x2                      2.000000
x268x257x2                    1.000000
x265x0x1                      1.000000
x293x265x3                    1.000000
x265x0x3                      1.000000
x293x269x2                    1.000000
x269x0x2                      2.000000
x291x0x1                      2.000000
x294x0x1                      1.000000
z0z1z3                        1.000000
z0z12z3                       1.000000
z0z18z1                       1.000000
z0z22z1                       1.000000
z0z25z1                       1.000000
z0z25z3                       1.000000
z0z31z2                       1.000000
z0z41z3                       1.000000
z0z48z1                       1.000000
z0z56z3                       1.000000
z0z57z2                       1.000000
z0z59z1                       1.000000
z0z61z3                       1.000000
z0z66z1                       1.000000
z0z69z2                       1.000000
z0z70z3                       1.000000
z0z71z3                       1.000000
z0z79z2                       1.000000
z0z88z3                       1.000000
z0z89z2                       1.000000
z0z92z1                       1.000000
z0z93z2                       1.000000
z0z94z2                       1.000000
z0z97z1                       1.000000
z0z100z1                      1.000000
z0z101z2                      1.000000
z0z102z1                      1.000000
z0z102z3                      1.000000
z0z106z2                      1.000000
z0z109z3                      1.000000
z0z112z3                      1.000000
z0z113z3                      1.000000
z0z116z2                      1.000000
z0z120z3                      1.000000
z0z122z1                      1.000000
z0z123z3                      1.000000
z0z127z3                      1.000000
z0z132z1                      1.000000
z0z135z1                      1.000000
z0z144z2                      1.000000
z0z148z2                      1.000000
z0z149z1                      1.000000
z0z152z2                      1.000000
z0z158z1                      1.000000
z0z170z2                      1.000000
z0z171z3                      1.000000
z0z174z2                      1.000000
z0z177z2                      1.000000
z0z180z2                      1.000000
z0z180z3                      1.000000
z0z187z1                      1.000000
z0z188z2                      1.000000
z0z189z1                      1.000000
z0z194z3                      1.000000
z0z198z3                      1.000000
z0z203z1                      1.000000
z0z206z2                      1.000000
z0z207z2                      1.000000
z0z209z2                      1.000000
z0z218z2                      1.000000
z0z225z1                      1.000000
z0z226z1                      1.000000
z0z230z3                      1.000000
z0z232z2                      1.000000
z0z233z1                      1.000000
z0z234z3                      1.000000
z0z237z2                      1.000000
z0z238z3                      1.000000
z0z239z3                      1.000000
z0z245z3                      1.000000
z0z249z2                      1.000000
z0z251z1                      1.000000
z0z251z2                      1.000000
z0z254z1                      1.000000
z0z268z2                      1.000000
z0z268z3                      1.000000
z0z269z2                      1.000000
z0z271z1                      1.000000
z0z276z2                      1.000000
z0z291z1                      1.000000
z0z294z1                      1.000000
z0z295z3                      1.000000
z0z298z3                      1.000000
z3z93z2                       1.000000
z3z122z1                      1.000000
z3z149z1                      1.000000
z3z152z2                      1.000000
z3z174z2                      1.000000
z3z206z2                      1.000000
z3z207z2                      1.000000
z3z226z1                      1.000000
z3z237z2                      1.000000
z3z250z1                      1.000000
z10z69z2                      1.000000
z10z93z2                      1.000000
z10z101z2                     1.000000
z10z116z2                     1.000000
z10z170z2                     1.000000
z10z174z2                     1.000000
z10z177z2                     1.000000
z10z206z2                     1.000000
z10z207z2                     1.000000
z10z209z2                     1.000000
z10z232z2                     1.000000
z10z237z2                     1.000000
z10z269z2                     1.000000
z13z93z2                      1.000000
z13z122z1                     1.000000
z13z226z1                     1.000000
z13z237z2                     1.000000
z13z265z1                     1.000000
z19z1z3                       1.000000
z19z149z1                     1.000000
z23z1z3                       1.000000
z23z93z2                      1.000000
z23z174z2                     1.000000
z23z206z2                     1.000000
z23z207z2                     1.000000
z23z237z2                     1.000000
z23z269z2                     1.000000
z25z1z3                       1.000000
z25z12z3                      1.000000
z25z18z1                      1.000000
z25z22z1                      1.000000
z25z41z3                      1.000000
z25z56z3                      1.000000
z25z59z1                      1.000000
z25z88z3                      1.000000
z25z90z3                      1.000000
z25z109z3                     1.000000
z25z112z3                     1.000000
z25z122z1                     1.000000
z25z123z3                     1.000000
z25z132z1                     1.000000
z25z149z1                     1.000000
z25z189z1                     1.000000
z25z198z3                     1.000000
z25z203z1                     1.000000
z25z226z1                     1.000000
z25z230z3                     1.000000
z25z233z1                     1.000000
z25z238z3                     1.000000
z25z245z3                     1.000000
z25z291z1                     1.000000
z25z294z1                     1.000000
z25z295z3                     1.000000
z25z298z3                     1.000000
z28z18z1                      1.000000
z28z93z2                      1.000000
z28z122z1                     1.000000
z28z149z1                     1.000000
z28z174z2                     1.000000
z28z206z2                     1.000000
z28z207z2                     1.000000
z28z226z1                     1.000000
z28z237z2                     1.000000
z28z269z2                     1.000000
z31z237z2                     1.000000
z32z1z3                       1.000000
z32z12z3                      1.000000
z32z18z1                      1.000000
z32z22z1                      1.000000
z32z41z3                      1.000000
z32z56z3                      1.000000
z32z59z1                      1.000000
z32z88z3                      1.000000
z32z109z3                     1.000000
z32z112z3                     1.000000
z32z122z1                     1.000000
z32z123z3                     1.000000
z32z132z1                     1.000000
z32z149z1                     1.000000
z32z189z1                     1.000000
z32z198z3                     1.000000
z32z203z1                     1.000000
z32z226z1                     1.000000
z32z230z3                     1.000000
z32z233z1                     1.000000
z32z238z3                     1.000000
z32z245z3                     1.000000
z32z291z1                     1.000000
z32z295z3                     1.000000
z32z298z3                     1.000000
z43z13z1                      1.000000
z43z69z2                      1.000000
z43z93z2                      1.000000
z43z122z1                     1.000000
z43z149z1                     1.000000
z43z174z2                     1.000000
z43z206z2                     1.000000
z43z207z2                     1.000000
z43z226z1                     1.000000
z43z237z2                     1.000000
z43z269z2                     1.000000
z48z18z1                      1.000000
z48z22z1                      1.000000
z48z59z1                      1.000000
z48z122z1                     1.000000
z48z149z1                     1.000000
z48z189z1                     1.000000
z48z226z1                     1.000000
z48z233z1                     1.000000
z48z291z1                     1.000000
z49z18z1                      1.000000
z49z59z1                      1.000000
z49z93z2                      1.000000
z49z113z2                     1.000000
z49z122z1                     1.000000
z49z149z1                     1.000000
z49z174z2                     1.000000
z49z206z2                     1.000000
z49z207z2                     1.000000
z49z226z1                     1.000000
z49z237z2                     1.000000
z49z269z2                     1.000000
z50z18z1                      1.000000
z50z22z1                      1.000000
z50z59z1                      1.000000
z50z69z2                      1.000000
z50z93z2                      1.000000
z50z101z2                     1.000000
z50z116z2                     1.000000
z50z122z1                     1.000000
z50z132z1                     1.000000
z50z149z1                     1.000000
z50z152z2                     1.000000
z50z170z2                     1.000000
z50z174z2                     1.000000
z50z177z2                     1.000000
z50z189z1                     1.000000
z50z203z1                     1.000000
z50z206z2                     1.000000
z50z207z2                     1.000000
z50z209z2                     1.000000
z50z226z1                     1.000000
z50z232z2                     1.000000
z50z233z1                     1.000000
z50z237z2                     1.000000
z50z249z2                     1.000000
z50z269z2                     1.000000
z50z291z1                     1.000000
z53z69z2                      1.000000
z53z93z2                      1.000000
z53z101z2                     1.000000
z53z116z2                     1.000000
z53z170z2                     1.000000
z53z174z2                     1.000000
z53z177z2                     1.000000
z53z206z2                     1.000000
z53z207z2                     1.000000
z53z209z2                     1.000000
z53z232z2                     1.000000
z53z237z2                     1.000000
z53z269z2                     1.000000
z54z226z1                     1.000000
z57z69z2                      1.000000
z57z93z2                      1.000000
z57z101z2                     1.000000
z57z170z2                     1.000000
z57z174z2                     1.000000
z57z177z2                     1.000000
z57z206z2                     1.000000
z57z207z2                     1.000000
z57z209z2                     1.000000
z57z237z2                     1.000000
z57z269z2                     1.000000
z61z1z3                       1.000000
z61z198z3                     1.000000
z61z293z3                     1.000000
z63z18z1                      1.000000
z63z59z1                      1.000000
z63z93z2                      1.000000
z63z122z1                     1.000000
z63z149z1                     1.000000
z63z174z2                     1.000000
z63z206z2                     1.000000
z63z207z2                     1.000000
z63z226z1                     1.000000
z63z237z2                     1.000000
z63z269z2                     1.000000
z64z1z3                       1.000000
z64z16z1                      1.000000
z64z18z1                      1.000000
z64z122z1                     1.000000
z64z149z1                     1.000000
z64z226z1                     1.000000
z64z250z3                     1.000000
z66z18z1                      1.000000
z66z59z1                      1.000000
z66z122z1                     1.000000
z66z149z1                     1.000000
z66z226z1                     1.000000
z69z8z2                       1.000000
z69z136z2                     1.000000
z70z1z3                       1.000000
z71z238z3                     1.000000
z73z12z3                      1.000000
z73z291z1                     1.000000
z79z93z2                      1.000000
z79z174z2                     1.000000
z79z206z2                     1.000000
z79z237z2                     1.000000
z81z18z1                      1.000000
z81z22z1                      1.000000
z81z59z1                      1.000000
z81z69z2                      1.000000
z81z93z2                      1.000000
z81z101z2                     1.000000
z81z116z2                     1.000000
z81z122z1                     1.000000
z81z132z1                     1.000000
z81z149z1                     1.000000
z81z152z2                     1.000000
z81z170z2                     1.000000
z81z174z2                     1.000000
z81z177z2                     1.000000
z81z189z1                     1.000000
z81z203z1                     1.000000
z81z206z2                     1.000000
z81z207z2                     1.000000
z81z209z2                     1.000000
z81z226z1                     1.000000
z81z232z2                     1.000000
z81z233z1                     1.000000
z81z237z2                     1.000000
z81z249z2                     1.000000
z81z269z2                     1.000000
z81z291z1                     1.000000
z82z1z3                       1.000000
z82z41z3                      1.000000
z82z56z3                      1.000000
z82z69z2                      1.000000
z82z88z3                      1.000000
z82z93z2                      1.000000
z82z109z3                     1.000000
z82z112z3                     1.000000
z82z123z3                     1.000000
z82z174z2                     1.000000
z82z177z2                     1.000000
z82z206z2                     1.000000
z82z207z2                     1.000000
z82z209z2                     1.000000
z82z230z3                     1.000000
z82z237z2                     1.000000
z82z238z3                     1.000000
z82z245z3                     1.000000
z82z269z2                     1.000000
z82z295z3                     1.000000
z84z1z3                       1.000000
z84z93z2                      1.000000
z84z174z2                     1.000000
z84z206z2                     1.000000
z84z207z2                     1.000000
z84z237z2                     1.000000
z84z269z2                     1.000000
z85z93z2                      1.000000
z85z122z1                     1.000000
z85z149z1                     1.000000
z85z174z2                     1.000000
z85z206z2                     1.000000
z85z226z1                     1.000000
z85z237z2                     1.000000
z89z93z2                      1.000000
z89z174z2                     1.000000
z89z177z2                     1.000000
z89z206z2                     1.000000
z89z207z2                     1.000000
z89z209z2                     1.000000
z89z237z2                     1.000000
z89z269z2                     1.000000
z90z1z3                       1.000000
z90z8z3                       1.000000
z90z13z2                      1.000000
z90z56z3                      1.000000
z90z88z3                      1.000000
z90z93z2                      1.000000
z90z109z3                     1.000000
z90z174z2                     1.000000
z90z177z2                     1.000000
z90z206z2                     1.000000
z90z207z2                     1.000000
z90z209z2                     1.000000
z90z230z3                     1.000000
z90z237z2                     1.000000
z90z269z2                     1.000000
z90z295z3                     1.000000
z92z18z1                      1.000000
z92z22z1                      1.000000
z92z59z1                      1.000000
z92z122z1                     1.000000
z92z149z1                     1.000000
z92z226z1                     1.000000
z94z93z2                      1.000000
z94z174z2                     1.000000
z94z206z2                     1.000000
z94z207z2                     1.000000
z94z237z2                     1.000000
z94z269z2                     1.000000
z97z122z1                     1.000000
z97z149z1                     1.000000
z97z226z1                     1.000000
z100z18z1                     1.000000
z100z22z1                     1.000000
z100z59z1                     1.000000
z100z64z1                     1.000000
z100z73z1                     1.000000
z100z122z1                    1.000000
z100z149z1                    1.000000
z100z226z1                    1.000000
z100z233z1                    1.000000
z102z1z3                      1.000000
z102z3z1                      1.000000
z102z18z1                     1.000000
z102z22z1                     1.000000
z102z56z3                     1.000000
z102z59z1                     1.000000
z102z64z3                     1.000000
z102z88z3                     1.000000
z102z109z3                    1.000000
z102z122z1                    1.000000
z102z132z1                    1.000000
z102z149z1                    1.000000
z102z226z1                    1.000000
z102z230z3                    1.000000
z102z233z1                    1.000000
z102z291z1                    1.000000
z102z295z3                    1.000000
z105z18z1                     1.000000
z105z22z1                     1.000000
z105z59z1                     1.000000
z105z69z2                     1.000000
z105z93z2                     1.000000
z105z101z2                    1.000000
z105z116z2                    1.000000
z105z122z1                    1.000000
z105z132z1                    1.000000
z105z149z1                    1.000000
z105z152z2                    1.000000
z105z170z2                    1.000000
z105z174z2                    1.000000
z105z177z2                    1.000000
z105z189z1                    1.000000
z105z203z1                    1.000000
z105z206z2                    1.000000
z105z207z2                    1.000000
z105z209z2                    1.000000
z105z226z1                    1.000000
z105z232z2                    1.000000
z105z233z1                    1.000000
z105z237z2                    1.000000
z105z249z2                    1.000000
z105z269z2                    1.000000
z105z291z1                    1.000000
z106z93z2                     1.000000
z106z152z2                    1.000000
z106z174z2                    1.000000
z106z206z2                    1.000000
z106z207z2                    1.000000
z106z237z2                    1.000000
z106z269z2                    1.000000
z111z1z3                      1.000000
z111z12z3                     1.000000
z111z18z1                     1.000000
z111z22z1                     1.000000
z111z41z3                     1.000000
z111z56z3                     1.000000
z111z59z1                     1.000000
z111z88z3                     1.000000
z111z109z3                    1.000000
z111z112z3                    1.000000
z111z122z1                    1.000000
z111z123z3                    1.000000
z111z132z1                    1.000000
z111z149z1                    1.000000
z111z189z1                    1.000000
z111z198z3                    1.000000
z111z203z1                    1.000000
z111z226z1                    1.000000
z111z230z3                    1.000000
z111z233z1                    1.000000
z111z238z3                    1.000000
z111z245z3                    1.000000
z111z291z1                    1.000000
z111z295z3                    1.000000
z111z298z3                    1.000000
z113z16z2                     1.000000
z113z136z3                    1.000000
z127z1z3                      1.000000
z127z56z3                     1.000000
z127z109z3                    1.000000
z127z230z3                    1.000000
z127z295z3                    1.000000
z130z237z2                    1.000000
z133z93z2                     1.000000
z135z18z1                     1.000000
z135z22z1                     1.000000
z135z49z1                     1.000000
z135z59z1                     1.000000
z135z122z1                    1.000000
z135z132z1                    1.000000
z135z149z1                    1.000000
z135z189z1                    1.000000
z135z203z1                    1.000000
z135z226z1                    1.000000
z135z233z1                    1.000000
z135z257z1                    1.000000
z135z271z1                    1.000000
z135z291z1                    1.000000
z138z18z1                     1.000000
z138z93z2                     1.000000
z138z122z1                    1.000000
z138z149z1                    1.000000
z138z174z2                    1.000000
z138z206z2                    1.000000
z138z226z1                    1.000000
z138z237z2                    1.000000
z148z93z2                     1.000000
z148z174z2                    1.000000
z148z206z2                    1.000000
z148z207z2                    1.000000
z148z237z2                    1.000000
z148z269z2                    1.000000
z152z93z2                     1.000000
z152z237z2                    1.000000
z152z269z2                    1.000000
z154z93z2                     1.000000
z158z18z1                     1.000000
z158z22z1                     1.000000
z158z59z1                     1.000000
z158z122z1                    1.000000
z158z132z1                    1.000000
z158z149z1                    1.000000
z158z189z1                    1.000000
z158z203z1                    1.000000
z158z226z1                    1.000000
z158z233z1                    1.000000
z158z271z1                    1.000000
z158z291z1                    1.000000
z158z294z1                    1.000000
z158z300z1                    1.000000
z165z69z2                     1.000000
z165z93z2                     1.000000
z165z101z2                    1.000000
z165z116z2                    1.000000
z165z152z2                    1.000000
z165z170z2                    1.000000
z165z174z2                    1.000000
z165z177z2                    1.000000
z165z206z2                    1.000000
z165z207z2                    1.000000
z165z209z2                    1.000000
z165z232z2                    1.000000
z165z237z2                    1.000000
z165z249z2                    1.000000
z165z269z2                    1.000000
z171z1z3                      1.000000
z171z56z3                     1.000000
z171z109z3                    1.000000
z171z230z3                    1.000000
z171z295z3                    1.000000
z177z93z2                     1.000000
z180z1z3                      1.000000
z180z12z3                     1.000000
z180z19z3                     1.000000
z180z41z3                     1.000000
z180z56z3                     1.000000
z180z69z2                     1.000000
z180z88z3                     1.000000
z180z90z2                     1.000000
z180z93z2                     1.000000
z180z101z2                    1.000000
z180z109z3                    1.000000
z180z112z3                    1.000000
z180z116z2                    1.000000
z180z123z3                    1.000000
z180z170z2                    1.000000
z180z174z2                    1.000000
z180z177z2                    1.000000
z180z198z3                    1.000000
z180z206z2                    1.000000
z180z207z2                    1.000000
z180z209z2                    1.000000
z180z230z3                    1.000000
z180z232z2                    1.000000
z180z237z2                    1.000000
z180z238z3                    1.000000
z180z245z3                    1.000000
z180z269z2                    1.000000
z180z295z3                    1.000000
z180z298z3                    1.000000
z183z1z3                      1.000000
z183z12z3                     1.000000
z183z41z3                     1.000000
z183z56z3                     1.000000
z183z61z3                     1.000000
z183z88z3                     1.000000
z183z109z3                    1.000000
z183z112z3                    1.000000
z183z120z3                    1.000000
z183z123z3                    1.000000
z183z198z3                    1.000000
z183z230z3                    1.000000
z183z238z3                    1.000000
z183z245z3                    1.000000
z183z295z3                    1.000000
z183z298z3                    1.000000
z185z226z1                    1.000000
z185z237z2                    1.000000
z187z18z1                     1.000000
z187z59z1                     1.000000
z187z122z1                    1.000000
z187z149z1                    1.000000
z187z226z1                    1.000000
z188z3z2                      1.000000
z188z31z2                     1.000000
z188z69z2                     1.000000
z188z79z2                     1.000000
z188z93z2                     1.000000
z188z101z2                    1.000000
z188z116z2                    1.000000
z188z144z2                    1.000000
z188z152z2                    1.000000
z188z170z2                    1.000000
z188z174z2                    1.000000
z188z177z2                    1.000000
z188z206z2                    1.000000
z188z207z2                    1.000000
z188z209z2                    1.000000
z188z232z2                    1.000000
z188z237z2                    1.000000
z188z249z2                    1.000000
z188z269z2                    1.000000
z188z293z2                    1.000000
z192z31z2                     1.000000
z192z69z2                     1.000000
z192z79z2                     1.000000
z192z93z2                     1.000000
z192z101z2                    1.000000
z192z116z2                    1.000000
z192z144z2                    1.000000
z192z152z2                    1.000000
z192z170z2                    1.000000
z192z174z2                    1.000000
z192z177z2                    1.000000
z192z206z2                    1.000000
z192z207z2                    1.000000
z192z209z2                    1.000000
z192z232z2                    1.000000
z192z237z2                    1.000000
z192z249z2                    1.000000
z192z269z2                    1.000000
z194z1z3                      1.000000
z194z56z3                     1.000000
z194z88z3                     1.000000
z194z109z3                    1.000000
z194z230z3                    1.000000
z194z295z3                    1.000000
z197z93z2                     1.000000
z197z206z2                    1.000000
z197z237z2                    1.000000
z198z88z3                     1.000000
z199z1z3                      1.000000
z199z56z3                     1.000000
z199z93z2                     1.000000
z199z174z2                    1.000000
z199z206z2                    1.000000
z199z207z2                    1.000000
z199z237z2                    1.000000
z199z269z2                    1.000000
z209z93z2                     1.000000
z212z1z3                      1.000000
z212z56z3                     1.000000
z212z88z3                     1.000000
z212z93z2                     1.000000
z212z109z3                    1.000000
z212z174z2                    1.000000
z212z177z2                    1.000000
z212z206z2                    1.000000
z212z207z2                    1.000000
z212z209z2                    1.000000
z212z230z3                    1.000000
z212z237z2                    1.000000
z212z269z2                    1.000000
z212z295z3                    1.000000
z216z12z3                     1.000000
z216z291z1                    1.000000
z217z93z2                     1.000000
z217z122z1                    1.000000
z217z149z1                    1.000000
z217z174z2                    1.000000
z217z206z2                    1.000000
z217z226z1                    1.000000
z217z237z2                    1.000000
z218z49z2                     1.000000
z218z69z2                     1.000000
z218z93z2                     1.000000
z218z101z2                    1.000000
z218z116z2                    1.000000
z218z170z2                    1.000000
z218z174z2                    1.000000
z218z177z2                    1.000000
z218z206z2                    1.000000
z218z207z2                    1.000000
z218z209z2                    1.000000
z218z227z2                    1.000000
z218z237z2                    1.000000
z218z269z2                    1.000000
z225z122z1                    1.000000
z225z149z1                    1.000000
z225z226z1                    1.000000
z227z1z3                      1.000000
z227z56z3                     1.000000
z227z69z2                     1.000000
z227z93z2                     1.000000
z227z109z3                    1.000000
z227z174z2                    1.000000
z227z177z2                    1.000000
z227z198z3                    1.000000
z227z206z2                    1.000000
z227z207z2                    1.000000
z227z209z2                    1.000000
z227z230z3                    1.000000
z227z237z2                    1.000000
z227z269z2                    1.000000
z227z295z3                    1.000000
z228z226z1                    1.000000
z232z177z2                    1.000000
z233z122z1                    1.000000
z233z149z1                    1.000000
z234z1z3                      1.000000
z234z12z3                     1.000000
z234z41z3                     1.000000
z234z56z3                     1.000000
z234z88z3                     1.000000
z234z109z3                    1.000000
z234z112z3                    1.000000
z234z123z3                    1.000000
z234z198z3                    1.000000
z234z227z3                    1.000000
z234z230z3                    1.000000
z234z238z3                    1.000000
z234z245z3                    1.000000
z234z295z3                    1.000000
z234z298z3                    1.000000
z234z300z3                    1.000000
z236z1z3                      1.000000
z236z12z3                     1.000000
z236z18z1                     1.000000
z236z22z1                     1.000000
z236z41z3                     1.000000
z236z56z3                     1.000000
z236z59z1                     1.000000
z236z88z3                     1.000000
z236z109z3                    1.000000
z236z112z3                    1.000000
z236z122z1                    1.000000
z236z123z3                    1.000000
z236z132z1                    1.000000
z236z149z1                    1.000000
z236z189z1                    1.000000
z236z203z1                    1.000000
z236z226z1                    1.000000
z236z230z3                    1.000000
z236z233z1                    1.000000
z236z238z3                    1.000000
z236z245z3                    1.000000
z236z291z1                    1.000000
z236z295z3                    1.000000
z239z1z3                      1.000000
z239z12z3                     1.000000
z239z41z3                     1.000000
z239z56z3                     1.000000
z239z61z3                     1.000000
z239z71z3                     1.000000
z239z88z3                     1.000000
z239z109z3                    1.000000
z239z112z3                    1.000000
z239z120z3                    1.000000
z239z123z3                    1.000000
z239z198z3                    1.000000
z239z230z3                    1.000000
z239z238z3                    1.000000
z239z245z3                    1.000000
z239z295z3                    1.000000
z239z298z3                    1.000000
z242z18z1                     1.000000
z242z22z1                     1.000000
z242z59z1                     1.000000
z242z69z2                     1.000000
z242z93z2                     1.000000
z242z101z2                    1.000000
z242z116z2                    1.000000
z242z122z1                    1.000000
z242z132z1                    1.000000
z242z149z1                    1.000000
z242z170z2                    1.000000
z242z174z2                    1.000000
z242z177z2                    1.000000
z242z189z1                    1.000000
z242z203z1                    1.000000
z242z206z2                    1.000000
z242z207z2                    1.000000
z242z209z2                    1.000000
z242z226z1                    1.000000
z242z232z2                    1.000000
z242z233z1                    1.000000
z242z237z2                    1.000000
z242z269z2                    1.000000
z242z291z1                    1.000000
z246z226z1                    1.000000
z249z93z2                     1.000000
z249z237z2                    1.000000
z250z1z3                      1.000000
z250z149z1                    1.000000
z251z18z1                     1.000000
z251z22z1                     1.000000
z251z43z1                     1.000000
z251z43z2                     1.000000
z251z59z1                     1.000000
z251z69z2                     1.000000
z251z93z2                     1.000000
z251z101z2                    1.000000
z251z116z2                    1.000000
z251z122z1                    1.000000
z251z132z1                    1.000000
z251z149z1                    1.000000
z251z152z2                    1.000000
z251z170z2                    1.000000
z251z174z2                    1.000000
z251z177z2                    1.000000
z251z189z1                    1.000000
z251z203z1                    1.000000
z251z206z2                    1.000000
z251z207z2                    1.000000
z251z209z2                    1.000000
z251z226z1                    1.000000
z251z232z2                    1.000000
z251z233z1                    1.000000
z251z237z2                    1.000000
z251z249z2                    1.000000
z251z269z2                    1.000000
z251z271z1                    1.000000
z251z291z1                    1.000000
z254z18z1                     1.000000
z254z59z1                     1.000000
z254z122z1                    1.000000
z254z149z1                    1.000000
z254z226z1                    1.000000
z255z1z3                      1.000000
z255z93z2                     1.000000
z255z174z2                    1.000000
z255z206z2                    1.000000
z255z207z2                    1.000000
z255z237z2                    1.000000
z255z269z2                    1.000000
z257z18z1                     1.000000
z257z19z1                     1.000000
z257z22z1                     1.000000
z257z59z1                     1.000000
z257z93z2                     1.000000
z257z122z1                    1.000000
z257z149z1                    1.000000
z257z152z2                    1.000000
z257z174z2                    1.000000
z257z206z2                    1.000000
z257z207z2                    1.000000
z257z226z1                    1.000000
z257z237z2                    1.000000
z257z269z2                    1.000000
z264z1z3                      1.000000
z264z18z1                     1.000000
z264z122z1                    1.000000
z264z149z1                    1.000000
z264z226z1                    1.000000
z266z1z3                      1.000000
z266z93z2                     1.000000
z266z174z2                    1.000000
z266z206z2                    1.000000
z266z207z2                    1.000000
z266z237z2                    1.000000
z266z269z2                    1.000000
z268z1z3                      1.000000
z268z12z3                     1.000000
z268z41z3                     1.000000
z268z56z3                     1.000000
z268z69z2                     1.000000
z268z88z3                     1.000000
z268z93z2                     1.000000
z268z101z2                    1.000000
z268z109z3                    1.000000
z268z112z3                    1.000000
z268z123z3                    1.000000
z268z174z2                    1.000000
z268z177z2                    1.000000
z268z206z2                    1.000000
z268z207z2                    1.000000
z268z209z2                    1.000000
z268z216z3                    1.000000
z268z230z3                    1.000000
z268z237z2                    1.000000
z268z238z3                    1.000000
z268z245z3                    1.000000
z268z257z2                    1.000000
z268z269z2                    1.000000
z268z295z3                    1.000000
z270z18z1                     1.000000
z270z22z1                     1.000000
z270z59z1                     1.000000
z270z93z2                     1.000000
z270z122z1                    1.000000
z270z149z1                    1.000000
z270z174z2                    1.000000
z270z206z2                    1.000000
z270z207z2                    1.000000
z270z226z1                    1.000000
z270z237z2                    1.000000
z270z269z2                    1.000000
z271z122z1                    1.000000
z271z226z1                    1.000000
z273z1z3                      1.000000
z273z12z3                     1.000000
z273z41z3                     1.000000
z273z56z3                     1.000000
z273z69z2                     1.000000
z273z88z3                     1.000000
z273z93z2                     1.000000
z273z101z2                    1.000000
z273z109z3                    1.000000
z273z112z3                    1.000000
z273z116z2                    1.000000
z273z123z3                    1.000000
z273z152z2                    1.000000
z273z170z2                    1.000000
z273z174z2                    1.000000
z273z177z2                    1.000000
z273z198z3                    1.000000
z273z206z2                    1.000000
z273z207z2                    1.000000
z273z209z2                    1.000000
z273z230z3                    1.000000
z273z232z2                    1.000000
z273z237z2                    1.000000
z273z238z3                    1.000000
z273z245z3                    1.000000
z273z249z2                    1.000000
z273z269z2                    1.000000
z273z295z3                    1.000000
z273z298z3                    1.000000
z276z31z2                     1.000000
z276z69z2                     1.000000
z276z79z2                     1.000000
z276z93z2                     1.000000
z276z101z2                    1.000000
z276z116z2                    1.000000
z276z144z2                    1.000000
z276z152z2                    1.000000
z276z170z2                    1.000000
z276z174z2                    1.000000
z276z177z2                    1.000000
z276z206z2                    1.000000
z276z207z2                    1.000000
z276z209z2                    1.000000
z276z232z2                    1.000000
z276z237z2                    1.000000
z276z249z2                    1.000000
z276z269z2                    1.000000
z278z69z2                     1.000000
z278z93z2                     1.000000
z278z101z2                    1.000000
z278z116z2                    1.000000
z278z170z2                    1.000000
z278z174z2                    1.000000
z278z177z2                    1.000000
z278z206z2                    1.000000
z278z207z2                    1.000000
z278z209z2                    1.000000
z278z232z2                    1.000000
z278z237z2                    1.000000
z278z269z2                    1.000000
z284z93z2                     1.000000
z284z174z2                    1.000000
z284z206z2                    1.000000
z284z237z2                    1.000000
z293z93z2                     1.000000
z293z265z3                    1.000000
z293z269z2                    1.000000
z294z18z1                     1.000000
z294z22z1                     1.000000
z294z59z1                     1.000000
z294z122z1                    1.000000
z294z149z1                    1.000000
z294z216z1                    1.000000
z294z226z1                    1.000000
z294z233z1                    1.000000
z294z291z1                    1.000000
z297z1z3                      1.000000
z297z12z3                     1.000000
z297z41z3                     1.000000
z297z56z3                     1.000000
z297z88z3                     1.000000
z297z109z3                    1.000000
z297z112z3                    1.000000
z297z123z3                    1.000000
z297z198z3                    1.000000
z297z230z3                    1.000000
z297z238z3                    1.000000
z297z245z3                    1.000000
z297z295z3                    1.000000
z297z298z3                    1.000000
z300z1z3                      1.000000
z300z18z1                     1.000000
z300z22z1                     1.000000
z300z56z3                     1.000000
z300z59z1                     1.000000
z300z73z3                     1.000000
z300z88z3                     1.000000
z300z109z3                    1.000000
z300z122z1                    1.000000
z300z149z1                    1.000000
z300z226z1                    1.000000
z300z230z3                    1.000000
z300z233z1                    1.000000
z300z295z3                    1.000000
All other variables in the range 1-16443 are 0.
