
Log started (V12.10.0.0) Fri Apr 23 09:19:22 2021


Problem 'asset.lp' read.
Read time = 0.01 sec. (0.48 ticks)
New value for default parallel thread count: 1
New value for time limit in seconds: 150
Version identifier: 12.10.0.0 | 2019-11-26 | 843d4de
CPXPARAM_Threads                                 1
CPXPARAM_TimeLimit                               150
Found incumbent of value -0.630172 after 0.00 sec. (0.20 ticks)
Tried aggregator 4 times.
MIP Presolve eliminated 1883 rows and 158 columns.
MIP Presolve modified 3910 coefficients.
Aggregator did 1313 substitutions.
Reduced MIP has 1661 rows, 1802 columns, and 8525 nonzeros.
Reduced MIP has 1539 binaries, 201 generals, 0 SOSs, and 0 indicators.
Presolve time = 0.02 sec. (22.10 ticks)
Probing time = 0.00 sec. (2.89 ticks)
Tried aggregator 1 time.
Detecting symmetries...
Reduced MIP has 1661 rows, 1802 columns, and 8525 nonzeros.
Reduced MIP has 1539 binaries, 201 generals, 0 SOSs, and 0 indicators.
Presolve time = 0.01 sec. (5.28 ticks)
Probing time = 0.00 sec. (2.81 ticks)
Clique table members: 5458.
MIP emphasis: balance optimality and feasibility.
MIP search method: dynamic search.
Parallel mode: none, using 1 thread.
Root relaxation solution time = 0.02 sec. (16.78 ticks)

        Nodes                                         Cuts/
   Node  Left     Objective  IInf  Best Integer    Best Bound    ItCnt     Gap

*     0+    0                           -0.6302     1589.0951              --- 
      0     0     1586.2275   370       -0.6302     1586.2275      789     --- 
      0     0     1586.1711   370       -0.6302     Cuts: 515     1950     --- 
      0     0     1584.7107   370       -0.6302     Cuts: 515     2808     --- 
      0     0     1583.2189   370       -0.6302     Cuts: 515     4497     --- 
*     0+    0                          245.0610     1583.2189           546.05%
      0     0        cutoff            245.0610     1583.2189     4497  546.05%
      0     0     1573.1363   370      245.0610     Cuts: 515     5466  541.94%
      0     0     1569.4652   370      245.0610     Cuts: 515     6069  540.44%
Detecting symmetries...
      0     0     1566.9928   370      245.0610     Cuts: 515     6649  539.43%
*     0+    0                          273.1110     1566.9928           473.76%
*     0+    0                          431.9745     1566.9928           262.75%
*     0+    0                          530.1469     1566.9928           195.58%
*     0+    0                          577.7393     1566.9928           171.23%
*     0+    0                          592.9645     1566.9928           164.26%
      0     0        cutoff            592.9645     1566.9928     6649  164.26%
      0     0     1565.3776   370      592.9645     Cuts: 459     7107  163.99%
      0     0     1564.2274   370      592.9645     Cuts: 472     7426  163.80%
      0     0     1562.5973   370      592.9645     Cuts: 366     7714  163.52%
*     0+    0                          619.0101     1562.5973           152.43%
*     0+    0                          635.7965     1562.5973           145.77%
*     0+    0                          643.4865     1562.5973           142.83%
      0     0        cutoff            643.4865     1562.5973     7714  142.83%
      0     0     1561.5980   370      643.4865     Cuts: 374     7953  142.68%
      0     0     1561.1155   370      643.4865     Cuts: 351     8190  142.60%
      0     0     1560.5427   370      643.4865     Cuts: 301     8376  142.51%
      0     0     1558.1860   370      643.4865     Cuts: 227     8619  142.15%
*     0+    0                          771.3991     1558.1860           101.99%
*     0+    0                          771.5431     1558.1860           101.96%
*     0+    0                          771.5432     1558.1860           101.96%
*     0+    0                          776.1331     1558.1860           100.76%
*     0+    0                          780.9007     1558.1860            99.54%
*     0+    0                          787.8513     1558.1860            97.78%
      0     0        cutoff            787.8513     1558.1860     8619   97.78%
      0     0     1555.6116   370      787.8513     Cuts: 315     8767   97.45%
      0     0     1554.0487   370      787.8513     Cuts: 259     8908   97.25%
      0     0     1553.7241   370      787.8513     Cuts: 218     9056   97.21%
      0     0     1553.6329   370      787.8513     Cuts: 257     9183   97.20%
      0     0     1553.5731   370      787.8513     Cuts: 135     9280   97.19%
*     0+    0                          825.5868     1553.5731            88.18%
Detecting symmetries...
      0     2     1553.5731   403      825.5868     1553.5624     9280   88.18%
Elapsed time = 1.72 sec. (2167.73 ticks, tree = 0.01 MB, solutions = 16)
     15    17     1542.1738   336      825.5868     1553.5223    12583   88.17%
     20    22     1547.5371   347      825.5868     1553.5223    14410   88.17%
     30    32     1542.8171   336      825.5868     1553.5223    17026   88.17%
     43    45     1483.0588   218      825.5868     1553.5223    20293   88.17%
     64    66     1471.5617   194      825.5868     1553.5223    23210   88.17%
    100    96     1429.1933   211      825.5868     1553.5223    27433   88.17%
    182   153    infeasible            825.5868     1553.5223    31756   88.17%
    231   188     1525.7840   345      825.5868     1551.8228    35285   87.97%
    237   194     1528.8698   363      825.5868     1551.8228    38702   87.97%
    294   245     1201.7839   199      825.5868     1551.8228    49011   87.97%
Elapsed time = 4.28 sec. (5836.45 ticks, tree = 0.63 MB, solutions = 16)
    340   287     1472.4987   282      825.5868     1551.8103    56956   87.96%
    427   374     1526.1597   307      825.5868     1551.7918    69859   87.96%

Performing restart 1

Repeating presolve.
Tried aggregator 2 times.
MIP Presolve modified 1590 coefficients.
Aggregator did 10 substitutions.
Reduced MIP has 1651 rows, 1792 columns, and 7257 nonzeros.
Reduced MIP has 1529 binaries, 201 generals, 0 SOSs, and 0 indicators.
Presolve time = 0.01 sec. (7.85 ticks)
Tried aggregator 1 time.
Reduced MIP has 1651 rows, 1792 columns, and 7257 nonzeros.
Reduced MIP has 1529 binaries, 201 generals, 0 SOSs, and 0 indicators.
Presolve time = 0.00 sec. (5.08 ticks)
Represolve time = 0.04 sec. (35.89 ticks)
    512     0     1502.8641   418      825.5868     Cuts: 512    87577   82.04%
    512     0     1455.6971   418      825.5868     Cuts: 477    88800   76.32%
    512     0     1435.3857   418      825.5868     Cuts: 423    89497   73.86%
    512     0     1424.4945   418      825.5868     Cuts: 305    90037   72.54%
    512     0     1412.6286   418      825.5868     Cuts: 366    90629   71.11%
    512     0     1405.3549   418      825.5868     Cuts: 282    91475   70.22%
*   512+    0                          976.8129     1405.3549            43.87%
*   512+    0                          976.8130     1405.3549            43.87%
    512     0     1402.1299   418      976.8130     Cuts: 318    91999   43.54%
    512     0     1400.4372   418      976.8130     Cuts: 245    92459   43.37%
    512     0     1396.4570   418      976.8130     Cuts: 220    92889   42.96%
*   512+    0                          987.4825     1396.4570            41.42%
*   512+    0                          987.4835     1396.4570            41.42%
    512     0     1394.9744   418      987.4835     Cuts: 202    93415   41.27%
    512     0     1394.5466   418      987.4835     Cuts: 177    93660   41.22%
    512     0     1394.1342   418      987.4835     Cuts: 157    93962   41.18%
*   512+    0                          987.4851     1394.1342            41.18%
*   512+    0                          997.1054     1394.1342            39.82%
*   512+    0                          997.1054     1394.1342            39.82%
*   512+    0                         1004.4606     1394.1342            38.79%
    512     0        cutoff           1004.4606     1394.1342    93962   38.79%
    512     0     1393.4217   418     1004.4606     Cuts: 137    94274   38.72%
    512     0     1392.8879   418     1004.4606     Cuts: 137    94665   38.67%
    512     0     1392.2553   418     1004.4606     Cuts: 139    94949   38.61%
*   512+    0                         1045.9159     1392.2553            33.11%
*   512+    0                         1070.3256     1392.2553            30.08%
    512     0        cutoff           1070.3256     1392.2553    94949   30.08%
    512     0     1391.4876   418     1070.3256     Cuts: 114    95261   30.01%
    512     0     1391.1034   418     1070.3256     Cuts: 138    95574   29.97%
    512     0     1390.7475   418     1070.3256     Cuts: 105    95701   29.94%
*   512+    0                         1070.3278     1390.7475            29.94%
    512     0     1389.9810   418     1070.3278     Cuts: 183    96299   29.86%
    512     0     1389.5651   418     1070.3278     Cuts: 141    96757   29.83%
    512     0     1389.2920   418     1070.3278     Cuts: 156    96948   29.80%
*   512+    0                         1070.3285     1389.2920            29.80%
    512     0        cutoff           1070.3285     1389.2920    96948   29.80%
    512     0     1389.0573   418     1070.3285     Cuts: 168    97314   29.78%
    512     0     1388.9692   418     1070.3285     Cuts: 176    97540   29.77%
    512     0     1388.5813   418     1070.3285     Cuts: 129    97710   29.73%
*   512+    0                         1070.3286     1388.5813            29.73%
    512     0     1388.1161   418     1070.3286      Cuts: 99    97909   29.69%
    512     0     1387.8644   418     1070.3286     Cuts: 112    98017   29.67%
    512     0     1387.6003   418     1070.3286     Cuts: 161    98159   29.64%
    512     0     1387.2831   418     1070.3286     Cuts: 107    98285   29.61%
    512     0     1386.9529   418     1070.3286     Cuts: 140    98448   29.58%
    512     0     1386.6794   418     1070.3286     Cuts: 136    98660   29.56%
    512     0     1386.4833   418     1070.3286     Cuts: 153    98833   29.54%
    512     0     1385.9435   418     1070.3286     Cuts: 159    99121   29.49%
    512     0     1384.9851   418     1070.3286     Cuts: 229    99460   29.40%
    512     0     1384.6171   418     1070.3286     Cuts: 179    99651   29.36%
    512     0     1384.3967   418     1070.3286      Cuts: 92    99741   29.34%
    512     2     1384.3967   364     1070.3286     1384.2090    99741   29.33%
    518     8     1373.1092   318     1070.3286     1381.2686   101584   29.05%
*   522+   10                         1074.3415     1381.2686            28.57%
    523    13     1375.9229   324     1074.3415     1381.2686   104192   28.57%
    531    21     1361.7095   300     1074.3415     1381.2686   108466   28.57%
    543    33     1348.8760   238     1074.3415     1381.2686   111202   28.57%
    561    51     1344.7003   233     1074.3415     1381.2686   115326   28.57%
    601    91     1278.8776   168     1074.3415     1381.2686   122877   28.57%
    665   154     1161.3087   117     1074.3415     1381.2686   130842   28.57%
Elapsed time = 19.81 sec. (25915.74 ticks, tree = 0.33 MB, solutions = 30)
*   747+  215                         1074.3418     1381.2686            28.57%
*   747+  215                         1074.3419     1381.2686            28.57%
    760   230     1334.4915   266     1074.3419     1378.0050   138477   28.27%
    792   262     1283.4894   203     1074.3419     1378.0050   145408   28.27%
    877   347     1203.9767   129     1074.3419     1378.0050   152997   28.27%
    936   388     1359.5923   281     1074.3419     1375.9229   159478   28.07%
   1025   475     1120.5992   108     1074.3419     1375.9229   168104   28.07%
   1073   516     1256.6929   166     1074.3419     1375.9228   175141   28.07%
   1152   591     1288.8757   246     1074.3419     1375.2005   183851   28.00%
   1215   654     1206.8630   107     1074.3419     1375.2005   194124   28.00%
   1287   713     1343.5658   278     1074.3419     1375.1841   201238   28.00%
   1362   788     1210.2103   159     1074.3419     1375.1841   209772   28.00%
Elapsed time = 26.72 sec. (35650.79 ticks, tree = 1.11 MB, solutions = 32)
   1395   817     1274.3727   236     1074.3419     1374.6244   217245   27.95%
   1519   931     1355.7177   317     1074.3419     1373.0893   224995   27.81%
   1563   975     1261.1276   166     1074.3419     1373.0893   232816   27.81%
   1669  1077     1363.5190   333     1074.3419     1373.0697   239093   27.81%
   1727  1135     1240.5415   163     1074.3419     1373.0697   247317   27.81%
   1821  1221     1304.4648   241     1074.3419     1372.5499   255128   27.76%
   1917  1317     1191.4817   131     1074.3419     1372.5499   265670   27.76%
   1972  1362     1267.3821   233     1074.3419     1372.2341   273763   27.73%
   2069  1451     1317.1591   237     1074.3419     1372.1708   283138   27.72%
   2198  1574     1346.0087   337     1074.3419     1371.9920   290847   27.71%
Elapsed time = 33.63 sec. (45442.30 ticks, tree = 2.09 MB, solutions = 32)
   2278  1654     1171.8135   127     1074.3419     1371.9920   299134   27.71%
   2310  1680     1337.3680   301     1074.3419     1371.9810   304784   27.70%
   2387  1757     1241.4682   153     1074.3419     1371.9810   312900   27.70%
   2429  1791     1266.4160   213     1074.3419     1371.7165   321098   27.68%
*  2512+ 1848                         1106.2703     1371.7165            23.99%
*  2512+ 1848                         1106.2728     1371.7165            23.99%
*  2512+ 1848                         1106.2728     1371.7165            23.99%
   2512  1850     1190.1534   118     1106.2728     1371.7165   328494   23.99%
   2593  1926     1329.9157   247     1106.2728     1371.7132   336889   23.99%
   2710  2037     1369.8946   316     1106.2728     1370.7359   344936   23.91%
   2790  2117     1213.5811   149     1106.2728     1370.7359   354720   23.91%
   2874  2195     1209.2003   146     1106.2728     1369.8724   364110   23.83%
*  2932+ 2214                         1122.4897     1369.8724            22.04%
   2968  2252     1266.2820   201     1122.4897     1369.2503   373320   21.98%
Elapsed time = 40.66 sec. (55209.28 ticks, tree = 2.98 MB, solutions = 36)
*  3032+ 2314                         1122.4901     1369.2503            21.98%
   3050  2330     1339.7079   302     1122.4901     1368.9035   380447   21.95%
   3082  2362     1182.4632   106     1122.4901     1368.9035   388949   21.95%
   3182  2448     1330.1131   265     1122.4901     1367.7069   397153   21.85%
   3278  2537     1345.5194   302     1122.4901     1367.6265   405504   21.84%
   3355  2614     1210.6279   131     1122.4901     1367.6265   413680   21.84%
   3440  2693     1226.8106   207     1122.4901     1367.1386   421711   21.80%
   3489  2738     1298.3816   236     1122.4901     1367.0474   427990   21.79%
   3596  2843     1144.2416   103     1122.4901     1367.0474   435914   21.79%
   3622  2866     1298.8781   221     1122.4901     1366.2500   444218   21.72%
   3692  2936     1180.9340   123     1122.4901     1366.2500   453203   21.72%
Elapsed time = 47.60 sec. (64915.25 ticks, tree = 3.83 MB, solutions = 37)
   3727  2968     1287.9661   219     1122.4901     1365.7088   460283   21.67%
   3821  3055     1328.9883   292     1122.4901     1365.4707   469005   21.65%
   3941  3166     1341.0409   298     1122.4901     1365.2113   478359   21.62%
   4031  3254    infeasible           1122.4901     1365.2113   487555   21.62%
   4107  3327     1191.5225   130     1122.4901     1365.1159   497077   21.61%
   4146  3362     1316.8907   255     1122.4901     1364.3029   504605   21.54%
   4235  3451     1140.2412   116     1122.4901     1364.3029   515960   21.54%
   4323  3533     1221.6355   155     1122.4901     1364.0878   526274   21.52%
   4448  3652     1147.3702   150     1122.4901     1363.9176   536928   21.51%
*  4512+ 3654                         1130.7739     1363.4864            20.58%
*  4512+ 3565                         1140.9199     1363.4864            19.51%
*  4512+ 3565                         1140.9203     1363.4864            19.51%
   4512  3567     1249.5155   179     1140.9203     1363.4864   543954   19.51%
Elapsed time = 54.72 sec. (74708.91 ticks, tree = 4.55 MB, solutions = 40)
   4616  3665     1254.3903   167     1140.9203     1362.4275   553282   19.41%
   4703  3744     1270.3593   207     1140.9203     1361.8571   563239   19.36%
   4814  3845     1326.4905   280     1140.9203     1361.6728   572482   19.35%
   4929  3956     1242.7620   174     1140.9203     1361.2295   583803   19.31%
   5021  4044     1318.8449   253     1140.9203     1361.2261   592183   19.31%
   5114  4131     1317.7153   257     1140.9203     1361.2206   601418   19.31%
   5201  4212     1330.5248   307     1140.9203     1361.1592   610459   19.30%
   5249  4260     1183.8536    81     1140.9203     1361.1592   619738   19.30%
   5320  4323     1290.0382   236     1140.9203     1361.1222   627861   19.30%
   5386  4384     1319.8398   282     1140.9203     1361.0796   636075   19.30%
Elapsed time = 61.62 sec. (84494.12 ticks, tree = 5.68 MB, solutions = 40)
   5451  4445     1322.2949   279     1140.9203     1361.0431   645115   19.29%
*  5512+ 4379                         1147.3900     1361.0431            18.62%
*  5512+ 4379                         1147.3902     1361.0431            18.62%
*  5512+ 4317                         1149.8764     1361.0431            18.36%
*  5512+ 4317                         1149.8764     1361.0431            18.36%
*  5512+ 4166                         1157.5186     1361.0431            17.58%
   5512  4165     1157.5186     0     1157.5186     1361.0431   652388   17.58%
   5562  4215     1236.0677   172     1157.5186     1360.8432   662044   17.57%
   5624  4273     1220.9825   158     1157.5186     1360.5610   672065   17.54%
   5695  4337     1340.8309   269     1157.5186     1360.5349   680414   17.54%
   5771  4409     1325.5602   282     1157.5186     1359.8541   691559   17.48%
   5861  4495     1287.1282   232     1157.5186     1359.6901   702655   17.47%
   5929  4560     1325.5384   274     1157.5186     1359.4359   713296   17.44%
   6031  4658     1307.4481   276     1157.5186     1359.2613   724481   17.43%
   6122  4741     1160.3935   109     1157.5186     1359.2613   735849   17.43%
Elapsed time = 68.60 sec. (94287.64 ticks, tree = 6.07 MB, solutions = 45)
   6230  4839     1329.4364   276     1157.5186     1359.0133   746778   17.41%
   6321  4924     1332.4546   332     1157.5186     1358.8639   757826   17.39%
   6446  5041     1344.1051   294     1157.5186     1358.8179   769192   17.39%
   6542  5134     1314.1721   243     1157.5186     1358.7415   780329   17.38%
   6643  5224     1272.7504   227     1157.5186     1358.7348   791637   17.38%
   6733  5310     1311.7618   258     1157.5186     1358.5875   800322   17.37%
   6812  5381     1319.5399   250     1157.5186     1358.4224   810162   17.36%
   6918  5478     1318.2053   244     1157.5186     1358.3373   819141   17.35%
   6999  5553     1292.7058   200     1157.5186     1357.9794   828312   17.32%
   7278  5814     1240.7052   242     1157.5186     1357.0042   864007   17.23%
Elapsed time = 77.74 sec. (107171.32 ticks, tree = 7.41 MB, solutions = 45)
   7542  6063     1170.3059     8     1157.5186     1356.6845   899503   17.21%
   7829  6332     1213.0667   211     1157.5186     1355.8149   940930   17.13%
   8114  6596     1216.0909   178     1157.5186     1355.3002   985226   17.09%
   8424  6887     1267.5487   228     1157.5186     1354.9396  1029306   17.06%
   8688  7137     1177.0203   146     1157.5186     1354.5772  1066052   17.02%
   9030  7450     1319.0822   290     1157.5186     1354.0515  1103172   16.98%
   9312  7717     1264.2073   227     1157.5186     1353.5886  1140736   16.94%
*  9512+ 7899                         1157.5223     1353.1083            16.90%
*  9512+ 7899                         1157.5231     1353.1083            16.90%
   9669  8042     1286.8009   215     1157.5231     1352.9014  1180302   16.88%
  10031  8388     1204.6154   177     1157.5231     1351.7284  1223568   16.78%
  10416  8739     1258.0546   205     1157.5231     1350.2072  1267989   16.65%
Elapsed time = 105.00 sec. (145440.70 ticks, tree = 11.29 MB, solutions = 47)
* 10512+ 8824                         1157.5268     1350.0330            16.63%
* 10512+ 8824                         1157.5268     1350.0330            16.63%
* 10512+ 8824                         1157.5272     1350.0330            16.63%
* 10752+ 8714                         1165.0061     1349.6166            15.85%
* 10752+ 8714                         1165.0063     1349.6166            15.85%
* 10752+ 8615                         1166.7606     1349.6166            15.67%
* 10752+ 8615                         1166.7606     1349.6166            15.67%
* 10752+ 8615                         1166.7628     1349.6166            15.67%
* 10752+ 8615                         1166.7629     1349.6166            15.67%
* 10752+ 8615                         1166.7634     1349.6166            15.67%
* 10752+ 8615                         1166.7636     1349.6166            15.67%
* 10752+ 8615                         1166.7643     1349.6166            15.67%
  10752  8617     1206.9629   144     1166.7643     1349.6166  1309265   15.67%
* 10753+ 8616                         1166.7654     1349.6166            15.67%
* 10753+ 8616                         1166.7659     1349.6166            15.67%
  10753  8618     1321.4719   262     1166.7659     1349.5882  1309995   15.67%
* 10754+ 8617                         1166.7660     1349.5882            15.67%
* 10754+ 8617                         1166.7668     1349.5882            15.67%
* 10754+ 8617                         1166.7672     1349.5882            15.67%
* 10754+ 8617                         1166.7675     1349.5882            15.67%
* 10754+ 8617                         1166.7678     1349.5882            15.67%
* 10754+ 8617                         1166.7684     1349.5882            15.67%
* 10754+ 8617                         1166.7685     1349.5882            15.67%
* 10754+ 8617                         1166.7688     1349.5882            15.67%
* 10754+ 8617                         1166.7688     1349.5882            15.67%
* 10754+ 8617                         1166.7692     1349.5882            15.67%
* 10754+ 8617                         1166.7692     1349.5882            15.67%
* 10754+ 8617                         1166.7692     1349.5882            15.67%
* 10754+ 8617                         1166.7693     1349.5882            15.67%
* 10754+ 8617                         1166.7703     1349.5882            15.67%
  10754  8619     1317.3282   288     1166.7703     1349.5727  1311229   15.67%
Starting limited solution polishing.
* 10854+ 8713                         1166.7704     1349.5188            15.66%
  10976  8829     1243.2004   169     1166.7704     1349.1428  1346739   15.63%
* 11012+ 8861                         1166.7704     1349.1428            15.63%
* 11212+ 9009                         1167.4072     1348.8390            15.54%
* 11212+ 9009                         1167.4085     1348.8390            15.54%
* 11212+ 9008                         1167.4109     1348.8390            15.54%
  11212  9010     1226.4438   163     1167.4109     1348.8390  1377225   15.54%
* 11312+ 9104                         1167.4112     1348.7992            15.54%
* 11312+ 9104                         1167.4118     1348.7992            15.54%
* 11412+ 9194                         1167.4119     1348.7240            15.53%
* 11412+ 9194                         1167.4119     1348.7240            15.53%
  11412  9196     1211.8345   177     1167.4119     1348.7240  1405931   15.53%
* 11512+ 9286                         1167.4119     1348.3145            15.50%
* 11612+ 9376                         1167.4514     1348.2430            15.49%
* 11612+ 9376                         1167.4515     1348.2430            15.49%
* 11612+ 9376                         1167.4517     1348.2430            15.49%
  11651  9414     1292.4871   242     1167.4517     1348.2390  1437890   15.49%

GUB cover cuts applied:  36
Clique cuts applied:  282
Cover cuts applied:  11
Implied bound cuts applied:  231
Flow cuts applied:  24
Mixed integer rounding cuts applied:  233
Zero-half cuts applied:  90
Lift and project cuts applied:  22
Gomory fractional cuts applied:  18

Root node processing (before b&c):
  Real time             =    1.71 sec. (2161.71 ticks)
Sequential b&c:
  Real time             =  148.29 sec. (196742.39 ticks)
                          ------------
Total (root+branch&cut) =  150.00 sec. (198904.09 ticks)

Solution pool: 89 solutions saved.

MIP - Time limit exceeded, integer feasible:  Objective =  1.1674517333e+03
Current MIP best bound =  1.3482389890e+03 (gap = 180.787, 15.49%)
Solution time =  150.00 sec.  Iterations = 1442224  Nodes = 11669 (9431)
Deterministic time = 198904.10 ticks  (1326.01 ticks/sec)


Incumbent solution
Variable Name           Solution Value
F                          1280.000000
f1                            0.698267
f2                          111.850000
y32                           1.000000
y150                          1.000000
y293                          1.000000
y39                           1.000000
y15                           1.000000
y126                          1.000000
y289                          1.000000
y284                          1.000000
y138                          1.000000
y159                          1.000000
y203                          1.000000
y141                          1.000000
y241                          1.000000
y205                          1.000000
y22                           1.000000
y5                            1.000000
y172                          1.000000
y207                          1.000000
y28                           1.000000
y263                          1.000000
y164                          1.000000
y34                           1.000000
y66                           1.000000
y81                           1.000000
y151                          1.000000
y299                          1.000000
y229                          1.000000
y189                          1.000000
y99                           1.000000
y143                          1.000000
y75                           1.000000
y16                           1.000000
y238                          1.000000
y57                           1.000000
y239                          1.000000
y123                          1.000000
y166                          1.000000
s33                           0.070000
s32                           1.106688
s150                          1.000000
s236                          1.000000
s30                           1.060000
s177                          1.090000
s293                          1.100000
s39                           1.120000
s36                           1.140000
s69                           1.160000
s15                           1.210000
s126                          1.220000
s289                          1.230000
s18                           1.240000
s27                           1.250000
s137                          1.260000
s58                           1.330000
s255                          1.330000
s280                          1.350000
s284                          1.350000
s138                          1.370000
s116                          1.380000
s159                          2.282754
s276                          1.410000
s87                           1.420000
s203                          1.420000
s141                          1.440000
s241                          1.480000
s278                          1.490000
s205                          1.510000
s22                           1.530000
s101                          1.530000
s68                           1.600000
s5                            1.610000
s265                          1.700000
s175                          1.730000
s172                          1.760000
s207                          2.611104
s28                           2.627926
s263                          2.820369
s281                          1.840000
s14                           1.850000
s164                          1.850000
s181                          1.870000
s34                           2.157339
s92                           1.900000
s66                           1.910000
s81                           2.415805
s151                          2.427318
s38                           1.970000
s299                          2.514800
s229                          2.560554
s189                          2.686320
s99                           3.006148
s266                          2.130000
s143                          2.739335
s6                            2.180000
s67                           2.190000
s165                          2.210000
s31                           2.230000
s75                           3.021754
s84                           2.300000
s13                           2.320000
s16                           2.673421
s238                          3.154015
s24                           2.340000
s57                           3.238716
s269                          2.340000
s79                           2.360000
s239                          3.261057
s196                          2.370000
s123                          2.574069
s180                          2.390000
s166                          3.417681
x0x32x1                       1.000000
x0x150x1                      2.000000
x0x15x1                       1.000000
x0x289x1                      1.000000
x0x284x1                      1.000000
x0x138x1                      1.000000
x0x141x1                      1.000000
x0x172x1                      2.000000
x0x164x1                      2.000000
x0x15x2                       1.000000
x0x126x2                      2.000000
x0x284x2                      1.000000
x0x138x2                      1.000000
x0x203x2                      2.000000
x0x141x2                      1.000000
x0x22x2                       1.000000
x0x5x2                        1.000000
x0x66x2                       2.000000
x0x32x3                       1.000000
x0x293x3                      2.000000
x0x39x3                       2.000000
x0x289x3                      1.000000
x0x241x3                      2.000000
x0x205x3                      2.000000
x0x22x3                       1.000000
x0x5x3                        1.000000
x32x143x1                     1.000000
x32x28x3                      1.000000
x150x34x1                     2.000000
x293x159x3                    1.000000
x293x151x3                    1.000000
x39x159x3                     1.000000
x39x151x3                     1.000000
x15x81x1                      1.000000
x15x81x2                      1.000000
x126x299x2                    1.000000
x126x16x2                     1.000000
x289x299x1                    1.000000
x289x143x3                    1.000000
x284x123x1                    1.000000
x284x189x2                    1.000000
x138x123x1                    1.000000
x138x189x2                    1.000000
x159x0x3                      2.000000
x203x28x2                     1.000000
x203x16x2                     1.000000
x141x229x1                    1.000000
x141x207x2                    1.000000
x241x229x3                    1.000000
x241x239x3                    1.000000
x205x238x3                    2.000000
x22x207x2                     1.000000
x22x239x3                     1.000000
x5x57x2                       1.000000
x5x166x3                      1.000000
x172x263x1                    2.000000
x207x0x2                      2.000000
x28x0x2                       1.000000
x28x0x3                       1.000000
x263x0x1                      2.000000
x164x99x1                     1.000000
x164x75x1                     1.000000
x34x57x1                      1.000000
x34x166x1                     1.000000
x66x99x2                      1.000000
x66x75x2                      1.000000
x81x0x1                       1.000000
x81x0x2                       1.000000
x151x0x3                      2.000000
x299x0x1                      1.000000
x299x0x2                      1.000000
x229x0x1                      1.000000
x229x0x3                      1.000000
x189x0x2                      2.000000
x99x0x1                       1.000000
x99x0x2                       1.000000
x143x0x1                      1.000000
x143x0x3                      1.000000
x75x0x1                       1.000000
x75x0x2                       1.000000
x16x0x2                       2.000000
x238x0x3                      2.000000
x57x0x1                       1.000000
x57x0x2                       1.000000
x239x0x3                      2.000000
x123x0x1                      2.000000
x166x0x1                      1.000000
x166x0x3                      1.000000
z0z32z1                       1.000000
z0z32z3                       1.000000
z0z150z1                      1.000000
z0z236z1                      1.000000
z0z177z1                      1.000000
z0z293z3                      1.000000
z0z39z3                       1.000000
z0z15z1                       1.000000
z0z15z2                       1.000000
z0z126z2                      1.000000
z0z289z1                      1.000000
z0z289z3                      1.000000
z0z18z2                       1.000000
z0z137z1                      1.000000
z0z284z1                      1.000000
z0z284z2                      1.000000
z0z138z1                      1.000000
z0z138z2                      1.000000
z0z159z3                      1.000000
z0z276z1                      1.000000
z0z87z2                       1.000000
z0z203z2                      1.000000
z0z141z1                      1.000000
z0z141z2                      1.000000
z0z241z3                      1.000000
z0z278z1                      1.000000
z0z205z3                      1.000000
z0z22z2                       1.000000
z0z22z3                       1.000000
z0z101z2                      1.000000
z0z68z1                       1.000000
z0z5z2                        1.000000
z0z5z3                        1.000000
z0z265z2                      1.000000
z0z175z2                      1.000000
z0z172z1                      1.000000
z0z207z2                      1.000000
z0z263z1                      1.000000
z0z281z2                      1.000000
z0z164z1                      1.000000
z0z34z1                       1.000000
z0z66z2                       1.000000
z0z151z3                      1.000000
z0z189z2                      1.000000
z0z67z3                       1.000000
z0z165z3                      1.000000
z0z31z2                       1.000000
z0z84z1                       1.000000
z0z16z2                       1.000000
z0z238z3                      1.000000
z0z24z1                       1.000000
z0z239z3                      1.000000
z0z123z1                      1.000000
z32z28z3                      1.000000
z32z143z1                     1.000000
z150z34z1                     1.000000
z293z159z3                    1.000000
z293z151z3                    1.000000
z39z159z3                     1.000000
z39z151z3                     1.000000
z15z81z1                      1.000000
z15z81z2                      1.000000
z126z299z2                    1.000000
z126z16z2                     1.000000
z289z299z1                    1.000000
z289z143z3                    1.000000
z284z189z2                    1.000000
z284z123z1                    1.000000
z138z189z2                    1.000000
z138z123z1                    1.000000
z203z28z2                     1.000000
z203z16z2                     1.000000
z141z207z2                    1.000000
z141z229z1                    1.000000
z241z229z3                    1.000000
z241z239z3                    1.000000
z205z238z3                    1.000000
z22z207z2                     1.000000
z22z239z3                     1.000000
z5z57z2                       1.000000
z5z166z3                      1.000000
z172z263z1                    1.000000
z164z99z1                     1.000000
z164z75z1                     1.000000
z34z57z1                      1.000000
z34z166z1                     1.000000
z66z99z2                      1.000000
z66z75z2                      1.000000
All other variables in the range 1-3276 are 0.
