
Log started (V12.10.0.0) Fri Apr 23 09:21:53 2021


Problem 'asset.lp' read.
Read time = 0.01 sec. (0.70 ticks)
New value for default parallel thread count: 1
New value for time limit in seconds: 150
Version identifier: 12.10.0.0 | 2019-11-26 | 843d4de
CPXPARAM_Threads                                 1
CPXPARAM_TimeLimit                               150
Found incumbent of value -0.780200 after 0.00 sec. (0.29 ticks)
Tried aggregator 3 times.
MIP Presolve eliminated 4069 rows and 1597 columns.
MIP Presolve modified 4532 coefficients.
Aggregator did 1318 substitutions.
Reduced MIP has 1648 rows, 1808 columns, and 8233 nonzeros.
Reduced MIP has 1581 binaries, 170 generals, 0 SOSs, and 0 indicators.
Presolve time = 0.02 sec. (18.66 ticks)
Probing fixed 289 vars, tightened 31 bounds.
Probing time = 0.01 sec. (8.25 ticks)
Cover probing fixed 0 vars, tightened 67 bounds.
Tried aggregator 1 time.
MIP Presolve eliminated 358 rows and 358 columns.
MIP Presolve modified 112 coefficients.
Reduced MIP has 1290 rows, 1450 columns, and 6054 nonzeros.
Reduced MIP has 1254 binaries, 139 generals, 0 SOSs, and 0 indicators.
Presolve time = 0.01 sec. (5.45 ticks)
Probing time = 0.00 sec. (2.67 ticks)
Tried aggregator 1 time.
Detecting symmetries...
MIP Presolve modified 614 coefficients.
Reduced MIP has 1290 rows, 1450 columns, and 6054 nonzeros.
Reduced MIP has 1254 binaries, 139 generals, 0 SOSs, and 0 indicators.
Presolve time = 0.00 sec. (4.00 ticks)
Probing time = 0.00 sec. (2.65 ticks)
Clique table members: 3962.
MIP emphasis: balance optimality and feasibility.
MIP search method: dynamic search.
Parallel mode: none, using 1 thread.
Root relaxation solution time = 0.01 sec. (14.36 ticks)

        Nodes                                         Cuts/
   Node  Left     Objective  IInf  Best Integer    Best Bound    ItCnt     Gap

*     0+    0                           -0.7802     1386.1870              --- 
      0     0     1093.3454   265       -0.7802     1093.3454      832     --- 
      0     0     1089.1733   265       -0.7802     Cuts: 422     1328     --- 
      0     0     1083.6874   265       -0.7802     Cuts: 422     1838     --- 
      0     0     1072.5426   265       -0.7802     Cuts: 374     2240     --- 
*     0+    0                           33.7140     1072.5426              --- 
*     0+    0                          381.8407     1072.5426           180.89%
*     0+    0                          389.0419     1072.5426           175.69%
      0     0        cutoff            389.0419     1072.5426     2240  175.69%
      0     0     1071.0274   265      389.0419     Cuts: 378     2656  175.30%
      0     0     1070.8240   265      389.0419     Cuts: 347     3061  175.25%
Detecting symmetries...
      0     0     1070.7471   265      389.0419     Cuts: 217     3240  175.23%
      0     0     1070.4008   265      389.0419     Cuts: 173     3406  175.14%
*     0+    0                          434.1184     1070.4008           146.57%
*     0+    0                          527.6616     1070.4008           102.86%
*     0+    0                          593.8178     1070.4008            80.26%
      0     0        cutoff            593.8178     1070.4008     3406   80.26%
      0     0     1070.2532   265      593.8178     Cuts: 204     3566   80.23%
      0     0     1070.2438   265      593.8178     Cuts: 169     3690   80.23%
      0     0     1070.1277   265      593.8178     Cuts: 209     3930   80.21%
      0     0     1070.0846   265      593.8178     Cuts: 294     4056   80.20%
*     0+    0                          629.7237     1070.0846            69.93%
*     0+    0                          698.2891     1070.0846            53.24%
*     0+    0                          718.0954     1070.0846            49.02%
      0     0        cutoff            718.0954     1070.0846     4056   49.02%
Detecting symmetries...
      0     2     1070.0846   317      718.0954     1069.9582     4056   49.00%
Elapsed time = 0.64 sec. (730.96 ticks, tree = 0.01 MB, solutions = 9)
     14    16     1063.4574   271      718.0954     1069.0152     8042   48.87%
     69    71     1025.7860   203      718.0954     1069.0152    11138   48.87%
*   100+   92                          787.6408     1069.0152            35.72%
*   100+   92                          787.6422     1069.0152            35.72%
*   110+   98                          798.6304     1069.0152            33.86%
*   120+  104                          798.7121     1069.0152            33.84%
*   129   108      integral     0      798.7126     1069.0152    12431   33.84%
*   132   107      integral     0      798.7127     1069.0152    12440   33.84%
    145   120     1055.0193   283      798.7127     1067.8505    14589   33.70%
    201   166      877.1201   183      798.7127     1067.8505    17506   33.70%
    250   211     1063.6273   298      798.7127     1065.4589    19722   33.40%
    300   261      975.7293   251      798.7127     1065.4589    22520   33.40%
    403   364     1065.0073   312      798.7127     1065.1119    25044   33.35%
    426   387     1041.8501   298      798.7127     1065.1119    27757   33.35%

Performing restart 1

Repeating presolve.
Tried aggregator 1 time.
MIP Presolve modified 1079 coefficients.
Reduced MIP has 1290 rows, 1450 columns, and 5247 nonzeros.
Reduced MIP has 1254 binaries, 139 generals, 0 SOSs, and 0 indicators.
Presolve time = 0.00 sec. (4.78 ticks)
Tried aggregator 1 time.
Reduced MIP has 1290 rows, 1450 columns, and 5247 nonzeros.
Reduced MIP has 1254 binaries, 139 generals, 0 SOSs, and 0 indicators.
Presolve time = 0.00 sec. (3.83 ticks)
Represolve time = 0.03 sec. (24.75 ticks)
    479     0     1066.0156   283      798.7127     Cuts: 336    32819   33.35%
    479     0     1062.6667   283      798.7127     Cuts: 193    33572   33.05%
    479     0     1060.0802   283      798.7127     Cuts: 217    34497   32.72%
    479     0     1058.9629   283      798.7127     Cuts: 261    35355   32.58%
    479     0     1057.9771   283      798.7127     Cuts: 199    36549   32.46%
    479     0     1056.9990   283      798.7127     Cuts: 229    37427   32.34%
*   479+    0                          804.2398     1056.9990            31.43%
*   479+    0                          804.2422     1056.9990            31.43%
    479     0        cutoff            804.2422     1056.9990    37427   31.43%
    479     0     1055.4401   283      804.2422     Cuts: 188    39173   31.23%
    479     0     1053.9905   283      804.2422     Cuts: 183    39795   31.05%
    479     0     1052.8672   283      804.2422     Cuts: 204    41146   30.91%
*   479+    0                          814.1420     1052.8672            29.32%
*   479+    0                          818.4927     1052.8672            28.63%
    479     0        cutoff            818.4927     1052.8672    41146   28.63%
    479     0     1051.6832   283      818.4927     Cuts: 162    41970   28.49%
    479     0     1050.1930   283      818.4927     Cuts: 138    42682   28.31%
    479     0     1049.4712   283      818.4927     Cuts: 166    43043   28.22%
*   479+    0                          818.4928     1049.4712            28.22%
*   479+    0                          836.6871     1049.4712            25.43%
*   479+    0                          842.8167     1049.4712            24.52%
*   479+    0                          842.8206     1049.4712            24.52%
    479     0        cutoff            842.8206     1049.4712    43043   24.52%
    479     0     1047.4981   283      842.8206     Cuts: 120    43279   24.28%
    479     0     1046.5154   283      842.8206     Cuts: 112    43829   24.17%
    479     0     1046.0584   283      842.8206     Cuts: 176    44164   24.11%
*   479+    0                          842.8207     1046.0584            24.11%
*   479+    0                          842.8209     1046.0584            24.11%
    479     0     1045.2790   283      842.8209      Cuts: 98    44394   24.02%
    479     0     1045.1476   283      842.8209     Cuts: 101    44725   24.01%
    479     0     1045.0113   283      842.8209      Cuts: 84    45000   23.99%
    479     0     1044.9605   283      842.8209      Cuts: 87    45161   23.98%
    479     0     1044.7534   283      842.8209      Cuts: 91    45508   23.96%
    479     0     1044.5455   283      842.8209      Cuts: 99    45605   23.93%
    479     0     1044.5327   283      842.8209      Cuts: 62    45701   23.93%
    479     0     1044.5235   283      842.8209      Cuts: 99    45796   23.93%
    479     0     1044.5230   283      842.8209      Cuts: 63    45845   23.93%
*   479+    0                          848.3468     1044.5230            23.12%
    479     2     1044.5230   314      848.3468     1044.5185    45845   23.12%
Elapsed time = 8.04 sec. (9669.56 ticks, tree = 0.01 MB, solutions = 26)
    484     7     1039.0228   280      848.3468     1041.5582    48158   22.78%
    492    15     1036.7462   246      848.3468     1041.4876    52367   22.77%
    508    31      998.5234   210      848.3468     1041.4876    57635   22.77%
    550    73      985.1784   192      848.3468     1041.4876    63358   22.77%
    603   118     1012.6585   238      848.3468     1040.6423    73767   22.67%
    639   149      969.4830   223      848.3468     1039.3798    81825   22.52%
    719   219      875.3967   149      848.3468     1039.1572    90813   22.49%
    768   264      973.5819   220      848.3468     1038.9295    98859   22.47%
    800   292     1024.0893   275      848.3468     1038.0569   105198   22.36%
    841   333     1000.0483   245      848.3468     1038.0569   113890   22.36%
Elapsed time = 15.38 sec. (19634.24 ticks, tree = 0.37 MB, solutions = 26)
    902   381      921.4205   208      848.3468     1037.2217   124353   22.26%
    948   416      966.1434   233      848.3468     1036.8542   133382   22.22%
   1006   468      988.0527   191      848.3468     1035.2444   142481   22.03%
   1077   533      983.5986   200      848.3468     1035.1080   150554   22.01%
   1128   568      981.0640   236      848.3468     1033.7021   161688   21.85%
   1224   652     1024.8217   274      848.3468     1032.7050   172670   21.73%
   1270   688     1024.2312   266      848.3468     1031.9341   179202   21.64%
   1321   734     1018.3028   233      848.3468     1031.7275   188129   21.62%
   1362   764     1024.6346   267      848.3468     1031.5637   197451   21.60%
*  1439+  830                          855.2761     1031.5637            20.61%
   1449   842     1022.3545   258      855.2761     1031.5127   205293   20.61%
Elapsed time = 22.92 sec. (29506.69 ticks, tree = 0.85 MB, solutions = 27)
   1501   890      883.5732    99      855.2761     1030.5086   213395   20.49%
*  1539+  923                          855.2775     1030.1071            20.44%
   1545   931      991.8038   242      855.2775     1030.1071   221661   20.44%
   1607   982      971.0074   222      855.2775     1029.8739   229858   20.41%
   1658  1027      968.9122   214      855.2775     1029.8543   237814   20.41%
   1734  1094      930.9541   204      855.2775     1029.8159   246105   20.41%
   1828  1173      912.3745   168      855.2775     1029.2884   255327   20.35%
   1897  1227      970.1405   231      855.2775     1029.1184   264143   20.33%
   1967  1291      937.5088   223      855.2775     1028.9888   273613   20.31%
   2011  1328     1016.1992   243      855.2775     1028.6851   282429   20.28%
   2081  1396      896.2626   135      855.2775     1028.6851   293225   20.28%
Elapsed time = 30.38 sec. (39157.60 ticks, tree = 1.40 MB, solutions = 28)
   2149  1449      865.3704   151      855.2775     1028.3235   303868   20.23%
   2229  1519     1017.8905   281      855.2775     1028.0087   313631   20.20%
   2268  1552      964.7593   222      855.2775     1027.8584   323581   20.18%
   2354  1626      926.0400   172      855.2775     1027.6596   332112   20.16%
   2397  1657     1014.9299   244      855.2775     1027.1277   341348   20.09%
   2444  1701      924.1369   221      855.2775     1027.0737   350179   20.09%
   2482  1736      898.6681   145      855.2775     1026.9832   359325   20.08%
   2521  1771      987.8832   238      855.2775     1026.7291   367945   20.05%
   2575  1816     1015.8091   258      855.2775     1026.6896   376796   20.04%
   2627  1859      959.6397   258      855.2775     1026.5276   387888   20.02%
Elapsed time = 38.01 sec. (49074.36 ticks, tree = 1.84 MB, solutions = 28)
   2712  1936      951.5333   219      855.2775     1026.4620   397513   20.02%
   2778  1997      967.7481   220      855.2775     1026.3104   408319   20.00%
   2884  2094      967.8442   224      855.2775     1025.9309   418405   19.95%
   2923  2130      927.5117   205      855.2775     1025.9087   430157   19.95%
   3001  2195      981.0815   239      855.2775     1025.8565   441079   19.94%
   3095  2278      913.2093   205      855.2775     1025.1673   452778   19.86%
   3160  2333      865.6165    96      855.2775     1024.8217   461953   19.82%
   3273  2427      942.0787   234      855.2775     1024.7914   470204   19.82%
   3345  2492      985.3993   219      855.2775     1024.6702   478612   19.81%
   3389  2530      881.5412   219      855.2775     1024.6328   488321   19.80%
Elapsed time = 45.46 sec. (58750.59 ticks, tree = 2.59 MB, solutions = 28)
   3420  2551      992.2622   234      855.2775     1024.5834   497328   19.80%
   3461  2588      944.4307   244      855.2775     1024.4571   505941   19.78%
   3549  2665     1015.5260   267      855.2775     1024.4471   514441   19.78%
   3604  2716      928.6963   195      855.2775     1024.3898   524104   19.77%
   3668  2769     1017.9042   251      855.2775     1024.1974   533412   19.75%
   3727  2820      863.7537   180      855.2775     1024.1927   544795   19.75%
   3798  2878      950.0346   191      855.2775     1024.1124   553865   19.74%
   3866  2934      959.8763   227      855.2775     1023.7965   565562   19.70%
   3961  3008      987.0245   231      855.2775     1023.7314   578723   19.70%
   4038  3075     1016.6842   272      855.2775     1023.3476   590257   19.65%
Elapsed time = 52.92 sec. (68420.67 ticks, tree = 3.11 MB, solutions = 28)
   4079  3112      884.6400   171      855.2775     1023.3353   601408   19.65%
   4134  3160      861.3160   178      855.2775     1023.2082   614398   19.63%
   4218  3232      973.6894   245      855.2775     1023.0202   626007   19.61%
   4258  3262      953.5778   246      855.2775     1022.8640   637059   19.59%
   4314  3314      921.9989   186      855.2775     1022.6445   649263   19.57%
   4417  3412      905.9550   202      855.2775     1022.5954   658986   19.56%
   4497  3480      919.2346   241      855.2775     1022.1120   670417   19.51%
   4565  3536      866.8962   154      855.2775     1021.9499   681232   19.49%
   4656  3613      939.5766   228      855.2775     1021.8239   692095   19.47%
   4747  3687      926.2016   201      855.2775     1021.6533   703421   19.45%
Elapsed time = 60.36 sec. (78088.26 ticks, tree = 3.71 MB, solutions = 28)
*  4829+ 3380                          865.8952     1021.6533            17.99%
   4858  3410      873.6933   181      865.8952     1021.6202   712999   17.98%
   4915  3463      890.0835   170      865.8952     1021.5914   721789   17.98%
*  4929+ 3472                          865.8956     1021.5914            17.98%
   4967  3508      928.2991   208      865.8956     1021.5364   731543   17.97%
   5038  3574      912.6085   183      865.8956     1021.5340   740134   17.97%
   5078  3610      938.3283   234      865.8956     1021.4914   749405   17.97%
   5136  3656      964.8193   238      865.8956     1021.3469   760354   17.95%
   5210  3723      941.6864   207      865.8956     1021.3165   770695   17.95%
   5266  3769      972.6241   242      865.8956     1021.1680   780569   17.93%
   5315  3802     1020.7673   277      865.8956     1021.0602   792847   17.92%
   5367  3844      997.9067   237      865.8956     1020.7480   805177   17.88%
Elapsed time = 67.83 sec. (87934.43 ticks, tree = 3.82 MB, solutions = 30)
   5434  3899      913.9477   209      865.8956     1020.7293   816513   17.88%
*  5479+ 3936                          865.8962     1020.7293            17.88%
   5562  4009      906.6528   217      865.8962     1020.5838   827361   17.86%
   5653  4087      976.7357   242      865.8962     1020.5648   839515   17.86%
   5698  4128      975.2518   256      865.8962     1020.4980   849551   17.85%
   5802  4227      888.0979   202      865.8962     1020.4707   862146   17.85%
   5882  4297      929.1586   195      865.8962     1020.3569   873854   17.84%
   5954  4354      986.6479   256      865.8962     1020.1934   887757   17.82%
   6035  4428     1001.8369   251      865.8962     1020.0077   900788   17.80%
   6096  4477      944.7399   187      865.8962     1019.9124   911420   17.79%
   6371  4714      977.0955   224      865.8962     1019.2954   955978   17.72%
Elapsed time = 77.55 sec. (100568.27 ticks, tree = 4.81 MB, solutions = 31)
*  6479+ 4741                          866.4447     1018.9690            17.60%
   6569  4813      908.0410   220      866.4447     1018.8770   996424   17.59%
*  6579+ 4821                          866.4458     1018.8770            17.59%
   6764  4978      906.2443   223      866.4458     1018.4683  1036030   17.55%
   6977  5158      957.2874   269      866.4458     1018.0284  1077587   17.49%
   7307  5433      876.0078   147      866.4458     1017.5294  1124571   17.44%
   7603  5676      954.9758   236      866.4458     1017.1739  1173835   17.40%
   7923  5942      900.3618   148      866.4458     1016.6037  1224459   17.33%
*  8079+ 6065                          867.0301     1016.5066            17.24%
   8165  6138      906.2667   162      867.0301     1016.4154  1266563   17.23%
*  8179+ 6150                          867.0335     1016.4154            17.23%
   8459  6398      884.7358   200      867.0335     1016.2711  1305229   17.21%
*  8479+ 6406                          867.0346     1016.1992            17.20%
*  8579+ 6490                          867.0346     1016.1115            17.19%
   8713  6610      895.4040   166      867.0346     1015.9293  1347133   17.17%
   9008  6868      867.4770   167      867.0346     1015.5527  1388153   17.13%
Elapsed time = 106.89 sec. (138906.55 ticks, tree = 6.90 MB, solutions = 37)
   9220  7041      915.8918   230      867.0346     1014.8847  1432449   17.05%
   9487  7276      909.3329   225      867.0346     1014.7257  1475858   17.03%
   9815  7554      915.4166   198      867.0346     1014.1831  1525788   16.97%
* 10059+ 7760                          867.0355     1013.9232            16.94%
* 10059+ 7760                          867.0356     1013.9232            16.94%
* 10059+ 7760                          867.0368     1013.9232            16.94%
* 10059+ 7161                          874.0443     1013.9232            16.00%
* 10059+ 7161                          874.0446     1013.9232            16.00%
* 10059+ 7161                          874.0447     1013.9232            16.00%
* 10059+ 7161                          874.0456     1013.9232            16.00%
  10059  7163      969.1810   257      874.0456     1013.9232  1557878   16.00%
* 10060+ 7133                          874.2556     1013.9232            15.98%
* 10060+ 7133                          874.2557     1013.9232            15.98%
* 10060+ 7133                          874.2559     1013.9232            15.98%
* 10060+ 7133                          874.2562     1013.9232            15.98%
* 10060+ 7133                          874.2567     1013.9232            15.98%
* 10060+ 7133                          874.2567     1013.9232            15.98%
* 10060+ 7132                          874.2571     1013.9232            15.98%
* 10060+ 6334                          883.3015     1013.9232            14.79%
* 10060+ 6334                          883.3023     1013.9232            14.79%
* 10060+ 5946                          888.2502     1013.9232            14.15%
* 10060+ 5866                          889.4327     1013.9232            14.00%
* 10060+ 5866                          889.4328     1013.9232            14.00%
* 10060+ 5866                          889.4334     1013.9232            14.00%
* 10060+ 5866                          889.4334     1013.9232            14.00%
* 10060+ 5866                          889.4334     1013.9232            14.00%
* 10060+ 5866                          889.4338     1013.9232            14.00%
  10060  5866    infeasible            889.4338     1013.8919  1557878   13.99%
* 10061+ 5865                          889.4341     1013.8919            13.99%
* 10061+ 5865                          889.4346     1013.8919            13.99%
  10061  5867      980.9390   244      889.4346     1013.8794  1559010   13.99%
Starting limited solution polishing.
* 10079+ 5879                          889.4346     1013.8495            13.99%
  10276  6036      945.5047   214      889.4346     1013.3661  1602212   13.93%
* 10479+ 6210                          889.4347     1013.1768            13.91%
  10575  6290      962.3190   228      889.4347     1013.1065  1646945   13.90%

GUB cover cuts applied:  28
Clique cuts applied:  127
Cover cuts applied:  6
Implied bound cuts applied:  140
Flow cuts applied:  26
Mixed integer rounding cuts applied:  188
Zero-half cuts applied:  55
Lift and project cuts applied:  29
Gomory fractional cuts applied:  22

Root node processing (before b&c):
  Real time             =    0.64 sec. (728.98 ticks)
Sequential b&c:
  Real time             =  149.36 sec. (189646.51 ticks)
                          ------------
Total (root+branch&cut) =  150.00 sec. (190375.49 ticks)

Solution pool: 65 solutions saved.

MIP - Time limit exceeded, integer feasible:  Objective =  8.8943471291e+02
Current MIP best bound =  1.0127865521e+03 (gap = 123.352, 13.87%)
Solution time =  150.00 sec.  Iterations = 1672010  Nodes = 10704 (6388)
Deterministic time = 190375.50 ticks  (1269.15 ticks/sec)


Incumbent solution
Variable Name           Solution Value
F                           940.000000
f1                            0.845287
f2                           49.720000
y10                           1.000000
y290                          1.000000
y232                          1.000000
y73                           1.000000
y185                          1.000000
y292                          1.000000
y249                          1.000000
y8                            1.000000
y225                          1.000000
y117                          1.000000
y187                          1.000000
y4                            1.000000
y1                            1.000000
y264                          1.000000
y19                           1.000000
y156                          1.000000
y155                          1.000000
y178                          1.000000
y2                            1.000000
y53                           1.000000
y60                           1.000000
y70                           1.000000
y231                          1.000000
y59                           1.000000
y268                          1.000000
y108                          1.000000
y20                           1.000000
y208                          1.000000
y64                           1.000000
y160                          1.000000
y197                          1.000000
s129                          2.480000
s153                          2.480000
s202                          2.480000
s17                           2.490000
s77                           2.490000
s167                          2.510000
s291                          2.510000
s135                          2.530000
s173                          2.550000
s49                           2.570000
s134                          2.590000
s194                          2.590000
s46                           2.600000
s186                          2.600000
s82                           2.610000
s182                          2.620000
s10                           3.603522
s140                          2.690000
s272                          2.710000
s102                          2.820000
s290                          3.782099
s174                          3.190000
s12                           3.210000
s232                          4.227569
s73                           3.974691
s185                          3.853533
s292                          3.860123
s11                           3.370000
s261                          3.380000
s214                          3.390000
s295                          3.390000
s249                          3.859816
s287                          3.410000
s95                           3.450000
s3                            3.470000
s72                           3.470000
s227                          3.480000
s233                          3.490000
s8                            4.383076
s225                          3.874512
s247                          3.520000
s117                          4.207048
s187                          4.426927
s144                          3.620000
s209                          3.710000
s4                            3.933317
s285                          3.770000
s25                           3.810000
s1                            4.164488
s230                          3.930000
s264                          4.966650
s19                           4.981851
s156                          4.810804
s234                          4.160000
s155                          4.631504
s201                          4.240000
s178                          5.206363
s35                           4.280000
s88                           4.300000
s2                            5.202500
s53                           4.657674
s60                           5.306085
s142                          4.330000
s70                           5.137111
s231                          4.777693
s59                           5.237821
s246                          4.410000
s268                          5.271192
s108                          5.427855
s20                           5.230208
s208                          5.788419
s64                           5.805661
s160                          5.813309
s197                          5.645181
x263x232x1                    1.000000
x263x187x1                    1.000000
x81x249x1                     1.000000
x299x292x1                    1.000000
x229x225x1                    1.000000
x99x187x1                     1.000000
x143x117x1                    1.000000
x75x155x1                     1.000000
x57x156x1                     1.000000
x123x290x1                    2.000000
x166x156x1                    1.000000
x207x4x2                      2.000000
x28x73x2                      1.000000
x81x185x2                     1.000000
x299x185x2                    1.000000
x189x1x2                      2.000000
x99x53x2                      1.000000
x75x8x2                       1.000000
x16x8x2                       1.000000
x16x117x2                     1.000000
x57x70x2                      1.000000
x159x292x3                    1.000000
x159x249x3                    1.000000
x28x73x3                      1.000000
x151x10x3                     2.000000
x229x225x3                    1.000000
x143x232x3                    1.000000
x238x155x3                    1.000000
x238x53x3                     1.000000
x239x231x3                    2.000000
x166x178x3                    1.000000
x10x70x3                      1.000000
x10x20x3                      1.000000
x290x178x1                    1.000000
x290x268x1                    1.000000
x232x0x1                      1.000000
x232x197x3                    1.000000
x73x20x2                      1.000000
x73x108x3                     1.000000
x185x2x2                      2.000000
x292x268x1                    1.000000
x292x59x3                     1.000000
x249x60x1                     1.000000
x249x60x3                     1.000000
x8x208x2                      1.000000
x8x64x2                       1.000000
x225x19x1                     1.000000
x225x264x3                    1.000000
x117x108x1                    1.000000
x117x197x2                    1.000000
x187x0x1                      2.000000
x4x264x2                      1.000000
x4x19x2                       1.000000
x1x59x2                       1.000000
x1x64x2                       1.000000
x264x0x2                      1.000000
x264x0x3                      1.000000
x19x0x1                       1.000000
x19x0x2                       1.000000
x156x0x1                      2.000000
x155x0x1                      1.000000
x155x208x3                    1.000000
x178x0x1                      1.000000
x178x0x3                      1.000000
x2x0x2                        2.000000
x53x160x2                     1.000000
x53x160x3                     1.000000
x60x0x1                       1.000000
x60x0x3                       1.000000
x70x0x2                       1.000000
x70x0x3                       1.000000
x231x0x3                      2.000000
x59x0x2                       1.000000
x59x0x3                       1.000000
x268x0x1                      2.000000
x108x0x1                      1.000000
x108x0x3                      1.000000
x20x0x2                       1.000000
x20x0x3                       1.000000
x208x0x2                      1.000000
x208x0x3                      1.000000
x64x0x2                       2.000000
x160x0x2                      1.000000
x160x0x3                      1.000000
x197x0x2                      1.000000
x197x0x3                      1.000000
s159                          2.282754
z159z10z3                     1.000000
z159z292z3                    1.000000
z159z249z3                    1.000000
z159z231z3                    1.000000
s207                          2.611104
z207z4z2                      1.000000
z207z64z2                     1.000000
s28                           2.627926
z28z73z2                      1.000000
z28z73z3                      1.000000
z28z2z2                       1.000000
z28z231z3                     1.000000
z28z64z2                      1.000000
s263                          2.820369
z263z232z1                    1.000000
z263z187z1                    1.000000
s81                           2.415805
z81z185z2                     1.000000
z81z249z1                     1.000000
z81z1z2                       1.000000
z81z156z1                     1.000000
z81z234z1                     1.000000
z81z201z1                     1.000000
z81z35z1                      1.000000
z81z88z1                      1.000000
z81z2z2                       1.000000
z81z142z1                     1.000000
z81z246z1                     1.000000
z81z268z1                     1.000000
z81z64z2                      1.000000
s151                          2.427318
z151z10z3                     1.000000
z151z231z3                    1.000000
s299                          2.514800
z299z185z2                    1.000000
z299z292z1                    1.000000
z299z156z1                    1.000000
z299z234z1                    1.000000
z299z201z1                    1.000000
z299z35z1                     1.000000
z299z88z1                     1.000000
z299z2z2                      1.000000
z299z142z1                    1.000000
z299z246z1                    1.000000
z299z268z1                    1.000000
z299z64z2                     1.000000
s229                          2.560554
z229z225z1                    1.000000
z229z225z3                    1.000000
s189                          2.686320
z189z8z2                      1.000000
z189z1z2                      1.000000
z189z64z2                     1.000000
s99                           3.006148
z99z187z1                     1.000000
z99z53z2                      1.000000
z99z64z2                      1.000000
s143                          2.739335
z143z232z3                    1.000000
z143z117z1                    1.000000
s75                           3.021754
z75z8z2                       1.000000
z75z155z1                     1.000000
z75z64z2                      1.000000
s16                           2.673421
z16z8z2                       1.000000
z16z117z2                     1.000000
z16z2z2                       1.000000
z16z64z2                      1.000000
s238                          3.154015
z238z155z3                    1.000000
z238z53z3                     1.000000
z238z231z3                    1.000000
s57                           3.238716
z57z156z1                     1.000000
z57z70z2                      1.000000
s239                          3.261057
z239z231z3                    1.000000
s123                          2.574069
z123z290z1                    1.000000
z123z156z1                    1.000000
z123z201z1                    1.000000
z123z35z1                     1.000000
z123z88z1                     1.000000
z123z142z1                    1.000000
z123z246z1                    1.000000
z123z268z1                    1.000000
s166                          3.417681
z166z156z1                    1.000000
z166z178z3                    1.000000
z10z70z3                      1.000000
z10z20z3                      1.000000
z290z178z1                    1.000000
z290z268z1                    1.000000
z232z197z3                    1.000000
z73z108z3                     1.000000
z73z20z2                      1.000000
z185z2z2                      1.000000
z292z59z3                     1.000000
z292z268z1                    1.000000
z249z60z1                     1.000000
z249z60z3                     1.000000
z8z208z2                      1.000000
z8z64z2                       1.000000
z225z264z3                    1.000000
z225z19z1                     1.000000
z117z108z1                    1.000000
z117z197z2                    1.000000
z4z264z2                      1.000000
z4z19z2                       1.000000
z1z59z2                       1.000000
z1z64z2                       1.000000
z155z208z3                    1.000000
z53z160z2                     1.000000
z53z160z3                     1.000000
All other variables in the range 1-4725 are 0.
