
Log started (V12.10.0.0) Tue Apr 20 04:30:27 2021


Problem 'asset.lp' read.
Read time = 0.01 sec. (0.45 ticks)
New value for default parallel thread count: 1
New value for time limit in seconds: 150
Version identifier: 12.10.0.0 | 2019-11-26 | 843d4de
CPXPARAM_Threads                                 1
CPXPARAM_TimeLimit                               150
Found incumbent of value 0.000000 after 0.00 sec. (0.11 ticks)
Tried aggregator 3 times.
MIP Presolve eliminated 2207 rows and 199 columns.
MIP Presolve modified 2535 coefficients.
Aggregator did 1116 substitutions.
Reduced MIP has 1258 rows, 1770 columns, and 7241 nonzeros.
Reduced MIP has 1479 binaries, 243 generals, 0 SOSs, and 0 indicators.
Presolve time = 0.02 sec. (16.27 ticks)
Probing fixed 9 vars, tightened 4 bounds.
Probing time = 0.01 sec. (5.76 ticks)
Cover probing fixed 0 vars, tightened 7 bounds.
Tried aggregator 1 time.
Detecting symmetries...
MIP Presolve eliminated 35 rows and 27 columns.
MIP Presolve modified 118 coefficients.
Reduced MIP has 1223 rows, 1743 columns, and 6877 nonzeros.
Reduced MIP has 1456 binaries, 239 generals, 0 SOSs, and 0 indicators.
Presolve time = 0.01 sec. (6.60 ticks)
Probing time = 0.00 sec. (2.64 ticks)
Clique table members: 4655.
MIP emphasis: balance optimality and feasibility.
MIP search method: dynamic search.
Parallel mode: none, using 1 thread.
Root relaxation solution time = 0.02 sec. (25.17 ticks)

        Nodes                                         Cuts/
   Node  Left     Objective  IInf  Best Integer    Best Bound    ItCnt     Gap

*     0+    0                            0.0000      715.0000              --- 
      0     0      715.0000   288        0.0000      715.0000      655     --- 
      0     0      715.0000   288        0.0000     Cuts: 188     1198     --- 
      0     0      714.1967   288        0.0000     Cuts: 302     2501     --- 
      0     0      706.1793   288        0.0000     Cuts: 405     4488     --- 
*     0+    0                           35.0000      706.1793              --- 
      0     0        cutoff             35.0000      706.1793     4488     --- 
      0     0      702.3874   288       35.0000     Cuts: 405     5706     --- 
      0     0      700.1094   288       35.0000     Cuts: 405     6586     --- 
Detecting symmetries...
      0     0      698.9284   288       35.0000     Cuts: 405     7665     --- 
*     0+    0                           55.0000      698.9284              --- 
      0     0      698.5377   288       55.0000     Cuts: 405     8093     --- 
      0     0      697.8795   288       55.0000     Cuts: 310     8491     --- 
      0     0      697.3642   288       55.0000     Cuts: 380     8910     --- 
*     0+    0                           80.0000      697.3642           771.71%
      0     0        cutoff             80.0000      697.3642     8910  771.71%
      0     0      695.8915   288       80.0000     Cuts: 282     9544  769.86%
      0     0      695.0289   288       80.0000     Cuts: 380     9988  768.79%
      0     0      694.8656   288       80.0000     Cuts: 295    10464  768.58%
      0     0      694.7868   288       80.0000     Cuts: 333    10816  768.48%
Detecting symmetries...
      0     2      694.7868   301       80.0000      694.7868    10816  768.48%
Elapsed time = 1.36 sec. (1770.62 ticks, tree = 0.01 MB, solutions = 3)
     10    12      694.0798   281       80.0000      694.7868    13304  768.48%
     38    40      693.1704   270       80.0000      694.7868    15996  768.48%
     50    52      691.4072   278       80.0000      694.7868    18003  768.48%
     83    85      657.9315   234       80.0000      694.7868    20688  768.48%
    105   103      642.1837   214       80.0000      694.7868    23144  768.48%
    137   135      495.0000    87       80.0000      694.7868    25798  768.48%
*   200+  196                          380.0000      694.7868            82.84%
*   210+  202                          400.0000      694.7868            73.70%
    218   209      676.7058   279      400.0000      694.7841    29072   73.70%
    255   246      693.0339   283      400.0000      694.7841    31623   73.70%
    270   261      689.2035   285      400.0000      694.7841    32959   73.70%
    460   438      665.6669   248      400.0000      694.7465    41669   73.69%
Elapsed time = 3.80 sec. (5067.54 ticks, tree = 3.62 MB, solutions = 5)

Performing restart 1

Repeating presolve.
Tried aggregator 1 time.
MIP Presolve eliminated 1 rows and 1 columns.
MIP Presolve modified 1569 coefficients.
Reduced MIP has 1222 rows, 1742 columns, and 5854 nonzeros.
Reduced MIP has 1455 binaries, 239 generals, 0 SOSs, and 0 indicators.
Presolve time = 0.01 sec. (5.32 ticks)
Tried aggregator 1 time.
Reduced MIP has 1222 rows, 1742 columns, and 5854 nonzeros.
Reduced MIP has 1455 binaries, 239 generals, 0 SOSs, and 0 indicators.
Presolve time = 0.00 sec. (4.24 ticks)
Represolve time = 0.04 sec. (25.65 ticks)
    510     0      685.1803   384      400.0000     Cuts: 405    50310   71.30%
    510     0      682.2363   384      400.0000     Cuts: 360    52573   70.56%
    510     0      679.5342   384      400.0000     Cuts: 344    57713   69.88%
    510     0      678.4180   384      400.0000     Cuts: 275    59251   69.60%
    510     0      677.3343   384      400.0000     Cuts: 249    61350   69.33%
    510     0      675.0859   384      400.0000     Cuts: 296    63202   68.77%
    510     0      673.5629   384      400.0000     Cuts: 201    64576   68.39%
    510     0      671.2133   384      400.0000     Cuts: 256    65845   67.80%
    510     0      670.3857   384      400.0000     Cuts: 248    68671   67.60%
    510     0      670.0992   384      400.0000     Cuts: 330    76322   67.52%
    510     0      669.9392   384      400.0000     Cuts: 294    83322   67.48%
    510     0      669.7557   384      400.0000     Cuts: 180    83608   67.44%
*   510+    0                          420.0000      669.7557            59.47%
    510     0        cutoff            420.0000      669.7557    83608   59.47%
    510     0      669.6287   384      420.0000     Cuts: 173    84179   59.44%
    510     0      669.5231   384      420.0000     Cuts: 158    84715   59.41%
    510     0      669.2373   384      420.0000     Cuts: 228    85458   59.34%
    510     0      668.7605   384      420.0000     Cuts: 209    86005   59.23%
    510     0      668.5519   384      420.0000     Cuts: 207    86387   59.18%
    510     0      668.4777   384      420.0000     Cuts: 183    88193   59.16%
    510     0      668.3713   384      420.0000     Cuts: 201    88872   59.14%
    510     0      668.0408   384      420.0000     Cuts: 224    90266   59.06%
    510     0      667.8853   384      420.0000     Cuts: 218    91884   59.02%
    510     0      667.8456   384      420.0000     Cuts: 218    93041   59.01%
    510     0      667.6908   384      420.0000     Cuts: 191    94564   58.97%
    510     0      667.4651   384      420.0000     Cuts: 246    95223   58.92%
*   510+    0                          425.0000      667.4651            57.05%
    510     0      667.2575   384      425.0000     Cuts: 250    95852   57.00%
    510     0      667.0386   384      425.0000     Cuts: 211    97423   56.95%
    510     0      666.8502   384      425.0000     Cuts: 205    98781   56.91%
*   510+    0                          445.0000      666.8502            49.85%
    510     0      666.1360   384      445.0000     Cuts: 313   100618   49.69%
    510     0      666.0040   384      445.0000     Cuts: 214   101251   49.66%
    510     0      665.8810   384      445.0000     Cuts: 190   101889   49.64%
    510     0      665.7415   384      445.0000     Cuts: 120   102882   49.60%
    510     0      665.4071   384      445.0000     Cuts: 274   103282   49.53%
    510     0      665.3385   384      445.0000     Cuts: 158   103644   49.51%
    510     0      665.2436   384      445.0000     Cuts: 128   103839   49.49%
    510     2      665.2436   355      445.0000      665.2082   103839   49.48%
    515     7      662.1819   343      445.0000      664.0778   107658   49.23%
    522    14      661.4955   339      445.0000      664.0778   111943   49.23%
    530    22      648.8592   293      445.0000      664.0778   119902   49.23%
    540    32      650.8089   305      445.0000      664.0778   125603   49.23%
    554    46      633.6338   245      445.0000      664.0778   130328   49.23%
    579    71      600.8308   215      445.0000      664.0778   136066   49.23%
    610   102      612.6948   212      445.0000      664.0778   143995   49.23%
    654   140      641.7411   295      445.0000      661.8927   153494   48.74%
    679   165      605.0000   227      445.0000      661.8927   163353   48.74%
Elapsed time = 23.66 sec. (31607.68 ticks, tree = 0.31 MB, solutions = 8)
    712   195      580.9862   232      445.0000      661.8927   172162   48.74%
    815   282      646.9018   325      445.0000      661.4634   179170   48.64%
    865   330      581.0518   269      445.0000      661.4634   187536   48.64%
    912   372      650.9590   309      445.0000      661.3843   193274   48.63%
    947   407      617.1509   276      445.0000      661.3843   201864   48.63%
   1022   469      651.3162   335      445.0000      660.3183   208499   48.39%
   1038   485      630.2568   268      445.0000      660.3183   214330   48.39%
   1147   574      654.9612   307      445.0000      660.1594   224698   48.35%
   1165   592      627.5015   221      445.0000      660.1594   234191   48.35%
   1227   647      648.3321   329      445.0000      658.6343   242225   48.01%
Elapsed time = 31.23 sec. (42311.23 ticks, tree = 4.74 MB, solutions = 8)
   1245   665      595.6836   247      445.0000      658.6343   250133   48.01%
   1309   717      646.7603   360      445.0000      657.2163   259510   47.69%
   1321   729      632.0588   276      445.0000      657.2163   266194   47.69%
   1359   767      574.6928   247      445.0000      657.2163   274377   47.69%
   1421   816      650.6984   372      445.0000      656.5398   280526   47.54%
   1448   843      620.2120   291      445.0000      656.5398   288118   47.54%
   1531   911      653.9055   320      445.0000      656.4741   296277   47.52%
   1560   940      618.7084   284      445.0000      656.4741   304596   47.52%
   1634  1009      531.1786   181      445.0000      656.4741   312809   47.52%
   1665  1036      633.0480   267      445.0000      655.9745   318295   47.41%
Elapsed time = 38.88 sec. (53155.13 ticks, tree = 8.27 MB, solutions = 8)
   1703  1074      601.1631   236      445.0000      655.9745   327688   47.41%
   1771  1142      545.5215   166      445.0000      655.9745   336768   47.41%
   1830  1194      631.2862   322      445.0000      655.7625   345408   47.36%
   1846  1210      597.8314   271      445.0000      655.7625   353693   47.36%
   1881  1238      653.0769   320      445.0000      655.6682   359261   47.34%
   1910  1267      605.3992   283      445.0000      655.6682   367790   47.34%
   1965  1317      494.3706   157      445.0000      655.6682   375649   47.34%
   2003  1344      639.1763   288      445.0000      655.5924   380455   47.32%
   2038  1379      587.8205   261      445.0000      655.5924   387912   47.32%
   2097  1426      653.2579   350      445.0000      655.5343   394665   47.31%
Elapsed time = 46.18 sec. (63435.48 ticks, tree = 11.67 MB, solutions = 8)
   2105  1434      636.4405   347      445.0000      655.5343   402196   47.31%
   2114  1443      621.7759   321      445.0000      655.5343   409113   47.31%
   2175  1504      548.1600   183      445.0000      655.5343   417231   47.31%
   2213  1536      607.3242   257      445.0000      655.3335   425431   47.27%
   2258  1581      553.2605   188      445.0000      655.3335   433802   47.27%
   2365  1669    infeasible            445.0000      655.3335   441280   47.27%
   2388  1690      610.9092   286      445.0000      655.3139   448722   47.26%
   2439  1738      653.6237   333      445.0000      655.2000   455505   47.24%
   2492  1791      572.7104   195      445.0000      655.2000   464335   47.24%
   2564  1850      598.3010   301      445.0000      655.0778   473396   47.21%
Elapsed time = 53.09 sec. (73210.59 ticks, tree = 16.73 MB, solutions = 8)
   2693  1974      651.0608   356      445.0000      654.7775   483677   47.14%
   2715  1996      607.3062   308      445.0000      654.7775   492725   47.14%
   2791  2058      649.2910   366      445.0000      654.5016   502604   47.08%
   2799  2066      636.2633   341      445.0000      654.5016   511445   47.08%
   2824  2091      607.8709   273      445.0000      654.5016   520622   47.08%
   2881  2145      533.1956   175      445.0000      654.5016   530112   47.08%
   2942  2200      633.4278   327      445.0000      653.8941   539691   46.94%
   3027  2280      625.9313   297      445.0000      653.7393   549229   46.91%
   3063  2316      567.5152   246      445.0000      653.7393   557659   46.91%
   3103  2350      608.3880   283      445.0000      653.6842   565569   46.90%
Elapsed time = 60.52 sec. (83766.10 ticks, tree = 20.76 MB, solutions = 8)
   3163  2406      590.0352   265      445.0000      653.6221   573731   46.88%
   3234  2466      631.4980   318      445.0000      653.6057   582429   46.88%
   3253  2485      598.2449   310      445.0000      653.6057   590998   46.88%
   3272  2504      570.6504   235      445.0000      653.6057   598600   46.88%
   3321  2553      535.0000   154      445.0000      653.6057   607221   46.88%
   3384  2596      587.3684   191      445.0000      653.5737   615171   46.87%
   3431  2638      618.9658   313      445.0000      653.5151   624568   46.86%
   3486  2687      628.1754   317      445.0000      653.3614   634380   46.82%
   3537  2734      625.2942   285      445.0000      653.1743   642476   46.78%
   3607  2792      634.9689   315      445.0000      653.1645   652129   46.78%
Elapsed time = 67.58 sec. (93827.95 ticks, tree = 26.01 MB, solutions = 8)
   3629  2814      573.5948   191      445.0000      653.1645   661309   46.78%
   3705  2877      634.8167   333      445.0000      653.0754   670825   46.76%
   3739  2911      582.2589   268      445.0000      653.0754   679293   46.76%
   3785  2950      609.9161   265      445.0000      652.8940   688552   46.72%
   3832  2993      618.6127   278      445.0000      652.8066   697662   46.70%
   3903  3054      631.7312   330      445.0000      652.7897   707361   46.69%
   3971  3118      531.1573   194      445.0000      652.7897   717077   46.69%
   3997  3140      607.4396   276      445.0000      652.4381   726266   46.62%
   4108  3233      629.9905   304      445.0000      652.3524   737704   46.60%
   4174  3299      528.8398   165      445.0000      652.3524   745453   46.60%
Elapsed time = 74.72 sec. (103948.53 ticks, tree = 30.46 MB, solutions = 8)
   4234  3347      591.8416   245      445.0000      652.3522   753249   46.60%
   4386  3495      626.7832   265      445.0000      652.3428   762727   46.59%
   4459  3558      650.3494   383      445.0000      652.0985   772136   46.54%
   4506  3605      581.9653   237      445.0000      652.0985   781966   46.54%
   4556  3649      645.4932   338      445.0000      652.0552   790266   46.53%
   4592  3685      585.2188   225      445.0000      652.0552   800293   46.53%
   4725  3791      515.0267   137      445.0000      651.9654   809791   46.51%
   4810  3860      632.2623   333      445.0000      651.4890   822424   46.40%
   4851  3901      514.6034   189      445.0000      651.4890   829743   46.40%
   5070  4096      643.0691   323      445.0000      651.0965   860378   46.31%
Elapsed time = 84.05 sec. (117081.46 ticks, tree = 36.67 MB, solutions = 8)
   5231  4244      637.3096   312      445.0000      650.9090   891954   46.27%
   5391  4389      630.4121   311      445.0000      650.7552   926349   46.24%
   5521  4505      587.8145   239      445.0000      650.7458   961334   46.24%
   5741  4703      621.3445   265      445.0000      650.6993   992573   46.22%
   5913  4852      647.9804   375      445.0000      650.3233  1023948   46.14%
*  6043  4860      integral     0      460.0000      650.3233  1040466   41.37%
   6164  4967      648.1579   310      460.0000      650.1418  1057506   41.34%
   6326  5117      645.8150   347      460.0000      650.0738  1097280   41.32%
   6540  5317      554.3739   242      460.0000      649.6127  1134485   41.22%
   6664  5421      569.9242   149      460.0000      649.3934  1165913   41.17%
   6920  5645      638.8230   328      460.0000      649.3554  1197841   41.16%
Elapsed time = 111.94 sec. (156227.44 ticks, tree = 54.90 MB, solutions = 9)
   7059  5777      553.6214   179      460.0000      649.3077  1229740   41.15%
   7248  5939      588.0785   211      460.0000      649.2732  1261631   41.15%
   7510  6164      642.6062   341      460.0000      649.1761  1292748   41.13%
   7676  6320      590.1001   240      460.0000      649.0720  1327858   41.10%
   7914  6532      500.0000    92      460.0000      648.8946  1364784   41.06%
   8126  6714      490.0000   128      460.0000      648.7782  1399403   41.04%
   8252  6822      610.9228   274      460.0000      648.6324  1431848   41.01%
   8428  6986      631.3624   303      460.0000      648.5783  1466181   41.00%
Starting limited solution polishing.
*  8510+ 6947                          465.0000      648.5453            39.47%
   8562  7001      542.1013   177      465.0000      648.5453  1499298   39.47%
   8780  7198      566.5153   230      465.0000      648.2048  1533754   39.40%
Elapsed time = 139.42 sec. (194591.03 ticks, tree = 70.10 MB, solutions = 10)
*  8810+ 6921                          475.0000      648.2048            36.46%
*  8910+ 6863                          480.0000      648.1526            35.03%
*  9010+ 6842                          485.0000      648.0867            33.63%
*  9010+ 6688                          490.0000      648.0867            32.26%
   9010  6690      539.6373   178      490.0000      648.0867  1561687   32.26%
   9161  6830      614.9711   250      490.0000      648.0572  1594265   32.26%
   9318  6975      571.2899   217      490.0000      647.8250  1625505   32.21%
Advanced basis not built.

GUB cover cuts applied:  107
Clique cuts applied:  188
Cover cuts applied:  40
Implied bound cuts applied:  178
Flow cuts applied:  17
Mixed integer rounding cuts applied:  160
Zero-half cuts applied:  90
Lift and project cuts applied:  27
Gomory fractional cuts applied:  6

Root node processing (before b&c):
  Real time             =    1.35 sec. (1766.68 ticks)
Sequential b&c:
  Real time             =  148.65 sec. (207086.47 ticks)
                          ------------
Total (root+branch&cut) =  150.00 sec. (208853.14 ticks)

Solution pool: 15 solutions saved.

MIP - Time limit exceeded, integer feasible:  Objective =  4.9000000000e+02
Current MIP best bound =  6.4779414890e+02 (gap = 157.794, 32.20%)
Solution time =  150.00 sec.  Iterations = 1639474  Nodes = 9410 (7056)
Deterministic time = 208853.15 ticks  (1392.34 ticks/sec)


Incumbent solution
Variable Name           Solution Value
F                           490.000000
y146                          1.000000
y90                           1.000000
y44                           1.000000
y16                           1.000000
y65                           1.000000
y116                          1.000000
y293                          1.000000
y256                          1.000000
y162                          1.000000
y276                          1.000000
y139                          1.000000
y194                          1.000000
y172                          1.000000
y178                          1.000000
y142                          1.000000
y72                           1.000000
y111                          1.000000
y220                          1.000000
y213                          1.000000
y124                          1.000000
y300                          1.000000
y156                          1.000000
y183                          1.000000
y47                           1.000000
y296                          1.000000
y148                          1.000000
y71                           1.000000
y267                          1.000000
y240                          1.000000
y21                           1.000000
y298                          1.000000
y177                          1.000000
x221x194x1                    2.000000
x281x16x1                     2.000000
x100x162x1                    1.000000
x203x65x1                     2.000000
x136x300x1                    1.000000
x138x124x1                    1.000000
x118x44x2                     1.000000
x100x256x2                    1.000000
x104x178x2                    1.000000
x14x90x2                      1.000000
x136x90x2                     1.000000
x68x256x2                     1.000000
x68x142x2                     1.000000
x206x276x2                    2.000000
x118x44x3                     1.000000
x121x116x3                    1.000000
x121x293x3                    1.000000
x104x146x3                    1.000000
x14x116x3                     1.000000
x24x146x3                     1.000000
x168x293x3                    1.000000
x168x178x3                    1.000000
x138x162x3                    1.000000
x146x183x3                    2.000000
x90x172x2                     1.000000
x90x124x2                     1.000000
x44x300x2                     1.000000
x44x142x3                     1.000000
x16x213x1                     2.000000
x65x139x1                     2.000000
x116x172x3                    1.000000
x116x72x3                     1.000000
x293x72x3                     1.000000
x293x156x3                    1.000000
x256x220x2                    1.000000
x256x296x2                    1.000000
x162x47x1                     1.000000
x162x21x3                     1.000000
x276x220x2                    1.000000
x276x156x2                    1.000000
x139x71x1                     1.000000
x139x177x1                    1.000000
x194x111x1                    2.000000
x172x177x2                    1.000000
x172x71x3                     1.000000
x178x296x2                    1.000000
x178x47x3                     1.000000
x142x240x2                    1.000000
x142x267x3                    1.000000
x72x0x3                       2.000000
x111x0x1                      2.000000
x220x0x2                      2.000000
x213x148x1                    2.000000
x124x240x1                    1.000000
x124x298x2                    1.000000
x300x21x1                     1.000000
x300x298x2                    1.000000
x156x0x2                      1.000000
x156x0x3                      1.000000
x183x0x3                      1.000000
x183x267x3                    1.000000
x47x0x1                       1.000000
x47x0x3                       1.000000
x296x0x2                      2.000000
x148x0x1                      2.000000
x71x0x1                       1.000000
x71x0x3                       1.000000
x267x0x3                      2.000000
x240x0x1                      1.000000
x240x0x2                      1.000000
x21x0x1                       1.000000
x21x0x3                       1.000000
x298x0x2                      2.000000
x177x0x1                      1.000000
x177x0x2                      1.000000
s221                          6.000000
s285                          6.560000
s162                          7.694651
s110                          6.926739
s52                           7.070000
s139                          8.058052
s194                          7.731127
z221z194z1                    1.000000
s53                           7.530000
s187                          8.650000
s96                           7.700000
s111                          8.770000
z221z111z1                    1.000000
s80                           8.800000
z221z80z1                     1.000000
s85                           8.880000
z221z85z1                     1.000000
s213                          7.907948
z221z213z1                    1.000000
s124                          8.119189
s300                          8.081950
s47                           9.200000
s234                          9.210000
s148                          9.230000
z221z148z1                    1.000000
s71                           9.330000
s39                           9.380000
s240                          9.380000
s21                           9.390000
s101                          9.420000
z221z101z1                    1.000000
s177                          9.470000
s281                          4.511970
s216                          6.622119
s16                           6.220764
z281z16z1                     1.000000
s65                           6.747008
z281z65z1                     1.000000
z281z110z1                    1.000000
z281z139z1                    1.000000
z281z194z1                    1.000000
z281z187z1                    1.000000
z281z96z1                     1.000000
z281z111z1                    1.000000
z281z80z1                     1.000000
z281z85z1                     1.000000
z281z213z1                    1.000000
z281z148z1                    1.000000
z281z101z1                    1.000000
s118                          4.772840
s146                          6.649634
s90                           6.765354
s44                           6.387026
z118z44z2                     1.000000
z118z44z3                     1.000000
s116                          6.864552
z118z116z3                    1.000000
s293                          7.354409
z118z293z3                    1.000000
s256                          7.424330
z118z256z2                    1.000000
s276                          7.604502
z118z276z2                    1.000000
s126                          7.220000
s2                            7.260000
s99                           7.500000
s172                          8.186352
s178                          7.570000
s81                           8.640000
z118z81z3                     1.000000
s95                           8.650000
s142                          7.650000
s72                           8.710000
z118z72z3                     1.000000
s220                          8.870000
z118z220z2                    1.000000
s167                          7.940000
s109                          9.070000
z118z109z3                    1.000000
s156                          9.100000
s9                            8.110000
z118z9z3                      1.000000
s270                          9.140000
z118z270z3                    1.000000
s125                          8.180000
z118z125z3                    1.000000
s228                          8.760255
z118z228z3                    1.000000
s183                          8.293822
z118z183z3                    1.000000
s296                          9.200000
z118z296z2                    1.000000
s222                          9.280000
s144                          9.350000
z118z144z2                    1.000000
s267                          9.360000
z118z267z3                    1.000000
s248                          9.400000
s298                          9.400000
z118z298z2                    1.000000
s225                          9.440000
z118z225z2                    1.000000
s121                          5.103250
z121z116z3                    1.000000
z121z293z3                    1.000000
z121z81z3                     1.000000
z121z72z3                     1.000000
z121z109z3                    1.000000
z121z9z3                      1.000000
z121z270z3                    1.000000
z121z125z3                    1.000000
z121z228z3                    1.000000
z121z183z3                    1.000000
z121z267z3                    1.000000
s100                          5.192310
z100z256z2                    1.000000
z100z162z1                    1.000000
z100z139z1                    1.000000
z100z194z1                    1.000000
z100z187z1                    1.000000
z100z96z1                     1.000000
z100z111z1                    1.000000
z100z80z1                     1.000000
z100z220z2                    1.000000
z100z85z1                     1.000000
z100z213z1                    1.000000
z100z296z2                    1.000000
z100z148z1                    1.000000
z100z144z2                    1.000000
z100z298z2                    1.000000
z100z101z1                    1.000000
z100z225z2                    1.000000
s104                          5.026470
z104z146z3                    1.000000
z104z276z2                    1.000000
z104z178z2                    1.000000
z104z81z3                     1.000000
z104z72z3                     1.000000
z104z220z2                    1.000000
z104z109z3                    1.000000
z104z9z3                      1.000000
z104z270z3                    1.000000
z104z125z3                    1.000000
z104z228z3                    1.000000
z104z183z3                    1.000000
z104z296z2                    1.000000
z104z144z2                    1.000000
z104z267z3                    1.000000
z104z298z2                    1.000000
z104z225z2                    1.000000
s203                          5.199440
z203z65z1                     1.000000
z203z110z1                    1.000000
z203z139z1                    1.000000
z203z194z1                    1.000000
z203z187z1                    1.000000
z203z96z1                     1.000000
z203z111z1                    1.000000
z203z80z1                     1.000000
z203z85z1                     1.000000
z203z213z1                    1.000000
z203z148z1                    1.000000
z203z101z1                    1.000000
s14                           5.381860
z14z90z2                      1.000000
z14z116z3                     1.000000
z14z81z3                      1.000000
z14z72z3                      1.000000
z14z220z2                     1.000000
z14z109z3                     1.000000
z14z9z3                       1.000000
z14z270z3                     1.000000
z14z125z3                     1.000000
z14z228z3                     1.000000
z14z183z3                     1.000000
z14z296z2                     1.000000
z14z144z2                     1.000000
z14z267z3                     1.000000
z14z298z2                     1.000000
z14z225z2                     1.000000
s24                           5.184600
z24z146z3                     1.000000
z24z81z3                      1.000000
z24z72z3                      1.000000
z24z109z3                     1.000000
z24z9z3                       1.000000
z24z270z3                     1.000000
z24z125z3                     1.000000
z24z228z3                     1.000000
z24z183z3                     1.000000
z24z267z3                     1.000000
s136                          5.347760
z136z90z2                     1.000000
z136z139z1                    1.000000
z136z194z1                    1.000000
z136z187z1                    1.000000
z136z96z1                     1.000000
z136z111z1                    1.000000
z136z80z1                     1.000000
z136z220z2                    1.000000
z136z85z1                     1.000000
z136z213z1                    1.000000
z136z300z1                    1.000000
z136z296z2                    1.000000
z136z148z1                    1.000000
z136z144z2                    1.000000
z136z298z2                    1.000000
z136z101z1                    1.000000
z136z225z2                    1.000000
s68                           5.701370
z68z256z2                     1.000000
z68z276z2                     1.000000
z68z142z2                     1.000000
z68z220z2                     1.000000
z68z296z2                     1.000000
z68z144z2                     1.000000
z68z298z2                     1.000000
z68z225z2                     1.000000
s168                          5.790300
z168z293z3                    1.000000
z168z178z3                    1.000000
z168z81z3                     1.000000
z168z72z3                     1.000000
z168z109z3                    1.000000
z168z9z3                      1.000000
z168z270z3                    1.000000
z168z125z3                    1.000000
z168z228z3                    1.000000
z168z183z3                    1.000000
z168z267z3                    1.000000
s138                          5.911320
z138z162z3                    1.000000
z138z194z1                    1.000000
z138z72z3                     1.000000
z138z111z1                    1.000000
z138z80z1                     1.000000
z138z85z1                     1.000000
z138z213z1                    1.000000
z138z124z1                    1.000000
z138z109z3                    1.000000
z138z9z3                      1.000000
z138z270z3                    1.000000
z138z125z3                    1.000000
z138z228z3                    1.000000
z138z183z3                    1.000000
z138z148z1                    1.000000
z138z267z3                    1.000000
z138z101z1                    1.000000
s206                          5.908180
z206z256z2                    1.000000
z206z276z2                    1.000000
z206z220z2                    1.000000
z206z296z2                    1.000000
z206z144z2                    1.000000
z206z298z2                    1.000000
z206z225z2                    1.000000
z216z144z2                    1.000000
z216z298z2                    1.000000
z216z101z1                    1.000000
z216z225z2                    1.000000
z146z183z3                    1.000000
z146z267z3                    1.000000
z90z172z2                     1.000000
z90z220z2                     1.000000
z90z124z2                     1.000000
z90z144z2                     1.000000
z90z298z2                     1.000000
z90z225z2                     1.000000
z44z142z3                     1.000000
z44z300z2                     1.000000
z44z267z3                     1.000000
z44z225z2                     1.000000
z16z139z1                     1.000000
z16z213z1                     1.000000
z16z101z1                     1.000000
z65z139z1                     1.000000
z65z148z1                     1.000000
z65z101z1                     1.000000
z116z172z3                    1.000000
z116z72z3                     1.000000
z116z125z3                    1.000000
z116z267z3                    1.000000
z285z101z1                    1.000000
z285z225z2                    1.000000
z293z72z3                     1.000000
z293z156z3                    1.000000
z293z228z3                    1.000000
z293z267z3                    1.000000
z256z220z2                    1.000000
z256z296z2                    1.000000
z256z298z2                    1.000000
z256z225z2                    1.000000
z162z47z1                     1.000000
z162z267z3                    1.000000
z162z21z3                     1.000000
z162z101z1                    1.000000
z110z111z1                    1.000000
z110z148z1                    1.000000
z110z101z1                    1.000000
z276z220z2                    1.000000
z276z156z2                    1.000000
z276z298z2                    1.000000
z276z225z2                    1.000000
z139z71z1                     1.000000
z139z177z1                    1.000000
z194z111z1                    1.000000
z172z71z3                     1.000000
z172z177z2                    1.000000
z178z47z3                     1.000000
z178z296z2                    1.000000
z142z267z3                    1.000000
z142z240z2                    1.000000
z213z148z1                    1.000000
z124z240z1                    1.000000
z124z298z2                    1.000000
z300z21z1                     1.000000
z300z298z2                    1.000000
z183z267z3                    1.000000
All other variables in the range 1-3088 are 0.
