
Log started (V12.10.0.0) Thu Apr  8 18:19:21 2021


Problem 'asset.lp' read.
Read time = 0.00 sec. (0.18 ticks)
New value for default parallel thread count: 1
New value for time limit in seconds: 200
Version identifier: 12.10.0.0 | 2019-11-26 | 843d4de
CPXPARAM_Threads                                 1
CPXPARAM_TimeLimit                               200
Found incumbent of value -0.806004 after 0.00 sec. (0.08 ticks)
Tried aggregator 3 times.
MIP Presolve eliminated 758 rows and 63 columns.
MIP Presolve modified 1150 coefficients.
Aggregator did 480 substitutions.
Reduced MIP has 678 rows, 751 columns, and 3183 nonzeros.
Reduced MIP has 632 binaries, 82 generals, 0 SOSs, and 0 indicators.
Presolve time = 0.01 sec. (7.25 ticks)
Probing fixed 121 vars, tightened 21 bounds.
Probing time = 0.00 sec. (2.05 ticks)
Cover probing fixed 0 vars, tightened 63 bounds.
Tried aggregator 1 time.
MIP Presolve eliminated 168 rows and 168 columns.
MIP Presolve modified 52 coefficients.
Reduced MIP has 510 rows, 583 columns, and 2202 nonzeros.
Reduced MIP has 485 binaries, 61 generals, 0 SOSs, and 0 indicators.
Presolve time = 0.00 sec. (2.14 ticks)
Probing time = 0.00 sec. (1.38 ticks)
Tried aggregator 1 time.
Detecting symmetries...
MIP Presolve modified 200 coefficients.
Reduced MIP has 510 rows, 583 columns, and 2202 nonzeros.
Reduced MIP has 485 binaries, 61 generals, 0 SOSs, and 0 indicators.
Presolve time = 0.00 sec. (1.55 ticks)
Probing time = 0.00 sec. (1.38 ticks)
Clique table members: 1581.
MIP emphasis: balance optimality and feasibility.
MIP search method: dynamic search.
Parallel mode: none, using 1 thread.
Root relaxation solution time = 0.01 sec. (6.19 ticks)

        Nodes                                         Cuts/
   Node  Left     Objective  IInf  Best Integer    Best Bound    ItCnt     Gap

*     0+    0                           -0.8060      824.3740              --- 
      0     0      534.1816   137       -0.8060      534.1816      494     --- 
*     0+    0                          358.1164      534.1816            49.16%
      0     0      508.2184   137      358.1164     Cuts: 227      764   41.91%
      0     0      492.2633   137      358.1164     Cuts: 227     1097   37.46%
*     0+    0                          376.4142      492.2633            30.78%
      0     0      486.0077   137      376.4142     Cuts: 112     1213   29.12%
      0     0      482.4828   137      376.4142     Cuts: 153     1287   28.18%
      0     0      478.0779   137      376.4142      Cuts: 78     1411   27.01%
Detecting symmetries...
      0     0      474.5971   137      376.4142      Cuts: 94     1540   26.08%
      0     0      473.7892   137      376.4142      Cuts: 53     1623   25.87%
      0     0      473.2980   137      376.4142     Cuts: 130     1699   25.74%
      0     0      472.9188   137      376.4142      Cuts: 70     1761   25.64%
      0     0      472.3437   137      376.4142     Cuts: 103     1899   25.49%
      0     0      472.3285   137      376.4142      Cuts: 76     1957   25.48%
      0     0      471.9753   137      376.4142      Cuts: 66     2035   25.39%
      0     0      471.5214   137      376.4142     Cuts: 102     2169   25.27%
      0     0      471.0657   137      376.4142     Cuts: 187     2290   25.15%
      0     0      470.8948   137      376.4142     Cuts: 103     2367   25.10%
      0     0      470.2131   137      376.4142      Cuts: 53     2440   24.92%
      0     0      469.8037   137      376.4142      Cuts: 70     2486   24.81%
      0     0      469.6685   137      376.4142     Cuts: 114     2544   24.77%
      0     0      469.6327   137      376.4142      Cuts: 57     2614   24.76%
*     0+    0                          387.6484      469.6327            21.15%
      0     0      469.5401   137      387.6484      Cuts: 89     2679   21.13%
*     0+    0                          387.6491      469.5401            21.13%
      0     0        cutoff            387.6491      469.5401     2679   21.13%
Detecting symmetries...
      0     2      469.5401   144      387.6491      469.5383     2679   21.12%
Elapsed time = 0.28 sec. (263.21 ticks, tree = 0.01 MB, solutions = 4)
*    70+   51                          410.0995      469.1239            14.39%
*    80+   54                          420.0907      469.1239            11.67%
    169   125      445.1745    86      420.0907      468.0284     8326   11.41%
*   180+  133                          421.0526      468.0284            11.16%
    407   325      435.6904    53      421.0526      466.7562    15046   10.85%

Performing restart 1

Repeating presolve.
Tried aggregator 1 time.
MIP Presolve modified 305 coefficients.
Reduced MIP has 510 rows, 583 columns, and 1985 nonzeros.
Reduced MIP has 485 binaries, 61 generals, 0 SOSs, and 0 indicators.
Presolve time = 0.00 sec. (1.82 ticks)
Tried aggregator 1 time.
Reduced MIP has 510 rows, 583 columns, and 1985 nonzeros.
Reduced MIP has 485 binaries, 61 generals, 0 SOSs, and 0 indicators.
Presolve time = 0.00 sec. (1.49 ticks)
Represolve time = 0.01 sec. (10.71 ticks)
    512     0      460.2595   150      421.0526     Cuts: 144    19715    9.31%
    512     0      453.8446   150      421.0526     Cuts: 105    19827    7.79%
    512     0      451.6664   150      421.0526     Cuts: 107    19926    7.27%
    512     0      451.3585   150      421.0526      Cuts: 80    20074    7.20%
    512     0      451.0916   150      421.0526      Cuts: 79    20196    7.13%
    512     0      451.0791   150      421.0526      Cuts: 81    20292    7.13%
    512     0      451.0430   150      421.0526      Cuts: 62    20396    7.12%
    512     0      451.0070   150      421.0526      Cuts: 55    20548    7.11%
    512     0      450.8996   150      421.0526      Cuts: 78    20671    7.09%
    512     0      450.7117   150      421.0526      Cuts: 79    20744    7.04%
    512     0      450.2584   150      421.0526      Cuts: 36    20871    6.94%
*   512+    0                          423.5259      450.2584             6.31%
    512     0      449.9692   150      423.5259      Cuts: 52    20954    6.24%
    512     0      449.8464   150      423.5259      Cuts: 68    21080    6.21%
    512     0      449.7660   150      423.5259      Cuts: 40    21145    6.20%
*   512+    0                          423.5297      449.7660             6.19%
    512     0        cutoff            423.5297      449.7660    21145    6.19%
    512     0      449.7220   150      423.5297      Cuts: 43    21186    6.18%
    512     0      449.6514   150      423.5297      Cuts: 35    21271    6.17%
    512     0      449.5189   150      423.5297      Cuts: 47    21313    6.14%
    512     0      449.4947   150      423.5297      Cuts: 41    21371    6.13%
    512     0      449.3669   150      423.5297      Cuts: 77    21470    6.10%
    512     0      449.3494   150      423.5297      Cuts: 77    21532    6.10%
    512     0      449.3308   150      423.5297      Cuts: 81    21618    6.09%
    512     0      449.3015   150      423.5297      Cuts: 41    21646    6.08%
*   512+    0                          423.5297      449.3015             6.08%
*   512+    0                          423.5325      449.3015             6.08%
*   512+    0                          433.1362      449.3015             3.73%
    512     0        cutoff            433.1362      449.3015    21646    3.73%
    512     2      449.3015   134      433.1362      449.2962    21646    3.73%
    518     8      449.0063   113      433.1362      449.1487    21993    3.70%
    531     9      438.7332    85      433.1362      448.6353    23027    3.58%
    561    13      442.3337    87      433.1362      445.5673    25550    2.87%

GUB cover cuts applied:  14
Clique cuts applied:  49
Cover cuts applied:  9
Implied bound cuts applied:  27
Flow cuts applied:  14
Mixed integer rounding cuts applied:  42
Zero-half cuts applied:  38
Lift and project cuts applied:  18

Root node processing (before b&c):
  Real time             =    0.28 sec. (263.31 ticks)
Sequential b&c:
  Real time             =    2.50 sec. (2746.38 ticks)
                          ------------
Total (root+branch&cut) =    2.78 sec. (3009.68 ticks)

Solution pool: 13 solutions saved.

MIP - Integer optimal, tolerance (0.0001/1e-06):  Objective =  4.3313616620e+02
Current MIP best bound =  4.3314356807e+02 (gap = 0.00740187, 0.00%)
Solution time =    2.78 sec.  Iterations = 28584  Nodes = 619 (11)
Deterministic time = 3009.69 ticks  (1083.93 ticks/sec)


Incumbent solution
Variable Name           Solution Value
F                           480.000000
f1                            0.853834
f2                           46.010000
y73                           1.000000
y117                          1.000000
y187                          1.000000
y209                          1.000000
y4                            1.000000
y19                           1.000000
y155                          1.000000
y35                           1.000000
y59                           1.000000
y108                          1.000000
y20                           1.000000
y64                           1.000000
y160                          1.000000
y85                           1.000000
y131                          1.000000
s174                          3.190000
s12                           3.210000
s73                           4.088122
s185                          3.350000
s11                           3.370000
s95                           3.450000
s3                            3.470000
s72                           3.470000
s8                            3.500000
s117                          4.188201
s187                          4.299559
s144                          3.620000
s209                          3.934445
s4                            3.981309
s25                           3.810000
s1                            3.920000
s19                           5.029843
s156                          4.070000
s155                          4.226378
s201                          4.240000
s178                          4.270000
s35                           5.253865
s88                           4.300000
s2                            4.310000
s53                           4.330000
s60                           4.330000
s142                          4.330000
s70                           4.370000
s59                           5.197231
s108                          5.409008
s20                           4.833204
s208                          4.940000
s64                           5.704928
s160                          5.622354
s197                          4.990000
s85                           5.401370
s131                          5.937925
s121                          5.140000
x173x35x1                     1.000000
x164x187x1                    2.000000
x34x117x1                     1.000000
x34x209x1                     1.000000
x81x155x1                     1.000000
x46x20x2                      1.000000
x5x209x2                      1.000000
x207x4x2                      2.000000
x28x117x2                     1.000000
x81x73x2                      1.000000
x173x59x3                     1.000000
x46x20x3                      1.000000
x10x108x3                     1.000000
x10x85x3                      1.000000
x5x73x3                       1.000000
x28x155x3                     1.000000
x73x64x2                      1.000000
x73x160x3                     1.000000
x117x108x1                    1.000000
x117x160x2                    1.000000
x187x131x1                    2.000000
x209x19x1                     1.000000
x209x64x2                     1.000000
x4x19x2                       1.000000
x4x59x2                       1.000000
x19x0x1                       1.000000
x19x0x2                       1.000000
x155x35x1                     1.000000
x155x85x3                     1.000000
x35x0x1                       2.000000
x59x0x2                       1.000000
x59x0x3                       1.000000
x108x0x1                      1.000000
x108x0x3                      1.000000
x20x0x2                       1.000000
x20x0x3                       1.000000
x64x0x2                       2.000000
x160x0x2                      1.000000
x160x0x3                      1.000000
x85x0x3                       2.000000
x131x0x1                      2.000000
s173                          3.524155
z173z35z1                     1.000000
z173z59z3                     1.000000
s46                           3.531602
z46z20z2                      1.000000
z46z20z3                      1.000000
s10                           3.601384
z10z108z3                     1.000000
z10z85z3                      1.000000
s5                            2.540220
z5z73z3                       1.000000
z5z209z2                      1.000000
z5z64z2                       1.000000
z5z85z3                       1.000000
z5z121z2                      1.000000
s207                          2.665100
z207z4z2                      1.000000
z207z64z2                     1.000000
z207z121z2                    1.000000
s28                           2.627930
z28z117z2                     1.000000
z28z155z3                     1.000000
z28z2z2                       1.000000
z28z64z2                      1.000000
z28z85z3                      1.000000
z28z121z2                     1.000000
s164                          2.798870
z164z187z1                    1.000000
z164z131z1                    1.000000
s34                           2.623130
z34z117z1                     1.000000
z34z209z1                     1.000000
z34z131z1                     1.000000
s81                           2.559200
z81z73z2                      1.000000
z81z156z1                     1.000000
z81z155z1                     1.000000
z81z201z1                     1.000000
z81z35z1                      1.000000
z81z88z1                      1.000000
z81z2z2                       1.000000
z81z142z1                     1.000000
z81z64z2                      1.000000
z81z131z1                     1.000000
z81z121z2                     1.000000
z73z64z2                      1.000000
z73z160z3                     1.000000
z185z64z2                     1.000000
z11z131z1                     1.000000
z117z108z1                    1.000000
z117z160z2                    1.000000
z187z131z1                    1.000000
z209z19z1                     1.000000
z209z64z2                     1.000000
z4z19z2                       1.000000
z4z59z2                       1.000000
z155z35z1                     1.000000
z155z85z3                     1.000000
All other variables in the range 1-1297 are 0.
