
Log started (V12.10.0.0) Thu Apr  8 18:22:45 2021


Problem 'asset.lp' read.
Read time = 0.00 sec. (0.08 ticks)
New value for default parallel thread count: 1
New value for time limit in seconds: 200
Version identifier: 12.10.0.0 | 2019-11-26 | 843d4de
CPXPARAM_Threads                                 1
CPXPARAM_TimeLimit                               200
Found incumbent of value -0.870809 after 0.00 sec. (0.04 ticks)
Tried aggregator 3 times.
MIP Presolve eliminated 107 rows and 24 columns.
MIP Presolve modified 583 coefficients.
Aggregator did 276 substitutions.
Reduced MIP has 375 rows, 430 columns, and 1782 nonzeros.
Reduced MIP has 364 binaries, 44 generals, 0 SOSs, and 0 indicators.
Presolve time = 0.00 sec. (3.25 ticks)
Probing fixed 61 vars, tightened 13 bounds.
Probing time = 0.00 sec. (1.15 ticks)
Cover probing fixed 0 vars, tightened 11 bounds.
Tried aggregator 1 time.
MIP Presolve eliminated 92 rows and 92 columns.
MIP Presolve modified 22 coefficients.
Reduced MIP has 283 rows, 338 columns, and 1243 nonzeros.
Reduced MIP has 285 binaries, 31 generals, 0 SOSs, and 0 indicators.
Presolve time = 0.00 sec. (1.18 ticks)
Probing time = 0.00 sec. (0.70 ticks)
Tried aggregator 1 time.
Detecting symmetries...
MIP Presolve modified 110 coefficients.
Reduced MIP has 283 rows, 338 columns, and 1243 nonzeros.
Reduced MIP has 285 binaries, 31 generals, 0 SOSs, and 0 indicators.
Presolve time = 0.00 sec. (0.86 ticks)
Probing time = 0.00 sec. (0.70 ticks)
Clique table members: 918.
MIP emphasis: balance optimality and feasibility.
MIP search method: dynamic search.
Parallel mode: none, using 1 thread.
Root relaxation solution time = 0.00 sec. (2.42 ticks)

        Nodes                                         Cuts/
   Node  Left     Objective  IInf  Best Integer    Best Bound    ItCnt     Gap

*     0+    0                           -0.8708      144.2292              --- 
      0     0      120.5790    95       -0.8708      120.5790      252     --- 
      0     0      109.0930    95       -0.8708     Cuts: 170      432     --- 
      0     0      108.0941    95       -0.8708     Cuts: 132      550     --- 
      0     0      106.8090    95       -0.8708      Cuts: 75      624     --- 
      0     0      105.8416    95       -0.8708      Cuts: 80      692     --- 
      0     0      105.7005    95       -0.8708      Cuts: 44      736     --- 
*     0+    0                           77.8166      105.7005            35.83%
Detecting symmetries...
      0     0      105.5958    95       77.8166      Cuts: 61      787   35.70%
      0     0      105.5427    95       77.8166      Cuts: 33      828   35.63%
      0     0      105.2027    95       77.8166      Cuts: 46      876   35.19%
      0     0      104.9670    95       77.8166      Cuts: 14      928   34.89%
      0     0      104.7922    95       77.8166      Cuts: 45      965   34.67%
      0     0      104.3843    95       77.8166      Cuts: 26     1028   34.14%
      0     0      104.2321    95       77.8166      Cuts: 47     1076   33.95%
      0     0      103.8492    95       77.8166      Cuts: 56     1129   33.45%
*     0+    0                           83.7830      103.8492            23.95%
      0     0      103.8469    95       83.7830      Cuts: 47     1147   23.95%
      0     0      103.8429    95       83.7830      Cuts: 23     1182   23.94%
*     0+    0                           83.7853      103.8429            23.94%
      0     0        cutoff             83.7853      103.8429     1182   23.94%
Detecting symmetries...
      0     2      103.8429    85       83.7853      103.8388     1182   23.93%
Elapsed time = 0.15 sec. (121.20 ticks, tree = 0.01 MB, solutions = 3)
*   180+  141                           85.1001      103.3357            21.43%
    280   214      101.1877    86       85.1001      103.0070    10197   21.04%
*   310+  205                           87.9184      102.9223            17.07%
*   313   208      integral     0       87.9193      102.9223    10925   17.06%
*   350+  212                           88.7674      102.8059            15.81%
*   367   215      integral     0       89.2189      102.8059    12797   15.23%
*   467+  268                           89.2190      101.5003            13.77%
*   467+  268                           89.2190      101.5003            13.77%
    535   323       92.6576    54       89.2190      101.1625    18492   13.39%
*   580+  328                           89.7170      101.0606            12.64%
*   583   331      integral     0       89.7172      101.0606    19757   12.64%
    873   517       90.8891    60       89.7172      100.4532    28576   11.97%
   1144   612       95.6247    76       89.7172       99.2832    38041   10.66%
   1419   723       90.8149    50       89.7172       98.2900    47120    9.56%

Performing restart 1

Repeating presolve.
Tried aggregator 1 time.
MIP Presolve modified 211 coefficients.
Reduced MIP has 283 rows, 338 columns, and 1102 nonzeros.
Reduced MIP has 285 binaries, 31 generals, 0 SOSs, and 0 indicators.
Presolve time = 0.00 sec. (1.00 ticks)
Tried aggregator 1 time.
Reduced MIP has 283 rows, 338 columns, and 1102 nonzeros.
Reduced MIP has 285 binaries, 31 generals, 0 SOSs, and 0 indicators.
Presolve time = 0.00 sec. (0.82 ticks)
Represolve time = 0.01 sec. (6.32 ticks)
   1497     0      103.5152    95       89.7172      Cuts: 74    50347    9.02%
   1497     0      103.2519    95       89.7172      Cuts: 77    50410    9.02%
   1497     0      102.4530    95       89.7172      Cuts: 63    50526    9.02%
   1497     0      102.1287    95       89.7172     Cuts: 109    50644    9.02%
   1497     0      101.9315    95       89.7172      Cuts: 65    50684    9.02%
   1497     0      101.6225    95       89.7172      Cuts: 63    50741    9.02%
   1497     0      101.4635    95       89.7172      Cuts: 50    50778    9.02%
   1497     0      101.3277    95       89.7172      Cuts: 35    50807    9.02%
   1497     2      101.3277   100       89.7172       97.8070    50807    9.02%
   1517    11       99.2888   104       89.7172       97.8070    51538    9.02%
*  1617+   57                           89.8265       96.0375             6.91%
   1637    66       89.8895    17       89.8265       95.5804    54883    6.41%
*  1667+   61                           90.0552       94.7502             5.21%
*  1717    44      integral     0       90.3005       93.6385    56736    3.70%
Elapsed time = 2.30 sec. (2492.15 ticks, tree = 0.06 MB, solutions = 15)
*  1773     0      integral     0       91.0605       91.0607    57704    0.00%

GUB cover cuts applied:  2
Clique cuts applied:  38
Implied bound cuts applied:  26
Flow cuts applied:  1
Mixed integer rounding cuts applied:  11
Zero-half cuts applied:  21
Lift and project cuts applied:  10
Gomory fractional cuts applied:  2

Root node processing (before b&c):
  Real time             =    0.15 sec. (121.28 ticks)
Sequential b&c:
  Real time             =    2.21 sec. (2430.62 ticks)
                          ------------
Total (root+branch&cut) =    2.36 sec. (2551.91 ticks)

Solution pool: 17 solutions saved.

MIP - Integer optimal solution:  Objective =  9.1060467302e+01
Solution time =    2.36 sec.  Iterations = 57704  Nodes = 1774
Deterministic time = 2551.91 ticks  (1080.53 ticks/sec)


Incumbent solution
Variable Name           Solution Value
F                           105.000000
f1                            0.919533
f2                           13.020000
y83                           1.000000
y136                          1.000000
y183                          1.000000
y206                          1.000000
y105                          1.000000
y157                          1.000000
y43                           1.000000
y169                          1.000000
y80                           1.000000
y55                           1.000000
y96                           1.000000
y26                           1.000000
s61                           6.000000
s78                           6.000000
s83                           6.838687
s190                          6.170000
s136                          6.762108
s89                           6.300000
s145                          6.370000
s192                          6.370000
s183                          7.004673
s206                          7.430308
s105                          6.740882
s184                          6.740000
s130                          6.800000
s148                          6.980000
s157                          7.788956
s74                           7.120000
s43                           8.039396
s169                          7.212706
s80                           8.063954
s55                           8.242227
s96                           8.292036
s26                           8.297034
x19x83x1                      1.000000
x35x83x1                      1.000000
x35x183x1                     1.000000
x108x183x1                    1.000000
x131x206x1                    1.000000
x131x43x1                     1.000000
x19x105x2                     1.000000
x59x80x2                      1.000000
x20x206x2                     1.000000
x59x136x3                     1.000000
x108x105x3                    1.000000
x20x136x3                     1.000000
x160x157x3                    1.000000
x85x169x3                     2.000000
x83x55x1                      2.000000
x136x43x3                     1.000000
x136x80x3                     1.000000
x183x0x1                      1.000000
x183x96x1                     1.000000
x206x0x1                      1.000000
x206x0x2                      1.000000
x105x26x2                     1.000000
x105x157x3                    1.000000
x157x0x3                      2.000000
x43x0x1                       1.000000
x43x0x3                       1.000000
x169x96x3                     1.000000
x169x26x3                     1.000000
x80x0x2                       1.000000
x80x0x3                       1.000000
x55x0x1                       2.000000
x96x0x1                       1.000000
x96x0x3                       1.000000
x26x0x2                       1.000000
x26x0x3                       1.000000
s19                           5.029843
z19z83z1                      1.000000
z19z105z2                     1.000000
z19z55z1                      1.000000
s35                           5.253865
z35z83z1                      1.000000
z35z183z1                     1.000000
z35z55z1                      1.000000
s59                           5.197231
z59z136z3                     1.000000
z59z148z3                     1.000000
z59z157z3                     1.000000
z59z169z3                     1.000000
z59z80z2                      1.000000
s108                          5.409008
z108z183z1                    1.000000
z108z105z3                    1.000000
z108z148z3                    1.000000
z108z157z3                    1.000000
z108z169z3                    1.000000
z108z55z1                     1.000000
s20                           4.833204
z20z136z3                     1.000000
z20z206z2                     1.000000
z20z148z3                     1.000000
z20z157z3                     1.000000
z20z169z3                     1.000000
s64                           5.704928
s160                          5.622354
z160z157z3                    1.000000
s85                           5.401370
z85z169z3                     1.000000
s131                          5.937925
z131z206z1                    1.000000
z131z43z1                     1.000000
z78z55z1                      1.000000
z83z55z1                      1.000000
z136z43z3                     1.000000
z136z80z3                     1.000000
z183z96z1                     1.000000
z105z157z3                    1.000000
z105z26z2                     1.000000
z169z96z3                     1.000000
z169z26z3                     1.000000
All other variables in the range 1-731 are 0.
