
Log started (V12.10.0.0) Tue Apr 20 03:39:57 2021


Problem 'asset.lp' read.
Read time = 0.01 sec. (0.41 ticks)
New value for default parallel thread count: 1
New value for time limit in seconds: 150
Version identifier: 12.10.0.0 | 2019-11-26 | 843d4de
CPXPARAM_Threads                                 1
CPXPARAM_TimeLimit                               150
Found incumbent of value 0.000000 after 0.00 sec. (0.10 ticks)
Tried aggregator 3 times.
MIP Presolve eliminated 1773 rows and 120 columns.
MIP Presolve modified 2592 coefficients.
Aggregator did 1109 substitutions.
Reduced MIP has 1320 rows, 1598 columns, and 6793 nonzeros.
Reduced MIP has 1398 binaries, 157 generals, 0 SOSs, and 0 indicators.
Presolve time = 0.02 sec. (15.30 ticks)
Probing fixed 248 vars, tightened 37 bounds.
Probing time = 0.01 sec. (8.82 ticks)
Cover probing fixed 0 vars, tightened 55 bounds.
Tried aggregator 3 times.
MIP Presolve eliminated 355 rows and 331 columns.
MIP Presolve modified 377 coefficients.
Aggregator did 9 substitutions.
Reduced MIP has 956 rows, 1256 columns, and 4952 nonzeros.
Reduced MIP has 1102 binaries, 118 generals, 0 SOSs, and 0 indicators.
Presolve time = 0.01 sec. (11.71 ticks)
Probing time = 0.00 sec. (2.73 ticks)
Cover probing fixed 0 vars, tightened 1 bounds.
Tried aggregator 1 time.
Detecting symmetries...
MIP Presolve eliminated 1 rows and 1 columns.
MIP Presolve modified 568 coefficients.
Reduced MIP has 955 rows, 1255 columns, and 4948 nonzeros.
Reduced MIP has 1101 binaries, 118 generals, 0 SOSs, and 0 indicators.
Presolve time = 0.00 sec. (3.23 ticks)
Probing time = 0.00 sec. (2.66 ticks)
Clique table members: 3360.
MIP emphasis: balance optimality and feasibility.
MIP search method: dynamic search.
Parallel mode: none, using 1 thread.
Root relaxation solution time = 0.03 sec. (33.20 ticks)

        Nodes                                         Cuts/
   Node  Left     Objective  IInf  Best Integer    Best Bound    ItCnt     Gap

*     0+    0                            0.0000      750.0000              --- 
      0     0      559.4151   239        0.0000      559.4151     1314     --- 
      0     0      549.3310   239        0.0000     Cuts: 335     1860     --- 
      0     0      542.3119   239        0.0000     Cuts: 309     2317     --- 
      0     0      538.8532   239        0.0000     Cuts: 209     2610     --- 
      0     0      537.2583   239        0.0000     Cuts: 196     2755     --- 
*     0+    0                           70.0000      537.2583           667.51%
      0     0        cutoff             70.0000      537.2583     2755  667.51%
      0     0      535.8038   239       70.0000     Cuts: 144     2874  665.43%
Detecting symmetries...
      0     0      534.7595   239       70.0000     Cuts: 116     3100  663.94%
      0     0      532.5238   239       70.0000     Cuts: 155     3284  660.75%
      0     0      531.6601   239       70.0000     Cuts: 102     3391  659.51%
      0     0      530.6897   239       70.0000     Cuts: 117     3578  658.13%
      0     0      530.4576   239       70.0000     Cuts: 144     3749  657.80%
      0     0      530.0088   239       70.0000     Cuts: 112     4164  657.16%
*     0+    0                           95.0000      530.0088           457.90%
      0     0      529.1943   239       95.0000     Cuts: 188     4525  457.05%
      0     0      528.7735   239       95.0000     Cuts: 161     4751  456.60%
      0     0      528.6909   239       95.0000     Cuts: 182     4904  456.52%
      0     0      528.6132   239       95.0000     Cuts: 189     5032  456.43%
      0     0      527.9422   239       95.0000      Cuts: 67     5239  455.73%
      0     0      527.5826   239       95.0000     Cuts: 144     5579  455.35%
*     0+    0                          195.0000      527.5826           170.56%
      0     0      527.3845   239      195.0000     Cuts: 142     5754  170.45%
      0     0      526.9267   239      195.0000     Cuts: 154     5918  170.22%
      0     0      526.8925   239      195.0000     Cuts: 135     6101  170.20%
*     0+    0                          200.0000      526.8925           163.45%
*     0+    0                          225.0000      526.8925           134.17%
Detecting symmetries...
      0     2      526.8925   266      225.0000      526.8925     6101  134.17%
Elapsed time = 0.80 sec. (876.82 ticks, tree = 0.01 MB, solutions = 5)
     25    27      504.6169   185      225.0000      526.5183    10266  134.01%
    100    92      366.5799    60      225.0000      526.5183    15562  134.01%
*   158   135      integral     0      290.0000      526.5183    16232   81.56%
    169   142      513.6376   224      290.0000      526.4803    19557   81.54%
    223   194      418.8259   102      290.0000      526.4803    24588   81.54%
*   280+  244                          310.0000      526.4803            69.83%
    330   292      469.6353   172      310.0000      525.6770    28999   69.57%
*   380+  330                          315.0000      525.6770            66.88%
*   380+  315                          320.0000      525.6770            64.27%
    413   350      491.6807   177      320.0000      524.0036    32463   63.75%

Performing restart 1

Repeating presolve.
Tried aggregator 2 times.
MIP Presolve modified 1057 coefficients.
Aggregator did 14 substitutions.
Reduced MIP has 941 rows, 1241 columns, and 4097 nonzeros.
Reduced MIP has 1087 binaries, 118 generals, 0 SOSs, and 0 indicators.
Presolve time = 0.01 sec. (5.38 ticks)
Tried aggregator 1 time.
Reduced MIP has 941 rows, 1241 columns, and 4097 nonzeros.
Reduced MIP has 1087 binaries, 118 generals, 0 SOSs, and 0 indicators.
Presolve time = 0.00 sec. (3.05 ticks)
Represolve time = 0.03 sec. (24.38 ticks)
    529     0      483.3745   259      320.0000     Cuts: 324    38089   51.05%
    529     0      469.1830   259      320.0000     Cuts: 207    38692   46.62%
    529     0      453.7408   259      320.0000     Cuts: 203    39096   41.79%
    529     0      447.0994   259      320.0000     Cuts: 166    39423   39.72%
    529     0      444.9932   259      320.0000     Cuts: 165    39583   39.06%
    529     0      440.9125   259      320.0000     Cuts: 122    39843   37.79%
    529     0      439.4440   259      320.0000     Cuts: 169    40131   37.33%
    529     0      438.7073   259      320.0000     Cuts: 151    40267   37.10%
    529     0      436.9818   259      320.0000     Cuts: 130    40504   36.56%
    529     0      436.4473   259      320.0000     Cuts: 135    40655   36.39%
    529     0      435.3611   259      320.0000     Cuts: 125    40797   36.05%
    529     0      434.9092   259      320.0000     Cuts: 118    40887   35.91%
    529     0      434.6558   259      320.0000     Cuts: 109    41007   35.83%
    529     0      434.3473   259      320.0000     Cuts: 108    41111   35.73%
    529     0      434.1096   259      320.0000      Cuts: 80    41198   35.66%
    529     0      433.5945   259      320.0000      Cuts: 74    41300   35.50%
*   529+    0                          325.0000      433.5945            33.41%
    529     0      433.3496   259      325.0000     Cuts: 120    41412   33.34%
    529     0      432.9499   259      325.0000      Cuts: 83    41545   33.22%
    529     0      432.6282   259      325.0000     Cuts: 106    41637   33.12%
    529     0      432.3734   259      325.0000     Cuts: 112    41738   33.04%
    529     0      432.0868   259      325.0000      Cuts: 88    41817   32.95%
    529     0      431.9520   259      325.0000      Cuts: 65    41856   32.91%
    529     0      431.8603   259      325.0000      Cuts: 46    41916   32.88%
    529     0      431.7462   259      325.0000      Cuts: 32    41964   32.84%
    529     0      431.6725   259      325.0000      Cuts: 82    42032   32.82%
    529     0      431.6290   259      325.0000      Cuts: 52    42078   32.81%
    529     0      431.4918   259      325.0000      Cuts: 27    42133   32.77%
    529     0      431.3592   259      325.0000      Cuts: 68    42198   32.73%
    529     0      431.3388   259      325.0000      Cuts: 70    42239   32.72%
    529     0      431.2144   259      325.0000      Cuts: 29    42302   32.68%
    529     0      431.1628   259      325.0000      Cuts: 72    42426   32.67%
    529     0      431.0491   259      325.0000     Cuts: 140    42523   32.63%
    529     0      430.9674   259      325.0000     Cuts: 114    42599   32.61%
    529     2      430.9674   249      325.0000      430.9665    42602   32.61%
    533     6      429.5751   224      325.0000      430.9504    43283   32.60%
    536     9      424.4019   207      325.0000      430.9504    43682   32.60%
    635    89      389.7504   120      325.0000      430.1129    48565   32.34%
Elapsed time = 6.31 sec. (7456.28 ticks, tree = 0.13 MB, solutions = 10)
*   769+  184                          330.0000      429.3009            30.09%
    829   234      419.4857   219      330.0000      426.6314    57647   29.28%
   1096   469      411.3861   204      330.0000      424.4016    70447   28.61%
   1359   716      349.8438    84      330.0000      422.9940    82866   28.18%
*  1445   729      integral     0      340.0000      420.9997    85278   23.82%
*  1529+  741                          345.0000      420.9378            22.01%
*  1529+  705                          350.0000      420.9378            20.27%
   1660   822      357.5000    16      350.0000      419.6626    94765   19.90%
   1852   979      413.8000   191      350.0000      419.1480   105268   19.76%
   2045  1150      355.0000     1      350.0000      418.7781   117459   19.65%
   2197  1275      363.9150   108      350.0000      418.5353   128693   19.58%
   2404  1438      373.3352   142      350.0000      418.2008   143876   19.49%
   2594  1600      399.0065   216      350.0000      417.3891   157264   19.25%
Elapsed time = 12.99 sec. (16443.89 ticks, tree = 2.45 MB, solutions = 14)
   2764  1724      393.7749   223      350.0000      417.0773   168491   19.16%
   2947  1879      404.1518   220      350.0000      416.4940   179175   19.00%
   3110  2011      399.4296   206      350.0000      416.2204   191329   18.92%
   3259  2139      386.7136   155      350.0000      415.9792   202952   18.85%
*  3459+ 1939                          355.0000      415.6271            17.08%
   3460  1939      406.8601   210      355.0000      415.6264   215402   17.08%
   3610  2065      365.4951    92      355.0000      415.3557   225756   17.00%
   3806  2229      408.7312   188      355.0000      414.8405   234807   16.86%
   3969  2355      369.3122   118      355.0000      414.4737   246132   16.75%
   4123  2476      409.0646   224      355.0000      413.8000   259141   16.56%
   4211  2551      372.5485   112      355.0000      413.5919   268357   16.50%
Elapsed time = 20.22 sec. (26065.15 ticks, tree = 5.43 MB, solutions = 15)
   4358  2668      382.1073   154      355.0000      413.0732   280414   16.36%
   4532  2808      398.7300   204      355.0000      412.4580   293666   16.19%
   4678  2928        cutoff            355.0000      412.2961   306308   16.14%
   4823  3041      395.8371   235      355.0000      411.9129   318376   16.03%
   4991  3176      366.3862   108      355.0000      411.3734   331342   15.88%
   5225  3364      362.0817   108      355.0000      411.0051   346810   15.78%
   5400  3504        cutoff            355.0000      410.6168   361261   15.67%
   5610  3671      404.3566   172      355.0000      410.0658   372009   15.51%
   5842  3844      404.4370   198      355.0000      409.8131   382510   15.44%
   6021  3982      389.9268   208      355.0000      409.7334   390728   15.42%
Elapsed time = 27.50 sec. (35646.36 ticks, tree = 9.78 MB, solutions = 15)
   6212  4137      362.6541   165      355.0000      409.6391   399414   15.39%
   6407  4295      363.5125    96      355.0000      409.4784   408991   15.35%
   6611  4448      378.2674   168      355.0000      409.0840   418300   15.23%
   6771  4573        cutoff            355.0000      408.9455   426439   15.20%
   6964  4730      366.3804   129      355.0000      408.5892   435869   15.10%
   7165  4878      394.2343   181      355.0000      408.3915   444926   15.04%
   7376  5044      385.7465   170      355.0000      408.0878   454239   14.95%
   7567  5181      370.8357   162      355.0000      407.5710   463706   14.81%
   7794  5356      394.2576   195      355.0000      407.2758   473471   14.73%
   7962  5480      361.9989   158      355.0000      406.8335   482148   14.60%
Elapsed time = 34.89 sec. (45252.07 ticks, tree = 20.05 MB, solutions = 15)
   8150  5630      395.9130   183      355.0000      406.5018   491530   14.51%
   8307  5747      375.3219   172      355.0000      406.3306   500623   14.46%
   8516  5913      367.1966   145      355.0000      406.0505   511095   14.38%
   8725  6084      371.9667   126      355.0000      405.7306   520033   14.29%
   8928  6233      401.8968   216      355.0000      405.5940   530490   14.25%
   9088  6361      374.4194   147      355.0000      405.2417   539964   14.15%
   9297  6521      399.5019   206      355.0000      404.9061   549737   14.06%
   9519  6686      362.3776   115      355.0000      404.6625   559653   13.99%
   9744  6853      402.4831   212      355.0000      404.4429   569981   13.93%
   9929  6999      383.2862   183      355.0000      404.1831   579438   13.85%
Elapsed time = 42.37 sec. (54841.70 ticks, tree = 30.43 MB, solutions = 15)
  10086  7118      369.0805   168      355.0000      404.0579   588679   13.82%
  10289  7279      363.2240   105      355.0000      403.8199   596920   13.75%
  10498  7441      374.3972   147      355.0000      403.6284   605799   13.70%
  10707  7609        cutoff            355.0000      403.4729   614689   13.65%
  10848  7722      371.9294   124      355.0000      403.3360   622248   13.62%
  11106  7938      377.8941   159      355.0000      403.1403   631459   13.56%
  11110  7942      391.0390   207      355.0000      403.1392   631745   13.56%
  11111  7943      398.8870   228      355.0000      403.0914   632067   13.55%
  11327  8111        cutoff            355.0000      402.9013   641139   13.49%
  11477  8224      369.8726   110      355.0000      402.7358   650007   13.45%
Elapsed time = 54.63 sec. (68190.21 ticks, tree = 38.93 MB, solutions = 15)
  11713  8411      377.2389   162      355.0000      402.5024   659221   13.38%
  11888  8537      385.9258   164      355.0000      402.3000   668029   13.32%
  12026  8635      370.4373   151      355.0000      402.1390   676224   13.28%
  12212  8775      370.9184   156      355.0000      401.9284   685842   13.22%
  12434  8941      372.7778   113      355.0000      401.8349   695834   13.19%
  12655  9112      388.7638   196      355.0000      401.6745   705847   13.15%
  12874  9276      389.7206   181      355.0000      401.5652   715807   13.12%
  13132  9479      389.2472   183      355.0000      401.3533   725816   13.06%
  13331  9628      386.8101   190      355.0000      401.1216   735940   12.99%
  13552  9801      387.0647   164      355.0000      400.9242   746200   12.94%
Elapsed time = 62.20 sec. (77829.15 ticks, tree = 50.02 MB, solutions = 15)
  13749  9958      393.9610   200      355.0000      400.7763   756051   12.89%
  14038 10184      389.6712   212      355.0000      400.6801   766687   12.87%
  14204 10303      370.5372   150      355.0000      400.4687   775285   12.81%
  14399 10453      369.0079   116      355.0000      400.3145   785670   12.76%
  14618 10611      380.7540   193      355.0000      400.1388   795493   12.72%
  14809 10749      369.4939   154      355.0000      400.0947   804820   12.70%
  14967 10853      380.4077   152      355.0000      400.0179   813499   12.68%
  15131 10958      377.6626   167      355.0000      399.8989   822655   12.65%
  15310 11075      387.2305   212      355.0000      399.7394   831776   12.60%
  15451 11170      371.4538   155      355.0000      399.5440   840409   12.55%
Elapsed time = 69.74 sec. (87440.92 ticks, tree = 60.46 MB, solutions = 15)
  15639 11301      360.0000    88      355.0000      399.4939   849657   12.53%
  15775 11384      379.2328   170      355.0000      399.3992   857865   12.51%
  15926 11484      385.0874   173      355.0000      399.3063   867399   12.48%
  16096 11616      363.0952   122      355.0000      399.2448   876710   12.46%
  16247 11709      383.0264   156      355.0000      399.0229   884864   12.40%
  16376 11786      366.4050   136      355.0000      398.9080   892922   12.37%
  16548 11905      366.6246   161      355.0000      398.7656   902270   12.33%
  16751 12054      381.7324   168      355.0000      398.6754   911933   12.30%
  16947 12187      387.9716   217      355.0000      398.5637   921061   12.27%
  17642 12664      381.2997   179      355.0000      397.9950   957808   12.11%
Elapsed time = 79.59 sec. (99910.14 ticks, tree = 71.45 MB, solutions = 15)
  18371 13150      372.9692   165      355.0000      397.6163   997725   12.00%
  19091 13637      370.9200   152      355.0000      397.2393  1039301   11.90%
  19838 14144      382.3456   120      355.0000      396.6374  1077822   11.73%
  20457 14542      372.6998   187      355.0000      396.2653  1112794   11.62%
  21114 14976      360.6730   144      355.0000      395.9459  1153863   11.53%

Performing restart 2

Repeating presolve.
Tried aggregator 3 times.
MIP Presolve eliminated 185 rows and 1 columns.
MIP Presolve added 2 rows and 0 columns.
MIP Presolve modified 370 coefficients.
Aggregator did 4 substitutions.
Reduced MIP has 754 rows, 1236 columns, and 6909 nonzeros.
Reduced MIP has 1084 binaries, 118 generals, 0 SOSs, and 0 indicators.
Presolve time = 0.01 sec. (9.54 ticks)
Tried aggregator 1 time.
Reduced MIP has 754 rows, 1236 columns, and 6909 nonzeros.
Reduced MIP has 1084 binaries, 118 generals, 0 SOSs, and 0 indicators.
Presolve time = 0.01 sec. (4.42 ticks)
Represolve time = 0.08 sec. (54.59 ticks)
  21693     0      430.5085   290      355.0000     Cuts: 126  1190856   11.47%
  21693     0      429.8072   290      355.0000      Cuts: 73  1191032   11.47%
  21693     0      429.6846   290      355.0000     Cuts: 111  1191109   11.47%
  21693     0      428.9323   290      355.0000      Cuts: 37  1191245   11.47%
  21693     0      428.6409   290      355.0000     Cuts: 144  1191353   11.47%
  21693     0      428.3695   290      355.0000     Cuts: 136  1191502   11.47%
  21693     0      428.0548   290      355.0000      Cuts: 94  1191642   11.47%
  21693     0      427.8216   290      355.0000      Cuts: 68  1191816   11.47%
  21693     0      427.7185   290      355.0000      Cuts: 79  1191907   11.47%
  21693     0      427.3869   290      355.0000      Cuts: 72  1192006   11.47%
  21693     0      427.3092   290      355.0000      Cuts: 97  1192065   11.47%
  21693     0      427.2284   290      355.0000      Cuts: 72  1192136   11.47%
  21693     0      427.1397   290      355.0000      Cuts: 60  1192220   11.47%
  21693     2      427.1397   245      355.0000      395.7142  1192220   11.47%
  21858   142      381.0898    91      355.0000      395.7142  1204761   11.47%
  22490   694      387.2454   125      355.0000      395.7142  1227881   11.47%
  23329  1370      381.9235   108      355.0000      395.7142  1260806   11.47%
  24227  2115      374.4316   160      355.0000      395.7142  1295818   11.47%
Elapsed time = 111.82 sec. (141141.28 ticks, tree = 12.86 MB, solutions = 15)
  25124  2819      374.9180   165      355.0000      395.7142  1334599   11.47%
  26102  3567      383.2140   187      355.0000      395.7142  1376904   11.47%
  27006  4248      381.1244   166      355.0000      395.7142  1419640   11.47%
  27937  4961      374.7545   126      355.0000      395.7142  1462976   11.47%
  28654  5469      371.1073   111      355.0000      394.5054  1500988   11.13%
  29456  6025      385.0429   137      355.0000      393.5152  1541671   10.85%
  30302  6594      377.8037   140      355.0000      392.1427  1583114   10.46%
Starting limited solution polishing.
  31042  7040      368.4016   102      355.0000      390.9752  1623182   10.13%
  31793  7476      374.6250   111      355.0000      389.8368  1662530    9.81%
  32291  7757      370.5623   122      355.0000      389.0945  1690103    9.60%
Elapsed time = 143.39 sec. (179352.45 ticks, tree = 45.42 MB, solutions = 15)
  32697  7960      373.9233   159      355.0000      388.3400  1714950    9.39%
  33159  8189      376.3242   131      355.0000      387.8604  1741991    9.26%

GUB cover cuts applied:  18
Clique cuts applied:  44
Cover cuts applied:  39
Implied bound cuts applied:  76
Flow cuts applied:  22
Mixed integer rounding cuts applied:  114
Zero-half cuts applied:  69
Lift and project cuts applied:  46
Gomory fractional cuts applied:  6

Root node processing (before b&c):
  Real time             =    0.80 sec. (871.98 ticks)
Sequential b&c:
  Real time             =  149.21 sec. (186368.88 ticks)
                          ------------
Total (root+branch&cut) =  150.00 sec. (187240.86 ticks)

Solution pool: 16 solutions saved.

MIP - Time limit exceeded, integer feasible:  Objective =  3.5500000000e+02
Current MIP best bound =  3.8781151105e+02 (gap = 32.8115, 9.24%)
Solution time =  150.00 sec.  Iterations = 1744169  Nodes = 33193 (8206)
Deterministic time = 187240.87 ticks  (1248.27 ticks/sec)


Incumbent solution
Variable Name           Solution Value
F                           355.000000
y204                          1.000000
y71                           1.000000
y240                          1.000000
y235                          1.000000
y176                          1.000000
y267                          1.000000
y124                          1.000000
y212                          1.000000
y59                           1.000000
y144                          1.000000
y113                          1.000000
y112                          1.000000
y60                           1.000000
y146                          1.000000
y154                          1.000000
y265                          1.000000
y46                           1.000000
y250                          1.000000
y237                          1.000000
y226                          1.000000
x141x240x1                    1.000000
x234x204x1                    1.000000
x234x113x1                    1.000000
x251x71x1                     1.000000
x21x235x1                     1.000000
x87x176x1                     2.000000
x81x71x1                      1.000000
x215x265x1                    1.000000
x37x204x2                     1.000000
x72x240x2                     1.000000
x165x112x2                    1.000000
x165x146x2                    1.000000
x181x267x2                    1.000000
x85x154x2                     1.000000
x33x59x2                      2.000000
x215x154x2                    1.000000
x37x124x3                     1.000000
x141x113x3                    1.000000
x216x124x3                    1.000000
x72x226x3                     1.000000
x81x235x3                     1.000000
x181x267x3                    1.000000
x142x212x3                    2.000000
x85x226x3                     1.000000
x204x265x1                    1.000000
x204x112x2                    1.000000
x71x60x1                      1.000000
x71x146x1                     1.000000
x240x237x1                    1.000000
x240x237x2                    1.000000
x235x60x1                     1.000000
x235x250x3                    1.000000
x176x46x1                     2.000000
x267x0x2                      1.000000
x267x0x3                      1.000000
x124x144x3                    2.000000
x212x0x3                      2.000000
x59x0x2                       2.000000
x144x0x3                      2.000000
x113x0x1                      1.000000
x113x250x3                    1.000000
x112x0x2                      2.000000
x60x0x1                       2.000000
x146x0x1                      1.000000
x146x0x2                      1.000000
x154x0x2                      2.000000
x265x0x1                      2.000000
x46x0x1                       2.000000
x250x0x3                      2.000000
x237x0x1                      1.000000
x237x0x2                      1.000000
x226x0x3                      2.000000
s37                           5.983055
s106                          7.414077
s121                          7.476597
s204                          7.461738
z37z204z2                     1.000000
s261                          7.840351
s35                           6.990000
s107                          7.909889
s170                          7.983443
s56                           8.066318
s189                          7.200000
s51                           7.240000
s151                          7.240000
s73                           8.138504
s240                          8.176752
s235                          7.820317
s257                          7.380000
s183                          7.400000
s84                           8.530000
s12                           8.600000
s267                          8.612350
s48                           7.650000
s109                          8.660000
s2                            8.810000
s124                          8.055025
z37z124z3                     1.000000
s212                          8.485596
z37z212z3                     1.000000
s61                           8.870000
z37z61z2                      1.000000
s59                           8.880000
z37z59z2                      1.000000
s19                           7.900000
z37z19z3                      1.000000
s83                           8.930000
s221                          8.317167
z37z221z2                     1.000000
s144                          9.110000
z37z144z3                     1.000000
s243                          8.120000
z37z243z3                     1.000000
s92                           8.191926
z37z92z2                      1.000000
s113                          8.305465
s112                          9.190000
z37z112z2                     1.000000
s148                          9.190000
s146                          9.220000
s169                          9.230000
s154                          9.240000
z37z154z2                     1.000000
s192                          9.260000
s250                          9.380000
z37z250z3                     1.000000
s237                          9.390000
s245                          9.390000
s226                          9.420000
z37z226z3                     1.000000
s110                          9.450000
z37z110z2                     1.000000
s22                           9.470000
s147                          9.470000
s141                          6.469314
s71                           7.449098
s155                          7.661142
z141z240z1                    1.000000
s176                          7.560000
s210                          7.600000
s232                          7.720000
s4                            8.790000
s199                          9.090000
z141z144z3                    1.000000
z141z113z3                    1.000000
s60                           9.210000
z141z60z1                     1.000000
s265                          9.300000
z141z265z1                    1.000000
s46                           9.310000
z141z46z1                     1.000000
z141z250z3                    1.000000
z141z226z3                    1.000000
s216                          6.000000
z216z124z3                    1.000000
z216z212z3                    1.000000
z216z19z3                     1.000000
z216z144z3                    1.000000
z216z243z3                    1.000000
z216z250z3                    1.000000
z216z226z3                    1.000000
s234                          5.970354
z234z204z1                    1.000000
z234z4z1                      1.000000
z234z199z1                    1.000000
z234z113z1                    1.000000
z234z60z1                     1.000000
z234z265z1                    1.000000
z234z46z1                     1.000000
s251                          6.000000
z251z71z1                     1.000000
z251z176z1                    1.000000
z251z210z1                    1.000000
z251z232z1                    1.000000
z251z4z1                      1.000000
z251z199z1                    1.000000
z251z60z1                     1.000000
z251z265z1                    1.000000
z251z46z1                     1.000000
s21                           6.000000
z21z235z1                     1.000000
z21z176z1                     1.000000
z21z210z1                     1.000000
z21z232z1                     1.000000
z21z4z1                       1.000000
z21z199z1                     1.000000
z21z60z1                      1.000000
z21z265z1                     1.000000
z21z46z1                      1.000000
s72                           6.799285
z72z240z2                     1.000000
z72z154z2                     1.000000
z72z226z3                     1.000000
z72z110z2                     1.000000
s87                           6.100000
z87z71z1                      1.000000
z87z176z1                     1.000000
z87z210z1                     1.000000
z87z232z1                     1.000000
z87z4z1                       1.000000
z87z199z1                     1.000000
z87z60z1                      1.000000
z87z265z1                     1.000000
z87z46z1                      1.000000
s81                           6.120000
z81z71z1                      1.000000
z81z235z3                     1.000000
z81z210z1                     1.000000
z81z4z1                       1.000000
z81z124z3                     1.000000
z81z212z3                     1.000000
z81z19z3                      1.000000
z81z199z1                     1.000000
z81z144z3                     1.000000
z81z243z3                     1.000000
z81z60z1                      1.000000
z81z265z1                     1.000000
z81z46z1                      1.000000
z81z250z3                     1.000000
z81z226z3                     1.000000
s165                          7.174483
z165z12z2                     1.000000
z165z61z2                     1.000000
z165z59z2                     1.000000
z165z112z2                    1.000000
z165z146z2                    1.000000
z165z154z2                    1.000000
z165z110z2                    1.000000
s181                          7.208380
z181z267z2                    1.000000
z181z267z3                    1.000000
z181z154z2                    1.000000
z181z226z3                    1.000000
z181z110z2                    1.000000
s142                          7.127366
z142z212z3                    1.000000
z142z250z3                    1.000000
z142z226z3                    1.000000
s85                           7.151195
z85z154z2                     1.000000
z85z226z3                     1.000000
z85z110z2                     1.000000
s33                           7.354902
z33z12z2                      1.000000
z33z61z2                      1.000000
z33z59z2                      1.000000
z33z112z2                     1.000000
z33z154z2                     1.000000
z33z110z2                     1.000000
s215                          7.413978
z215z154z2                    1.000000
z215z265z1                    1.000000
z215z46z1                     1.000000
z215z110z2                    1.000000
z106z46z1                     1.000000
z106z226z3                    1.000000
z121z154z2                    1.000000
z121z226z3                    1.000000
z121z110z2                    1.000000
z204z112z2                    1.000000
z204z265z1                    1.000000
z204z110z2                    1.000000
z261z226z3                    1.000000
z71z199z1                     1.000000
z71z60z1                      1.000000
z71z146z1                     1.000000
z71z265z1                     1.000000
z35z110z2                     1.000000
z107z250z3                    1.000000
z107z226z3                    1.000000
z155z60z1                     1.000000
z155z265z1                    1.000000
z240z237z1                    1.000000
z240z237z2                    1.000000
z235z60z1                     1.000000
z235z250z3                    1.000000
z176z199z1                    1.000000
z176z60z1                     1.000000
z176z46z1                     1.000000
z210z60z1                     1.000000
z232z60z1                     1.000000
z124z144z3                    1.000000
z19z250z3                     1.000000
z19z226z3                     1.000000
z221z110z2                    1.000000
z92z154z2                     1.000000
z113z250z3                    1.000000
All other variables in the range 1-2831 are 0.
