
Log started (V12.10.0.0) Fri Apr 23 12:27:17 2021


Problem 'asset.lp' read.
Read time = 0.01 sec. (0.29 ticks)
New value for default parallel thread count: 1
New value for time limit in seconds: 150
Version identifier: 12.10.0.0 | 2019-11-26 | 843d4de
CPXPARAM_Threads                                 1
CPXPARAM_TimeLimit                               150
Found incumbent of value -0.802673 after 0.00 sec. (0.13 ticks)
Tried aggregator 4 times.
MIP Presolve eliminated 2065 rows and 1071 columns.
MIP Presolve modified 2028 coefficients.
Aggregator did 368 substitutions.
Reduced MIP has 588 rows, 600 columns, and 2471 nonzeros.
Reduced MIP has 469 binaries, 99 generals, 0 SOSs, and 0 indicators.
Presolve time = 0.01 sec. (7.82 ticks)
Probing fixed 180 vars, tightened 29 bounds.
Probing time = 0.00 sec. (1.28 ticks)
Cover probing fixed 0 vars, tightened 59 bounds.
Tried aggregator 1 time.
MIP Presolve eliminated 275 rows and 261 columns.
MIP Presolve modified 2 coefficients.
Reduced MIP has 313 rows, 325 columns, and 992 nonzeros.
Reduced MIP has 239 binaries, 55 generals, 0 SOSs, and 0 indicators.
Presolve time = 0.00 sec. (1.15 ticks)
Probing time = 0.00 sec. (0.34 ticks)
Tried aggregator 1 time.
Detecting symmetries...
MIP Presolve modified 12 coefficients.
Reduced MIP has 313 rows, 325 columns, and 992 nonzeros.
Reduced MIP has 239 binaries, 55 generals, 0 SOSs, and 0 indicators.
Presolve time = 0.00 sec. (0.68 ticks)
Probing time = 0.00 sec. (0.33 ticks)
Clique table members: 175.
MIP emphasis: balance optimality and feasibility.
MIP search method: dynamic search.
Parallel mode: none, using 1 thread.
Root relaxation solution time = 0.00 sec. (2.11 ticks)

        Nodes                                         Cuts/
   Node  Left     Objective  IInf  Best Integer    Best Bound    ItCnt     Gap

*     0+    0                           -0.8027      661.7781              --- 
      0     0      388.2470    82       -0.8027      388.2470      214     --- 
*     0+    0                          330.0273      388.2470            17.64%
      0     0      385.0167    82      330.0273      Cuts: 60      272   16.66%
      0     0      381.9015    82      330.0273      Cuts: 59      361   15.72%
      0     0      381.5779    82      330.0273      Cuts: 40      433   15.62%
*     0+    0                          347.4335      381.5779             9.83%
      0     0      377.9092    82      347.4335      Cuts: 24      501    8.77%
*     0+    0                          356.8150      377.9092             5.91%
      0     0      377.4383    82      356.8150      Cuts: 20      529    5.78%
Detecting symmetries...
      0     0      377.4043    82      356.8150      Cuts: 13      574    5.77%
      0     0      376.9905    82      356.8150       Cuts: 8      587    5.65%
      0     0      376.8487    82      356.8150      Cuts: 32      614    5.61%
      0     0      376.7363    82      356.8150      Cuts: 11      627    5.58%
      0     0      376.6221    82      356.8150       Cuts: 8      647    5.55%
      0     0      376.6110    82      356.8150      Cuts: 20      660    5.55%
      0     0      376.2639    82      356.8150      Cuts: 11      682    5.45%
      0     0      376.2245    82      356.8150      Cuts: 31      716    5.44%
*     0+    0                          373.7424      376.2245             0.66%
*     0+    0                          373.7426      376.2245             0.66%
Detecting symmetries...

Repeating presolve.
Tried aggregator 3 times.
MIP Presolve eliminated 109 rows and 128 columns.
MIP Presolve modified 10 coefficients.
Aggregator did 9 substitutions.
Reduced MIP has 195 rows, 188 columns, and 579 nonzeros.
Reduced MIP has 141 binaries, 27 generals, 0 SOSs, and 0 indicators.
Presolve time = 0.00 sec. (0.76 ticks)
Probing fixed 0 vars, tightened 2 bounds.
Probing time = 0.00 sec. (0.16 ticks)
Cover probing fixed 0 vars, tightened 15 bounds.
Tried aggregator 2 times.
MIP Presolve eliminated 20 rows and 7 columns.
MIP Presolve modified 77 coefficients.
Aggregator did 2 substitutions.
Reduced MIP has 173 rows, 178 columns, and 531 nonzeros.
Reduced MIP has 136 binaries, 23 generals, 0 SOSs, and 0 indicators.
Presolve time = 0.00 sec. (0.66 ticks)
Probing fixed 0 vars, tightened 1 bounds.
Probing time = 0.00 sec. (0.15 ticks)
Tried aggregator 1 time.
Detecting symmetries...
MIP Presolve eliminated 3 rows and 2 columns.
MIP Presolve modified 2 coefficients.
Reduced MIP has 170 rows, 176 columns, and 524 nonzeros.
Reduced MIP has 135 binaries, 23 generals, 0 SOSs, and 0 indicators.
Presolve time = 0.00 sec. (0.36 ticks)
Represolve time = 0.01 sec. (4.41 ticks)
Probing time = 0.00 sec. (0.15 ticks)
Clique table members: 104.
MIP emphasis: balance optimality and feasibility.
MIP search method: dynamic search.
Parallel mode: none, using 1 thread.
Root relaxation solution time = 0.00 sec. (1.48 ticks)

        Nodes                                         Cuts/
   Node  Left     Objective  IInf  Best Integer    Best Bound    ItCnt     Gap

*     0+    0                          373.7426      376.2245             0.66%
      0     0      373.7490    63      373.7426      373.7490      854    0.00%

Clique cuts applied:  23
Implied bound cuts applied:  15
Flow cuts applied:  8
Mixed integer rounding cuts applied:  7
Zero-half cuts applied:  7
Multi commodity flow cuts applied:  2
Gomory fractional cuts applied:  10

Root node processing (before b&c):
  Real time             =    0.09 sec. (77.21 ticks)
Sequential b&c:
  Real time             =    0.00 sec. (0.00 ticks)
                          ------------
Total (root+branch&cut) =    0.09 sec. (77.21 ticks)

Solution pool: 6 solutions saved.

MIP - Integer optimal, tolerance (0.0001/1e-06):  Objective =  3.7374255679e+02
Current MIP best bound =  3.7374904446e+02 (gap = 0.00648767, 0.00%)
Solution time =    0.09 sec.  Iterations = 854  Nodes = 0 (1)
Deterministic time = 77.22 ticks  (832.79 ticks/sec)


Incumbent solution
Variable Name           Solution Value
F                           420.000000
f1                            0.837443
f2                           45.420000
y76                           1.000000
y15                           1.000000
y155                          1.000000
y31                           1.000000
y70                           1.000000
y60                           1.000000
y134                          1.000000
y206                          1.000000
y126                          1.000000
y203                          1.000000
y65                           1.000000
y100                          1.000000
y30                           1.000000
s94                           2.970000
s55                           3.000000
s115                          3.000000
s78                           3.050000
s197                          3.070000
s84                           3.100000
s168                          3.100000
s5                            3.110000
s199                          3.180000
s34                           3.200000
s180                          3.220000
s119                          3.290000
s74                           3.330000
s96                           3.360000
s128                          3.390000
s68                           3.640000
s175                          3.720000
s184                          3.860000
s171                          4.040000
s61                           4.060000
s76                           5.004607
s202                          4.080000
s15                           4.952824
s155                          5.099635
s150                          4.140000
s204                          4.140000
s31                           4.997954
s17                           4.180000
s144                          4.180000
s174                          4.180000
s131                          4.190000
s77                           4.200000
s8                            4.210000
s26                           4.250000
s42                           4.250000
s70                           5.068601
s60                           5.178563
s134                          4.808561
s51                           4.340000
s107                          4.420000
s206                          5.286482
s104                          4.490000
s207                          4.560000
s126                          4.859066
s203                          5.332808
s65                           5.247179
s169                          4.790000
s88                           4.830000
s178                          4.870000
s100                          5.156335
s30                           5.939343
s14                           5.370000
x164x76x1                     1.000000
x164x70x1                     1.000000
x208x15x1                     1.000000
x208x100x1                    1.000000
x90x15x1                      1.000000
x49x70x1                      1.000000
x29x155x1                     1.000000
x29x65x1                      1.000000
x35x134x2                     1.000000
x35x126x2                     1.000000
x58x203x2                     1.000000
x20x60x2                      1.000000
x20x100x2                     1.000000
x49x155x2                     1.000000
x129x60x2                     1.000000
x129x206x2                    1.000000
x19x134x3                     1.000000
x19x126x3                     1.000000
x58x65x3                      1.000000
x90x76x3                      1.000000
x10x31x3                      2.000000
x157x206x3                    1.000000
x157x203x3                    1.000000
x76x0x1                       1.000000
x76x0x3                       1.000000
x15x0x1                       2.000000
x155x0x1                      1.000000
x155x0x2                      1.000000
x31x0x3                       2.000000
x70x0x1                       2.000000
x60x0x2                       2.000000
x134x0x2                      1.000000
x134x30x3                     1.000000
x206x0x2                      1.000000
x206x0x3                      1.000000
x126x0x2                      1.000000
x126x30x3                     1.000000
x203x0x2                      1.000000
x203x0x3                      1.000000
x65x0x1                       1.000000
x65x0x3                       1.000000
x100x0x1                      1.000000
x100x0x2                      1.000000
x30x0x3                       2.000000
s19                           3.151544
z19z134z3                     1.000000
z19z126z3                     1.000000
z19z30z3                      1.000000
s164                          3.462203
z164z76z1                     1.000000
z164z70z1                     1.000000
s35                           3.388831
z35z134z2                     1.000000
z35z126z2                     1.000000
z35z14z2                      1.000000
s58                           3.319286
z58z203z2                     1.000000
z58z65z3                      1.000000
z58z14z2                      1.000000
s208                          3.485316
z208z15z1                     1.000000
z208z70z1                     1.000000
z208z100z1                    1.000000
s90                           3.578736
z90z76z3                      1.000000
z90z15z1                      1.000000
s20                           3.594241
z20z60z2                      1.000000
z20z100z2                     1.000000
z20z14z2                      1.000000
s10                           3.507378
z10z31z3                      1.000000
s49                           3.710260
z49z155z2                     1.000000
z49z70z1                      1.000000
z49z14z2                      1.000000
s29                           3.745622
z29z155z1                     1.000000
z29z65z1                      1.000000
s129                          3.800190
z129z60z2                     1.000000
z129z206z2                    1.000000
s157                          3.754718
z157z206z3                    1.000000
z157z203z3                    1.000000
z134z30z3                     1.000000
z126z30z3                     1.000000
All other variables in the range 1-2044 are 0.
