
Log started (V12.10.0.0) Fri Apr 23 06:51:09 2021


Problem 'asset.lp' read.
Read time = 0.01 sec. (0.35 ticks)
New value for default parallel thread count: 1
New value for time limit in seconds: 150
Version identifier: 12.10.0.0 | 2019-11-26 | 843d4de
CPXPARAM_Threads                                 1
CPXPARAM_TimeLimit                               150
Found incumbent of value 0.000000 after 0.00 sec. (0.09 ticks)
Tried aggregator 3 times.
MIP Presolve eliminated 1516 rows and 95 columns.
MIP Presolve modified 2324 coefficients.
Aggregator did 979 substitutions.
Reduced MIP has 1151 rows, 1380 columns, and 6126 nonzeros.
Reduced MIP has 1205 binaries, 134 generals, 0 SOSs, and 0 indicators.
Presolve time = 0.01 sec. (11.62 ticks)
Probing fixed 36 vars, tightened 2 bounds.
Probing time = 0.01 sec. (6.03 ticks)
Cover probing fixed 0 vars, tightened 12 bounds.
Tried aggregator 1 time.
Detecting symmetries...
MIP Presolve eliminated 43 rows and 43 columns.
MIP Presolve modified 168 coefficients.
Reduced MIP has 1108 rows, 1337 columns, and 5805 nonzeros.
Reduced MIP has 1164 binaries, 132 generals, 0 SOSs, and 0 indicators.
Presolve time = 0.01 sec. (5.59 ticks)
Probing time = 0.00 sec. (2.65 ticks)
Clique table members: 3809.
MIP emphasis: balance optimality and feasibility.
MIP search method: dynamic search.
Parallel mode: none, using 1 thread.
Root relaxation solution time = 0.02 sec. (21.29 ticks)

        Nodes                                         Cuts/
   Node  Left     Objective  IInf  Best Integer    Best Bound    ItCnt     Gap

*     0+    0                            0.0000      351.0000              --- 
      0     0      351.0000   257        0.0000      351.0000      545     --- 
      0     0      351.0000   257        0.0000     Cuts: 190     1022     --- 
      0     0      351.0000   257        0.0000     Cuts: 235     1555     --- 
*     0+    0                           51.0000      351.0000           588.24%
*     0+    0                          117.0000      351.0000           200.00%
*     0+    0                          120.0000      351.0000           192.50%
      0     0        cutoff            120.0000      351.0000     1555  192.50%
Detecting symmetries...
      0     2      351.0000   235      120.0000      351.0000     1555  192.50%
Elapsed time = 0.56 sec. (684.17 ticks, tree = 0.01 MB, solutions = 3)
     20    22      333.0000   197      120.0000      351.0000     4456  192.50%
     60    62      351.0000   178      120.0000      351.0000     7642  192.50%
     83    85      351.0000   197      120.0000      351.0000    11460  192.50%
    120   122      343.5000   182      120.0000      351.0000    13757  192.50%
    190   192      318.0000   130      120.0000      351.0000    18065  192.50%
    234   236      308.8143   168      120.0000      351.0000    22626  192.50%
*   322   308      integral     0      201.0000      351.0000    25600   74.63%
*   323   305      integral     0      213.0000      351.0000    25609   64.79%
    324   306      351.0000   238      213.0000      351.0000    26139   64.79%
    338   320      350.1339   263      213.0000      351.0000    29480   64.79%
    385   353      300.6734   139      213.0000      351.0000    33352   64.79%
*   496+  455                          216.0000      351.0000            62.50%
*   496+  455                          219.0000      351.0000            60.27%
*   497+  451                          222.0000      351.0000            58.11%
*   497+  450                          225.0000      351.0000            56.00%
    497   452      321.0000   192      225.0000      351.0000    40553   56.00%
Elapsed time = 3.21 sec. (4127.99 ticks, tree = 4.37 MB, solutions = 9)
*   498+  449                          231.0000      351.0000            51.95%
    499   452      342.0000   210      231.0000      351.0000    41715   51.95%

Performing restart 1

Repeating presolve.
Tried aggregator 1 time.
MIP Presolve modified 1671 coefficients.
Reduced MIP has 1108 rows, 1337 columns, and 4890 nonzeros.
Reduced MIP has 1164 binaries, 132 generals, 0 SOSs, and 0 indicators.
Presolve time = 0.00 sec. (4.45 ticks)
Tried aggregator 1 time.
Reduced MIP has 1108 rows, 1337 columns, and 4890 nonzeros.
Reduced MIP has 1164 binaries, 132 generals, 0 SOSs, and 0 indicators.
Presolve time = 0.00 sec. (3.52 ticks)
Represolve time = 0.03 sec. (22.05 ticks)
    608     0      340.2214   360      231.0000     Cuts: 377    48404   47.28%
    608     0      333.0564   360      231.0000     Cuts: 273    49217   44.18%
    608     0      330.4707   360      231.0000     Cuts: 211    49874   43.06%
    608     0      328.3463   360      231.0000     Cuts: 179    50526   42.14%
    608     0      326.8755   360      231.0000     Cuts: 207    51053   41.50%
    608     0      325.8671   360      231.0000     Cuts: 201    51540   41.07%
    608     0      325.3213   360      231.0000     Cuts: 167    51926   40.83%
    608     0      324.4117   360      231.0000     Cuts: 181    52366   40.44%
    608     0      323.8620   360      231.0000     Cuts: 194    52866   40.20%
    608     0      323.5350   360      231.0000     Cuts: 155    53199   40.06%
    608     0      323.3734   360      231.0000     Cuts: 162    53483   39.99%
    608     0      323.2221   360      231.0000     Cuts: 103    53721   39.92%
    608     0      323.0262   360      231.0000      Cuts: 82    54008   39.84%
    608     0      322.7784   360      231.0000     Cuts: 119    54306   39.73%
    608     0      322.6161   360      231.0000     Cuts: 117    54663   39.66%
    608     0      322.4716   360      231.0000     Cuts: 120    54982   39.60%
    608     0      322.3578   360      231.0000     Cuts: 157    55132   39.55%
    608     0      322.2124   360      231.0000      Cuts: 82    55281   39.49%
    608     0      321.9808   360      231.0000      Cuts: 98    55626   39.39%
    608     0      321.7915   360      231.0000     Cuts: 100    55843   39.30%
    608     0      321.7009   360      231.0000     Cuts: 123    56061   39.26%
    608     0      321.6509   360      231.0000     Cuts: 128    56242   39.24%
    608     0      321.5527   360      231.0000      Cuts: 90    56427   39.20%
    608     0      321.4109   360      231.0000     Cuts: 113    56651   39.14%
    608     0      321.0880   360      231.0000     Cuts: 111    56922   39.00%
    608     0      320.8685   360      231.0000     Cuts: 142    57483   38.90%
    608     0      320.7180   360      231.0000     Cuts: 119    57667   38.84%
    608     0      320.5998   360      231.0000     Cuts: 131    57872   38.79%
    608     0      320.4467   360      231.0000     Cuts: 150    58078   38.72%
    608     0      320.1935   360      231.0000      Cuts: 99    58417   38.61%
    608     0      320.0372   360      231.0000     Cuts: 172    58789   38.54%
    608     0      320.0176   360      231.0000     Cuts: 121    58963   38.54%
    608     0      319.8518   360      231.0000     Cuts: 114    59305   38.46%
    608     0      319.7770   360      231.0000     Cuts: 142    59583   38.43%
    608     0      319.7221   360      231.0000     Cuts: 121    59786   38.41%
    608     0      319.6451   360      231.0000     Cuts: 117    60013   38.37%
*   608+    0                          240.0000      319.6451            33.19%
    608     0        cutoff            240.0000      319.6451    60013   33.19%
    608     2      319.6451   305      240.0000      319.5857    60013   33.16%
    618    12      316.4888   304      240.0000      319.0875    62509   32.95%
    627    21      316.4048   303      240.0000      319.0875    68586   32.95%
    638    32      312.8330   285      240.0000      319.0875    75084   32.95%
    661    51    infeasible            240.0000      319.0875    81647   32.95%
    687    77      280.9906   171      240.0000      319.0875    90139   32.95%
*   708+   90                          243.0000      318.9432            31.25%
*   708+   90                          246.0000      318.9432            29.65%
*   708+   90                          249.0000      318.9432            28.09%
    709    93      315.3796   271      249.0000      318.9432    95523   28.09%
    736   120      309.4965   240      249.0000      318.9432   102360   28.09%
    752   132      311.8046   259      249.0000      318.6174   110026   27.96%
Elapsed time = 14.67 sec. (18822.38 ticks, tree = 0.36 MB, solutions = 14)
    808   186      287.8587   159      249.0000      318.6174   114671   27.96%
    857   226    infeasible            249.0000      318.4375   123057   27.89%
*   908+  275                          252.0000      318.4375            26.36%
    908   277      284.0170   195      252.0000      318.4375   128931   26.36%
    954   316      296.2500   202      252.0000      318.4183   138295   26.36%
   1008   370      278.9554   120      252.0000      318.4183   147660   26.36%
   1080   435      266.0562   104      252.0000      318.3415   155391   26.33%
   1119   468      277.9126   138      252.0000      318.2211   162692   26.28%
   1201   544      259.5000    89      252.0000      317.1188   170185   25.84%
   1275   609      313.5867   282      252.0000      316.8260   177648   25.72%
   1315   649      289.0307   209      252.0000      316.8260   184006   25.72%
Elapsed time = 24.94 sec. (32366.38 ticks, tree = 5.07 MB, solutions = 15)
   1420   740      305.7378   282      252.0000      316.7881   191821   25.71%
   1504   817      287.0652   212      252.0000      316.7447   199845   25.69%
   1542   851      280.9936   176      252.0000      316.7402   207413   25.69%
   1610   911        cutoff            252.0000      316.4563   214632   25.58%
   1638   939      294.6490   211      252.0000      316.4527   222714   25.58%
   1705   995      310.8467   275      252.0000      316.3839   230092   25.55%
   1770  1056      303.9143   242      252.0000      316.2528   238650   25.50%
   1888  1160      286.6135   162      252.0000      316.2336   247066   25.49%
   2015  1277      314.1266   295      252.0000      316.1922   255995   25.47%
   2074  1332      263.1691    72      252.0000      316.1922   263955   25.47%
Elapsed time = 32.14 sec. (42142.08 ticks, tree = 11.64 MB, solutions = 15)
   2137  1384      309.2174   264      252.0000      316.1666   271731   25.46%
   2193  1434      310.3261   260      252.0000      316.1092   279647   25.44%
   2276  1511      299.9727   230      252.0000      316.0659   287337   25.42%
   2350  1579      297.6001   230      252.0000      315.8023   294612   25.32%
   2408  1636      269.6235   106      252.0000      315.8023   300226   25.32%
   2446  1668      274.5000   166      252.0000      315.7958   307909   25.32%
   2495  1707      313.2292   311      252.0000      315.7778   314824   25.31%
   2535  1744      310.9890   284      252.0000      315.7722   321673   25.31%
   2575  1781      309.1935   277      252.0000      315.7588   330052   25.30%
   2616  1822      272.7099   182      252.0000      315.7588   337827   25.30%
Elapsed time = 40.33 sec. (53014.00 ticks, tree = 14.90 MB, solutions = 15)
   2672  1867      276.6873   144      252.0000      315.7297   346274   25.29%
   2733  1920      296.6707   224      252.0000      315.5689   355178   25.23%
   2827  2010      292.5366   195      252.0000      315.5192   363387   25.21%
   2868  2041      311.1093   292      252.0000      315.3796   371867   25.15%
   2952  2122      301.6122   236      252.0000      315.3796   380410   25.15%
   3070  2225      304.3476   239      252.0000      315.3353   388767   25.13%
   3108  2259      301.6753   231      252.0000      315.3348   395508   25.13%
   3151  2296      300.7507   199      252.0000      315.0188   404148   25.01%
   3214  2351      302.9306   249      252.0000      314.9875   413839   25.00%
   3280  2411      300.2048   233      252.0000      314.9770   421379   24.99%
Elapsed time = 49.52 sec. (65024.74 ticks, tree = 21.87 MB, solutions = 15)
   3369  2496      283.5000   143      252.0000      314.9617   428866   24.98%
   3416  2534      309.0846   264      252.0000      314.9317   435415   24.97%
   3463  2573      300.9372   279      252.0000      314.8501   443325   24.94%
   3535  2641      287.8457   207      252.0000      314.8415   451665   24.94%
   3604  2702      304.8203   284      252.0000      314.7299   459510   24.89%
   3652  2746      311.2642   286      252.0000      314.7215   466640   24.89%
   3721  2815      273.4375   156      252.0000      314.7215   474891   24.89%
   3811  2896      309.6562   288      252.0000      314.6607   483628   24.87%
   3911  2987      283.5681   140      252.0000      314.6342   491505   24.85%
   3963  3027      299.2282   254      252.0000      314.5193   499718   24.81%
Elapsed time = 56.52 sec. (74750.82 ticks, tree = 27.61 MB, solutions = 15)
   4010  3070      291.2175   193      252.0000      314.4930   509394   24.80%
   4096  3148      306.9723   243      252.0000      314.3871   519846   24.76%
   4202  3242      299.6027   253      252.0000      314.3682   528954   24.75%
   4248  3282      309.8839   262      252.0000      314.3651   537140   24.75%
   4327  3356      293.9518   202      252.0000      314.2594   546240   24.71%
   4432  3451      309.6332   264      252.0000      314.2332   555418   24.70%
   4508  3523      282.5887   138      252.0000      314.1675   564535   24.67%
   4576  3577      310.9311   317      252.0000      314.1599   572338   24.67%
   4639  3632      300.8303   242      252.0000      314.0716   582149   24.63%
   4724  3713      287.8521   187      252.0000      314.0496   591815   24.62%
Elapsed time = 65.17 sec. (86220.96 ticks, tree = 35.05 MB, solutions = 15)
   4807  3785      301.6671   281      252.0000      313.9889   600486   24.60%
   4870  3840      306.5280   288      252.0000      313.9830   607968   24.60%
   4940  3898      301.7766   263      252.0000      313.8999   616906   24.56%
   5006  3960      286.3370   195      252.0000      313.8404   625262   24.54%
   5040  3990      299.4223   239      252.0000      313.8187   632630   24.53%
   5116  4058    infeasible            252.0000      313.8115   641109   24.53%
   5200  4129      286.3367   164      252.0000      313.7788   649560   24.52%
   5260  4185      288.6626   194      252.0000      313.6140   657626   24.45%
   5325  4243      302.5809   243      252.0000      313.6075   664110   24.45%
   5410  4314        cutoff            252.0000      313.6034   671959   24.45%
Elapsed time = 72.32 sec. (95936.51 ticks, tree = 42.74 MB, solutions = 15)
   5456  4356      264.7617   166      252.0000      313.6003   679664   24.44%
   5544  4435      302.4827   285      252.0000      313.3344   687779   24.34%
   5593  4480      312.7301   309      252.0000      313.3142   697069   24.33%
   5649  4526      306.3147   260      252.0000      313.2993   705478   24.33%
   5738  4607      279.5195   199      252.0000      313.2712   715862   24.31%
   5816  4668      296.7522   251      252.0000      313.2235   724909   24.30%
   5883  4727        cutoff            252.0000      313.2052   734370   24.29%
   5908  4750      293.7903   196      252.0000      313.1936   738345   24.28%
   5992  4824      308.6765   299      252.0000      313.1731   747815   24.28%
   6288  5085      293.3066   175      252.0000      313.0648   784342   24.23%
Elapsed time = 82.97 sec. (110051.66 ticks, tree = 49.39 MB, solutions = 15)
   6571  5338      303.6551   258      252.0000      313.0026   820273   24.21%
   6942  5677      262.2111   140      252.0000      312.9704   856126   24.19%
   7243  5944      307.8194   280      252.0000      312.8338   888859   24.14%
   7417  6098      291.3458   254      252.0000      312.7984   909302   24.13%
   7640  6297      294.7003   247      252.0000      312.7418   940427   24.10%
   7897  6520      308.9830   254      252.0000      312.6957   976042   24.09%
   8281  6877      291.5491   211      252.0000      312.6117  1011378   24.05%
   8494  7064      300.2738   274      252.0000      312.5472  1031382   24.03%
   8809  7345      303.5060   253      252.0000      312.4539  1065931   23.99%
   9140  7642      289.4147   237      252.0000      312.3950  1100717   23.97%
Elapsed time = 111.38 sec. (148358.42 ticks, tree = 79.02 MB, solutions = 15)
   9495  7965      285.3724   189      252.0000      312.3464  1134374   23.95%
   9882  8305      304.9937   256      252.0000      312.3167  1166604   23.94%
  10017  8430      298.8779   229      252.0000      312.2938  1183980   23.93%
  10334  8708      310.4673   289      252.0000      312.2173  1216371   23.90%
* 10489+ 8784                          255.0000      312.1650            22.42%
  10489  8786      309.4165   297      255.0000      312.1321  1235657   22.40%
  10490  8787      298.4798   248      255.0000      312.1188  1236339   22.40%
Starting limited solution polishing.
  10738  9009      295.7109   248      255.0000      312.0362  1270462   22.37%
  10998  9236      306.4900   271      255.0000      311.9540  1307310   22.33%
  11208  9431      292.7548   245      255.0000      311.8491  1328257   22.29%

GUB cover cuts applied:  126
Clique cuts applied:  131
Cover cuts applied:  30
Implied bound cuts applied:  113
Flow cuts applied:  28
Mixed integer rounding cuts applied:  143
Zero-half cuts applied:  93
Lift and project cuts applied:  1
Gomory fractional cuts applied:  9

Root node processing (before b&c):
  Real time             =    0.56 sec. (684.50 ticks)
Sequential b&c:
  Real time             =  149.44 sec. (196992.90 ticks)
                          ------------
Total (root+branch&cut) =  150.00 sec. (197677.40 ticks)

Solution pool: 17 solutions saved.

MIP - Time limit exceeded, integer feasible:  Objective =  2.5500000000e+02
Current MIP best bound =  3.1182596599e+02 (gap = 56.826, 22.28%)
Solution time =  150.00 sec.  Iterations = 1356051  Nodes = 11464 (9663)
Deterministic time = 197677.41 ticks  (1317.84 ticks/sec)


Incumbent solution
Variable Name           Solution Value
F                           255.000000
y232                          1.000000
y66                           1.000000
y193                          1.000000
y94                           1.000000
y8                            1.000000
y10                           1.000000
y191                          1.000000
y50                           1.000000
y125                          1.000000
y103                          1.000000
y104                          1.000000
y39                           1.000000
y54                           1.000000
y190                          1.000000
y77                           1.000000
y124                          1.000000
y3                            1.000000
y194                          1.000000
y51                           1.000000
y241                          1.000000
y166                          1.000000
y111                          1.000000
y223                          1.000000
y224                          1.000000
y97                           1.000000
y251                          1.000000
x16x125x1                     1.000000
x22x191x1                     1.000000
x49x8x1                       1.000000
x72x125x1                     1.000000
x135x50x1                     1.000000
x235x66x1                     1.000000
x235x103x1                    1.000000
x38x8x1                       1.000000
x38x191x1                     1.000000
x49x190x2                     1.000000
x72x77x2                      1.000000
x155x94x2                     1.000000
x165x94x2                     1.000000
x165x124x2                    1.000000
x137x232x2                    1.000000
x43x66x2                      1.000000
x43x190x2                     1.000000
x83x232x2                     1.000000
x16x50x3                      1.000000
x22x124x3                     1.000000
x135x77x3                     1.000000
x142x104x3                    1.000000
x142x223x3                    1.000000
x155x10x3                     1.000000
x7x103x3                      1.000000
x154x193x3                    2.000000
x232x10x2                     1.000000
x232x39x2                     1.000000
x66x39x1                      1.000000
x66x97x2                      1.000000
x193x54x3                     2.000000
x94x166x2                     2.000000
x8x3x1                        1.000000
x8x194x1                      1.000000
x10x251x2                     1.000000
x10x251x3                     1.000000
x191x241x1                    2.000000
x50x224x1                     1.000000
x50x111x3                     1.000000
x125x0x1                      1.000000
x125x224x1                    1.000000
x103x104x1                    1.000000
x103x223x3                    1.000000
x104x0x1                      1.000000
x104x0x3                      1.000000
x39x0x1                       1.000000
x39x0x2                       1.000000
x54x0x3                       2.000000
x190x3x2                      1.000000
x190x51x2                     1.000000
x77x97x2                      1.000000
x77x111x3                     1.000000
x124x194x2                    1.000000
x124x51x3                     1.000000
x3x0x1                        1.000000
x3x0x2                        1.000000
x194x0x1                      1.000000
x194x0x2                      1.000000
x51x0x2                       1.000000
x51x0x3                       1.000000
x241x0x1                      2.000000
x166x0x2                      2.000000
x111x0x3                      2.000000
x223x0x3                      2.000000
x224x0x1                      2.000000
x97x0x2                       2.000000
x251x0x2                      1.000000
x251x0x3                      1.000000
s16                           6.278077
s2                            6.730000
s8                            7.645177
s13                           7.746288
s10                           7.766558
s191                          7.703114
s248                          6.790000
s156                          6.840000
s50                           7.691995
z16z50z3                      1.000000
s125                          7.816102
z16z125z1                     1.000000
s136                          8.030000
s103                          7.095093
s104                          8.110000
s158                          8.110000
s121                          7.270853
s39                           8.381864
s54                           8.668616
s77                           8.110068
s169                          8.000000
s124                          8.059999
s3                            9.030000
s177                          9.080000
s194                          9.080000
s51                           9.090000
s241                          9.110000
s128                          9.160000
s57                           9.170000
s111                          9.170000
z16z111z3                     1.000000
s74                           9.180000
z16z74z3                      1.000000
s102                          9.180000
s186                          8.190000
s223                          9.190000
z16z223z3                     1.000000
s224                          9.200000
z16z224z1                     1.000000
s251                          9.460000
s22                           6.371611
s193                          7.272356
z22z191z1                     1.000000
z22z124z3                     1.000000
z22z241z1                     1.000000
z22z111z3                     1.000000
z22z74z3                      1.000000
z22z223z3                     1.000000
z22z224z1                     1.000000
s49                           6.347019
s245                          7.585515
s66                           6.984931
s94                           7.703124
z49z8z1                       1.000000
s246                          7.090000
s190                          7.999036
z49z190z2                     1.000000
s208                          9.010000
s61                           8.030000
z49z61z2                      1.000000
s150                          8.060000
z49z150z2                     1.000000
z49z241z1                     1.000000
s166                          9.130000
z49z166z2                     1.000000
z49z224z1                     1.000000
s97                           9.310000
z49z97z2                      1.000000
s72                           6.238826
z72z125z1                     1.000000
z72z77z2                      1.000000
z72z224z1                     1.000000
z72z97z2                      1.000000
s135                          6.401237
z135z50z1                     1.000000
z135z77z3                     1.000000
z135z111z3                    1.000000
z135z74z3                     1.000000
z135z223z3                    1.000000
z135z224z1                    1.000000
s142                          6.522582
z142z104z3                    1.000000
z142z54z3                     1.000000
z142z111z3                    1.000000
z142z223z3                    1.000000
s155                          6.417263
z155z94z2                     1.000000
z155z10z3                     1.000000
z155z166z2                    1.000000
z155z111z3                    1.000000
z155z74z3                     1.000000
z155z223z3                    1.000000
z155z97z2                     1.000000
s165                          6.193374
z165z94z2                     1.000000
z165z124z2                    1.000000
z165z150z2                    1.000000
z165z166z2                    1.000000
z165z97z2                     1.000000
s235                          4.955000
s98                           6.010000
s147                          7.245973
z235z66z1                     1.000000
z235z8z1                      1.000000
z235z191z1                    1.000000
z235z248z1                    1.000000
z235z125z1                    1.000000
z235z103z1                    1.000000
z235z158z1                    1.000000
z235z241z1                    1.000000
z235z224z1                    1.000000
s137                          4.982550
s232                          6.582167
z137z232z2                    1.000000
z137z246z2                    1.000000
z137z190z2                    1.000000
z137z208z2                    1.000000
z137z61z2                     1.000000
z137z150z2                    1.000000
z137z166z2                    1.000000
z137z97z2                     1.000000
s7                            5.066990
z7z103z3                      1.000000
z7z121z3                      1.000000
z7z54z3                       1.000000
z7z169z3                      1.000000
z7z111z3                      1.000000
z7z74z3                       1.000000
z7z223z3                      1.000000
s43                           5.266710
z43z66z2                      1.000000
z43z246z2                     1.000000
z43z190z2                     1.000000
z43z208z2                     1.000000
z43z61z2                      1.000000
z43z150z2                     1.000000
z43z166z2                     1.000000
z43z97z2                      1.000000
s83                           5.027690
z83z232z2                     1.000000
z83z94z2                      1.000000
z83z246z2                     1.000000
z83z190z2                     1.000000
z83z208z2                     1.000000
z83z61z2                      1.000000
z83z150z2                     1.000000
z83z166z2                     1.000000
z83z97z2                      1.000000
s154                          5.662680
z154z193z3                    1.000000
z154z121z3                    1.000000
z154z54z3                     1.000000
z154z169z3                    1.000000
z154z111z3                    1.000000
z154z74z3                     1.000000
z154z223z3                    1.000000
s38                           5.656790
z38z8z1                       1.000000
z38z191z1                     1.000000
z38z241z1                     1.000000
z38z224z1                     1.000000
z98z224z1                     1.000000
z232z10z2                     1.000000
z232z39z2                     1.000000
z147z224z1                    1.000000
z66z39z1                      1.000000
z66z224z1                     1.000000
z66z97z2                      1.000000
z193z54z3                     1.000000
z193z111z3                    1.000000
z193z74z3                     1.000000
z193z223z3                    1.000000
z94z166z2                     1.000000
z94z97z2                      1.000000
z8z3z1                        1.000000
z8z194z1                      1.000000
z8z224z1                      1.000000
z10z251z2                     1.000000
z10z251z3                     1.000000
z191z241z1                    1.000000
z191z224z1                    1.000000
z50z111z3                     1.000000
z50z224z1                     1.000000
z125z224z1                    1.000000
z103z104z1                    1.000000
z103z223z3                    1.000000
z190z3z2                      1.000000
z190z51z2                     1.000000
z77z111z3                     1.000000
z77z97z2                      1.000000
z124z194z2                    1.000000
z124z51z3                     1.000000
All other variables in the range 1-2455 are 0.
