
Log started (V12.10.0.0) Thu Apr 22 12:01:45 2021


Problem 'asset.lp' read.
Read time = 0.00 sec. (0.01 ticks)
Version identifier: 12.10.0.0 | 2019-11-26 | 843d4de
Found incumbent of value 0.000000 after 0.00 sec. (0.01 ticks)
Tried aggregator 3 times.
MIP Presolve eliminated 51 rows and 6 columns.
MIP Presolve modified 80 coefficients.
Aggregator did 61 substitutions.
Reduced MIP has 51 rows, 82 columns, and 236 nonzeros.
Reduced MIP has 78 binaries, 0 generals, 0 SOSs, and 0 indicators.
Presolve time = 0.00 sec. (0.45 ticks)
Probing time = 0.00 sec. (0.25 ticks)
Tried aggregator 1 time.
Detecting symmetries...
MIP Presolve modified 22 coefficients.
Reduced MIP has 51 rows, 82 columns, and 236 nonzeros.
Reduced MIP has 78 binaries, 0 generals, 0 SOSs, and 0 indicators.
Presolve time = 0.00 sec. (0.16 ticks)
Probing time = 0.00 sec. (0.25 ticks)
Clique table members: 228.
MIP emphasis: balance optimality and feasibility.
MIP search method: dynamic search.
Parallel mode: deterministic, using up to 4 threads.
Root relaxation solution time = 0.00 sec. (0.25 ticks)

        Nodes                                         Cuts/
   Node  Left     Objective  IInf  Best Integer    Best Bound    ItCnt     Gap

*     0+    0                            0.0000      150.0000              --- 
*     0+    0                           55.0000      150.0000           172.73%
      0     0       67.1327    20       55.0000       67.1327       45   22.06%
*     0+    0                           60.0000       67.1327            11.89%
      0     0        cutoff             60.0000       60.0000       48    0.00%
Elapsed time = 0.01 sec. (1.89 ticks, tree = 0.01 MB, solutions = 2)

Root node processing (before b&c):
  Real time             =    0.01 sec. (1.90 ticks)
Parallel b&c, 4 threads:
  Real time             =    0.00 sec. (0.00 ticks)
  Sync time (average)   =    0.00 sec.
  Wait time (average)   =    0.00 sec.
                          ------------
Total (root+branch&cut) =    0.01 sec. (1.90 ticks)

Solution pool: 3 solutions saved.

MIP - Integer optimal solution:  Objective =  6.0000000000e+01
Solution time =    0.01 sec.  Iterations = 48  Nodes = 0
Deterministic time = 1.90 ticks  (187.82 ticks/sec)


Incumbent solution
Variable Name           Solution Value
F                            60.000000
y33                           1.000000
y29                           1.000000
y14                           1.000000
y37                           1.000000
y36                           1.000000
x24x33x1                      1.000000
x24x33x2                      1.000000
x33x29x1                      1.000000
x33x14x2                      1.000000
x29x36x1                      1.000000
x14x37x2                      1.000000
x37x0x2                       1.000000
x36x0x1                       1.000000
s24                           4.768921
s33                           6.014598
z24z33z1                      1.000000
z24z33z2                      1.000000
s2                            6.780000
s29                           8.200000
s14                           7.562512
s37                           8.590000
s38                           8.274340
s15                           9.160000
s17                           9.280000
s31                           9.340000
s36                           9.460000
s7                            9.470000
z33z29z1                      1.000000
z33z14z2                      1.000000
z29z36z1                      1.000000
z14z37z2                      1.000000
All other variables in the range 1-152 are 0.
