
Log started (V12.10.0.0) Fri Apr 23 12:49:10 2021


Problem 'asset.lp' read.
Read time = 0.01 sec. (0.27 ticks)
New value for default parallel thread count: 1
New value for time limit in seconds: 150
Version identifier: 12.10.0.0 | 2019-11-26 | 843d4de
CPXPARAM_Threads                                 1
CPXPARAM_TimeLimit                               150
Found incumbent of value 0.000000 after 0.00 sec. (0.07 ticks)
Tried aggregator 3 times.
MIP Presolve eliminated 1399 rows and 99 columns.
MIP Presolve modified 1178 coefficients.
Aggregator did 755 substitutions.
Reduced MIP has 656 rows, 1034 columns, and 4075 nonzeros.
Reduced MIP has 931 binaries, 71 generals, 0 SOSs, and 0 indicators.
Presolve time = 0.01 sec. (8.31 ticks)
Probing time = 0.00 sec. (3.21 ticks)
Tried aggregator 1 time.
Detecting symmetries...
MIP Presolve eliminated 8 rows and 8 columns.
MIP Presolve modified 172 coefficients.
Reduced MIP has 648 rows, 1026 columns, and 3912 nonzeros.
Reduced MIP has 923 binaries, 71 generals, 0 SOSs, and 0 indicators.
Presolve time = 0.01 sec. (3.90 ticks)
Probing time = 0.00 sec. (2.39 ticks)
Clique table members: 2572.
MIP emphasis: balance optimality and feasibility.
MIP search method: dynamic search.
Parallel mode: none, using 1 thread.
Root relaxation solution time = 0.01 sec. (5.68 ticks)

        Nodes                                         Cuts/
   Node  Left     Objective  IInf  Best Integer    Best Bound    ItCnt     Gap

*     0+    0                            0.0000      285.0000              --- 
      0     0      285.0000   155        0.0000      285.0000      288     --- 
      0     0      285.0000   155        0.0000     Cuts: 262      815     --- 
      0     0      285.0000   155        0.0000     Cuts: 146     1079     --- 
      0     0      284.2585   155        0.0000     Cuts: 262     1903     --- 
*     0+    0                           42.0000      284.2585           576.81%
      0     0        cutoff             42.0000      284.2585     1903  576.81%
      0     0      283.2103   155       42.0000     Cuts: 262     2504  574.31%
      0     0      282.9711   155       42.0000     Cuts: 248     2784  573.74%
      0     0      281.7602   155       42.0000     Cuts: 147     3141  570.86%
      0     0      281.6272   155       42.0000     Cuts: 224     3466  570.54%
*     0+    0                           63.0000      281.6272           347.03%
*     0+    0                           78.0000      281.6272           261.06%
      0     0        cutoff             78.0000      281.6272     3466  261.06%
      0     0      281.2540   155       78.0000     Cuts: 244     3702  260.58%
      0     0      281.2540   155       78.0000     Cuts: 190     3872  260.58%
*     0+    0                           90.0000      281.2540           212.50%
      0     2      281.2540   143       90.0000      281.2540     3872  212.50%
Elapsed time = 0.41 sec. (483.48 ticks, tree = 0.01 MB, solutions = 4)
*   151   115      integral     0      180.0000      280.5000     9376   55.83%
    152   116      280.4828   161      180.0000      280.4828     9844   55.82%
    292   256      235.1151    90      180.0000      280.4805    13256   55.82%

Performing restart 1

Repeating presolve.
Tried aggregator 1 time.
MIP Presolve modified 791 coefficients.
Reduced MIP has 648 rows, 1026 columns, and 3279 nonzeros.
Reduced MIP has 923 binaries, 71 generals, 0 SOSs, and 0 indicators.
Presolve time = 0.00 sec. (3.13 ticks)
Tried aggregator 1 time.
Reduced MIP has 648 rows, 1026 columns, and 3279 nonzeros.
Reduced MIP has 923 binaries, 71 generals, 0 SOSs, and 0 indicators.
Presolve time = 0.00 sec. (2.62 ticks)
Represolve time = 0.02 sec. (13.75 ticks)
    493     0      275.6586   240      180.0000     Cuts: 262    20369   53.14%
    493     0      271.6214   240      180.0000     Cuts: 248    22060   50.90%
    493     0      267.1788   240      180.0000     Cuts: 262    22365   48.43%
*   493+    0                          198.0000      267.1788            34.94%
    493     0        cutoff            198.0000      267.1788    22365   34.94%
    493     0      266.1686   240      198.0000     Cuts: 211    22917   34.43%
    493     0      265.4775   240      198.0000     Cuts: 209    23298   34.08%
    493     0      264.6332   240      198.0000     Cuts: 176    24077   33.65%
    493     0      264.0257   240      198.0000     Cuts: 172    24506   33.35%
    493     0      263.6282   240      198.0000     Cuts: 160    25430   33.15%
    493     0      263.2595   240      198.0000     Cuts: 168    25820   32.96%
*   493+    0                          213.0000      263.2595            23.60%
    493     0        cutoff            213.0000      263.2595    25820   23.60%
    493     0      262.8461   240      213.0000     Cuts: 149    26124   23.40%
    493     0      262.6728   240      213.0000      Cuts: 90    26261   23.32%
    493     0      262.3121   240      213.0000      Cuts: 96    26389   23.15%
    493     0      262.1414   240      213.0000      Cuts: 85    26457   23.07%
    493     0      262.0460   240      213.0000      Cuts: 84    26582   23.03%
    493     0      261.7774   240      213.0000     Cuts: 123    26676   22.90%
    493     0      261.7512   240      213.0000      Cuts: 62    26757   22.89%
    493     0      261.7343   240      213.0000      Cuts: 63    26833   22.88%
    493     0      261.7325   240      213.0000      Cuts: 27    26884   22.88%
    493     0      261.7280   240      213.0000      Cuts: 72    26952   22.88%
    493     0      261.7202   240      213.0000      Cuts: 51    26993   22.87%
    493     2      261.7202   184      213.0000      261.7076    26993   22.87%
    496     5      260.6539   161      213.0000      260.6395    28751   22.37%
    501    10      259.8717   156      213.0000      260.4713    29218   22.29%
    510    19      255.0917   144      213.0000      260.4713    30106   22.29%
    523    32      253.4916   139      213.0000      260.4713    30690   22.29%
    567    76      219.0000    55      213.0000      260.4713    33113   22.29%
    595    95      251.8544   148      213.0000      260.4235    35984   22.26%
    845   310      247.2839   116      213.0000      259.4397    48683   21.80%
Elapsed time = 5.24 sec. (6654.52 ticks, tree = 0.97 MB, solutions = 7)
   1083   516      248.9495   143      213.0000      258.7303    61943   21.47%
   1361   746      254.2777   172      213.0000      257.2583    73462   20.78%
*  1482   816      integral     0      219.0000      257.1641    76848   17.43%
*  1582+  879                          222.0000      257.1070            15.81%
   1640   916      238.6539   117      222.0000      256.4834    84882   15.53%
   1847  1093      243.0000   149      222.0000      256.0764    96745   15.35%
   2147  1348      244.5878   122      222.0000      255.3486   109843   15.02%
   2363  1536      251.3904   168      222.0000      255.0870   123198   14.90%
*  2593+ 1610                          225.0000      254.8162            13.25%
   2613  1624      251.4641   162      225.0000      254.7603   137647   13.23%
*  2693+ 1580                          228.0000      254.7546            11.73%
   2818  1684      238.6163   180      228.0000      254.6477   148783   11.69%
   2976  1795      251.8040   178      228.0000      254.5049   160595   11.62%
   3182  1941      244.8750   143      228.0000      254.2961   173264   11.53%
Elapsed time = 12.44 sec. (16316.87 ticks, tree = 10.57 MB, solutions = 11)
   3347  2065      253.6208   180      228.0000      254.2326   185929   11.51%
   3506  2178      250.0285   160      228.0000      253.9579   197205   11.39%
   3737  2372      233.0064   119      228.0000      253.7820   210431   11.31%
   3881  2490      242.7888   141      228.0000      253.6263   219795   11.24%
   4105  2663      239.5000   107      228.0000      253.3240   232859   11.11%
   4293  2776      240.0220   121      228.0000      253.0161   246072   10.97%
   4475  2909      239.3464   136      228.0000      252.9014   257581   10.92%
   4658  3032      246.0000   154      228.0000      252.6875   269908   10.83%
   4855  3170      244.7035   116      228.0000      252.4347   282676   10.72%
   5023  3274      247.5000   147      228.0000      252.2665   294681   10.64%
Elapsed time = 19.68 sec. (25911.53 ticks, tree = 18.58 MB, solutions = 11)
   5260  3440      240.3291   123      228.0000      252.0622   307781   10.55%
   5510  3627      246.7500   154      228.0000      251.8534   321591   10.46%
   5667  3744      237.0000   129      228.0000      251.7305   336342   10.41%
   5882  3899      232.0000   127      228.0000      251.5147   350781   10.31%
   6159  4086      231.0000   104      228.0000      251.2805   364989   10.21%
   6328  4200      243.6485   159      228.0000      251.1902   377315   10.17%
   6517  4332      233.0888   119      228.0000      251.1406   388562   10.15%
   6727  4482      242.1626   134      228.0000      251.0194   401477   10.10%
   6896  4614      238.3940   136      228.0000      250.8990   413091   10.04%
   7083  4745      239.7883   148      228.0000      250.7403   425407    9.97%
Elapsed time = 26.88 sec. (35474.94 ticks, tree = 27.82 MB, solutions = 11)
   7285  4900      244.5000   115      228.0000      250.6696   437481    9.94%
   7464  5032      238.0000   165      228.0000      250.5596   450035    9.89%
   7630  5151      245.6217   167      228.0000      250.5292   462385    9.88%
   7841  5332      243.7500   112      228.0000      250.4752   475192    9.86%
   8049  5495      246.1318   164      228.0000      250.3907   488872    9.82%
   8280  5670      236.6804   129      228.0000      250.3200   501912    9.79%
*  8459  4820      integral     0      231.0000      250.2877   510503    8.35%
   8513  4857        cutoff            231.0000      250.2738   515891    8.34%
   8751  5025      245.1562   147      231.0000      250.1123   530207    8.27%
   8943  5171      241.5000   101      231.0000      250.0139   543438    8.23%
   9114  5310      238.8750   140      231.0000      249.9821   557444    8.22%
Elapsed time = 34.42 sec. (45071.89 ticks, tree = 31.86 MB, solutions = 12)
   9305  5448      235.6597    88      231.0000      249.9139   570760    8.19%
   9516  5583        cutoff            231.0000      249.7568   584211    8.12%
   9692  5698      246.3750   136      231.0000      249.6402   596867    8.07%
   9888  5823      234.0000    59      231.0000      249.5117   608672    8.01%
  10040  5909      245.5714   167      231.0000      249.3750   619461    7.95%
  10224  6022      236.8859   124      231.0000      249.2650   631485    7.91%
* 10353+ 4659                          234.0000      249.1875             6.49%
  10353  4661      240.3352   156      234.0000      249.1875   641215    6.49%
  10354  4662      241.8098   184      234.0000      249.1875   642162    6.49%
  10355  4663      245.0654   195      234.0000      249.1852   642926    6.49%
  10492  4738      241.3910   183      234.0000      249.0341   655031    6.42%
Elapsed time = 47.67 sec. (59726.26 ticks, tree = 28.69 MB, solutions = 13)
  10677  4848      239.6786   127      234.0000      248.9803   666948    6.40%
  10837  4919        cutoff            234.0000      248.7949   678936    6.32%
  11013  5024      244.6000   181      234.0000      248.6684   691084    6.27%
  11185  5131      247.4530   132      234.0000      248.6146   703548    6.25%
  11380  5269      242.1088   148      234.0000      248.5000   716478    6.20%
  11477  5315      241.0086   158      234.0000      248.4391   729969    6.17%
  11655  5414      243.9172   136      234.0000      248.3154   743016    6.12%
  11845  5542    infeasible            234.0000      248.2287   756068    6.08%
  12031  5683      237.0000    87      234.0000      248.1632   769692    6.05%
  12213  5794      237.4382   148      234.0000      248.0890   783203    6.02%
Elapsed time = 55.39 sec. (69359.53 ticks, tree = 36.50 MB, solutions = 13)
  12370  5885      237.2872   123      234.0000      248.0000   796281    5.98%
  12579  6031      237.5625   107      234.0000      247.8934   809424    5.94%
  12702  6095      239.9443   139      234.0000      247.8333   820735    5.91%
  12866  6176      247.3518   169      234.0000      247.7470   833020    5.87%
  13043  6278      237.9856   117      234.0000      247.6364   845252    5.83%
  13172  6350      240.4227   179      234.0000      247.5860   855636    5.81%
  13304  6404        cutoff            234.0000      247.5000   866455    5.77%
  13429  6469      241.8962   137      234.0000      247.4890   876499    5.76%
  13572  6548        cutoff            234.0000      247.3998   886568    5.73%
  13703  6610        cutoff            234.0000      247.3088   897589    5.69%
Elapsed time = 63.04 sec. (78961.75 ticks, tree = 42.90 MB, solutions = 13)
  13811  6659      237.7500   139      234.0000      247.2396   908613    5.66%
  13959  6739      242.5000   149      234.0000      247.1905   919021    5.64%
  14116  6816      243.8554   131      234.0000      247.0930   929854    5.60%
  14275  6884      242.6971   148      234.0000      247.0065   941160    5.56%
  14470  6996      241.8750   143      234.0000      246.9934   952679    5.55%
  14651  7104      241.8500   135      234.0000      246.9265   964411    5.52%
  14789  7171      242.4375   142      234.0000      246.8571   976131    5.49%
  14937  7240      242.1000   113      234.0000      246.7959   987501    5.47%
  15081  7326      238.5000   124      234.0000      246.7500   999552    5.45%
  15238  7417      241.7723   123      234.0000      246.7500  1010588    5.45%
Elapsed time = 70.82 sec. (88584.63 ticks, tree = 49.28 MB, solutions = 13)
  15389  7514        cutoff            234.0000      246.7132  1023527    5.43%
  15525  7580        cutoff            234.0000      246.6847  1035287    5.42%
  15645  7651      238.5000   129      234.0000      246.6478  1046508    5.41%
  15809  7718      239.5472   170      234.0000      246.5746  1059416    5.37%
  15966  7805      243.7500   123      234.0000      246.5196  1071312    5.35%
  16120  7888      239.4592   127      234.0000      246.4712  1083205    5.33%
  16273  7951      240.0000   139      234.0000      246.4000  1094207    5.30%
  16460  8070        cutoff            234.0000      246.3400  1104682    5.27%
  16594  8141      245.2344   162      234.0000      246.2769  1114534    5.25%
  17249  8491      239.7624   117      234.0000      246.0392  1160829    5.14%
Elapsed time = 80.64 sec. (101051.81 ticks, tree = 56.50 MB, solutions = 13)
  17706  8634      238.1352   139      234.0000      245.9694  1201534    5.12%
  18381  8971      242.5000   156      234.0000      245.7416  1248147    5.02%
  18953  9265      237.0000   127      234.0000      245.5665  1296323    4.94%
  19491  9455      244.9836   138      234.0000      245.4107  1344088    4.88%
  20093  9680      240.2787   202      234.0000      245.2497  1392021    4.81%
  20597  9886        cutoff            234.0000      245.1325  1436539    4.76%
  21095 10085      244.5000   125      234.0000      245.0007  1481201    4.70%
  21650 10313      239.8235   148      234.0000      244.8462  1525167    4.64%
  22183 10498      238.0000   113      234.0000      244.7209  1571098    4.58%
  22703 10626      242.1085   159      234.0000      244.5438  1616914    4.51%
Elapsed time = 110.45 sec. (139311.12 ticks, tree = 69.92 MB, solutions = 13)
  23320 10858        cutoff            234.0000      244.5000  1664564    4.49%
  23867 10998      243.4000   148      234.0000      244.3500  1710369    4.42%
  24485 11270      240.8723   164      234.0000      244.2484  1759015    4.38%
  25024 11446      239.8030   138      234.0000      244.1246  1803365    4.33%
  25514 11641      241.1976   166      234.0000      244.0233  1848432    4.28%
  25970 11747      240.2500   120      234.0000      243.9473  1893014    4.25%
  26475 11926      238.4386   121      234.0000      243.8394  1937119    4.20%
  27130 12182      239.2500   137      234.0000      243.7500  1982778    4.17%
Starting limited solution polishing.
  27600 12339      237.9082   165      234.0000      243.6566  2029122    4.13%
  28157 12525        cutoff            234.0000      243.5230  2075470    4.07%
Elapsed time = 140.17 sec. (177552.00 ticks, tree = 87.65 MB, solutions = 13)
  28755 12762      241.0000   147      234.0000      243.4708  2122883    4.05%
  29293 12869      239.2500    86      234.0000      243.3750  2164935    4.01%
  29748 13041      238.2500   143      234.0000      243.3000  2202253    3.97%

GUB cover cuts applied:  76
Clique cuts applied:  177
Cover cuts applied:  61
Implied bound cuts applied:  203
Flow cuts applied:  10
Mixed integer rounding cuts applied:  152
Zero-half cuts applied:  70
Lift and project cuts applied:  18
Gomory fractional cuts applied:  5

Root node processing (before b&c):
  Real time             =    0.40 sec. (481.20 ticks)
Sequential b&c:
  Real time             =  149.60 sec. (188928.66 ticks)
                          ------------
Total (root+branch&cut) =  150.00 sec. (189409.86 ticks)

Solution pool: 14 solutions saved.

MIP - Time limit exceeded, integer feasible:  Objective =  2.3400000000e+02
Current MIP best bound =  2.4329778217e+02 (gap = 9.29778, 3.97%)
Solution time =  150.00 sec.  Iterations = 2205193  Nodes = 29766 (13045)
Deterministic time = 189409.87 ticks  (1262.73 ticks/sec)


Incumbent solution
Variable Name           Solution Value
F                           234.000000
y83                           1.000000
y78                           1.000000
y190                          1.000000
y61                           1.000000
y206                          1.000000
y183                          1.000000
y136                          1.000000
y89                           1.000000
y192                          1.000000
y169                          1.000000
y96                           1.000000
y176                          1.000000
y147                          1.000000
y43                           1.000000
y62                           1.000000
y80                           1.000000
y204                          1.000000
y55                           1.000000
y26                           1.000000
y76                           1.000000
y113                          1.000000
y133                          1.000000
y161                          1.000000
y149                          1.000000
y51                           1.000000
y139                          1.000000
y193                          1.000000
x187x83x1                     2.000000
x156x190x1                    2.000000
x35x78x1                      1.000000
x35x96x1                      1.000000
x60x89x1                      1.000000
x108x78x1                     1.000000
x4x206x2                      1.000000
x4x76x2                       1.000000
x59x176x2                     1.000000
x20x62x2                      1.000000
x208x80x2                     1.000000
x64x147x2                     1.000000
x64x62x2                      1.000000
x160x204x2                    1.000000
x12x61x3                      1.000000
x60x89x3                      1.000000
x70x61x3                      1.000000
x59x176x3                     1.000000
x108x96x3                     1.000000
x20x169x3                     1.000000
x208x169x3                    1.000000
x160x136x3                    1.000000
x83x206x1                     1.000000
x83x183x1                     1.000000
x78x43x1                      1.000000
x78x113x1                     1.000000
x190x183x1                    1.000000
x190x147x1                    1.000000
x61x136x3                     1.000000
x61x204x3                     1.000000
x206x51x1                     1.000000
x206x161x2                    1.000000
x183x55x1                     1.000000
x183x113x1                    1.000000
x136x133x3                    1.000000
x136x51x3                     1.000000
x89x192x1                     1.000000
x89x192x3                     1.000000
x192x193x1                    1.000000
x192x193x3                    1.000000
x169x43x3                     1.000000
x169x80x3                     1.000000
x96x55x1                      1.000000
x96x26x3                      1.000000
x176x26x2                     1.000000
x176x76x3                     1.000000
x147x139x1                    1.000000
x147x161x2                    1.000000
x43x0x1                       1.000000
x43x0x3                       1.000000
x62x149x2                     2.000000
x80x0x2                       1.000000
x80x0x3                       1.000000
x204x139x2                    1.000000
x204x133x3                    1.000000
x55x0x1                       2.000000
x26x0x2                       1.000000
x26x0x3                       1.000000
x76x0x2                       1.000000
x76x0x3                       1.000000
x113x0x1                      2.000000
x133x0x3                      2.000000
x161x0x2                      2.000000
x149x0x2                      2.000000
x51x0x1                       1.000000
x51x0x3                       1.000000
x139x0x1                      1.000000
x139x0x2                      1.000000
x193x0x1                      1.000000
x193x0x3                      1.000000
s12                           3.951950
s61                           6.520000
z12z61z3                      1.000000
s136                          7.614281
z12z136z3                     1.000000
s89                           6.892513
s192                          7.920000
s145                          7.030000
z12z145z3                     1.000000
s152                          7.700000
s169                          7.720000
z12z169z3                     1.000000
s96                           7.740000
s176                          7.831968
s43                           8.753994
s80                           8.840000
s103                          7.860000
z12z103z3                     1.000000
s110                          7.870000
s158                          8.880000
s204                          7.981144
s26                           8.910000
s44                           8.920000
s107                          7.920000
s76                           8.960000
s111                          8.980000
s133                          9.000000
z12z133z3                     1.000000
s170                          8.050000
s40                           8.070000
s47                           8.090000
z12z47z3                      1.000000
s51                           9.260000
s162                          9.320000
s193                          9.320000
s187                          4.431970
s83                           6.491797
z187z83z1                     1.000000
s78                           6.827292
z187z78z1                     1.000000
s190                          6.510000
z187z190z1                    1.000000
s206                          7.588865
s183                          7.592682
z187z183z1                    1.000000
s147                          7.909389
s55                           8.900000
z187z55z1                     1.000000
s113                          8.917986
z187z113z1                    1.000000
s139                          9.320000
s4                            4.500240
z4z206z2                      1.000000
s62                           7.830000
z4z62z2                       1.000000
z4z76z2                       1.000000
s161                          9.080000
z4z161z2                      1.000000
s149                          9.250000
z4z149z2                      1.000000
s156                          4.810800
z156z83z1                     1.000000
z156z78z1                     1.000000
z156z190z1                    1.000000
z156z183z1                    1.000000
z156z55z1                     1.000000
z156z113z1                    1.000000
s35                           5.269560
z35z78z1                      1.000000
z35z96z1                      1.000000
z35z55z1                      1.000000
z35z113z1                     1.000000
s60                           5.192620
z60z89z1                      1.000000
z60z89z3                      1.000000
z60z145z3                     1.000000
z60z169z3                     1.000000
z60z103z3                     1.000000
z60z55z1                      1.000000
z60z113z1                     1.000000
z60z133z3                     1.000000
z60z47z3                      1.000000
s70                           4.609780
z70z61z3                      1.000000
z70z136z3                     1.000000
z70z145z3                     1.000000
z70z169z3                     1.000000
z70z103z3                     1.000000
z70z133z3                     1.000000
z70z47z3                      1.000000
s59                           5.352520
z59z145z3                     1.000000
z59z169z3                     1.000000
z59z176z2                     1.000000
z59z176z3                     1.000000
z59z62z2                      1.000000
z59z103z3                     1.000000
z59z133z3                     1.000000
z59z161z2                     1.000000
z59z47z3                      1.000000
z59z149z2                     1.000000
s108                          5.345450
z108z78z1                     1.000000
z108z145z3                    1.000000
z108z169z3                    1.000000
z108z96z3                     1.000000
z108z103z3                    1.000000
z108z55z1                     1.000000
z108z113z1                    1.000000
z108z133z3                    1.000000
z108z47z3                     1.000000
s20                           5.441980
z20z145z3                     1.000000
z20z169z3                     1.000000
z20z62z2                      1.000000
z20z103z3                     1.000000
z20z133z3                     1.000000
z20z161z2                     1.000000
z20z47z3                      1.000000
z20z149z2                     1.000000
s208                          5.497040
z208z169z3                    1.000000
z208z62z2                     1.000000
z208z80z2                     1.000000
z208z103z3                    1.000000
z208z133z3                    1.000000
z208z161z2                    1.000000
z208z47z3                     1.000000
z208z149z2                    1.000000
s64                           5.742610
z64z147z2                     1.000000
z64z62z2                      1.000000
z64z161z2                     1.000000
z64z149z2                     1.000000
s160                          5.665340
z160z136z3                    1.000000
z160z169z3                    1.000000
z160z62z2                     1.000000
z160z103z3                    1.000000
z160z204z2                    1.000000
z160z133z3                    1.000000
z160z161z2                    1.000000
z160z47z3                     1.000000
z160z149z2                    1.000000
z83z206z1                     1.000000
z83z183z1                     1.000000
z83z55z1                      1.000000
z78z43z1                      1.000000
z78z55z1                      1.000000
z78z113z1                     1.000000
z190z183z1                    1.000000
z190z147z1                    1.000000
z190z55z1                     1.000000
z61z136z3                     1.000000
z61z204z3                     1.000000
z206z161z2                    1.000000
z206z51z1                     1.000000
z183z55z1                     1.000000
z183z113z1                    1.000000
z136z133z3                    1.000000
z136z51z3                     1.000000
z89z192z1                     1.000000
z89z192z3                     1.000000
z192z193z1                    1.000000
z192z193z3                    1.000000
z169z43z3                     1.000000
z169z80z3                     1.000000
z96z55z1                      1.000000
z96z26z3                      1.000000
z176z26z2                     1.000000
z176z76z3                     1.000000
z147z161z2                    1.000000
z147z139z1                    1.000000
z62z149z2                     1.000000
z204z133z3                    1.000000
z204z139z2                    1.000000
All other variables in the range 1-1890 are 0.
