
Log started (V12.10.0.0) Sun Apr  4 09:56:37 2021


Problem 'asset.lp' read.
Read time = 0.01 sec. (0.59 ticks)
New value for default parallel thread count: 1
New value for time limit in seconds: 300
Version identifier: 12.10.0.0 | 2019-11-26 | 843d4de
CPXPARAM_Threads                                 1
CPXPARAM_TimeLimit                               300
Found incumbent of value -0.756684 after 0.00 sec. (0.25 ticks)
Tried aggregator 3 times.
MIP Presolve eliminated 3163 rows and 953 columns.
MIP Presolve modified 3607 coefficients.
Aggregator did 1352 substitutions.
Reduced MIP has 1551 rows, 1768 columns, and 8172 nonzeros.
Reduced MIP has 1586 binaries, 131 generals, 0 SOSs, and 0 indicators.
Presolve time = 0.02 sec. (16.27 ticks)
Probing fixed 387 vars, tightened 37 bounds.
Probing time = 0.01 sec. (7.84 ticks)
Cover probing fixed 0 vars, tightened 76 bounds.
Tried aggregator 1 time.
MIP Presolve eliminated 469 rows and 469 columns.
MIP Presolve modified 122 coefficients.
Reduced MIP has 1082 rows, 1299 columns, and 5353 nonzeros.
Reduced MIP has 1154 binaries, 94 generals, 0 SOSs, and 0 indicators.
Presolve time = 0.00 sec. (5.06 ticks)
Probing time = 0.00 sec. (2.62 ticks)
Tried aggregator 1 time.
Detecting symmetries...
MIP Presolve modified 610 coefficients.
Reduced MIP has 1082 rows, 1299 columns, and 5353 nonzeros.
Reduced MIP has 1154 binaries, 94 generals, 0 SOSs, and 0 indicators.
Presolve time = 0.00 sec. (3.60 ticks)
Probing time = 0.00 sec. (2.59 ticks)
Clique table members: 3448.
MIP emphasis: balance optimality and feasibility.
MIP search method: dynamic search.
Parallel mode: none, using 1 thread.
Root relaxation solution time = 0.01 sec. (12.70 ticks)

        Nodes                                         Cuts/
   Node  Left     Objective  IInf  Best Integer    Best Bound    ItCnt     Gap

*     0+    0                           -0.7567     1262.9233              --- 
      0     0     1032.1664   269       -0.7567     1032.1664      613     --- 
      0     0     1032.1520   269       -0.7567     Cuts: 347     1085     --- 
      0     0     1032.1364   269       -0.7567     Cuts: 365     1611     --- 
      0     0     1032.1337   269       -0.7567     Cuts: 301     1937     --- 
*     0+    0                          349.4015     1032.1337           195.40%
      0     0        cutoff            349.4015     1032.1337     1937  195.40%
*     0+    0                          349.4022     1032.1337           195.40%
      0     0        cutoff            349.4022     1032.1337     1937  195.40%
Detecting symmetries...
      0     2     1032.1337   308      349.4022     1032.1337     1937  195.40%
Elapsed time = 0.37 sec. (449.38 ticks, tree = 0.01 MB, solutions = 2)
     80    80      926.7114    98      349.4022     1032.1337     4566  195.40%
*   110+  105                          920.1045     1032.1337            12.18%
*   120+  107                          920.1047     1032.1337            12.18%
*   124   109      integral     0      920.1048     1032.1337     5335   12.18%
    170   153     1032.1086   158      920.1048     1032.1316     7130   12.18%
*   224+  205                          920.1048     1032.1316            12.18%
    272   240     1032.1284   284      920.1048     1032.1314    11434   12.18%
    343   311     1027.9364   183      920.1048     1032.1314    13604   12.18%
*   485+  445                          922.1558     1032.1314            11.93%
*   486+  446                          922.1565     1032.1314            11.93%
    486   448     1032.1289   312      922.1565     1032.1312    17176   11.93%
*   487+  431                          949.9724     1032.1312             8.65%
*   487+  431                          949.9725     1032.1312             8.65%
*   487+  431                          949.9725     1032.1312             8.65%
*   487+  431                          949.9725     1032.1312             8.65%
*   487+  431                          949.9725     1032.1312             8.65%
    487   433     1032.1295   292      949.9725     1032.1306    17434    8.65%
    572   518     1000.8853   131      949.9725     1032.1303    19883    8.65%

Performing restart 1

Repeating presolve.
Tried aggregator 1 time.
MIP Presolve modified 1005 coefficients.
Reduced MIP has 1082 rows, 1299 columns, and 4584 nonzeros.
Reduced MIP has 1154 binaries, 94 generals, 0 SOSs, and 0 indicators.
Presolve time = 0.00 sec. (4.32 ticks)
Tried aggregator 1 time.
Reduced MIP has 1082 rows, 1299 columns, and 4584 nonzeros.
Reduced MIP has 1154 binaries, 94 generals, 0 SOSs, and 0 indicators.
Presolve time = 0.00 sec. (3.45 ticks)
Represolve time = 0.02 sec. (20.93 ticks)
    597     0     1032.1007   279      949.9725     Cuts: 193    23806    8.65%
    597     0     1031.5833   279      949.9725     Cuts: 179    25579    8.59%
    597     0     1030.8555   279      949.9725     Cuts: 168    26154    8.51%
*   597+    0                          949.9726     1030.8555             8.51%
    597     0     1029.9187   279      949.9726     Cuts: 150    26870    8.42%
    597     0     1029.2828   279      949.9726     Cuts: 198    27697    8.35%
    597     0     1028.4956   279      949.9726     Cuts: 149    28446    8.27%
*   597+    0                          949.9726     1028.4956             8.27%
*   597+    0                          949.9730     1028.4956             8.27%
*   597+    0                          949.9734     1028.4956             8.27%
*   597+    0                          949.9734     1028.4956             8.27%
    597     0        cutoff            949.9734     1028.4956    28446    8.27%
    597     0     1028.3828   279      949.9734     Cuts: 162    28861    8.25%
    597     0     1028.2973   279      949.9734     Cuts: 139    29386    8.24%
    597     0     1028.2815   279      949.9734     Cuts: 159    29719    8.24%
*   597+    0                          949.9734     1028.2815             8.24%
*   597+    0                          949.9734     1028.2815             8.24%
*   597+    0                          949.9735     1028.2815             8.24%
    597     0        cutoff            949.9735     1028.2815    29719    8.24%
    597     0     1028.2716   279      949.9735      Cuts: 84    29991    8.24%
    597     0     1028.2647   279      949.9735     Cuts: 110    30156    8.24%
    597     0     1028.2593   279      949.9735      Cuts: 56    30272    8.24%
    597     0     1028.2540   279      949.9735      Cuts: 38    30414    8.24%
    597     0     1028.2336   279      949.9735      Cuts: 61    30625    8.24%
*   597+    0                          949.9736     1028.2336             8.24%
*   597+    0                          949.9737     1028.2336             8.24%
    597     2     1028.2336   270      949.9737     1028.2271    30625    8.24%
    599     4     1028.1148   246      949.9737     1028.1130    31195    8.23%
    605    10     1025.7644   225      949.9737     1027.2803    36384    8.14%
Elapsed time = 7.44 sec. (8990.54 ticks, tree = 0.02 MB, solutions = 23)
    619    24     1020.2428   236      949.9737     1027.2803    42252    8.14%
    671    76     1010.4238   195      949.9737     1027.2803    46710    8.14%
    745   145     1015.1387   212      949.9737     1027.1176    55582    8.12%
    815   202     1022.0835   215      949.9737     1026.8768    65207    8.10%
    897   276      999.8545   195      949.9737     1026.7325    73485    8.08%
    980   350      972.0858   219      949.9737     1026.6787    82272    8.07%
   1086   445      999.6409   224      949.9737     1026.2101    91634    8.03%
   1212   563      974.5005   188      949.9737     1026.1944   101513    8.02%
   1248   588      980.5575   267      949.9737     1026.1412   109925    8.02%
   1388   716     1008.0840   229      949.9737     1025.9637   119579    8.00%
Elapsed time = 14.37 sec. (18622.12 ticks, tree = 0.64 MB, solutions = 23)
   1456   775     1012.1179   196      949.9737     1025.6979   130569    7.97%
   1542   857      972.6280   219      949.9737     1025.5688   140675    7.96%
   1622   931     1016.7860   162      949.9737     1025.2904   150715    7.93%
   1691   986      998.6465   219      949.9737     1025.0089   159434    7.90%
   1798  1080      959.7329   203      949.9737     1024.7780   168953    7.87%
*  1837+  892                          959.7010     1024.7780             6.78%
   1883   934     1004.6836   236      959.7010     1024.5851   177161    6.76%
*  1937+  984                          959.7013     1024.5851             6.76%
   1997  1036      960.5387   131      959.7013     1024.5096   184811    6.75%
   2089  1115     1011.1903   218      959.7013     1024.4105   191621    6.74%
*  2117+ 1045                          960.1844     1024.4105             6.69%
   2148  1069     1014.5838   220      960.1844     1024.3935   199842    6.69%
   2184  1099     1018.9332   265      960.1844     1024.3444   207338    6.68%
Elapsed time = 21.55 sec. (28272.72 ticks, tree = 1.00 MB, solutions = 26)
*  2217+ 1129                          960.1845     1024.3444             6.68%
*  2237+ 1073                          960.5742     1024.3444             6.64%
   2282  1113     1009.8369   254      960.5742     1024.2765   214562    6.63%
   2321  1148     1011.0539   208      960.5742     1024.2482   223115    6.63%
*  2337+ 1078                          971.2943     1024.1973             5.45%
   2375  1104      971.5157   215      971.2943     1024.1806   231295    5.44%
   2449  1168      979.7570   172      971.2943     1024.1206   241214    5.44%
   2521  1233      990.2669   241      971.2943     1024.0959   251070    5.44%
*  2537+  874                          990.2316     1024.0959             3.42%
   2578   907      990.6419   230      990.2316     1024.0864   258335    3.42%
*  2597+  846                          990.6802     1024.0549             3.37%
   2687   936      998.6453   194      990.6802     1023.9952   266221    3.36%
*  2697+  938                          990.6817     1023.8420             3.35%
   2733   968      998.6460   193      990.6817     1023.7526   275741    3.34%
   2764   987     1014.9064   236      990.6817     1023.6335   284060    3.33%
   2789  1004     1021.4967   243      990.6817     1023.5342   292404    3.32%
Elapsed time = 29.09 sec. (38058.06 ticks, tree = 0.96 MB, solutions = 32)
   2832  1039     1020.2639   210      990.6817     1023.4680   300166    3.31%
   2866  1065     1008.0944   249      990.6817     1023.4226   307810    3.30%
   2909  1095     1006.1825   294      990.6817     1023.2093   317575    3.28%
   2940  1110     1009.3719   228      990.6817     1023.0190   326149    3.26%
   3016  1171     1020.9771   250      990.6817     1022.9265   336225    3.25%
   3050  1192     1018.4626   223      990.6817     1022.8887   346160    3.25%
   3126  1250     1018.9263   242      990.6817     1022.6876   356539    3.23%
   3165  1282      995.9514   226      990.6817     1022.5297   365793    3.21%
   3193  1299      998.6492   253      990.6817     1022.4316   375543    3.20%
   3266  1358      990.7689   178      990.6817     1022.4227   386124    3.20%
Elapsed time = 36.50 sec. (47761.22 ticks, tree = 1.28 MB, solutions = 32)
   3322  1400     1018.8573   200      990.6817     1022.4095   395220    3.20%
   3384  1455      990.7773   231      990.6817     1022.3657   404596    3.20%
   3468  1523        cutoff            990.6817     1022.1846   413437    3.18%
   3511  1558     1008.7612   270      990.6817     1022.1759   422566    3.18%
   3564  1601     1014.1096   243      990.6817     1022.1153   431645    3.17%
   3586  1612     1006.7439   268      990.6817     1022.0834   440133    3.17%
   3641  1655      999.0779   222      990.6817     1022.0024   449027    3.16%
   3682  1679     1003.2023   214      990.6817     1021.8227   458551    3.14%
   3735  1712        cutoff            990.6817     1021.7127   468030    3.13%
   3783  1740     1017.9332   249      990.6817     1021.6676   478975    3.13%
Elapsed time = 43.89 sec. (57545.08 ticks, tree = 1.61 MB, solutions = 32)
   3842  1781     1006.7441   205      990.6817     1021.6092   489340    3.12%
   3903  1830      990.7163   250      990.6817     1021.5545   500319    3.12%
   3989  1898      994.1009   229      990.6817     1021.5086   510616    3.11%
   4028  1921     1012.0188   242      990.6817     1021.4707   520940    3.11%
   4069  1949      991.1522   229      990.6817     1021.4211   531807    3.10%
   4134  1993     1002.2642   241      990.6817     1021.3083   541959    3.09%
   4189  2037     1010.1636   115      990.6817     1021.2974   551495    3.09%
   4241  2070     1015.0516   243      990.6817     1021.2249   561168    3.08%
   4342  2148     1018.5009   261      990.6817     1021.1936   572286    3.08%
   4397  2191      992.4648   243      990.6817     1021.0902   582346    3.07%
Elapsed time = 51.43 sec. (67346.97 ticks, tree = 2.11 MB, solutions = 32)
   4446  2224     1010.0981   245      990.6817     1020.9938   594196    3.06%
   4488  2252      998.9748   216      990.6817     1020.9043   603101    3.05%
   4536  2284     1000.4775   239      990.6817     1020.8894   612588    3.05%
   4595  2329      997.7250   171      990.6817     1020.8352   621904    3.04%
*  4597+ 2329                          990.6818     1020.8352             3.04%
   4634  2352     1020.6525   271      990.6818     1020.7761   631036    3.04%
   4669  2374      995.3457   234      990.6818     1020.6741   641617    3.03%
*  4697+ 2385                          990.6819     1020.5902             3.02%
   4711  2395     1014.7173   244      990.6819     1020.5560   650256    3.02%
   4770  2440     1009.8940   171      990.6819     1020.5154   659093    3.01%
   4859  2511     1011.4643   245      990.6819     1020.4682   668621    3.01%
   4903  2536     1008.0526   205      990.6819     1020.4154   678739    3.00%
Elapsed time = 58.98 sec. (77294.04 ticks, tree = 2.41 MB, solutions = 34)
*  4967+ 2149                          990.9322     1020.4143             2.98%
*  4977+ 2159                          990.9322     1020.4143             2.98%
   4993  2175     1017.2935   226      990.9322     1020.3585   687547    2.97%
   5034  2208     1006.2709   220      990.9322     1020.2709   696515    2.96%
*  5077+  929                         1009.8704     1020.2493             1.03%
   5084   931     1013.0604   228     1009.8704     1020.2051   705515    1.02%
   5126   937        cutoff           1009.8704     1020.0874   715843    1.01%
   5169   944     1011.5457   239     1009.8704     1019.7852   727109    0.98%
   5216   952        cutoff           1009.8704     1019.6279   739645    0.97%
   5255   945     1012.6844   229     1009.8704     1019.3402   752089    0.94%
   5302   934        cutoff           1009.8704     1019.0479   764505    0.91%
   5342   929        cutoff           1009.8704     1018.9338   776262    0.90%
   5413   974     1016.5743   255     1009.8704     1018.9332   787790    0.90%
Elapsed time = 66.60 sec. (87110.31 ticks, tree = 1.01 MB, solutions = 37)
*  5457+  896                         1010.1481     1018.9331             0.87%
*  5457+  896                         1010.1484     1018.9331             0.87%
*  5467+  904                         1010.1487     1018.9331             0.87%
*  5487+  924                         1010.1487     1018.9331             0.87%
*  5497+  932                         1010.1489     1018.9331             0.87%
   5519   944        cutoff           1010.1489     1018.9328   797146    0.87%
*  5537+  957                         1010.1501     1018.9327             0.87%
   5559   957        cutoff           1010.1501     1018.9301   807682    0.87%
*  5597+  974                         1010.1502     1018.9292             0.87%
   5607   985     1010.1775   183     1010.1502     1018.9291   817825    0.87%
*  5697+ 1051                         1010.1506     1018.9272             0.87%
   5707  1057     1017.2452   233     1010.1506     1018.9264   828750    0.87%
   5760  1078     1010.1747   151     1010.1506     1018.9228   838422    0.87%
   5834  1113     1015.8749   229     1010.1506     1018.8033   847206    0.86%
   5884  1140     1010.1609    89     1010.1506     1018.7999   856604    0.86%
   5937  1148        cutoff           1010.1506     1018.6860   866290    0.84%
   5988  1158     1012.5840   211     1010.1506     1018.4925   877176    0.83%
   6178  1153        cutoff           1010.1506     1017.7388   917847    0.75%
Elapsed time = 76.53 sec. (99795.30 ticks, tree = 1.22 MB, solutions = 45)
   6376  1095     1014.4135   222     1010.1506     1016.9730   961921    0.68%
*  6597+ 1141                         1010.1507     1016.1735             0.60%
*  6697+ 1128                         1010.1508     1015.8065             0.56%
   6707  1140     1010.1759   155     1010.1508     1015.8065  1003657    0.56%
   7116  1086     1010.1734   194     1010.1508     1014.1146  1044836    0.39%

GUB cover cuts applied:  74
Clique cuts applied:  77
Cover cuts applied:  9
Implied bound cuts applied:  31
Flow cuts applied:  6
Mixed integer rounding cuts applied:  198
Zero-half cuts applied:  37
Lift and project cuts applied:  32
Gomory fractional cuts applied:  12

Root node processing (before b&c):
  Real time             =    0.37 sec. (450.75 ticks)
Sequential b&c:
  Real time             =   87.60 sec. (113889.51 ticks)
                          ------------
Total (root+branch&cut) =   87.97 sec. (114340.26 ticks)

Solution pool: 48 solutions saved.

MIP - Integer optimal, tolerance (0.0001/1e-06):  Objective =  1.0101507728e+03
Current MIP best bound =  1.0102064293e+03 (gap = 0.0556565, 0.01%)
Solution time =   87.97 sec.  Iterations = 1075806  Nodes = 7742 (906)
Deterministic time = 114340.27 ticks  (1299.81 ticks/sec)


Incumbent solution
Variable Name           Solution Value
F                          1070.000000
f1                            0.859227
f2                           58.990000
y136                          1.000000
y29                           1.000000
y222                          1.000000
y234                          1.000000
y306                          1.000000
y147                          1.000000
y224                          1.000000
y63                           1.000000
y73                           1.000000
y225                          1.000000
y2                            1.000000
y299                          1.000000
y232                          1.000000
y205                          1.000000
y50                           1.000000
y274                          1.000000
y80                           1.000000
y14                           1.000000
y54                           1.000000
y112                          1.000000
y245                          1.000000
y107                          1.000000
y270                          1.000000
y90                           1.000000
y76                           1.000000
y25                           1.000000
y66                           1.000000
y213                          1.000000
y97                           1.000000
y157                          1.000000
y167                          1.000000
y275                          1.000000
y246                          1.000000
y273                          1.000000
s148                          1.540000
s235                          1.590000
s182                          2.220000
s240                          2.290000
s91                           2.370000
s257                          2.380000
s267                          2.380000
s65                           2.390000
s164                          2.410000
s59                           2.430000
s229                          2.440000
s130                          2.460000
s136                          3.463556
s29                           3.473595
s222                          3.482759
s279                          2.550000
s134                          2.580000
s234                          3.563384
s306                          3.516081
s147                          3.560931
s202                          2.640000
s190                          2.650000
s253                          2.720000
s224                          3.504660
s188                          2.980000
s256                          2.980000
s22                           3.000000
s63                           3.576368
s73                           3.628959
s225                          3.683606
s2                            3.495802
s67                           3.070000
s268                          3.090000
s299                          3.611460
s6                            3.100000
s232                          4.004358
s216                          3.130000
s205                          3.676877
s260                          3.160000
s50                           3.827362
s93                           3.180000
s209                          3.180000
s274                          3.589795
s80                           3.879221
s14                           3.629110
s54                           4.760047
s112                          4.770504
s245                          4.813660
s79                           3.910000
s107                          4.818449
s270                          4.822558
s90                           4.944843
s76                           4.835902
s25                           4.801665
s66                           4.948265
s213                          5.046420
s97                           4.890323
s137                          4.070000
s157                          5.078316
s167                          4.874902
s275                          5.075649
s246                          4.913965
s273                          4.971510
x282x29x1                     1.000000
x282x222x1                    1.000000
x281x147x1                    1.000000
x291x234x1                    1.000000
x174x73x1                     2.000000
x132x232x1                    1.000000
x255x299x1                    1.000000
x255x205x1                    1.000000
x301x234x1                    1.000000
x187x50x1                     1.000000
x1x274x1                      1.000000
x189x222x2                    1.000000
x123x306x2                    2.000000
x132x14x2                     1.000000
x301x225x2                    1.000000
x230x80x2                     1.000000
x1x63x2                       1.000000
x180x232x2                    1.000000
x180x274x2                    1.000000
x49x299x2                     1.000000
x49x14x2                      1.000000
x203x63x2                     1.000000
x281x147x3                    1.000000
x226x29x3                     1.000000
x226x225x3                    1.000000
x291x136x3                    1.000000
x189x136x3                    1.000000
x43x224x3                     2.000000
x187x50x3                     1.000000
x230x80x3                     1.000000
x31x2x3                       2.000000
x203x205x3                    1.000000
x136x66x3                     1.000000
x136x273x3                    1.000000
x29x245x1                     1.000000
x29x97x3                      1.000000
x222x54x1                     1.000000
x222x54x2                     1.000000
x234x90x1                     1.000000
x234x213x1                    1.000000
x306x167x2                    1.000000
x306x246x2                    1.000000
x147x167x1                    1.000000
x147x275x3                    1.000000
x224x270x3                    1.000000
x224x25x3                     1.000000
x63x112x2                     2.000000
x73x97x1                      1.000000
x73x246x1                     1.000000
x225x273x2                    1.000000
x225x66x3                     1.000000
x2x245x3                      1.000000
x2x275x3                      1.000000
x299x90x1                     1.000000
x299x107x2                    1.000000
x232x0x1                      1.000000
x232x0x2                      1.000000
x205x76x1                     1.000000
x205x76x3                     1.000000
x50x157x1                     1.000000
x50x157x3                     1.000000
x274x107x1                    1.000000
x274x25x2                     1.000000
x80x0x2                       1.000000
x80x213x3                     1.000000
x14x0x2                       1.000000
x14x270x2                     1.000000
x54x0x1                       1.000000
x54x0x2                       1.000000
x112x0x2                      2.000000
x245x0x1                      1.000000
x245x0x3                      1.000000
x107x0x1                      1.000000
x107x0x2                      1.000000
x270x0x2                      1.000000
x270x0x3                      1.000000
x90x0x1                       2.000000
x76x0x1                       1.000000
x76x0x3                       1.000000
x25x0x2                       1.000000
x25x0x3                       1.000000
x66x0x3                       2.000000
x213x0x1                      1.000000
x213x0x3                      1.000000
x97x0x1                       1.000000
x97x0x3                       1.000000
x157x0x1                      1.000000
x157x0x3                      1.000000
x167x0x1                      1.000000
x167x0x2                      1.000000
x275x0x3                      2.000000
x246x0x1                      1.000000
x246x0x2                      1.000000
x273x0x2                      1.000000
x273x0x3                      1.000000
s282                          2.115663
z282z29z1                     1.000000
z282z222z1                    1.000000
z282z90z1                     1.000000
s281                          1.995178
z281z147z1                    1.000000
z281z147z3                    1.000000
z281z90z1                     1.000000
z281z66z3                     1.000000
z281z137z3                    1.000000
z281z275z3                    1.000000
s226                          2.111397
z226z29z3                     1.000000
z226z225z3                    1.000000
z226z66z3                     1.000000
z226z137z3                    1.000000
z226z275z3                    1.000000
s291                          2.113135
z291z136z3                    1.000000
z291z234z1                    1.000000
z291z90z1                     1.000000
z291z66z3                     1.000000
z291z137z3                    1.000000
z291z275z3                    1.000000
s174                          2.141169
z174z73z1                     1.000000
z174z90z1                     1.000000
s189                          2.126256
z189z136z3                    1.000000
z189z222z2                    1.000000
z189z112z2                    1.000000
z189z66z3                     1.000000
z189z137z3                    1.000000
z189z275z3                    1.000000
s123                          2.152763
z123z306z2                    1.000000
z123z112z2                    1.000000
s132                          2.185948
z132z232z1                    1.000000
z132z14z2                     1.000000
z132z112z2                    1.000000
z132z90z1                     1.000000
s255                          2.169120
z255z299z1                    1.000000
z255z205z1                    1.000000
z255z90z1                     1.000000
s301                          2.190204
z301z234z1                    1.000000
z301z225z2                    1.000000
z301z112z2                    1.000000
z301z90z1                     1.000000
s43                           2.106775
z43z224z3                     1.000000
z43z275z3                     1.000000
s187                          2.323592
z187z50z1                     1.000000
z187z50z3                     1.000000
z187z90z1                     1.000000
z187z66z3                     1.000000
z187z137z3                    1.000000
z187z275z3                    1.000000
s230                          2.379766
z230z80z2                     1.000000
z230z80z3                     1.000000
s1                            2.150555
z1z63z2                       1.000000
z1z274z1                      1.000000
z1z112z2                      1.000000
z1z90z1                       1.000000
s180                          2.153376
z180z232z2                    1.000000
z180z274z2                    1.000000
z180z14z2                     1.000000
z180z112z2                    1.000000
s49                           2.143866
z49z299z2                     1.000000
z49z14z2                      1.000000
z49z112z2                     1.000000
s31                           2.057573
z31z224z3                     1.000000
z31z2z3                       1.000000
z31z66z3                      1.000000
z31z275z3                     1.000000
s203                          2.074924
z203z63z2                     1.000000
z203z205z3                    1.000000
z203z112z2                    1.000000
z203z275z3                    1.000000
z136z66z3                     1.000000
z136z275z3                    1.000000
z136z273z3                    1.000000
z29z245z1                     1.000000
z29z97z3                      1.000000
z222z54z1                     1.000000
z222z54z2                     1.000000
z234z90z1                     1.000000
z234z213z1                    1.000000
z306z167z2                    1.000000
z306z246z2                    1.000000
z147z167z1                    1.000000
z147z275z3                    1.000000
z224z270z3                    1.000000
z224z25z3                     1.000000
z63z112z2                     1.000000
z73z97z1                      1.000000
z73z246z1                     1.000000
z225z66z3                     1.000000
z225z273z2                    1.000000
z2z245z3                      1.000000
z2z275z3                      1.000000
z299z107z2                    1.000000
z299z90z1                     1.000000
z205z76z1                     1.000000
z205z76z3                     1.000000
z50z157z1                     1.000000
z50z157z3                     1.000000
z274z107z1                    1.000000
z274z25z2                     1.000000
z80z213z3                     1.000000
z14z270z2                     1.000000
All other variables in the range 1-4074 are 0.
