
Log started (V12.10.0.0) Fri Apr  9 06:43:51 2021


Problem 'asset.lp' read.
Read time = 0.19 sec. (15.97 ticks)
New value for default parallel thread count: 1
New value for time limit in seconds: 600
Version identifier: 12.10.0.0 | 2019-11-26 | 843d4de
CPXPARAM_Threads                                 1
CPXPARAM_TimeLimit                               600
Found incumbent of value 0.000000 after 0.00 sec. (3.22 ticks)
Tried aggregator 3 times.
MIP Presolve eliminated 82674 rows and 32366 columns.
MIP Presolve modified 66757 coefficients.
Aggregator did 26593 substitutions.
Reduced MIP has 24120 rows, 36705 columns, and 212013 nonzeros.
Reduced MIP has 31773 binaries, 4184 generals, 0 SOSs, and 0 indicators.
Presolve time = 0.67 sec. (578.38 ticks)
Probing fixed 319 vars, tightened 244 bounds.
Probing time = 0.77 sec. (450.50 ticks)
Tried aggregator 3 times.
Detecting symmetries...
MIP Presolve eliminated 2272 rows and 1774 columns.
MIP Presolve modified 10568 coefficients.
Aggregator did 57 substitutions.
Reduced MIP has 21787 rows, 34874 columns, and 202379 nonzeros.
Reduced MIP has 30042 binaries, 4152 generals, 0 SOSs, and 0 indicators.
Presolve time = 0.39 sec. (361.84 ticks)
Probing fixed 0 vars, tightened 3 bounds.
Probing time = 0.04 sec. (25.05 ticks)
Clique table members: 123540.
MIP emphasis: balance optimality and feasibility.
MIP search method: dynamic search.
Parallel mode: none, using 1 thread.
Root relaxation solution time = 4.09 sec. (4602.58 ticks)

        Nodes                                         Cuts/
   Node  Left     Objective  IInf  Best Integer    Best Bound    ItCnt     Gap

*     0+    0                            0.0000     5452.0000              --- 
      0     0     4818.2063  1715        0.0000     4818.2063    12025     --- 
      0     0     4756.1651  1715        0.0000    Cuts: 5546    26340     --- 
      0     0     4732.9664  1715        0.0000    Cuts: 5546    51490     --- 
      0     0     4720.6066  1715        0.0000    Cuts: 5546    71133     --- 
      0     0     4714.9471  1715        0.0000    Cuts: 5406    86987     --- 
      0     0     4711.8479  1715        0.0000    Cuts: 5045    97673     --- 
      0     0     4709.4658  1715        0.0000    Cuts: 4669   107840     --- 
      0     0     4706.8789  1715        0.0000    Cuts: 4641   118558     --- 
      0     0     4703.8681  1715        0.0000    Cuts: 5059   134974     --- 
      0     0     4699.7273  1715        0.0000    Cuts: 5546   144464     --- 
      0     0     4696.9886  1715        0.0000    Cuts: 5046   154723     --- 
      0     0     4693.7084  1715        0.0000    Cuts: 4793   182467     --- 
      0     0     4692.1649  1715        0.0000    Cuts: 5546   197089     --- 
      0     0     4687.9368  1715        0.0000    Cuts: 4666   215524     --- 
      0     0     4686.8502  1715        0.0000    Cuts: 5546   236338     --- 
      0     0     4686.3116  1715        0.0000    Cuts: 5546   254801     --- 
      0     0     4685.8524  1715        0.0000    Cuts: 4805   259961     --- 
      0     0     4685.4626  1715        0.0000    Cuts: 3483   268533     --- 
Heuristic still looking.
Detecting symmetries...
      0     2     4685.4626  1721        0.0000     4685.3842   268533     --- 
Elapsed time = 457.64 sec. (575289.45 ticks, tree = 0.01 MB, solutions = 0)
      1     3     4685.1675  1718        0.0000     4685.1584   269182     --- 
      2     4     4683.7004  1867        0.0000     4685.1584   273962     --- 
      3     5     4680.8047  1873        0.0000     4685.1584   278613     --- 
      4     6     4684.7192  1727        0.0000     4684.6763   279048     --- 
      5     7     4684.6518  1712        0.0000     4684.5400   279739     --- 
      6     8     4683.9783  1715        0.0000     4684.5400   281528     --- 
      7     9     4671.1667  1742        0.0000     4684.2824   283827     --- 
      8    10     4673.1563  1735        0.0000     4684.2824   285829     --- 
      9    11     4683.1649  1677        0.0000     4684.2824   286228     --- 
     12    14     4676.1841  1690        0.0000     4684.2824   287718     --- 
Elapsed time = 474.19 sec. (594802.69 ticks, tree = 0.32 MB, solutions = 0)
     14    16     4675.8229  1899        0.0000     4684.2824   294532     --- 
     15    17     4680.0259  1732        0.0000     4684.2824   296784     --- 
     20    22     4677.7604  1710        0.0000     4684.2824   297916     --- 
     23    25     4668.2236  1686        0.0000     4684.2824   299785     --- 
     28    30     4656.3853  1709        0.0000     4684.2824   301715     --- 
     32    34     4633.0706  1686        0.0000     4684.2824   303363     --- 
     40    42     4521.8208  1617        0.0000     4684.2824   304960     --- 
     61    53     4498.6992  1594        0.0000     4684.2824   306474     --- 
     70    56     4495.8142  1577        0.0000     4684.2824   307551     --- 
     76    58     4486.6490  1688        0.0000     4684.2824   310977     --- 
Elapsed time = 494.94 sec. (622484.41 ticks, tree = 1.68 MB, solutions = 0)
     80    62     4483.8431  1708        0.0000     4684.2824   315467     --- 
     81    63     4411.4138  1637        0.0000     4684.2824   322436     --- 
     84    66     4409.3903  1614        0.0000     4684.2824   326858     --- 
     85    67     4271.4672  1603        0.0000     4684.2824   334818     --- 
     87    69     4386.7858  1650        0.0000     4684.2824   340398     --- 
     89    71     4407.5530  1581        0.0000     4684.2824   344047     --- 
     90    72     4329.4630  1563        0.0000     4684.2824   352410     --- 
     91    73     4406.8713  1616        0.0000     4684.2824   355234     --- 
     92    74     4275.1791  1612        0.0000     4684.2824   364700     --- 
     94    76     4406.2898  1504        0.0000     4684.2824   366666     --- 
Elapsed time = 524.88 sec. (663083.17 ticks, tree = 1.96 MB, solutions = 0)
     95    77     4404.9226  1628        0.0000     4684.2824   369888     --- 
     96    78     4272.8796  1586        0.0000     4684.2824   376143     --- 
    103    85     4241.3917  1633        0.0000     4684.2824   382243     --- 
    104    86     4397.0314  1595        0.0000     4684.2824   385520     --- 
    105    87     4279.1599  1527        0.0000     4684.2824   391973     --- 
    108    90     4262.8540  1474        0.0000     4684.2824   394200     --- 
    111    91     4260.3121  1450        0.0000     4684.2824   396540     --- 
    114    94     4251.5190  1476        0.0000     4684.2824   398491     --- 
    116    94     4245.4982  1437        0.0000     4684.2824   400605     --- 
    119    95     4236.6958  1460        0.0000     4684.2824   402360     --- 
Elapsed time = 542.22 sec. (686265.99 ticks, tree = 3.30 MB, solutions = 0)
    121    97     4172.3903  1522        0.0000     4684.2824   409515     --- 
    125    99     4228.3773  1398        0.0000     4684.2824   410424     --- 
    129   101     4221.6959  1462        0.0000     4684.2824   412070     --- 
    133   103     4156.8179  1427        0.0000     4684.2824   413542     --- 
    136   106     4214.3831  1454        0.0000     4684.2824   415123     --- 
    137   107     4173.2500  1437        0.0000     4684.2824   417071     --- 
    138   108     4213.4883  1532        0.0000     4684.2824   419838     --- 
    140   108     4211.1422  1462        0.0000     4684.2824   424693     --- 
    142   110     4199.6526  1566        0.0000     4684.2824   431405     --- 
    143   109        cutoff              0.0000     4684.2824   433233     --- 
Elapsed time = 559.79 sec. (710295.06 ticks, tree = 5.26 MB, solutions = 0)
    146   108     4679.5564  1822        0.0000     4683.6884   438717     --- 
    148   110     4678.0316  1799        0.0000     4683.6884   440071     --- 
    150   112     4613.7680  1783        0.0000     4683.6884   446932     --- 
    151   113     4677.1055  1881        0.0000     4683.6884   452278     --- 
    152   114     4620.7349  1874        0.0000     4683.6884   458380     --- 
    153   115     4677.1055  1877        0.0000     4683.6884   458400     --- 
    155   117     4676.2506  1847        0.0000     4683.6884   458879     --- 
    157   119     4672.2927  1844        0.0000     4683.6884   460174     --- 
    159   121     4661.0159  1828        0.0000     4683.6884   461965     --- 
    161   123     4672.1608  1807        0.0000     4683.6884   462320     --- 
Elapsed time = 587.55 sec. (744397.32 ticks, tree = 5.26 MB, solutions = 0)
    162   124     4659.1901  1825        0.0000     4683.6884   464100     --- 
    164   126     4642.6889  1819        0.0000     4683.6884   465970     --- 
    166   128     4638.7057  1850        0.0000     4683.6884   469123     --- 
    168   130     4663.8845  1822        0.0000     4683.6884   470282     --- 
    170   132     4661.6772  1821        0.0000     4683.6884   472222     --- 
    172   134     4659.3109  1827        0.0000     4683.6884   474304     --- 

Clique cuts applied:  73
Cover cuts applied:  17
Implied bound cuts applied:  545
Flow cuts applied:  44
Mixed integer rounding cuts applied:  388
Zero-half cuts applied:  173
Lift and project cuts applied:  5
Gomory fractional cuts applied:  6

Root node processing (before b&c):
  Real time             =  457.14 sec. (574882.91 ticks)
Sequential b&c:
  Real time             =  142.87 sec. (183570.20 ticks)
                          ------------
Total (root+branch&cut) =  600.01 sec. (758453.11 ticks)

Solution pool: 1 solution saved.

MIP - Time limit exceeded, integer feasible:  Objective =  0.0000000000e+00
Current MIP best bound =  4.6836884487e+03 (gap = 4683.69, 4.7e+15%)
Solution time =  600.01 sec.  Iterations = 475199  Nodes = 174 (135)
Deterministic time = 758453.38 ticks  (1264.07 ticks/sec)


Incumbent solution
Variable Name           Solution Value
s4                            4.040000
s5                            4.440000
s7                            4.280000
s8                            3.460000
s9                            3.680000
s10                           3.770000
s12                           3.980000
s13                           4.430000
s14                           4.480000
s21                           5.440000
s22                           1.780000
s24                           5.360000
s27                           1.540000
s31                           5.960000
s33                           3.830000
s36                           3.420000
s38                           5.280000
s41                           1.810000
s42                           3.520000
s44                           3.940000
s46                           1.650000
s48                           3.890000
s49                           3.660000
s50                           4.570000
s51                           1.850000
s53                           1.190000
s54                           4.540000
s55                           2.500000
s57                           2.270000
s59                           2.440000
s60                           1.680000
s61                           2.410000
s62                           3.940000
s63                           2.980000
s64                           1.410000
s65                           3.380000
s68                           3.800000
s69                           0.430000
s70                           4.080000
s71                           0.320000
s72                           5.710000
s73                           4.470000
s74                           1.640000
s79                           3.650000
s80                           3.670000
s81                           3.970000
s82                           1.370000
s84                           0.480000
s85                           3.570000
s86                           5.420000
s87                           1.300000
s90                           0.290000
s91                           4.000000
s93                           3.450000
s94                           0.310000
s95                           4.070000
s97                           3.790000
s98                           3.950000
s99                           3.860000
s100                          1.210000
s101                          2.490000
s102                          2.640000
s103                          4.110000
s104                          3.860000
s107                          0.150000
s108                          3.640000
s109                          1.220000
s110                          5.750000
s112                          3.900000
s113                          3.020000
s114                          2.570000
s115                          1.470000
s116                          4.050000
s117                          1.700000
s118                          3.460000
s120                          2.460000
s122                          0.300000
s123                          3.340000
s124                          5.900000
s125                          4.410000
s127                          2.320000
s128                          3.620000
s129                          4.210000
s130                          3.290000
s132                          4.050000
s133                          2.180000
s134                          4.210000
s136                          2.500000
s137                          3.940000
s138                          2.220000
s140                          5.790000
s141                          1.280000
s142                          0.340000
s143                          3.980000
s144                          5.790000
s145                          0.290000
s146                          4.300000
s149                          3.700000
s154                          3.100000
s156                          0.450000
s157                          1.770000
s158                          1.060000
s159                          3.980000
s160                          1.300000
s164                          0.960000
s165                          4.200000
s167                          3.000000
s170                          2.300000
s172                          3.780000
s173                          4.110000
s175                          1.330000
s176                          1.490000
s178                          3.620000
s179                          3.810000
s180                          1.920000
s181                          3.170000
s182                          4.370000
s186                          3.010000
s188                          3.140000
s189                          3.280000
s190                          1.130000
s192                          4.100000
s193                          4.460000
s194                          5.120000
s195                          3.740000
s197                          4.280000
s199                          3.860000
s200                          5.770000
s201                          5.350000
s203                          5.960000
s205                          1.200000
s207                          3.070000
s208                          3.890000
s209                          3.050000
s212                          4.130000
s214                          0.170000
s215                          1.260000
s216                          1.910000
s218                          0.210000
s219                          3.280000
s220                          0.350000
s222                          3.080000
s223                          4.450000
s225                          3.850000
s226                          4.190000
s227                          2.490000
s228                          4.120000
s229                          3.880000
s230                          3.120000
s231                          3.870000
s232                          1.670000
s235                          0.290000
s236                          4.150000
t1                            7.820000
t2                            7.390000
t3                            7.100000
t11                           8.460000
t14                           4.480000
t15                           7.160000
t16                           7.010000
t17                           5.880000
t18                           7.240000
t19                           5.940000
t20                           7.940000
t23                           7.940000
t26                           7.830000
t28                           6.010000
t29                           6.920000
t31                           5.960000
t32                           5.670000
t33                           3.830000
t34                           7.160000
t38                           4.550000
t39                           7.480000
t40                           5.570000
t43                           7.290000
t45                           5.490000
t50                           4.570000
t54                           4.540000
t56                           7.360000
t58                           8.460000
t66                           7.370000
t67                           6.370000
t68                           3.800000
t72                           5.710000
t75                           7.140000
t76                           7.830000
t77                           8.260000
t78                           5.680000
t83                           7.250000
t88                           7.210000
t89                           7.430000
t92                           6.480000
t96                           7.890000
t105                          8.110000
t106                          7.610000
t108                          3.640000
t110                          5.750000
t119                          8.330000
t124                          5.900000
t125                          4.410000
t126                          6.080000
t131                          7.340000
t135                          5.530000
t139                          7.310000
t140                          5.790000
t144                          5.790000
t147                          6.120000
t148                          6.460000
t149                          3.700000
t150                          7.570000
t151                          8.070000
t153                          7.180000
t155                          7.820000
t162                          8.070000
t163                          7.270000
t168                          8.420000
t172                          3.780000
t177                          6.170000
t182                          4.370000
t183                          7.000000
t184                          7.390000
t185                          7.200000
t187                          8.410000
t193                          4.460000
t194                          4.450000
t195                          3.740000
t196                          6.750000
t198                          7.350000
t200                          5.770000
t203                          5.960000
t206                          5.410000
t211                          7.830000
t213                          7.330000
t217                          7.710000
t221                          7.450000
t224                          7.220000
t229                          3.870000
t233                          7.350000
t234                          6.220000
t237                          7.520000
u2                            7.430000
u3                            7.690000
u6                            8.080000
u9                            3.680000
u10                           3.770000
u12                           3.980000
u15                           7.780000
u17                           6.960000
u18                           8.370000
u19                           7.040000
u23                           7.650000
u24                           5.140000
u25                           8.380000
u28                           7.100000
u30                           6.610000
u32                           6.550000
u33                           3.790000
u34                           7.700000
u35                           6.180000
u37                           6.310000
u38                           5.280000
u39                           7.550000
u40                           6.520000
u42                           3.520000
u44                           3.940000
u45                           6.380000
u47                           8.290000
u48                           3.890000
u49                           3.660000
u52                           6.450000
u62                           3.940000
u66                           7.720000
u67                           7.250000
u68                           3.720000
u76                           7.770000
u77                           7.840000
u78                           6.680000
u79                           3.650000
u80                           3.670000
u81                           3.970000
u83                           7.860000
u85                           3.570000
u86                           5.130000
u89                           7.860000
u92                           7.300000
u96                           7.720000
u97                           3.790000
u98                           3.950000
u99                           3.860000
u104                          3.860000
u105                          7.740000
u108                          3.570000
u112                          3.900000
u119                          7.890000
u121                          6.420000
u126                          7.350000
u128                          3.620000
u135                          6.540000
u137                          3.940000
u143                          3.980000
u147                          7.180000
u148                          7.250000
u149                          3.590000
u151                          7.700000
u153                          7.630000
u159                          3.980000
u161                          8.030000
u162                          7.600000
u166                          6.630000
u169                          8.000000
u171                          6.480000
u172                          3.750000
u174                          6.710000
u177                          7.420000
u178                          3.620000
u179                          3.810000
u184                          7.660000
u185                          8.300000
u194                          5.120000
u195                          3.640000
u199                          3.860000
u204                          6.750000
u206                          6.220000
u208                          3.890000
u210                          8.470000
u211                          7.680000
u213                          8.470000
u217                          7.710000
u224                          7.780000
u225                          3.850000
u229                          3.880000
u231                          3.870000
u234                          7.500000
u237                          7.450000
v2                            7.990000
v4                            4.040000
v5                            4.440000
v6                            8.070000
v7                            4.280000
v9                            3.680000
v10                           3.770000
v12                           3.980000
v13                           4.430000
v21                           5.440000
v23                           7.900000
v24                           5.360000
v25                           8.160000
v30                           6.450000
v33                           3.790000
v35                           6.330000
v37                           6.330000
v39                           8.140000
v42                           3.520000
v44                           3.940000
v47                           8.180000
v48                           3.890000
v49                           3.660000
v52                           6.480000
v54                           4.240000
v62                           3.940000
v68                           3.720000
v70                           4.080000
v73                           4.470000
v76                           8.230000
v77                           7.960000
v79                           3.650000
v80                           3.670000
v81                           3.970000
v85                           3.570000
v86                           5.420000
v91                           4.000000
v95                           4.070000
v96                           8.070000
v97                           3.790000
v98                           3.950000
v99                           3.860000
v103                          4.110000
v104                          3.860000
v105                          7.910000
v108                          3.570000
v111                          8.310000
v112                          3.900000
v116                          4.050000
v119                          7.980000
v121                          6.390000
v128                          3.620000
v129                          4.210000
v132                          4.050000
v134                          4.210000
v137                          3.940000
v143                          3.980000
v146                          4.300000
v149                          3.590000
v151                          7.870000
v152                          8.250000
v159                          3.980000
v161                          7.900000
v162                          7.680000
v165                          4.200000
v166                          6.440000
v169                          7.990000
v171                          6.380000
v172                          3.750000
v173                          4.110000
v174                          6.530000
v178                          3.620000
v179                          3.810000
v184                          8.420000
v191                          8.380000
v192                          4.100000
v195                          3.640000
v197                          4.280000
v199                          3.860000
v201                          5.350000
v202                          8.250000
v204                          6.470000
v208                          3.890000
v210                          8.200000
v211                          8.060000
v212                          4.130000
v217                          8.210000
v223                          4.450000
v225                          3.850000
v226                          4.190000
v228                          4.120000
v229                          3.880000
v231                          3.870000
v236                          4.150000
v237                          7.900000
All other variables in the range 1-95683 are 0.
