
Log started (V12.10.0.0) Fri Apr  2 08:43:02 2021


Problem 'asset.lp' read.
Read time = 0.01 sec. (0.23 ticks)
New value for default parallel thread count: 1
New value for time limit in seconds: 300
Version identifier: 12.10.0.0 | 2019-11-26 | 843d4de
CPXPARAM_Threads                                 1
CPXPARAM_TimeLimit                               300
Found incumbent of value -0.879640 after 0.00 sec. (0.11 ticks)
Tried aggregator 3 times.
MIP Presolve eliminated 741 rows and 558 columns.
MIP Presolve modified 1913 coefficients.
Aggregator did 638 substitutions.
Reduced MIP has 756 rows, 879 columns, and 3741 nonzeros.
Reduced MIP has 784 binaries, 60 generals, 0 SOSs, and 0 indicators.
Presolve time = 0.01 sec. (9.81 ticks)
Probing fixed 78 vars, tightened 7 bounds.
Probing time = 0.00 sec. (2.81 ticks)
Cover probing fixed 0 vars, tightened 14 bounds.
Tried aggregator 1 time.
MIP Presolve eliminated 101 rows and 101 columns.
MIP Presolve modified 42 coefficients.
Reduced MIP has 655 rows, 778 columns, and 3055 nonzeros.
Reduced MIP has 690 binaries, 53 generals, 0 SOSs, and 0 indicators.
Presolve time = 0.00 sec. (2.92 ticks)
Probing time = 0.00 sec. (2.16 ticks)
Tried aggregator 1 time.
Detecting symmetries...
MIP Presolve modified 402 coefficients.
Reduced MIP has 655 rows, 778 columns, and 3055 nonzeros.
Reduced MIP has 690 binaries, 53 generals, 0 SOSs, and 0 indicators.
Presolve time = 0.00 sec. (2.19 ticks)
Probing time = 0.00 sec. (2.13 ticks)
Clique table members: 2021.
MIP emphasis: balance optimality and feasibility.
MIP search method: dynamic search.
Parallel mode: none, using 1 thread.
Root relaxation solution time = 0.01 sec. (10.13 ticks)

        Nodes                                         Cuts/
   Node  Left     Objective  IInf  Best Integer    Best Bound    ItCnt     Gap

*     0+    0                           -0.8796      176.5779              --- 
      0     0      172.3343   215       -0.8796      172.3343      476     --- 
      0     0      168.6626   215       -0.8796     Cuts: 263     1016     --- 
      0     0      166.7836   215       -0.8796     Cuts: 263     1400     --- 
      0     0      166.2866   215       -0.8796     Cuts: 210     1612     --- 
      0     0      166.1563   215       -0.8796     Cuts: 172     1748     --- 
      0     0      165.9716   215       -0.8796     Cuts: 185     1924     --- 
Detecting symmetries...
      0     0      165.8372   215       -0.8796     Cuts: 109     2052     --- 
      0     0      165.7470   215       -0.8796     Cuts: 104     2158     --- 
      0     0      165.6783   215       -0.8796     Cuts: 114     2272     --- 
      0     0      165.6198   215       -0.8796      Cuts: 96     2387     --- 
*     0+    0                           43.0934      165.6198           284.33%
      0     0        cutoff             43.0934      165.6198     2387  284.33%
      0     0      165.5792   215       43.0934      Cuts: 95     2464  284.23%
      0     0      165.4419   215       43.0934      Cuts: 89     2582  283.91%
      0     0      165.1947   215       43.0934      Cuts: 89     2776  283.34%
      0     0      164.9839   215       43.0934      Cuts: 93     2937  282.85%
      0     0      164.8390   215       43.0934      Cuts: 96     3071  282.52%
      0     0      164.8104   215       43.0934      Cuts: 94     3157  282.45%
      0     0      164.7886   215       43.0934      Cuts: 89     3228  282.40%
      0     0      164.7288   215       43.0934      Cuts: 76     3277  282.26%
      0     0      164.6873   215       43.0934      Cuts: 50     3331  282.16%
      0     0      164.5963   215       43.0934      Cuts: 57     3452  281.95%
      0     0      164.5571   215       43.0934      Cuts: 93     3555  281.86%
      0     0      164.5137   215       43.0934      Cuts: 94     3680  281.76%
      0     0      164.5113   215       43.0934      Cuts: 51     3739  281.76%
*     0+    0                           46.1525      164.5113           256.45%
*     0+    0                           46.1525      164.5113           256.45%
*     0+    0                           66.4161      164.5113           147.70%
*     0+    0                           85.4402      164.5113            92.55%
      0     0        cutoff             85.4402      164.5113     3739   92.55%
Detecting symmetries...
      0     2      164.5113   224       85.4402      164.5112     3739   92.55%
Elapsed time = 0.48 sec. (483.80 ticks, tree = 0.01 MB, solutions = 5)
*    10+   10                          135.8865      164.3947            20.98%
     84    78      164.1608   194      135.8865      164.3675     8808   20.96%
    187   164      138.2675    60      135.8865      164.3675    14426   20.96%
    253   215      163.4111   172      135.8865      164.3443    20772   20.94%
    326   279      160.7813   158      135.8865      164.3443    27156   20.94%
    461   406      157.2371   126      135.8865      164.3395    33466   20.94%

Performing restart 1

Repeating presolve.
Tried aggregator 1 time.
MIP Presolve modified 429 coefficients.
Reduced MIP has 655 rows, 778 columns, and 2724 nonzeros.
Reduced MIP has 690 binaries, 53 generals, 0 SOSs, and 0 indicators.
Presolve time = 0.00 sec. (2.68 ticks)
Tried aggregator 1 time.
Reduced MIP has 655 rows, 778 columns, and 2724 nonzeros.
Reduced MIP has 690 binaries, 53 generals, 0 SOSs, and 0 indicators.
Presolve time = 0.00 sec. (2.15 ticks)
Represolve time = 0.02 sec. (14.29 ticks)
    472     0      162.0610   209      135.8865     Cuts: 144    36323   19.26%
    472     0      160.6681   209      135.8865     Cuts: 131    36852   18.24%
    472     0      160.0716   209      135.8865     Cuts: 173    37280   17.80%
*   472+    0                          135.8865      160.0716            17.80%
    472     0        cutoff            135.8865      160.0716    37280   17.80%
    472     0      159.9221   209      135.8865     Cuts: 154    37627   17.69%
    472     0      159.7462   209      135.8865     Cuts: 147    38024   17.56%
    472     0      159.4212   209      135.8865      Cuts: 99    38352   17.32%
    472     0      159.2536   209      135.8865     Cuts: 131    38619   17.20%
    472     0      158.9535   209      135.8865     Cuts: 110    39034   16.98%
    472     0      158.7426   209      135.8865      Cuts: 95    39299   16.82%
    472     0      158.7191   209      135.8865     Cuts: 101    39428   16.80%
    472     0      158.7006   209      135.8865      Cuts: 67    39515   16.79%
    472     0      158.6715   209      135.8865      Cuts: 81    39622   16.77%
    472     0      158.6668   209      135.8865      Cuts: 46    39671   16.76%
    472     0      158.6546   209      135.8865      Cuts: 29    39748   16.76%
    472     0      158.6512   209      135.8865      Cuts: 46    39801   16.75%
    472     0      158.6379   209      135.8865      Cuts: 25    39869   16.74%
    472     0      158.5981   209      135.8865      Cuts: 50    39991   16.71%
    472     0      158.5839   209      135.8865      Cuts: 49    40083   16.70%
    472     0      158.5675   209      135.8865      Cuts: 51    40152   16.69%
    472     0      158.5443   209      135.8865      Cuts: 54    40287   16.67%
    472     0      158.5421   209      135.8865      Cuts: 49    40352   16.67%
    472     0      158.5420   209      135.8865      Cuts: 40    40425   16.67%
    472     2      158.5420   188      135.8865      158.5417    40425   16.67%
    475     5      157.1767   167      135.8865      157.5086    41468   15.91%
    478     8      156.9797   160      135.8865      157.5086    41847   15.91%
    483    13      156.8796   129      135.8865      157.5086    43016   15.91%
*   532+   54                          136.7276      157.5086            15.20%
*   542+   64                          136.7291      157.5086            15.20%
*   551    72      integral     0      136.7294      157.5086    46444   15.20%
*   552    71      integral     0      136.7295      157.5086    46446   15.20%
    561    80      155.6873   132      136.7295      157.1152    47802   14.91%
Elapsed time = 5.06 sec. (5973.30 ticks, tree = 0.45 MB, solutions = 11)
*   652+  161                          136.7295      157.0984            14.90%
    731   233      146.1568   123      136.7295      156.8750    56356   14.73%
    913   382      152.1477   144      136.7295      156.5078    66739   14.47%
*  1022+  436                          137.0878      156.4608            14.13%
*  1032+  426                          141.1732      156.4608            10.83%
   1094   476      146.9770   108      141.1732      156.4137    77065   10.80%
*  1132+  502                          141.1737      156.3036            10.72%
   1232   567      155.2524   117      141.1737      156.0240    86543   10.52%
   1393   702      148.4339   117      141.1737      155.8424    96462   10.39%
   1500   776      153.8725   137      141.1737      155.6793   105774   10.28%
   1624   852      150.7399   135      141.1737      155.5642   116185   10.19%
   1758   944      151.1443   106      141.1737      155.4213   127420   10.09%
   1907  1060      152.2929   131      141.1737      155.2618   138884    9.98%
   2113  1206        cutoff            141.1737      155.0491   153424    9.83%
Elapsed time = 12.89 sec. (15643.41 ticks, tree = 4.88 MB, solutions = 15)
   2255  1311        cutoff            141.1737      154.8637   166531    9.70%
*  2262+ 1259                          142.0694      154.8637             9.01%
*  2272+ 1269                          142.0705      154.8637             9.00%
*  2281  1277      integral     0      142.0714      154.8637   167025    9.00%
*  2282+ 1276                          142.0714      154.8637             9.00%
*  2382+ 1355                          142.0715      154.8471             8.99%
   2461  1411      147.3360   126      142.0715      154.7791   178899    8.94%
*  2472+ 1307                          143.5891      154.7791             7.79%
*  2572+ 1371                          143.5908      154.6871             7.73%
   2595  1388      148.1730   106      143.5908      154.6731   191014    7.72%
   2738  1475      150.5384    92      143.5908      154.5244   204077    7.61%
   2919  1599      145.9767    85      143.5908      154.4116   218950    7.54%
*  2972+ 1575                          144.3364      154.3957             6.97%
*  3072+ 1188                          147.4654      154.3291             4.65%
   3103  1208      153.1620   127      147.4654      154.3012   233479    4.64%
   3202  1256      153.2838   130      147.4654      154.1334   244614    4.52%
   3311  1304      149.5129    90      147.4654      154.0369   256323    4.46%
   3426  1348      149.9994    92      147.4654      153.9016   267884    4.36%
Elapsed time = 19.83 sec. (24305.53 ticks, tree = 3.56 MB, solutions = 24)
   3551  1400        cutoff            147.4654      153.7603   278397    4.27%
   3662  1437      149.2683    59      147.4654      153.6512   290513    4.19%
   3777  1457      150.5525   120      147.4654      153.4927   302744    4.09%
   3900  1480      150.2406   101      147.4654      153.3509   315104    3.99%
   4029  1502      148.8740   111      147.4654      153.2240   329065    3.91%
   4156  1516      148.4668    81      147.4654      153.1332   344328    3.84%
   4270  1548      149.7852   137      147.4654      153.0508   355893    3.79%
   4382  1570      149.4297   136      147.4654      152.9408   368595    3.71%
   4496  1601      149.6405    57      147.4654      152.8222   380791    3.63%
   4611  1614      148.0344    78      147.4654      152.6819   392201    3.54%
Elapsed time = 27.62 sec. (33908.60 ticks, tree = 4.16 MB, solutions = 24)
   4704  1610      150.4478   122      147.4654      152.5818   403896    3.47%
   4850  1623      150.7129    88      147.4654      152.4036   416886    3.35%
*  4932+ 1617                          147.4663      152.3182             3.29%
*  4942+ 1625                          147.4671      152.3182             3.29%
   4987  1630        cutoff            147.4671      152.2623   431647    3.25%
   5118  1625      151.3841   161      147.4671      152.1465   444272    3.17%
   5254  1604      148.9973    94      147.4671      151.9990   456742    3.07%
   5398  1613      150.4451   125      147.4671      151.9064   470312    3.01%
   5597  1598      149.5005   105      147.4671      151.7572   485809    2.91%
   5761  1563      148.7790   135      147.4671      151.5696   501400    2.78%
   5969  1533      145.8463   108      147.4671      151.3870   516369    2.66%
   6117  1513      147.6823    83      147.4671      151.2768   530185    2.58%
Elapsed time = 35.40 sec. (43507.14 ticks, tree = 3.29 MB, solutions = 26)
   6279  1477      149.3365   117      147.4671      151.1156   544179    2.47%
   6465  1449      148.1394    87      147.4671      150.9219   559202    2.34%
   6625  1409      148.5073   144      147.4671      150.7839   573345    2.25%
   6823  1375      147.6991   123      147.4671      150.6682   587199    2.17%
   7024  1320      147.4781    99      147.4671      150.5178   602980    2.07%
   7244  1226      149.6230    65      147.4671      150.2785   618826    1.91%
   7467  1114        cutoff            147.4671      150.0753   634698    1.77%
   7690  1012        cutoff            147.4671      149.8326   650385    1.60%
   7943   848      148.1541   108      147.4671      149.5060   666755    1.38%
   8205   673      148.1056    93      147.4671      149.1500   682891    1.14%
Elapsed time = 43.34 sec. (53096.27 ticks, tree = 1.41 MB, solutions = 26)
*  8279   641      integral     0      147.4672      149.0500   685309    1.07%
   8573   445      148.2155   105      147.4672      148.5269   697713    0.72%

GUB cover cuts applied:  11
Clique cuts applied:  98
Cover cuts applied:  10
Implied bound cuts applied:  72
Flow cuts applied:  20
Mixed integer rounding cuts applied:  115
Zero-half cuts applied:  54
Lift and project cuts applied:  26
Gomory fractional cuts applied:  5

Root node processing (before b&c):
  Real time             =    0.48 sec. (482.64 ticks)
Sequential b&c:
  Real time             =   44.30 sec. (54279.35 ticks)
                          ------------
Total (root+branch&cut) =   44.78 sec. (54761.99 ticks)

Solution pool: 28 solutions saved.

MIP - Integer optimal, tolerance (0.0001/1e-06):  Objective =  1.4746716513e+02
Current MIP best bound =  1.4747717127e+02 (gap = 0.0100061, 0.01%)
Solution time =   44.78 sec.  Iterations = 706690  Nodes = 9001 (65)
Deterministic time = 54762.00 ticks  (1222.98 ticks/sec)


Incumbent solution
Variable Name           Solution Value
F                           180.000000
f1                            0.922835
f2                           31.610000
y81                           1.000000
y186                          1.000000
y80                           1.000000
y89                           1.000000
y52                           1.000000
y155                          1.000000
y235                          1.000000
y115                          1.000000
y127                          1.000000
y145                          1.000000
y231                          1.000000
y146                          1.000000
y268                          1.000000
y100                          1.000000
y176                          1.000000
y98                           1.000000
y224                          1.000000
y250                          1.000000
y249                          1.000000
y97                           1.000000
y142                          1.000000
y171                          1.000000
s3                            6.000000
s14                           6.000000
s60                           6.000000
s81                           6.806534
s170                          6.000000
s186                          6.869988
s193                          6.000000
s204                          6.000000
s226                          6.000000
s228                          6.000000
s239                          6.000000
s263                          6.000000
s80                           6.895149
s219                          6.240000
s89                           7.176839
s105                          6.270000
s101                          6.290000
s52                           7.255956
s77                           6.320000
s155                          7.286805
s235                          7.317419
s192                          6.370000
s29                           6.380000
s22                           6.420000
s115                          6.958830
s244                          7.070000
s138                          7.140000
s182                          7.220000
s127                          7.328895
s145                          7.734734
s231                          7.443327
s180                          7.410000
s146                          8.148333
s268                          7.420000
s161                          7.430000
s100                          8.415539
s176                          8.458234
s98                           7.480000
s224                          8.498570
s250                          8.307460
s26                           7.520000
s249                          8.501081
s253                          7.520000
s97                           8.325079
s142                          8.513993
s171                          8.542701
x54x186x1                     1.000000
x241x186x1                    1.000000
x69x80x1                      1.000000
x185x98x1                     1.000000
x225x52x1                     1.000000
x58x231x1                     1.000000
x2x268x1                      1.000000
x217x145x1                    1.000000
x17x145x1                     1.000000
x54x81x2                      1.000000
x241x115x2                    1.000000
x185x115x2                    1.000000
x225x52x2                     1.000000
x58x89x2                      1.000000
x124x268x2                    1.000000
x218x235x2                    1.000000
x218x231x2                    1.000000
x17x155x2                     1.000000
x265x89x3                     1.000000
x69x80x3                      1.000000
x2x127x3                      1.000000
x160x81x3                     1.000000
x160x98x3                     1.000000
x124x127x3                    1.000000
x217x250x3                    1.000000
x23x155x3                     1.000000
x23x235x3                     1.000000
x81x97x2                      1.000000
x81x249x3                     1.000000
x186x100x1                    1.000000
x186x142x1                    1.000000
x80x97x1                      1.000000
x80x250x3                     1.000000
x89x224x2                     1.000000
x89x100x3                     1.000000
x52x171x1                     1.000000
x52x0x2                       1.000000
x155x0x2                      1.000000
x155x0x3                      1.000000
x235x0x2                      1.000000
x235x0x3                      1.000000
x115x146x2                    2.000000
x127x0x3                      2.000000
x145x0x1                      2.000000
x231x176x1                    1.000000
x231x176x2                    1.000000
x146x0x2                      2.000000
x268x171x1                    1.000000
x268x224x2                    1.000000
x100x0x1                      1.000000
x100x0x3                      1.000000
x176x0x1                      1.000000
x176x0x2                      1.000000
x98x142x1                     1.000000
x98x249x3                     1.000000
x224x0x2                      2.000000
x250x0x3                      2.000000
x249x0x3                      2.000000
x97x0x1                       1.000000
x97x0x2                       1.000000
x142x0x1                      2.000000
x171x0x1                      2.000000
s265                          4.842935
z265z89z3                     1.000000
z265z138z3                    1.000000
z265z127z3                    1.000000
z265z250z3                    1.000000
z265z249z3                    1.000000
s54                           5.186908
z54z81z2                      1.000000
z54z186z1                     1.000000
z54z145z1                     1.000000
z54z180z2                     1.000000
z54z146z2                     1.000000
z54z224z2                     1.000000
z54z142z1                     1.000000
z54z171z1                     1.000000
s241                          5.347591
z241z186z1                    1.000000
z241z115z2                    1.000000
z241z145z1                    1.000000
z241z180z2                    1.000000
z241z146z2                    1.000000
z241z224z2                    1.000000
z241z142z1                    1.000000
z241z171z1                    1.000000
s69                           5.409698
z69z80z1                      1.000000
z69z80z3                      1.000000
z69z138z3                     1.000000
z69z127z3                     1.000000
z69z145z1                     1.000000
z69z250z3                     1.000000
z69z249z3                     1.000000
z69z142z1                     1.000000
z69z171z1                     1.000000
s185                          5.355368
z185z115z2                    1.000000
z185z145z1                    1.000000
z185z180z2                    1.000000
z185z146z2                    1.000000
z185z98z1                     1.000000
z185z224z2                    1.000000
z185z142z1                    1.000000
z185z171z1                    1.000000
s225                          5.600411
z225z52z1                     1.000000
z225z52z2                     1.000000
z225z224z2                    1.000000
z225z171z1                    1.000000
s58                           5.544236
z58z89z2                      1.000000
z58z231z1                     1.000000
z58z224z2                     1.000000
z58z142z1                     1.000000
z58z171z1                     1.000000
s2                            5.729428
z2z127z3                      1.000000
z2z268z1                      1.000000
z2z171z1                      1.000000
s160                          5.280240
z160z81z3                     1.000000
z160z138z3                    1.000000
z160z127z3                    1.000000
z160z98z3                     1.000000
z160z250z3                    1.000000
z160z249z3                    1.000000
s124                          5.762687
z124z127z3                    1.000000
z124z268z2                    1.000000
z124z224z2                    1.000000
s217                          5.998570
z217z145z1                    1.000000
z217z250z3                    1.000000
s23                           5.856830
z23z155z3                     1.000000
z23z235z3                     1.000000
s218                          5.931038
z218z235z2                    1.000000
z218z231z2                    1.000000
z218z146z2                    1.000000
s17                           5.911617
z17z155z2                     1.000000
z17z145z1                     1.000000
z17z171z1                     1.000000
z81z249z3                     1.000000
z81z97z2                      1.000000
z186z100z1                    1.000000
z186z142z1                    1.000000
z80z250z3                     1.000000
z80z97z1                      1.000000
z89z100z3                     1.000000
z89z224z2                     1.000000
z52z171z1                     1.000000
z77z146z2                     1.000000
z115z146z2                    1.000000
z115z224z2                    1.000000
z231z176z1                    1.000000
z231z176z2                    1.000000
z268z224z2                    1.000000
z268z171z1                    1.000000
z98z249z3                     1.000000
z98z142z1                     1.000000
All other variables in the range 1-2081 are 0.
