
Log started (V12.10.0.0) Mon Apr  5 17:30:54 2021


Problem 'asset.lp' read.
Read time = 0.03 sec. (1.74 ticks)
New value for default parallel thread count: 1
New value for time limit in seconds: 150
Version identifier: 12.10.0.0 | 2019-11-26 | 843d4de
CPXPARAM_Threads                                 1
CPXPARAM_TimeLimit                               150
Found incumbent of value -0.763684 after 0.00 sec. (0.76 ticks)
Tried aggregator 7 times.
MIP Presolve eliminated 2696 rows and 558 columns.
MIP Presolve modified 12816 coefficients.
Aggregator did 5924 substitutions.
Reduced MIP has 5950 rows, 7933 columns, and 36486 nonzeros.
Reduced MIP has 6945 binaries, 853 generals, 0 SOSs, and 0 indicators.
Presolve time = 0.11 sec. (118.39 ticks)
Probing time = 0.01 sec. (4.54 ticks)
Tried aggregator 1 time.
Detecting symmetries...
MIP Presolve eliminated 7 rows and 7 columns.
MIP Presolve modified 496 coefficients.
Reduced MIP has 5943 rows, 7926 columns, and 36472 nonzeros.
Reduced MIP has 6938 binaries, 853 generals, 0 SOSs, and 0 indicators.
Presolve time = 0.02 sec. (20.90 ticks)
Probing time = 0.01 sec. (4.41 ticks)
Clique table members: 9820.
MIP emphasis: balance optimality and feasibility.
MIP search method: dynamic search.
Parallel mode: none, using 1 thread.
Root relaxation solution time = 0.15 sec. (175.48 ticks)

        Nodes                                         Cuts/
   Node  Left     Objective  IInf  Best Integer    Best Bound    ItCnt     Gap

*     0+    0                           -0.7637     2692.3484              --- 
      0     0     2574.4173   769       -0.7637     2574.4173     3175     --- 
      0     0     2532.7002   769       -0.7637    Cuts: 1585     6527     --- 
      0     0     2506.2164   769       -0.7637    Cuts: 1585    14500     --- 
      0     0     2476.8449   769       -0.7637    Cuts: 1585    18019     --- 
*     0+    0                          215.1793     2476.8449              --- 
*     0+    0                          810.0550     2476.8449           205.76%
*     0+    0                          946.3121     2476.8449           161.74%
*     0+    0                          951.2564     2476.8449           160.38%
*     0+    0                          960.7251     2476.8449           157.81%
*     0+    0                          966.8735     2476.8449           156.17%
*     0+    0                          992.8480     2476.8449           149.47%
      0     0        cutoff            992.8480     2476.8449    18019  149.47%
      0     0     2453.7487   769      992.8480    Cuts: 1585    20519  147.14%
      0     0     2440.1536   769      992.8480    Cuts: 1585    22579  145.77%
Detecting symmetries...
      0     0     2428.7456   769      992.8480    Cuts: 1585    24338  144.62%
      0     0     2423.8508   769      992.8480    Cuts: 1585    25848  144.13%
      0     0     2420.2951   769      992.8480    Cuts: 1578    27011  143.77%
      0     0     2417.0097   769      992.8480    Cuts: 1250    28179  143.44%
      0     0     2413.6957   769      992.8480    Cuts: 1463    29756  143.11%
      0     0     2409.4132   769      992.8480    Cuts: 1585    30978  142.68%
      0     0     2405.7056   769      992.8480     Cuts: 819    32530  142.30%
      0     0     2403.3022   769      992.8480    Cuts: 1585    34139  142.06%
      0     0     2400.3303   769      992.8480    Cuts: 1585    35552  141.76%
      0     0     2396.3825   769      992.8480    Cuts: 1044    36877  141.36%
      0     0     2392.7733   769      992.8480    Cuts: 1187    38678  141.00%
      0     0     2390.6879   769      992.8480    Cuts: 1585    39855  140.79%
      0     0     2390.0145   769      992.8480    Cuts: 1373    40852  140.72%
      0     0     2389.7547   769      992.8480    Cuts: 1193    41664  140.70%
      0     0     2389.0136   769      992.8480     Cuts: 697    42447  140.62%
      0     0     2388.6747   769      992.8480    Cuts: 1191    43460  140.59%
Detecting symmetries...
      0     2     2388.6747   757      992.8480     2388.6746    43460  140.59%
Elapsed time = 17.53 sec. (22971.45 ticks, tree = 0.01 MB, solutions = 7)
      3     5     2387.8923   724      992.8480     2388.6736    44735  140.59%
      4     6     2387.5511   749      992.8480     2388.6736    45741  140.59%
      5     7     2371.5087   712      992.8480     2388.6736    46476  140.59%
      6     8     2386.4708   733      992.8480     2388.6736    47668  140.59%
      7     9     2386.1472   728      992.8480     2388.6736    48776  140.59%
      9    11     2385.3027   736      992.8480     2388.6736    49907  140.59%
     10    12     2384.6302   735      992.8480     2388.6736    50832  140.59%
     12    14     2384.4946   716      992.8480     2388.6736    52195  140.59%
     14    16     2364.3107   697      992.8480     2388.6736    53584  140.59%
     19    21     2380.4048   718      992.8480     2388.6736    57009  140.59%
Elapsed time = 20.32 sec. (27155.38 ticks, tree = 0.18 MB, solutions = 7)
     20    22     2380.3849   712      992.8480     2388.6736    57085  140.59%
     25    27     2348.2154   686      992.8480     2388.6736    60228  140.59%
     28    30     2362.2928   716      992.8480     2388.6736    63316  140.59%
     33    35     2351.5560   695      992.8480     2388.6736    68157  140.59%
     38    40     2350.6462   695      992.8480     2388.6736    71739  140.59%
     41    43     2331.3660   673      992.8480     2388.6736    73849  140.59%
     50    52     2307.4385   666      992.8480     2388.6736    76510  140.59%
     60    62     2312.9466   617      992.8480     2388.6736    79686  140.59%
     66    68     2303.9590   591      992.8480     2388.6736    83713  140.59%
     74    76     2255.5323   582      992.8480     2388.6736    88001  140.59%
Elapsed time = 28.76 sec. (38962.97 ticks, tree = 1.82 MB, solutions = 7)
     80    82     2248.7552   565      992.8480     2388.6736    92733  140.59%
     98   100     2187.7565   570      992.8480     2388.6736    99786  140.59%
    107   109     2240.1719   570      992.8480     2388.6736   103404  140.59%
    117   119     2214.2092   563      992.8480     2388.6736   109168  140.59%
    121   123     2203.3880   556      992.8480     2388.6736   115042  140.59%
    127   129     2182.9621   517      992.8480     2388.6736   119256  140.59%
    140   140     2161.8690   530      992.8480     2388.6736   123109  140.59%
    160   160     2082.0652   470      992.8480     2388.6736   129059  140.59%
    169   169     2059.7546   450      992.8480     2388.6736   135022  140.59%
    178   178     1990.6730   422      992.8480     2388.6736   140835  140.59%
Elapsed time = 36.78 sec. (50210.90 ticks, tree = 2.62 MB, solutions = 7)
    188   188     1941.7128   402      992.8480     2388.6736   143865  140.59%
    217   213     1878.4113   338      992.8480     2388.6736   150264  140.59%
    260   247     1775.8871   276      992.8480     2388.6736   157363  140.59%
    340   293     2387.5987   751      992.8480     2388.5645   165540  140.58%
    344   297     2352.4301   701      992.8480     2388.5645   170033  140.58%
    349   302     2368.0643   701      992.8480     2388.5645   173859  140.58%
    359   312     2362.2504   685      992.8480     2388.5645   178033  140.58%
    360   313     2362.0965   688      992.8480     2388.5645   178194  140.58%
    366   319     2357.5662   682      992.8480     2388.5645   182588  140.58%
    369   322     2345.9281   673      992.8480     2388.5645   187457  140.58%
Elapsed time = 44.34 sec. (61039.09 ticks, tree = 3.24 MB, solutions = 7)
    375   328     2333.7722   654      992.8480     2388.5645   192058  140.58%
    382   335     2309.9844   628      992.8480     2388.5645   197040  140.58%
    392   343     2285.1991   611      992.8480     2388.5645   202625  140.58%
    400   351     2317.2882   618      992.8480     2388.5645   205569  140.58%
    410   361     2314.4218   613      992.8480     2388.5645   210181  140.58%
    417   368     2295.8501   611      992.8480     2388.5645   215221  140.58%
    423   374     2298.2027   600      992.8480     2388.5645   220297  140.58%
    431   382     2266.8016   583      992.8480     2388.5645   226690  140.58%
    444   395     2271.0742   572      992.8480     2388.5645   230784  140.58%
    455   406     2265.7158   584      992.8480     2388.5645   235715  140.58%
Elapsed time = 52.09 sec. (72386.20 ticks, tree = 3.56 MB, solutions = 7)
    465   412     2210.6390   577      992.8480     2388.5645   241003  140.58%
    469   416     2193.4827   548      992.8480     2388.5645   247119  140.58%
    477   424     2154.2898   514      992.8480     2388.5645   251497  140.58%

Performing restart 1

Repeating presolve.
Tried aggregator 2 times.
MIP Presolve modified 7608 coefficients.
Aggregator did 21 substitutions.
Reduced MIP has 5922 rows, 7905 columns, and 30162 nonzeros.
Reduced MIP has 6917 binaries, 853 generals, 0 SOSs, and 0 indicators.
Presolve time = 0.03 sec. (30.94 ticks)
Tried aggregator 1 time.
Reduced MIP has 5922 rows, 7905 columns, and 30162 nonzeros.
Reduced MIP has 6917 binaries, 853 generals, 0 SOSs, and 0 indicators.
Presolve time = 0.02 sec. (19.96 ticks)
Represolve time = 0.25 sec. (164.80 ticks)
    478     0     2335.3689   814      992.8480     Cuts: 896   283725  135.22%
    478     0     2308.4949   814      992.8480     Cuts: 671   287618  132.51%
    478     0     2290.6867   814      992.8480     Cuts: 845   290275  130.72%
*   478+    0                         1002.7968     2290.6867           128.43%
*   478+    0                         1040.5062     2290.6867           120.15%
*   478+    0                         1058.3670     2290.6867           116.44%
    478     0        cutoff           1058.3670     2290.6867   290275  116.44%
    478     0     2277.2368   814     1058.3670     Cuts: 892   293077  115.17%
    478     0     2268.8003   814     1058.3670     Cuts: 611   295532  114.37%
    478     0     2259.7562   814     1058.3670     Cuts: 540   298396  113.51%
    478     0     2254.6622   814     1058.3670     Cuts: 682   300188  113.03%
    478     0     2251.1476   814     1058.3670     Cuts: 600   301672  112.70%
    478     0     2248.3483   814     1058.3670     Cuts: 324   303226  112.44%
    478     0     2245.7505   814     1058.3670     Cuts: 417   304776  112.19%
    478     0     2243.7819   814     1058.3670     Cuts: 322   306002  112.00%
    478     0     2241.4429   814     1058.3670     Cuts: 358   307269  111.78%
    478     0     2238.9189   814     1058.3670     Cuts: 367   308116  111.54%
    478     0     2236.7740   814     1058.3670     Cuts: 298   309358  111.34%
    478     0     2234.3689   814     1058.3670     Cuts: 472   310952  111.11%
    478     0     2232.1989   814     1058.3670     Cuts: 491   312298  110.91%
    478     0     2229.1118   814     1058.3670     Cuts: 302   313892  110.62%
    478     0     2227.8648   814     1058.3670     Cuts: 450   315092  110.50%
    478     0     2226.9796   814     1058.3670     Cuts: 379   316310  110.42%
    478     0     2225.7850   814     1058.3670     Cuts: 314   317454  110.30%
    478     0     2224.4294   814     1058.3670     Cuts: 393   318740  110.18%
    478     0     2223.2500   814     1058.3670     Cuts: 393   320201  110.06%
    478     0     2222.2025   814     1058.3670     Cuts: 372   322028  109.97%
    478     0     2220.7626   814     1058.3670     Cuts: 402   323450  109.83%
    478     0     2219.3477   814     1058.3670     Cuts: 318   325329  109.70%
    478     0     2218.9086   814     1058.3670     Cuts: 308   326139  109.65%
    478     0     2218.3881   814     1058.3670     Cuts: 337   326819  109.60%
    478     0     2217.4253   814     1058.3670     Cuts: 333   328210  109.51%
    478     0     2216.9552   814     1058.3670     Cuts: 318   329051  109.47%
    478     0     2216.6498   814     1058.3670     Cuts: 280   329785  109.44%
    478     0     2215.7961   814     1058.3670     Cuts: 311   330898  109.36%
    478     0     2214.0056   814     1058.3670     Cuts: 260   332069  109.19%
    478     0     2212.9492   814     1058.3670     Cuts: 587   333516  109.09%
    478     0     2211.5124   814     1058.3670     Cuts: 336   335054  108.96%
    478     0     2210.7407   814     1058.3670     Cuts: 384   335995  108.88%

GUB cover cuts applied:  50
Clique cuts applied:  388
Cover cuts applied:  6
Implied bound cuts applied:  138
Flow cuts applied:  16
Mixed integer rounding cuts applied:  156
Zero-half cuts applied:  186
Lift and project cuts applied:  13
Gomory fractional cuts applied:  6

Root node processing (before b&c):
  Real time             =   17.49 sec. (22934.10 ticks)
Sequential b&c:
  Real time             =  132.51 sec. (177514.20 ticks)
                          ------------
Total (root+branch&cut) =  150.00 sec. (200448.31 ticks)

Solution pool: 11 solutions saved.

MIP - Time limit exceeded, integer feasible:  Objective =  1.0583670415e+03
Current MIP best bound =  2.2107406956e+03 (gap = 1152.37, 108.88%)
Solution time =  150.00 sec.  Iterations = 335995  Nodes = 478 (1)
Deterministic time = 200448.35 ticks  (1336.31 ticks/sec)


Incumbent solution
Variable Name           Solution Value
F                          1240.000000
f1                            0.792085
f2                          180.840873
y2                            1.000000
y9                            1.000000
y41                           1.000000
y46                           1.000000
y47                           1.000000
y48                           1.000000
y49                           1.000000
y55                           1.000000
y57                           1.000000
y59                           1.000000
y63                           1.000000
y67                           1.000000
y69                           1.000000
y70                           1.000000
y76                           1.000000
y86                           1.000000
y90                           1.000000
y92                           1.000000
y99                           1.000000
y115                          1.000000
y117                          1.000000
y119                          1.000000
y120                          1.000000
y123                          1.000000
y138                          1.000000
y146                          1.000000
y150                          1.000000
y158                          1.000000
y162                          1.000000
y163                          1.000000
y172                          1.000000
y173                          1.000000
y174                          1.000000
y175                          1.000000
y190                          1.000000
y191                          1.000000
y195                          1.000000
y201                          1.000000
y236                          1.000000
y243                          1.000000
y251                          1.000000
y252                          1.000000
y266                          1.000000
y267                          1.000000
s2                            4.623914
s7                            4.130000
s9                            2.265375
s10                           1.690000
s15                           3.380000
s17                           4.430000
s18                           2.240000
s19                           3.340000
s21                           2.410000
s24                           1.070000
s28                           1.200000
s34                           3.240000
s35                           2.500000
s38                           1.830000
s40                           3.000000
s41                           4.240000
s42                           3.000000
s43                           4.330000
s44                           2.720000
s45                           3.010000
s46                           4.550000
s47                           5.996856
s48                           2.740552
s49                           1.700000
s52                           1.940000
s53                           4.440000
s55                           2.271104
s56                           1.760000
s57                           1.030000
s59                           1.190000
s63                           5.831977
s67                           2.160277
s68                           4.490000
s69                           3.484092
s70                           5.974801
s71                           1.880000
s72                           1.830000
s75                           3.070000
s76                           3.480000
s78                           3.910000
s79                           4.420000
s80                           3.450000
s84                           2.648128
s86                           1.580000
s89                           4.240000
s90                           1.100000
s91                           3.700000
s92                           5.968007
s94                           3.400000
s95                           2.960000
s97                           4.400000
s98                           4.200000
s99                           5.931560
s100                          3.330000
s101                          5.200000
s102                          3.070000
s104                          3.070000
s105                          1.260000
s106                          5.330000
s110                          2.080000
s114                          1.400000
s115                          4.772856
s116                          3.860000
s117                          1.045200
s118                          5.620000
s119                          1.080000
s120                          2.635805
s123                          1.180000
s127                          1.040000
s132                          4.060000
s134                          1.810000
s135                          3.740000
s137                          3.510000
s138                          5.886385
s139                          3.800000
s142                          4.220000
s144                          3.940000
s146                          1.700000
s149                          1.210000
s150                          5.480000
s151                          2.130000
s152                          4.410000
s153                          4.300000
s158                          5.588445
s160                          4.880000
s162                          2.919292
s163                          0.950000
s164                          2.130000
s165                          4.030000
s168                          3.310000
s169                          4.240000
s171                          3.760000
s172                          1.080000
s173                          3.790000
s174                          4.070000
s175                          5.901092
s176                          2.280000
s185                          3.110000
s187                          2.430000
s189                          1.580000
s190                          1.430000
s191                          4.556090
s193                          5.960000
s195                          1.400000
s196                          3.410000
s198                          3.860000
s199                          4.310000
s201                          4.799428
s202                          1.860000
s203                          4.250000
s205                          2.690000
s208                          4.150000
s210                          3.180000
s213                          1.530000
s214                          3.860000
s217                          2.620000
s218                          3.200000
s221                          1.990000
s222                          1.880000
s223                          3.070000
s226                          0.610000
s227                          1.470000
s228                          1.710000
s229                          5.610000
s230                          1.890000
s233                          0.130000
s235                          2.550000
s236                          2.691420
s237                          1.550000
s241                          4.170000
s243                          4.346141
s244                          0.140000
s246                          4.690000
s247                          2.070000
s250                          1.680000
s251                          3.680000
s252                          5.258115
s253                          2.600000
s257                          3.270000
s260                          4.030000
s263                          5.630000
s266                          5.254907
s267                          4.227116
s268                          3.240000
s269                          4.380000
x0x55x1                       1.000000
x0x57x1                       1.000000
x0x119x1                      2.000000
x0x146x1                      1.000000
x0x163x1                      1.000000
x0x172x1                      1.000000
x0x190x1                      2.000000
x0x59x2                       1.000000
x0x86x2                       2.000000
x0x117x2                      1.000000
x0x123x2                      2.000000
x0x146x2                      1.000000
x0x195x2                      2.000000
x0x49x3                       2.000000
x0x57x3                       1.000000
x0x59x3                       1.000000
x0x90x3                       2.000000
x0x117x3                      1.000000
x0x163x3                      1.000000
x0x172x3                      1.000000
x76x2x2                       2.000000
x2x0x2                        1.000000
x2x92x2                       1.000000
x123x9x2                      2.000000
x9x46x2                       2.000000
x190x41x1                     1.000000
x41x266x1                     1.000000
x236x41x2                     1.000000
x41x70x2                      1.000000
x46x63x2                      2.000000
x267x47x2                     1.000000
x47x0x2                       1.000000
x201x47x3                     1.000000
x47x0x3                       1.000000
x49x48x3                      1.000000
x57x48x3                      1.000000
x48x92x3                      1.000000
x48x138x3                     1.000000
x49x69x3                      1.000000
x55x243x1                     1.000000
x59x55x2                      1.000000
x55x267x2                     1.000000
x57x162x1                     1.000000
x59x173x3                     1.000000
x63x0x2                       2.000000
x172x67x1                     1.000000
x67x266x1                     1.000000
x172x67x3                     1.000000
x67x191x3                     1.000000
x146x69x1                     1.000000
x69x0x1                       1.000000
x69x252x3                     1.000000
x201x70x2                     1.000000
x70x0x2                       2.000000
x86x76x2                      2.000000
x90x174x3                     1.000000
x90x251x3                     1.000000
x92x0x2                       1.000000
x92x0x3                       1.000000
x174x99x3                     1.000000
x191x99x3                     1.000000
x99x0x3                       2.000000
x236x115x1                    1.000000
x251x115x1                    1.000000
x115x138x1                    1.000000
x115x175x1                    1.000000
x117x236x2                    1.000000
x117x0x3                      1.000000
x119x174x1                    1.000000
x119x251x1                    1.000000
x190x120x1                    1.000000
x120x243x1                    1.000000
x195x120x2                    1.000000
x120x150x2                    1.000000
x138x0x1                      1.000000
x138x0x3                      1.000000
x146x162x2                    1.000000
x150x0x2                      1.000000
x251x150x3                    1.000000
x150x0x3                      1.000000
x243x158x1                    2.000000
x158x0x1                      2.000000
x162x191x1                    1.000000
x162x267x2                    1.000000
x163x236x1                    1.000000
x163x252x3                    1.000000
x195x173x2                    1.000000
x173x201x2                    1.000000
x173x201x3                    1.000000
x174x0x1                      1.000000
x175x0x1                      1.000000
x267x175x2                    1.000000
x175x0x2                      1.000000
x191x0x1                      1.000000
x252x0x3                      2.000000
x266x0x1                      2.000000
z0z2z2                        1.000000
z0z7z1                        1.000000
z0z9z2                        1.000000
z0z10z3                       1.000000
z0z17z1                       1.000000
z0z19z1                       1.000000
z0z21z3                       1.000000
z0z28z2                       1.000000
z0z34z3                       1.000000
z0z38z3                       1.000000
z0z40z1                       1.000000
z0z42z1                       1.000000
z0z43z3                       1.000000
z0z46z2                       1.000000
z0z48z3                       1.000000
z0z49z3                       1.000000
z0z52z3                       1.000000
z0z53z3                       1.000000
z0z55z1                       1.000000
z0z57z1                       1.000000
z0z57z3                       1.000000
z0z59z2                       1.000000
z0z59z3                       1.000000
z0z63z2                       1.000000
z0z70z2                       1.000000
z0z71z3                       1.000000
z0z72z3                       1.000000
z0z76z2                       1.000000
z0z78z2                       1.000000
z0z79z3                       1.000000
z0z84z3                       1.000000
z0z86z2                       1.000000
z0z90z3                       1.000000
z0z91z2                       1.000000
z0z95z1                       1.000000
z0z99z3                       1.000000
z0z102z3                      1.000000
z0z104z3                      1.000000
z0z105z2                      1.000000
z0z114z1                      1.000000
z0z115z1                      1.000000
z0z116z3                      1.000000
z0z117z2                      1.000000
z0z117z3                      1.000000
z0z119z1                      1.000000
z0z123z2                      1.000000
z0z127z1                      1.000000
z0z134z3                      1.000000
z0z135z2                      1.000000
z0z137z3                      1.000000
z0z146z1                      1.000000
z0z146z2                      1.000000
z0z149z3                      1.000000
z0z158z1                      1.000000
z0z163z1                      1.000000
z0z163z3                      1.000000
z0z164z3                      1.000000
z0z165z2                      1.000000
z0z168z1                      1.000000
z0z169z2                      1.000000
z0z171z3                      1.000000
z0z172z1                      1.000000
z0z172z3                      1.000000
z0z185z1                      1.000000
z0z187z1                      1.000000
z0z189z1                      1.000000
z0z190z1                      1.000000
z0z193z3                      1.000000
z0z195z2                      1.000000
z0z198z1                      1.000000
z0z205z1                      1.000000
z0z213z3                      1.000000
z0z214z2                      1.000000
z0z217z3                      1.000000
z0z218z3                      1.000000
z0z223z1                      1.000000
z0z227z3                      1.000000
z0z243z1                      1.000000
z0z247z2                      1.000000
z0z252z3                      1.000000
z0z253z3                      1.000000
z0z266z1                      1.000000
z0z267z2                      1.000000
z0z269z3                      1.000000
z2z92z2                       1.000000
z9z46z2                       1.000000
z9z63z2                       1.000000
z9z70z2                       1.000000
z10z43z3                      1.000000
z10z79z3                      1.000000
z10z99z3                      1.000000
z10z193z3                     1.000000
z10z252z3                     1.000000
z10z269z3                     1.000000
z15z193z3                     1.000000
z18z63z2                      1.000000
z18z70z2                      1.000000
z18z158z1                     1.000000
z21z99z3                      1.000000
z21z193z3                     1.000000
z21z252z3                     1.000000
z24z7z1                       1.000000
z24z17z1                      1.000000
z24z43z3                      1.000000
z24z53z3                      1.000000
z24z79z3                      1.000000
z24z99z3                      1.000000
z24z115z1                     1.000000
z24z116z3                     1.000000
z24z158z1                     1.000000
z24z193z3                     1.000000
z24z198z1                     1.000000
z24z243z1                     1.000000
z24z252z3                     1.000000
z24z266z1                     1.000000
z24z269z3                     1.000000
z28z2z2                       1.000000
z28z9z2                       1.000000
z28z46z2                      1.000000
z28z63z2                      1.000000
z28z70z2                      1.000000
z28z78z2                      1.000000
z28z135z2                     1.000000
z28z165z2                     1.000000
z28z169z2                     1.000000
z28z214z2                     1.000000
z28z267z2                     1.000000
z34z193z3                     1.000000
z35z99z3                      1.000000
z35z193z3                     1.000000
z38z99z3                      1.000000
z38z193z3                     1.000000
z38z252z3                     1.000000
z41z70z2                      1.000000
z41z266z1                     1.000000
z44z63z2                      1.000000
z45z193z3                     1.000000
z46z63z2                      1.000000
z46z70z2                      1.000000
z48z92z3                      1.000000
z48z99z3                      1.000000
z48z138z3                     1.000000
z48z193z3                     1.000000
z48z252z3                     1.000000
z49z48z3                      1.000000
z49z69z3                      1.000000
z49z79z3                      1.000000
z49z99z3                      1.000000
z49z193z3                     1.000000
z49z252z3                     1.000000
z52z99z3                      1.000000
z52z193z3                     1.000000
z52z252z3                     1.000000
z55z17z1                      1.000000
z55z46z2                      1.000000
z55z63z2                      1.000000
z55z70z2                      1.000000
z55z158z1                     1.000000
z55z243z1                     1.000000
z55z267z2                     1.000000
z56z46z2                      1.000000
z56z63z2                      1.000000
z56z70z2                      1.000000
z56z99z3                      1.000000
z56z193z3                     1.000000
z56z252z3                     1.000000
z57z7z1                       1.000000
z57z17z1                      1.000000
z57z43z3                      1.000000
z57z48z3                      1.000000
z57z53z3                      1.000000
z57z79z3                      1.000000
z57z99z3                      1.000000
z57z115z1                     1.000000
z57z116z3                     1.000000
z57z158z1                     1.000000
z57z162z1                     1.000000
z57z171z3                     1.000000
z57z193z3                     1.000000
z57z198z1                     1.000000
z57z243z1                     1.000000
z57z252z3                     1.000000
z57z266z1                     1.000000
z57z269z3                     1.000000
z59z2z2                       1.000000
z59z43z3                      1.000000
z59z46z2                      1.000000
z59z53z3                      1.000000
z59z55z2                      1.000000
z59z63z2                      1.000000
z59z70z2                      1.000000
z59z79z3                      1.000000
z59z99z3                      1.000000
z59z116z3                     1.000000
z59z135z2                     1.000000
z59z173z3                     1.000000
z59z193z3                     1.000000
z59z214z2                     1.000000
z59z252z3                     1.000000
z59z267z2                     1.000000
z59z269z3                     1.000000
z67z17z1                      1.000000
z67z43z3                      1.000000
z67z53z3                      1.000000
z67z79z3                      1.000000
z67z99z3                      1.000000
z67z115z1                     1.000000
z67z158z1                     1.000000
z67z191z3                     1.000000
z67z193z3                     1.000000
z67z243z1                     1.000000
z67z252z3                     1.000000
z67z266z1                     1.000000
z67z269z3                     1.000000
z69z193z3                     1.000000
z69z252z3                     1.000000
z71z99z3                      1.000000
z71z193z3                     1.000000
z71z252z3                     1.000000
z72z43z3                      1.000000
z72z79z3                      1.000000
z72z99z3                      1.000000
z72z193z3                     1.000000
z72z252z3                     1.000000
z72z269z3                     1.000000
z75z193z3                     1.000000
z76z2z2                       1.000000
z84z99z3                      1.000000
z84z193z3                     1.000000
z84z252z3                     1.000000
z86z46z2                      1.000000
z86z63z2                      1.000000
z86z70z2                      1.000000
z86z76z2                      1.000000
z90z34z3                      1.000000
z90z43z3                      1.000000
z90z53z3                      1.000000
z90z79z3                      1.000000
z90z84z3                      1.000000
z90z99z3                      1.000000
z90z102z3                     1.000000
z90z104z3                     1.000000
z90z116z3                     1.000000
z90z137z3                     1.000000
z90z171z3                     1.000000
z90z174z3                     1.000000
z90z193z3                     1.000000
z90z217z3                     1.000000
z90z218z3                     1.000000
z90z251z3                     1.000000
z90z252z3                     1.000000
z90z269z3                     1.000000
z102z193z3                    1.000000
z104z193z3                    1.000000
z105z2z2                      1.000000
z105z46z2                     1.000000
z105z63z2                     1.000000
z105z70z2                     1.000000
z105z135z2                    1.000000
z105z267z2                    1.000000
z110z63z2                     1.000000
z110z70z2                     1.000000
z110z158z1                    1.000000
z114z17z1                     1.000000
z114z115z1                    1.000000
z114z158z1                    1.000000
z114z266z1                    1.000000
z115z138z1                    1.000000
z115z175z1                    1.000000
z117z2z2                      1.000000
z117z34z3                     1.000000
z117z43z3                     1.000000
z117z46z2                     1.000000
z117z53z3                     1.000000
z117z63z2                     1.000000
z117z70z2                     1.000000
z117z76z2                     1.000000
z117z78z2                     1.000000
z117z79z3                     1.000000
z117z91z2                     1.000000
z117z99z3                     1.000000
z117z102z3                    1.000000
z117z104z3                    1.000000
z117z116z3                    1.000000
z117z135z2                    1.000000
z117z137z3                    1.000000
z117z165z2                    1.000000
z117z169z2                    1.000000
z117z171z3                    1.000000
z117z193z3                    1.000000
z117z214z2                    1.000000
z117z218z3                    1.000000
z117z236z2                    1.000000
z117z252z3                    1.000000
z117z267z2                    1.000000
z117z269z3                    1.000000
z119z7z1                      1.000000
z119z17z1                     1.000000
z119z19z1                     1.000000
z119z40z1                     1.000000
z119z42z1                     1.000000
z119z95z1                     1.000000
z119z115z1                    1.000000
z119z158z1                    1.000000
z119z168z1                    1.000000
z119z174z1                    1.000000
z119z185z1                    1.000000
z119z198z1                    1.000000
z119z223z1                    1.000000
z119z243z1                    1.000000
z119z251z1                    1.000000
z119z266z1                    1.000000
z120z46z2                     1.000000
z120z63z2                     1.000000
z120z70z2                     1.000000
z120z150z2                    1.000000
z120z158z1                    1.000000
z120z243z1                    1.000000
z123z2z2                      1.000000
z123z9z2                      1.000000
z123z46z2                     1.000000
z123z63z2                     1.000000
z123z70z2                     1.000000
z123z78z2                     1.000000
z123z135z2                    1.000000
z123z165z2                    1.000000
z123z169z2                    1.000000
z123z214z2                    1.000000
z123z267z2                    1.000000
z127z7z1                      1.000000
z127z17z1                     1.000000
z127z19z1                     1.000000
z127z40z1                     1.000000
z127z42z1                     1.000000
z127z95z1                     1.000000
z127z115z1                    1.000000
z127z158z1                    1.000000
z127z168z1                    1.000000
z127z185z1                    1.000000
z127z198z1                    1.000000
z127z205z1                    1.000000
z127z223z1                    1.000000
z127z243z1                    1.000000
z127z266z1                    1.000000
z134z99z3                     1.000000
z134z193z3                    1.000000
z134z252z3                    1.000000
z137z193z3                    1.000000
z146z17z1                     1.000000
z146z46z2                     1.000000
z146z63z2                     1.000000
z146z69z1                     1.000000
z146z70z2                     1.000000
z146z115z1                    1.000000
z146z158z1                    1.000000
z146z162z2                    1.000000
z149z43z3                     1.000000
z149z53z3                     1.000000
z149z79z3                     1.000000
z149z99z3                     1.000000
z149z116z3                    1.000000
z149z193z3                    1.000000
z149z252z3                    1.000000
z149z269z3                    1.000000
z151z99z3                     1.000000
z151z158z1                    1.000000
z151z193z3                    1.000000
z151z252z3                    1.000000
z162z63z2                     1.000000
z162z70z2                     1.000000
z162z191z1                    1.000000
z162z267z2                    1.000000
z163z7z1                      1.000000
z163z17z1                     1.000000
z163z43z3                     1.000000
z163z53z3                     1.000000
z163z79z3                     1.000000
z163z99z3                     1.000000
z163z115z1                    1.000000
z163z116z3                    1.000000
z163z137z3                    1.000000
z163z158z1                    1.000000
z163z171z3                    1.000000
z163z193z3                    1.000000
z163z198z1                    1.000000
z163z236z1                    1.000000
z163z243z1                    1.000000
z163z252z3                    1.000000
z163z266z1                    1.000000
z163z269z3                    1.000000
z164z99z3                     1.000000
z164z193z3                    1.000000
z164z252z3                    1.000000
z172z7z1                      1.000000
z172z17z1                     1.000000
z172z43z3                     1.000000
z172z53z3                     1.000000
z172z67z1                     1.000000
z172z67z3                     1.000000
z172z79z3                     1.000000
z172z99z3                     1.000000
z172z115z1                    1.000000
z172z116z3                    1.000000
z172z158z1                    1.000000
z172z171z3                    1.000000
z172z193z3                    1.000000
z172z198z1                    1.000000
z172z243z1                    1.000000
z172z252z3                    1.000000
z172z266z1                    1.000000
z172z269z3                    1.000000
z173z201z2                    1.000000
z173z201z3                    1.000000
z174z99z3                     1.000000
z176z99z3                     1.000000
z176z158z1                    1.000000
z176z193z3                    1.000000
z176z252z3                    1.000000
z187z158z1                    1.000000
z189z17z1                     1.000000
z189z115z1                    1.000000
z189z158z1                    1.000000
z190z17z1                     1.000000
z190z41z1                     1.000000
z190z115z1                    1.000000
z190z120z1                    1.000000
z190z158z1                    1.000000
z190z243z1                    1.000000
z190z266z1                    1.000000
z191z99z3                     1.000000
z195z2z2                      1.000000
z195z46z2                     1.000000
z195z63z2                     1.000000
z195z70z2                     1.000000
z195z120z2                    1.000000
z195z169z2                    1.000000
z195z173z2                    1.000000
z195z214z2                    1.000000
z195z267z2                    1.000000
z201z47z3                     1.000000
z201z70z2                     1.000000
z202z17z1                     1.000000
z202z79z3                     1.000000
z202z99z3                     1.000000
z202z158z1                    1.000000
z202z193z3                    1.000000
z202z252z3                    1.000000
z202z269z3                    1.000000
z213z43z3                     1.000000
z213z79z3                     1.000000
z213z99z3                     1.000000
z213z193z3                    1.000000
z213z252z3                    1.000000
z213z269z3                    1.000000
z217z99z3                     1.000000
z217z193z3                    1.000000
z218z193z3                    1.000000
z221z99z3                     1.000000
z221z158z1                    1.000000
z221z193z3                    1.000000
z221z252z3                    1.000000
z222z99z3                     1.000000
z222z158z1                    1.000000
z222z193z3                    1.000000
z222z252z3                    1.000000
z226z2z2                      1.000000
z226z46z2                     1.000000
z226z63z2                     1.000000
z226z70z2                     1.000000
z226z76z2                     1.000000
z226z78z2                     1.000000
z226z91z2                     1.000000
z226z135z2                    1.000000
z226z165z2                    1.000000
z226z169z2                    1.000000
z226z214z2                    1.000000
z226z267z2                    1.000000
z227z43z3                     1.000000
z227z79z3                     1.000000
z227z99z3                     1.000000
z227z193z3                    1.000000
z227z252z3                    1.000000
z227z269z3                    1.000000
z228z99z3                     1.000000
z228z158z1                    1.000000
z228z193z3                    1.000000
z228z252z3                    1.000000
z230z46z2                     1.000000
z230z63z2                     1.000000
z230z70z2                     1.000000
z230z158z1                    1.000000
z233z2z2                      1.000000
z233z34z3                     1.000000
z233z43z3                     1.000000
z233z46z2                     1.000000
z233z53z3                     1.000000
z233z63z2                     1.000000
z233z70z2                     1.000000
z233z76z2                     1.000000
z233z78z2                     1.000000
z233z79z3                     1.000000
z233z91z2                     1.000000
z233z99z3                     1.000000
z233z102z3                    1.000000
z233z104z3                    1.000000
z233z116z3                    1.000000
z233z135z2                    1.000000
z233z137z3                    1.000000
z233z165z2                    1.000000
z233z169z2                    1.000000
z233z171z3                    1.000000
z233z193z3                    1.000000
z233z214z2                    1.000000
z233z218z3                    1.000000
z233z252z3                    1.000000
z233z267z2                    1.000000
z233z269z3                    1.000000
z235z99z3                     1.000000
z235z193z3                    1.000000
z236z41z2                     1.000000
z236z63z2                     1.000000
z236z70z2                     1.000000
z236z115z1                    1.000000
z236z158z1                    1.000000
z237z17z1                     1.000000
z237z43z3                     1.000000
z237z79z3                     1.000000
z237z99z3                     1.000000
z237z115z1                    1.000000
z237z158z1                    1.000000
z237z193z3                    1.000000
z237z252z3                    1.000000
z237z269z3                    1.000000
z243z158z1                    1.000000
z244z2z2                      1.000000
z244z7z1                      1.000000
z244z17z1                     1.000000
z244z19z1                     1.000000
z244z40z1                     1.000000
z244z42z1                     1.000000
z244z46z2                     1.000000
z244z63z2                     1.000000
z244z70z2                     1.000000
z244z76z2                     1.000000
z244z78z2                     1.000000
z244z91z2                     1.000000
z244z95z1                     1.000000
z244z115z1                    1.000000
z244z135z2                    1.000000
z244z158z1                    1.000000
z244z165z2                    1.000000
z244z168z1                    1.000000
z244z169z2                    1.000000
z244z185z1                    1.000000
z244z198z1                    1.000000
z244z214z2                    1.000000
z244z223z1                    1.000000
z244z243z1                    1.000000
z244z266z1                    1.000000
z244z267z2                    1.000000
z247z63z2                     1.000000
z247z70z2                     1.000000
z250z17z1                     1.000000
z250z43z3                     1.000000
z250z79z3                     1.000000
z250z99z3                     1.000000
z250z158z1                    1.000000
z250z193z3                    1.000000
z250z252z3                    1.000000
z250z269z3                    1.000000
z251z115z1                    1.000000
z251z150z3                    1.000000
z253z99z3                     1.000000
z253z193z3                    1.000000
z257z193z3                    1.000000
z267z47z2                     1.000000
z267z175z2                    1.000000
z268z193z3                    1.000000
All other variables in the range 1-14422 are 0.
