
Log started (V12.10.0.0) Thu Apr 15 11:23:08 2021


Problem 'asset.lp' read.
Read time = 0.01 sec. (0.47 ticks)
New value for default parallel thread count: 1
New value for time limit in seconds: 150
Version identifier: 12.10.0.0 | 2019-11-26 | 843d4de
CPXPARAM_Threads                                 1
CPXPARAM_TimeLimit                               150
Found incumbent of value 0.000000 after 0.00 sec. (0.13 ticks)
Tried aggregator 3 times.
MIP Presolve eliminated 1216 rows and 477 columns.
MIP Presolve added 2 rows and 0 columns.
MIP Presolve modified 4578 coefficients.
Aggregator did 1488 substitutions.
Reduced MIP has 1506 rows, 2085 columns, and 9073 nonzeros.
Reduced MIP has 1836 binaries, 199 generals, 0 SOSs, and 0 indicators.
Presolve time = 0.02 sec. (19.65 ticks)
Probing fixed 0 vars, tightened 1 bounds.
Probing time = 0.01 sec. (4.14 ticks)
Tried aggregator 1 time.
Detecting symmetries...
MIP Presolve eliminated 6 rows and 5 columns.
Reduced MIP has 1500 rows, 2080 columns, and 9059 nonzeros.
Reduced MIP has 1832 binaries, 198 generals, 0 SOSs, and 0 indicators.
Presolve time = 0.01 sec. (5.67 ticks)
Probing time = 0.00 sec. (2.80 ticks)
Clique table members: 5662.
MIP emphasis: balance optimality and feasibility.
MIP search method: dynamic search.
Parallel mode: none, using 1 thread.
Root relaxation solution time = 0.03 sec. (44.43 ticks)

        Nodes                                         Cuts/
   Node  Left     Objective  IInf  Best Integer    Best Bound    ItCnt     Gap

*     0+    0                            0.0000      280.0000              --- 
      0     0      238.0000   253        0.0000      238.0000      731     --- 
      0     0      238.0000   253        0.0000     Cuts: 193     1386     --- 
      0     0      238.0000   253        0.0000     Cuts: 257     1811     --- 
      0     0      238.0000   253        0.0000     Cuts: 475     2605     --- 
*     0+    0                          138.0000      238.0000            72.46%
*     0+    0                          140.0000      238.0000            70.00%
*     0+    0                          142.0000      238.0000            67.61%
*     0+    0                          144.0000      238.0000            65.28%
      0     0        cutoff            144.0000      238.0000     2605   65.28%
*     0+    0                          164.0000      238.0000            45.12%
*     0+    0                          168.0000      238.0000            41.67%
*     0+    0                          174.0000      238.0000            36.78%
      0     0        cutoff            174.0000      238.0000     2605   36.78%
      0     2      238.0000   206      174.0000      238.0000     2605   36.78%
Elapsed time = 0.67 sec. (780.34 ticks, tree = 0.01 MB, solutions = 7)
     20    22      234.0000   214      174.0000      238.0000     6014   36.78%
     31    33      236.0000   205      174.0000      238.0000     8343   36.78%
     46    48      234.7014   185      174.0000      238.0000    11372   36.78%
     63    65      217.1787   164      174.0000      238.0000    14497   36.78%
     75    77      217.9464   166      174.0000      238.0000    17402   36.78%
     85    83      235.0000   231      174.0000      238.0000    19503   36.78%
     90    86      221.0000   201      174.0000      238.0000    21618   36.78%
     96    92      220.0000   221      174.0000      238.0000    24568   36.78%
    106   102      211.3315   165      174.0000      238.0000    27418   36.78%
    228   206      235.0000   168      174.0000      238.0000    34302   36.78%
Elapsed time = 3.13 sec. (4136.55 ticks, tree = 1.33 MB, solutions = 7)
    397   369      235.0000   196      174.0000      238.0000    43542   36.78%
*   514+  447                          178.0000      238.0000            33.71%
*   516+  441                          180.0000      238.0000            32.22%
    516   443      229.9046   239      180.0000      238.0000    51512   32.22%
*   518+  436                          182.0000      238.0000            30.77%

Performing restart 1

Repeating presolve.
Tried aggregator 1 time.
MIP Presolve eliminated 4 rows and 0 columns.
MIP Presolve modified 1804 coefficients.
Reduced MIP has 1496 rows, 2080 columns, and 7474 nonzeros.
Reduced MIP has 1832 binaries, 198 generals, 0 SOSs, and 0 indicators.
Presolve time = 0.01 sec. (7.13 ticks)
Tried aggregator 1 time.
Reduced MIP has 1496 rows, 2080 columns, and 7474 nonzeros.
Reduced MIP has 1832 binaries, 198 generals, 0 SOSs, and 0 indicators.
Presolve time = 0.01 sec. (5.45 ticks)
Represolve time = 0.04 sec. (34.34 ticks)
    628     0      232.7634   319      182.0000     Cuts: 326    64765   27.89%
    628     0      231.0315   319      182.0000     Cuts: 349    66141   26.94%
    628     0      230.5262   319      182.0000     Cuts: 224    68183   26.66%
    628     0      229.2024   319      182.0000     Cuts: 189    69292   25.94%
    628     0      227.7121   319      182.0000     Cuts: 294    70942   25.12%
    628     0      226.7721   319      182.0000     Cuts: 264    73314   24.60%
    628     0      226.5335   319      182.0000     Cuts: 275    74801   24.47%
    628     0      226.4371   319      182.0000     Cuts: 311    76039   24.42%
    628     0      226.3428   319      182.0000     Cuts: 192    76656   24.36%
    628     0      226.0670   319      182.0000     Cuts: 193    77323   24.21%
    628     0      226.0077   319      182.0000     Cuts: 263    78040   24.18%
    628     0      225.9526   319      182.0000     Cuts: 214    78831   24.15%
    628     0      225.8998   319      182.0000     Cuts: 236    79689   24.12%
    628     0      225.7773   319      182.0000     Cuts: 228    80399   24.05%
    628     0      225.5083   319      182.0000     Cuts: 240    83652   23.91%
    628     0      225.3141   319      182.0000     Cuts: 278    84696   23.80%
    628     0      225.2572   319      182.0000     Cuts: 218    85078   23.77%
    628     0      225.1773   319      182.0000     Cuts: 208    87102   23.72%
    628     0      225.0839   319      182.0000     Cuts: 320    88174   23.67%
    628     0      225.0491   319      182.0000     Cuts: 268    89174   23.65%
    628     0      224.9672   319      182.0000     Cuts: 206    90387   23.61%
    628     0      224.9489   319      182.0000     Cuts: 163    90765   23.60%
    628     0      224.8993   319      182.0000     Cuts: 212    91344   23.57%
    628     0      224.8530   319      182.0000     Cuts: 270    91652   23.55%
    628     0      224.8403   319      182.0000     Cuts: 185    94315   23.54%
    628     0      224.7105   319      182.0000     Cuts: 120    95582   23.47%
    628     0      224.4244   319      182.0000     Cuts: 228    97312   23.31%
    628     0      224.3953   319      182.0000     Cuts: 257    97953   23.29%
    628     0      224.3876   319      182.0000     Cuts: 108    98204   23.29%
    628     0      224.3731   319      182.0000     Cuts: 178    98476   23.28%
    628     0      224.3645   319      182.0000     Cuts: 131    98755   23.28%
    628     2      224.3645   247      182.0000      224.3608    98755   23.28%
    630     4      224.1617   309      182.0000      224.2205   103274   23.20%
    635     9      223.9268   276      182.0000      224.2205   107159   23.20%
    639    13      223.8323   266      182.0000      224.2205   111681   23.20%
    648    22      221.4292   230      182.0000      224.2205   117253   23.20%
    656    30      222.8686   231      182.0000      224.2205   124028   23.20%
    667    41      222.8946   207      182.0000      224.2205   129820   23.20%
    674    48      222.4194   235      182.0000      224.2205   133196   23.20%
Elapsed time = 21.42 sec. (27987.60 ticks, tree = 0.12 MB, solutions = 10)
    683    57      221.6991   199      182.0000      224.2205   139157   23.20%
    698    72      221.1672   195      182.0000      224.2205   146644   23.20%
    723    97      208.6828   167      182.0000      224.2205   155564   23.20%
    753   127      216.4677   165      182.0000      224.2205   165151   23.20%
    848   202      223.4907   231      182.0000      224.1386   172817   23.15%
    863   217      219.6667   236      182.0000      224.1386   181129   23.15%
    894   248      211.0528   170      182.0000      224.1386   190526   23.15%
    919   273      199.4397   165      182.0000      224.1386   200389   23.15%
   1010   347      217.8582   192      182.0000      224.0059   211293   23.08%
   1053   390      221.6509   220      182.0000      223.9359   221029   23.04%
Elapsed time = 28.76 sec. (38429.50 ticks, tree = 0.60 MB, solutions = 10)
   1105   442      213.1237   151      182.0000      223.9359   232135   23.04%
   1146   479      206.0298   172      182.0000      223.9353   242980   23.04%
   1178   507      220.0688   209      182.0000      223.8858   249787   23.01%
   1195   524      215.8999   239      182.0000      223.8858   259190   23.01%
   1218   547      213.8941   169      182.0000      223.8858   267051   23.01%
   1273   590      223.8358   246      182.0000      223.8798   276075   23.01%
   1305   622      215.5519   181      182.0000      223.8798   285070   23.01%
   1360   668      220.3400   246      182.0000      223.8506   292719   22.99%
   1411   715      223.5012   242      182.0000      223.8243   299955   22.98%
*  1428+  730                          184.0000      223.8243            21.64%
   1433   737      211.5417   168      184.0000      223.8243   306053   21.64%
Elapsed time = 35.75 sec. (48336.87 ticks, tree = 1.02 MB, solutions = 11)
   1498   794      217.7948   227      184.0000      223.8083   316426   21.63%
*  1528+  795                          188.0000      223.8083            19.05%
*  1528+  790                          190.0000      223.8083            17.79%
   1528   789      190.0000     0      190.0000      223.8083   320697   17.79%
   1550   811      206.0000   148      190.0000      223.8037   330871   17.79%
   1590   851      199.5433   168      190.0000      223.8037   341538   17.79%
   1628   877      221.3367   218      190.0000      223.7896   347093   17.78%
   1655   900      222.8043   269      190.0000      223.7385   355844   17.76%
   1677   922      218.2073   224      190.0000      223.7385   363515   17.76%
   1723   956      221.7788   232      190.0000      223.7284   374449   17.75%
   1728   961      219.5386   229      190.0000      223.7284   375855   17.75%
   1794  1015      222.0207   224      190.0000      223.6637   385344   17.72%
Elapsed time = 45.58 sec. (61133.45 ticks, tree = 1.34 MB, solutions = 13)
   1863  1082      200.5279   117      190.0000      223.6637   394780   17.72%
   1918  1123      217.5998   202      190.0000      223.5936   403871   17.68%
   1961  1166      207.9214   125      190.0000      223.5936   413778   17.68%
   2064  1238      215.9928   198      190.0000      223.5839   424312   17.68%
   2097  1266      217.7584   216      190.0000      223.5835   434422   17.68%
   2122  1287      216.8460   198      190.0000      223.5754   443951   17.67%
   2128  1293      216.3629   213      190.0000      223.5754   444948   17.67%
   2165  1330      202.3629   133      190.0000      223.5754   453754   17.67%
   2219  1380      216.4019   225      190.0000      223.5300   463840   17.65%
   2246  1407      196.5273   172      190.0000      223.5300   473431   17.65%
Elapsed time = 53.12 sec. (71478.49 ticks, tree = 1.84 MB, solutions = 13)
   2277  1432      204.8791   172      190.0000      223.5035   484181   17.63%
   2347  1491      214.1616   232      190.0000      223.5016   495226   17.63%
   2424  1565      219.6253   229      190.0000      223.5015   505800   17.63%
   2507  1639        cutoff            190.0000      223.5012   519403   17.63%
   2585  1706      223.2632   253      190.0000      223.5012   529235   17.63%
   2637  1758      213.5806   158      190.0000      223.5012   542316   17.63%
   2718  1832      223.4665   251      190.0000      223.5012   552251   17.63%
   2728  1842      216.0356   185      190.0000      223.5012   555837   17.63%
   2808  1914      205.0323   198      190.0000      223.5012   566755   17.63%
   2858  1961      213.1899   171      190.0000      223.5012   575207   17.63%
Elapsed time = 60.37 sec. (81442.19 ticks, tree = 2.49 MB, solutions = 13)
   2931  2025      215.7041   240      190.0000      223.5012   583350   17.63%
   3004  2094      222.3929   225      190.0000      223.4973   594024   17.63%
   3020  2110      212.4051   210      190.0000      223.4973   602495   17.63%
   3039  2129      205.4705   162      190.0000      223.4973   609785   17.63%
   3093  2178      223.4817   207      190.0000      223.4952   619271   17.63%
   3141  2226      209.3296   170      190.0000      223.4952   628616   17.63%
   3228  2301      199.6310   125      190.0000      223.4952   637260   17.63%
   3281  2346      206.4948   163      190.0000      223.4907   646564   17.63%
   3304  2365      213.6607   197      190.0000      223.4907   653983   17.63%
   3362  2414      217.4939   198      190.0000      223.4907   663738   17.63%
Elapsed time = 68.14 sec. (92146.78 ticks, tree = 3.11 MB, solutions = 13)
   3409  2461      204.9423   126      190.0000      223.4907   674582   17.63%
   3454  2503      218.4963   173      190.0000      223.4905   684232   17.63%
   3520  2565      206.2500   156      190.0000      223.4882   695507   17.63%
   3616  2652      222.6482   247      190.0000      223.4882   704725   17.63%
   3680  2715      193.6385   123      190.0000      223.4882   716872   17.63%
   3741  2768      221.0651   249      190.0000      223.4755   728426   17.62%
   3768  2795      217.0220   231      190.0000      223.4755   739738   17.62%
   3804  2831      215.5697   180      190.0000      223.4755   751960   17.62%
   3828  2847      208.0000   151      190.0000      223.4730   760763   17.62%
   3863  2878      217.5385   227      190.0000      223.4683   771965   17.61%
Elapsed time = 76.48 sec. (103282.70 ticks, tree = 3.66 MB, solutions = 13)
   3933  2938      218.5630   227      190.0000      223.4683   783249   17.61%
   3978  2977      219.0265   238      190.0000      223.4638   795023   17.61%
   4035  3030      221.1356   255      190.0000      223.4605   806056   17.61%
   4057  3052      211.1585   213      190.0000      223.4605   818393   17.61%
   4152  3137      217.1470   242      190.0000      223.4604   830120   17.61%
   4204  3181      217.9574   266      190.0000      223.4519   842808   17.61%
   4239  3216      206.2500   139      190.0000      223.4519   851789   17.61%
   4256  3229      214.1729   199      190.0000      223.4432   860544   17.60%
   4345  3314      196.5795   115      190.0000      223.4432   870040   17.60%
   4486  3433    infeasible            190.0000      223.4189   895895   17.59%
Elapsed time = 85.99 sec. (116378.44 ticks, tree = 4.32 MB, solutions = 13)
   4665  3589      192.0000   109      190.0000      223.3378   930766   17.55%
   4850  3754      202.0000   127      190.0000      223.2522   971032   17.50%
   5125  4003      215.0611   272      190.0000      223.1579  1008658   17.45%
   5236  4103      192.1026   166      190.0000      223.1549  1041401   17.45%
   5385  4236      219.6863   284      190.0000      223.1106  1084214   17.43%
   5659  4483      218.1083   210      190.0000      223.0924  1128568   17.42%
   5799  4615      201.9637   148      190.0000      223.0628  1160932   17.40%
   6014  4798      211.0655   207      190.0000      223.0573  1204497   17.40%
   6228  4978      209.8406   176      190.0000      223.0105  1245259   17.37%
   6393  5126      208.4654   192      190.0000      222.9993  1283848   17.37%
Elapsed time = 115.57 sec. (156603.61 ticks, tree = 6.51 MB, solutions = 13)
   6535  5260      200.9057   171      190.0000      222.9948  1323763   17.37%
   6724  5431      209.3724   176      190.0000      222.9652  1362459   17.35%
   6928  5611      217.9525   251      190.0000      222.9379  1401883   17.34%
   7151  5815      219.8182   238      190.0000      222.8686  1447444   17.30%
   7264  5914      219.5568   234      190.0000      222.8218  1480589   17.27%
   7392  6038      204.8372   168      190.0000      222.8058  1517516   17.27%
Starting limited solution polishing.
   7564  6201      206.1922   206      190.0000      222.8042  1561948   17.27%
   7738  6358      199.4357   156      190.0000      222.7903  1597121   17.26%
   7931  6526      221.9193   242      190.0000      222.7181  1641143   17.22%
   8055  6640      210.0741   210      190.0000      222.7001  1670484   17.21%
Elapsed time = 145.44 sec. (196530.29 ticks, tree = 8.35 MB, solutions = 13)
*  8128+ 6521                          192.0000      222.6482            15.96%
   8138  6533      199.5577   200      192.0000      222.6482  1701253   15.96%

GUB cover cuts applied:  107
Clique cuts applied:  174
Cover cuts applied:  90
Implied bound cuts applied:  164
Flow cuts applied:  33
Mixed integer rounding cuts applied:  132
Zero-half cuts applied:  70
Gomory fractional cuts applied:  14

Root node processing (before b&c):
  Real time             =    0.67 sec. (774.64 ticks)
Sequential b&c:
  Real time             =  149.34 sec. (201865.26 ticks)
                          ------------
Total (root+branch&cut) =  150.00 sec. (202639.89 ticks)

Solution pool: 15 solutions saved.

MIP - Time limit exceeded, integer feasible:  Objective =  1.9200000000e+02
Current MIP best bound =  2.2264822050e+02 (gap = 30.6482, 15.96%)
Solution time =  150.00 sec.  Iterations = 1716936  Nodes = 8253 (6634)
Deterministic time = 202639.91 ticks  (1350.93 ticks/sec)


Incumbent solution
Variable Name           Solution Value
F                           192.000000
y3                            1.000000
y49                           1.000000
y50                           1.000000
y54                           1.000000
y66                           1.000000
y68                           1.000000
y72                           1.000000
y77                           1.000000
y84                           1.000000
y94                           1.000000
y97                           1.000000
y104                          1.000000
y108                          1.000000
y111                          1.000000
y124                          1.000000
y125                          1.000000
y135                          1.000000
y142                          1.000000
y158                          1.000000
y163                          1.000000
y166                          1.000000
y169                          1.000000
y193                          1.000000
y194                          1.000000
y223                          1.000000
y226                          1.000000
y232                          1.000000
y241                          1.000000
y251                          1.000000
x38x163x1                     1.000000
x45x68x1                      1.000000
x118x49x1                     1.000000
x118x72x1                     1.000000
x139x226x1                    1.000000
x181x68x1                     1.000000
x233x135x1                    1.000000
x233x158x1                    1.000000
x1x226x2                      1.000000
x83x232x2                     2.000000
x145x108x2                    1.000000
x168x72x2                     1.000000
x198x49x2                     1.000000
x198x108x2                    1.000000
x45x84x3                      1.000000
x114x142x3                    2.000000
x154x50x3                     1.000000
x154x193x3                    1.000000
x168x163x3                    1.000000
x181x135x3                    1.000000
x214x84x3                     1.000000
x49x3x1                       1.000000
b3b0b1                        1.000000
x49x3x2                       1.000000
x3x97x2                       1.000000
x163x50x1                     1.000000
b50b0b1                       1.000000
x50x54x3                      1.000000
x193x54x3                     1.000000
b54b0b3                       2.000000
x68x66x1                      1.000000
x66x194x1                     1.000000
x72x66x2                      1.000000
x66x97x2                      1.000000
x68x104x1                     1.000000
x72x125x1                     1.000000
x226x77x2                     1.000000
x77x194x2                     1.000000
x163x77x3                     1.000000
x77x111x3                     1.000000
x84x104x3                     1.000000
x84x193x3                     1.000000
x108x94x2                     2.000000
x94x124x2                     1.000000
x94x251x2                     1.000000
b97b0b2                       2.000000
x104x241x1                    1.000000
x104x223x3                    1.000000
x169x111x3                    1.000000
b111b0b3                      2.000000
b124b0b2                      1.000000
x193x124x3                    1.000000
b124b0b3                      1.000000
x226x125x1                    1.000000
b125b0b1                      1.000000
x125x241x1                    1.000000
x135x158x1                    1.000000
x135x223x3                    1.000000
x142x169x3                    2.000000
b158b0b1                      2.000000
x232x166x2                    2.000000
b166b0b2                      2.000000
x169x251x3                    1.000000
b194b0b1                      1.000000
b194b0b2                      1.000000
b223b0b3                      2.000000
b241b0b1                      2.000000
b251b0b2                      1.000000
b251b0b3                      1.000000
s1                            3.835994
s3                            8.111114
s5                            6.000000
s10                           7.770000
s13                           6.760000
s39                           8.940000
s49                           6.447052
s51                           8.090000
s52                           6.000000
s61                           8.030000
z1z61z2                       1.000000
s66                           7.461543
s72                           6.000000
s77                           8.000000
s94                           7.615084
z1z94z2                       1.000000
s97                           9.310000
z1z97z2                       1.000000
s98                           6.010000
s100                          6.686722
z1z100z2                      1.000000
s102                          8.180000
s108                          6.388711
z1z108z2                      1.000000
s112                          6.000000
z1z112z2                      1.000000
s124                          9.020000
s134                          6.000000
z1z134z2                      1.000000
s136                          7.030000
s150                          8.060000
z1z150z2                      1.000000
s155                          6.000000
s156                          6.840000
s165                          6.000000
z1z165z2                      1.000000
s166                          8.373701
z1z166z2                      1.000000
s177                          9.080000
s186                          8.190000
s190                          7.970000
z1z190z2                      1.000000
s194                          9.040552
s208                          8.010000
z1z208z2                      1.000000
s226                          6.030364
z1z226z2                      1.000000
s232                          6.746715
z1z232z2                      1.000000
s245                          7.600000
s246                          7.090000
z1z246z2                      1.000000
s251                          9.460000
s2                            6.730000
s50                           7.503732
s54                           8.950000
z5z54z3                       1.000000
s57                           9.170000
z5z61z2                       1.000000
s74                           9.180000
z5z74z3                       1.000000
z5z97z2                       1.000000
s103                          8.060000
s104                          7.586338
s111                          9.170000
z5z111z3                      1.000000
s121                          7.170000
s128                          8.160000
s147                          7.570000
z5z150z2                      1.000000
z5z166z2                      1.000000
s169                          8.104619
z5z169z3                      1.000000
z5z190z2                      1.000000
s193                          7.553740
z5z208z2                      1.000000
s223                          9.190000
z5z223z3                      1.000000
s38                           4.850000
s8                            6.750000
z38z8z1                       1.000000
s16                           6.000000
s22                           6.553817
s34                           6.000000
z38z34z1                      1.000000
s68                           6.000000
z38z68z1                      1.000000
s125                          7.781637
z38z125z1                     1.000000
s135                          6.546885
s158                          8.110000
z38z158z1                     1.000000
s163                          6.275697
z38z163z1                     1.000000
s170                          6.600048
s191                          6.770000
z38z191z1                     1.000000
s224                          9.200000
z38z224z1                     1.000000
s241                          9.110000
z38z241z1                     1.000000
s248                          7.790000
z38z248z1                     1.000000
s45                           3.855394
z45z8z1                       1.000000
z45z34z1                      1.000000
z45z54z3                      1.000000
z45z68z1                      1.000000
z45z74z3                      1.000000
s84                           6.307850
z45z84z3                      1.000000
z45z111z3                     1.000000
z45z121z3                     1.000000
z45z125z1                     1.000000
s142                          6.461156
z45z142z3                     1.000000
z45z158z1                     1.000000
z45z169z3                     1.000000
z45z170z1                     1.000000
z45z191z1                     1.000000
z45z193z3                     1.000000
z45z223z3                     1.000000
z45z224z1                     1.000000
z45z241z1                     1.000000
z45z248z1                     1.000000
z52z61z2                      1.000000
z52z97z2                      1.000000
z52z150z2                     1.000000
z52z166z2                     1.000000
z52z190z2                     1.000000
z52z208z2                     1.000000
z52z224z1                     1.000000
z52z241z1                     1.000000
s83                           5.280000
z83z61z2                      1.000000
z83z97z2                      1.000000
z83z150z2                     1.000000
z83z166z2                     1.000000
z83z190z2                     1.000000
z83z208z2                     1.000000
z83z232z2                     1.000000
z83z246z2                     1.000000
s114                          4.980000
z114z54z3                     1.000000
z114z74z3                     1.000000
z114z111z3                    1.000000
z114z121z3                    1.000000
z114z142z3                    1.000000
z114z169z3                    1.000000
z114z223z3                    1.000000
s118                          3.429943
z118z8z1                      1.000000
z118z34z1                     1.000000
z118z49z1                     1.000000
z118z68z1                     1.000000
z118z72z1                     1.000000
z118z125z1                    1.000000
z118z158z1                    1.000000
z118z170z1                    1.000000
z118z191z1                    1.000000
z118z224z1                    1.000000
z118z241z1                    1.000000
z118z248z1                    1.000000
s139                          4.186639
z139z8z1                      1.000000
z139z125z1                    1.000000
z139z158z1                    1.000000
z139z170z1                    1.000000
z139z191z1                    1.000000
z139z224z1                    1.000000
z139z226z1                    1.000000
z139z241z1                    1.000000
z139z248z1                    1.000000
s145                          2.178040
z145z61z2                     1.000000
z145z94z2                     1.000000
z145z97z2                     1.000000
z145z100z2                    1.000000
z145z108z2                    1.000000
z145z112z2                    1.000000
z145z134z2                    1.000000
z145z150z2                    1.000000
z145z165z2                    1.000000
z145z166z2                    1.000000
z145z190z2                    1.000000
z145z208z2                    1.000000
z145z232z2                    1.000000
z145z246z2                    1.000000
s154                          5.680000
z154z50z3                     1.000000
z154z54z3                     1.000000
z154z74z3                     1.000000
z154z111z3                    1.000000
z154z169z3                    1.000000
z154z193z3                    1.000000
z154z223z3                    1.000000
s168                          4.150000
z168z54z3                     1.000000
z168z61z2                     1.000000
z168z72z2                     1.000000
z168z74z3                     1.000000
z168z84z3                     1.000000
z168z94z2                     1.000000
z168z97z2                     1.000000
z168z100z2                    1.000000
z168z108z2                    1.000000
z168z111z3                    1.000000
z168z112z2                    1.000000
z168z121z3                    1.000000
z168z134z2                    1.000000
z168z142z3                    1.000000
z168z150z2                    1.000000
z168z163z3                    1.000000
z168z165z2                    1.000000
z168z166z2                    1.000000
z168z169z3                    1.000000
z168z190z2                    1.000000
z168z193z3                    1.000000
z168z208z2                    1.000000
z168z223z3                    1.000000
z168z232z2                    1.000000
z168z246z2                    1.000000
s181                          4.222078
z181z8z1                      1.000000
z181z34z1                     1.000000
z181z54z3                     1.000000
z181z68z1                     1.000000
z181z74z3                     1.000000
z181z111z3                    1.000000
z181z121z3                    1.000000
z181z125z1                    1.000000
z181z135z3                    1.000000
z181z142z3                    1.000000
z181z158z1                    1.000000
z181z169z3                    1.000000
z181z191z1                    1.000000
z181z193z3                    1.000000
z181z223z3                    1.000000
z181z224z1                    1.000000
z181z241z1                    1.000000
z181z248z1                    1.000000
s198                          4.843410
z198z49z2                     1.000000
z198z61z2                     1.000000
z198z94z2                     1.000000
z198z97z2                     1.000000
z198z108z2                    1.000000
z198z150z2                    1.000000
z198z166z2                    1.000000
z198z190z2                    1.000000
z198z208z2                    1.000000
z198z246z2                    1.000000
s214                          2.833748
z214z54z3                     1.000000
z214z74z3                     1.000000
z214z84z3                     1.000000
z214z111z3                    1.000000
z214z121z3                    1.000000
z214z142z3                    1.000000
z214z169z3                    1.000000
z214z193z3                    1.000000
z214z223z3                    1.000000
s233                          5.140000
z233z125z1                    1.000000
z233z135z1                    1.000000
z233z158z1                    1.000000
z233z170z1                    1.000000
z233z224z1                    1.000000
z233z241z1                    1.000000
z3z97z2                       1.000000
z8z224z1                      1.000000
z16z54z3                      1.000000
z16z74z3                      1.000000
z16z111z3                     1.000000
z16z169z3                     1.000000
z16z223z3                     1.000000
z16z224z1                     1.000000
z16z241z1                     1.000000
z22z224z1                     1.000000
z34z125z1                     1.000000
z34z158z1                     1.000000
z34z224z1                     1.000000
z34z241z1                     1.000000
z49z3z1                       1.000000
z49z3z2                       1.000000
z49z224z1                     1.000000
z50z54z3                      1.000000
z66z97z2                      1.000000
z66z194z1                     1.000000
z66z224z1                     1.000000
z68z66z1                      1.000000
z68z104z1                     1.000000
z68z224z1                     1.000000
z68z241z1                     1.000000
z72z61z2                      1.000000
z72z66z2                      1.000000
z72z97z2                      1.000000
z72z125z1                     1.000000
z72z150z2                     1.000000
z72z166z2                     1.000000
z72z190z2                     1.000000
z72z208z2                     1.000000
z72z224z1                     1.000000
z72z241z1                     1.000000
z77z111z3                     1.000000
z77z194z2                     1.000000
z84z74z3                      1.000000
z84z104z3                     1.000000
z84z111z3                     1.000000
z84z193z3                     1.000000
z84z223z3                     1.000000
z94z97z2                      1.000000
z94z124z2                     1.000000
z94z251z2                     1.000000
z98z224z1                     1.000000
z104z223z3                    1.000000
z104z241z1                    1.000000
z108z94z2                     1.000000
z108z150z2                    1.000000
z108z166z2                    1.000000
z108z208z2                    1.000000
z112z61z2                     1.000000
z112z97z2                     1.000000
z112z150z2                    1.000000
z112z166z2                    1.000000
z112z190z2                    1.000000
z112z208z2                    1.000000
z125z241z1                    1.000000
z134z61z2                     1.000000
z134z97z2                     1.000000
z134z150z2                    1.000000
z134z166z2                    1.000000
z134z190z2                    1.000000
z134z208z2                    1.000000
z135z158z1                    1.000000
z135z223z3                    1.000000
z135z224z1                    1.000000
z142z74z3                     1.000000
z142z111z3                    1.000000
z142z169z3                    1.000000
z142z223z3                    1.000000
z147z224z1                    1.000000
z163z50z1                     1.000000
z163z77z3                     1.000000
z163z224z1                    1.000000
z165z61z2                     1.000000
z165z97z2                     1.000000
z165z150z2                    1.000000
z165z166z2                    1.000000
z165z190z2                    1.000000
z165z208z2                    1.000000
z169z111z3                    1.000000
z169z251z3                    1.000000
z170z158z1                    1.000000
z170z224z1                    1.000000
z191z224z1                    1.000000
z193z54z3                     1.000000
z193z74z3                     1.000000
z193z124z3                    1.000000
z193z223z3                    1.000000
z226z61z2                     1.000000
z226z77z2                     1.000000
z226z97z2                     1.000000
z226z125z1                    1.000000
z226z150z2                    1.000000
z226z166z2                    1.000000
z226z190z2                    1.000000
z226z208z2                    1.000000
z226z224z1                    1.000000
z226z241z1                    1.000000
z232z97z2                     1.000000
z232z166z2                    1.000000
All other variables in the range 1-4050 are 0.
