
Log started (V12.10.0.0) Thu Apr 15 18:15:50 2021


Problem 'asset.lp' read.
Read time = 0.01 sec. (0.33 ticks)
New value for default parallel thread count: 1
New value for time limit in seconds: 150
Version identifier: 12.10.0.0 | 2019-11-26 | 843d4de
CPXPARAM_Threads                                 1
CPXPARAM_TimeLimit                               150
Found incumbent of value 0.000000 after 0.00 sec. (0.09 ticks)
Tried aggregator 3 times.
MIP Presolve eliminated 815 rows and 322 columns.
MIP Presolve added 1 rows and 0 columns.
MIP Presolve modified 2809 coefficients.
Aggregator did 1101 substitutions.
Reduced MIP has 1024 rows, 1495 columns, and 6151 nonzeros.
Reduced MIP has 1331 binaries, 127 generals, 0 SOSs, and 0 indicators.
Presolve time = 0.02 sec. (14.32 ticks)
Probing time = 0.00 sec. (2.66 ticks)
Tried aggregator 1 time.
Detecting symmetries...
MIP Presolve modified 180 coefficients.
Reduced MIP has 1024 rows, 1495 columns, and 6151 nonzeros.
Reduced MIP has 1331 binaries, 127 generals, 0 SOSs, and 0 indicators.
Presolve time = 0.00 sec. (4.04 ticks)
Probing time = 0.00 sec. (2.59 ticks)
Clique table members: 4017.
MIP emphasis: balance optimality and feasibility.
MIP search method: dynamic search.
Parallel mode: none, using 1 thread.
Root relaxation solution time = 0.01 sec. (15.02 ticks)

        Nodes                                         Cuts/
   Node  Left     Objective  IInf  Best Integer    Best Bound    ItCnt     Gap

*     0+    0                            0.0000      306.0000              --- 
      0     0      298.5000   214        0.0000      298.5000      460     --- 
      0     0      298.5000   214        0.0000     Cuts: 128      842     --- 
      0     0      298.5000   214        0.0000     Cuts: 356     1300     --- 
      0     0      298.5000   214        0.0000     Cuts: 146     1675     --- 
      0     0      298.5000   214        0.0000     Cuts: 356     2297     --- 
*     0+    0                            6.0000      298.5000              --- 
*     0+    0                          150.0000      298.5000            99.00%
*     0+    0                          153.0000      298.5000            95.10%
*     0+    0                          168.0000      298.5000            77.68%
*     0+    0                          171.0000      298.5000            74.56%
*     0+    0                          183.0000      298.5000            63.11%
      0     0        cutoff            183.0000      298.5000     2297   63.11%
*     0+    0                          189.0000      298.5000            57.94%
      0     2      298.5000   152      189.0000      298.5000     2297   57.94%
Elapsed time = 0.78 sec. (831.12 ticks, tree = 0.01 MB, solutions = 7)
     30    32      297.0000   133      189.0000      298.5000     6621   57.94%
    110    99      246.0000    37      189.0000      298.5000    10750   57.94%
*   145   114      integral     0      231.0000      298.5000    11212   29.22%
    200   166      279.0000   106      231.0000      297.0000    14164   28.57%
    293   239      276.0000   103      231.0000      297.0000    17254   28.57%
    378   319      296.1868   165      231.0000      297.0000    20995   28.57%
    471   406      291.0000   190      231.0000      297.0000    24402   28.57%

Performing restart 1

Repeating presolve.
Tried aggregator 1 time.
MIP Presolve eliminated 1 rows and 0 columns.
MIP Presolve modified 1169 coefficients.
Reduced MIP has 1023 rows, 1495 columns, and 5141 nonzeros.
Reduced MIP has 1331 binaries, 127 generals, 0 SOSs, and 0 indicators.
Presolve time = 0.00 sec. (4.95 ticks)
Tried aggregator 1 time.
Reduced MIP has 1023 rows, 1495 columns, and 5141 nonzeros.
Reduced MIP has 1331 binaries, 127 generals, 0 SOSs, and 0 indicators.
Presolve time = 0.00 sec. (3.94 ticks)
Represolve time = 0.03 sec. (22.58 ticks)
    483     0      298.2720   272      231.0000      Cuts: 95    28478   28.57%
    483     0      294.9000   272      231.0000     Cuts: 337    29757   27.66%
    483     0      294.0000   272      231.0000     Cuts: 272    30645   27.27%
    483     0      293.9147   272      231.0000     Cuts: 275    33486   27.24%
    483     0      292.5000   272      231.0000     Cuts: 193    34362   26.62%
    483     0      292.5000   272      231.0000     Cuts: 172    35000   26.62%
    483     0      292.5000   272      231.0000     Cuts: 168    35690   26.62%
    483     0      292.5000   272      231.0000      Cuts: 18    35933   26.62%
    483     0      292.5000   272      231.0000     Cuts: 220    36616   26.62%
    483     0      292.5000   272      231.0000      Cuts: 34    36998   26.62%
    483     0      292.5000   272      231.0000     Cuts: 238    37616   26.62%
    483     0      292.5000   272      231.0000      Cuts: 34    37873   26.62%
    483     0      292.5000   272      231.0000     Cuts: 310    38588   26.62%
    483     2      292.5000   195      231.0000      292.5000    38588   26.62%
    485     4      291.0000   202      231.0000      292.5000    40113   26.62%
    488     7      292.5000   196      231.0000      292.5000    40323   26.62%
    501    20      292.5000   212      231.0000      292.5000    45533   26.62%
Elapsed time = 6.70 sec. (8786.88 ticks, tree = 0.02 MB, solutions = 8)
    517    36      292.5000   176      231.0000      292.5000    49222   26.62%
    553    72      291.0000   161      231.0000      292.5000    55391   26.62%
    631   144      252.0000   149      231.0000      292.5000    62034   26.62%
    713   213      286.3405   199      231.0000      292.5000    69775   26.62%
    790   280      290.7350   185      231.0000      292.5000    80396   26.62%
    872   347      284.8452   204      231.0000      292.5000    93045   26.62%
    931   398      291.5996   198      231.0000      292.5000   102312   26.62%
   1063   508      291.4687   202      231.0000      292.5000   115742   26.62%
   1205   620      286.3534   192      231.0000      292.5000   129558   26.62%
   1246   649      292.5000   251      231.0000      292.5000   140682   26.62%
Elapsed time = 14.09 sec. (19234.39 ticks, tree = 0.62 MB, solutions = 8)
   1293   688      256.5000   135      231.0000      292.5000   151524   26.62%
   1446   809      285.4078   176      231.0000      292.5000   163200   26.62%
   1518   875      239.0000    41      231.0000      292.5000   172837   26.62%
   1558   899      285.4924   191      231.0000      292.5000   180642   26.62%
   1677  1007      249.0000    84      231.0000      292.5000   193898   26.62%
   1696  1019      292.5000   272      231.0000      292.5000   200166   26.62%
   1713  1036      289.6461   236      231.0000      292.5000   211224   26.62%
   1759  1082      283.3266   173      231.0000      292.5000   224020   26.62%
   1799  1114      251.0611   171      231.0000      292.5000   232431   26.62%
   1841  1145      270.0212   178      231.0000      292.5000   243966   26.62%
Elapsed time = 21.11 sec. (28977.74 ticks, tree = 1.10 MB, solutions = 8)
   1887  1182      259.4326   164      231.0000      292.5000   256256   26.62%
   1958  1238      279.2793   222      231.0000      292.5000   268455   26.62%
   2002  1280      255.7570   145      231.0000      292.5000   279704   26.62%
   2014  1286      292.2052   242      231.0000      292.5000   282596   26.62%
   2066  1330      286.4060   187      231.0000      292.5000   294819   26.62%
   2134  1391      280.6025   189      231.0000      292.5000   306532   26.62%
   2190  1440      284.4595   222      231.0000      292.4751   318511   26.61%
   2248  1494      290.9699   246      231.0000      292.3845   331685   26.57%
   2279  1525      261.4303   136      231.0000      292.3845   343291   26.57%
   2330  1567      289.1749   216      231.0000      292.3147   355780   26.54%
Elapsed time = 28.49 sec. (39019.85 ticks, tree = 1.59 MB, solutions = 8)
   2415  1643      283.3048   204      231.0000      292.2000   367594   26.49%
   2483  1703      251.8001    89      231.0000      292.2000   376788   26.49%
   2568  1772      286.0669   241      231.0000      292.1255   389895   26.46%
   2607  1811      267.9959   163      231.0000      292.1255   401222   26.46%
   2657  1844      286.9734   214      231.0000      291.9128   413051   26.37%
   2693  1876      246.7179   110      231.0000      291.9128   424136   26.37%
   2770  1943      282.6413   195      231.0000      291.6649   436682   26.26%
   2822  1990      278.2739   189      231.0000      291.6640   448428   26.26%
   2858  2026      263.3539   139      231.0000      291.6640   460822   26.26%
   2958  2114      269.3209   103      231.0000      291.5321   474603   26.20%
Elapsed time = 36.01 sec. (49056.11 ticks, tree = 2.17 MB, solutions = 8)
   3093  2235      288.8112   217      231.0000      291.5321   488064   26.20%
   3177  2310      246.3651   118      231.0000      291.4926   502816   26.19%
   3343  2446      286.3183   204      231.0000      291.4828   519017   26.18%
   3367  2470      268.8682   176      231.0000      291.4828   532268   26.18%
   3447  2537      260.5415   157      231.0000      291.4440   544668   26.17%
   3477  2559      272.9814   178      231.0000      291.4348   554963   26.16%
   3527  2609      249.0000    52      231.0000      291.4348   567214   26.16%
   3568  2646      261.2784   177      231.0000      291.4119   577235   26.15%
   3620  2689      268.3828   189      231.0000      291.3809   589176   26.14%
   3704  2763      286.2801   216      231.0000      291.3260   598127   26.12%
Elapsed time = 43.29 sec. (58922.15 ticks, tree = 3.09 MB, solutions = 8)
   3804  2841      284.6747   197      231.0000      291.2542   609274   26.08%
*  3879  2806      integral     0      234.0000      291.2542   615176   24.47%
   3926  2847      290.1677   232      234.0000      291.1656   620782   24.43%
   3986  2898      264.5283   170      234.0000      291.1389   629598   24.42%
   4070  2962      291.0410   221      234.0000      291.0951   639735   24.40%
   4145  3025      273.5702   168      234.0000      291.0410   650924   24.38%
   4271  3139      258.0000   134      234.0000      291.0000   662357   24.36%
   4350  3208      277.0585   167      234.0000      291.0000   672999   24.36%
   4450  3299      288.9587   216      234.0000      291.0000   686318   24.36%
   4585  3412      287.5727   227      234.0000      291.0000   697346   24.36%
   4751  3563      252.0000    79      234.0000      291.0000   708371   24.36%
Elapsed time = 50.76 sec. (69128.75 ticks, tree = 8.27 MB, solutions = 9)
   4865  3654      243.1268    51      234.0000      291.0000   719869   24.36%
   4989  3764      257.1928    79      234.0000      291.0000   731368   24.36%
   5154  3914      249.6210    50      234.0000      291.0000   742541   24.36%
   5294  4035      287.3424   195      234.0000      291.0000   753849   24.36%
   5421  4148      281.7765   206      234.0000      291.0000   765570   24.36%
   5541  4243      275.0359   179      234.0000      291.0000   776727   24.36%
   5653  4339      280.2294   157      234.0000      291.0000   787631   24.36%
   5740  4411      264.6500   171      234.0000      290.9901   798189   24.35%
   5835  4487      263.4167   172      234.0000      290.9441   809318   24.34%
   5990  4632      261.0843   138      234.0000      290.9423   820349   24.33%
Elapsed time = 57.88 sec. (78741.45 ticks, tree = 17.35 MB, solutions = 9)
*  6050  4428      integral     0      237.0000      290.9423   822164   22.76%
   6096  4473      261.0000    38      237.0000      290.9343   829976   22.76%
*  6150+ 4200                          240.0000      290.9319            21.22%
   6187  4239      251.4645    84      240.0000      290.9319   839132   21.22%
   6343  4372      263.7427   144      240.0000      290.8003   848732   21.17%
   6464  4482      243.0000    68      240.0000      290.7644   858758   21.15%
   6558  4565      274.9295   181      240.0000      290.7277   868541   21.14%
   6648  4641      286.7951   198      240.0000      290.7062   879668   21.13%
   6715  4696      261.0000   136      240.0000      290.7062   889871   21.13%
   6838  4806      280.4438   187      240.0000      290.7000   900261   21.12%
   6939  4904      263.6926   135      240.0000      290.6661   909867   21.11%
   7018  4977      267.7933   152      240.0000      290.6613   919414   21.11%
Elapsed time = 65.05 sec. (88494.67 ticks, tree = 23.00 MB, solutions = 11)
   7083  5033      258.0000    86      240.0000      290.6613   929893   21.11%
   7226  5157      284.8615   186      240.0000      290.6395   941040   21.10%
   7326  5237      283.2172   209      240.0000      290.6006   951891   21.08%
   7442  5337      269.8102   157      240.0000      290.5939   963043   21.08%
*  7483+ 4584                          246.0000      290.5939            18.13%
   7537  4627      277.8112   152      246.0000      290.4471   971988   18.07%
   7627  4702      275.1001   186      246.0000      290.4403   983102   18.07%
   7680  4749      266.6822   101      246.0000      290.4381   993149   18.06%
   7736  4794      275.6452   229      246.0000      290.4278  1004993   18.06%
   7861  4894      288.0000   223      246.0000      290.4070  1016148   18.05%
   8193  5174      269.4636   136      246.0000      290.2721  1061041   18.00%
Elapsed time = 74.46 sec. (101225.19 ticks, tree = 27.29 MB, solutions = 12)
   8628  5567      273.1374   174      246.0000      290.1315  1104062   17.94%
   9098  5987      260.7049   125      246.0000      290.0423  1149395   17.90%
   9437  6286      267.0000   138      246.0000      289.9132  1189052   17.85%
   9876  6668      286.5683   209      246.0000      289.8000  1230057   17.80%
* 10143+ 6255                          249.0000      289.7343            16.36%
* 10143+ 5573                          252.0000      289.7343            14.97%
  10143  5575      257.0000    87      252.0000      289.7343  1260154   14.97%
  10144  5576      289.4046   232      252.0000      289.6363  1260315   14.94%
  10145  5577      282.8893   192      252.0000      289.6318  1262324   14.93%
  10406  5801      262.5000    98      252.0000      289.5000  1304639   14.88%
  10786  6137      278.6751   190      252.0000      289.3887  1344261   14.84%
  11176  6472      255.0000   132      252.0000      289.2500  1381059   14.78%
Elapsed time = 118.71 sec. (154473.47 ticks, tree = 39.50 MB, solutions = 14)
  11473  6703      281.6322   200      252.0000      288.9677  1422857   14.67%
  11876  7043      269.1354   136      252.0000      288.8637  1467570   14.63%
  12299  7413      271.8223   170      252.0000      288.7540  1512192   14.58%
  12749  7796      279.1881   231      252.0000      288.6746  1553516   14.55%
  13113  8094      273.7500   152      252.0000      288.6270  1593961   14.53%
  13468  8399      261.6821   180      252.0000      288.5019  1634245   14.48%
Starting limited solution polishing.
  13683  8579      259.5000   116      252.0000      288.4871  1664351   14.48%
  13883  8750      263.0581   134      252.0000      288.3885  1691365   14.44%
  14128  8954      278.7500   202      252.0000      288.3531  1718314   14.43%
  14343  9134      268.4947   138      252.0000      288.2727  1743094   14.39%
Elapsed time = 149.82 sec. (195184.36 ticks, tree = 61.17 MB, solutions = 14)

GUB cover cuts applied:  68
Clique cuts applied:  217
Cover cuts applied:  36
Implied bound cuts applied:  175
Flow cuts applied:  21
Mixed integer rounding cuts applied:  91
Zero-half cuts applied:  36
Gomory fractional cuts applied:  6

Root node processing (before b&c):
  Real time             =    0.78 sec. (831.49 ticks)
Sequential b&c:
  Real time             =  149.22 sec. (194604.70 ticks)
                          ------------
Total (root+branch&cut) =  150.00 sec. (195436.19 ticks)

Solution pool: 15 solutions saved.

MIP - Time limit exceeded, integer feasible:  Objective =  2.5200000000e+02
Current MIP best bound =  2.8825329626e+02 (gap = 36.2533, 14.39%)
Solution time =  150.00 sec.  Iterations = 1746122  Nodes = 14369 (9155)
Deterministic time = 195436.20 ticks  (1302.90 ticks/sec)


Incumbent solution
Variable Name           Solution Value
F                           252.000000
y15                           1.000000
y20                           1.000000
y22                           1.000000
y36                           1.000000
y41                           1.000000
y48                           1.000000
y53                           1.000000
y54                           1.000000
y66                           1.000000
y68                           1.000000
y69                           1.000000
y85                           1.000000
y90                           1.000000
y93                           1.000000
y106                          1.000000
y109                          1.000000
y116                          1.000000
y132                          1.000000
y134                          1.000000
y135                          1.000000
y143                          1.000000
y150                          1.000000
y154                          1.000000
y156                          1.000000
y162                          1.000000
y169                          1.000000
y170                          1.000000
y171                          1.000000
y172                          1.000000
y176                          1.000000
y181                          1.000000
y189                          1.000000
y190                          1.000000
x30x109x1                     1.000000
x146x150x1                    2.000000
x150x36x1                     1.000000
x150x176x1                    1.000000
x192x106x1                    1.000000
x192x171x1                    1.000000
x195x189x1                    1.000000
x23x68x2                      1.000000
x44x134x2                     1.000000
x76x90x2                      1.000000
x87x85x2                      1.000000
x87x93x2                      1.000000
x92x66x2                      2.000000
x136x68x2                     1.000000
x45x135x3                     1.000000
x76x90x3                      1.000000
x96x135x3                     1.000000
x131x85x3                     1.000000
x131x134x3                    1.000000
x136x189x3                    1.000000
x187x93x3                     1.000000
x195x171x3                    1.000000
x69x15x2                      1.000000
b15b0b2                       1.000000
x162x15x3                     1.000000
b15b0b3                       1.000000
x36x20x1                      1.000000
b20b0b1                       1.000000
x162x20x3                     1.000000
b20b0b3                       1.000000
x66x22x2                      1.000000
x134x22x2                     1.000000
x22x48x2                      1.000000
x22x53x2                      1.000000
x36x170x1                     1.000000
x109x41x3                     1.000000
x143x41x3                     1.000000
b41b0b3                       2.000000
x176x48x1                     1.000000
b48b0b1                       1.000000
b48b0b2                       1.000000
x176x53x1                     1.000000
b53b0b1                       1.000000
b53b0b2                       1.000000
x90x54x2                      1.000000
x154x54x2                     1.000000
b54b0b2                       2.000000
x66x169x2                     1.000000
x68x69x2                      2.000000
x69x116x2                     1.000000
x85x154x2                     1.000000
x85x169x3                     1.000000
x90x172x3                     1.000000
x93x106x2                     1.000000
x93x109x3                     1.000000
x106x132x1                    1.000000
x106x170x2                    1.000000
x109x132x1                    1.000000
x169x116x2                    1.000000
b116b0b2                      2.000000
b132b0b1                      2.000000
x134x143x3                    1.000000
x135x143x3                    1.000000
x135x162x3                    1.000000
x143x181x3                    1.000000
x171x154x1                    1.000000
x154x181x1                    1.000000
x190x156x1                    1.000000
b156b0b1                      1.000000
x190x156x3                    1.000000
b156b0b3                      1.000000
x171x162x3                    1.000000
x169x172x3                    1.000000
b170b0b1                      1.000000
b170b0b2                      1.000000
b172b0b3                      2.000000
b181b0b1                      1.000000
b181b0b3                      1.000000
x189x190x1                    1.000000
x189x190x3                    1.000000
s23                           4.440000
s15                           9.400000
s22                           7.410000
z23z22z2                      1.000000
s29                           7.700000
z23z29z2                      1.000000
s31                           8.650000
s32                           6.000000
z23z32z2                      1.000000
s46                           6.330000
z23z46z2                      1.000000
s48                           9.100000
s51                           6.060000
z23z51z2                      1.000000
s53                           8.890000
s54                           8.850000
z23z54z2                      1.000000
s64                           7.110000
s66                           6.000000
z23z66z2                      1.000000
s68                           6.739550
z23z68z2                      1.000000
s69                           7.941320
z23z69z2                      1.000000
s75                           6.000000
z23z75z2                      1.000000
s85                           6.120000
s86                           7.810000
z23z86z2                      1.000000
s90                           6.844500
s91                           8.930000
s93                           6.000000
s106                          7.366121
s116                          9.130000
z23z116z2                     1.000000
s118                          6.000000
s134                          6.000000
s154                          7.270849
s169                          7.566022
s170                          8.585155
s30                           2.309505
s8                            9.420000
z30z8z1                       1.000000
s20                           9.390000
s21                           6.000000
s25                           7.770000
s27                           9.110000
s36                           7.434306
z30z36z1                      1.000000
s56                           7.370000
s58                           6.000000
z30z58z1                      1.000000
s81                           7.140000
s102                          7.890000
s109                          7.523157
z30z109z1                     1.000000
s132                          9.030000
z30z132z1                     1.000000
s149                          7.190000
z30z149z1                     1.000000
s150                          6.000000
z30z150z1                     1.000000
s156                          9.330000
s171                          6.000000
s176                          7.592939
z30z176z1                     1.000000
s177                          6.000000
s181                          8.880000
s189                          6.483187
s190                          7.970000
s44                           1.010698
z44z22z2                      1.000000
z44z29z2                      1.000000
z44z32z2                      1.000000
z44z46z2                      1.000000
z44z51z2                      1.000000
z44z54z2                      1.000000
z44z66z2                      1.000000
z44z68z2                      1.000000
z44z69z2                      1.000000
z44z75z2                      1.000000
z44z86z2                      1.000000
z44z116z2                     1.000000
z44z134z2                     1.000000
s45                           3.480000
s41                           9.470000
z45z41z3                      1.000000
s73                           8.880000
z45z73z3                      1.000000
s135                          6.180000
z45z135z3                     1.000000
s143                          7.653755
z45z143z3                     1.000000
s162                          7.655020
z45z162z3                     1.000000
s172                          8.730000
z45z172z3                     1.000000
s76                           5.690511
z76z29z2                      1.000000
z76z41z3                      1.000000
z76z54z2                      1.000000
z76z73z3                      1.000000
z76z90z2                      1.000000
z76z90z3                      1.000000
z76z116z2                     1.000000
z76z143z3                     1.000000
z76z162z3                     1.000000
z76z172z3                     1.000000
s87                           2.417272
z87z22z2                      1.000000
z87z29z2                      1.000000
z87z32z2                      1.000000
z87z46z2                      1.000000
z87z51z2                      1.000000
z87z54z2                      1.000000
z87z66z2                      1.000000
z87z68z2                      1.000000
z87z69z2                      1.000000
z87z75z2                      1.000000
z87z85z2                      1.000000
z87z86z2                      1.000000
z87z93z2                      1.000000
z87z116z2                     1.000000
s92                           3.690000
z92z22z2                      1.000000
z92z29z2                      1.000000
z92z32z2                      1.000000
z92z46z2                      1.000000
z92z51z2                      1.000000
z92z54z2                      1.000000
z92z66z2                      1.000000
z92z68z2                      1.000000
z92z69z2                      1.000000
z92z75z2                      1.000000
z92z86z2                      1.000000
z92z116z2                     1.000000
s96                           2.454297
z96z41z3                      1.000000
z96z73z3                      1.000000
z96z135z3                     1.000000
z96z143z3                     1.000000
z96z162z3                     1.000000
z96z172z3                     1.000000
s131                          3.440000
z131z41z3                     1.000000
z131z73z3                     1.000000
z131z85z3                     1.000000
z131z134z3                    1.000000
z131z135z3                    1.000000
z131z143z3                    1.000000
z131z162z3                    1.000000
z131z172z3                    1.000000
s136                          5.030000
z136z29z2                     1.000000
z136z41z3                     1.000000
z136z54z2                     1.000000
z136z68z2                     1.000000
z136z69z2                     1.000000
z136z73z3                     1.000000
z136z116z2                    1.000000
z136z143z3                    1.000000
z136z162z3                    1.000000
z136z172z3                    1.000000
z136z189z3                    1.000000
s146                          2.580000
z146z8z1                      1.000000
z146z36z1                     1.000000
z146z58z1                     1.000000
z146z132z1                    1.000000
z146z149z1                    1.000000
z146z150z1                    1.000000
z146z176z1                    1.000000
z150z8z1                      1.000000
z150z36z1                     1.000000
z150z132z1                    1.000000
z150z176z1                    1.000000
s187                          1.317958
z187z41z3                     1.000000
z187z73z3                     1.000000
z187z93z3                     1.000000
z187z135z3                    1.000000
z187z143z3                    1.000000
z187z162z3                    1.000000
z187z172z3                    1.000000
s192                          2.422850
z192z8z1                      1.000000
z192z36z1                     1.000000
z192z58z1                     1.000000
z192z106z1                    1.000000
z192z132z1                    1.000000
z192z149z1                    1.000000
z192z150z1                    1.000000
z192z171z1                    1.000000
z192z176z1                    1.000000
s195                          2.700000
z195z8z1                      1.000000
z195z36z1                     1.000000
z195z41z3                     1.000000
z195z58z1                     1.000000
z195z73z3                     1.000000
z195z132z1                    1.000000
z195z135z3                    1.000000
z195z143z3                    1.000000
z195z149z1                    1.000000
z195z150z1                    1.000000
z195z162z3                    1.000000
z195z171z3                    1.000000
z195z172z3                    1.000000
z195z176z1                    1.000000
z195z189z1                    1.000000
z21z8z1                       1.000000
z21z41z3                      1.000000
z22z48z2                      1.000000
z22z53z2                      1.000000
z22z54z2                      1.000000
z22z116z2                     1.000000
z25z41z3                      1.000000
z32z54z2                      1.000000
z32z116z2                     1.000000
z36z8z1                       1.000000
z36z20z1                      1.000000
z36z170z1                     1.000000
z56z8z1                       1.000000
z56z41z3                      1.000000
z58z8z1                       1.000000
z58z132z1                     1.000000
z58z176z1                     1.000000
z64z41z3                      1.000000
z66z22z2                      1.000000
z66z54z2                      1.000000
z66z116z2                     1.000000
z66z169z2                     1.000000
z68z69z2                      1.000000
z69z15z2                      1.000000
z69z116z2                     1.000000
z85z41z3                      1.000000
z85z154z2                     1.000000
z85z169z3                     1.000000
z90z41z3                      1.000000
z90z54z2                      1.000000
z90z172z3                     1.000000
z93z29z2                      1.000000
z93z41z3                      1.000000
z93z54z2                      1.000000
z93z73z3                      1.000000
z93z106z2                     1.000000
z93z109z3                     1.000000
z93z116z2                     1.000000
z93z172z3                     1.000000
z106z132z1                    1.000000
z106z170z2                    1.000000
z109z41z3                     1.000000
z109z132z1                    1.000000
z118z8z1                      1.000000
z118z54z2                     1.000000
z118z116z2                    1.000000
z118z132z1                    1.000000
z134z22z2                     1.000000
z134z41z3                     1.000000
z134z143z3                    1.000000
z135z41z3                     1.000000
z135z143z3                    1.000000
z135z162z3                    1.000000
z135z172z3                    1.000000
z143z41z3                     1.000000
z143z181z3                    1.000000
z149z8z1                      1.000000
z154z54z2                     1.000000
z154z181z1                    1.000000
z162z15z3                     1.000000
z162z20z3                     1.000000
z162z41z3                     1.000000
z169z41z3                     1.000000
z169z116z2                    1.000000
z169z172z3                    1.000000
z171z8z1                      1.000000
z171z41z3                     1.000000
z171z154z1                    1.000000
z171z162z3                    1.000000
z176z8z1                      1.000000
z176z48z1                     1.000000
z176z53z1                     1.000000
z176z132z1                    1.000000
z177z8z1                      1.000000
z177z41z3                     1.000000
z177z73z3                     1.000000
z177z132z1                    1.000000
z177z172z3                    1.000000
z189z8z1                      1.000000
z189z41z3                     1.000000
z189z190z1                    1.000000
z189z190z3                    1.000000
z190z41z3                     1.000000
z190z156z1                    1.000000
z190z156z3                    1.000000
All other variables in the range 1-2918 are 0.
