
Log started (V12.10.0.0) Fri Apr 23 07:32:31 2021


Problem 'asset.lp' read.
Read time = 0.03 sec. (0.41 ticks)
New value for default parallel thread count: 1
New value for time limit in seconds: 150
Version identifier: 12.10.0.0 | 2019-11-26 | 843d4de
CPXPARAM_Threads                                 1
CPXPARAM_TimeLimit                               150
Found incumbent of value -0.631710 after 0.02 sec. (0.17 ticks)
Tried aggregator 7 times.
MIP Presolve eliminated 1590 rows and 76 columns.
MIP Presolve modified 3627 coefficients.
Aggregator did 1050 substitutions.
Reduced MIP has 1539 rows, 1697 columns, and 7558 nonzeros.
Reduced MIP has 1337 binaries, 301 generals, 0 SOSs, and 0 indicators.
Presolve time = 0.04 sec. (29.25 ticks)
Probing fixed 3 vars, tightened 15 bounds.
Probing time = 0.01 sec. (8.25 ticks)
Tried aggregator 2 times.
Detecting symmetries...
MIP Presolve eliminated 52 rows and 45 columns.
MIP Presolve modified 90 coefficients.
Aggregator did 2 substitutions.
Reduced MIP has 1485 rows, 1650 columns, and 7207 nonzeros.
Reduced MIP has 1309 binaries, 284 generals, 0 SOSs, and 0 indicators.
Presolve time = 0.01 sec. (11.69 ticks)
Probing time = 0.00 sec. (2.71 ticks)
Clique table members: 4890.
MIP emphasis: balance optimality and feasibility.
MIP search method: dynamic search.
Parallel mode: none, using 1 thread.
Root relaxation solution time = 0.04 sec. (28.15 ticks)

        Nodes                                         Cuts/
   Node  Left     Objective  IInf  Best Integer    Best Bound    ItCnt     Gap

*     0+    0                           -0.6317     1519.7566              --- 
      0     0     1511.0514   344       -0.6317     1511.0514      929     --- 
      0     0     1499.0889   344       -0.6317     Cuts: 471     2116     --- 
      0     0     1482.4977   344       -0.6317     Cuts: 471     3060     --- 
      0     0     1478.0190   344       -0.6317     Cuts: 471     3984     --- 
*     0+    0                          243.2294     1478.0190           507.66%
      0     0        cutoff            243.2294     1478.0190     3984  507.66%
      0     0     1473.5007   344      243.2294     Cuts: 471     4729  505.81%
      0     0     1470.5809   344      243.2294     Cuts: 471     5013  504.61%
Detecting symmetries...
      0     0     1469.4996   344      243.2294     Cuts: 317     5376  504.16%
*     0+    0                          271.0384     1469.4996           442.17%
*     0+    0                          278.3672     1469.4996           427.90%
*     0+    0                          341.7844     1469.4996           329.95%
*     0+    0                          341.7851     1469.4996           329.95%
      0     0        cutoff            341.7851     1469.4996     5376  329.95%
      0     0     1468.1874   344      341.7851     Cuts: 300     5917  329.56%
      0     0     1467.5550   344      341.7851     Cuts: 325     6310  329.38%
      0     0     1467.3433   344      341.7851     Cuts: 426     6531  329.32%
*     0+    0                          341.7853     1467.3433           329.32%
      0     0     1466.9700   344      341.7853     Cuts: 258     6888  329.21%
      0     0     1463.7438   344      341.7853     Cuts: 297     7787  328.26%
      0     0     1462.3929   344      341.7853     Cuts: 423     8305  327.87%
*     0+    0                          401.6334     1462.3929           264.11%
*     0+    0                          449.1470     1462.3929           225.59%
      0     0        cutoff            449.1470     1462.3929     8305  225.59%
      0     0     1461.7175   344      449.1470     Cuts: 226     8668  225.44%
      0     0     1461.5187   344      449.1470     Cuts: 259     8899  225.40%
      0     0     1461.1395   344      449.1470     Cuts: 153     9108  225.31%
*     0+    0                          484.9340     1461.1395           201.31%
      0     0        cutoff            484.9340     1461.1395     9108  201.31%
      0     0     1460.8067   344      484.9340     Cuts: 209     9391  201.24%
      0     0     1460.0518   344      484.9340     Cuts: 314     9957  201.08%
      0     0     1459.9280   344      484.9340     Cuts: 221    10164  201.06%
*     0+    0                          549.0702     1459.9280           165.89%
*     0+    0                          549.0719     1459.9280           165.89%
      0     0        cutoff            549.0719     1459.9280    10164  165.89%
Detecting symmetries...
      0     2     1459.9280   390      549.0719     1459.8857    10164  165.88%
Elapsed time = 1.67 sec. (2032.76 ticks, tree = 0.01 MB, solutions = 11)
      7     9     1454.5796   354      549.0719     1459.5983    13338  165.83%
     15    17     1426.3332   324      549.0719     1459.5983    15521  165.83%
     23    25     1450.2290   347      549.0719     1459.5983    18188  165.83%
     30    32     1447.1429   343      549.0719     1459.5983    20508  165.83%
     38    40     1396.2062   331      549.0719     1459.5983    23322  165.83%
     45    47     1440.9074   318      549.0719     1459.5983    24936  165.83%
     53    55     1432.8373   318      549.0719     1459.5983    26960  165.83%
     63    65     1425.5973   311      549.0719     1459.5983    30262  165.83%
     76    78     1313.9692   266      549.0719     1459.5983    33263  165.83%
    231   202      969.7151    76      549.0719     1459.5983    46020  165.83%
Elapsed time = 3.90 sec. (5351.07 ticks, tree = 0.69 MB, solutions = 11)
*   277   229      integral     0      698.1814     1459.5983    46450  109.06%
*   279   227      integral     0      698.1828     1459.5983    46453  109.06%
    329   271     1203.5870   207      698.1828     1459.5950    56540  109.06%
*   379+  299                          706.6210     1458.7389           106.44%
    416   338     1381.7362   347      706.6210     1458.7261    66681  106.44%

Performing restart 1

Repeating presolve.
Tried aggregator 1 time.
MIP Presolve modified 1428 coefficients.
Reduced MIP has 1485 rows, 1650 columns, and 6281 nonzeros.
Reduced MIP has 1309 binaries, 284 generals, 0 SOSs, and 0 indicators.
Presolve time = 0.00 sec. (5.36 ticks)
Tried aggregator 1 time.
Reduced MIP has 1485 rows, 1650 columns, and 6281 nonzeros.
Reduced MIP has 1309 binaries, 284 generals, 0 SOSs, and 0 indicators.
Presolve time = 0.00 sec. (4.42 ticks)
Represolve time = 0.04 sec. (30.25 ticks)
    489     0     1404.5541   357      706.6210     Cuts: 471    78102   98.77%
    489     0     1377.9608   357      706.6210     Cuts: 401    78949   95.01%
    489     0     1366.0000   357      706.6210     Cuts: 366    79484   93.31%
    489     0     1358.8922   357      706.6210     Cuts: 268    80006   92.31%
    489     0     1355.7720   357      706.6210     Cuts: 218    80527   91.87%
    489     0     1353.4517   357      706.6210     Cuts: 275    80990   91.54%
    489     0     1350.4169   357      706.6210     Cuts: 195    81387   91.11%
    489     0     1348.9163   357      706.6210     Cuts: 174    81682   90.90%
    489     0     1347.3474   357      706.6210     Cuts: 146    81937   90.67%
    489     0     1345.3937   357      706.6210     Cuts: 136    82310   90.40%
    489     0     1343.5797   357      706.6210     Cuts: 178    82792   90.14%
    489     0     1341.9200   357      706.6210     Cuts: 148    83061   89.91%
*   489+    0                          729.7493     1341.9200            83.89%
    489     0        cutoff            729.7493     1341.9200    83061   83.89%
    489     0     1340.8060   357      729.7493     Cuts: 141    83324   83.74%
    489     0     1339.6181   357      729.7493     Cuts: 139    83583   83.57%
    489     0     1338.7542   357      729.7493     Cuts: 123    83781   83.45%
*   489+    0                          739.0891     1338.7542            81.14%
    489     0     1338.3262   357      739.0891     Cuts: 120    83961   81.08%
    489     0     1337.1286   357      739.0891     Cuts: 115    84299   80.92%
    489     0     1336.6721   357      739.0891     Cuts: 136    84489   80.85%
*   489+    0                          739.0933     1336.6721            80.85%
*   489+    0                          748.4138     1336.6721            78.60%
    489     0     1335.8195   357      748.4138     Cuts: 150    84747   78.49%
    489     0     1335.3001   357      748.4138     Cuts: 122    84996   78.42%
    489     0     1334.9160   357      748.4138     Cuts: 164    85256   78.37%
*   489+    0                          774.9139     1334.9160            72.27%
*   489+    0                          797.7833     1334.9160            67.33%
    489     0        cutoff            797.7833     1334.9160    85256   67.33%
    489     0     1334.6899   357      797.7833     Cuts: 112    85402   67.30%
    489     0     1334.4378   357      797.7833      Cuts: 72    85530   67.27%
    489     0     1334.2002   357      797.7833      Cuts: 74    85674   67.24%
    489     0     1333.9246   357      797.7833      Cuts: 79    85824   67.20%
    489     0     1333.5600   357      797.7833      Cuts: 80    86031   67.16%
*   489+    0                          797.7836     1333.5600            67.16%
    489     0     1333.3004   357      797.7836      Cuts: 97    86195   67.13%
    489     0     1332.6248   357      797.7836      Cuts: 95    86474   67.04%
    489     0     1332.1371   357      797.7836      Cuts: 92    86652   66.98%
    489     0     1331.1757   357      797.7836     Cuts: 117    86908   66.86%
    489     0     1330.7991   357      797.7836     Cuts: 100    87100   66.81%
    489     0     1330.2466   357      797.7836     Cuts: 126    87282   66.74%
    489     0     1329.8367   357      797.7836      Cuts: 93    87518   66.69%
    489     0     1329.4591   357      797.7836     Cuts: 132    87712   66.64%
    489     0     1329.0728   357      797.7836      Cuts: 86    87826   66.60%
    489     0     1328.8227   357      797.7836      Cuts: 88    88004   66.56%
    489     0     1328.4632   357      797.7836      Cuts: 88    88220   66.52%
    489     0     1328.3229   357      797.7836      Cuts: 86    88345   66.50%
    489     0     1328.1401   357      797.7836      Cuts: 72    88516   66.48%
    489     0     1328.0393   357      797.7836      Cuts: 95    88632   66.47%
    489     2     1328.0393   409      797.7836     1328.0364    88632   66.47%
    493     6     1321.0896   343      797.7836     1325.6080    91035   66.16%
    497    10     1315.9852   361      797.7836     1325.4144    94792   66.14%
    504    17     1257.4674   257      797.7836     1325.4144    99162   66.14%
    513    26     1261.2057   273      797.7836     1325.4144   102564   66.14%
    522    35     1239.2090   270      797.7836     1325.4144   107153   66.14%
    539    50     1212.5691   244      797.7836     1325.4144   113217   66.14%
Elapsed time = 21.17 sec. (26822.77 ticks, tree = 0.19 MB, solutions = 21)
    549    60     1267.9865   304      797.7836     1325.4144   115590   66.14%
    574    77     1191.1214   226      797.7836     1325.4144   122653   66.14%
    589    89     1313.0145   354      797.7836     1324.0516   127433   65.97%
    609   109     1288.5030   301      797.7836     1324.0516   133351   65.97%
    637   135     1241.3871   246      797.7836     1324.0516   139239   65.97%
    694   178      989.7051   123      797.7836     1324.0516   145229   65.97%
    777   251     1279.2660   313      797.7836     1322.7321   152124   65.80%
    825   299     1177.5284   232      797.7836     1322.7321   157689   65.80%
    851   321     1268.4753   325      797.7836     1317.5311   162462   65.15%
    932   398     1030.0064   111      797.7836     1317.5311   168768   65.15%
Elapsed time = 28.14 sec. (37116.13 ticks, tree = 2.10 MB, solutions = 21)
    950   410     1263.7661   318      797.7836     1316.4439   171960   65.01%
   1012   470    infeasible            797.7836     1316.4439   177194   65.01%
   1036   490     1248.6090   280      797.7836     1315.9175   181329   64.95%
   1055   509     1230.1309   303      797.7836     1315.9175   186529   64.95%
   1095   548     1180.5307   243      797.7836     1315.9175   193045   64.95%
   1137   574     1309.0866   357      797.7836     1313.0103   199057   64.58%
   1174   607     1271.0503   347      797.7836     1312.5994   205157   64.53%
   1217   646     1288.3399   320      797.7836     1311.8791   210818   64.44%
   1264   685     1269.5245   342      797.7836     1310.7225   217077   64.30%
   1308   723     1274.8722   327      797.7836     1309.6663   223671   64.16%
Elapsed time = 34.95 sec. (47110.29 ticks, tree = 3.92 MB, solutions = 21)
   1336   751     1156.7582   247      797.7836     1309.6663   230220   64.16%
   1379   794     1117.1589   213      797.7836     1309.6663   235776   64.16%
   1412   823     1233.9904   296      797.7836     1309.5717   240566   64.15%
   1483   879     1288.3788   369      797.7836     1309.0739   247226   64.09%
*  1489+  883                          835.3519     1309.0739            56.71%
   1521   917     1116.7772   222      835.3519     1309.0739   253686   56.71%
   1562   954     1113.9248   208      835.3519     1308.9842   259678   56.70%
   1612   989     1239.1629   334      835.3519     1308.9720   264471   56.70%
   1655  1024     1258.7191   323      835.3519     1308.9354   270344   56.69%
   1670  1039     1187.0914   302      835.3519     1308.9354   276815   56.69%
   1691  1060     1113.9423   240      835.3519     1308.9354   283536   56.69%
Elapsed time = 42.04 sec. (57398.31 ticks, tree = 9.52 MB, solutions = 22)
   1743  1105     1029.0733   182      835.3519     1308.9354   290575   56.69%
   1813  1174      920.5754    76      835.3519     1308.9354   296922   56.69%
   1856  1211     1140.8252   221      835.3519     1307.9869   304019   56.58%
   1921  1268     1200.4979   331      835.3519     1306.9745   310837   56.46%
   1951  1296     1051.1447   216      835.3519     1306.9745   316552   56.46%
   2004  1345     1132.2238   250      835.3519     1306.5805   323425   56.41%
   2045  1386      955.8509   134      835.3519     1306.5805   330284   56.41%
   2089  1426     1242.0225   306      835.3519     1306.1572   334924   56.36%
   2141  1474     1286.3259   342      835.3519     1305.9813   342196   56.34%
   2156  1489     1180.9243   227      835.3519     1305.9813   348105   56.34%
Elapsed time = 49.42 sec. (67410.42 ticks, tree = 14.04 MB, solutions = 22)
   2215  1533      986.7431   120      835.3519     1305.9813   354858   56.34%
   2283  1589     1225.2363   282      835.3519     1305.0439   361121   56.23%
   2311  1614     1286.3109   373      835.3519     1304.4877   366631   56.16%
   2334  1637     1147.4076   235      835.3519     1304.4877   372245   56.16%
   2384  1681     1021.9963   124      835.3519     1304.4877   378874   56.16%
   2436  1727     1263.8520   341      835.3519     1304.4249   384018   56.15%
   2464  1754     1098.1745   210      835.3519     1304.4249   390143   56.15%
   2483  1768     1198.6627   289      835.3519     1303.9361   395946   56.09%
   2521  1802     1115.1072   212      835.3519     1303.9361   402503   56.09%
   2538  1815     1157.2273   251      835.3519     1303.8755   409656   56.09%
Elapsed time = 56.98 sec. (77382.11 ticks, tree = 19.13 MB, solutions = 22)
   2573  1847     1026.5530   123      835.3519     1303.8755   417299   56.09%
   2609  1879     1161.2174   270      835.3519     1303.2253   424000   56.01%
   2644  1914     1037.9860   135      835.3519     1303.2253   431949   56.01%
   2689  1955     1214.7082   302      835.3519     1303.2210   437924   56.01%
   2719  1975     1278.0480   327      835.3519     1302.9948   445827   55.98%
   2759  2011     1271.3303   324      835.3519     1301.9597   453754   55.86%
   2803  2053    infeasible            835.3519     1301.9597   461203   55.86%
   2831  2073     1078.2447   233      835.3519     1300.1081   469042   55.64%
   2867  2101     1289.9297   377      835.3519     1300.0591   475406   55.63%
   2899  2133     1160.9405   252      835.3519     1300.0591   481247   55.63%
Elapsed time = 64.63 sec. (87420.19 ticks, tree = 22.01 MB, solutions = 22)
   2951  2179     1286.8281   379      835.3519     1296.8070   486490   55.24%
   2980  2208     1160.6269   267      835.3519     1296.8070   491628   55.24%
   3026  2246    infeasible            835.3519     1295.2035   498122   55.05%
   3057  2273     1149.3453   261      835.3519     1294.9672   504409   55.02%
   3079  2288     1207.1500   318      835.3519     1294.7959   510145   55.00%
   3100  2309     1115.5323   254      835.3519     1294.7959   516446   55.00%
   3177  2378      930.9962    89      835.3519     1294.7959   523319   55.00%
*  3229+ 2417                          849.9944     1294.7959            52.33%
*  3237  2422      integral     0      849.9945     1294.7959   523932   52.33%
*  3238  2421      integral     0      849.9946     1294.7959   523936   52.33%
   3259  2442     1098.6837   225      849.9946     1294.6666   528882   52.31%
   3285  2463     1156.9013   254      849.9946     1294.6252   534292   52.31%
   3337  2514      894.9698    89      849.9946     1294.6252   539744   52.31%
Elapsed time = 72.14 sec. (97358.83 ticks, tree = 27.05 MB, solutions = 25)
*  3338+ 2513                          849.9951     1294.6252            52.31%
*  3369+ 2543                          851.3381     1294.6252            52.07%
   3387  2561     1139.2199   267      851.3381     1294.4784   545323   52.05%
   3424  2596     1036.0029   174      851.3381     1294.4784   550072   52.05%
   3462  2628     1259.8496   347      851.3381     1294.4095   553244   52.04%
*  3469+ 2631                          851.3427     1294.4095            52.04%
   3479  2643     1205.6317   338      851.3427     1294.4095   556856   52.04%
   3531  2695     1152.8593   267      851.3427     1294.4095   561577   52.04%
   3562  2722     1098.3186   195      851.3427     1294.2000   568532   52.02%
   3616  2765      991.8441   131      851.3427     1294.2000   575036   52.02%
*  3649+ 2706                          880.4669     1294.2000            46.99%
*  3679+ 2659                          906.9804     1294.2000            42.69%
   3700  2673     1065.8408   215      906.9804     1294.1323   580566   42.69%
   3770  2741      989.3447   127      906.9804     1294.1323   586525   42.69%
*  3779+ 2739                          910.9265     1294.1323            42.07%
*  3779+ 2739                          910.9267     1294.1323            42.07%
*  3779+ 2699                          925.8481     1294.1323            39.78%
   3947  2850     1151.1404   249      925.8481     1293.6891   608044   39.73%
Elapsed time = 81.46 sec. (110055.52 ticks, tree = 28.43 MB, solutions = 33)
   4129  3010     1170.1567   290      925.8481     1293.2680   632475   39.68%
   4346  3209     1088.6214   213      925.8481     1292.2829   658833   39.58%
   4545  3395     1017.4388   151      925.8481     1291.4942   687225   39.49%
   4750  3581     1131.8531   271      925.8481     1290.9328   713197   39.43%
   4978  3780     1284.2869   370      925.8481     1289.9154   740055   39.32%
   5200  3986     1250.2745   348      925.8481     1289.1795   766265   39.24%
   5362  4137     1180.3148   287      925.8481     1288.8643   788747   39.21%
*  5489+ 4251                          925.8484     1288.3788            39.16%
   5496  4260     1142.4528   266      925.8484     1288.3788   812728   39.16%
   5665  4416     1159.4602   274      925.8484     1288.2927   837539   39.15%
   5811  4547     1050.7457   186      925.8484     1287.4555   861416   39.06%
Elapsed time = 109.35 sec. (148414.22 ticks, tree = 46.94 MB, solutions = 34)
   6025  4744     1162.6533   261      925.8484     1287.1929   887154   39.03%
   6225  4922     1064.0938   218      925.8484     1286.8220   914754   38.99%
   6439  5111     1162.1232   265      925.8484     1286.5541   943259   38.96%
   6626  5276      994.6407   174      925.8484     1286.4436   972257   38.95%
   6816  5444     1223.8261   341      925.8484     1286.2060  1001300   38.92%
   7036  5646     1098.5488   241      925.8484     1286.0609  1026657   38.91%
   7214  5799     1096.7033   202      925.8484     1285.6344  1053315   38.86%
   7366  5931      985.4532   131      925.8484     1285.2775  1077418   38.82%
*  7489+ 6041                          925.8484     1285.0981            38.80%
   7511  6062     1028.5446   151      925.8484     1285.0981  1103496   38.80%
Starting limited solution polishing.
*  7689+ 6113                          939.0115     1285.0116            36.85%
   7751  6169     1251.5586   353      939.0115     1284.9270  1126702   36.84%
Elapsed time = 137.00 sec. (186659.22 ticks, tree = 70.81 MB, solutions = 36)
*  7789+ 6195                          940.3503     1284.9270            36.64%
*  7789+ 6079                          949.5384     1284.9270            35.32%
*  7789+ 6079                          949.5388     1284.9270            35.32%
*  7889+ 6161                          950.1890     1284.7966            35.21%
*  7889+ 6161                          950.1890     1284.7966            35.21%
*  7889+ 6056                          958.0525     1284.7966            34.11%
*  7889+ 6056                          958.0527     1284.7966            34.11%
*  7889+ 6056                          958.0570     1284.7966            34.10%
*  7889+ 6056                          958.0571     1284.7966            34.10%
*  7889+ 6051                          958.4200     1284.7966            34.05%
*  7889+ 6045                          958.9353     1284.7966            33.98%
   7889  6047     1016.6501   122      958.9353     1284.7966  1149082   33.98%
*  7989+ 6132                          958.9353     1284.4052            33.94%
   8074  6215     1230.0125   318      958.9353     1284.4049  1176800   33.94%
*  8189+ 6086                          975.3491     1284.2799            31.67%
*  8189+ 6085                          975.4554     1284.2799            31.66%
*  8189+ 5769                          994.4034     1284.2799            29.15%
   8212  5788     1242.5476   292      994.4034     1284.2726  1197564   29.15%
*  8289+ 5790                          996.6831     1284.1213            28.84%
   8321  5815     1211.4747   316      996.6831     1283.9939  1222530   28.83%

GUB cover cuts applied:  49
Clique cuts applied:  187
Cover cuts applied:  8
Implied bound cuts applied:  196
Flow cuts applied:  25
Mixed integer rounding cuts applied:  171
Zero-half cuts applied:  94
Lift and project cuts applied:  29
Gomory fractional cuts applied:  10

Root node processing (before b&c):
  Real time             =    1.67 sec. (2027.96 ticks)
Sequential b&c:
  Real time             =  148.33 sec. (201150.82 ticks)
                          ------------
Total (root+branch&cut) =  150.00 sec. (203178.78 ticks)

Solution pool: 53 solutions saved.

MIP - Time limit exceeded, integer feasible:  Objective =  9.9668311938e+02
Current MIP best bound =  1.2839938956e+03 (gap = 287.311, 28.83%)
Solution time =  150.00 sec.  Iterations = 1224088  Nodes = 8328 (5821)
Deterministic time = 203178.79 ticks  (1354.49 ticks/sec)


Incumbent solution
Variable Name           Solution Value
F                          1060.000000
f1                            0.726881
f2                           62.590000
y6                            1.000000
y23                           1.000000
y45                           1.000000
y249                          1.000000
y255                          1.000000
y100                          1.000000
y15                           1.000000
y133                          1.000000
y44                           1.000000
y223                          1.000000
y266                          1.000000
y116                          1.000000
y196                          1.000000
y224                          1.000000
y257                          1.000000
y191                          1.000000
y259                          1.000000
y113                          1.000000
y203                          1.000000
y2                            1.000000
y125                          1.000000
y182                          1.000000
y84                           1.000000
y201                          1.000000
y186                          1.000000
y251                          1.000000
y59                           1.000000
y204                          1.000000
y43                           1.000000
y51                           1.000000
y171                          1.000000
y111                          1.000000
y74                           1.000000
y139                          1.000000
s159                          0.060000
s209                          0.470000
s6                            0.900469
s23                           0.885489
s142                          0.580000
s45                           0.826775
s249                          0.954475
s162                          0.660000
s255                          1.008144
s100                          1.010000
s15                           1.100000
s133                          1.120000
s44                           2.094634
s202                          1.170000
s258                          1.190000
s223                          1.260000
s183                          1.280000
s134                          1.310000
s228                          1.310000
s266                          1.949702
s31                           1.330000
s98                           1.350000
s190                          1.350000
s26                           1.380000
s33                           1.380000
s116                          2.144964
s196                          1.590000
s224                          1.610000
s257                          1.680000
s191                          2.283435
s259                          2.154222
s60                           1.740000
s269                          1.740000
s242                          1.750000
s65                           1.760000
s113                          2.557022
s203                          1.820000
s254                          1.920000
s219                          1.930000
s2                            2.815974
s125                          2.336455
s18                           1.990000
s182                          2.770278
s167                          2.030000
s268                          2.060000
s78                           2.100000
s84                           2.345769
s143                          2.200000
s201                          3.060370
s104                          2.300000
s132                          2.330000
s186                          3.294381
s69                           2.410000
s251                          3.127401
s120                          2.430000
s59                           3.451152
s204                          2.594996
s43                           3.484479
s166                          2.500000
s79                           2.510000
s235                          2.520000
s51                           3.486779
s171                          3.566601
s111                          3.645768
s74                           3.692064
s139                          3.774501
s8                            2.820000
x0x249x1                      1.000000
x0x100x1                      2.000000
x0x223x1                      2.000000
x0x196x1                      2.000000
x0x257x1                      2.000000
x0x23x2                       2.000000
x0x255x2                      2.000000
x0x15x2                       2.000000
x0x259x2                      1.000000
x0x203x2                      2.000000
x0x6x3                        2.000000
x0x45x3                       2.000000
x0x249x3                      1.000000
x0x133x3                      2.000000
x0x224x3                      2.000000
x6x116x3                      2.000000
x23x44x2                      1.000000
x23x191x2                     1.000000
x45x266x3                     2.000000
x249x44x1                     1.000000
x249x84x3                     1.000000
x255x113x2                    1.000000
x255x204x2                    1.000000
x100x259x1                    1.000000
x100x84x1                     1.000000
x15x125x2                     2.000000
x133x191x3                    1.000000
x133x2x3                      1.000000
x44x43x1                      1.000000
x44x51x2                      1.000000
x223x113x1                    1.000000
x223x204x1                    1.000000
x266x0x3                      1.000000
x266x186x3                    1.000000
x116x171x3                    2.000000
x196x201x1                    1.000000
x196x251x1                    1.000000
x224x182x3                    2.000000
x257x2x1                      1.000000
x257x51x1                     1.000000
x191x74x2                     1.000000
x191x0x3                      1.000000
x259x186x1                    1.000000
x259x74x2                     1.000000
x113x139x1                    1.000000
x113x0x2                      1.000000
x203x201x2                    1.000000
x203x251x2                    1.000000
x2x0x1                        1.000000
x2x0x3                        1.000000
x125x59x2                     1.000000
x125x43x2                     1.000000
x182x0x3                      2.000000
x84x111x1                     1.000000
x84x59x3                      1.000000
x201x0x1                      1.000000
x201x0x2                      1.000000
x186x0x1                      1.000000
x186x0x3                      1.000000
x251x0x1                      1.000000
x251x0x2                      1.000000
x59x0x2                       1.000000
x59x0x3                       1.000000
x204x111x1                    1.000000
x204x139x2                    1.000000
x43x0x1                       1.000000
x43x0x2                       1.000000
x51x0x1                       1.000000
x51x0x2                       1.000000
x171x0x3                      2.000000
x111x0x1                      2.000000
x74x0x2                       2.000000
x139x0x1                      1.000000
x139x0x2                      1.000000
z0z6z3                        1.000000
z0z23z2                       1.000000
z0z45z3                       1.000000
z0z249z1                      1.000000
z0z249z3                      1.000000
z0z255z2                      1.000000
z0z100z1                      1.000000
z0z15z2                       1.000000
z0z133z3                      1.000000
z0z223z1                      1.000000
z0z183z1                      1.000000
z0z228z1                      1.000000
z0z266z3                      1.000000
z0z31z3                       1.000000
z0z98z3                       1.000000
z0z190z1                      1.000000
z0z116z3                      1.000000
z0z196z1                      1.000000
z0z224z3                      1.000000
z0z257z1                      1.000000
z0z259z2                      1.000000
z0z60z3                       1.000000
z0z269z3                      1.000000
z0z242z3                      1.000000
z0z203z2                      1.000000
z0z254z3                      1.000000
z0z125z2                      1.000000
z0z182z3                      1.000000
z0z167z3                      1.000000
z0z268z3                      1.000000
z0z78z1                       1.000000
z0z143z3                      1.000000
z0z120z1                      1.000000
z0z166z1                      1.000000
z0z79z1                       1.000000
z0z235z3                      1.000000
z0z171z3                      1.000000
z0z111z1                      1.000000
z0z74z2                       1.000000
z0z8z1                        1.000000
z159z8z1                      1.000000
z6z116z3                      1.000000
z6z235z3                      1.000000
z6z171z3                      1.000000
z23z44z2                      1.000000
z23z191z2                     1.000000
z23z74z2                      1.000000
z142z8z1                      1.000000
z45z266z3                     1.000000
z45z235z3                     1.000000
z45z171z3                     1.000000
z249z44z1                     1.000000
z249z84z3                     1.000000
z162z74z2                     1.000000
z255z113z2                    1.000000
z255z204z2                    1.000000
z255z74z2                     1.000000
z100z259z1                    1.000000
z100z84z1                     1.000000
z100z111z1                    1.000000
z100z8z1                      1.000000
z15z125z2                     1.000000
z133z191z3                    1.000000
z133z2z3                      1.000000
z133z171z3                    1.000000
z44z43z1                      1.000000
z44z51z2                      1.000000
z223z113z1                    1.000000
z223z204z1                    1.000000
z266z186z3                    1.000000
z31z182z3                     1.000000
z116z171z3                    1.000000
z196z201z1                    1.000000
z196z251z1                    1.000000
z224z182z3                    1.000000
z257z2z1                      1.000000
z257z51z1                     1.000000
z191z74z2                     1.000000
z259z186z1                    1.000000
z259z74z2                     1.000000
z242z171z3                    1.000000
z113z139z1                    1.000000
z203z201z2                    1.000000
z203z251z2                    1.000000
z203z74z2                     1.000000
z125z59z2                     1.000000
z125z43z2                     1.000000
z125z74z2                     1.000000
z84z59z3                      1.000000
z84z111z1                     1.000000
z204z111z1                    1.000000
z204z139z2                    1.000000
All other variables in the range 1-2826 are 0.
