
Log started (V12.10.0.0) Fri Apr 23 11:14:21 2021


Problem 'asset.lp' read.
Read time = 0.01 sec. (0.43 ticks)
New value for default parallel thread count: 1
New value for time limit in seconds: 150
Version identifier: 12.10.0.0 | 2019-11-26 | 843d4de
CPXPARAM_Threads                                 1
CPXPARAM_TimeLimit                               150
Found incumbent of value -0.805252 after 0.00 sec. (0.18 ticks)
Tried aggregator 7 times.
MIP Presolve eliminated 2366 rows and 852 columns.
MIP Presolve modified 3476 coefficients.
Aggregator did 878 substitutions.
Reduced MIP has 1153 rows, 1237 columns, and 5443 nonzeros.
Reduced MIP has 1004 binaries, 188 generals, 0 SOSs, and 0 indicators.
Presolve time = 0.02 sec. (25.65 ticks)
Probing fixed 415 vars, tightened 34 bounds.
Probing time = 0.01 sec. (6.09 ticks)
Cover probing fixed 0 vars, tightened 76 bounds.
Tried aggregator 3 times.
MIP Presolve eliminated 542 rows and 526 columns.
MIP Presolve modified 61 coefficients.
Aggregator did 11 substitutions.
Reduced MIP has 600 rows, 696 columns, and 2458 nonzeros.
Reduced MIP has 509 binaries, 145 generals, 0 SOSs, and 0 indicators.
Presolve time = 0.01 sec. (7.96 ticks)
Probing fixed 0 vars, tightened 1 bounds.
Probing time = 0.00 sec. (3.29 ticks)
Tried aggregator 1 time.
Detecting symmetries...
MIP Presolve modified 68 coefficients.
Reduced MIP has 600 rows, 696 columns, and 2458 nonzeros.
Reduced MIP has 509 binaries, 145 generals, 0 SOSs, and 0 indicators.
Presolve time = 0.00 sec. (1.78 ticks)
Probing time = 0.00 sec. (2.70 ticks)
Clique table members: 2067.
MIP emphasis: balance optimality and feasibility.
MIP search method: dynamic search.
Parallel mode: none, using 1 thread.
Root relaxation solution time = 0.01 sec. (6.15 ticks)

        Nodes                                         Cuts/
   Node  Left     Objective  IInf  Best Integer    Best Bound    ItCnt     Gap

*     0+    0                           -0.8053     1452.2642              --- 
      0     0      616.4578   102       -0.8053      616.4578      441     --- 
      0     0      583.8361   102       -0.8053     Cuts: 168      608     --- 
      0     0      567.0954   102       -0.8053     Cuts: 161      719     --- 
      0     0      556.8633   102       -0.8053     Cuts: 119      803     --- 
      0     0      552.2578   102       -0.8053     Cuts: 117      903     --- 
      0     0      548.3508   102       -0.8053      Cuts: 83      960     --- 
Detecting symmetries...
      0     0      546.0231   102       -0.8053      Cuts: 97     1060     --- 
      0     0      544.8600   102       -0.8053     Cuts: 132     1140     --- 
      0     0      539.5862   102       -0.8053     Cuts: 124     1233     --- 
      0     0      538.4850   102       -0.8053      Cuts: 67     1329     --- 
      0     0      536.4208   102       -0.8053      Cuts: 63     1477     --- 
      0     0      535.6060   102       -0.8053      Cuts: 67     1542     --- 
      0     0      535.4706   102       -0.8053      Cuts: 28     1590     --- 
      0     0      535.1188   102       -0.8053      Cuts: 28     1647     --- 
      0     0      534.9468   102       -0.8053      Cuts: 28     1699     --- 
      0     0      533.9351   102       -0.8053      Cuts: 68     1770     --- 
      0     0      533.6696   102       -0.8053      Cuts: 84     1823     --- 
      0     0      533.6160   102       -0.8053      Cuts: 48     1904     --- 
      0     0      531.7004   102       -0.8053     Cuts: 102     1977     --- 
      0     0      529.7467   102       -0.8053      Cuts: 71     2047     --- 
      0     0      528.1423   102       -0.8053      Cuts: 95     2165     --- 
      0     0      526.8169   102       -0.8053      Cuts: 98     2244     --- 
      0     0      526.3965   102       -0.8053      Cuts: 99     2339     --- 
      0     0      526.2437   102       -0.8053      Cuts: 54     2373     --- 
      0     0      526.0757   102       -0.8053      Cuts: 35     2418     --- 
      0     0      523.9695   102       -0.8053      Cuts: 44     2533     --- 
      0     0      523.5202   102       -0.8053     Cuts: 128     2597     --- 
*     0+    0                          140.4072      523.5202           272.86%
*     0+    0                          302.3385      523.5202            73.16%
      0     0        cutoff            302.3385      523.5202     2597   73.16%
      0     0      523.4023   102      302.3385      Cuts: 66     2657   73.12%
*     0+    0                          350.9261      523.4023            49.15%
*     0+    0                          362.8164      523.4023            44.26%
*     0+    0                          362.8164      523.4023            44.26%
      0     0        cutoff            362.8164      523.4023     2657   44.26%
Detecting symmetries...
      0     2      523.4023   133      362.8164      523.3865     2657   44.26%
Elapsed time = 0.41 sec. (395.19 ticks, tree = 0.01 MB, solutions = 5)
*   120+   67                          389.5554      520.4617            33.60%
    184   119      443.2993    47      389.5554      515.5236     8283   32.34%
*   320+  209                          392.2676      511.8533            30.49%
*   320+  209                          392.2677      511.8533            30.49%
*   323   212      integral     0      392.2678      511.8533    11657   30.49%
    401   267      408.7731    32      392.2678      508.6820    14169   29.68%
*   423+  278                          392.2679      507.6607            29.42%
    661   485      425.6568    48      392.2679      502.8156    20191   28.18%
*   672   353      integral     0      413.4380      502.8156    20286   21.62%
*   760+  328                          422.7840      497.5955            17.69%
    854   375      472.7026    68      422.7840      495.3132    26848   17.16%
*   860+  379                          422.7845      495.3132            17.16%
*  1000+  463                          422.7849      491.7878            16.32%
   1071   497      429.9369    49      422.7849      488.9048    32789   15.64%

Performing restart 1

Repeating presolve.
Tried aggregator 1 time.
MIP Presolve modified 290 coefficients.
Reduced MIP has 600 rows, 696 columns, and 2278 nonzeros.
Reduced MIP has 509 binaries, 145 generals, 0 SOSs, and 0 indicators.
Presolve time = 0.00 sec. (2.13 ticks)
Tried aggregator 1 time.
Reduced MIP has 600 rows, 696 columns, and 2278 nonzeros.
Reduced MIP has 509 binaries, 145 generals, 0 SOSs, and 0 indicators.
Presolve time = 0.00 sec. (1.75 ticks)
Represolve time = 0.02 sec. (16.57 ticks)
   1110     0      514.6533   127      422.7849     Cuts: 120    34567   15.49%
   1110     0      505.3371   127      422.7849     Cuts: 165    34712   15.49%
   1110     0      502.3060   127      422.7849     Cuts: 182    34826   15.49%
   1110     0      499.3353   127      422.7849     Cuts: 195    34934   15.49%
   1110     0      497.1360   127      422.7849     Cuts: 115    35060   15.49%
   1110     0      496.1585   127      422.7849     Cuts: 163    35136   15.49%
   1110     0      494.5131   127      422.7849      Cuts: 99    35212   15.49%
   1110     0      492.5804   127      422.7849     Cuts: 107    35279   15.49%
   1110     0      490.6373   127      422.7849      Cuts: 83    35374   15.49%
   1110     0      490.2100   127      422.7849     Cuts: 104    35424   15.49%
   1110     0      488.7750   127      422.7849      Cuts: 97    35498   15.49%
   1110     0      488.0961   127      422.7849      Cuts: 79    35580   15.45%
   1110     0      487.2855   127      422.7849      Cuts: 44    35636   15.26%
   1110     0      486.1338   127      422.7849     Cuts: 103    35689   14.98%
   1110     0      485.8605   127      422.7849      Cuts: 75    35753   14.92%
   1110     0      485.1052   127      422.7849      Cuts: 50    35806   14.74%
   1110     0      485.0766   127      422.7849      Cuts: 88    35840   14.73%
   1110     0      484.5283   127      422.7849      Cuts: 31    35898   14.60%
   1110     0      484.0311   127      422.7849      Cuts: 65    35972   14.49%
   1110     0      483.8801   127      422.7849      Cuts: 45    36024   14.45%
   1110     0      483.0871   127      422.7849      Cuts: 55    36067   14.26%
   1110     0      482.4649   127      422.7849     Cuts: 117    36137   14.12%
   1110     0      482.2343   127      422.7849      Cuts: 48    36179   14.06%
   1110     0      482.1503   127      422.7849      Cuts: 77    36233   14.04%
   1110     0      482.0704   127      422.7849      Cuts: 47    36271   14.02%
   1110     0      481.6704   127      422.7849      Cuts: 61    36327   13.93%
   1110     0      481.5793   127      422.7849      Cuts: 39    36354   13.91%
   1110     0      481.5431   127      422.7849      Cuts: 36    36384   13.90%
   1110     0      481.4414   127      422.7849      Cuts: 31    36434   13.87%
   1110     0      481.4302   127      422.7849      Cuts: 51    36467   13.87%
   1110     0      481.3615   127      422.7849      Cuts: 33    36527   13.85%
   1110     2      481.3615   145      422.7849      481.3549    36527   13.85%
   1116     8      469.9761    96      422.7849      480.0396    37145   13.54%
   1133    20      424.6162    77      422.7849      480.0396    37762   13.54%
   1230    83      434.7260    71      422.7849      469.9145    40726   11.15%
   1497   176        cutoff            422.7849      454.1506    55587    7.42%
Elapsed time = 4.36 sec. (4707.81 ticks, tree = 0.22 MB, solutions = 14)
   1753   205      428.9889    49      422.7849      442.9458    69947    4.77%
*  2079    54      integral     0      422.7855      427.4734    79707    1.11%

GUB cover cuts applied:  3
Clique cuts applied:  30
Cover cuts applied:  7
Implied bound cuts applied:  113
Flow cuts applied:  14
Mixed integer rounding cuts applied:  97
Zero-half cuts applied:  63
Multi commodity flow cuts applied:  1
Lift and project cuts applied:  18
Gomory fractional cuts applied:  3

Root node processing (before b&c):
  Real time             =    0.41 sec. (395.55 ticks)
Sequential b&c:
  Real time             =    5.33 sec. (5871.42 ticks)
                          ------------
Total (root+branch&cut) =    5.74 sec. (6266.97 ticks)

Solution pool: 16 solutions saved.

MIP - Integer optimal, tolerance (0.0001/1e-06):  Objective =  4.2278547489e+02
Current MIP best bound =  4.2278797449e+02 (gap = 0.0024996, 0.00%)
Solution time =    5.74 sec.  Iterations = 80174  Nodes = 2127 (8)
Deterministic time = 6266.98 ticks  (1092.62 ticks/sec)


Incumbent solution
Variable Name           Solution Value
F                           430.000000
f1                            0.824525
f2                            6.390000
y86                           1.000000
y57                           1.000000
y143                          1.000000
y65                           1.000000
y201                          1.000000
y159                          1.000000
y4                            1.000000
y165                          1.000000
y119                          1.000000
y212                          1.000000
y22                           1.000000
y169                          1.000000
s112                          3.260000
s49                           3.290000
s13                           3.300000
s160                          3.350000
s136                          3.390000
s86                           3.468066
s91                           3.400000
s182                          3.400000
s214                          3.430000
s110                          3.460000
s42                           3.470000
s171                          3.470000
s192                          3.480000
s199                          3.490000
s82                           3.500000
s71                           3.510000
s56                           3.520000
s130                          3.520000
s170                          3.540000
s202                          3.550000
s89                           3.570000
s18                           3.600000
s156                          3.620000
s76                           3.630000
s174                          3.640000
s183                          3.640000
s34                           3.650000
s118                          3.660000
s190                          3.660000
s168                          3.670000
s57                           4.451741
s208                          3.690000
s41                           3.750000
s191                          3.750000
s39                           3.840000
s74                           3.870000
s167                          3.880000
s211                          3.890000
s143                          4.544078
s52                           3.930000
s90                           4.050000
s113                          4.060000
s6                            4.080000
s95                           4.160000
s9                            4.170000
s65                           4.728599
s101                          4.200000
s24                           4.220000
s178                          4.230000
s104                          4.240000
s193                          4.240000
s201                          5.171470
s79                           4.270000
s153                          4.280000
s159                          4.971542
s4                            4.592572
s85                           4.320000
s165                          5.006868
s176                          4.370000
s83                           4.380000
s108                          4.380000
s142                          4.400000
s105                          4.430000
s157                          4.490000
s53                           4.500000
s119                          5.119778
s126                          5.240000
s26                           5.300000
s212                          5.905123
s22                           5.890325
s169                          5.963866
x132x86x1                     2.000000
x27x57x1                      1.000000
x92x65x1                      1.000000
x124x22x1                     1.000000
x120x119x1                    1.000000
x200x4x2                      2.000000
x124x201x2                    1.000000
x195x119x2                    1.000000
x123x159x2                    2.000000
x27x57x3                      1.000000
x92x65x3                      1.000000
x195x212x3                    1.000000
x44x165x3                     2.000000
x120x201x3                    1.000000
x86x143x1                     2.000000
x57x22x1                      1.000000
x57x212x3                     1.000000
x143x169x1                    2.000000
x65x0x1                       1.000000
x65x0x3                       1.000000
x201x0x2                      1.000000
x201x0x3                      1.000000
x159x0x2                      2.000000
x4x0x2                        2.000000
x165x0x3                      2.000000
x119x0x1                      1.000000
x119x0x2                      1.000000
x212x0x3                      2.000000
x22x0x1                       2.000000
x169x0x1                      2.000000
s132                          2.240798
z132z86z1                     1.000000
z132z118z1                    1.000000
z132z143z1                    1.000000
z132z6z1                      1.000000
z132z95z1                     1.000000
z132z178z1                    1.000000
z132z104z1                    1.000000
z132z193z1                    1.000000
z132z85z1                     1.000000
z132z83z1                     1.000000
z132z157z1                    1.000000
z132z53z1                     1.000000
z132z26z1                     1.000000
z132z22z1                     1.000000
z132z169z1                    1.000000
s200                          3.177453
z200z159z2                    1.000000
z200z4z2                      1.000000
s27                           3.200394
z27z57z1                      1.000000
z27z57z3                      1.000000
z27z26z1                      1.000000
z27z212z3                     1.000000
z27z22z1                      1.000000
z27z169z1                     1.000000
s92                           3.446160
z92z65z1                      1.000000
z92z65z3                      1.000000
z92z26z1                      1.000000
z92z212z3                     1.000000
z92z22z1                      1.000000
z92z169z1                     1.000000
s124                          3.586721
z124z201z2                    1.000000
z124z22z1                     1.000000
z124z169z1                    1.000000
s195                          3.833271
z195z119z2                    1.000000
z195z212z3                    1.000000
s44                           3.832734
z44z165z3                     1.000000
z44z212z3                     1.000000
s123                          3.777735
z123z159z2                    1.000000
s120                          3.782037
z120z201z3                    1.000000
z120z119z1                    1.000000
z120z26z1                     1.000000
z120z212z3                    1.000000
z120z22z1                     1.000000
z120z169z1                    1.000000
z160z26z1                     1.000000
z160z22z1                     1.000000
z160z169z1                    1.000000
z136z169z1                    1.000000
z86z143z1                     1.000000
z86z26z1                      1.000000
z86z22z1                      1.000000
z86z169z1                     1.000000
z91z26z1                      1.000000
z91z22z1                      1.000000
z91z169z1                     1.000000
z56z169z1                     1.000000
z57z212z3                     1.000000
z57z22z1                      1.000000
z41z22z1                      1.000000
z41z169z1                     1.000000
z143z169z1                    1.000000
z52z212z3                     1.000000
z85z22z1                      1.000000
z85z169z1                     1.000000
All other variables in the range 1-2971 are 0.
