
Log started (V12.10.0.0) Mon Apr  5 17:53:31 2021


Problem 'asset.lp' read.
Read time = 0.01 sec. (0.89 ticks)
New value for default parallel thread count: 1
New value for time limit in seconds: 150
Version identifier: 12.10.0.0 | 2019-11-26 | 843d4de
CPXPARAM_Threads                                 1
CPXPARAM_TimeLimit                               150
Found incumbent of value 0.000000 after 0.00 sec. (0.24 ticks)
Tried aggregator 3 times.
MIP Presolve eliminated 3863 rows and 2632 columns.
MIP Presolve modified 7617 coefficients.
Aggregator did 1994 substitutions.
Reduced MIP has 2233 rows, 2662 columns, and 12212 nonzeros.
Reduced MIP has 2383 binaries, 212 generals, 0 SOSs, and 0 indicators.
Presolve time = 0.03 sec. (25.69 ticks)
Probing fixed 564 vars, tightened 21 bounds.
Probing time = 0.02 sec. (12.08 ticks)
Cover probing fixed 0 vars, tightened 53 bounds.
Tried aggregator 2 times.
MIP Presolve eliminated 629 rows and 614 columns.
MIP Presolve modified 716 coefficients.
Aggregator did 1 substitutions.
Reduced MIP has 1603 rows, 2047 columns, and 8390 nonzeros.
Reduced MIP has 1790 binaries, 191 generals, 0 SOSs, and 0 indicators.
Presolve time = 0.01 sec. (10.62 ticks)
Probing time = 0.00 sec. (2.81 ticks)
Cover probing fixed 0 vars, tightened 10 bounds.
Tried aggregator 1 time.
Detecting symmetries...
MIP Presolve eliminated 2 rows and 2 columns.
MIP Presolve modified 506 coefficients.
Reduced MIP has 1601 rows, 2045 columns, and 8378 nonzeros.
Reduced MIP has 1788 binaries, 191 generals, 0 SOSs, and 0 indicators.
Presolve time = 0.01 sec. (5.36 ticks)
Probing time = 0.00 sec. (2.82 ticks)
Clique table members: 5076.
MIP emphasis: balance optimality and feasibility.
MIP search method: dynamic search.
Parallel mode: none, using 1 thread.
Root relaxation solution time = 0.04 sec. (56.25 ticks)

        Nodes                                         Cuts/
   Node  Left     Objective  IInf  Best Integer    Best Bound    ItCnt     Gap

*     0+    0                            0.0000      925.0000              --- 
      0     0      606.1284   241        0.0000      606.1284     1309     --- 
      0     0      531.0806   241        0.0000     Cuts: 500     2058     --- 
      0     0      512.5390   241        0.0000     Cuts: 373     2505     --- 
      0     0      504.4569   241        0.0000     Cuts: 330     2830     --- 
*     0+    0                          185.0000      504.4569           172.68%
      0     0        cutoff            185.0000      504.4569     2830  172.68%
      0     0      500.6707   241      185.0000     Cuts: 224     3100  170.63%
      0     0      497.7523   241      185.0000     Cuts: 225     3273  169.06%
      0     0      495.8278   241      185.0000     Cuts: 189     3472  168.02%
      0     0      494.7807   241      185.0000      Cuts: 95     3573  167.45%
      0     0      493.7920   241      185.0000     Cuts: 116     3735  166.91%
*     0+    0                          190.0000      493.7920           159.89%
*     0+    0                          215.0000      493.7920           129.67%
*     0+    0                          275.0000      493.7920            79.56%
      0     0      493.2495   241      275.0000     Cuts: 193     3859   79.36%
      0     0      492.6571   241      275.0000      Cuts: 90     3980   79.15%
      0     0      491.9786   241      275.0000     Cuts: 151     4102   78.90%
      0     0      491.3767   241      275.0000     Cuts: 119     4205   78.68%
      0     0      490.3222   241      275.0000     Cuts: 147     4327   78.30%
      0     0      489.9685   241      275.0000     Cuts: 167     4459   78.17%
      0     0      489.1058   241      275.0000     Cuts: 175     4618   77.86%
      0     0      488.5040   241      275.0000     Cuts: 140     4759   77.64%
      0     0      487.9659   241      275.0000     Cuts: 111     4878   77.44%
      0     0      487.7694   241      275.0000      Cuts: 68     4957   77.37%
      0     0      487.7098   241      275.0000     Cuts: 116     5022   77.35%
      0     0      487.5771   241      275.0000      Cuts: 84     5116   77.30%
      0     0      487.1206   241      275.0000     Cuts: 127     5241   77.13%
      0     0      486.7805   241      275.0000      Cuts: 98     5347   77.01%
      0     0      486.7133   241      275.0000      Cuts: 88     5423   76.99%
*     0+    0                          280.0000      486.7133            73.83%
      0     2      486.7133   282      280.0000      486.7123     5423   73.83%
Elapsed time = 1.13 sec. (1223.09 ticks, tree = 0.01 MB, solutions = 5)
     11    13      472.6603   227      280.0000      482.2965     8046   72.25%
     27    28      447.6630   183      280.0000      482.2965    11431   72.25%
     42    43      439.2970   137      280.0000      482.2965    14093   72.25%
    110    95      347.3340    44      280.0000      482.2965    16903   72.25%
    140   110      464.2371   194      280.0000      482.2560    18995   72.23%
    160   130      444.4173   188      280.0000      482.2560    22243   72.23%
    183   149      439.9865   205      280.0000      481.6659    24773   72.02%
    229   195      397.5991   155      280.0000      481.6659    27941   72.02%
    296   262      297.1713    69      280.0000      481.6659    30707   72.02%

Performing restart 1

Repeating presolve.
Tried aggregator 1 time.
MIP Presolve eliminated 7 rows and 0 columns.
MIP Presolve modified 1497 coefficients.
Reduced MIP has 1594 rows, 2045 columns, and 7225 nonzeros.
Reduced MIP has 1788 binaries, 191 generals, 0 SOSs, and 0 indicators.
Presolve time = 0.01 sec. (6.70 ticks)
Tried aggregator 1 time.
Reduced MIP has 1594 rows, 2045 columns, and 7225 nonzeros.
Reduced MIP has 1788 binaries, 191 generals, 0 SOSs, and 0 indicators.
Presolve time = 0.01 sec. (5.15 ticks)
Represolve time = 0.04 sec. (32.94 ticks)
    460     0      479.3957   266      280.0000     Cuts: 263    43678   71.21%
    460     0      473.5700   266      280.0000     Cuts: 293    44133   69.13%
    460     0      470.4823   266      280.0000     Cuts: 264    44539   68.03%
*   460+    0                          285.0000      470.4823            65.08%
    460     0        cutoff            285.0000      470.4823    44539   65.08%
    460     0      469.0825   266      285.0000     Cuts: 203    44931   64.59%
    460     0      462.4040   266      285.0000     Cuts: 235    45389   62.25%
    460     0      460.5799   266      285.0000     Cuts: 286    45829   61.61%
    460     0      458.9726   266      285.0000     Cuts: 175    46246   61.04%
    460     0      458.6455   266      285.0000     Cuts: 177    46396   60.93%
    460     0      457.6733   266      285.0000     Cuts: 127    46630   60.59%
    460     0      457.1645   266      285.0000     Cuts: 133    46787   60.41%
    460     0      456.8609   266      285.0000     Cuts: 110    46900   60.30%
    460     0      456.7488   266      285.0000      Cuts: 59    47015   60.26%
    460     0      456.6928   266      285.0000      Cuts: 84    47146   60.24%
    460     0      456.4719   266      285.0000      Cuts: 86    47358   60.17%
    460     0      456.2877   266      285.0000     Cuts: 100    47504   60.10%
    460     0      455.8028   266      285.0000      Cuts: 77    47707   59.93%
    460     0      455.7159   266      285.0000     Cuts: 117    47802   59.90%
    460     0      455.6982   266      285.0000      Cuts: 54    47839   59.89%
    460     0      455.6369   266      285.0000      Cuts: 35    47937   59.87%
    460     0      455.5328   266      285.0000     Cuts: 103    48058   59.84%
    460     0      455.2181   266      285.0000      Cuts: 68    48219   59.73%
    460     0      455.0167   266      285.0000      Cuts: 76    48311   59.65%
    460     0      454.9405   266      285.0000      Cuts: 77    48391   59.63%
    460     0      454.3706   266      285.0000      Cuts: 98    48556   59.43%
    460     0      454.0173   266      285.0000     Cuts: 131    48748   59.30%
    460     0      453.6604   266      285.0000     Cuts: 133    48966   59.18%
*   460+    0                          295.0000      453.6604            53.78%
    460     0      453.5968   266      295.0000      Cuts: 77    49083   53.76%
    460     0      453.5384   266      295.0000      Cuts: 46    49140   53.74%
    460     0      453.4555   266      295.0000      Cuts: 57    49227   53.71%
    460     2      453.4555   306      295.0000      453.4455    49227   53.71%
Elapsed time = 9.48 sec. (11033.47 ticks, tree = 0.01 MB, solutions = 7)
    465     7      441.8644   240      295.0000      451.5059    50473   53.05%
    473    15      444.1884   258      295.0000      451.0359    52659   52.89%
    490    30      414.4931   196      295.0000      451.0359    54828   52.89%
    549    82      330.0000    82      295.0000      451.0359    60657   52.89%
    600   121      432.5045   236      295.0000      449.6928    66765   52.44%
    672   182      438.1952   236      295.0000      449.6204    74084   52.41%
    737   247      384.7711   136      295.0000      449.6204    80025   52.41%
    792   295      386.2457   143      295.0000      449.2847    87272   52.30%
    870   365      418.8866   196      295.0000      446.1277    95612   51.23%
    945   432      427.0538   227      295.0000      445.7243   102183   51.09%
Elapsed time = 16.46 sec. (20909.83 ticks, tree = 0.86 MB, solutions = 7)
   1022   505      396.4566   132      295.0000      445.7243   110822   51.09%
   1123   592      398.2044   126      295.0000      444.6958   118457   50.74%
   1235   695      390.5546   122      295.0000      443.9787   125258   50.50%
   1322   772      414.0985   219      295.0000      443.3126   132270   50.28%
   1362   808      392.4662   229      295.0000      442.7984   138525   50.10%
   1391   835      346.1402   164      295.0000      442.7984   146229   50.10%
   1452   888      338.8558   142      295.0000      442.7765   153239   50.09%
*  1460+  875                          310.0000      442.7765            42.83%
   1527   938      368.7560   121      310.0000      442.3296   160793   42.69%
   1617  1021      375.7092   135      310.0000      442.0278   168000   42.59%
   1671  1069      375.7789   121      310.0000      441.9628   173499   42.57%
Elapsed time = 23.46 sec. (30531.35 ticks, tree = 1.75 MB, solutions = 8)
*  1763  1139      integral     0      315.0000      441.9628   174854   40.31%
   1777  1150      369.3889   117      315.0000      441.9494   179898   40.30%
   1865  1229      396.0698   158      315.0000      441.8642   187151   40.27%
   1953  1311    infeasible            315.0000      441.7940   196343   40.25%
*  2010+ 1301                          325.0000      441.4487            35.83%
   2021  1311      419.0732   208      325.0000      441.4068   205054   35.82%
   2086  1363      404.8075   210      325.0000      441.3792   214181   35.81%
   2150  1427      368.9419   128      325.0000      441.3792   221750   35.81%
   2220  1488      359.6640   134      325.0000      440.6713   229813   35.59%
   2300  1557      420.6599   214      325.0000      440.5396   238070   35.55%
   2366  1616      415.2935   199      325.0000      440.4305   245039   35.52%
   2414  1658      397.4367   177      325.0000      440.2431   252750   35.46%
Elapsed time = 30.45 sec. (40272.11 ticks, tree = 2.48 MB, solutions = 10)
   2446  1684      383.6906   120      325.0000      440.1894   258863   35.44%
*  2460+ 1421                          340.0000      440.1894            29.47%
   2494  1452      376.7160   119      340.0000      440.1460   265813   29.45%
*  2560+ 1421                          345.0000      440.0469            27.55%
   2563  1424      418.1906   258      345.0000      440.0468   272584   27.55%
   2606  1463      415.8466   235      345.0000      439.9330   280204   27.52%
   2628  1485      387.2774   162      345.0000      439.9330   285536   27.52%
   2665  1517      386.0913   157      345.0000      439.7732   292336   27.47%
   2734  1571      428.4752   253      345.0000      438.7179   300023   27.16%
   2797  1629      353.0374    83      345.0000      438.7179   306506   27.16%
   2844  1672      367.4616   108      345.0000      438.4025   312402   27.07%
   2897  1714      415.3236   204      345.0000      438.2259   320683   27.02%
Elapsed time = 37.37 sec. (49919.50 ticks, tree = 2.56 MB, solutions = 12)
   2975  1788      410.2031   208      345.0000      438.1724   329406   27.01%
   3027  1835      406.7185   209      345.0000      438.1716   336715   27.01%
   3105  1909      376.2388   124      345.0000      438.1567   345724   27.00%
   3169  1958      433.5288   273      345.0000      438.0977   354459   26.98%
   3207  1991      422.2711   234      345.0000      438.0855   361042   26.98%
   3250  2028      432.1038   254      345.0000      438.0320   367602   26.97%
   3325  2099      429.9638   238      345.0000      437.7154   375457   26.87%
   3372  2137      422.9713   194      345.0000      437.4419   382270   26.79%
   3420  2178      405.2434   181      345.0000      437.1631   389903   26.71%
   3503  2252      412.8432   233      345.0000      436.8839   397052   26.63%
Elapsed time = 44.49 sec. (59825.09 ticks, tree = 3.33 MB, solutions = 12)
   3558  2304      413.0092   219      345.0000      436.8292   404207   26.62%
   3620  2362      410.4103   208      345.0000      436.8182   411547   26.61%
   3690  2425      397.3427   194      345.0000      436.7476   419428   26.59%
   3737  2462      420.1690   244      345.0000      436.7175   426210   26.58%
   3802  2519      401.7255   229      345.0000      436.6942   433325   26.58%
   3850  2560      394.0568   204      345.0000      436.5838   441161   26.55%
   3902  2602      401.5518   196      345.0000      436.0657   450517   26.40%
   3958  2647      385.1142   161      345.0000      435.7761   459230   26.31%
   4042  2724      359.2675   115      345.0000      435.7324   467837   26.30%
   4105  2778      396.7774   216      345.0000      435.3702   476827   26.19%
Elapsed time = 51.51 sec. (69619.50 ticks, tree = 4.00 MB, solutions = 12)
   4141  2810      395.9220   182      345.0000      435.2960   485039   26.17%
   4209  2865      407.3878   224      345.0000      435.2190   493679   26.15%
   4267  2914      421.9117   233      345.0000      435.0724   501794   26.11%
   4338  2978      408.6526   207      345.0000      435.0016   510709   26.09%
   4395  3032      416.2611   212      345.0000      434.8265   519279   26.04%
   4455  3083      411.3580   227      345.0000      434.8017   527820   26.03%
   4509  3133      385.5687   161      345.0000      434.2241   536429   25.86%
   4600  3219      383.3658   134      345.0000      434.1462   544919   25.84%
   4677  3284      411.9038   211      345.0000      434.1223   552680   25.83%
   4724  3323      410.5487   203      345.0000      434.0586   561542   25.81%
Elapsed time = 58.44 sec. (79271.12 ticks, tree = 4.69 MB, solutions = 12)
   4797  3386      399.7242   195      345.0000      434.0258   569950   25.80%
   4842  3422      425.7441   264      345.0000      433.9376   577814   25.78%
   4925  3497      412.9159   233      345.0000      433.9012   586588   25.77%
   4968  3531      421.8757   272      345.0000      433.8970   595441   25.77%
   5016  3573      412.2966   234      345.0000      433.8821   603903   25.76%
   5067  3617      415.4084   247      345.0000      433.7990   611217   25.74%
   5119  3663      388.8787   211      345.0000      433.7422   619222   25.72%
   5167  3698        cutoff            345.0000      433.6498   627730   25.70%
   5205  3732      418.6855   225      345.0000      433.5803   634735   25.68%
   5277  3799      399.5274   200      345.0000      433.5495   642673   25.67%
Elapsed time = 65.58 sec. (89316.12 ticks, tree = 5.32 MB, solutions = 12)
   5330  3845      404.3880   201      345.0000      433.5288   649642   25.66%
   5375  3884      407.4550   208      345.0000      433.5254   658589   25.66%
   5419  3917      427.2197   263      345.0000      433.4983   666875   25.65%
   5503  3991      427.3041   263      345.0000      433.4883   676477   25.65%
   5568  4053      412.0700   237      345.0000      433.2944   685573   25.59%
   5634  4109      377.8779   152      345.0000      433.2871   695451   25.59%
   5666  4136      391.2382   192      345.0000      433.2079   703455   25.57%
   5725  4188      367.4693   135      345.0000      433.0847   712667   25.53%
   5775  4233      365.2494   162      345.0000      433.0818   721253   25.53%
   5996  4408      409.1100   251      345.0000      432.7528   756563   25.44%
Elapsed time = 74.55 sec. (101917.67 ticks, tree = 6.35 MB, solutions = 12)
   6231  4610      405.6717   204      345.0000      432.5292   793409   25.37%
   6448  4802      410.9453   221      345.0000      432.4113   827428   25.34%
   6673  4998      369.1041   147      345.0000      432.0091   861837   25.22%
   6916  5212      392.7542   174      345.0000      431.8929   894401   25.19%
   7157  5417      420.8381   257      345.0000      431.8478   926502   25.17%
   7356  5592      405.4259   222      345.0000      431.7691   958418   25.15%
   7567  5773      392.2069   208      345.0000      431.5553   990037   25.09%
   7798  5974      397.0842   153      345.0000      431.3728  1026264   25.04%
   8039  6177      357.1373   136      345.0000      431.2245  1063404   24.99%
   8286  6384      419.5478   241      345.0000      430.9904  1099732   24.92%
Elapsed time = 102.03 sec. (140222.07 ticks, tree = 8.92 MB, solutions = 12)
   8542  6601      399.8088   181      345.0000      430.7741  1137509   24.86%
   8786  6820      379.1517   129      345.0000      430.5790  1176750   24.81%
   9031  7032      406.4789   231      345.0000      430.2871  1212460   24.72%
   9234  7207      411.1737   229      345.0000      430.0214  1244852   24.64%
   9448  7391      355.5664    86      345.0000      429.8745  1278202   24.60%
*  9660+ 7316                          350.0000      429.7279            22.78%
*  9661+ 6826                          355.0000      429.7279            21.05%
   9661  6827      403.1840   219      355.0000      429.6056  1306044   21.02%
   9662  6828      419.8742   245      355.0000      429.5597  1306909   21.00%
Starting limited solution polishing.
   9806  6948      378.8798   227      355.0000      429.3832  1339764   20.95%
  10035  7138      412.2036   232      355.0000      428.9661  1376544   20.84%
  10214  7283      388.6554   172      355.0000      428.7028  1411943   20.76%
Elapsed time = 143.88 sec. (193718.08 ticks, tree = 9.97 MB, solutions = 14)
  10406  7436      417.9783   202      355.0000      428.5560  1447651   20.72%
  10560  7561      378.6341   190      355.0000      428.4468  1474042   20.69%

GUB cover cuts applied:  48
Clique cuts applied:  192
Cover cuts applied:  45
Implied bound cuts applied:  91
Flow cuts applied:  28
Mixed integer rounding cuts applied:  224
Zero-half cuts applied:  87
Lift and project cuts applied:  33
Gomory fractional cuts applied:  16

Root node processing (before b&c):
  Real time             =    1.12 sec. (1218.05 ticks)
Sequential b&c:
  Real time             =  148.88 sec. (200503.06 ticks)
                          ------------
Total (root+branch&cut) =  150.00 sec. (201721.11 ticks)

Solution pool: 15 solutions saved.

MIP - Time limit exceeded, integer feasible:  Objective =  3.5500000000e+02
Current MIP best bound =  4.2844678624e+02 (gap = 73.4468, 20.69%)
Solution time =  150.00 sec.  Iterations = 1474801  Nodes = 10567 (7563)
Deterministic time = 201721.13 ticks  (1344.80 ticks/sec)


Incumbent solution
Variable Name           Solution Value
F                           355.000000
y18                           1.000000
y31                           1.000000
y46                           1.000000
y47                           1.000000
y48                           1.000000
y88                           1.000000
y91                           1.000000
y92                           1.000000
y120                          1.000000
y161                          1.000000
y168                          1.000000
y174                          1.000000
y180                          1.000000
y198                          1.000000
y203                          1.000000
y232                          1.000000
y240                          1.000000
y255                          1.000000
y259                          1.000000
y261                          1.000000
y262                          1.000000
x20x174x1                     1.000000
x123x18x1                     2.000000
x136x180x1                    2.000000
x205x46x1                     1.000000
x205x91x1                     1.000000
x20x174x2                     1.000000
x196x48x2                     1.000000
x218x48x2                     1.000000
x218x198x2                    1.000000
x256x91x2                     1.000000
x120x47x3                     1.000000
x120x240x3                    1.000000
x196x198x3                    1.000000
x200x46x3                     1.000000
x252x120x3                    1.000000
x256x262x3                    1.000000
x0x120x3                      1.000000
x18x259x1                     2.000000
x91x31x1                      1.000000
x174x31x1                     1.000000
x31x0x1                       2.000000
x46x262x1                     1.000000
x46x232x3                     1.000000
x47x88x3                      1.000000
x47x92x3                      1.000000
x48x88x2                      1.000000
x48x92x2                      1.000000
x88x0x2                       1.000000
x88x0x3                       1.000000
x91x255x2                     1.000000
x92x0x2                       1.000000
x92x0x3                       1.000000
x198x161x2                    1.000000
x161x0x2                      1.000000
x198x161x3                    1.000000
x161x0x3                      1.000000
x259x168x1                    2.000000
x168x0x1                      2.000000
x174x255x2                    1.000000
x180x232x1                    1.000000
x180x261x1                    1.000000
x240x203x3                    2.000000
x203x0x3                      2.000000
x232x0x1                      1.000000
x232x0x3                      1.000000
x255x0x2                      2.000000
x262x261x1                    1.000000
x261x0x1                      2.000000
x262x0x3                      1.000000
s20                           5.912193
s6                            8.239448
z20z6z1                       1.000000
s12                           8.450000
s15                           7.780000
s19                           6.970000
s22                           8.167122
s24                           8.040000
s31                           9.110000
z20z31z1                      1.000000
s32                           7.720000
s33                           6.860000
s41                           7.440000
s48                           7.703794
s61                           7.100000
s63                           9.220000
s66                           7.565846
s72                           9.280000
z20z72z1                      1.000000
s73                           6.470000
s74                           8.530000
s76                           9.280000
z20z76z1                      1.000000
s88                           8.870461
s91                           7.774739
s92                           8.860000
s94                           8.850000
z20z94z2                      1.000000
s96                           9.220000
s106                          8.020000
s112                          8.730000
z20z112z2                     1.000000
s118                          7.810000
s122                          6.890000
s130                          9.470000
s142                          8.030000
s153                          7.820000
s159                          7.740000
s161                          8.897589
s166                          7.550000
s168                          9.460000
z20z168z1                     1.000000
s173                          7.694699
s174                          7.844141
z20z174z1                     1.000000
z20z174z2                     1.000000
s175                          8.850000
s176                          7.650000
s177                          7.200000
s180                          7.291668
s185                          7.490000
s186                          6.980000
s195                          7.899272
s197                          7.960000
s198                          7.253988
s202                          7.780000
s207                          9.020000
z20z207z2                     1.000000
s210                          8.070000
s232                          9.130000
s238                          6.910000
s244                          7.560000
s253                          7.260000
s255                          9.150000
z20z255z2                     1.000000
s257                          7.090000
s259                          8.292933
s260                          8.709759
z20z260z1                     1.000000
s261                          9.340000
z20z261z1                     1.000000
s262                          8.202563
s265                          7.880000
s267                          9.090000
s80                           6.000000
s5                            6.210000
s21                           6.000000
s25                           6.980000
s44                           6.000000
s46                           6.831566
s47                           7.540000
z80z47z3                      1.000000
s64                           6.551771
s84                           6.230000
s105                          6.010000
s107                          7.370000
s120                          6.000000
s135                          6.290000
s137                          7.244495
s145                          6.920000
s172                          6.000000
s178                          6.280000
s179                          6.000000
s190                          6.220000
s203                          9.000000
z80z203z3                     1.000000
s216                          7.150000
s220                          7.530000
s240                          7.823994
s90                           6.000000
s2                            6.000000
s18                           6.962255
s70                           6.000000
z90z72z1                      1.000000
z90z76z1                      1.000000
s82                           6.000000
s126                          6.000000
z90z168z1                     1.000000
z90z207z2                     1.000000
s214                          6.000000
z90z255z2                     1.000000
z90z261z1                     1.000000
z120z47z3                     1.000000
z120z203z3                    1.000000
z120z240z3                    1.000000
s123                          5.365813
z123z6z1                      1.000000
z123z18z1                     1.000000
z123z31z1                     1.000000
z123z72z1                     1.000000
z123z76z1                     1.000000
z123z159z1                    1.000000
z123z168z1                    1.000000
z123z180z1                    1.000000
z123z257z1                    1.000000
z123z259z1                    1.000000
z123z260z1                    1.000000
z123z261z1                    1.000000
s136                          5.902242
z136z6z1                      1.000000
z136z31z1                     1.000000
z136z66z1                     1.000000
z136z72z1                     1.000000
z136z76z1                     1.000000
z136z168z1                    1.000000
z136z180z1                    1.000000
z136z260z1                    1.000000
z136z261z1                    1.000000
z172z47z3                     1.000000
z172z203z3                    1.000000
z172z207z2                    1.000000
z172z255z2                    1.000000
s196                          5.979315
z196z48z2                     1.000000
z196z94z2                     1.000000
z196z112z2                    1.000000
z196z142z2                    1.000000
z196z198z3                    1.000000
z196z203z3                    1.000000
z196z207z2                    1.000000
z196z255z2                    1.000000
s200                          0.878635
z200z25z3                     1.000000
z200z46z3                     1.000000
z200z47z3                     1.000000
z200z107z3                    1.000000
s109                          6.000000
z200z109z3                    1.000000
s115                          6.000000
z200z120z3                    1.000000
z200z135z3                    1.000000
z200z145z3                    1.000000
z200z203z3                    1.000000
s206                          6.000000
z200z216z3                    1.000000
z200z220z3                    1.000000
s222                          6.000000
z200z222z3                    1.000000
z200z240z3                    1.000000
s205                          5.381264
z205z6z1                      1.000000
z205z31z1                     1.000000
z205z46z1                     1.000000
z205z72z1                     1.000000
z205z76z1                     1.000000
z205z91z1                     1.000000
z205z159z1                    1.000000
z205z168z1                    1.000000
z205z180z1                    1.000000
z205z257z1                    1.000000
z205z259z1                    1.000000
z205z260z1                    1.000000
z205z261z1                    1.000000
s218                          5.843367
z218z48z2                     1.000000
z218z94z2                     1.000000
z218z112z2                    1.000000
z218z142z2                    1.000000
z218z198z2                    1.000000
z218z207z2                    1.000000
z218z255z2                    1.000000
s252                          3.737532
z252z25z3                     1.000000
z252z47z3                     1.000000
z252z107z3                    1.000000
z252z109z3                    1.000000
z252z120z3                    1.000000
z252z135z3                    1.000000
z252z145z3                    1.000000
z252z203z3                    1.000000
z252z216z3                    1.000000
z252z220z3                    1.000000
z252z222z3                    1.000000
z252z240z3                    1.000000
s256                          5.926666
z256z91z2                     1.000000
z256z94z2                     1.000000
z256z112z2                    1.000000
z256z142z2                    1.000000
z256z203z3                    1.000000
z256z207z2                    1.000000
z256z255z2                    1.000000
z256z262z3                    1.000000
s264                          6.000000
z0z25z3                       1.000000
z0z47z3                       1.000000
z0z107z3                      1.000000
z0z109z3                      1.000000
z0z120z3                      1.000000
z0z135z3                      1.000000
z0z145z3                      1.000000
z0z203z3                      1.000000
z0z216z3                      1.000000
z0z220z3                      1.000000
z0z222z3                      1.000000
z0z240z3                      1.000000
z2z72z1                       1.000000
z2z76z1                       1.000000
z2z168z1                      1.000000
z2z207z2                      1.000000
z2z255z2                      1.000000
z2z261z1                      1.000000
z5z72z1                       1.000000
z5z76z1                       1.000000
z5z168z1                      1.000000
z5z261z1                      1.000000
z18z72z1                      1.000000
z18z76z1                      1.000000
z18z168z1                     1.000000
z18z259z1                     1.000000
z18z261z1                     1.000000
z21z72z1                      1.000000
z21z76z1                      1.000000
z21z168z1                     1.000000
z21z207z2                     1.000000
z21z255z2                     1.000000
z21z261z1                     1.000000
z44z207z2                     1.000000
z44z255z2                     1.000000
z46z72z1                      1.000000
z46z76z1                      1.000000
z46z168z1                     1.000000
z46z232z3                     1.000000
z46z261z1                     1.000000
z46z262z1                     1.000000
z47z88z3                      1.000000
z47z92z3                      1.000000
z48z88z2                      1.000000
z48z92z2                      1.000000
z64z207z2                     1.000000
z64z255z2                     1.000000
z66z72z1                      1.000000
z66z76z1                      1.000000
z66z168z1                     1.000000
z66z260z1                     1.000000
z66z261z1                     1.000000
z70z207z2                     1.000000
z70z255z2                     1.000000
z73z72z1                      1.000000
z73z76z1                      1.000000
z73z168z1                     1.000000
z73z261z1                     1.000000
z82z72z1                      1.000000
z82z76z1                      1.000000
z82z168z1                     1.000000
z82z261z1                     1.000000
z84z72z1                      1.000000
z84z76z1                      1.000000
z84z168z1                     1.000000
z84z261z1                     1.000000
z91z31z1                      1.000000
z91z255z2                     1.000000
z105z47z3                     1.000000
z105z203z3                    1.000000
z105z207z2                    1.000000
z105z255z2                    1.000000
z109z47z3                     1.000000
z109z203z3                    1.000000
z115z47z3                     1.000000
z115z72z1                     1.000000
z115z76z1                     1.000000
z115z168z1                    1.000000
z115z203z3                    1.000000
z115z261z1                    1.000000
z126z72z1                     1.000000
z126z76z1                     1.000000
z126z168z1                    1.000000
z126z261z1                    1.000000
z137z207z2                    1.000000
z137z255z2                    1.000000
z173z72z1                     1.000000
z173z168z1                    1.000000
z173z261z1                    1.000000
z174z31z1                     1.000000
z174z255z2                    1.000000
z178z72z1                     1.000000
z178z76z1                     1.000000
z178z168z1                    1.000000
z178z261z1                    1.000000
z179z47z3                     1.000000
z179z72z1                     1.000000
z179z76z1                     1.000000
z179z168z1                    1.000000
z179z203z3                    1.000000
z179z261z1                    1.000000
z180z232z1                    1.000000
z180z261z1                    1.000000
z190z72z1                     1.000000
z190z76z1                     1.000000
z190z168z1                    1.000000
z190z207z2                    1.000000
z190z255z2                    1.000000
z190z261z1                    1.000000
z198z161z2                    1.000000
z198z161z3                    1.000000
z198z207z2                    1.000000
s204                          6.000000
z206z203z3                    1.000000
z214z207z2                    1.000000
z214z255z2                    1.000000
z222z47z3                     1.000000
z222z203z3                    1.000000
z240z203z3                    1.000000
z253z255z2                    1.000000
z257z76z1                     1.000000
z259z168z1                    1.000000
z262z261z1                    1.000000
All other variables in the range 1-7294 are 0.
