
Log started (V12.10.0.0) Tue Apr 20 08:39:37 2021

Warning, line 357: Name 's43' does not exist.
Warning, line 358: Name 's91' does not exist.
Warning, line 359: Name 's247' does not exist.
Warning, line 360: Name 's124' does not exist.
Warning, line 361: Name 's209' does not exist.
Warning, line 363: Name 's41' does not exist.
Warning, line 368: Name 's109' does not exist.
Warning, line 371: Name 's148' does not exist.
Warning, line 372: Name 's165' does not exist.

Problem 'asset.lp' read.
Read time = 0.00 sec. (0.02 ticks)
New value for default parallel thread count: 1
New value for time limit in seconds: 400
Version identifier: 12.10.0.0 | 2019-11-26 | 843d4de
CPXPARAM_Threads                                 1
CPXPARAM_TimeLimit                               400
Found incumbent of value 0.000000 after 0.00 sec. (0.01 ticks)
Tried aggregator 5 times.
MIP Presolve eliminated 169 rows and 85 columns.
MIP Presolve modified 160 coefficients.
Aggregator did 43 substitutions.
Reduced MIP has 26 rows, 36 columns, and 84 nonzeros.
Reduced MIP has 35 binaries, 0 generals, 0 SOSs, and 0 indicators.
Presolve time = 0.00 sec. (0.65 ticks)
Probing fixed 4 vars, tightened 0 bounds.
Probing time = 0.00 sec. (0.04 ticks)
Cover probing fixed 0 vars, tightened 4 bounds.
Tried aggregator 2 times.
MIP Presolve eliminated 16 rows and 17 columns.
MIP Presolve modified 1 coefficients.
Aggregator did 2 substitutions.
Reduced MIP has 8 rows, 17 columns, and 33 nonzeros.
Reduced MIP has 17 binaries, 0 generals, 0 SOSs, and 0 indicators.
Presolve time = 0.00 sec. (0.09 ticks)
Probing time = 0.00 sec. (0.01 ticks)
Tried aggregator 1 time.
Detecting symmetries...
Reduced MIP has 8 rows, 17 columns, and 33 nonzeros.
Reduced MIP has 17 binaries, 0 generals, 0 SOSs, and 0 indicators.
Presolve time = 0.00 sec. (0.03 ticks)
Probing time = 0.00 sec. (0.01 ticks)
Clique table members: 16.
MIP emphasis: balance optimality and feasibility.
MIP search method: dynamic search.
Parallel mode: none, using 1 thread.
Root relaxation solution time = 0.00 sec. (0.02 ticks)

        Nodes                                         Cuts/
   Node  Left     Objective  IInf  Best Integer    Best Bound    ItCnt     Gap

*     0+    0                           21.0000       63.0000           200.00%
      0     0       33.0000     1       21.0000       33.0000        6   57.14%
*     0+    0                           30.0000       33.0000            10.00%
*     0+    0                           33.0000       33.0000             0.00%
      0     0        cutoff             33.0000       33.0000        6    0.00%
Elapsed time = 0.00 sec. (1.93 ticks, tree = 0.01 MB, solutions = 3)

Root node processing (before b&c):
  Real time             =    0.00 sec. (1.94 ticks)
Sequential b&c:
  Real time             =    0.00 sec. (0.00 ticks)
                          ------------
Total (root+branch&cut) =    0.00 sec. (1.94 ticks)

Solution pool: 4 solutions saved.

MIP - Integer optimal solution:  Objective =  3.3000000000e+01
Solution time =    0.00 sec.  Iterations = 6  Nodes = 0
Deterministic time = 1.94 ticks  (442.94 ticks/sec)


Incumbent solution
Variable Name           Solution Value
F                            33.000000
y239                          1.000000
y143                          1.000000
y196                          1.000000
y29                           1.000000
x245x239x1                    1.000000
x36x196x1                     1.000000
x154x29x2                     1.000000
x245x239x2                    1.000000
x106x29x2                     1.000000
x22x196x2                     1.000000
x259x143x3                    2.000000
x239x0x1                      1.000000
x239x0x2                      1.000000
x143x0x3                      2.000000
x196x0x1                      1.000000
x196x0x2                      1.000000
x29x0x2                       2.000000
s259                          8.147392
s270                          9.400000
s143                          9.450000
z259z143z3                    1.000000
s176                          8.274084
s196                          9.450000
s154                          7.389850
s273                          8.080000
s69                           8.230000
s277                          8.230000
s159                          9.250000
s239                          9.281721
s48                           9.380000
s31                           9.390000
s10                           9.430000
z154z10z2                     1.000000
s29                           9.460000
z154z29z2                     1.000000
s245                          7.912800
z245z239z1                    1.000000
z245z239z2                    1.000000
s81                           8.380000
z245z10z2                     1.000000
z245z29z2                     1.000000
s106                          8.099810
z106z10z2                     1.000000
z106z29z2                     1.000000
s36                           8.085500
z36z196z1                     1.000000
s22                           8.267550
z22z196z2                     1.000000
z69z29z2                      1.000000
All other variables in the range 1-168 are 0.
