
Log started (V12.10.0.0) Tue Apr 20 08:39:36 2021

Warning, line 474: Name 's196' does not exist.
Warning, line 478: Name 's109' does not exist.
Warning, line 479: Name 's266' does not exist.
Warning, line 480: Name 's239' does not exist.
Warning, line 481: Name 's170' does not exist.
Warning, line 482: Name 's172' does not exist.
Warning, line 483: Name 's270' does not exist.
Warning, line 484: Name 's54' does not exist.

Problem 'asset.lp' read.
Read time = 0.00 sec. (0.03 ticks)
New value for default parallel thread count: 1
New value for time limit in seconds: 400
Version identifier: 12.10.0.0 | 2019-11-26 | 843d4de
CPXPARAM_Threads                                 1
CPXPARAM_TimeLimit                               400
Found incumbent of value 0.000000 after 0.00 sec. (0.01 ticks)
Tried aggregator 4 times.
MIP Presolve eliminated 291 rows and 178 columns.
MIP Presolve modified 122 coefficients.
Aggregator did 28 substitutions.
Reduced MIP has 9 rows, 16 columns, and 29 nonzeros.
Reduced MIP has 14 binaries, 2 generals, 0 SOSs, and 0 indicators.
Presolve time = 0.00 sec. (0.45 ticks)
Probing time = 0.00 sec. (0.01 ticks)
Tried aggregator 1 time.
MIP Presolve eliminated 3 rows and 3 columns.
MIP Presolve added 1 rows and 1 columns.
Reduced MIP has 7 rows, 14 columns, and 24 nonzeros.
Reduced MIP has 11 binaries, 3 generals, 0 SOSs, and 0 indicators.
Presolve time = 0.00 sec. (0.03 ticks)
Probing fixed 0 vars, tightened 1 bounds.
Probing time = 0.00 sec. (0.00 ticks)
Tried aggregator 1 time.
Detecting symmetries...
MIP Presolve eliminated 1 rows and 1 columns.
MIP Presolve added 1 rows and 1 columns.
Reduced MIP has 7 rows, 14 columns, and 24 nonzeros.
Reduced MIP has 11 binaries, 3 generals, 0 SOSs, and 0 indicators.
Presolve time = 0.00 sec. (0.02 ticks)
Probing time = 0.00 sec. (0.00 ticks)
Clique table members: 9.
MIP emphasis: balance optimality and feasibility.
MIP search method: dynamic search.
Parallel mode: none, using 1 thread.
Root relaxation solution time = 0.00 sec. (0.01 ticks)

        Nodes                                         Cuts/
   Node  Left     Objective  IInf  Best Integer    Best Bound    ItCnt     Gap

*     0+    0                            0.0000       48.0000              --- 
      0     0       27.0000     1        0.0000       27.0000        1     --- 
*     0+    0                           21.0000       27.0000            28.57%
*     0     0      integral     0       27.0000       Cuts: 4        2    0.00%
      0     0        cutoff             27.0000       27.0000        2    0.00%
Elapsed time = 0.00 sec. (0.63 ticks, tree = 0.01 MB, solutions = 2)

Cover cuts applied:  1
Implied bound cuts applied:  1
Mixed integer rounding cuts applied:  1
Gomory fractional cuts applied:  1

Root node processing (before b&c):
  Real time             =    0.00 sec. (0.64 ticks)
Sequential b&c:
  Real time             =    0.00 sec. (0.00 ticks)
                          ------------
Total (root+branch&cut) =    0.00 sec. (0.64 ticks)

Solution pool: 3 solutions saved.

MIP - Integer optimal solution:  Objective =  2.7000000000e+01
Solution time =    0.00 sec.  Iterations = 2  Nodes = 0
Deterministic time = 0.64 ticks  (219.27 ticks/sec)


Incumbent solution
Variable Name           Solution Value
F                            27.000000
y132                          1.000000
y204                          1.000000
y15                           1.000000
y41                           1.000000
x176x132x1                    2.000000
x69x15x2                      1.000000
x81x15x3                      1.000000
x143x204x3                    2.000000
x259x41x3                     2.000000
x132x0x1                      2.000000
x204x0x3                      2.000000
x15x0x2                       1.000000
x15x0x3                       1.000000
x41x0x3                       2.000000
s81                           8.085239
s204                          9.380000
z81z204z3                     1.000000
s15                           9.400000
z81z15z3                      1.000000
s143                          8.107692
z143z204z3                    1.000000
s69                           8.157798
z69z15z2                      1.000000
s259                          7.899474
s156                          9.330000
z259z204z3                    1.000000
s20                           9.390000
s41                           9.470000
z259z41z3                     1.000000
s176                          7.739170
s132                          9.030000
z176z132z1                    1.000000
s27                           9.110000
s207                          9.330000
s8                            9.420000
z176z8z1                      1.000000
s86                           7.361010
s53                           7.890000
s91                           7.930000
s48                           8.100000
s116                          9.130000
s272                          7.870000
s214                          8.050000
s73                           7.880000
s181                          7.880000
s102                          7.890000
s254                          7.950000
All other variables in the range 1-228 are 0.
