
Log started (V12.10.0.0) Tue Apr 20 04:09:49 2021


Problem 'asset.lp' read.
Read time = 0.01 sec. (1.26 ticks)
New value for default parallel thread count: 1
New value for time limit in seconds: 150
Version identifier: 12.10.0.0 | 2019-11-26 | 843d4de
CPXPARAM_Threads                                 1
CPXPARAM_TimeLimit                               150
Found incumbent of value 0.000000 after 0.00 sec. (0.29 ticks)
Tried aggregator 3 times.
MIP Presolve eliminated 5256 rows and 411 columns.
MIP Presolve modified 8029 coefficients.
Aggregator did 3176 substitutions.
Reduced MIP has 3750 rows, 4579 columns, and 21054 nonzeros.
Reduced MIP has 3962 binaries, 534 generals, 0 SOSs, and 0 indicators.
Presolve time = 0.04 sec. (46.76 ticks)
Probing fixed 311 vars, tightened 27 bounds.
Probing time = 0.04 sec. (28.02 ticks)
Cover probing fixed 0 vars, tightened 69 bounds.
Tried aggregator 1 time.
Detecting symmetries...
MIP Presolve eliminated 511 rows and 374 columns.
MIP Presolve modified 640 coefficients.
Reduced MIP has 3239 rows, 4205 columns, and 18246 nonzeros.
Reduced MIP has 3615 binaries, 507 generals, 0 SOSs, and 0 indicators.
Presolve time = 0.02 sec. (16.84 ticks)
Probing time = 0.00 sec. (3.53 ticks)
Clique table members: 11216.
MIP emphasis: balance optimality and feasibility.
MIP search method: dynamic search.
Parallel mode: none, using 1 thread.
Root relaxation solution time = 0.07 sec. (104.57 ticks)

        Nodes                                         Cuts/
   Node  Left     Objective  IInf  Best Integer    Best Bound    ItCnt     Gap

*     0+    0                            0.0000     1250.0000              --- 
      0     0     1091.0096   411        0.0000     1091.0096     1240     --- 
      0     0     1078.4216   411        0.0000     Cuts: 909     3177     --- 
      0     0     1061.9302   411        0.0000     Cuts: 909     5957     --- 
      0     0     1047.9082   411        0.0000     Cuts: 909    10888     --- 
*     0+    0                           55.0000     1047.9082              --- 
      0     0        cutoff             55.0000     1047.9082    10888     --- 
      0     0     1042.4502   411       55.0000     Cuts: 909    14978     --- 
      0     0     1029.5131   411       55.0000     Cuts: 909    17375     --- 
Detecting symmetries...
      0     0     1025.8436   411       55.0000     Cuts: 762    18316     --- 
*     0+    0                           90.0000     1025.8436              --- 
*     0+    0                          200.0000     1025.8436           412.92%
*     0+    0                          305.0000     1025.8436           236.34%
*     0+    0                          310.0000     1025.8436           230.92%
*     0+    0                          325.0000     1025.8436           215.64%
*     0+    0                          340.0000     1025.8436           201.72%
*     0+    0                          375.0000     1025.8436           173.56%
*     0+    0                          385.0000     1025.8436           166.45%
      0     0        cutoff            385.0000     1025.8436    18316  166.45%
      0     0     1023.4932   411      385.0000     Cuts: 741    19938  165.84%
      0     0     1021.8931   411      385.0000     Cuts: 853    21701  165.43%
      0     0     1020.5980   411      385.0000     Cuts: 909    23366  165.09%
*     0+    0                          390.0000     1020.5980           161.69%
*     0+    0                          410.0000     1020.5980           148.93%
      0     0     1019.7709   411      410.0000     Cuts: 749    24386  148.72%
      0     0     1017.4736   411      410.0000     Cuts: 707    26147  148.16%
      0     0     1017.1933   411      410.0000     Cuts: 909    27676  148.10%
*     0+    0                          415.0000     1017.1933           145.11%
*     0+    0                          420.0000     1017.1933           142.19%
*     0+    0                          455.0000     1017.1933           123.56%
      0     0        cutoff            455.0000     1017.1933    27676  123.56%
      0     0     1016.5545   411      455.0000     Cuts: 751    29066  123.42%
      0     0     1016.2164   411      455.0000     Cuts: 630    29737  123.34%
      0     0     1015.4493   411      455.0000     Cuts: 575    30597  123.18%
      0     0     1014.7125   411      455.0000     Cuts: 489    31593  123.01%
      0     0     1014.2955   411      455.0000     Cuts: 777    32327  122.92%
      0     0     1014.2440   411      455.0000     Cuts: 909    32918  122.91%
*     0+    0                          475.0000     1014.2440           113.53%
      0     0     1013.9842   411      475.0000     Cuts: 631    33783  113.47%
      0     0     1013.8222   411      475.0000     Cuts: 896    34610  113.44%
      0     0     1013.7231   411      475.0000     Cuts: 360    35189  113.42%
Detecting symmetries...
      0     2     1013.7231   468      475.0000     1013.7231    35189  113.42%
Elapsed time = 8.43 sec. (11511.60 ticks, tree = 0.01 MB, solutions = 15)
      2     4     1009.2381   401      475.0000     1013.7231    36606  113.42%
     10    12     1006.2983   403      475.0000     1013.7231    37926  113.42%
     15    17     1011.5555   435      475.0000     1013.7231    39340  113.42%
     23    25      988.1531   423      475.0000     1013.7231    41796  113.42%
     26    28     1002.8128   432      475.0000     1013.7231    43571  113.42%
     31    33     1009.8139   411      475.0000     1013.7231    45049  113.42%
     35    37      997.5821   421      475.0000     1013.7231    48062  113.42%
     37    39      976.8726   419      475.0000     1013.7231    49441  113.42%
     40    42      994.6719   405      475.0000     1013.7231    51638  113.42%
     49    51     1006.0634   417      475.0000     1013.7231    57604  113.42%
Elapsed time = 11.23 sec. (15806.77 ticks, tree = 0.49 MB, solutions = 15)
     60    62      991.8956   401      475.0000     1013.7231    61678  113.42%
     73    75      922.5669   347      475.0000     1013.7231    68054  113.42%
    102   104      872.9553   304      475.0000     1013.7231    72841  113.42%
*   304   220      integral     0      485.0000     1013.7231    81163  109.02%
    307   220     1013.7021   464      485.0000     1013.7021    81553  109.01%
    333   246      971.7037   425      485.0000     1013.7021    90628  109.01%
    358   267      990.0317   414      485.0000     1013.7021    98426  109.01%
    373   278      974.3395   387      485.0000     1013.7021   104402  109.01%
    380   285      968.5569   405      485.0000     1013.7021   109068  109.01%
    401   306      939.8175   380      485.0000     1013.7021   117191  109.01%
    424   325      857.9051   342      485.0000     1013.7021   125556  109.01%
Elapsed time = 18.13 sec. (26506.90 ticks, tree = 1.30 MB, solutions = 16)
    464   357      821.6768   305      485.0000     1013.7021   133987  109.01%
    592   448     1013.6913   449      485.0000     1013.7021   142916  109.01%
    609   465     1013.6773   461      485.0000     1013.7021   145777  109.01%
    658   514     1005.0607   419      485.0000     1013.7021   152476  109.01%
    682   538      966.6735   422      485.0000     1013.7021   159099  109.01%
    718   574      951.4650   415      485.0000     1013.7021   166016  109.01%
    758   614      934.6896   404      485.0000     1013.7021   171086  109.01%
    779   635      919.5743   403      485.0000     1013.7021   176139  109.01%
    802   658     1013.6406   465      485.0000     1013.7021   181426  109.01%
    812   668     1012.7080   437      485.0000     1013.7021   188917  109.01%
Elapsed time = 24.53 sec. (36414.51 ticks, tree = 2.07 MB, solutions = 16)
    821   677      973.1007   428      485.0000     1013.7021   197199  109.01%
    840   694     1007.9885   426      485.0000     1013.7021   204402  109.01%
    847   701      992.4129   415      485.0000     1013.7021   211682  109.01%
    858   712      976.4146   412      485.0000     1013.7021   219420  109.01%
    876   730      939.8096   369      485.0000     1013.7021   226979  109.01%
    920   750      863.8841   355      485.0000     1013.7021   234663  109.01%
   1000   810      688.7002   177      485.0000     1013.7021   240363  109.01%

Performing restart 1

Repeating presolve.
Tried aggregator 1 time.
MIP Presolve eliminated 8 rows and 8 columns.
MIP Presolve modified 5122 coefficients.
Reduced MIP has 3231 rows, 4197 columns, and 15506 nonzeros.
Reduced MIP has 3607 binaries, 507 generals, 0 SOSs, and 0 indicators.
Presolve time = 0.01 sec. (13.71 ticks)
Tried aggregator 1 time.
Reduced MIP has 3231 rows, 4197 columns, and 15506 nonzeros.
Reduced MIP has 3607 binaries, 507 generals, 0 SOSs, and 0 indicators.
Presolve time = 0.01 sec. (10.42 ticks)
Represolve time = 0.12 sec. (85.80 ticks)
   1026     0      963.0060   530      485.0000     Cuts: 537   254377   98.56%
   1026     0      944.8846   530      485.0000     Cuts: 544   256248   94.82%
   1026     0      928.0586   530      485.0000     Cuts: 535   257896   91.35%
*  1026+    0                          495.0000      928.0586            87.49%
   1026     0      922.4422   530      495.0000     Cuts: 527   259260   86.35%
   1026     0      916.7106   530      495.0000     Cuts: 480   261177   85.19%
   1026     0      913.1312   530      495.0000     Cuts: 396   262371   84.47%
*  1026+    0                          500.0000      913.1312            82.63%
*  1026+    0                          505.0000      913.1312            80.82%
   1026     0      909.8735   530      505.0000     Cuts: 468   263328   80.17%
   1026     0      908.7542   530      505.0000     Cuts: 385   263958   79.95%
   1026     0      907.3948   530      505.0000     Cuts: 287   264759   79.68%
*  1026+    0                          535.0000      907.3948            69.61%
   1026     0      905.3192   530      535.0000     Cuts: 420   265728   69.22%
   1026     0      904.0558   530      535.0000     Cuts: 223   266422   68.98%
   1026     0      902.4904   530      535.0000     Cuts: 216   267181   68.69%
*  1026+    0                          540.0000      902.4904            67.13%
   1026     0      901.4790   530      540.0000     Cuts: 174   267656   66.94%
   1026     0      900.0148   530      540.0000     Cuts: 230   268287   66.67%
   1026     0      898.4000   530      540.0000     Cuts: 208   268981   66.37%
*  1026+    0                          545.0000      898.4000            64.84%
*  1026+    0                          550.0000      898.4000            63.35%
   1026     0        cutoff            550.0000      898.4000   268981   63.35%
   1026     0      897.2085   530      550.0000     Cuts: 243   269627   63.13%
   1026     0      895.9604   530      550.0000     Cuts: 271   270282   62.90%
   1026     0      895.1232   530      550.0000     Cuts: 259   270755   62.75%
   1026     0      894.5394   530      550.0000     Cuts: 159   271178   62.64%
   1026     0      894.0125   530      550.0000     Cuts: 131   271703   62.55%
   1026     0      893.0303   530      550.0000     Cuts: 170   272359   62.37%
   1026     0      892.3370   530      550.0000     Cuts: 159   272841   62.24%
   1026     0      891.7352   530      550.0000     Cuts: 184   273271   62.13%
   1026     0      891.5338   530      550.0000     Cuts: 140   273647   62.10%
   1026     0      891.1927   530      550.0000     Cuts: 122   273931   62.04%
   1026     0      891.1345   530      550.0000     Cuts: 108   274173   62.02%
   1026     0      890.9432   530      550.0000     Cuts: 133   274584   61.99%
*  1026+    0                          560.0000      890.9432            59.10%
   1026     0      890.3289   530      560.0000     Cuts: 146   275143   58.99%
   1026     0      889.9362   530      560.0000     Cuts: 229   275654   58.92%
   1026     0      889.7252   530      560.0000     Cuts: 211   276065   58.88%
   1026     0      889.5080   530      560.0000     Cuts: 173   276392   58.84%
   1026     0      889.1044   530      560.0000     Cuts: 138   276963   58.77%
   1026     0      888.6494   530      560.0000     Cuts: 170   277353   58.69%
   1026     0      888.5460   530      560.0000     Cuts: 187   277724   58.67%
   1026     0      888.4821   530      560.0000     Cuts: 133   277996   58.66%
   1026     0      888.3368   530      560.0000     Cuts: 139   278346   58.63%
*  1026+    0                          575.0000      888.3368            54.49%
   1026     0        cutoff            575.0000      888.3368   278346   54.49%
   1026     2      888.3368   580      575.0000      888.2273   278346   54.47%
   1028     4      887.0719   567      575.0000      887.7938   279112   54.40%
   1029     5      876.7109   496      575.0000      887.0481   281234   54.27%
Elapsed time = 64.53 sec. (87917.64 ticks, tree = 0.01 MB, solutions = 25)
   1031     7      874.3944   496      575.0000      886.4419   283790   54.16%
   1033     9      884.8304   515      575.0000      884.7906   287856   53.88%
   1035    11      880.1178   506      575.0000      884.4327   291980   53.81%
   1036    12      879.8071   516      575.0000      884.4327   292594   53.81%
   1040    16      868.6857   517      575.0000      884.4327   295341   53.81%
   1042    18      878.3986   524      575.0000      884.4327   297718   53.81%
   1046    22      862.1493   485      575.0000      884.4327   300019   53.81%
   1049    25      874.6873   493      575.0000      884.4327   302680   53.81%
   1054    30      864.2222   460      575.0000      884.4327   305164   53.81%
   1056    32      859.7897   478      575.0000      884.4327   306799   53.81%
Elapsed time = 73.92 sec. (102520.83 ticks, tree = 0.30 MB, solutions = 25)
   1061    37      845.2662   451      575.0000      884.4327   310349   53.81%
   1067    43      870.7762   480      575.0000      884.4327   312178   53.81%
   1070    46      866.6938   464      575.0000      884.4327   318602   53.81%
   1073    49      857.7263   442      575.0000      884.4327   321915   53.81%
   1076    52      864.6211   469      575.0000      884.4327   324545   53.81%
   1080    56      862.2605   467      575.0000      884.4327   327602   53.81%
   1086    62      859.5827   444      575.0000      884.4327   330298   53.81%
   1093    69      855.7727   418      575.0000      884.4327   332914   53.81%
   1097    73      848.8939   419      575.0000      884.4327   335269   53.81%
   1103    79      840.1725   406      575.0000      884.4327   338879   53.81%
Elapsed time = 82.15 sec. (115615.34 ticks, tree = 0.58 MB, solutions = 25)
   1106    82      846.7864   412      575.0000      884.4327   340046   53.81%
   1113    86      798.6082   399      575.0000      884.4327   343712   53.81%
   1127    98      754.9663   323      575.0000      884.4327   346577   53.81%
   1141   112      794.3363   356      575.0000      884.4327   349091   53.81%
   1163   133      729.3645   311      575.0000      884.4327   352290   53.81%
   1196   163      694.3135   278      575.0000      884.4327   355873   53.81%
   1207   165      876.0980   518      575.0000      879.8071   360877   53.01%
   1212   170      871.8301   518      575.0000      879.8071   363927   53.01%
   1220   178      864.0595   475      575.0000      879.8071   367087   53.01%
   1226   184      859.2056   456      575.0000      879.8071   370677   53.01%
Elapsed time = 90.24 sec. (127787.35 ticks, tree = 3.59 MB, solutions = 25)
   1236   194      842.8679   429      575.0000      879.8071   374256   53.01%
   1245   203      807.1416   396      575.0000      879.8071   378062   53.01%
   1254   212      826.0892   447      575.0000      879.8071   381438   53.01%
   1259   217      823.5468   409      575.0000      879.8071   385216   53.01%
   1271   229      830.4859   385      575.0000      879.8071   387719   53.01%
   1280   238      824.8776   395      575.0000      879.8071   392188   53.01%
   1287   245      806.9182   405      575.0000      879.8071   395404   53.01%
   1299   257      797.1860   375      575.0000      879.8071   401851   53.01%
   1309   267      821.0612   392      575.0000      879.8071   405990   53.01%
   1326   284      810.1558   367      575.0000      879.8071   409980   53.01%
Elapsed time = 98.47 sec. (139989.33 ticks, tree = 6.83 MB, solutions = 25)
   1341   298      750.7341   326      575.0000      879.8071   414225   53.01%
   1356   313      715.8840   319      575.0000      879.8071   418326   53.01%
   1376   333      763.8866   351      575.0000      879.8071   421990   53.01%
   1398   355      761.3838   319      575.0000      879.8071   424829   53.01%
   1447   397      710.9301   245      575.0000      879.8071   428173   53.01%
   1469   411      878.4774   491      575.0000      878.8779   430505   52.85%
   1479   421      864.6433   446      575.0000      878.8779   433760   52.85%
   1497   439      830.6169   375      575.0000      878.8779   438117   52.85%
   1506   448      816.5451   375      575.0000      878.8779   439938   52.85%
   1522   462      773.5789   321      575.0000      878.8779   443193   52.85%
Elapsed time = 105.92 sec. (150904.32 ticks, tree = 12.59 MB, solutions = 25)
   1557   488        cutoff            575.0000      878.8779   447909   52.85%
   1562   489      814.2584   402      575.0000      878.4723   451314   52.78%
   1577   504      750.0181   363      575.0000      878.4723   454395   52.78%
   1610   537      680.8586   239      575.0000      878.4723   457592   52.78%
   1631   552      813.3518   407      575.0000      878.3920   461362   52.76%
   1642   563      815.6885   380      575.0000      878.3920   464422   52.76%
   1659   580      756.0273   322      575.0000      878.3920   468072   52.76%
   1677   598      760.4569   343      575.0000      878.3920   470778   52.76%
   1702   623      739.4552   230      575.0000      878.3920   474133   52.76%
   1729   644      791.8569   380      575.0000      878.3586   482168   52.76%
Elapsed time = 114.74 sec. (163834.89 ticks, tree = 18.46 MB, solutions = 25)
   1869   771      845.5406   453      575.0000      877.4909   494628   52.61%
   1944   842      817.9695   387      575.0000      877.4438   508225   52.60%
*  2026+  922                          580.0000      877.4438            51.28%
   2068   952      655.2856   160      580.0000      877.4438   520779   51.28%
   2203  1078      762.6402   305      580.0000      876.7069   533976   51.16%
   2276  1139      838.5920   427      580.0000      876.7000   546562   51.16%
   2315  1176      787.5557   391      580.0000      876.7000   560351   51.16%
   2378  1236      725.6674   302      580.0000      876.7000   575700   51.16%
   2509  1333      869.9943   482      580.0000      876.2183   587733   51.07%
Starting limited solution polishing.
   2576  1398      748.1656   321      580.0000      876.2183   602084   51.07%
   2630  1446      810.2510   403      580.0000      876.0962   611227   51.05%
Elapsed time = 141.84 sec. (202774.29 ticks, tree = 30.55 MB, solutions = 26)
   2680  1496      698.3968   292      580.0000      876.0962   624618   51.05%
   2713  1525      812.9152   418      580.0000      875.8410   633856   51.01%
Advanced basis not built.

GUB cover cuts applied:  61
Clique cuts applied:  215
Cover cuts applied:  23
Implied bound cuts applied:  95
Flow cuts applied:  22
Mixed integer rounding cuts applied:  233
Zero-half cuts applied:  119
Lift and project cuts applied:  29
Gomory fractional cuts applied:  8

Root node processing (before b&c):
  Real time             =    8.42 sec. (11494.71 ticks)
Sequential b&c:
  Real time             =  141.59 sec. (202629.09 ticks)
                          ------------
Total (root+branch&cut) =  150.01 sec. (214123.80 ticks)

Solution pool: 27 solutions saved.

MIP - Time limit exceeded, integer feasible:  Objective =  5.8000000000e+02
Current MIP best bound =  8.7584102572e+02 (gap = 295.841, 51.01%)
Solution time =  150.01 sec.  Iterations = 637263  Nodes = 2726 (1537)
Deterministic time = 214123.82 ticks  (1427.44 ticks/sec)


Incumbent solution
Variable Name           Solution Value
F                           580.000000
y89                           1.000000
y146                          1.000000
y258                          1.000000
y46                           1.000000
y109                          1.000000
y151                          1.000000
y79                           1.000000
y233                          1.000000
y11                           1.000000
y76                           1.000000
y191                          1.000000
y93                           1.000000
y206                          1.000000
y227                          1.000000
y110                          1.000000
y40                           1.000000
y45                           1.000000
y269                          1.000000
y216                          1.000000
y152                          1.000000
y142                          1.000000
y144                          1.000000
y36                           1.000000
y82                           1.000000
y181                          1.000000
y129                          1.000000
y198                          1.000000
y85                           1.000000
y131                          1.000000
y179                          1.000000
y137                          1.000000
y229                          1.000000
y42                           1.000000
y141                          1.000000
y174                          1.000000
x17x79x1                      1.000000
x67x258x1                     1.000000
x164x258x1                    1.000000
x164x151x1                    1.000000
x217x109x1                    1.000000
x228x269x1                    2.000000
x263x110x1                    1.000000
x60x40x1                      1.000000
x124x45x2                     1.000000
x67x79x2                      1.000000
x218x89x2                     1.000000
x218x46x2                     1.000000
x14x146x2                     2.000000
x204x85x2                     1.000000
x204x179x2                    1.000000
x60x216x2                     1.000000
x124x45x3                     1.000000
x23x46x3                      1.000000
x23x151x3                     1.000000
x217x109x3                    1.000000
x193x76x3                     1.000000
x193x110x3                    1.000000
x132x233x3                    2.000000
x69x89x3                      1.000000
x89x36x2                      1.000000
x89x93x3                      1.000000
x146x152x2                    2.000000
x258x93x1                     1.000000
x258x206x1                    1.000000
x46x191x2                     1.000000
x46x216x3                     1.000000
x109x227x1                    1.000000
x109x76x3                     1.000000
x151x85x1                     1.000000
x151x206x3                    1.000000
x79x191x1                     1.000000
x79x11x2                      1.000000
x233x11x3                     1.000000
x233x227x3                    1.000000
x11x36x2                      1.000000
x11x198x3                     1.000000
x76x141x3                     2.000000
x191x144x1                    1.000000
x191x144x2                    1.000000
x93x181x1                     1.000000
x93x82x3                      1.000000
x206x129x1                    1.000000
x206x131x3                    1.000000
x227x181x1                    1.000000
x227x82x3                     1.000000
x110x179x1                    1.000000
x110x40x3                     1.000000
x40x137x1                     1.000000
x40x137x3                     1.000000
x45x198x2                     1.000000
x45x131x3                     1.000000
x269x142x1                    2.000000
x216x174x2                    1.000000
x216x0x3                      1.000000
x152x129x2                    1.000000
x152x174x2                    1.000000
x142x0x1                      2.000000
x144x0x1                      1.000000
x144x0x2                      1.000000
x36x0x2                       2.000000
x82x0x3                       2.000000
x181x0x1                      2.000000
x129x0x1                      1.000000
x129x0x2                      1.000000
x198x0x2                      1.000000
x198x0x3                      1.000000
x85x229x1                     1.000000
x85x42x2                      1.000000
x131x0x3                      2.000000
x179x229x1                    1.000000
x179x42x2                     1.000000
x137x0x1                      1.000000
x137x0x3                      1.000000
x229x0x1                      2.000000
x42x0x2                       2.000000
x141x0x3                      2.000000
x174x0x2                      2.000000
s124                          5.781987
s233                          6.643459
s59                           7.720000
s11                           7.737420
s76                           7.810000
s191                          7.788755
s104                          6.870000
s196                          6.870000
s194                          7.880000
s93                           7.930000
s72                           6.940000
s206                          7.909748
s227                          7.978600
s173                          8.030000
s236                          7.150000
s44                           8.160000
s107                          7.170000
s103                          8.180000
s110                          7.218918
s40                           8.240000
s111                          8.240000
s223                          7.480000
s45                           7.948503
z124z45z2                     1.000000
z124z45z3                     1.000000
s250                          7.530000
s38                           7.580000
s216                          8.241896
s199                          7.610000
s26                           8.620000
s257                          7.640000
s98                           8.690000
s152                          8.108523
s97                           8.730000
s253                          8.730000
s9                            8.820000
s249                          8.820000
z124z249z3                    1.000000
s144                          8.950000
s157                          8.000000
s134                          9.070000
s36                           8.905282
z124z36z2                     1.000000
s82                           9.150000
z124z82z3                     1.000000
s159                          9.220000
s51                           9.350000
s129                          9.350000
s198                          9.368926
s85                           8.390000
s131                          9.420000
z124z131z3                    1.000000
s195                          9.420000
s179                          8.443334
s137                          9.440000
s42                           9.470000
z124z42z2                     1.000000
s230                          9.470000
z124z230z3                    1.000000
s90                           9.480000
z124z90z3                     1.000000
s113                          9.480000
s141                          9.490000
z124z141z3                    1.000000
s167                          9.490000
z124z167z2                    1.000000
s174                          9.490000
z124z174z2                    1.000000
s17                           5.260000
s80                           6.755712
s219                          5.920000
s22                           6.806456
s192                          5.940000
s186                          5.950000
s101                          5.960000
s52                           6.784269
s100                          6.450000
s231                          7.014722
s161                          6.530000
s176                          6.540000
s258                          6.771212
s109                          6.776006
s151                          6.808862
s79                           6.713383
z17z79z1                      1.000000
s7                            6.870000
z17z7z1                       1.000000
s86                           6.950000
z17z86z1                      1.000000
s84                           7.070000
z17z84z1                      1.000000
s273                          7.140000
z17z273z1                     1.000000
s145                          8.520000
z17z145z1                     1.000000
s68                           8.560000
z17z68z1                      1.000000
s269                          7.560000
z17z269z1                     1.000000
s271                          8.740000
z17z271z1                     1.000000
s142                          8.750000
z17z142z1                     1.000000
s83                           8.780000
z17z83z1                      1.000000
s181                          9.156488
z17z181z1                     1.000000
s272                          8.290000
z17z272z1                     1.000000
s211                          9.340000
z17z211z1                     1.000000
s261                          9.350000
z17z261z1                     1.000000
s154                          9.430000
z17z154z1                     1.000000
s229                          9.450000
z17z229z1                     1.000000
s197                          9.480000
z17z197z1                     1.000000
s23                           5.220000
s155                          5.850000
s89                           6.596089
s235                          6.000000
s105                          6.010000
s29                           6.020000
s46                           6.735007
z23z46z3                      1.000000
z23z151z3                     1.000000
z23z233z3                     1.000000
z23z76z3                      1.000000
z23z196z3                     1.000000
z23z194z3                     1.000000
z23z72z3                      1.000000
z23z173z3                     1.000000
z23z44z3                      1.000000
z23z107z3                     1.000000
z23z250z3                     1.000000
z23z249z3                     1.000000
z23z82z3                      1.000000
z23z131z3                     1.000000
z23z230z3                     1.000000
z23z90z3                      1.000000
z23z141z3                     1.000000
s67                           5.280000
s170                          5.940000
s77                           5.960000
s115                          6.070000
s146                          6.762713
s180                          6.500000
z67z258z1                     1.000000
z67z79z2                      1.000000
z67z7z1                       1.000000
z67z104z2                     1.000000
z67z86z1                      1.000000
z67z84z1                      1.000000
z67z273z1                     1.000000
z67z103z2                     1.000000
z67z223z2                     1.000000
z67z145z1                     1.000000
z67z68z1                      1.000000
z67z269z1                     1.000000
z67z152z2                     1.000000
z67z271z1                     1.000000
z67z142z1                     1.000000
z67z83z1                      1.000000
z67z36z2                      1.000000
z67z181z1                     1.000000
z67z272z1                     1.000000
z67z211z1                     1.000000
z67z261z1                     1.000000
z67z154z1                     1.000000
z67z229z1                     1.000000
z67z42z2                      1.000000
z67z197z1                     1.000000
z67z167z2                     1.000000
z67z174z2                     1.000000
s164                          5.190000
z164z258z1                    1.000000
z164z151z1                    1.000000
z164z7z1                      1.000000
z164z86z1                     1.000000
z164z84z1                     1.000000
z164z273z1                    1.000000
z164z145z1                    1.000000
z164z68z1                     1.000000
z164z269z1                    1.000000
z164z271z1                    1.000000
z164z142z1                    1.000000
z164z83z1                     1.000000
z164z181z1                    1.000000
z164z272z1                    1.000000
z164z211z1                    1.000000
z164z261z1                    1.000000
z164z154z1                    1.000000
z164z229z1                    1.000000
z164z197z1                    1.000000
s217                          5.200000
z217z109z1                    1.000000
z217z109z3                    1.000000
z217z76z3                     1.000000
z217z7z1                      1.000000
z217z196z3                    1.000000
z217z194z3                    1.000000
z217z72z3                     1.000000
z217z86z1                     1.000000
z217z173z3                    1.000000
z217z84z1                     1.000000
z217z273z1                    1.000000
z217z44z3                     1.000000
z217z107z3                    1.000000
z217z145z1                    1.000000
z217z250z3                    1.000000
z217z68z1                     1.000000
z217z269z1                    1.000000
z217z271z1                    1.000000
z217z142z1                    1.000000
z217z83z1                     1.000000
z217z249z3                    1.000000
z217z82z3                     1.000000
z217z181z1                    1.000000
z217z272z1                    1.000000
z217z211z1                    1.000000
z217z261z1                    1.000000
z217z131z3                    1.000000
z217z154z1                    1.000000
z217z229z1                    1.000000
z217z230z3                    1.000000
z217z90z3                     1.000000
z217z197z1                    1.000000
z217z141z3                    1.000000
s218                          5.240000
z218z89z2                     1.000000
z218z46z2                     1.000000
z218z104z2                    1.000000
z218z103z2                    1.000000
z218z223z2                    1.000000
z218z152z2                    1.000000
z218z36z2                     1.000000
z218z42z2                     1.000000
z218z167z2                    1.000000
z218z174z2                    1.000000
s14                           5.360000
z14z146z2                     1.000000
z14z104z2                     1.000000
z14z103z2                     1.000000
z14z223z2                     1.000000
z14z152z2                     1.000000
z14z36z2                      1.000000
z14z42z2                      1.000000
z14z167z2                     1.000000
z14z174z2                     1.000000
s193                          5.530000
z193z76z3                     1.000000
z193z44z3                     1.000000
z193z107z3                    1.000000
z193z110z3                    1.000000
z193z250z3                    1.000000
z193z249z3                    1.000000
z193z82z3                     1.000000
z193z131z3                    1.000000
z193z230z3                    1.000000
z193z90z3                     1.000000
z193z141z3                    1.000000
s228                          5.570000
z228z145z1                    1.000000
z228z68z1                     1.000000
z228z269z1                    1.000000
z228z271z1                    1.000000
z228z142z1                    1.000000
z228z83z1                     1.000000
z228z181z1                    1.000000
z228z272z1                    1.000000
z228z211z1                    1.000000
z228z261z1                    1.000000
z228z154z1                    1.000000
z228z229z1                    1.000000
z228z197z1                    1.000000
s263                          5.570000
z263z110z1                    1.000000
z263z145z1                    1.000000
z263z68z1                     1.000000
z263z269z1                    1.000000
z263z271z1                    1.000000
z263z142z1                    1.000000
z263z83z1                     1.000000
z263z181z1                    1.000000
z263z272z1                    1.000000
z263z211z1                    1.000000
z263z261z1                    1.000000
z263z154z1                    1.000000
z263z229z1                    1.000000
z263z197z1                    1.000000
s204                          6.602687
z204z36z2                     1.000000
z204z85z2                     1.000000
z204z179z2                    1.000000
z204z42z2                     1.000000
z204z167z2                    1.000000
z204z174z2                    1.000000
s60                           6.597968
z60z40z1                      1.000000
z60z216z2                     1.000000
z60z211z1                     1.000000
z60z261z1                     1.000000
z60z154z1                     1.000000
z60z229z1                     1.000000
z60z42z2                      1.000000
z60z197z1                     1.000000
z60z167z2                     1.000000
z60z174z2                     1.000000
s132                          5.142620
z132z233z3                    1.000000
z132z76z3                     1.000000
z132z196z3                    1.000000
z132z194z3                    1.000000
z132z72z3                     1.000000
z132z173z3                    1.000000
z132z44z3                     1.000000
z132z107z3                    1.000000
z132z250z3                    1.000000
z132z249z3                    1.000000
z132z82z3                     1.000000
z132z131z3                    1.000000
z132z230z3                    1.000000
z132z90z3                     1.000000
z132z141z3                    1.000000
s69                           5.007340
z69z89z3                      1.000000
z69z233z3                     1.000000
z69z76z3                      1.000000
z69z196z3                     1.000000
z69z194z3                     1.000000
z69z72z3                      1.000000
z69z173z3                     1.000000
z69z44z3                      1.000000
z69z107z3                     1.000000
z69z250z3                     1.000000
z69z249z3                     1.000000
z69z82z3                      1.000000
z69z131z3                     1.000000
z69z230z3                     1.000000
z69z90z3                      1.000000
z69z141z3                     1.000000
z80z211z1                     1.000000
z80z261z1                     1.000000
z80z154z1                     1.000000
z80z229z1                     1.000000
z80z230z3                     1.000000
z80z90z3                      1.000000
z80z197z1                     1.000000
z80z141z3                     1.000000
z155z42z2                     1.000000
z155z230z3                    1.000000
z155z90z3                     1.000000
z155z141z3                    1.000000
z155z167z2                    1.000000
z155z174z2                    1.000000
z89z93z3                      1.000000
z89z36z2                      1.000000
z89z42z2                      1.000000
z89z230z3                     1.000000
z89z90z3                      1.000000
z89z141z3                     1.000000
z89z167z2                     1.000000
z89z174z2                     1.000000
z219z154z1                    1.000000
z219z229z1                    1.000000
z219z42z2                     1.000000
z219z197z1                    1.000000
z219z167z2                    1.000000
z219z174z2                    1.000000
z22z211z1                     1.000000
z22z261z1                     1.000000
z22z154z1                     1.000000
z22z229z1                     1.000000
z22z197z1                     1.000000
z170z42z2                     1.000000
z170z167z2                    1.000000
z170z174z2                    1.000000
z192z211z1                    1.000000
z192z261z1                    1.000000
z192z154z1                    1.000000
z192z229z1                    1.000000
z192z197z1                    1.000000
z186z211z1                    1.000000
z186z261z1                    1.000000
z186z154z1                    1.000000
z186z229z1                    1.000000
z186z197z1                    1.000000
z77z36z2                      1.000000
z77z42z2                      1.000000
z77z167z2                     1.000000
z77z174z2                     1.000000
z101z154z1                    1.000000
z101z229z1                    1.000000
z101z230z3                    1.000000
z101z90z3                     1.000000
z101z197z1                    1.000000
z101z141z3                    1.000000
z235z42z2                     1.000000
z235z230z3                    1.000000
z235z90z3                     1.000000
z235z141z3                    1.000000
z235z167z2                    1.000000
z235z174z2                    1.000000
z105z230z3                    1.000000
z105z90z3                     1.000000
z105z141z3                    1.000000
z29z230z3                     1.000000
z29z90z3                      1.000000
z29z141z3                     1.000000
z115z36z2                     1.000000
z115z42z2                     1.000000
z115z167z2                    1.000000
z115z174z2                    1.000000
z52z154z1                     1.000000
z52z229z1                     1.000000
z52z42z2                      1.000000
z52z197z1                     1.000000
z52z167z2                     1.000000
z52z174z2                     1.000000
z100z154z1                    1.000000
z100z229z1                    1.000000
z100z230z3                    1.000000
z100z90z3                     1.000000
z100z197z1                    1.000000
z100z141z3                    1.000000
z146z152z2                    1.000000
z146z36z2                     1.000000
z146z42z2                     1.000000
z146z167z2                    1.000000
z146z174z2                    1.000000
z180z36z2                     1.000000
z180z42z2                     1.000000
z180z167z2                    1.000000
z180z174z2                    1.000000
z231z154z1                    1.000000
z231z229z1                    1.000000
z231z42z2                     1.000000
z231z197z1                    1.000000
z231z167z2                    1.000000
z231z174z2                    1.000000
z161z154z1                    1.000000
z161z229z1                    1.000000
z161z230z3                    1.000000
z161z90z3                     1.000000
z161z197z1                    1.000000
z161z141z3                    1.000000
z176z154z1                    1.000000
z176z229z1                    1.000000
z176z42z2                     1.000000
z176z197z1                    1.000000
z176z167z2                    1.000000
z176z174z2                    1.000000
z258z93z1                     1.000000
z258z206z1                    1.000000
z258z211z1                    1.000000
z258z261z1                    1.000000
z258z154z1                    1.000000
z258z229z1                    1.000000
z258z197z1                    1.000000
z46z191z2                     1.000000
z46z216z3                     1.000000
z46z42z2                      1.000000
z46z230z3                     1.000000
z46z90z3                      1.000000
z46z141z3                     1.000000
z46z167z2                     1.000000
z46z174z2                     1.000000
z109z76z3                     1.000000
z109z227z1                    1.000000
z109z154z1                    1.000000
z109z229z1                    1.000000
z109z230z3                    1.000000
z109z90z3                     1.000000
z109z197z1                    1.000000
z109z141z3                    1.000000
z151z206z3                    1.000000
z151z85z1                     1.000000
z151z154z1                    1.000000
z151z229z1                    1.000000
z151z230z3                    1.000000
z151z90z3                     1.000000
z151z197z1                    1.000000
z151z141z3                    1.000000
z79z11z2                      1.000000
z79z191z1                     1.000000
z79z154z1                     1.000000
z79z229z1                     1.000000
z79z42z2                      1.000000
z79z197z1                     1.000000
z79z167z2                     1.000000
z79z174z2                     1.000000
z233z11z3                     1.000000
z233z227z3                    1.000000
z233z230z3                    1.000000
z233z90z3                     1.000000
z233z141z3                    1.000000
z59z42z2                      1.000000
z59z230z3                     1.000000
z59z90z3                      1.000000
z59z141z3                     1.000000
z59z167z2                     1.000000
z59z174z2                     1.000000
z11z36z2                      1.000000
z11z198z3                     1.000000
z11z42z2                      1.000000
z11z230z3                     1.000000
z11z90z3                      1.000000
z11z141z3                     1.000000
z11z167z2                     1.000000
z11z174z2                     1.000000
z76z230z3                     1.000000
z76z141z3                     1.000000
z191z144z1                    1.000000
z191z144z2                    1.000000
z191z154z1                    1.000000
z191z229z1                    1.000000
z191z42z2                     1.000000
z191z197z1                    1.000000
z191z167z2                    1.000000
z191z174z2                    1.000000
z7z154z1                      1.000000
z7z229z1                      1.000000
z104z42z2                     1.000000
z196z230z3                    1.000000
z194z230z3                    1.000000
z194z90z3                     1.000000
z194z141z3                    1.000000
z93z82z3                      1.000000
z93z181z1                     1.000000
z93z154z1                     1.000000
z93z229z1                     1.000000
z86z154z1                     1.000000
z86z229z1                     1.000000
z206z129z1                    1.000000
z206z131z3                    1.000000
z206z154z1                    1.000000
z206z229z1                    1.000000
z206z230z3                    1.000000
z206z90z3                     1.000000
z206z197z1                    1.000000
z206z141z3                    1.000000
z227z82z3                     1.000000
z227z181z1                    1.000000
z227z154z1                    1.000000
z227z229z1                    1.000000
z227z230z3                    1.000000
z84z154z1                     1.000000
z84z229z1                     1.000000
z273z229z1                    1.000000
z236z229z1                    1.000000
z236z42z2                     1.000000
z103z42z2                     1.000000
z110z40z3                     1.000000
z110z179z1                    1.000000
z110z229z1                    1.000000
z40z137z1                     1.000000
z40z137z3                     1.000000
z40z229z1                     1.000000
z111z229z1                    1.000000
z45z198z2                     1.000000
z45z131z3                     1.000000
z269z142z1                    1.000000
z216z174z2                    1.000000
z152z129z2                    1.000000
z152z174z2                    1.000000
z85z229z1                     1.000000
z85z42z2                      1.000000
z179z229z1                    1.000000
z179z42z2                     1.000000
All other variables in the range 1-8175 are 0.
