
Log started (V12.10.0.0) Thu Apr  8 06:36:35 2021

Warning, line 1457: Name 's173' does not exist.

Problem 'asset.lp' read.
Read time = 0.00 sec. (0.11 ticks)
New value for default parallel thread count: 1
New value for time limit in seconds: 200
Version identifier: 12.10.0.0 | 2019-11-26 | 843d4de
CPXPARAM_Threads                                 1
CPXPARAM_TimeLimit                               200
Found incumbent of value -0.707551 after 0.00 sec. (0.05 ticks)
Tried aggregator 4 times.
MIP Presolve eliminated 1031 rows and 652 columns.
MIP Presolve modified 690 coefficients.
Aggregator did 67 substitutions.
Reduced MIP has 95 rows, 87 columns, and 326 nonzeros.
Reduced MIP has 77 binaries, 3 generals, 0 SOSs, and 0 indicators.
Presolve time = 0.00 sec. (1.72 ticks)
Probing fixed 7 vars, tightened 0 bounds.
Probing time = 0.00 sec. (0.12 ticks)
Cover probing fixed 0 vars, tightened 6 bounds.
Tried aggregator 1 time.
MIP Presolve eliminated 22 rows and 22 columns.
Reduced MIP has 73 rows, 64 columns, and 214 nonzeros.
Reduced MIP has 57 binaries, 1 generals, 0 SOSs, and 0 indicators.
Presolve time = 0.00 sec. (0.21 ticks)
Probing time = 0.00 sec. (0.06 ticks)
Tried aggregator 1 time.
Detecting symmetries...
Reduced MIP has 73 rows, 64 columns, and 214 nonzeros.
Reduced MIP has 57 binaries, 1 generals, 0 SOSs, and 0 indicators.
Presolve time = 0.00 sec. (0.15 ticks)
Probing time = 0.00 sec. (0.06 ticks)
Clique table members: 24.
MIP emphasis: balance optimality and feasibility.
MIP search method: dynamic search.
Parallel mode: none, using 1 thread.
Root relaxation solution time = 0.00 sec. (0.35 ticks)

        Nodes                                         Cuts/
   Node  Left     Objective  IInf  Best Integer    Best Bound    ItCnt     Gap

*     0+    0                           -0.7076      178.2859              --- 
      0     0      172.3636    35       -0.7076      172.3636       60     --- 
*     0+    0                          172.3425      172.3636             0.01%
      0     0      172.3574    35      172.3425      Cuts: 34       90    0.01%

Implied bound cuts applied:  11
Gomory fractional cuts applied:  5

Root node processing (before b&c):
  Real time             =    0.01 sec. (5.06 ticks)
Sequential b&c:
  Real time             =    0.00 sec. (0.00 ticks)
                          ------------
Total (root+branch&cut) =    0.01 sec. (5.06 ticks)

Solution pool: 2 solutions saved.

MIP - Integer optimal, tolerance (0.0001/1e-06):  Objective =  1.7234248987e+02
Current MIP best bound =  1.7235735722e+02 (gap = 0.0148674, 0.01%)
Solution time =    0.01 sec.  Iterations = 90  Nodes = 0 (1)
Deterministic time = 5.06 ticks  (431.92 ticks/sec)


Incumbent solution
Variable Name           Solution Value
F                           190.000000
f1                            0.757510
f2                           16.900000
y120                          1.000000
y111                          1.000000
y10                           1.000000
y105                          1.000000
y148                          1.000000
y108                          1.000000
y32                           1.000000
s18                           1.930000
s151                          1.960000
s96                           1.970000
s86                           2.060000
s103                          2.080000
s176                          2.090000
s56                           2.120000
s106                          2.130000
s146                          2.130000
s170                          2.170000
s117                          2.190000
s102                          2.240000
s39                           2.290000
s152                          2.300000
s66                           2.320000
s101                          2.330000
s133                          2.340000
s45                           2.360000
s89                           2.360000
s174                          2.390000
s113                          2.460000
s120                          3.421435
s169                          2.510000
s134                          2.590000
s132                          2.630000
s114                          2.660000
s111                          3.701069
s10                           3.553445
s105                          3.748071
s148                          3.668142
s108                          3.931124
s60                           3.170000
s32                           3.684823
x187x148x1                    1.000000
x16x10x1                      1.000000
x150x108x1                    1.000000
x150x32x1                     1.000000
x77x148x1                     1.000000
x160x111x1                    1.000000
x187x111x2                    1.000000
x16x10x2                      1.000000
x77x32x2                      1.000000
x160x108x2                    1.000000
x27x120x2                     1.000000
x37x105x3                     2.000000
x27x120x3                     1.000000
x120x0x2                      1.000000
x120x0x3                      1.000000
x111x0x1                      1.000000
x111x0x2                      1.000000
x10x0x1                       1.000000
x10x0x2                       1.000000
x105x0x3                      2.000000
x148x0x1                      2.000000
x108x0x1                      1.000000
x108x0x2                      1.000000
x32x0x1                       1.000000
x32x0x2                       1.000000
s187                          2.227837
z187z111z2                    1.000000
z187z148z1                    1.000000
s16                           2.260018
z16z10z1                      1.000000
z16z10z2                      1.000000
s37                           2.434907
z37z105z3                     1.000000
s150                          2.346369
z150z148z1                    1.000000
z150z108z1                    1.000000
z150z32z1                     1.000000
s77                           2.341656
z77z148z1                     1.000000
z77z32z2                      1.000000
s40                           2.542725
s160                          2.327889
z160z111z1                    1.000000
z160z108z2                    1.000000
s27                           2.309051
z27z120z2                     1.000000
z27z120z3                     1.000000
All other variables in the range 1-807 are 0.
