
Log started (V12.10.0.0) Thu Apr  8 06:36:41 2021


Problem 'asset.lp' read.
Read time = 0.00 sec. (0.16 ticks)
New value for default parallel thread count: 1
New value for time limit in seconds: 200
Version identifier: 12.10.0.0 | 2019-11-26 | 843d4de
CPXPARAM_Threads                                 1
CPXPARAM_TimeLimit                               200
Found incumbent of value 0.000000 after 0.00 sec. (0.05 ticks)
Tried aggregator 3 times.
MIP Presolve eliminated 239 rows and 47 columns.
MIP Presolve modified 1216 coefficients.
Aggregator did 610 substitutions.
Reduced MIP has 639 rows, 772 columns, and 3335 nonzeros.
Reduced MIP has 711 binaries, 32 generals, 0 SOSs, and 0 indicators.
Presolve time = 0.01 sec. (5.73 ticks)
Probing fixed 9 vars, tightened 1 bounds.
Probing time = 0.01 sec. (3.54 ticks)
Cover probing fixed 0 vars, tightened 4 bounds.
Tried aggregator 1 time.
Detecting symmetries...
MIP Presolve eliminated 27 rows and 13 columns.
MIP Presolve modified 371 coefficients.
Reduced MIP has 612 rows, 758 columns, and 3217 nonzeros.
Reduced MIP has 701 binaries, 30 generals, 0 SOSs, and 0 indicators.
Presolve time = 0.00 sec. (2.87 ticks)
Probing time = 0.00 sec. (2.44 ticks)
Clique table members: 2037.
MIP emphasis: balance optimality and feasibility.
MIP search method: dynamic search.
Parallel mode: none, using 1 thread.
Root relaxation solution time = 0.01 sec. (12.73 ticks)

        Nodes                                         Cuts/
   Node  Left     Objective  IInf  Best Integer    Best Bound    ItCnt     Gap

*     0+    0                            0.0000      490.0000              --- 
      0     0      308.4530   135        0.0000      308.4530      507     --- 
      0     0      282.8682   135        0.0000     Cuts: 223      715     --- 
      0     0      269.0929   135        0.0000     Cuts: 252      887     --- 
      0     0      264.9841   135        0.0000     Cuts: 153      995     --- 
      0     0      263.6493   135        0.0000     Cuts: 151     1081     --- 
      0     0      261.9370   135        0.0000      Cuts: 42     1140     --- 
Detecting symmetries...
      0     0      261.3611   135        0.0000     Cuts: 102     1202     --- 
      0     0      261.0847   135        0.0000      Cuts: 61     1247     --- 
      0     0      259.9611   135        0.0000      Cuts: 23     1283     --- 
      0     0      259.8941   135        0.0000      Cuts: 54     1312     --- 
      0     0      259.7372   135        0.0000      Cuts: 23     1329     --- 
      0     0      259.5939   135        0.0000      Cuts: 14     1358     --- 
      0     0      259.4613   135        0.0000      Cuts: 34     1390     --- 
      0     0      259.3937   135        0.0000      Cuts: 28     1417     --- 
      0     0      259.2732   135        0.0000      Cuts: 20     1449     --- 
      0     0      258.7436   135        0.0000      Cuts: 21     1489     --- 
      0     0      258.4858   135        0.0000      Cuts: 55     1528     --- 
      0     0      258.3777   135        0.0000      Cuts: 85     1551     --- 
      0     0      258.3332   135        0.0000      Cuts: 16     1562     --- 
      0     0      258.2007   135        0.0000      Cuts: 35     1595     --- 
*     0+    0                          110.0000      258.2007           134.73%
      0     0      258.1230   135      110.0000      Cuts: 47     1631  134.66%
      0     0      258.1082   135      110.0000      Cuts: 18     1652  134.64%
*     0+    0                          135.0000      258.1082            91.19%
Detecting symmetries...
      0     2      258.1082   169      135.0000      258.1082     1652   91.19%
Elapsed time = 0.29 sec. (285.03 ticks, tree = 0.01 MB, solutions = 2)
*    70    53      integral     0      140.0000      257.8651     5453   84.19%
     87    70      220.9409   108      140.0000      257.7201     6840   84.09%
*   170+  146                          145.0000      257.7124            77.73%
    227   201      212.9142    95      145.0000      257.5914    10109   77.65%
    424   377      170.0000    64      145.0000      253.7480    14441   75.00%

Performing restart 1

Repeating presolve.
Tried aggregator 2 times.
MIP Presolve modified 690 coefficients.
Aggregator did 16 substitutions.
Reduced MIP has 596 rows, 742 columns, and 2645 nonzeros.
Reduced MIP has 685 binaries, 30 generals, 0 SOSs, and 0 indicators.
Presolve time = 0.00 sec. (3.77 ticks)
Tried aggregator 1 time.
Reduced MIP has 596 rows, 742 columns, and 2645 nonzeros.
Reduced MIP has 685 binaries, 30 generals, 0 SOSs, and 0 indicators.
Presolve time = 0.00 sec. (2.04 ticks)
Represolve time = 0.02 sec. (15.48 ticks)
    504     0      217.3481   162      145.0000     Cuts: 210    17100   49.90%
    504     0      200.2235   162      145.0000     Cuts: 145    17304   38.09%
    504     0      189.0348   162      145.0000     Cuts: 120    17451   30.37%
    504     0      186.3044   162      145.0000      Cuts: 56    17523   28.49%
    504     0      185.2534   162      145.0000      Cuts: 96    17601   27.76%
    504     0      184.8577   162      145.0000      Cuts: 48    17640   27.49%
    504     0      184.4967   162      145.0000      Cuts: 40    17682   27.24%
    504     0      184.0569   162      145.0000      Cuts: 44    17725   26.94%
    504     0      183.1342   162      145.0000      Cuts: 63    17781   26.30%
    504     0      182.7010   162      145.0000      Cuts: 44    17810   26.00%
    504     0      182.3406   162      145.0000      Cuts: 15    17863   25.75%
    504     0      182.0353   162      145.0000      Cuts: 18    17889   25.54%
    504     0      181.9746   162      145.0000      Cuts: 14    17917   25.50%
    504     0      181.8737   162      145.0000      Cuts: 24    17935   25.43%
    504     0      181.8457   162      145.0000       Cuts: 5    17953   25.41%
    504     0      181.7728   162      145.0000      Cuts: 20    17971   25.36%
    504     0      181.4644   162      145.0000       Cuts: 9    18002   25.15%
    504     0      181.4178   162      145.0000      Cuts: 27    18027   25.12%
*   504+    0                          165.0000      181.4178             9.95%
    504     0      181.3942   162      165.0000      Cuts: 27    18065    9.94%
    504     0      181.3499   162      165.0000      Cuts: 30    18115    9.91%
    504     0      181.3281   162      165.0000      Cuts: 38    18143    9.90%
    504     0      181.1667   162      165.0000      Cuts: 36    18174    9.80%
    504     0      180.7389   162      165.0000      Cuts: 35    18223    9.54%
    504     0      180.5782   162      165.0000      Cuts: 46    18285    9.44%
    504     0      180.5590   162      165.0000      Cuts: 21    18308    9.43%
    504     0      180.4609   162      165.0000      Cuts: 36    18350    9.37%
    504     0      180.2678   162      165.0000      Cuts: 43    18391    9.25%
    504     0      180.1459   162      165.0000      Cuts: 20    18427    9.18%
    504     0      180.0704   162      165.0000      Cuts: 20    18476    9.13%
    504     0      179.9823   162      165.0000      Cuts: 18    18498    9.08%
    504     0      179.9138   162      165.0000      Cuts: 16    18525    9.04%
    504     0      179.8463   162      165.0000      Cuts: 16    18547    9.00%
    504     0      179.7938   162      165.0000      Cuts: 20    18599    8.97%
    504     0      179.6967   162      165.0000       Cuts: 9    18635    8.91%
    504     0      179.5993   162      165.0000      Cuts: 31    18659    8.85%
    504     0      179.5845   162      165.0000      Cuts: 25    18686    8.84%
    504     0      179.5315   162      165.0000       Cuts: 8    18754    8.81%
    504     0      179.4576   162      165.0000      Cuts: 32    18802    8.76%
    504     0      179.4425   162      165.0000      Cuts: 10    18846    8.75%
    504     0      179.4284   162      165.0000      Cuts: 12    18892    8.74%
*   504+    0                          170.0000      179.4284             5.55%

Repeating presolve.
Tried aggregator 3 times.
MIP Presolve eliminated 230 rows and 292 columns.
MIP Presolve modified 1117 coefficients.
Aggregator did 11 substitutions.
Reduced MIP has 355 rows, 439 columns, and 2604 nonzeros.
Reduced MIP has 388 binaries, 28 generals, 0 SOSs, and 0 indicators.
Presolve time = 0.01 sec. (6.74 ticks)
Tried aggregator 2 times.
MIP Presolve eliminated 103 rows and 89 columns.
MIP Presolve modified 330 coefficients.
Aggregator did 2 substitutions.
Reduced MIP has 250 rows, 348 columns, and 1377 nonzeros.
Reduced MIP has 304 binaries, 27 generals, 0 SOSs, and 0 indicators.
Presolve time = 0.01 sec. (3.70 ticks)
Tried aggregator 2 times.
MIP Presolve modified 21 coefficients.
Aggregator did 1 substitutions.
Reduced MIP has 249 rows, 347 columns, and 1374 nonzeros.
Reduced MIP has 303 binaries, 27 generals, 0 SOSs, and 0 indicators.
Presolve time = 0.00 sec. (1.24 ticks)
Represolve time = 0.04 sec. (32.71 ticks)
    504     0      179.1124    97      170.0000      Cuts: 63    19312    5.36%
    504     0      179.0591    97      170.0000      Cuts: 54    19349    5.33%
    504     0      178.9204    97      170.0000      Cuts: 65    19394    5.25%
    504     0      178.8590    97      170.0000      Cuts: 14    19422    5.21%
    504     0      178.5381    97      170.0000      Cuts: 19    19455    5.02%
    504     0      178.4510    97      170.0000      Cuts: 33    19478    4.97%
    504     0      178.4474    97      170.0000      Cuts: 14    19490    4.97%
    504     0      178.3823    97      170.0000      Cuts: 23    19525    4.93%
    504     0      178.2448    97      170.0000      Cuts: 45    19551    4.85%
    504     0      178.2249    97      170.0000      Cuts: 21    19569    4.84%
    504     0      177.9849    97      170.0000      Cuts: 23    19585    4.70%
    504     0      177.7847    97      170.0000      Cuts: 19    19602    4.58%
    504     0      177.7138    97      170.0000      Cuts: 39    19624    4.54%
    504     0      177.6569    97      170.0000      Cuts: 30    19648    4.50%
    504     0      177.5984    97      170.0000      Cuts: 32    19677    4.47%
    504     0      177.5692    97      170.0000      Cuts: 17    19694    4.45%
    504     0      177.5692    97      170.0000      Cuts: 12    19705    4.45%
    504     0      177.5678    97      170.0000      Cuts: 10    19730    4.45%
    504     0      177.3561    97      170.0000      Cuts: 24    19792    4.33%

Repeating presolve.
Tried aggregator 3 times.
MIP Presolve eliminated 72 rows and 118 columns.
MIP Presolve modified 162 coefficients.
Aggregator did 10 substitutions.
Reduced MIP has 167 rows, 218 columns, and 842 nonzeros.
Reduced MIP has 189 binaries, 17 generals, 0 SOSs, and 0 indicators.
Presolve time = 0.01 sec. (2.75 ticks)
Tried aggregator 2 times.
MIP Presolve eliminated 24 rows and 18 columns.
MIP Presolve modified 147 coefficients.
Aggregator did 3 substitutions.
Reduced MIP has 140 rows, 197 columns, and 661 nonzeros.
Reduced MIP has 173 binaries, 15 generals, 0 SOSs, and 0 indicators.
Presolve time = 0.00 sec. (1.69 ticks)
Tried aggregator 2 times.
MIP Presolve modified 6 coefficients.
Aggregator did 1 substitutions.
Reduced MIP has 139 rows, 196 columns, and 658 nonzeros.
Reduced MIP has 172 binaries, 15 generals, 0 SOSs, and 0 indicators.
Presolve time = 0.00 sec. (0.67 ticks)
Represolve time = 0.03 sec. (19.60 ticks)
    504     0      176.7892    78      170.0000      Cuts: 48    20099    3.99%
    504     0      176.7406    78      170.0000      Cuts: 29    20125    3.97%
    504     0      176.5937    78      170.0000      Cuts: 37    20181    3.88%
    504     0      176.5178    78      170.0000      Cuts: 43    20217    3.83%
    504     0      176.5014    78      170.0000      Cuts: 50    20237    3.82%
    504     0      176.4558    78      170.0000      Cuts: 27    20269    3.80%
    504     0      176.3811    78      170.0000      Cuts: 54    20308    3.75%
    504     0      176.3143    78      170.0000      Cuts: 30    20334    3.71%
    504     0      176.0244    78      170.0000      Cuts: 24    20367    3.54%
    504     0      175.8135    78      170.0000      Cuts: 48    20407    3.42%
    504     0      175.7476    78      170.0000      Cuts: 35    20456    3.38%
    504     0      175.7344    78      170.0000      Cuts: 23    20479    3.37%
    504     0      175.6600    78      170.0000      Cuts: 22    20511    3.33%
    504     0      175.4543    78      170.0000      Cuts: 34    20557    3.21%
    504     0      175.3108    78      170.0000      Cuts: 55    20588    3.12%
    504     0      175.2675    78      170.0000      Cuts: 28    20611    3.10%
    504     0      175.1750    78      170.0000      Cuts: 38    20656    3.04%
    504     0        cutoff            170.0000                  20707     --- 

Clique cuts applied:  13
Cover cuts applied:  3
Implied bound cuts applied:  13
Mixed integer rounding cuts applied:  13
Zero-half cuts applied:  15
Lift and project cuts applied:  2
Gomory fractional cuts applied:  3

Root node processing (before b&c):
  Real time             =    0.29 sec. (285.05 ticks)
Sequential b&c:
  Real time             =    3.32 sec. (3133.83 ticks)
                          ------------
Total (root+branch&cut) =    3.61 sec. (3418.88 ticks)

Solution pool: 7 solutions saved.

MIP - Integer optimal solution:  Objective =  1.7000000000e+02
Solution time =    3.61 sec.  Iterations = 20707  Nodes = 504
Deterministic time = 3418.88 ticks  (948.03 ticks/sec)


Incumbent solution
Variable Name           Solution Value
F                           170.000000
y84                           1.000000
y52                           1.000000
y11                           1.000000
y118                          1.000000
y17                           1.000000
y122                          1.000000
y63                           1.000000
y59                           1.000000
y123                          1.000000
y119                          1.000000
x141x17x1                     1.000000
x67x119x1                     1.000000
x25x123x1                     1.000000
x34x52x1                      1.000000
x141x17x2                     1.000000
x36x59x2                      1.000000
x5x123x2                      1.000000
x51x84x2                      1.000000
x91x11x2                      2.000000
x172x59x3                     1.000000
x5x119x3                      1.000000
x34x84x3                      1.000000
x51x52x3                      1.000000
x84x63x2                      1.000000
x84x118x3                     1.000000
x52x118x1                     1.000000
x52x63x3                      1.000000
x11x122x2                     2.000000
x118x0x1                      1.000000
x118x0x3                      1.000000
x17x0x1                       1.000000
x17x0x2                       1.000000
x122x0x2                      2.000000
x63x0x2                       1.000000
x63x0x3                       1.000000
x59x0x2                       1.000000
x59x0x3                       1.000000
x123x0x1                      1.000000
x123x0x2                      1.000000
x119x0x1                      1.000000
x119x0x3                      1.000000
s141                          6.986812
s125                          7.310000
s52                           7.360000
s143                          8.440000
s186                          8.500000
s110                          7.540000
s90                           7.580000
s54                           7.640000
s182                          7.640000
s93                           7.710000
s11                           7.781426
s118                          8.430867
s23                           7.850000
s58                           7.850000
s154                          8.910000
s17                           8.588861
z141z17z1                     1.000000
z141z17z2                     1.000000
s155                          7.980000
s122                          9.010000
s63                           9.020000
s47                           9.030000
s126                          9.100000
s184                          9.140000
s59                           9.150000
s124                          8.170000
s2                            9.180000
s131                          9.180000
s29                           9.200000
s164                          9.250000
s14                           9.280000
s123                          9.360000
s119                          9.380000
s35                           9.440000
s67                           7.527404
z67z119z1                     1.000000
s172                          7.767309
z172z59z3                     1.000000
s36                           7.757742
z36z59z2                      1.000000
s5                            7.757241
z5z123z2                      1.000000
z5z119z3                      1.000000
s25                           7.930080
z25z123z1                     1.000000
s34                           5.227280
s84                           7.161110
z34z84z3                      1.000000
s95                           7.150000
s80                           7.180000
z34z52z1                      1.000000
s180                          7.420000
z34z180z3                     1.000000
s183                          7.420000
z34z183z3                     1.000000
z34z154z1                     1.000000
s153                          8.118617
z34z153z3                     1.000000
s51                           5.660000
z51z84z2                      1.000000
s69                           7.503639
z51z69z2                      1.000000
z51z52z3                      1.000000
z51z180z3                     1.000000
z51z183z3                     1.000000
z51z90z2                      1.000000
z51z54z2                      1.000000
z51z11z2                      1.000000
z51z58z2                      1.000000
z51z122z2                     1.000000
z51z153z3                     1.000000
z51z2z2                       1.000000
s91                           5.850000
z91z69z2                      1.000000
z91z90z2                      1.000000
z91z54z2                      1.000000
z91z11z2                      1.000000
z91z58z2                      1.000000
z91z122z2                     1.000000
z91z2z2                       1.000000
z84z118z3                     1.000000
z84z63z2                      1.000000
z69z122z2                     1.000000
z52z118z1                     1.000000
z52z63z3                      1.000000
z90z122z2                     1.000000
z90z2z2                       1.000000
z11z122z2                     1.000000
z11z2z2                       1.000000
All other variables in the range 1-1429 are 0.
