
Log started (V12.10.0.0) Fri Apr  9 01:28:42 2021


Problem 'asset.lp' read.
Read time = 0.01 sec. (0.56 ticks)
New value for default parallel thread count: 1
New value for time limit in seconds: 150
Version identifier: 12.10.0.0 | 2019-11-26 | 843d4de
CPXPARAM_Threads                                 1
CPXPARAM_TimeLimit                               150
Found incumbent of value 0.000000 after 0.00 sec. (0.15 ticks)
Tried aggregator 3 times.
MIP Presolve eliminated 2801 rows and 2095 columns.
MIP Presolve modified 4652 coefficients.
Aggregator did 1048 substitutions.
Reduced MIP has 1236 rows, 1441 columns, and 6304 nonzeros.
Reduced MIP has 1214 binaries, 180 generals, 0 SOSs, and 0 indicators.
Presolve time = 0.02 sec. (17.84 ticks)
Probing fixed 374 vars, tightened 48 bounds.
Probing time = 0.01 sec. (5.75 ticks)
Cover probing fixed 0 vars, tightened 86 bounds.
Tried aggregator 3 times.
MIP Presolve eliminated 520 rows and 481 columns.
MIP Presolve modified 218 coefficients.
Aggregator did 9 substitutions.
Reduced MIP has 707 rows, 951 columns, and 3402 nonzeros.
Reduced MIP has 780 binaries, 128 generals, 0 SOSs, and 0 indicators.
Presolve time = 0.01 sec. (8.86 ticks)
Probing time = 0.00 sec. (2.58 ticks)
Cover probing fixed 0 vars, tightened 18 bounds.
Tried aggregator 1 time.
Detecting symmetries...
MIP Presolve eliminated 9 rows and 9 columns.
MIP Presolve modified 436 coefficients.
Reduced MIP has 698 rows, 942 columns, and 3367 nonzeros.
Reduced MIP has 771 binaries, 128 generals, 0 SOSs, and 0 indicators.
Presolve time = 0.00 sec. (2.30 ticks)
Probing time = 0.00 sec. (2.58 ticks)
Clique table members: 2406.
MIP emphasis: balance optimality and feasibility.
MIP search method: dynamic search.
Parallel mode: none, using 1 thread.
Root relaxation solution time = 0.01 sec. (13.94 ticks)

        Nodes                                         Cuts/
   Node  Left     Objective  IInf  Best Integer    Best Bound    ItCnt     Gap

*     0+    0                            0.0000      750.0000              --- 
      0     0      304.2100   123        0.0000      304.2100      622     --- 
      0     0      295.1911   123        0.0000     Cuts: 215      872     --- 
      0     0      289.7930   123        0.0000     Cuts: 170     1035     --- 
      0     0      286.8852   123        0.0000     Cuts: 163     1180     --- 
      0     0      284.4140   123        0.0000     Cuts: 118     1303     --- 
      0     0      283.5577   123        0.0000      Cuts: 72     1368     --- 
Detecting symmetries...
      0     0      282.8342   123        0.0000      Cuts: 65     1444     --- 
      0     0      282.3057   123        0.0000     Cuts: 159     1495     --- 
      0     0      281.2183   123        0.0000      Cuts: 80     1585     --- 
      0     0      280.8680   123        0.0000      Cuts: 68     1629     --- 
      0     0      279.9315   123        0.0000      Cuts: 75     1729     --- 
      0     0      279.3906   123        0.0000     Cuts: 100     1856     --- 
      0     0      279.2216   123        0.0000      Cuts: 75     1931     --- 
      0     0      279.0333   123        0.0000     Cuts: 112     2034     --- 
      0     0      278.9712   123        0.0000      Cuts: 60     2084     --- 
      0     0      278.9658   123        0.0000      Cuts: 49     2123     --- 
      0     0      278.9575   123        0.0000      Cuts: 12     2156     --- 
*     0+    0                          150.0000      278.9575            85.97%
*     0+    0                          165.0000      278.9575            69.07%
*     0+    0                          175.0000      278.9575            59.40%
*     0+    0                          185.0000      278.9575            50.79%
*     0+    0                          195.0000      278.9575            43.06%
*     0+    0                          200.0000      278.9575            39.48%
      0     0        cutoff            200.0000      278.9575     2156   39.48%
Detecting symmetries...
      0     2      278.9575   148      200.0000      278.9396     2156   39.47%
Elapsed time = 0.44 sec. (428.66 ticks, tree = 0.01 MB, solutions = 6)
    120    91      277.5981   133      200.0000      277.7475     6165   38.87%
    273   232      257.2727    99      200.0000      277.5981    10852   38.80%
    462   404      263.6907   116      200.0000      277.1614    16945   38.58%

Performing restart 1

Repeating presolve.
Tried aggregator 1 time.
MIP Presolve eliminated 17 rows and 0 columns.
MIP Presolve modified 503 coefficients.
Reduced MIP has 681 rows, 942 columns, and 2994 nonzeros.
Reduced MIP has 771 binaries, 128 generals, 0 SOSs, and 0 indicators.
Presolve time = 0.00 sec. (2.87 ticks)
Tried aggregator 1 time.
Reduced MIP has 681 rows, 942 columns, and 2994 nonzeros.
Reduced MIP has 771 binaries, 128 generals, 0 SOSs, and 0 indicators.
Presolve time = 0.00 sec. (2.24 ticks)
Represolve time = 0.02 sec. (17.21 ticks)
    474     0      269.4582   165      200.0000     Cuts: 107    18374   34.73%
    474     0      266.3064   165      200.0000      Cuts: 91    18557   33.15%
    474     0      263.6225   165      200.0000     Cuts: 129    18695   31.81%
    474     0      261.6961   165      200.0000     Cuts: 116    18836   30.85%
    474     0      259.5254   165      200.0000     Cuts: 106    18981   29.76%
    474     0      257.7440   165      200.0000     Cuts: 100    19157   28.87%
    474     0      257.4509   165      200.0000     Cuts: 100    19284   28.73%
    474     0      256.5984   165      200.0000      Cuts: 79    19377   28.30%
    474     0      256.2273   165      200.0000      Cuts: 72    19473   28.11%
    474     0      254.8714   165      200.0000     Cuts: 122    19577   27.44%
    474     0      254.4098   165      200.0000      Cuts: 57    19688   27.20%
    474     0      253.9853   165      200.0000      Cuts: 94    19766   26.99%
    474     0      253.3688   165      200.0000      Cuts: 79    19904   26.68%
    474     0      253.2370   165      200.0000      Cuts: 60    19984   26.62%
    474     0      253.0811   165      200.0000      Cuts: 41    20049   26.54%
    474     0      252.9470   165      200.0000      Cuts: 63    20139   26.47%
    474     0      252.9269   165      200.0000      Cuts: 37    20199   26.46%
    474     0      252.9183   165      200.0000      Cuts: 38    20246   26.46%
    474     0      252.8917   165      200.0000      Cuts: 29    20286   26.45%
    474     0      252.8101   165      200.0000      Cuts: 47    20358   26.41%
    474     0      252.7173   165      200.0000      Cuts: 64    20428   26.36%
    474     0      252.6767   165      200.0000      Cuts: 42    20479   26.34%
    474     0      252.6437   165      200.0000      Cuts: 57    20523   26.32%
    474     0      252.6379   165      200.0000      Cuts: 24    20555   26.32%
    474     0      252.6367   165      200.0000       Cuts: 5    20574   26.32%
    474     0      252.6004   165      200.0000      Cuts: 20    20618   26.30%
*   474+    0                          215.0000      252.6004            17.49%
    474     2      252.6004   174      215.0000      252.5913    20618   17.48%
    478     6      247.0643   100      215.0000      251.9346    21538   17.18%
    485    12      239.1845    74      215.0000      251.9346    22262   17.18%
    498    15      245.1602   136      215.0000      247.4573    23075   15.10%
    517    32      236.1757    73      215.0000      247.4573    24243   15.10%
    578    73      227.6021    71      215.0000      247.1280    26183   14.94%
    797   232      232.0912    84      215.0000      244.6635    34215   13.80%
Elapsed time = 4.29 sec. (5024.39 ticks, tree = 0.68 MB, solutions = 7)
   1080   442      239.7917   104      215.0000      242.7020    43387   12.88%
   1307   577      238.4737    85      215.0000      240.4342    53102   11.83%
   1537   707      227.1675    84      215.0000      239.1667    62738   11.24%
   1752   800      230.0000    42      215.0000      237.5408    73750   10.48%
   1968   902      223.7500    50      215.0000      236.5313    83523   10.01%
   2170   990      231.1602   113      215.0000      235.5889    92542    9.58%
   2400  1067      223.4617    48      215.0000      234.5346   102499    9.09%
   2629  1135        cutoff            215.0000      233.4849   112351    8.60%
   2869  1218        cutoff            215.0000      232.7022   121417    8.23%
   3107  1257        cutoff            215.0000      231.6476   131808    7.74%
Elapsed time = 12.49 sec. (14651.94 ticks, tree = 5.36 MB, solutions = 7)
   3304  1216      220.0000    22      215.0000      230.3808   142240    7.15%
   3620  1357      226.6178    67      215.0000      230.0000   151067    6.98%
   3849  1345      228.4375    50      215.0000      229.1667   160229    6.59%
   4131  1391      220.0000    45      215.0000      228.5578   169871    6.31%
   4431  1384      223.0227   105      215.0000      227.8803   179324    5.99%
   4715  1407        cutoff            215.0000      227.5000   187841    5.81%
   5001  1348      225.0000    28      215.0000      226.6622   197372    5.42%
   5351  1315      221.6667    30      215.0000      225.8333   206391    5.04%
   5731  1233      224.4018    66      215.0000      225.0000   215682    4.65%
   6135  1313      220.0000    32      215.0000      225.0000   224718    4.65%
Elapsed time = 21.90 sec. (24220.67 ticks, tree = 5.22 MB, solutions = 7)
   6468  1259        cutoff            215.0000      225.0000   234083    4.65%
   6877  1110        cutoff            215.0000      224.2737   243119    4.31%
   7402   832      220.0000    37      215.0000      223.5000   253553    3.95%
   8050   441        cutoff            215.0000      222.5000   264633    3.49%

GUB cover cuts applied:  21
Clique cuts applied:  51
Cover cuts applied:  20
Implied bound cuts applied:  102
Flow cuts applied:  20
Mixed integer rounding cuts applied:  116
Zero-half cuts applied:  47
Lift and project cuts applied:  18
Gomory fractional cuts applied:  10

Root node processing (before b&c):
  Real time             =    0.44 sec. (428.99 ticks)
Sequential b&c:
  Real time             =   26.03 sec. (28173.42 ticks)
                          ------------
Total (root+branch&cut) =   26.46 sec. (28602.40 ticks)

Solution pool: 8 solutions saved.

MIP - Integer optimal solution:  Objective =  2.1500000000e+02
Solution time =   26.46 sec.  Iterations = 271540  Nodes = 8578
Deterministic time = 28602.42 ticks  (1080.77 ticks/sec)


Incumbent solution
Variable Name           Solution Value
F                           215.000000
y13                           1.000000
y23                           1.000000
y41                           1.000000
y57                           1.000000
y75                           1.000000
y108                          1.000000
y116                          1.000000
y123                          1.000000
y139                          1.000000
y146                          1.000000
y159                          1.000000
y176                          1.000000
x42x75x1                      1.000000
x42x108x1                     1.000000
x65x123x1                     1.000000
x60x13x2                      2.000000
x126x23x2                     1.000000
x31x23x3                      1.000000
x31x139x3                     1.000000
x65x123x3                     1.000000
x93x75x3                      1.000000
x93x108x3                     1.000000
x126x139x3                    1.000000
x13x41x2                      2.000000
x23x116x2                     1.000000
x23x159x3                     1.000000
x41x0x2                       2.000000
x123x57x1                     1.000000
x57x0x1                       1.000000
x123x57x3                     1.000000
x57x0x3                       1.000000
x75x176x1                     1.000000
x75x159x3                     1.000000
x108x116x1                    1.000000
x108x176x3                    1.000000
x116x0x1                      1.000000
x116x0x2                      1.000000
x139x146x3                    2.000000
x146x0x3                      2.000000
x159x0x3                      2.000000
x176x0x1                      1.000000
x176x0x3                      1.000000
s1                            6.000000
s11                           9.340000
s12                           6.940000
s13                           7.673333
s16                           6.770000
s23                           7.329954
s24                           7.367387
s25                           6.290000
s27                           6.840000
s33                           7.520000
s39                           7.420000
s41                           9.320000
s44                           7.264753
s45                           6.180000
s47                           8.219114
s54                           7.330000
s57                           9.450000
s59                           6.310000
s62                           6.900000
s67                           6.440000
s71                           6.220000
s72                           6.420000
s73                           7.141313
s75                           7.253636
s79                           6.222122
s81                           9.320000
s87                           9.120000
s91                           6.200000
s92                           6.760000
s97                           6.260000
s105                          7.310000
s108                          7.403356
s109                          6.570000
s111                          6.570000
s116                          8.810000
s117                          7.580000
s118                          6.100000
s123                          7.811362
s124                          9.370000
s125                          6.310000
s130                          7.970000
s158                          7.350000
s161                          7.420000
s176                          9.370000
s177                          7.120000
s186                          6.260000
s189                          6.370000
s192                          6.780000
s195                          6.200000
s196                          6.030000
s209                          6.620000
s18                           6.000000
s2                            8.740000
s43                           7.240000
s56                           6.660000
s64                           8.600000
s139                          7.081860
s146                          8.292678
s148                          7.180000
s159                          8.620000
s31                           5.154613
z31z2z3                       1.000000
z31z23z3                      1.000000
s38                           6.240000
z31z43z3                      1.000000
z31z64z3                      1.000000
z31z139z3                     1.000000
z31z146z3                     1.000000
z31z159z3                     1.000000
s170                          6.190000
s42                           5.145659
z42z75z1                      1.000000
z42z108z1                     1.000000
s60                           5.272413
z60z11z2                      1.000000
z60z13z2                      1.000000
z60z24z2                      1.000000
z60z41z2                      1.000000
z60z44z2                      1.000000
z60z81z2                      1.000000
z60z117z2                     1.000000
z60z124z2                     1.000000
s65                           5.687792
z65z2z3                       1.000000
z65z123z1                     1.000000
z65z123z3                     1.000000
z65z159z3                     1.000000
s93                           5.680000
z93z2z3                       1.000000
z93z43z3                      1.000000
z93z64z3                      1.000000
z93z75z3                      1.000000
z93z108z3                     1.000000
z93z146z3                     1.000000
z93z159z3                     1.000000
s126                          5.466217
z126z2z3                      1.000000
z126z11z2                     1.000000
z126z23z2                     1.000000
z126z41z2                     1.000000
z126z64z3                     1.000000
z126z81z2                     1.000000
z126z117z2                    1.000000
z126z124z2                    1.000000
z126z139z3                    1.000000
z126z146z3                    1.000000
z126z159z3                    1.000000
s141                          6.000000
s173                          6.000000
s147                          6.000000
s181                          6.000000
s193                          6.000000
s3                            6.000000
s4                            6.000000
z13z41z2                      1.000000
s22                           6.000000
z23z11z2                      1.000000
z23z81z2                      1.000000
z23z116z2                     1.000000
z23z159z3                     1.000000
z24z11z2                      1.000000
z24z41z2                      1.000000
z24z81z2                      1.000000
z24z124z2                     1.000000
s32                           6.000000
s36                           6.000000
s37                           6.000000
z44z11z2                      1.000000
z44z41z2                      1.000000
z44z81z2                      1.000000
z44z124z2                     1.000000
z54z11z2                      1.000000
z54z41z2                      1.000000
z54z81z2                      1.000000
z54z124z2                     1.000000
z62z11z2                      1.000000
z62z41z2                      1.000000
z62z81z2                      1.000000
z62z124z2                     1.000000
z67z11z2                      1.000000
z67z41z2                      1.000000
z67z81z2                      1.000000
z67z124z2                     1.000000
z71z11z2                      1.000000
z71z41z2                      1.000000
z71z81z2                      1.000000
z71z124z2                     1.000000
z73z11z2                      1.000000
z73z41z2                      1.000000
z73z81z2                      1.000000
z73z124z2                     1.000000
z75z159z3                     1.000000
z75z176z1                     1.000000
s89                           6.000000
z91z11z2                      1.000000
z91z41z2                      1.000000
z91z81z2                      1.000000
z91z124z2                     1.000000
z92z11z2                      1.000000
z92z41z2                      1.000000
z92z81z2                      1.000000
z92z124z2                     1.000000
z97z11z2                      1.000000
z97z41z2                      1.000000
z97z81z2                      1.000000
z97z124z2                     1.000000
s102                          6.050000
z108z116z1                    1.000000
z108z176z3                    1.000000
z109z11z2                     1.000000
z109z41z2                     1.000000
z109z81z2                     1.000000
z109z124z2                    1.000000
z111z11z2                     1.000000
z111z41z2                     1.000000
z111z81z2                     1.000000
z111z124z2                    1.000000
z118z11z2                     1.000000
z118z41z2                     1.000000
z118z81z2                     1.000000
z118z124z2                    1.000000
s121                          6.000000
z123z57z1                     1.000000
z123z57z3                     1.000000
z125z11z2                     1.000000
z125z41z2                     1.000000
z125z81z2                     1.000000
z125z124z2                    1.000000
s135                          6.000000
s137                          6.000000
z139z146z3                    1.000000
s142                          6.000000
s152                          6.000000
z173z11z2                     1.000000
z173z41z2                     1.000000
z173z81z2                     1.000000
z173z124z2                    1.000000
z177z11z2                     1.000000
s179                          6.000000
s183                          6.000000
z186z11z2                     1.000000
z186z41z2                     1.000000
z186z81z2                     1.000000
z186z124z2                    1.000000
z192z11z2                     1.000000
z192z41z2                     1.000000
z192z81z2                     1.000000
z192z124z2                    1.000000
s194                          6.000000
All other variables in the range 1-4588 are 0.
