
Log started (V12.10.0.0) Fri Apr  2 10:09:04 2021


Problem 'asset.lp' read.
Read time = 0.01 sec. (0.26 ticks)
New value for default parallel thread count: 1
New value for time limit in seconds: 300
Version identifier: 12.10.0.0 | 2019-11-26 | 843d4de
CPXPARAM_Threads                                 1
CPXPARAM_TimeLimit                               300
Found incumbent of value -0.843432 after 0.00 sec. (0.11 ticks)
Tried aggregator 6 times.
MIP Presolve eliminated 1300 rows and 339 columns.
MIP Presolve modified 1845 coefficients.
Aggregator did 665 substitutions.
Reduced MIP has 716 rows, 795 columns, and 3367 nonzeros.
Reduced MIP has 710 binaries, 47 generals, 0 SOSs, and 0 indicators.
Presolve time = 0.02 sec. (14.63 ticks)
Probing fixed 296 vars, tightened 23 bounds.
Probing time = 0.00 sec. (1.85 ticks)
Cover probing fixed 0 vars, tightened 113 bounds.
Tried aggregator 2 times.
MIP Presolve eliminated 411 rows and 399 columns.
MIP Presolve modified 7 coefficients.
Aggregator did 4 substitutions.
Reduced MIP has 301 rows, 385 columns, and 1112 nonzeros.
Reduced MIP has 336 binaries, 13 generals, 0 SOSs, and 0 indicators.
Presolve time = 0.00 sec. (2.58 ticks)
Probing fixed 0 vars, tightened 2 bounds.
Probing time = 0.00 sec. (0.57 ticks)
Tried aggregator 1 time.
Detecting symmetries...
Reduced MIP has 301 rows, 385 columns, and 1112 nonzeros.
Reduced MIP has 336 binaries, 13 generals, 0 SOSs, and 0 indicators.
Presolve time = 0.00 sec. (0.85 ticks)
Probing time = 0.00 sec. (0.56 ticks)
Clique table members: 157.
MIP emphasis: balance optimality and feasibility.
MIP search method: dynamic search.
Parallel mode: none, using 1 thread.
Root relaxation solution time = 0.00 sec. (1.95 ticks)

        Nodes                                         Cuts/
   Node  Left     Objective  IInf  Best Integer    Best Bound    ItCnt     Gap

*     0+    0                           -0.8434      833.8591              --- 
      0     0      410.4865    41       -0.8434      410.4865      216     --- 
*     0+    0                          357.3579      410.4865            14.87%
      0     0      405.0579    41      357.3579      Cuts: 22      258   13.35%
*     0+    0                          396.9880      405.0579             2.03%
      0     0      403.8771    41      396.9880      Cuts: 26      312    1.74%
*     0+    0                          396.9883      403.8771             1.74%
      0     0        cutoff            396.9883      403.8771      312    1.74%
Detecting symmetries...

Repeating presolve.
Tried aggregator 2 times.
MIP Presolve eliminated 116 rows and 147 columns.
MIP Presolve modified 2 coefficients.
Aggregator did 3 substitutions.
Reduced MIP has 182 rows, 235 columns, and 657 nonzeros.
Reduced MIP has 203 binaries, 8 generals, 0 SOSs, and 0 indicators.
Presolve time = 0.00 sec. (0.60 ticks)
Probing fixed 0 vars, tightened 2 bounds.
Probing time = 0.00 sec. (0.27 ticks)
Cover probing fixed 0 vars, tightened 1 bounds.
Tried aggregator 2 times.
MIP Presolve eliminated 4 rows and 5 columns.
MIP Presolve added 2 rows and 0 columns.
MIP Presolve modified 2 coefficients.
Aggregator did 2 substitutions.
Reduced MIP has 178 rows, 228 columns, and 655 nonzeros.
Reduced MIP has 197 binaries, 8 generals, 0 SOSs, and 0 indicators.
Presolve time = 0.00 sec. (0.64 ticks)
Probing time = 0.00 sec. (0.26 ticks)
Tried aggregator 1 time.
Detecting symmetries...
MIP Presolve eliminated 1 rows and 1 columns.
Reduced MIP has 177 rows, 227 columns, and 653 nonzeros.
Reduced MIP has 196 binaries, 8 generals, 0 SOSs, and 0 indicators.
Presolve time = 0.00 sec. (0.51 ticks)
Represolve time = 0.01 sec. (4.07 ticks)
Probing time = 0.00 sec. (0.26 ticks)
Clique table members: 80.
MIP emphasis: balance optimality and feasibility.
MIP search method: dynamic search.
Parallel mode: none, using 1 thread.
Root relaxation solution time = 0.00 sec. (1.79 ticks)

        Nodes                                         Cuts/
   Node  Left     Objective  IInf  Best Integer    Best Bound    ItCnt     Gap

*     0+    0                          396.9883      403.8771             1.74%
      0     0      403.8770    33      396.9883      403.8770      480    1.74%
      0     0      400.2255    33      396.9883      Cuts: 19      518    0.82%
      0     0      396.9908    33      396.9883      Cuts: 12      527    0.00%

Clique cuts applied:  4
Cover cuts applied:  2
Implied bound cuts applied:  2
Mixed integer rounding cuts applied:  1
Zero-half cuts applied:  7
Multi commodity flow cuts applied:  1
Lift and project cuts applied:  7
Gomory fractional cuts applied:  9

Root node processing (before b&c):
  Real time             =    0.06 sec. (49.98 ticks)
Sequential b&c:
  Real time             =    0.00 sec. (0.00 ticks)
                          ------------
Total (root+branch&cut) =    0.06 sec. (49.98 ticks)

Solution pool: 4 solutions saved.

MIP - Integer optimal, tolerance (0.0001/1e-06):  Objective =  3.9698832683e+02
Current MIP best bound =  3.9699075197e+02 (gap = 0.00242514, 0.00%)
Solution time =    0.06 sec.  Iterations = 527  Nodes = 0 (1)
Deterministic time = 49.98 ticks  (769.43 ticks/sec)


Incumbent solution
Variable Name           Solution Value
F                           430.000000
f1                            0.871673
f2                           32.140000
y2                            1.000000
y243                          1.000000
y115                          1.000000
y17                           1.000000
y68                           1.000000
y46                           1.000000
y252                          1.000000
y138                          1.000000
y70                           1.000000
y92                           1.000000
y99                           1.000000
y150                          1.000000
y263                          1.000000
s78                           3.910000
s267                          3.920000
s144                          3.940000
s165                          4.030000
s260                          4.030000
s132                          4.060000
s174                          4.070000
s2                            5.022073
s7                            4.130000
s208                          4.150000
s241                          4.170000
s243                          5.001135
s98                           4.200000
s142                          4.220000
s41                           4.240000
s89                           4.240000
s169                          4.240000
s203                          4.250000
s115                          5.038579
s266                          4.290000
s153                          4.300000
s199                          4.310000
s43                           4.330000
s269                          4.380000
s97                           4.400000
s152                          4.410000
s79                           4.420000
s17                           5.025744
s53                           4.440000
s68                           5.453091
s46                           5.420112
s246                          4.690000
s160                          4.880000
s158                          5.080000
s252                          5.278970
s175                          5.190000
s101                          5.200000
s138                          5.975403
s47                           5.240000
s70                           5.974267
s92                           5.946276
s106                          5.330000
s99                           5.741015
s150                          5.480000
s63                           5.500000
s229                          5.610000
s118                          5.620000
s263                          5.647087
s193                          5.960000
x162x115x1                    1.000000
x205x243x1                    2.000000
x42x115x1                     1.000000
x42x17x1                      1.000000
x100x17x1                     1.000000
x196x263x1                    1.000000
x251x138x1                    1.000000
x45x150x2                     1.000000
x268x2x2                      1.000000
x100x46x2                     1.000000
x196x68x2                     1.000000
x80x2x2                       1.000000
x173x92x2                     1.000000
x201x70x2                     1.000000
x214x46x2                     1.000000
x214x70x2                     1.000000
x45x150x3                     1.000000
x34x99x3                      1.000000
x34x263x3                     1.000000
x268x252x3                    1.000000
x80x68x3                      1.000000
x251x99x3                     1.000000
x173x92x3                     1.000000
x139x252x3                    1.000000
x201x138x3                    1.000000
x2x0x2                        2.000000
x243x0x1                      2.000000
x115x0x1                      2.000000
x17x0x1                       2.000000
x68x0x2                       1.000000
x68x0x3                       1.000000
x46x0x2                       2.000000
x252x0x3                      2.000000
x138x0x1                      1.000000
x138x0x3                      1.000000
x70x0x2                       2.000000
x92x0x2                       1.000000
x92x0x3                       1.000000
x99x0x3                       2.000000
x150x0x2                      1.000000
x150x0x3                      1.000000
x263x0x1                      1.000000
x263x0x3                      1.000000
s162                          3.490400
z162z115z1                    1.000000
s205                          3.572130
z205z243z1                    1.000000
s42                           3.810272
z42z115z1                     1.000000
z42z17z1                      1.000000
s45                           3.820890
z45z150z2                     1.000000
z45z150z3                     1.000000
z45z193z3                     1.000000
s34                           4.213731
z34z99z3                      1.000000
z34z263z3                     1.000000
z34z193z3                     1.000000
s268                          3.830062
z268z2z2                      1.000000
z268z252z3                    1.000000
z268z99z3                     1.000000
z268z63z2                     1.000000
z268z193z3                    1.000000
s100                          3.713354
z100z17z1                     1.000000
z100z46z2                     1.000000
z100z70z2                     1.000000
z100z63z2                     1.000000
s196                          4.068040
z196z68z2                     1.000000
z196z263z1                    1.000000
s80                           3.821082
z80z2z2                       1.000000
z80z68z3                      1.000000
z80z70z2                      1.000000
z80z99z3                      1.000000
z80z63z2                      1.000000
z80z193z3                     1.000000
s251                          4.315385
z251z138z1                    1.000000
z251z99z3                     1.000000
z251z193z3                    1.000000
s173                          4.728949
z173z92z2                     1.000000
z173z92z3                     1.000000
s139                          3.989763
z139z252z3                    1.000000
z139z193z3                    1.000000
s201                          4.794447
z201z138z3                    1.000000
z201z70z2                     1.000000
s214                          4.122032
z214z46z2                     1.000000
z214z70z2                     1.000000
z214z63z2                     1.000000
All other variables in the range 1-1808 are 0.
