
Log started (V12.10.0.0) Sun Apr  4 08:13:07 2021


Problem 'asset.lp' read.
Read time = 0.01 sec. (0.33 ticks)
New value for default parallel thread count: 1
New value for time limit in seconds: 300
Version identifier: 12.10.0.0 | 2019-11-26 | 843d4de
CPXPARAM_Threads                                 1
CPXPARAM_TimeLimit                               300
Found incumbent of value 0.000000 after 0.00 sec. (0.09 ticks)
Tried aggregator 3 times.
MIP Presolve eliminated 443 rows and 112 columns.
MIP Presolve modified 2814 coefficients.
Aggregator did 1156 substitutions.
Reduced MIP has 1384 rows, 1641 columns, and 7112 nonzeros.
Reduced MIP has 1436 binaries, 157 generals, 0 SOSs, and 0 indicators.
Presolve time = 0.02 sec. (14.92 ticks)
Probing fixed 204 vars, tightened 7 bounds.
Probing time = 0.01 sec. (6.24 ticks)
Cover probing fixed 0 vars, tightened 108 bounds.
Tried aggregator 1 time.
MIP Presolve eliminated 256 rows and 228 columns.
MIP Presolve modified 527 coefficients.
Reduced MIP has 1128 rows, 1413 columns, and 5475 nonzeros.
Reduced MIP has 1215 binaries, 150 generals, 0 SOSs, and 0 indicators.
Presolve time = 0.01 sec. (5.18 ticks)
Probing time = 0.00 sec. (2.64 ticks)
Cover probing fixed 0 vars, tightened 8 bounds.
Tried aggregator 1 time.
Detecting symmetries...
MIP Presolve eliminated 6 rows and 6 columns.
MIP Presolve modified 586 coefficients.
Reduced MIP has 1122 rows, 1407 columns, and 5455 nonzeros.
Reduced MIP has 1209 binaries, 150 generals, 0 SOSs, and 0 indicators.
Presolve time = 0.00 sec. (3.58 ticks)
Probing time = 0.00 sec. (2.62 ticks)
Clique table members: 3707.
MIP emphasis: balance optimality and feasibility.
MIP search method: dynamic search.
Parallel mode: none, using 1 thread.
Root relaxation solution time = 0.02 sec. (17.58 ticks)

        Nodes                                         Cuts/
   Node  Left     Objective  IInf  Best Integer    Best Bound    ItCnt     Gap

*     0+    0                            0.0000      770.0000              --- 
      0     0      582.5000   187        0.0000      582.5000      853     --- 
      0     0      574.1406   187        0.0000     Cuts: 380     1434     --- 
      0     0      563.8562   187        0.0000     Cuts: 263     2042     --- 
      0     0      557.9639   187        0.0000     Cuts: 205     2373     --- 
*     0+    0                           50.0000      557.9639              --- 
      0     0        cutoff             50.0000      557.9639     2373     --- 
      0     0      556.6415   187       50.0000     Cuts: 226     2616     --- 
      0     0      554.9171   187       50.0000     Cuts: 167     2901     --- 
Detecting symmetries...
      0     0      554.1270   187       50.0000     Cuts: 160     3054     --- 
      0     0      553.3407   187       50.0000     Cuts: 115     3203     --- 
      0     0      553.0455   187       50.0000      Cuts: 93     3317     --- 
      0     0      552.9688   187       50.0000     Cuts: 148     3416     --- 
      0     0      552.2187   187       50.0000      Cuts: 74     3546     --- 
      0     0      551.0830   187       50.0000      Cuts: 86     3673     --- 
      0     0      550.4999   187       50.0000     Cuts: 120     3837     --- 
*     0+    0                           65.0000      550.4999           746.92%
*     0+    0                          100.0000      550.4999           450.50%
*     0+    0                          215.0000      550.4999           156.05%
*     0+    0                          265.0000      550.4999           107.74%
      0     0        cutoff            265.0000      550.4999     3837  107.74%
      0     0      549.5833   187      265.0000     Cuts: 108     4057  107.39%
      0     0      549.5156   187      265.0000     Cuts: 111     4193  107.36%
      0     0      549.3084   187      265.0000      Cuts: 53     4313  107.29%
      0     0      549.1098   187      265.0000     Cuts: 153     4480  107.21%
      0     0      549.1098   187      265.0000     Cuts: 142     4638  107.21%
*     0+    0                          325.0000      549.1098            68.96%
*     0+    0                          330.0000      549.1098            66.40%
Detecting symmetries...
      0     2      549.1098   222      330.0000      549.1098     4638   66.40%
Elapsed time = 0.69 sec. (708.76 ticks, tree = 0.01 MB, solutions = 7)
     81    68      548.8338   225      330.0000      548.8338     8066   66.31%
*   211   180      integral     0      430.0000      548.8173    11526   27.63%
    212   181      548.3068   204      430.0000      548.8131    11982   27.63%
    300   264      519.5462   128      430.0000      548.7768    15871   27.62%
    458   406      538.0173   187      430.0000      548.4105    20202   27.54%

Performing restart 1

Repeating presolve.
Tried aggregator 1 time.
MIP Presolve eliminated 8 rows and 0 columns.
MIP Presolve modified 887 coefficients.
Reduced MIP has 1114 rows, 1407 columns, and 4810 nonzeros.
Reduced MIP has 1209 binaries, 150 generals, 0 SOSs, and 0 indicators.
Presolve time = 0.00 sec. (4.55 ticks)
Tried aggregator 1 time.
Reduced MIP has 1114 rows, 1407 columns, and 4810 nonzeros.
Reduced MIP has 1209 binaries, 150 generals, 0 SOSs, and 0 indicators.
Presolve time = 0.00 sec. (3.52 ticks)
Represolve time = 0.03 sec. (24.28 ticks)
    483     0      542.9455   255      430.0000     Cuts: 252    23675   26.27%
    483     0      539.5469   255      430.0000     Cuts: 184    24094   25.48%
    483     0      537.7681   255      430.0000     Cuts: 230    24466   25.06%
    483     0      536.4686   255      430.0000     Cuts: 186    24678   24.76%
    483     0      536.0103   255      430.0000     Cuts: 142    24815   24.65%
    483     0      535.3807   255      430.0000     Cuts: 111    25065   24.51%
    483     0      533.9745   255      430.0000     Cuts: 152    25347   24.18%
    483     0      533.2829   255      430.0000     Cuts: 160    25637   24.02%
    483     0      533.0535   255      430.0000     Cuts: 179    25863   23.97%
    483     0      532.5663   255      430.0000     Cuts: 152    26036   23.85%
    483     0      532.4587   255      430.0000      Cuts: 99    26162   23.83%
    483     0      532.2969   255      430.0000     Cuts: 115    26305   23.79%
    483     0      531.9854   255      430.0000     Cuts: 113    26511   23.72%
    483     0      531.9434   255      430.0000     Cuts: 103    26674   23.71%
    483     0      531.8349   255      430.0000      Cuts: 95    26768   23.68%
    483     0      531.6944   255      430.0000     Cuts: 144    26907   23.65%
    483     0      531.6545   255      430.0000      Cuts: 58    27075   23.64%
    483     0      531.6325   255      430.0000      Cuts: 86    27173   23.64%
    483     0      531.4526   255      430.0000      Cuts: 53    27338   23.59%
    483     0      531.4135   255      430.0000     Cuts: 114    27435   23.58%
    483     0      531.2550   255      430.0000      Cuts: 55    27570   23.55%
    483     0      531.0955   255      430.0000     Cuts: 117    27726   23.51%
    483     0      530.7045   255      430.0000     Cuts: 119    28040   23.42%
    483     0      530.5435   255      430.0000     Cuts: 118    28427   23.38%
    483     0      530.5432   255      430.0000     Cuts: 163    28792   23.38%
    483     0      530.4526   255      430.0000      Cuts: 64    29143   23.36%
    483     0      530.4346   255      430.0000     Cuts: 152    29335   23.36%
*   483+    0                          435.0000      530.4346            21.94%
    483     2      530.4346   204      435.0000      530.3659    29335   21.92%
    486     4      509.1142   155      435.0000      529.7526    30621   21.78%
    490     8      507.7872   135      435.0000      529.7526    30846   21.78%
    498    15      503.2372   145      435.0000      529.7526    31430   21.78%
    507    23      482.3767   121      435.0000      529.7526    32164   21.78%
    595    94      486.0204    89      435.0000      529.1159    37695   21.64%
Elapsed time = 6.61 sec. (7583.87 ticks, tree = 0.65 MB, solutions = 9)
    794   259      478.8692    75      435.0000      528.5000    44428   21.49%
    979   418      507.0255   167      435.0000      528.2216    52042   21.43%
   1163   585      511.8505   155      435.0000      527.3958    60035   21.24%
   1406   788      452.9111    59      435.0000      527.3339    66831   21.23%
*  1483+  827                          440.0000      527.2989            19.84%
   1607   940      477.2026   129      440.0000      527.0920    75292   19.79%
   1846  1138      517.1912   209      440.0000      526.7128    83019   19.71%
   2034  1306      502.0967   193      440.0000      526.4583    91064   19.65%
   2266  1518      464.7902   110      440.0000      526.0349    98970   19.55%
*  2483+ 1660                          445.0000      525.4451            18.08%
   2504  1679      514.3841   195      445.0000      525.4425   107236   18.08%
   2786  1927      517.0896   199      445.0000      525.0652   115348   17.99%
Elapsed time = 14.15 sec. (17195.65 ticks, tree = 13.30 MB, solutions = 11)
   2976  2099      499.8766   148      445.0000      524.9208   122933   17.96%
   3176  2274      474.3720   140      445.0000      524.7587   130773   17.92%
   3390  2461      470.1293   114      445.0000      524.5876   138344   17.88%
   3582  2626      488.2262   168      445.0000      524.2206   148090   17.80%
   3803  2826      513.6185   185      445.0000      523.4177   156362   17.62%
   4025  3025      501.1103   185      445.0000      523.3618   164847   17.61%
   4229  3209      485.4093   132      445.0000      523.2197   172627   17.58%
   4452  3411      495.4108   116      445.0000      523.0399   180061   17.54%
*  4483+ 3281                          450.0000      523.0399            16.23%
   4697  3453      507.3446   193      450.0000      522.7097   188296   16.16%
   4856  3581      513.6716   207      450.0000      522.3443   196072   16.08%
Elapsed time = 21.75 sec. (26845.64 ticks, tree = 28.14 MB, solutions = 12)
   5043  3741      518.2692   226      450.0000      522.1188   203801   16.03%
   5239  3915        cutoff            450.0000      521.9149   212464   15.98%
   5463  4107      503.0069   163      450.0000      521.3336   220037   15.85%
*  5538  3893      integral     0      455.0000      521.3234   222484   14.58%
   5671  4000      510.0738   200      455.0000      521.0400   227606   14.51%
   5854  4165      507.0732   146      455.0000      520.7785   235382   14.46%
   6015  4294      493.5942   177      455.0000      520.5937   244361   14.42%
   6180  4436      518.6522   200      455.0000      520.4573   252673   14.39%
   6332  4570      508.9784   181      455.0000      520.3704   261702   14.37%
   6480  4702      499.8673   189      455.0000      520.2464   270283   14.34%
   6630  4822      520.0151   215      455.0000      520.0536   277533   14.30%
Elapsed time = 29.32 sec. (36511.99 ticks, tree = 40.73 MB, solutions = 13)
   6835  5000      515.0818   206      455.0000      519.9533   286218   14.28%
   6990  5125      515.2604   200      455.0000      519.9222   294434   14.27%
   7192  5303      485.8617   136      455.0000      519.8741   302186   14.26%
   7350  5432      504.5636   168      455.0000      519.7900   310266   14.24%
*  7483+ 5140                          460.0000      519.7321            12.99%
   7509  5163      500.4336   182      460.0000      519.7281   318524   12.98%
   7694  5314      513.0352   186      460.0000      519.5800   326135   12.95%
   7883  5479      465.3478   118      460.0000      519.4880   334134   12.93%
   8025  5593      499.7819   196      460.0000      519.4134   341112   12.92%
   8192  5731      469.7285   116      460.0000      519.3444   349034   12.90%
   8344  5846      503.3676   163      460.0000      519.3010   355842   12.89%
Elapsed time = 36.87 sec. (46117.92 ticks, tree = 49.82 MB, solutions = 14)
   8479  5955      469.9103    93      460.0000      519.2170   364512   12.87%
   8656  6107      505.2216   157      460.0000      519.1490   372180   12.86%
   8838  6249        cutoff            460.0000      518.9628   380980   12.82%
   8977  6359      513.6067   186      460.0000      518.8535   388970   12.79%
   9137  6486      493.1778   165      460.0000      518.7646   397501   12.77%
   9282  6598      490.6359   177      460.0000      518.6522   405969   12.75%
   9473  6757      466.4907   107      460.0000      518.6331   414591   12.75%
   9647  6903      471.4000   116      460.0000      518.5324   423175   12.72%
   9816  7035      476.6992   117      460.0000      518.4422   430814   12.70%
   9995  7178      485.4090   150      460.0000      518.3104   438839   12.68%
Elapsed time = 44.52 sec. (55716.52 ticks, tree = 61.20 MB, solutions = 14)
  10118  7278      486.1631   176      460.0000      518.2911   446930   12.67%
* 10143+ 5846                          470.0000      518.2911            10.27%
* 10144+ 5015                          475.0000      518.2911             9.11%
* 10144+ 4290                          480.0000      518.2911             7.98%
  10144  4292      514.2817   180      480.0000      518.2823   448476    7.98%
  10145  4292      506.5212   180      480.0000      518.2692   448946    7.97%
  10302  4410      509.3240   193      480.0000      518.1552   457601    7.95%
  10436  4514      487.0336   159      480.0000      518.1013   465703    7.94%
  10592  4636        cutoff            480.0000      517.9888   473850    7.91%
  10723  4724      489.5299   166      480.0000      517.8569   481396    7.89%
  10834  4791        cutoff            480.0000      517.7507   488564    7.86%
  10976  4887      512.2999   180      480.0000      517.6365   496734    7.84%
  11155  5017      487.8618   131      480.0000      517.5728   505495    7.83%
Elapsed time = 59.12 sec. (71444.89 ticks, tree = 43.56 MB, solutions = 17)
  11340  5145      507.2590   182      480.0000      517.3676   514944    7.78%
  11495  5250      509.4721   212      480.0000      517.3082   522902    7.77%
  11638  5343      498.3470   149      480.0000      517.2606   531729    7.76%
  11773  5438        cutoff            480.0000      517.2360   540340    7.76%
  11927  5557      497.7273   150      480.0000      517.1463   549200    7.74%
  12052  5635      498.4458   153      480.0000      517.0609   558318    7.72%
  12219  5761      514.3738   202      480.0000      516.9884   566846    7.71%
  12319  5826      508.3619   175      480.0000      516.9181   574868    7.69%
  12460  5917      506.9699   172      480.0000      516.7987   583924    7.67%
  12552  5974      506.6557   135      480.0000      516.7027   591000    7.65%
Elapsed time = 66.85 sec. (81067.65 ticks, tree = 51.25 MB, solutions = 17)
  12672  6057      502.2761   123      480.0000      516.6517   600251    7.64%
  12813  6156      493.6727   151      480.0000      516.5976   609973    7.62%
  12967  6262      502.2107   166      480.0000      516.5132   618858    7.61%
  13087  6343      488.9703   111      480.0000      516.4115   626965    7.59%
  13207  6421      494.7483   171      480.0000      516.3432   634495    7.57%
  13320  6495      490.5064   166      480.0000      516.3215   642426    7.57%
  13476  6613      489.5788   130      480.0000      516.2938   650108    7.56%
  13603  6684      509.6859   183      480.0000      516.2224   658824    7.55%
  13744  6784      511.1784   185      480.0000      516.1632   667443    7.53%
  13905  6915      488.9175   122      480.0000      516.1235   674884    7.53%
Elapsed time = 74.45 sec. (90664.53 ticks, tree = 60.86 MB, solutions = 17)
  14031  6999        cutoff            480.0000      516.0344   682889    7.51%
  14140  7069      492.8495   152      480.0000      515.9883   690558    7.50%
  14261  7148      515.3198   203      480.0000      515.9302   698797    7.49%
  14404  7239      494.2579   149      480.0000      515.8465   707087    7.47%
  14534  7322      501.4542   172      480.0000      515.7865   716787    7.46%
  14688  7421        cutoff            480.0000      515.7015   725376    7.44%
  14827  7524      506.4093   167      480.0000      515.6194   733582    7.42%
  14997  7652      496.7510   190      480.0000      515.5548   742188    7.41%
  15095  7707      498.6681   166      480.0000      515.4850   749956    7.39%
  15660  8088      502.2449   148      480.0000      515.2228   785135    7.34%
Elapsed time = 84.35 sec. (103129.14 ticks, tree = 70.20 MB, solutions = 17)
  16210  8448      503.4864   162      480.0000      514.9869   819894    7.29%
  16739  8779      494.4289   212      480.0000      514.6467   852866    7.22%
  17225  9092      489.1686   158      480.0000      514.4181   885779    7.17%
  17699  9371      511.8885   198      480.0000      514.1876   915606    7.12%
  18171  9672      496.9565   110      480.0000      514.0242   946524    7.09%
  18659  9990      504.1914   192      480.0000      513.8218   976553    7.05%
  19186 10353      494.6874   155      480.0000      513.6928  1009575    7.02%
  19652 10641      499.6382   184      480.0000      513.5167  1042978    6.98%

Performing restart 2

Repeating presolve.
Tried aggregator 1 time.
MIP Presolve eliminated 169 rows and 0 columns.
MIP Presolve modified 2010 coefficients.
Reduced MIP has 945 rows, 1407 columns, and 10720 nonzeros.
Reduced MIP has 1209 binaries, 150 generals, 0 SOSs, and 0 indicators.
Presolve time = 0.01 sec. (7.01 ticks)
Tried aggregator 1 time.
Reduced MIP has 945 rows, 1407 columns, and 10720 nonzeros.
Reduced MIP has 1209 binaries, 150 generals, 0 SOSs, and 0 indicators.
Presolve time = 0.01 sec. (6.22 ticks)
Represolve time = 0.07 sec. (53.89 ticks)
  20025     0      530.4324   253      480.0000      Cuts: 49  1073992    6.96%
  20025     0      530.4241   253      480.0000     Cuts: 133  1074269    6.96%
  20025     0      530.3892   253      480.0000     Cuts: 153  1074509    6.96%
  20025     0      530.3630   253      480.0000     Cuts: 106  1074674    6.96%
  20025     0      530.3415   253      480.0000     Cuts: 218  1074822    6.96%
  20025     0      530.3039   253      480.0000      Cuts: 65  1074955    6.96%
  20025     0      530.2752   253      480.0000      Cuts: 79  1075032    6.96%
  20025     0      530.2743   253      480.0000     Cuts: 124  1075149    6.96%
  20025     0      530.2727   253      480.0000      Cuts: 72  1075256    6.96%
  20025     2      530.2727   253      480.0000      513.4112  1075256    6.96%
  20126    84      513.7004   194      480.0000      513.4112  1087778    6.96%
Elapsed time = 116.19 sec. (143083.89 ticks, tree = 0.25 MB, solutions = 17)
  20318   240      505.0959   187      480.0000      513.4112  1103945    6.96%
  20627   502      500.7816   169      480.0000      513.4112  1137385    6.96%
  20923   730      496.1135   197      480.0000      513.4112  1184327    6.96%
  21152   887      489.8049   177      480.0000      513.4112  1226332    6.96%
  21480  1133      507.1817   192      480.0000      513.4112  1276206    6.96%
  21865  1433      502.3055   182      480.0000      513.4112  1328491    6.96%
  22185  1671      509.6678   170      480.0000      513.4112  1385330    6.96%
  22486  1896      488.8127   151      480.0000      513.4112  1435749    6.96%
  22767  2101      504.3478   165      480.0000      513.4112  1483631    6.96%
  23081  2333      493.8079   160      480.0000      513.4112  1526393    6.96%
Elapsed time = 145.99 sec. (181282.02 ticks, tree = 3.53 MB, solutions = 17)
  23428  2591      506.2737   217      480.0000      513.4112  1559632    6.96%
  23839  2881      507.7017   209      480.0000      513.4112  1599006    6.96%
  24229  3169      514.5010   196      480.0000      513.4112  1635702    6.96%
  24506  3326      488.3771   173      480.0000      513.4112  1668954    6.96%
  24893  3573      485.0000   111      480.0000      513.4112  1708252    6.96%
  25250  3813      493.3744   178      480.0000      513.4112  1745804    6.96%
  25568  4011      501.6436   203      480.0000      513.4112  1777718    6.96%
  25884  4204        cutoff            480.0000      513.4112  1813417    6.96%
  26227  4409      509.9957   191      480.0000      513.0588  1850126    6.89%
  26531  4587      499.9799   176      480.0000      512.8576  1884116    6.85%
Elapsed time = 177.01 sec. (219558.39 ticks, tree = 20.37 MB, solutions = 17)
  26829  4754      509.4988   177      480.0000      512.6464  1917021    6.80%
  27187  4986      500.7449   186      480.0000      512.3925  1954391    6.75%
  27521  5179      501.6739   197      480.0000      512.1923  1991485    6.71%
  27828  5359      505.1451   169      480.0000      512.0069  2024546    6.67%
  28141  5554      503.7895   191      480.0000      511.8437  2057644    6.63%
  28463  5750      494.4524   153      480.0000      511.6988  2093551    6.60%
  28805  5954      496.2482   151      480.0000      511.3090  2131695    6.52%
  29134  6136      505.7531   197      480.0000      511.0568  2167125    6.47%
  29477  6355      506.8983   187      480.0000      510.8578  2200029    6.43%
  29808  6558      507.5584   171      480.0000      510.6650  2235778    6.39%
Elapsed time = 208.34 sec. (257793.88 ticks, tree = 34.20 MB, solutions = 17)
  30166  6769        cutoff            480.0000      510.4578  2273424    6.35%
  30489  6919      494.5828   201      480.0000      510.2481  2310935    6.30%
  30816  7120      489.7742   135      480.0000      510.0872  2344234    6.27%
  31136  7291        cutoff            480.0000      509.8848  2378168    6.23%
  31467  7472      500.7880   178      480.0000      509.7083  2414811    6.19%
  31840  7698      498.2808   156      480.0000      509.5747  2452990    6.16%
  32171  7882      498.7806   150      480.0000      509.4215  2489063    6.13%
  32542  8092      504.0519   186      480.0000      509.1506  2521992    6.07%
  32860  8252      500.0995   191      480.0000      508.9702  2555740    6.04%
  33243  8487      501.9799   221      480.0000      508.8426  2592383    6.01%
Elapsed time = 239.79 sec. (296106.15 ticks, tree = 49.65 MB, solutions = 17)
  33628  8713      498.3576   192      480.0000      508.6502  2630330    5.97%
  33949  8888      491.9156   132      480.0000      508.5252  2666672    5.94%
  34286  9060        cutoff            480.0000      508.3557  2699608    5.91%
  34618  9226      496.8762   168      480.0000      508.2180  2731924    5.88%
  34994  9440      489.6376   150      480.0000      508.1036  2768895    5.85%
  35286  9556      505.9177   204      480.0000      507.8934  2805201    5.81%
  35674  9770      503.1152   191      480.0000      507.7444  2842961    5.78%
  36025  9974      504.4482   194      480.0000      507.6176  2876898    5.75%
  36333 10115      491.2500    79      480.0000      507.5072  2910891    5.73%
Starting limited solution polishing.
  36692 10306      493.3505   139      480.0000      507.4117  2945943    5.71%
Elapsed time = 271.25 sec. (334427.35 ticks, tree = 63.05 MB, solutions = 17)
  37032 10476      492.0540   147      480.0000      507.2333  2981752    5.67%
  37403 10678      493.0279   150      480.0000      507.0887  3019666    5.64%
  37737 10823      488.9432   130      480.0000      506.9842  3056450    5.62%
  38035 10948        cutoff            480.0000      506.8746  3089121    5.60%
  38322 11083      491.0223   171      480.0000      506.7686  3121211    5.58%
  38624 11205      502.7385   195      480.0000      506.6276  3155197    5.55%
  38816 11302      490.4061   178      480.0000      506.5600  3175960    5.53%
  39110 11415      497.7512   180      480.0000      506.4072  3210311    5.50%
Advanced basis not built.

GUB cover cuts applied:  44
Clique cuts applied:  118
Cover cuts applied:  47
Implied bound cuts applied:  117
Flow cuts applied:  26
Mixed integer rounding cuts applied:  112
Zero-half cuts applied:  88
Lift and project cuts applied:  53
Gomory fractional cuts applied:  9

Root node processing (before b&c):
  Real time             =    0.68 sec. (705.62 ticks)
Sequential b&c:
  Real time             =  299.32 sec. (368083.82 ticks)
                          ------------
Total (root+branch&cut) =  300.00 sec. (368789.44 ticks)

Solution pool: 18 solutions saved.

MIP - Time limit exceeded, integer feasible:  Objective =  4.8000000000e+02
Current MIP best bound =  5.0629892440e+02 (gap = 26.2989, 5.48%)
Solution time =  300.00 sec.  Iterations = 3242871  Nodes = 39425 (11564)
Deterministic time = 368789.45 ticks  (1229.29 ticks/sec)


Incumbent solution
Variable Name           Solution Value
F                           480.000000
y175                          1.000000
y289                          1.000000
y40                           1.000000
y26                           1.000000
y244                          1.000000
y279                          1.000000
y58                           1.000000
y240                          1.000000
y252                          1.000000
y210                          1.000000
y140                          1.000000
y33                           1.000000
y286                          1.000000
y256                          1.000000
y164                          1.000000
y247                          1.000000
y151                          1.000000
y17                           1.000000
y285                          1.000000
y2                            1.000000
y178                          1.000000
y261                          1.000000
y20                           1.000000
y129                          1.000000
y4                            1.000000
y161                          1.000000
y83                           1.000000
y172                          1.000000
x195x140x1                    1.000000
x72x140x1                     1.000000
x167x261x1                    1.000000
x263x151x1                    1.000000
x263x17x1                     1.000000
x21x285x1                     1.000000
x21x161x1                     1.000000
x260x247x1                    1.000000
x149x252x1                    1.000000
x149x210x1                    1.000000
x219x289x1                    1.000000
x265x175x1                    1.000000
x195x58x2                     1.000000
x72x33x2                      1.000000
x208x252x2                    1.000000
x44x256x2                     1.000000
x167x261x2                    1.000000
x124x129x2                    1.000000
x269x289x2                    1.000000
x269x26x2                     1.000000
x93x244x2                     2.000000
x219x40x2                     1.000000
x45x58x3                      1.000000
x45x33x3                      1.000000
x208x210x3                    1.000000
x103x279x3                    2.000000
x44x164x3                     1.000000
x220x4x3                      2.000000
x260x285x3                    1.000000
x1x40x3                       1.000000
x1x26x3                       1.000000
x265x175x3                    1.000000
x175x161x1                    1.000000
x175x286x3                    1.000000
x289x2x1                      1.000000
x289x247x2                    1.000000
x40x151x2                     1.000000
x40x286x3                     1.000000
x26x256x2                     1.000000
x26x164x3                     1.000000
x244x240x2                    2.000000
x279x0x3                      1.000000
x279x83x3                     1.000000
x58x0x2                       1.000000
x58x0x3                       1.000000
x240x178x2                    2.000000
x252x172x1                    1.000000
x252x172x2                    1.000000
x210x83x1                     1.000000
x210x129x3                    1.000000
x140x20x1                     2.000000
x33x2x2                       1.000000
x33x17x3                      1.000000
x286x0x3                      2.000000
x256x0x2                      2.000000
x164x0x3                      2.000000
x247x0x1                      1.000000
x247x0x2                      1.000000
x151x0x1                      1.000000
x151x0x2                      1.000000
x17x0x1                       1.000000
x17x0x3                       1.000000
x285x0x1                      1.000000
x285x0x3                      1.000000
x2x0x1                        1.000000
x2x0x2                        1.000000
x178x0x2                      2.000000
x261x0x1                      1.000000
x261x0x2                      1.000000
x20x0x1                       2.000000
x129x0x2                      1.000000
x129x0x3                      1.000000
x4x0x3                        2.000000
x161x0x1                      2.000000
x83x0x1                       1.000000
x83x0x3                       1.000000
x172x0x1                      1.000000
x172x0x2                      1.000000
s45                           6.751106
s193                          7.010000
s142                          7.060000
s274                          7.090000
s211                          7.140000
s279                          8.053239
s58                           8.148841
z45z58z3                      1.000000
s223                          7.270000
s163                          7.370000
s210                          8.072923
s157                          7.410000
s33                           7.998197
z45z33z3                      1.000000
s30                           7.590000
s202                          8.680000
s156                          8.690000
s286                          8.749441
z45z286z3                     1.000000
s68                           8.800000
s164                          8.930000
s17                           9.070000
s277                          9.070000
s285                          9.120000
s129                          9.420000
s4                            9.440000
z45z4z3                       1.000000
s83                           9.470000
s195                          6.866720
s244                          7.139407
z195z58z2                     1.000000
s6                            8.210000
s110                          8.126415
s240                          8.163445
s252                          8.192978
s140                          8.130191
z195z140z1                    1.000000
s11                           8.580000
s107                          8.840000
s256                          8.890000
s247                          8.970000
s77                           9.000000
s151                          9.020000
s290                          9.020000
s190                          9.090000
s2                            9.230000
s178                          9.310000
z195z178z2                    1.000000
s261                          9.330000
s20                           9.340000
z195z20z1                     1.000000
s161                          9.460000
z195z161z1                    1.000000
s172                          9.490000
s72                           6.666622
s289                          7.817685
s36                           7.877513
z72z140z1                     1.000000
z72z33z2                      1.000000
z72z290z1                     1.000000
z72z190z1                     1.000000
z72z178z2                     1.000000
z72z20z1                      1.000000
z72z161z1                     1.000000
s208                          6.865160
s67                           7.010000
z208z252z2                    1.000000
z208z210z3                    1.000000
z208z178z2                    1.000000
z208z4z3                      1.000000
s103                          6.839040
s229                          7.090000
z103z279z3                    1.000000
z103z4z3                      1.000000
s44                           7.274870
z44z256z2                     1.000000
z44z164z3                     1.000000
z44z178z2                     1.000000
z44z4z3                       1.000000
s167                          7.729327
z167z178z2                    1.000000
z167z261z1                    1.000000
z167z261z2                    1.000000
z167z20z1                     1.000000
z167z161z1                    1.000000
s124                          7.838299
z124z178z2                    1.000000
z124z129z2                    1.000000
s263                          7.381052
z263z151z1                    1.000000
z263z17z1                     1.000000
z263z20z1                     1.000000
z263z161z1                    1.000000
s21                           7.169065
z21z285z1                     1.000000
z21z20z1                      1.000000
z21z161z1                     1.000000
s220                          7.771516
z220z4z3                      1.000000
s260                          7.538390
z260z247z1                    1.000000
z260z285z3                    1.000000
z260z20z1                     1.000000
z260z4z3                      1.000000
z260z161z1                    1.000000
s269                          5.858950
s287                          7.484071
z269z289z2                    1.000000
s15                           7.000000
s40                           7.500532
z269z36z2                     1.000000
s26                           7.308461
z269z26z2                     1.000000
s38                           7.080000
s145                          7.110000
z269z256z2                    1.000000
z269z178z2                    1.000000
s1                            5.797700
s175                          7.482039
s283                          6.960000
z1z40z3                       1.000000
s275                          7.424476
z1z26z3                       1.000000
z1z202z3                      1.000000
z1z156z3                      1.000000
z1z286z3                      1.000000
z1z164z3                      1.000000
z1z4z3                        1.000000
s149                          5.941610
s215                          7.520455
z149z252z1                    1.000000
z149z210z1                    1.000000
z149z140z1                    1.000000
z149z107z1                    1.000000
z149z77z1                     1.000000
z149z290z1                    1.000000
z149z190z1                    1.000000
z149z20z1                     1.000000
z149z161z1                    1.000000
s93                           5.840000
z93z244z2                     1.000000
z93z6z2                       1.000000
z93z240z2                     1.000000
z93z11z2                      1.000000
z93z256z2                     1.000000
z93z178z2                     1.000000
s219                          5.972630
z219z289z1                    1.000000
z219z40z2                     1.000000
z219z140z1                    1.000000
z219z107z1                    1.000000
z219z256z2                    1.000000
z219z77z1                     1.000000
z219z290z1                    1.000000
z219z190z1                    1.000000
z219z178z2                    1.000000
z219z20z1                     1.000000
z219z161z1                    1.000000
s265                          5.981910
z265z175z1                    1.000000
z265z175z3                    1.000000
z265z140z1                    1.000000
z265z156z3                    1.000000
z265z286z3                    1.000000
z265z107z1                    1.000000
z265z164z3                    1.000000
z265z77z1                     1.000000
z265z290z1                    1.000000
z265z190z1                    1.000000
z265z20z1                     1.000000
z265z4z3                      1.000000
z265z161z1                    1.000000
z175z286z3                    1.000000
z175z20z1                     1.000000
z175z4z3                      1.000000
z175z161z1                    1.000000
z287z178z2                    1.000000
z287z4z3                      1.000000
z283z20z1                     1.000000
z283z4z3                      1.000000
z283z161z1                    1.000000
z289z247z2                    1.000000
z289z2z1                      1.000000
z289z178z2                    1.000000
z289z20z1                     1.000000
z15z161z1                     1.000000
z40z286z3                     1.000000
z40z151z2                     1.000000
z40z4z3                       1.000000
z36z178z2                     1.000000
z67z4z3                       1.000000
z193z20z1                     1.000000
z275z4z3                      1.000000
z26z256z2                     1.000000
z26z164z3                     1.000000
z26z4z3                       1.000000
z142z20z1                     1.000000
z215z20z1                     1.000000
z215z161z1                    1.000000
z38z178z2                     1.000000
z229z4z3                      1.000000
z274z178z2                    1.000000
z244z240z2                    1.000000
z244z178z2                    1.000000
z279z83z3                     1.000000
z110z20z1                     1.000000
z240z178z2                    1.000000
z252z172z1                    1.000000
z252z172z2                    1.000000
z210z129z3                    1.000000
z210z83z1                     1.000000
z140z20z1                     1.000000
z157z4z3                      1.000000
z33z17z3                      1.000000
z33z2z2                       1.000000
All other variables in the range 1-2913 are 0.
