
Log started (V12.10.0.0) Mon Apr  5 17:10:48 2021


Problem 'asset.lp' read.
Read time = 0.05 sec. (2.22 ticks)
New value for default parallel thread count: 1
New value for time limit in seconds: 150
Version identifier: 12.10.0.0 | 2019-11-26 | 843d4de
CPXPARAM_Threads                                 1
CPXPARAM_TimeLimit                               150
Found incumbent of value -0.771427 after 0.02 sec. (0.94 ticks)
Tried aggregator 7 times.
MIP Presolve eliminated 3624 rows and 953 columns.
MIP Presolve modified 15227 coefficients.
Aggregator did 6885 substitutions.
Reduced MIP has 7605 rows, 10111 columns, and 46061 nonzeros.
Reduced MIP has 8579 binaries, 1371 generals, 0 SOSs, and 0 indicators.
Presolve time = 0.15 sec. (142.96 ticks)
Probing fixed 34 vars, tightened 6 bounds.
Probing time = 0.12 sec. (63.71 ticks)
Tried aggregator 3 times.
Detecting symmetries...
MIP Presolve eliminated 298 rows and 93 columns.
MIP Presolve modified 638 coefficients.
Aggregator did 7 substitutions.
Reduced MIP has 7300 rows, 10011 columns, and 43320 nonzeros.
Reduced MIP has 8493 binaries, 1363 generals, 0 SOSs, and 0 indicators.
Presolve time = 0.08 sec. (78.06 ticks)
Probing fixed 0 vars, tightened 2 bounds.
Probing time = 0.02 sec. (11.73 ticks)
Clique table members: 28869.
MIP emphasis: balance optimality and feasibility.
MIP search method: dynamic search.
Parallel mode: none, using 1 thread.
Root relaxation solution time = 0.19 sec. (219.41 ticks)

        Nodes                                         Cuts/
   Node  Left     Objective  IInf  Best Integer    Best Bound    ItCnt     Gap

*     0+    0                           -0.7714     3530.5915              --- 
      0     0     3336.2217   815       -0.7714     3336.2217     3692     --- 
      0     0     3281.0490   815       -0.7714    Cuts: 1925     8605     --- 
      0     0     3252.9976   815       -0.7714    Cuts: 1925    12011     --- 
      0     0     3243.4941   815       -0.7714    Cuts: 1925    13964     --- 
*     0+    0                          256.0150     3243.4941              --- 
      0     0     3233.2750   815      256.0150    Cuts: 1925    17726     --- 
      0     0     3226.4705   815      256.0150    Cuts: 1925    19741     --- 
Detecting symmetries...
      0     0     3224.1490   815      256.0150    Cuts: 1925    21138     --- 
      0     0     3220.8098   815      256.0150    Cuts: 1048    22719     --- 
      0     0     3218.4470   815      256.0150    Cuts: 1762    24333     --- 
      0     0     3214.8909   815      256.0150    Cuts: 1683    25556     --- 
      0     0     3208.4116   815      256.0150    Cuts: 1603    27469     --- 
      0     0     3206.5875   815      256.0150    Cuts: 1925    29183     --- 
      0     0     3204.9005   815      256.0150    Cuts: 1247    30696     --- 
      0     0     3204.0674   815      256.0150    Cuts: 1780    31972     --- 
      0     0     3203.5198   815      256.0150    Cuts: 1756    33559     --- 
      0     0     3202.5384   815      256.0150    Cuts: 1925    35062     --- 
      0     0     3201.2571   815      256.0150    Cuts: 1345    36600     --- 
      0     0     3200.9710   815      256.0150    Cuts: 1192    37581     --- 
      0     0     3200.1458   815      256.0150    Cuts: 1416    39557     --- 
      0     0     3199.6845   815      256.0150    Cuts: 1047    40427     --- 
*     0+    0                          425.5511     3199.6845           651.89%
*     0+    0                         1162.9713     3199.6845           175.13%
      0     0        cutoff           1162.9713     3199.6845    40427  175.13%
Detecting symmetries...
      0     2     3199.6845   915     1162.9713     3199.6841    40427  175.13%
Elapsed time = 22.51 sec. (30267.22 ticks, tree = 0.01 MB, solutions = 3)
      1     3     3197.9284   889     1162.9713     3199.6841    42334  175.13%
      2     4     3199.4179   905     1162.9713     3199.4173    43325  175.11%
      4     6     3199.2914   894     1162.9713     3199.2914    44530  175.10%
      5     7     3176.6802   870     1162.9713     3199.2914    47066  175.10%
      7     9     3199.2900   893     1162.9713     3199.2901    47695  175.10%
      8    10     3198.0054   876     1162.9713     3199.2901    48386  175.10%
      9    11     3198.2634   886     1162.9713     3199.2901    49187  175.10%
     10    12     3197.8376   864     1162.9713     3199.2901    49860  175.10%
     11    13     3194.3649   895     1162.9713     3199.2901    52369  175.10%
     14    16     3186.0328   873     1162.9713     3199.2901    57938  175.10%
Elapsed time = 26.92 sec. (37123.88 ticks, tree = 0.06 MB, solutions = 3)
     18    20     3184.8016   877     1162.9713     3199.2901    61644  175.10%
     20    22     3188.9478   865     1162.9713     3199.2901    64839  175.10%
     25    27     3139.3454   819     1162.9713     3199.2901    68685  175.10%
     31    33     3182.5659   869     1162.9713     3199.2901    72133  175.10%
     32    34     3144.6850   822     1162.9713     3199.2901    75274  175.10%
     35    37     3162.1191   844     1162.9713     3199.2901    78163  175.10%
     38    40     3150.3884   822     1162.9713     3199.2901    82738  175.10%
     40    42     3130.6655   792     1162.9713     3199.2901    86413  175.10%
     44    46     3100.1980   795     1162.9713     3199.2901    90114  175.10%
     51    53     3077.5066   792     1162.9713     3199.2901    93298  175.10%
Elapsed time = 35.20 sec. (50027.09 ticks, tree = 0.79 MB, solutions = 3)
     55    57     3102.8808   804     1162.9713     3199.2901    97682  175.10%
     58    60     3037.9683   773     1162.9713     3199.2901   102261  175.10%
     60    62     3097.9754   782     1162.9713     3199.2901   102541  175.10%
     63    65     3095.0246   800     1162.9713     3199.2901   104560  175.10%
     64    66     3025.2232   777     1162.9713     3199.2901   108544  175.10%
     71    73     3069.2258   812     1162.9713     3199.2901   111217  175.10%
     80    82     3025.9784   751     1162.9713     3199.2901   114091  175.10%
     87    89     3005.0591   731     1162.9713     3199.2901   117352  175.10%
     93    95     2970.5116   724     1162.9713     3199.2901   119617  175.10%
    100   100     2972.6050   714     1162.9713     3199.2901   123071  175.10%
Elapsed time = 44.51 sec. (63481.45 ticks, tree = 3.28 MB, solutions = 3)
    116   110     2974.9998   733     1162.9713     3199.2901   126641  175.10%
    124   112     2972.2709   735     1162.9713     3199.2901   127953  175.10%
    134   118     2926.9244   722     1162.9713     3199.2901   131624  175.10%
    145   127     2880.5747   669     1162.9713     3199.2901   135034  175.10%
    177   157     2850.0090   644     1162.9713     3199.2901   138490  175.10%
    196   176     2549.8916   491     1162.9713     3199.2901   143352  175.10%
    215   190     2378.9848   427     1162.9713     3199.2901   146014  175.10%
    258   223     2269.0681   373     1162.9713     3199.2901   149026  175.10%
    293   250     2311.2022   336     1162.9713     3199.2901   152634  175.10%
    357   294     2021.2313   227     1162.9713     3199.2901   156685  175.10%
Elapsed time = 52.25 sec. (74235.21 ticks, tree = 16.46 MB, solutions = 3)
    479   386     1798.0091   130     1162.9713     3199.2901   160286  175.10%
    522   405     3196.2503   923     1162.9713     3199.1152   162570  175.08%
    525   408     3144.9681   866     1162.9713     3199.1152   165085  175.08%
    532   415     3072.4203   802     1162.9713     3199.1152   167927  175.08%
    540   423     3069.5438   815     1162.9713     3199.1152   170524  175.08%
    547   430     3006.0009   786     1162.9713     3199.1152   173087  175.08%
    553   436     3044.1764   796     1162.9713     3199.1152   175754  175.08%
    559   442     3042.3231   793     1162.9713     3199.1152   178308  175.08%
    560   443     2993.0866   789     1162.9713     3199.1152   178900  175.08%
    566   449     3024.3028   761     1162.9713     3199.1152   181652  175.08%
Elapsed time = 60.71 sec. (86859.01 ticks, tree = 27.07 MB, solutions = 3)
    573   456     2944.3718   766     1162.9713     3199.1152   184586  175.08%
    580   463     3011.0612   776     1162.9713     3199.1152   187141  175.08%
    585   468     2993.6072   752     1162.9713     3199.1152   190036  175.08%
    591   474     2979.1214   747     1162.9713     3199.1152   192756  175.08%
    598   481     2898.1695   729     1162.9713     3199.1152   195600  175.08%
    603   486     2920.2702   721     1162.9713     3199.1152   198971  175.08%
    613   492     2861.2488   713     1162.9713     3199.1152   201993  175.08%
    625   498    infeasible           1162.9713     3199.1152   204542  175.08%
    644   507     2750.5086   621     1162.9713     3199.1152   207976  175.08%
    660   515     2714.6559   603     1162.9713     3199.1152   210770  175.08%
Elapsed time = 67.95 sec. (97422.55 ticks, tree = 31.61 MB, solutions = 3)
    681   522     2681.9657   605     1162.9713     3199.1152   213880  175.08%
    693   530     2584.8720   565     1162.9713     3199.1152   217108  175.08%
    727   564     2460.6303   466     1162.9713     3199.1152   220590  175.08%
    764   597     2213.1549   309     1162.9713     3199.1152   224114  175.08%
    799   615     3195.4129   925     1162.9713     3199.1152   229934  175.08%
    800   616     3198.2923   930     1162.9713     3198.2917   231566  175.01%
    801   617     3130.9684   887     1162.9713     3198.2904   235243  175.01%
    804   620     3141.1479   885     1162.9713     3198.2634   239997  175.01%
    806   622     3144.1589   901     1162.9713     3198.2634   242830  175.01%
    809   625     3160.1670   875     1162.9713     3198.2634   245210  175.01%
Elapsed time = 79.33 sec. (114357.14 ticks, tree = 39.02 MB, solutions = 3)
    814   630     3154.8604   864     1162.9713     3198.2634   247545  175.01%
    818   634     3141.1954   853     1162.9713     3198.2634   249910  175.01%
    830   646     3121.1708   848     1162.9713     3198.2634   253092  175.01%
    837   653     3098.5440   825     1162.9713     3198.2634   255655  175.01%
    847   663     3090.5295   813     1162.9713     3198.2634   257990  175.01%
    854   670     3083.7302   805     1162.9713     3198.2634   260255  175.01%
    860   676     3077.7200   812     1162.9713     3198.2634   262850  175.01%
    864   680     3018.3052   768     1162.9713     3198.2634   265502  175.01%
    869   685     3056.3794   796     1162.9713     3198.2634   267745  175.01%
    874   690     2982.3012   775     1162.9713     3198.2634   271083  175.01%
Elapsed time = 86.07 sec. (125134.49 ticks, tree = 43.50 MB, solutions = 3)
    880   696     2989.0854   759     1162.9713     3198.2634   273103  175.01%
    899   707     2897.6712   717     1162.9713     3198.2634   276537  175.01%
    918   716     2805.7747   681     1162.9713     3198.2634   279912  175.01%
    933   725     2604.8107   614     1162.9713     3198.2634   283106  175.01%

Performing restart 1

Repeating presolve.
Tried aggregator 1 time.
MIP Presolve eliminated 35 rows and 15 columns.
MIP Presolve modified 8646 coefficients.
Reduced MIP has 7265 rows, 9996 columns, and 37182 nonzeros.
Reduced MIP has 8482 binaries, 1360 generals, 0 SOSs, and 0 indicators.
Presolve time = 0.03 sec. (32.88 ticks)
Tried aggregator 1 time.
MIP Presolve modified 270 coefficients.
Reduced MIP has 7265 rows, 9996 columns, and 37182 nonzeros.
Reduced MIP has 8482 binaries, 1360 generals, 0 SOSs, and 0 indicators.
Presolve time = 0.03 sec. (25.02 ticks)
Represolve time = 0.30 sec. (186.23 ticks)
    940     0     3114.1123  1004     1162.9713    Cuts: 1314   330079  167.77%
    940     0     3078.1847  1004     1162.9713     Cuts: 991   334123  164.68%
    940     0     3060.9446  1004     1162.9713     Cuts: 924   337001  163.20%
*   940+    0                         1194.5495     3060.9446           156.24%
    940     0     3046.3112  1004     1194.5495     Cuts: 703   339489  155.02%

GUB cover cuts applied:  45
Clique cuts applied:  344
Cover cuts applied:  9
Implied bound cuts applied:  161
Flow cuts applied:  28
Mixed integer rounding cuts applied:  163
Zero-half cuts applied:  75
Lift and project cuts applied:  20
Gomory fractional cuts applied:  10

Root node processing (before b&c):
  Real time             =   22.44 sec. (30218.58 ticks)
Sequential b&c:
  Real time             =  127.56 sec. (184435.97 ticks)
                          ------------
Total (root+branch&cut) =  150.00 sec. (214654.55 ticks)

Solution pool: 5 solutions saved.

MIP - Time limit exceeded, integer feasible:  Objective =  1.1945495101e+03
Current MIP best bound =  3.0463111931e+03 (gap = 1851.76, 155.02%)
Solution time =  150.00 sec.  Iterations = 339489  Nodes = 940 (1)
Deterministic time = 214654.60 ticks  (1431.00 ticks/sec)


Incumbent solution
Variable Name           Solution Value
F                          1370.000000
f1                            0.796378
f2                          174.654112
y1                            1.000000
y7                            1.000000
y11                           1.000000
y12                           1.000000
y16                           1.000000
y19                           1.000000
y24                           1.000000
y28                           1.000000
y38                           1.000000
y39                           1.000000
y44                           1.000000
y49                           1.000000
y52                           1.000000
y55                           1.000000
y59                           1.000000
y67                           1.000000
y78                           1.000000
y94                           1.000000
y104                          1.000000
y115                          1.000000
y128                          1.000000
y130                          1.000000
y134                          1.000000
y142                          1.000000
y150                          1.000000
y153                          1.000000
y157                          1.000000
y164                          1.000000
y167                          1.000000
y179                          1.000000
y182                          1.000000
y187                          1.000000
y194                          1.000000
y195                          1.000000
y197                          1.000000
y208                          1.000000
y210                          1.000000
y218                          1.000000
y237                          1.000000
y243                          1.000000
y246                          1.000000
y252                          1.000000
y261                          1.000000
y262                          1.000000
s1                            3.880000
s3                            5.280000
s5                            4.210000
s6                            1.980000
s7                            0.910000
s9                            5.960000
s11                           1.000000
s12                           4.630000
s13                           2.300000
s16                           2.092625
s17                           2.690000
s18                           3.810000
s19                           4.130000
s23                           3.440000
s24                           0.812021
s26                           3.260000
s28                           2.114663
s30                           1.870000
s32                           5.190000
s33                           3.790000
s34                           5.210000
s35                           2.910000
s37                           3.880000
s38                           2.414675
s39                           1.210000
s40                           3.470000
s44                           1.010698
s45                           2.480000
s47                           3.090000
s49                           2.387468
s50                           3.230000
s52                           4.050000
s55                           5.089006
s57                           2.820000
s59                           5.320000
s61                           3.420000
s62                           4.040000
s65                           3.520000
s66                           5.270000
s67                           0.997173
s71                           2.470000
s76                           4.970000
s78                           2.622443
s80                           3.100000
s82                           2.840000
s83                           1.890000
s87                           1.770000
s89                           2.480000
s92                           2.690000
s94                           2.399428
s95                           2.320000
s96                           1.880000
s98                           2.710000
s99                           2.190000
s100                          0.810000
s103                          2.830000
s104                          4.197943
s107                          3.960000
s108                          3.980000
s110                          1.480000
s111                          3.230000
s112                          3.600000
s113                          1.670000
s115                          4.280000
s117                          2.760000
s118                          5.760000
s119                          4.850000
s120                          2.150000
s121                          4.210000
s122                          2.950000
s125                          3.690000
s126                          3.620000
s127                          2.570000
s128                          1.120000
s130                          5.960000
s131                          2.440000
s134                          5.790000
s136                          4.030000
s137                          2.230000
s140                          2.770000
s142                          2.262068
s144                          4.460000
s146                          1.580000
s150                          5.988955
s151                          2.590000
s152                          2.380000
s153                          4.330000
s155                          3.570000
s157                          0.992863
s158                          4.260000
s160                          2.330000
s161                          1.020000
s163                          2.000000
s164                          5.597285
s166                          3.930000
s167                          5.486800
s173                          5.550000
s174                          2.460000
s175                          2.340000
s179                          2.060369
s180                          2.520000
s182                          3.826624
s183                          2.170000
s185                          3.570000
s186                          1.660000
s187                          1.190000
s188                          1.170000
s191                          4.150000
s192                          1.970000
s193                          4.470000
s194                          4.320000
s195                          1.700000
s197                          5.380000
s199                          4.490000
s200                          1.900000
s201                          5.630000
s202                          3.950000
s203                          2.090000
s205                          3.220000
s206                          0.630000
s208                          5.360000
s210                          5.177695
s211                          3.240000
s212                          3.610000
s215                          3.530000
s216                          3.850000
s217                          2.260000
s218                          2.843605
s219                          1.800000
s221                          5.610000
s223                          4.720000
s224                          3.910000
s226                          5.800000
s228                          3.790000
s229                          2.690000
s232                          3.460000
s233                          3.870000
s234                          1.710000
s237                          0.897528
s238                          2.340000
s240                          2.980000
s241                          2.080000
s242                          3.770000
s243                          5.968052
s244                          2.430000
s246                          5.916833
s248                          3.180000
s250                          4.360000
s251                          2.550000
s252                          1.976667
s253                          3.050000
s255                          3.010000
s256                          3.350000
s257                          3.990000
s258                          1.250000
s261                          0.967310
s262                          0.920870
s263                          3.860000
s268                          5.270000
s269                          2.970000
s271                          5.570000
s274                          1.680000
s275                          0.400000
s276                          3.110000
s278                          3.190000
s279                          4.310000
x0x24x1                       1.000000
x0x67x1                       1.000000
x0x128x1                      1.000000
x0x157x1                      1.000000
x0x195x1                      1.000000
x0x237x1                      2.000000
x0x261x1                      2.000000
x0x7x2                        2.000000
x0x11x2                       2.000000
x0x28x2                       1.000000
x0x39x2                       1.000000
x0x44x2                       1.000000
x0x157x2                      1.000000
x0x262x2                      1.000000
x0x24x3                       1.000000
x0x39x3                       1.000000
x0x44x3                       1.000000
x0x67x3                       1.000000
x0x128x3                      1.000000
x0x187x3                      2.000000
x0x195x3                      1.000000
x0x262x3                      1.000000
x128x1x1                      1.000000
x1x210x1                      1.000000
x39x1x3                       1.000000
x1x246x3                      1.000000
x7x252x2                      2.000000
x11x38x2                      1.000000
x11x179x2                     1.000000
x252x12x2                     2.000000
x12x130x2                     2.000000
x67x16x1                      1.000000
x16x153x1                     1.000000
x24x16x3                      1.000000
x16x52x3                      1.000000
x237x19x1                     2.000000
x19x164x1                     2.000000
x24x179x1                     1.000000
x28x182x2                     1.000000
x262x28x3                     1.000000
x28x52x3                      1.000000
x38x134x2                     1.000000
x187x38x3                     1.000000
x38x197x3                     1.000000
x39x142x2                     1.000000
x44x49x2                      1.000000
x44x94x3                      1.000000
x49x104x2                     1.000000
x187x49x3                     1.000000
x49x197x3                     1.000000
x52x134x3                     1.000000
x52x243x3                     1.000000
x182x55x3                     1.000000
x218x55x3                     1.000000
x55x0x3                       2.000000
x78x59x1                      2.000000
x59x0x1                       2.000000
x67x94x3                      1.000000
x157x78x1                     1.000000
x261x78x1                     1.000000
x94x208x3                     1.000000
x94x210x3                     1.000000
x218x104x1                    1.000000
x104x150x1                    1.000000
x104x0x2                      1.000000
x142x115x2                    2.000000
x115x0x2                      1.000000
x115x246x2                    1.000000
x128x182x3                    1.000000
x130x0x2                      2.000000
x134x0x2                      1.000000
x134x0x3                      1.000000
x262x142x2                    1.000000
x153x150x1                    1.000000
x150x0x1                      2.000000
x179x153x1                    1.000000
x153x243x1                    1.000000
x157x194x2                    1.000000
x164x0x1                      2.000000
x194x167x2                    2.000000
x167x0x2                      2.000000
x179x194x2                    1.000000
x182x208x2                    1.000000
x195x218x1                    1.000000
x195x218x3                    1.000000
x197x0x3                      2.000000
x208x0x2                      1.000000
x208x0x3                      1.000000
x210x0x1                      1.000000
x210x0x3                      1.000000
x243x0x1                      1.000000
x243x0x3                      1.000000
x246x0x2                      1.000000
x246x0x3                      1.000000
x261x0x1                      1.000000
z0z5z1                        1.000000
z0z7z2                        1.000000
z0z9z2                        1.000000
z0z11z2                       1.000000
z0z12z2                       1.000000
z0z13z1                       1.000000
z0z18z2                       1.000000
z0z19z1                       1.000000
z0z24z1                       1.000000
z0z24z3                       1.000000
z0z26z1                       1.000000
z0z28z2                       1.000000
z0z32z2                       1.000000
z0z33z1                       1.000000
z0z34z2                       1.000000
z0z35z3                       1.000000
z0z39z2                       1.000000
z0z39z3                       1.000000
z0z40z3                       1.000000
z0z44z2                       1.000000
z0z44z3                       1.000000
z0z47z2                       1.000000
z0z52z3                       1.000000
z0z55z3                       1.000000
z0z57z1                       1.000000
z0z59z1                       1.000000
z0z61z3                       1.000000
z0z65z2                       1.000000
z0z66z2                       1.000000
z0z67z1                       1.000000
z0z67z3                       1.000000
z0z78z1                       1.000000
z0z80z3                       1.000000
z0z87z2                       1.000000
z0z92z2                       1.000000
z0z94z3                       1.000000
z0z95z2                       1.000000
z0z99z1                       1.000000
z0z107z2                      1.000000
z0z108z1                      1.000000
z0z110z3                      1.000000
z0z112z1                      1.000000
z0z115z2                      1.000000
z0z119z2                      1.000000
z0z120z2                      1.000000
z0z121z2                      1.000000
z0z122z2                      1.000000
z0z127z2                      1.000000
z0z128z1                      1.000000
z0z128z3                      1.000000
z0z130z2                      1.000000
z0z131z3                      1.000000
z0z142z2                      1.000000
z0z144z1                      1.000000
z0z146z1                      1.000000
z0z150z1                      1.000000
z0z152z2                      1.000000
z0z153z1                      1.000000
z0z155z2                      1.000000
z0z157z1                      1.000000
z0z157z2                      1.000000
z0z161z1                      1.000000
z0z164z1                      1.000000
z0z166z2                      1.000000
z0z167z2                      1.000000
z0z185z1                      1.000000
z0z187z3                      1.000000
z0z188z1                      1.000000
z0z191z2                      1.000000
z0z192z1                      1.000000
z0z193z2                      1.000000
z0z194z2                      1.000000
z0z195z1                      1.000000
z0z195z3                      1.000000
z0z197z3                      1.000000
z0z202z3                      1.000000
z0z205z3                      1.000000
z0z212z1                      1.000000
z0z215z2                      1.000000
z0z216z1                      1.000000
z0z219z1                      1.000000
z0z224z2                      1.000000
z0z226z2                      1.000000
z0z233z2                      1.000000
z0z234z3                      1.000000
z0z237z1                      1.000000
z0z241z1                      1.000000
z0z244z2                      1.000000
z0z248z2                      1.000000
z0z252z2                      1.000000
z0z253z2                      1.000000
z0z255z3                      1.000000
z0z256z2                      1.000000
z0z257z2                      1.000000
z0z258z1                      1.000000
z0z261z1                      1.000000
z0z262z2                      1.000000
z0z262z3                      1.000000
z0z263z3                      1.000000
z0z268z1                      1.000000
z0z269z1                      1.000000
z0z274z3                      1.000000
z0z276z1                      1.000000
z0z278z3                      1.000000
z0z279z3                      1.000000
z1z210z1                      1.000000
z1z246z3                      1.000000
z6z9z2                        1.000000
z6z12z2                       1.000000
z6z32z2                       1.000000
z6z34z2                       1.000000
z6z59z1                       1.000000
z6z66z2                       1.000000
z6z119z2                      1.000000
z6z130z2                      1.000000
z6z150z1                      1.000000
z6z164z1                      1.000000
z6z167z2                      1.000000
z6z226z2                      1.000000
z6z268z1                      1.000000
z7z9z2                        1.000000
z7z12z2                       1.000000
z7z18z2                       1.000000
z7z32z2                       1.000000
z7z34z2                       1.000000
z7z47z2                       1.000000
z7z65z2                       1.000000
z7z66z2                       1.000000
z7z92z2                       1.000000
z7z95z2                       1.000000
z7z107z2                      1.000000
z7z115z2                      1.000000
z7z119z2                      1.000000
z7z121z2                      1.000000
z7z122z2                      1.000000
z7z127z2                      1.000000
z7z130z2                      1.000000
z7z152z2                      1.000000
z7z155z2                      1.000000
z7z166z2                      1.000000
z7z167z2                      1.000000
z7z191z2                      1.000000
z7z193z2                      1.000000
z7z194z2                      1.000000
z7z215z2                      1.000000
z7z224z2                      1.000000
z7z226z2                      1.000000
z7z233z2                      1.000000
z7z244z2                      1.000000
z7z248z2                      1.000000
z7z252z2                      1.000000
z7z253z2                      1.000000
z7z256z2                      1.000000
z7z257z2                      1.000000
z11z9z2                       1.000000
z11z12z2                      1.000000
z11z18z2                      1.000000
z11z32z2                      1.000000
z11z34z2                      1.000000
z11z38z2                      1.000000
z11z65z2                      1.000000
z11z66z2                      1.000000
z11z107z2                     1.000000
z11z115z2                     1.000000
z11z119z2                     1.000000
z11z121z2                     1.000000
z11z130z2                     1.000000
z11z166z2                     1.000000
z11z167z2                     1.000000
z11z179z2                     1.000000
z11z191z2                     1.000000
z11z193z2                     1.000000
z11z194z2                     1.000000
z11z224z2                     1.000000
z11z226z2                     1.000000
z11z233z2                     1.000000
z11z257z2                     1.000000
z12z130z2                     1.000000
z13z59z1                      1.000000
z13z150z1                     1.000000
z13z268z1                     1.000000
z16z5z1                       1.000000
z16z19z1                      1.000000
z16z52z3                      1.000000
z16z55z3                      1.000000
z16z59z1                      1.000000
z16z108z1                     1.000000
z16z144z1                     1.000000
z16z150z1                     1.000000
z16z153z1                     1.000000
z16z164z1                     1.000000
z16z197z3                     1.000000
z16z202z3                     1.000000
z16z268z1                     1.000000
z16z279z3                     1.000000
z17z9z2                       1.000000
z17z34z2                      1.000000
z17z66z2                      1.000000
z17z130z2                     1.000000
z17z197z3                     1.000000
z17z226z2                     1.000000
z19z164z1                     1.000000
z23z9z2                       1.000000
z23z130z2                     1.000000
z24z5z1                       1.000000
z24z16z3                      1.000000
z24z19z1                      1.000000
z24z33z1                      1.000000
z24z52z3                      1.000000
z24z55z3                      1.000000
z24z59z1                      1.000000
z24z61z3                      1.000000
z24z108z1                     1.000000
z24z112z1                     1.000000
z24z144z1                     1.000000
z24z150z1                     1.000000
z24z153z1                     1.000000
z24z164z1                     1.000000
z24z179z1                     1.000000
z24z197z3                     1.000000
z24z202z3                     1.000000
z24z212z1                     1.000000
z24z216z1                     1.000000
z24z263z3                     1.000000
z24z268z1                     1.000000
z24z279z3                     1.000000
z28z9z2                       1.000000
z28z12z2                      1.000000
z28z18z2                      1.000000
z28z32z2                      1.000000
z28z34z2                      1.000000
z28z52z3                      1.000000
z28z55z3                      1.000000
z28z66z2                      1.000000
z28z115z2                     1.000000
z28z119z2                     1.000000
z28z121z2                     1.000000
z28z130z2                     1.000000
z28z166z2                     1.000000
z28z167z2                     1.000000
z28z182z2                     1.000000
z28z193z2                     1.000000
z28z194z2                     1.000000
z28z197z3                     1.000000
z28z224z2                     1.000000
z28z226z2                     1.000000
z28z279z3                     1.000000
z30z9z2                       1.000000
z30z12z2                      1.000000
z30z32z2                      1.000000
z30z34z2                      1.000000
z30z59z1                      1.000000
z30z66z2                      1.000000
z30z119z2                     1.000000
z30z130z2                     1.000000
z30z150z1                     1.000000
z30z164z1                     1.000000
z30z167z2                     1.000000
z30z193z2                     1.000000
z30z194z2                     1.000000
z30z226z2                     1.000000
z30z268z1                     1.000000
z38z9z2                       1.000000
z38z12z2                      1.000000
z38z32z2                      1.000000
z38z34z2                      1.000000
z38z66z2                      1.000000
z38z119z2                     1.000000
z38z130z2                     1.000000
z38z134z2                     1.000000
z38z167z2                     1.000000
z38z193z2                     1.000000
z38z197z3                     1.000000
z38z226z2                     1.000000
z39z1z3                       1.000000
z39z9z2                       1.000000
z39z12z2                      1.000000
z39z18z2                      1.000000
z39z32z2                      1.000000
z39z34z2                      1.000000
z39z52z3                      1.000000
z39z55z3                      1.000000
z39z66z2                      1.000000
z39z115z2                     1.000000
z39z119z2                     1.000000
z39z121z2                     1.000000
z39z130z2                     1.000000
z39z142z2                     1.000000
z39z166z2                     1.000000
z39z167z2                     1.000000
z39z191z2                     1.000000
z39z193z2                     1.000000
z39z194z2                     1.000000
z39z197z3                     1.000000
z39z224z2                     1.000000
z39z226z2                     1.000000
z39z279z3                     1.000000
z44z9z2                       1.000000
z44z12z2                      1.000000
z44z18z2                      1.000000
z44z32z2                      1.000000
z44z34z2                      1.000000
z44z35z3                      1.000000
z44z40z3                      1.000000
z44z47z2                      1.000000
z44z49z2                      1.000000
z44z52z3                      1.000000
z44z55z3                      1.000000
z44z61z3                      1.000000
z44z65z2                      1.000000
z44z66z2                      1.000000
z44z80z3                      1.000000
z44z94z3                      1.000000
z44z107z2                     1.000000
z44z115z2                     1.000000
z44z119z2                     1.000000
z44z121z2                     1.000000
z44z122z2                     1.000000
z44z130z2                     1.000000
z44z155z2                     1.000000
z44z166z2                     1.000000
z44z167z2                     1.000000
z44z191z2                     1.000000
z44z193z2                     1.000000
z44z194z2                     1.000000
z44z197z3                     1.000000
z44z202z3                     1.000000
z44z205z3                     1.000000
z44z215z2                     1.000000
z44z224z2                     1.000000
z44z226z2                     1.000000
z44z233z2                     1.000000
z44z248z2                     1.000000
z44z253z2                     1.000000
z44z255z3                     1.000000
z44z256z2                     1.000000
z44z257z2                     1.000000
z44z263z3                     1.000000
z44z278z3                     1.000000
z44z279z3                     1.000000
z45z9z2                       1.000000
z45z32z2                      1.000000
z45z34z2                      1.000000
z45z66z2                      1.000000
z45z130z2                     1.000000
z45z197z3                     1.000000
z45z226z2                     1.000000
z47z9z2                       1.000000
z47z130z2                     1.000000
z47z226z2                     1.000000
z49z9z2                       1.000000
z49z12z2                      1.000000
z49z32z2                      1.000000
z49z34z2                      1.000000
z49z66z2                      1.000000
z49z104z2                     1.000000
z49z115z2                     1.000000
z49z119z2                     1.000000
z49z130z2                     1.000000
z49z167z2                     1.000000
z49z193z2                     1.000000
z49z194z2                     1.000000
z49z197z3                     1.000000
z49z226z2                     1.000000
z50z226z2                     1.000000
z52z134z3                     1.000000
z52z243z3                     1.000000
z57z150z1                     1.000000
z65z9z2                       1.000000
z65z130z2                     1.000000
z67z5z1                       1.000000
z67z16z1                      1.000000
z67z19z1                      1.000000
z67z33z1                      1.000000
z67z52z3                      1.000000
z67z55z3                      1.000000
z67z59z1                      1.000000
z67z94z3                      1.000000
z67z108z1                     1.000000
z67z112z1                     1.000000
z67z144z1                     1.000000
z67z150z1                     1.000000
z67z153z1                     1.000000
z67z164z1                     1.000000
z67z197z3                     1.000000
z67z202z3                     1.000000
z67z212z1                     1.000000
z67z216z1                     1.000000
z67z263z3                     1.000000
z67z268z1                     1.000000
z67z279z3                     1.000000
z71z59z1                      1.000000
z71z150z1                     1.000000
z71z197z3                     1.000000
z71z268z1                     1.000000
z78z59z1                      1.000000
z78z144z1                     1.000000
z78z150z1                     1.000000
z78z164z1                     1.000000
z78z268z1                     1.000000
z82z9z2                       1.000000
z82z130z2                     1.000000
z82z226z2                     1.000000
z83z9z2                       1.000000
z83z12z2                      1.000000
z83z32z2                      1.000000
z83z34z2                      1.000000
z83z59z1                      1.000000
z83z66z2                      1.000000
z83z119z2                     1.000000
z83z130z2                     1.000000
z83z150z1                     1.000000
z83z164z1                     1.000000
z83z167z2                     1.000000
z83z193z2                     1.000000
z83z226z2                     1.000000
z83z268z1                     1.000000
z87z9z2                       1.000000
z87z12z2                      1.000000
z87z32z2                      1.000000
z87z34z2                      1.000000
z87z66z2                      1.000000
z87z115z2                     1.000000
z87z119z2                     1.000000
z87z130z2                     1.000000
z87z167z2                     1.000000
z87z193z2                     1.000000
z87z194z2                     1.000000
z87z226z2                     1.000000
z89z9z2                       1.000000
z89z32z2                      1.000000
z89z34z2                      1.000000
z89z59z1                      1.000000
z89z66z2                      1.000000
z89z130z2                     1.000000
z89z150z1                     1.000000
z89z226z2                     1.000000
z89z268z1                     1.000000
z92z9z2                       1.000000
z92z130z2                     1.000000
z92z226z2                     1.000000
z94z52z3                      1.000000
z94z55z3                      1.000000
z94z197z3                     1.000000
z94z208z3                     1.000000
z94z210z3                     1.000000
z94z279z3                     1.000000
z95z9z2                       1.000000
z95z32z2                      1.000000
z95z34z2                      1.000000
z95z66z2                      1.000000
z95z119z2                     1.000000
z95z130z2                     1.000000
z95z167z2                     1.000000
z95z226z2                     1.000000
z96z9z2                       1.000000
z96z12z2                      1.000000
z96z32z2                      1.000000
z96z34z2                      1.000000
z96z66z2                      1.000000
z96z119z2                     1.000000
z96z130z2                     1.000000
z96z167z2                     1.000000
z96z197z3                     1.000000
z96z226z2                     1.000000
z99z59z1                      1.000000
z99z150z1                     1.000000
z99z268z1                     1.000000
z100z5z1                      1.000000
z100z9z2                      1.000000
z100z12z2                     1.000000
z100z18z2                     1.000000
z100z19z1                     1.000000
z100z32z2                     1.000000
z100z33z1                     1.000000
z100z34z2                     1.000000
z100z59z1                     1.000000
z100z65z2                     1.000000
z100z66z2                     1.000000
z100z107z2                    1.000000
z100z108z1                    1.000000
z100z112z1                    1.000000
z100z115z2                    1.000000
z100z119z2                    1.000000
z100z121z2                    1.000000
z100z130z2                    1.000000
z100z144z1                    1.000000
z100z150z1                    1.000000
z100z153z1                    1.000000
z100z164z1                    1.000000
z100z166z2                    1.000000
z100z167z2                    1.000000
z100z191z2                    1.000000
z100z193z2                    1.000000
z100z194z2                    1.000000
z100z212z1                    1.000000
z100z216z1                    1.000000
z100z224z2                    1.000000
z100z226z2                    1.000000
z100z233z2                    1.000000
z100z257z2                    1.000000
z100z268z1                    1.000000
z103z9z2                      1.000000
z103z130z2                    1.000000
z103z226z2                    1.000000
z104z150z1                    1.000000
z110z55z3                     1.000000
z110z197z3                    1.000000
z110z279z3                    1.000000
z113z55z3                     1.000000
z113z59z1                     1.000000
z113z144z1                    1.000000
z113z150z1                    1.000000
z113z164z1                    1.000000
z113z197z3                    1.000000
z113z268z1                    1.000000
z115z246z2                    1.000000
z117z9z2                      1.000000
z117z130z2                    1.000000
z117z226z2                    1.000000
z120z9z2                      1.000000
z120z32z2                     1.000000
z120z34z2                     1.000000
z120z66z2                     1.000000
z120z119z2                    1.000000
z120z130z2                    1.000000
z120z167z2                    1.000000
z120z226z2                    1.000000
z122z9z2                      1.000000
z122z130z2                    1.000000
z122z226z2                    1.000000
z127z9z2                      1.000000
z127z32z2                     1.000000
z127z34z2                     1.000000
z127z66z2                     1.000000
z127z130z2                    1.000000
z127z226z2                    1.000000
z128z1z1                      1.000000
z128z5z1                      1.000000
z128z19z1                     1.000000
z128z52z3                     1.000000
z128z55z3                     1.000000
z128z59z1                     1.000000
z128z108z1                    1.000000
z128z144z1                    1.000000
z128z150z1                    1.000000
z128z153z1                    1.000000
z128z164z1                    1.000000
z128z182z3                    1.000000
z128z197z3                    1.000000
z128z268z1                    1.000000
z128z279z3                    1.000000
z131z197z3                    1.000000
z137z59z1                     1.000000
z137z150z1                    1.000000
z137z197z3                    1.000000
z137z268z1                    1.000000
z140z9z2                      1.000000
z140z130z2                    1.000000
z140z226z2                    1.000000
z142z9z2                      1.000000
z142z12z2                     1.000000
z142z18z2                     1.000000
z142z32z2                     1.000000
z142z34z2                     1.000000
z142z66z2                     1.000000
z142z115z2                    1.000000
z142z119z2                    1.000000
z142z121z2                    1.000000
z142z130z2                    1.000000
z142z166z2                    1.000000
z142z167z2                    1.000000
z142z191z2                    1.000000
z142z193z2                    1.000000
z142z194z2                    1.000000
z142z224z2                    1.000000
z142z226z2                    1.000000
z146z59z1                     1.000000
z146z108z1                    1.000000
z146z150z1                    1.000000
z146z164z1                    1.000000
z146z268z1                    1.000000
z151z9z2                      1.000000
z151z130z2                    1.000000
z151z197z3                    1.000000
z151z226z2                    1.000000
z152z9z2                      1.000000
z152z32z2                     1.000000
z152z34z2                     1.000000
z152z66z2                     1.000000
z152z130z2                    1.000000
z152z226z2                    1.000000
z153z150z1                    1.000000
z153z243z1                    1.000000
z157z5z1                      1.000000
z157z9z2                      1.000000
z157z12z2                     1.000000
z157z18z2                     1.000000
z157z19z1                     1.000000
z157z32z2                     1.000000
z157z33z1                     1.000000
z157z34z2                     1.000000
z157z59z1                     1.000000
z157z65z2                     1.000000
z157z66z2                     1.000000
z157z78z1                     1.000000
z157z107z2                    1.000000
z157z108z1                    1.000000
z157z112z1                    1.000000
z157z115z2                    1.000000
z157z119z2                    1.000000
z157z121z2                    1.000000
z157z130z2                    1.000000
z157z144z1                    1.000000
z157z150z1                    1.000000
z157z153z1                    1.000000
z157z155z2                    1.000000
z157z164z1                    1.000000
z157z166z2                    1.000000
z157z167z2                    1.000000
z157z185z1                    1.000000
z157z191z2                    1.000000
z157z193z2                    1.000000
z157z194z2                    1.000000
z157z212z1                    1.000000
z157z215z2                    1.000000
z157z216z1                    1.000000
z157z224z2                    1.000000
z157z226z2                    1.000000
z157z233z2                    1.000000
z157z257z2                    1.000000
z157z268z1                    1.000000
z160z9z2                      1.000000
z160z32z2                     1.000000
z160z34z2                     1.000000
z160z66z2                     1.000000
z160z130z2                    1.000000
z160z167z2                    1.000000
z160z197z3                    1.000000
z160z226z2                    1.000000
z161z5z1                      1.000000
z161z19z1                     1.000000
z161z26z1                     1.000000
z161z33z1                     1.000000
z161z57z1                     1.000000
z161z59z1                     1.000000
z161z108z1                    1.000000
z161z112z1                    1.000000
z161z144z1                    1.000000
z161z150z1                    1.000000
z161z153z1                    1.000000
z161z164z1                    1.000000
z161z185z1                    1.000000
z161z212z1                    1.000000
z161z216z1                    1.000000
z161z268z1                    1.000000
z161z269z1                    1.000000
z161z276z1                    1.000000
z163z59z1                     1.000000
z163z150z1                    1.000000
z163z164z1                    1.000000
z163z197z3                    1.000000
z163z268z1                    1.000000
z174z9z2                      1.000000
z174z32z2                     1.000000
z174z34z2                     1.000000
z174z66z2                     1.000000
z174z130z2                    1.000000
z174z197z3                    1.000000
z174z226z2                    1.000000
z175z59z1                     1.000000
z175z150z1                    1.000000
z175z197z3                    1.000000
z175z268z1                    1.000000
z179z5z1                      1.000000
z179z9z2                      1.000000
z179z12z2                     1.000000
z179z18z2                     1.000000
z179z19z1                     1.000000
z179z32z2                     1.000000
z179z34z2                     1.000000
z179z59z1                     1.000000
z179z66z2                     1.000000
z179z108z1                    1.000000
z179z115z2                    1.000000
z179z119z2                    1.000000
z179z121z2                    1.000000
z179z130z2                    1.000000
z179z144z1                    1.000000
z179z150z1                    1.000000
z179z153z1                    1.000000
z179z164z1                    1.000000
z179z166z2                    1.000000
z179z167z2                    1.000000
z179z191z2                    1.000000
z179z193z2                    1.000000
z179z194z2                    1.000000
z179z212z1                    1.000000
z179z224z2                    1.000000
z179z226z2                    1.000000
z179z257z2                    1.000000
z179z268z1                    1.000000
z182z9z2                      1.000000
z182z55z3                     1.000000
z182z130z2                    1.000000
z182z208z2                    1.000000
z182z226z2                    1.000000
z183z59z1                     1.000000
z183z150z1                    1.000000
z183z197z3                    1.000000
z183z268z1                    1.000000
z186z9z2                      1.000000
z186z12z2                     1.000000
z186z32z2                     1.000000
z186z34z2                     1.000000
z186z55z3                     1.000000
z186z66z2                     1.000000
z186z115z2                    1.000000
z186z119z2                    1.000000
z186z121z2                    1.000000
z186z130z2                    1.000000
z186z167z2                    1.000000
z186z193z2                    1.000000
z186z194z2                    1.000000
z186z197z3                    1.000000
z186z226z2                    1.000000
z186z279z3                    1.000000
z187z38z3                     1.000000
z187z49z3                     1.000000
z187z52z3                     1.000000
z187z55z3                     1.000000
z187z197z3                    1.000000
z187z279z3                    1.000000
z188z59z1                     1.000000
z188z108z1                    1.000000
z188z144z1                    1.000000
z188z150z1                    1.000000
z188z164z1                    1.000000
z188z268z1                    1.000000
z192z59z1                     1.000000
z192z150z1                    1.000000
z192z164z1                    1.000000
z192z268z1                    1.000000
z194z167z2                    1.000000
z195z55z3                     1.000000
z195z59z1                     1.000000
z195z144z1                    1.000000
z195z150z1                    1.000000
z195z164z1                    1.000000
z195z197z3                    1.000000
z195z218z1                    1.000000
z195z218z3                    1.000000
z195z268z1                    1.000000
z200z9z2                      1.000000
z200z12z2                     1.000000
z200z32z2                     1.000000
z200z34z2                     1.000000
z200z59z1                     1.000000
z200z66z2                     1.000000
z200z119z2                    1.000000
z200z130z2                    1.000000
z200z150z1                    1.000000
z200z164z1                    1.000000
z200z167z2                    1.000000
z200z226z2                    1.000000
z200z268z1                    1.000000
z203z9z2                      1.000000
z203z32z2                     1.000000
z203z34z2                     1.000000
z203z59z1                     1.000000
z203z66z2                     1.000000
z203z119z2                    1.000000
z203z130z2                    1.000000
z203z150z1                    1.000000
z203z167z2                    1.000000
z203z226z2                    1.000000
z203z268z1                    1.000000
z206z9z2                      1.000000
z206z12z2                     1.000000
z206z18z2                     1.000000
z206z32z2                     1.000000
z206z34z2                     1.000000
z206z47z2                     1.000000
z206z65z2                     1.000000
z206z66z2                     1.000000
z206z107z2                    1.000000
z206z115z2                    1.000000
z206z119z2                    1.000000
z206z121z2                    1.000000
z206z122z2                    1.000000
z206z127z2                    1.000000
z206z130z2                    1.000000
z206z152z2                    1.000000
z206z155z2                    1.000000
z206z166z2                    1.000000
z206z167z2                    1.000000
z206z191z2                    1.000000
z206z193z2                    1.000000
z206z194z2                    1.000000
z206z215z2                    1.000000
z206z224z2                    1.000000
z206z226z2                    1.000000
z206z233z2                    1.000000
z206z248z2                    1.000000
z206z253z2                    1.000000
z206z256z2                    1.000000
z206z257z2                    1.000000
z211z9z2                      1.000000
z211z130z2                    1.000000
z211z226z2                    1.000000
z217z9z2                      1.000000
z217z32z2                     1.000000
z217z34z2                     1.000000
z217z66z2                     1.000000
z217z119z2                    1.000000
z217z130z2                    1.000000
z217z167z2                    1.000000
z217z197z3                    1.000000
z217z226z2                    1.000000
z218z55z3                     1.000000
z218z59z1                     1.000000
z218z104z1                    1.000000
z218z150z1                    1.000000
z218z197z3                    1.000000
z218z268z1                    1.000000
z219z59z1                     1.000000
z219z150z1                    1.000000
z219z164z1                    1.000000
z219z268z1                    1.000000
z229z9z2                      1.000000
z229z66z2                     1.000000
z229z130z2                    1.000000
z229z150z1                    1.000000
z229z226z2                    1.000000
z234z197z3                    1.000000
z237z5z1                      1.000000
z237z13z1                     1.000000
z237z19z1                     1.000000
z237z26z1                     1.000000
z237z33z1                     1.000000
z237z57z1                     1.000000
z237z59z1                     1.000000
z237z78z1                     1.000000
z237z108z1                    1.000000
z237z112z1                    1.000000
z237z144z1                    1.000000
z237z150z1                    1.000000
z237z153z1                    1.000000
z237z164z1                    1.000000
z237z185z1                    1.000000
z237z212z1                    1.000000
z237z216z1                    1.000000
z237z268z1                    1.000000
z237z269z1                    1.000000
z237z276z1                    1.000000
z238z59z1                     1.000000
z238z150z1                    1.000000
z238z197z3                    1.000000
z238z268z1                    1.000000
z241z59z1                     1.000000
z241z150z1                    1.000000
z241z268z1                    1.000000
z244z9z2                      1.000000
z244z32z2                     1.000000
z244z34z2                     1.000000
z244z66z2                     1.000000
z244z130z2                    1.000000
z244z226z2                    1.000000
z248z9z2                      1.000000
z248z130z2                    1.000000
z248z226z2                    1.000000
z251z9z2                      1.000000
z251z32z2                     1.000000
z251z34z2                     1.000000
z251z66z2                     1.000000
z251z130z2                    1.000000
z251z197z3                    1.000000
z251z226z2                    1.000000
z252z9z2                      1.000000
z252z12z2                     1.000000
z252z18z2                     1.000000
z252z32z2                     1.000000
z252z34z2                     1.000000
z252z65z2                     1.000000
z252z66z2                     1.000000
z252z107z2                    1.000000
z252z115z2                    1.000000
z252z119z2                    1.000000
z252z121z2                    1.000000
z252z130z2                    1.000000
z252z166z2                    1.000000
z252z167z2                    1.000000
z252z191z2                    1.000000
z252z193z2                    1.000000
z252z194z2                    1.000000
z252z224z2                    1.000000
z252z226z2                    1.000000
z252z233z2                    1.000000
z252z257z2                    1.000000
z253z9z2                      1.000000
z253z130z2                    1.000000
z253z226z2                    1.000000
z258z59z1                     1.000000
z258z108z1                    1.000000
z258z144z1                    1.000000
z258z150z1                    1.000000
z258z164z1                    1.000000
z258z268z1                    1.000000
z261z5z1                      1.000000
z261z19z1                     1.000000
z261z26z1                     1.000000
z261z33z1                     1.000000
z261z57z1                     1.000000
z261z59z1                     1.000000
z261z78z1                     1.000000
z261z108z1                    1.000000
z261z112z1                    1.000000
z261z144z1                    1.000000
z261z150z1                    1.000000
z261z153z1                    1.000000
z261z164z1                    1.000000
z261z185z1                    1.000000
z261z212z1                    1.000000
z261z216z1                    1.000000
z261z268z1                    1.000000
z261z276z1                    1.000000
z262z9z2                      1.000000
z262z12z2                     1.000000
z262z18z2                     1.000000
z262z28z3                     1.000000
z262z32z2                     1.000000
z262z34z2                     1.000000
z262z35z3                     1.000000
z262z40z3                     1.000000
z262z47z2                     1.000000
z262z52z3                     1.000000
z262z55z3                     1.000000
z262z61z3                     1.000000
z262z65z2                     1.000000
z262z66z2                     1.000000
z262z80z3                     1.000000
z262z107z2                    1.000000
z262z115z2                    1.000000
z262z119z2                    1.000000
z262z121z2                    1.000000
z262z130z2                    1.000000
z262z142z2                    1.000000
z262z155z2                    1.000000
z262z166z2                    1.000000
z262z167z2                    1.000000
z262z191z2                    1.000000
z262z193z2                    1.000000
z262z194z2                    1.000000
z262z197z3                    1.000000
z262z202z3                    1.000000
z262z205z3                    1.000000
z262z215z2                    1.000000
z262z224z2                    1.000000
z262z226z2                    1.000000
z262z233z2                    1.000000
z262z248z2                    1.000000
z262z253z2                    1.000000
z262z256z2                    1.000000
z262z257z2                    1.000000
z262z263z3                    1.000000
z262z278z3                    1.000000
z262z279z3                    1.000000
z274z55z3                     1.000000
z274z197z3                    1.000000
z275z9z2                      1.000000
z275z12z2                     1.000000
z275z18z2                     1.000000
z275z32z2                     1.000000
z275z34z2                     1.000000
z275z47z2                     1.000000
z275z65z2                     1.000000
z275z66z2                     1.000000
z275z92z2                     1.000000
z275z95z2                     1.000000
z275z107z2                    1.000000
z275z115z2                    1.000000
z275z119z2                    1.000000
z275z121z2                    1.000000
z275z122z2                    1.000000
z275z127z2                    1.000000
z275z130z2                    1.000000
z275z152z2                    1.000000
z275z155z2                    1.000000
z275z166z2                    1.000000
z275z167z2                    1.000000
z275z191z2                    1.000000
z275z193z2                    1.000000
z275z194z2                    1.000000
z275z215z2                    1.000000
z275z224z2                    1.000000
z275z226z2                    1.000000
z275z233z2                    1.000000
z275z244z2                    1.000000
z275z248z2                    1.000000
z275z253z2                    1.000000
z275z256z2                    1.000000
z275z257z2                    1.000000
All other variables in the range 1-17960 are 0.
