
Log started (V12.10.0.0) Tue Apr 20 09:15:06 2021

Warning, line 1215: Name 's99' does not exist.
Warning, line 1216: Name 's25' does not exist.
Warning, line 1219: Name 's47' does not exist.
Warning, line 1220: Name 's148' does not exist.
Warning, line 1221: Name 's190' does not exist.
Warning, line 1222: Name 's260' does not exist.
Warning, line 1223: Name 's21' does not exist.
Warning, line 1224: Name 's122' does not exist.
Warning, line 1225: Name 's202' does not exist.
Warning, line 1226: Name 's270' does not exist.
Warning, line 1227: Name 's221' does not exist.
Warning, line 1228: Name 's188' does not exist.

Problem 'asset.lp' read.
Read time = 0.00 sec. (0.08 ticks)
New value for default parallel thread count: 1
New value for time limit in seconds: 400
Version identifier: 12.10.0.0 | 2019-11-26 | 843d4de
CPXPARAM_Threads                                 1
CPXPARAM_TimeLimit                               400
Found incumbent of value -0.655204 after 0.00 sec. (0.04 ticks)
Tried aggregator 2 times.
MIP Presolve eliminated 959 rows and 657 columns.
MIP Presolve modified 554 coefficients.
Aggregator did 6 substitutions.
All rows and columns eliminated.
Presolve time = 0.00 sec. (0.78 ticks)

Root node processing (before b&c):
  Real time             =    0.00 sec. (0.84 ticks)
Sequential b&c:
  Real time             =    0.00 sec. (0.00 ticks)
                          ------------
Total (root+branch&cut) =    0.00 sec. (0.84 ticks)

Solution pool: 2 solutions saved.

MIP - Integer optimal solution:  Objective =  1.8745419526e+01
Solution time =    0.00 sec.  Iterations = 0  Nodes = 0
Deterministic time = 0.85 ticks  (783.99 ticks/sec)


Incumbent solution
Variable Name           Solution Value
F                            20.000000
f1                            0.664580
f2                            0.590000
y112                          1.000000
s128                          1.540000
s247                          1.570000
s65                           1.580000
s177                          1.610000
s125                          1.670000
s187                          1.680000
s30                           1.690000
s5                            1.700000
s53                           1.700000
s126                          1.700000
s243                          1.700000
s15                           1.710000
s252                          1.710000
s61                           1.760000
s6                            1.800000
s66                           1.810000
s267                          1.830000
s163                          1.840000
s63                           1.880000
s162                          1.880000
s28                           1.890000
s147                          1.930000
s220                          1.940000
s237                          1.970000
s34                           1.990000
s49                           2.050000
s96                           2.060000
s20                           2.130000
s166                          2.140000
s1                            2.180000
s18                           2.220000
s149                          2.230000
s39                           2.260000
s88                           2.290000
s156                          2.350000
s112                          3.388899
x70x112x2                     1.000000
x251x112x3                    1.000000
x112x0x2                      1.000000
x112x0x3                      1.000000
s70                           1.290000
z70z112z2                     1.000000
s251                          1.946116
z251z112z3                    1.000000
All other variables in the range 1-663 are 0.
