
Log started (V12.10.0.0) Thu Apr  1 14:36:59 2021


Problem 'asset.lp' read.
Read time = 0.01 sec. (0.88 ticks)
New value for default parallel thread count: 1
New value for time limit in seconds: 150
Version identifier: 12.10.0.0 | 2019-11-26 | 843d4de
CPXPARAM_Threads                                 1
CPXPARAM_TimeLimit                               150
Found incumbent of value 0.000000 after 0.00 sec. (0.24 ticks)
Tried aggregator 3 times.
MIP Presolve eliminated 2440 rows and 1177 columns.
MIP Presolve modified 7559 coefficients.
Aggregator did 2504 substitutions.
Reduced MIP has 2970 rows, 3566 columns, and 16303 nonzeros.
Reduced MIP has 3063 binaries, 424 generals, 0 SOSs, and 0 indicators.
Presolve time = 0.03 sec. (35.86 ticks)
Probing fixed 106 vars, tightened 37 bounds.
Probing time = 0.03 sec. (23.06 ticks)
Cover probing fixed 0 vars, tightened 42 bounds.
Tried aggregator 1 time.
Detecting symmetries...
MIP Presolve eliminated 188 rows and 183 columns.
MIP Presolve modified 620 coefficients.
Reduced MIP has 2782 rows, 3383 columns, and 15258 nonzeros.
Reduced MIP has 2917 binaries, 387 generals, 0 SOSs, and 0 indicators.
Presolve time = 0.01 sec. (13.75 ticks)
Probing time = 0.00 sec. (3.27 ticks)
Clique table members: 9881.
MIP emphasis: balance optimality and feasibility.
MIP search method: dynamic search.
Parallel mode: none, using 1 thread.
Root relaxation solution time = 0.09 sec. (135.84 ticks)

        Nodes                                         Cuts/
   Node  Left     Objective  IInf  Best Integer    Best Bound    ItCnt     Gap

*     0+    0                            0.0000     1155.0000              --- 
      0     0      900.0468   412        0.0000      900.0468     1638     --- 
      0     0      842.3827   412        0.0000     Cuts: 792     2421     --- 
      0     0      827.7114   412        0.0000     Cuts: 694     3323     --- 
      0     0      819.1854   412        0.0000     Cuts: 795     3972     --- 
*     0+    0                           30.0000      819.1854              --- 
*     0+    0                           90.0000      819.1854           810.21%
      0     0        cutoff             90.0000      819.1854     3972  810.21%
      0     0      813.0679   412       90.0000     Cuts: 544     4456  803.41%
      0     0      810.5858   412       90.0000     Cuts: 353     4705  800.65%
Detecting symmetries...
      0     0      809.0452   412       90.0000     Cuts: 403     4983  798.94%
*     0+    0                          155.0000      809.0452           421.96%
*     0+    0                          160.0000      809.0452           405.65%
*     0+    0                          180.0000      809.0452           349.47%
      0     0      806.4276   412      180.0000     Cuts: 283     5373  348.02%
      0     0      804.5203   412      180.0000     Cuts: 309     5723  346.96%
      0     0      802.5612   412      180.0000     Cuts: 441     6160  345.87%
*     0+    0                          190.0000      802.5612           322.40%
*     0+    0                          195.0000      802.5612           311.57%
*     0+    0                          200.0000      802.5612           301.28%
*     0+    0                          225.0000      802.5612           256.69%
*     0+    0                          230.0000      802.5612           248.94%
      0     0        cutoff            230.0000      802.5612     6160  248.94%
      0     0      801.9853   412      230.0000     Cuts: 359     6372  248.69%
      0     0      801.3732   412      230.0000     Cuts: 368     6543  248.42%
      0     0      800.5082   412      230.0000     Cuts: 192     6738  248.05%
*     0+    0                          235.0000      800.5082           240.64%
*     0+    0                          240.0000      800.5082           233.55%
      0     0        cutoff            240.0000      800.5082     6738  233.55%
      0     0      799.8450   412      240.0000     Cuts: 261     6913  233.27%
      0     0      799.6410   412      240.0000     Cuts: 160     7056  233.18%
      0     0      799.4857   412      240.0000     Cuts: 212     7212  233.12%
      0     0      799.1074   412      240.0000     Cuts: 160     7407  232.96%
*     0+    0                          245.0000      799.1074           226.17%
      0     0      798.9215   412      245.0000     Cuts: 295     7523  226.09%
      0     0      798.5992   412      245.0000     Cuts: 129     7645  225.96%
      0     0      798.4057   412      245.0000     Cuts: 297     7796  225.88%
      0     0      797.7974   412      245.0000     Cuts: 209     8235  225.63%
*     0+    0                          275.0000      797.7974           190.11%
      0     0        cutoff            275.0000      797.7974     8235  190.11%
      0     0      797.3048   412      275.0000     Cuts: 334     8489  189.93%
      0     0      797.1272   412      275.0000     Cuts: 231     8716  189.86%
      0     0      797.0857   412      275.0000     Cuts: 298     8848  189.85%
*     0+    0                          285.0000      797.0857           179.68%
      0     0        cutoff            285.0000      797.0857     8848  179.68%
      0     0      797.0296   412      285.0000     Cuts: 132     8921  179.66%
*     0+    0                          310.0000      797.0296           157.11%
      0     0        cutoff            310.0000      797.0296     8921  157.11%
Detecting symmetries...
      0     2      797.0296   438      310.0000      796.9810     8921  157.09%
Elapsed time = 2.86 sec. (3593.37 ticks, tree = 0.01 MB, solutions = 16)
      4     6      784.6608   389      310.0000      796.8508    10468  157.05%
      8    10      791.1913   407      310.0000      796.8508    12905  157.05%
     10    10      789.2733   405      310.0000      796.8508    13392  157.05%
     18    18      774.6408   363      310.0000      796.8508    15256  157.05%
     22    22      784.2446   397      310.0000      796.8508    16421  157.05%
     25    25      753.9963   336      310.0000      796.8508    18161  157.05%
     29    29      733.0435   327      310.0000      796.8508    20219  157.05%
     35    35      743.9188   339      310.0000      796.8508    21960  157.05%
     45    45      738.5610   297      310.0000      796.8508    23752  157.05%
     91    83      625.3934   241      310.0000      796.8508    30628  157.05%
Elapsed time = 5.21 sec. (7091.82 ticks, tree = 0.38 MB, solutions = 16)
*   211   160      integral     0      340.0000      796.8508    35737  134.37%
    217   164      768.5786   387      340.0000      796.6682    38685  134.31%
    254   201      670.6153   297      340.0000      796.6682    46112  134.31%
    308   255      628.4421   276      340.0000      796.6682    53460  134.31%
    395   323      697.6795   340      340.0000      796.2371    61848  134.19%
    456   384      595.3320   268      340.0000      794.6815    69147  133.73%

Performing restart 1

Repeating presolve.
Tried aggregator 2 times.
MIP Presolve modified 4043 coefficients.
Aggregator did 7 substitutions.
Reduced MIP has 2775 rows, 3376 columns, and 12753 nonzeros.
Reduced MIP has 2910 binaries, 387 generals, 0 SOSs, and 0 indicators.
Presolve time = 0.01 sec. (13.74 ticks)
Tried aggregator 1 time.
Reduced MIP has 2775 rows, 3376 columns, and 12753 nonzeros.
Reduced MIP has 2910 binaries, 387 generals, 0 SOSs, and 0 indicators.
Presolve time = 0.01 sec. (8.83 ticks)
Represolve time = 0.10 sec. (69.84 ticks)
    499     0      730.1483   424      340.0000     Cuts: 563    77698  114.75%
    499     0      686.9295   424      340.0000     Cuts: 459    79450  102.04%
    499     0      669.9548   424      340.0000     Cuts: 502    80438   97.05%
*   499+    0                          345.0000      669.9548            94.19%
*   499+    0                          350.0000      669.9548            91.42%
    499     0        cutoff            350.0000      669.9548    80438   91.42%
    499     0      658.5238   424      350.0000     Cuts: 451    81171   88.15%
    499     0      654.4483   424      350.0000     Cuts: 450    81807   86.99%
    499     0      653.0511   424      350.0000     Cuts: 305    82317   86.59%
*   499+    0                          355.0000      653.0511            83.96%
*   499+    0                          365.0000      653.0511            78.92%
*   499+    0                          375.0000      653.0511            74.15%
    499     0        cutoff            375.0000      653.0511    82317   74.15%
    499     0      648.7870   424      375.0000     Cuts: 393    82986   73.01%
    499     0      645.9532   424      375.0000     Cuts: 453    83470   72.25%
    499     0      642.9492   424      375.0000     Cuts: 367    84195   71.45%
    499     0      641.8509   424      375.0000     Cuts: 538    84592   71.16%
    499     0      640.8108   424      375.0000     Cuts: 180    84876   70.88%
    499     0      639.9469   424      375.0000     Cuts: 249    85237   70.65%
    499     0      638.7795   424      375.0000     Cuts: 265    85594   70.34%
    499     0      638.3732   424      375.0000     Cuts: 173    85899   70.23%
    499     0      637.2004   424      375.0000     Cuts: 181    86394   69.92%
    499     0      636.8648   424      375.0000     Cuts: 343    86644   69.83%
    499     0      635.5329   424      375.0000     Cuts: 351    87079   69.48%
    499     0      634.8644   424      375.0000     Cuts: 241    87437   69.30%
    499     0      634.6358   424      375.0000     Cuts: 256    87609   69.24%
    499     0      634.0183   424      375.0000     Cuts: 249    87808   69.07%
    499     0      633.6382   424      375.0000     Cuts: 158    88300   68.97%
    499     0      632.9569   424      375.0000     Cuts: 230    88711   68.79%
    499     0      632.7127   424      375.0000     Cuts: 255    88938   68.72%
    499     0      632.6104   424      375.0000     Cuts: 232    89218   68.70%
    499     0      632.5760   424      375.0000     Cuts: 161    89442   68.69%
    499     0      632.5515   424      375.0000     Cuts: 106    89593   68.68%
    499     0      632.5124   424      375.0000     Cuts: 175    89835   68.67%
    499     0      632.4996   424      375.0000     Cuts: 125    89943   68.67%
    499     2      632.4996   359      375.0000      632.4523    89943   68.65%
    502     5      630.7369   331      375.0000      631.8990    91773   68.51%
    506     9      608.8783   291      375.0000      631.8990    95563   68.51%
    509    12      614.6202   321      375.0000      631.8990   100833   68.51%
    517    18      608.5202   301      375.0000      631.8990   104122   68.51%
Elapsed time = 24.89 sec. (32464.70 ticks, tree = 0.13 MB, solutions = 22)
    522    23      602.4719   308      375.0000      631.8990   107948   68.51%
    530    31      596.1435   274      375.0000      631.8990   111693   68.51%
    536    35    infeasible            375.0000      631.8990   115227   68.51%
    549    42      553.7388   244      375.0000      631.8990   118374   68.51%
    558    51      545.5521   217      375.0000      631.8990   122539   68.51%
    568    61      540.4860   188      375.0000      631.8990   126481   68.51%
    580    73      528.7520   207      375.0000      631.8990   131204   68.51%
    599    84      631.8431   340      375.0000      631.8301   136515   68.49%
    605    90      624.3258   357      375.0000      631.8301   140980   68.49%
    611    96      610.0066   314      375.0000      631.8301   145225   68.49%
Elapsed time = 32.12 sec. (43399.46 ticks, tree = 0.43 MB, solutions = 22)
    619   104      595.6542   311      375.0000      631.8301   149468   68.49%
    631   116      577.8611   272      375.0000      631.8301   154518   68.49%
    648   129      538.9058   241      375.0000      631.8301   159059   68.49%
    663   136      608.7972   314      375.0000      630.9852   164675   68.26%
    675   148      586.8131   256      375.0000      630.9852   170537   68.26%
    698   171      532.6503   250      375.0000      630.9852   175266   68.26%
    750   223      476.3791   173      375.0000      630.9852   179569   68.26%
    786   253      596.1791   295      375.0000      630.4910   184440   68.13%
    803   270      531.7228   246      375.0000      630.4910   190877   68.13%
    838   301      623.3233   379      375.0000      630.3398   196043   68.09%
Elapsed time = 39.05 sec. (53826.46 ticks, tree = 1.01 MB, solutions = 22)
    844   307      570.1263   307      375.0000      630.3398   201090   68.09%
    865   328      479.4381   193      375.0000      630.3398   206865   68.09%
    906   360      588.8558   270      375.0000      628.5078   212327   67.60%
    918   370      562.8518   280      375.0000      628.5078   219070   67.60%
    936   388      527.2277   260      375.0000      628.5078   225347   67.60%
    954   406      514.1205   212      375.0000      628.5078   230431   67.60%
    991   438      445.4196   111      375.0000      628.5078   235272   67.60%
   1034   479      421.6605    65      375.0000      628.5078   238418   67.60%
   1071   500      623.4873   350      375.0000      628.4844   241054   67.60%
   1089   518      562.0272   280      375.0000      628.4844   246457   67.60%
Elapsed time = 45.73 sec. (63820.96 ticks, tree = 1.47 MB, solutions = 22)
   1127   553      516.8342   206      375.0000      628.4844   250444   67.60%
   1167   587      612.4439   328      375.0000      626.3399   254665   67.02%
   1189   609      550.1418   242      375.0000      626.3399   259680   67.02%
   1224   644      484.9313   193      375.0000      626.3399   264111   67.02%
   1276   688      620.1748   347      375.0000      624.3248   268452   66.49%
   1289   701      593.1825   299      375.0000      624.3248   274287   66.49%
   1316   728      559.7694   262      375.0000      624.3248   279088   66.49%
   1376   776      596.5146   340      375.0000      623.4863   285224   66.26%
   1383   783      576.2167   275      375.0000      623.4863   289313   66.26%
   1410   810      517.8010   243      375.0000      623.4863   295228   66.26%
Elapsed time = 53.10 sec. (74543.26 ticks, tree = 2.05 MB, solutions = 22)
   1459   853      394.3922   104      375.0000      623.4863   300160   66.26%
   1480   869      599.7940   313      375.0000      623.2515   305047   66.20%
   1492   881      572.8388   261      375.0000      623.2515   310352   66.20%
*  1499+  886                          380.0000      623.2515            64.01%
   1505   894      535.0842   223      380.0000      623.2515   314931   64.01%
   1539   928      534.6231   199      380.0000      623.2515   320008   64.01%
   1568   951      498.7993   198      380.0000      623.2515   325631   64.01%
   1626   997      602.3799   359      380.0000      622.7896   333056   63.89%
   1635  1006      561.5173   305      380.0000      622.7896   337239   63.89%
   1672  1043      486.9262   200      380.0000      622.7896   342555   63.89%
   1699  1062      620.6365   329      380.0000      622.6955   345422   63.87%
Elapsed time = 60.32 sec. (84845.02 ticks, tree = 2.59 MB, solutions = 23)
   1728  1091      556.3178   259      380.0000      622.6955   351734   63.87%
   1768  1131      476.2132   141      380.0000      622.6955   356777   63.87%
   1791  1144      606.1231   309      380.0000      621.9452   361874   63.67%
   1838  1189      482.6163   162      380.0000      621.9452   368391   63.67%
   1870  1215      594.7151   334      380.0000      621.3133   373210   63.50%
   1906  1251      512.1568   195      380.0000      621.3133   379219   63.50%
   1953  1292      542.6869   275      380.0000      620.9586   385636   63.41%
   1967  1306      544.8528   262      380.0000      620.9586   391944   63.41%
   1991  1330      481.7979   179      380.0000      620.9586   397519   63.41%
   2023  1357    infeasible            380.0000      620.9586   402224   63.41%
Elapsed time = 67.17 sec. (94750.74 ticks, tree = 3.16 MB, solutions = 23)
   2104  1412      593.9817   318      380.0000      620.8451   408125   63.38%
   2133  1439      536.1133   231      380.0000      620.8451   413376   63.38%
   2188  1494      417.8097    97      380.0000      620.8451   418373   63.38%
   2223  1522      571.1721   296      380.0000      620.5606   423647   63.31%
   2249  1548      500.4049   204      380.0000      620.5606   429124   63.31%
   2289  1582      555.8250   260      380.0000      620.3957   434241   63.26%
   2326  1619      445.0800   162      380.0000      620.3957   439352   63.26%
   2422  1706      591.5892   301      380.0000      620.3870   444365   63.26%
   2447  1731      446.9702   171      380.0000      620.3870   450759   63.26%
   2501  1775      599.5217   290      380.0000      620.3867   455904   63.26%
Elapsed time = 74.19 sec. (104806.09 ticks, tree = 4.02 MB, solutions = 23)
   2519  1793      518.7267   238      380.0000      620.3867   461748   63.26%
   2563  1830      584.6704   280      380.0000      620.3685   467562   63.25%
   2586  1853      501.5412   203      380.0000      620.3685   472524   63.25%
   2644  1904      598.2828   336      380.0000      620.1525   478201   63.20%
   2669  1927      515.3739   230      380.0000      620.1525   483928   63.20%
   2718  1970      617.1633   361      380.0000      620.0518   489720   63.17%
   2729  1981      586.0593   343      380.0000      620.0518   493548   63.17%
   2755  2007      550.8022   237      380.0000      620.0518   498852   63.17%
   2805  2051      607.2427   321      380.0000      619.5615   504012   63.04%
   2895  2135      590.0167   329      380.0000      619.3577   526008   62.99%
Elapsed time = 83.49 sec. (118344.49 ticks, tree = 4.81 MB, solutions = 23)
   2973  2212      443.0762   158      380.0000      619.3577   549971   62.99%
   3066  2290      588.5777   314      380.0000      619.1880   573119   62.94%
   3130  2342      544.1039   288      380.0000      618.6776   596126   62.81%
   3228  2436      482.8833   114      380.0000      618.6034   620358   62.79%
   3392  2579      498.5474   214      380.0000      618.4161   639965   62.74%
   3557  2723      566.8120   291      380.0000      617.1629   661478   62.41%
   3702  2855      447.0338   156      380.0000      617.0281   682901   62.38%
   3812  2953      437.5395   175      380.0000      616.9941   702435   62.37%
   4036  3155      574.1082   302      380.0000      616.9149   724480   62.35%
   4140  3249      534.5953   236      380.0000      616.8995   747478   62.34%
Elapsed time = 110.27 sec. (156994.53 ticks, tree = 7.02 MB, solutions = 23)
   4258  3361      467.4079   125      380.0000      616.3700   769621   62.20%
   4375  3464      545.6723   261      380.0000      616.3549   791630   62.20%
   4545  3616      603.2393   354      380.0000      615.9819   813964   62.10%
   4674  3735      533.5346   245      380.0000      615.8554   838860   62.07%
   4818  3869      561.8622   275      380.0000      615.7557   863802   62.04%
   4976  4015      582.1818   284      380.0000      615.6527   887875   62.01%
   5150  4175      459.6962   147      380.0000      615.2255   914107   61.90%
   5205  4224      528.7593   231      380.0000      615.1124   936982   61.87%
   5369  4360      612.0248   337      380.0000      614.7725   962964   61.78%
Starting limited solution polishing.
   5499  4482      514.3848   225      380.0000      614.5515   985879   61.72%
Elapsed time = 137.96 sec. (196306.69 ticks, tree = 9.59 MB, solutions = 23)
   5599  4572      487.8706   183      380.0000      614.4681  1002035   61.70%
   5673  4637      574.9126   309      380.0000      614.4646  1020351   61.70%
   5732  4692      563.2869   262      380.0000      614.3924  1034294   61.68%
   5848  4799      589.4260   323      380.0000      614.3038  1049640   61.66%

GUB cover cuts applied:  48
Clique cuts applied:  253
Cover cuts applied:  26
Implied bound cuts applied:  182
Flow cuts applied:  33
Mixed integer rounding cuts applied:  203
Zero-half cuts applied:  121
Lift and project cuts applied:  22
Gomory fractional cuts applied:  13

Root node processing (before b&c):
  Real time             =    2.85 sec. (3578.35 ticks)
Sequential b&c:
  Real time             =  147.16 sec. (209261.40 ticks)
                          ------------
Total (root+branch&cut) =  150.00 sec. (212839.75 ticks)

Solution pool: 24 solutions saved.

MIP - Time limit exceeded, integer feasible:  Objective =  3.8000000000e+02
Current MIP best bound =  6.1430381303e+02 (gap = 234.304, 61.66%)
Solution time =  150.00 sec.  Iterations = 1054970  Nodes = 5871 (4821)
Deterministic time = 212839.78 ticks  (1418.92 ticks/sec)


Incumbent solution
Variable Name           Solution Value
F                           380.000000
y39                           1.000000
y148                          1.000000
y129                          1.000000
y249                          1.000000
y13                           1.000000
y167                          1.000000
y254                          1.000000
y22                           1.000000
y264                          1.000000
y82                           1.000000
y33                           1.000000
y65                           1.000000
y232                          1.000000
y125                          1.000000
y3                            1.000000
y265                          1.000000
y258                          1.000000
y188                          1.000000
y128                          1.000000
y147                          1.000000
x243x13x1                     2.000000
x41x65x1                      1.000000
x266x254x1                    2.000000
x17x129x1                     1.000000
x263x22x1                     1.000000
x41x264x2                     1.000000
x68x125x2                     1.000000
x46x167x2                     2.000000
x150x264x2                    1.000000
x68x22x3                      1.000000
x252x39x3                     2.000000
x99x148x3                     1.000000
x99x129x3                     1.000000
x150x148x3                    1.000000
x263x65x3                     1.000000
x39x249x3                     2.000000
x148x265x3                    2.000000
x129x82x1                     1.000000
x129x128x3                    1.000000
x249x0x3                      1.000000
x249x147x3                    1.000000
x13x33x1                      1.000000
x13x232x1                     1.000000
x167x33x2                     1.000000
x167x3x2                      1.000000
x254x125x1                    1.000000
x254x3x1                      1.000000
x22x258x1                     1.000000
x22x232x3                     1.000000
x264x82x2                     1.000000
x264x147x2                    1.000000
x82x0x1                       1.000000
x82x0x2                       1.000000
x33x188x1                     1.000000
x33x188x2                     1.000000
x65x258x1                     1.000000
x65x128x3                     1.000000
x232x0x1                      1.000000
x232x0x3                      1.000000
x125x0x1                      1.000000
x125x0x2                      1.000000
x3x0x1                        1.000000
x3x0x2                        1.000000
x265x0x3                      2.000000
x258x0x1                      2.000000
x188x0x1                      1.000000
x188x0x2                      1.000000
x128x0x3                      2.000000
x147x0x2                      1.000000
x147x0x3                      1.000000
s243                          5.099629
s220                          6.917069
s141                          6.849058
s131                          7.092522
s11                           6.380000
s122                          6.380000
s129                          7.184940
s157                          6.720000
s242                          6.810000
s1                            6.870000
s212                          6.880000
s13                           7.116553
z243z13z1                     1.000000
s215                          6.940000
s4                            7.060000
s254                          7.447704
z243z254z1                    1.000000
s156                          7.410000
z243z156z1                    1.000000
s22                           7.582753
s27                           7.520000
s161                          7.540000
z243z161z1                    1.000000
s155                          7.550000
s88                           7.560000
z243z88z1                     1.000000
s64                           8.580000
z243z64z1                     1.000000
s26                           8.590000
z243z26z1                     1.000000
s54                           7.610000
s93                           8.620000
s82                           8.661082
s121                          8.730000
s180                          7.730000
s111                          7.740000
s96                           7.750000
s178                          8.780000
s25                           7.800000
s112                          7.800000
s33                           8.231637
s65                           7.998958
s232                          8.860000
s125                          8.930000
s3                            8.725872
s204                          9.010000
s159                          9.050000
s184                          9.050000
z243z184z1                    1.000000
s62                           8.110000
s234                          9.140000
z243z234z1                    1.000000
s186                          8.150000
z243z186z1                    1.000000
s50                           9.220000
s258                          9.250000
z243z258z1                    1.000000
s5                            9.330000
s248                          9.340000
z243z248z1                    1.000000
s74                           9.350000
s170                          9.350000
s188                          9.430000
s41                           5.217600
s103                          7.008645
s183                          7.044711
s197                          6.791543
s192                          7.219989
s32                           6.630000
s167                          7.087533
s81                           8.180000
s238                          7.220000
s124                          7.290000
s16                           7.360000
s87                           7.410000
z41z156z1                     1.000000
s136                          8.460000
z41z136z2                     1.000000
s145                          8.530000
z41z145z2                     1.000000
z41z161z1                     1.000000
s73                           8.560000
z41z73z2                      1.000000
z41z88z1                      1.000000
z41z64z1                      1.000000
z41z26z1                      1.000000
s264                          7.640000
z41z264z2                     1.000000
s206                          8.700000
z41z206z2                     1.000000
z41z65z1                      1.000000
s29                           8.950000
z41z29z2                      1.000000
s262                          9.030000
z41z184z1                     1.000000
s108                          9.110000
z41z234z1                     1.000000
z41z186z1                     1.000000
s240                          9.210000
z41z258z1                     1.000000
z41z248z1                     1.000000
s166                          9.350000
z41z166z2                     1.000000
s147                          9.490000
s266                          5.250772
z266z131z1                    1.000000
z266z254z1                    1.000000
z266z156z1                    1.000000
z266z88z1                     1.000000
z266z64z1                     1.000000
z266z26z1                     1.000000
z266z184z1                    1.000000
z266z234z1                    1.000000
z266z186z1                    1.000000
z266z258z1                    1.000000
z266z248z1                    1.000000
s17                           4.863775
s85                           6.000000
s138                          6.000000
s175                          6.000000
z17z129z1                     1.000000
z17z242z1                     1.000000
z17z1z1                       1.000000
z17z13z1                      1.000000
z17z254z1                     1.000000
z17z156z1                     1.000000
z17z161z1                     1.000000
z17z88z1                      1.000000
z17z64z1                      1.000000
z17z26z1                      1.000000
z17z184z1                     1.000000
z17z234z1                     1.000000
z17z186z1                     1.000000
z17z258z1                     1.000000
z17z248z1                     1.000000
s68                           5.489466
s224                          6.620000
s126                          6.760000
s249                          7.741244
s181                          7.040000
s30                           8.310000
s225                          8.480000
s194                          7.490000
z68z22z3                      1.000000
s61                           8.514557
z68z61z3                      1.000000
z68z206z2                     1.000000
s143                          8.720000
z68z125z2                     1.000000
z68z29z2                      1.000000
s209                          7.950000
z68z209z3                     1.000000
s6                            9.050000
z68z6z3                       1.000000
s58                           9.110000
z68z58z3                      1.000000
s211                          9.110000
z68z211z3                     1.000000
s265                          9.190000
z68z265z3                     1.000000
s20                           9.350000
z68z20z3                      1.000000
z68z166z2                     1.000000
s128                          9.470000
z68z128z3                     1.000000
s46                           5.198637
s154                          6.956227
z46z197z2                     1.000000
z46z167z2                     1.000000
z46z238z2                     1.000000
z46z87z2                      1.000000
z46z136z2                     1.000000
z46z145z2                     1.000000
z46z73z2                      1.000000
z46z264z2                     1.000000
z46z206z2                     1.000000
z46z29z2                      1.000000
z46z166z2                     1.000000
s252                          5.170852
s39                           6.462756
z252z39z3                     1.000000
s193                          6.849244
s148                          6.915410
z252z126z3                    1.000000
z252z249z3                    1.000000
z252z181z3                    1.000000
z252z30z3                     1.000000
z252z225z3                    1.000000
z252z194z3                    1.000000
z252z61z3                     1.000000
z252z143z3                    1.000000
z252z209z3                    1.000000
z252z6z3                      1.000000
z252z58z3                     1.000000
z252z211z3                    1.000000
z252z265z3                    1.000000
z252z20z3                     1.000000
z252z128z3                    1.000000
z175z184z1                    1.000000
z175z234z1                    1.000000
z175z186z1                    1.000000
z175z258z1                    1.000000
z175z248z1                    1.000000
z138z234z1                    1.000000
z138z186z1                    1.000000
z138z258z1                    1.000000
z138z248z1                    1.000000
s70                           6.000000
s92                           6.000000
s99                           5.350000
z99z148z3                     1.000000
z99z129z3                     1.000000
z99z30z3                      1.000000
z99z225z3                     1.000000
z99z194z3                     1.000000
z99z61z3                      1.000000
z99z143z3                     1.000000
z99z209z3                     1.000000
z99z6z3                       1.000000
z99z58z3                      1.000000
z99z211z3                     1.000000
z99z265z3                     1.000000
z99z20z3                      1.000000
z99z128z3                     1.000000
s150                          5.561334
z150z148z3                    1.000000
z150z30z3                     1.000000
z150z87z2                     1.000000
z150z136z2                    1.000000
z150z225z3                    1.000000
z150z194z3                    1.000000
z150z145z2                    1.000000
z150z73z2                     1.000000
z150z264z2                    1.000000
z150z61z3                     1.000000
z150z206z2                    1.000000
z150z143z3                    1.000000
z150z29z2                     1.000000
z150z209z3                    1.000000
z150z6z3                      1.000000
z150z58z3                     1.000000
z150z211z3                    1.000000
z150z265z3                    1.000000
z150z20z3                     1.000000
z150z166z2                    1.000000
z150z128z3                    1.000000
s263                          5.900262
z263z156z1                    1.000000
z263z22z1                     1.000000
z263z61z3                     1.000000
z263z65z3                     1.000000
z263z209z3                    1.000000
z263z6z3                      1.000000
z263z184z1                    1.000000
z263z58z3                     1.000000
z263z211z3                    1.000000
z263z234z1                    1.000000
z263z186z1                    1.000000
z263z265z3                    1.000000
z263z258z1                    1.000000
z263z248z1                    1.000000
z263z20z3                     1.000000
z263z128z3                    1.000000
z39z249z3                     1.000000
z39z61z3                      1.000000
z39z209z3                     1.000000
z39z6z3                       1.000000
z39z211z3                     1.000000
z39z265z3                     1.000000
z39z20z3                      1.000000
z39z128z3                     1.000000
s47                           6.000000
s63                           6.000000
z85z211z3                     1.000000
z85z186z1                     1.000000
z85z265z3                     1.000000
z85z258z1                     1.000000
z85z248z1                     1.000000
z85z20z3                      1.000000
z85z128z3                     1.000000
s101                          6.000000
z193z128z3                    1.000000
z220z258z1                    1.000000
z220z128z3                    1.000000
z141z258z1                    1.000000
z154z128z3                    1.000000
z183z128z3                    1.000000
z131z258z1                    1.000000
z11z258z1                     1.000000
z122z258z1                    1.000000
z122z128z3                    1.000000
z148z61z3                     1.000000
z148z265z3                    1.000000
z148z128z3                    1.000000
z129z82z1                     1.000000
z129z258z1                    1.000000
z129z128z3                    1.000000
z224z265z3                    1.000000
z224z128z3                    1.000000
z32z128z3                     1.000000
z157z128z3                    1.000000
z126z128z3                    1.000000
z249z128z3                    1.000000
z249z147z3                    1.000000
z212z128z3                    1.000000
z13z33z1                      1.000000
z13z232z1                     1.000000
z167z145z2                    1.000000
z167z33z2                     1.000000
z167z3z2                      1.000000
z181z128z3                    1.000000
z4z128z3                      1.000000
z254z125z1                    1.000000
z254z3z1                      1.000000
z22z232z3                     1.000000
z22z258z1                     1.000000
z264z82z2                     1.000000
z264z147z2                    1.000000
z33z188z1                     1.000000
z33z188z2                     1.000000
z65z258z1                     1.000000
z65z128z3                     1.000000
z186z248z1                    1.000000
All other variables in the range 1-7249 are 0.
