
Log started (V12.10.0.0) Fri Apr 23 12:05:13 2021


Problem 'asset.lp' read.
Read time = 0.01 sec. (0.30 ticks)
New value for default parallel thread count: 1
New value for time limit in seconds: 150
Version identifier: 12.10.0.0 | 2019-11-26 | 843d4de
CPXPARAM_Threads                                 1
CPXPARAM_TimeLimit                               150
Found incumbent of value -0.806358 after 0.00 sec. (0.13 ticks)
Tried aggregator 4 times.
MIP Presolve eliminated 1731 rows and 632 columns.
MIP Presolve modified 2069 coefficients.
Aggregator did 605 substitutions.
Reduced MIP has 790 rows, 871 columns, and 3710 nonzeros.
Reduced MIP has 731 binaries, 100 generals, 0 SOSs, and 0 indicators.
Presolve time = 0.02 sec. (10.56 ticks)
Probing fixed 162 vars, tightened 22 bounds.
Probing time = 0.01 sec. (3.23 ticks)
Cover probing fixed 0 vars, tightened 45 bounds.
Tried aggregator 1 time.
MIP Presolve eliminated 212 rows and 208 columns.
MIP Presolve modified 64 coefficients.
Reduced MIP has 578 rows, 659 columns, and 2532 nonzeros.
Reduced MIP has 545 binaries, 74 generals, 0 SOSs, and 0 indicators.
Presolve time = 0.00 sec. (2.49 ticks)
Probing time = 0.00 sec. (2.19 ticks)
Tried aggregator 1 time.
Detecting symmetries...
MIP Presolve modified 210 coefficients.
Reduced MIP has 578 rows, 659 columns, and 2532 nonzeros.
Reduced MIP has 545 binaries, 74 generals, 0 SOSs, and 0 indicators.
Presolve time = 0.00 sec. (1.79 ticks)
Probing time = 0.00 sec. (2.14 ticks)
Clique table members: 1973.
MIP emphasis: balance optimality and feasibility.
MIP search method: dynamic search.
Parallel mode: none, using 1 thread.
Root relaxation solution time = 0.01 sec. (5.93 ticks)

        Nodes                                         Cuts/
   Node  Left     Objective  IInf  Best Integer    Best Bound    ItCnt     Gap

*     0+    0                           -0.8064      961.3476              --- 
      0     0      734.5773   134       -0.8064      734.5773      454     --- 
      0     0      716.0056   134       -0.8064     Cuts: 244      763     --- 
      0     0      709.5418   134       -0.8064     Cuts: 205      996     --- 
      0     0      707.0545   134       -0.8064     Cuts: 179     1191     --- 
      0     0      704.4798   134       -0.8064     Cuts: 194     1298     --- 
      0     0      704.3437   134       -0.8064     Cuts: 167     1362     --- 
Detecting symmetries...
      0     0      703.5095   134       -0.8064      Cuts: 83     1440     --- 
      0     0      702.9707   134       -0.8064      Cuts: 96     1605     --- 
      0     0      702.7763   134       -0.8064     Cuts: 145     1810     --- 
      0     0      702.3458   134       -0.8064      Cuts: 94     1867     --- 
      0     0      702.0263   134       -0.8064      Cuts: 90     1976     --- 
      0     0      701.7167   134       -0.8064     Cuts: 147     2096     --- 
      0     0      701.6574   134       -0.8064      Cuts: 82     2152     --- 
      0     0      701.2254   134       -0.8064      Cuts: 22     2270     --- 
      0     0      701.1930   134       -0.8064      Cuts: 95     2361     --- 
*     0+    0                          138.5206      701.1930           406.20%
      0     0        cutoff            138.5206      701.1930     2361  406.20%
*     0+    0                          448.3438      701.1930            56.40%
*     0+    0                          448.3467      701.1930            56.40%
*     0+    0                          448.3507      701.1930            56.39%
*     0+    0                          448.3520      701.1930            56.39%
Detecting symmetries...
      0     2      701.1930   163      448.3520      701.1725     2361   56.39%
Elapsed time = 0.32 sec. (320.29 ticks, tree = 0.01 MB, solutions = 5)
*    81    74      integral     0      453.3937      698.6670     6815   54.10%
*    82    73      integral     0      453.3939      698.6670     6816   54.10%
     90    81      642.1781   101      453.3939      698.5701     7778   54.08%
*   110+   99                          454.0085      698.5701            53.87%
*   120+  107                          455.5326      698.5701            53.35%
*   130+  115                          456.5373      698.5701            53.01%
*   142   121      integral     0      482.2638      698.5701     8613   44.85%
*   143   120      integral     0      482.2639      698.5701     8614   44.85%
*   243+  213                          482.2640      696.9896            44.52%
    248   220      594.3001    81      482.2640      696.9896    11793   44.52%
    378   341      593.7957    67      482.2640      695.7267    16311   44.26%
*   410+  353                          486.8219      695.7267            42.91%

Performing restart 1

Repeating presolve.
Tried aggregator 2 times.
MIP Presolve modified 425 coefficients.
Aggregator did 8 substitutions.
Reduced MIP has 570 rows, 651 columns, and 2193 nonzeros.
Reduced MIP has 537 binaries, 74 generals, 0 SOSs, and 0 indicators.
Presolve time = 0.00 sec. (2.91 ticks)
Tried aggregator 1 time.
Reduced MIP has 570 rows, 651 columns, and 2193 nonzeros.
Reduced MIP has 537 binaries, 74 generals, 0 SOSs, and 0 indicators.
Presolve time = 0.00 sec. (1.66 ticks)
Represolve time = 0.02 sec. (13.05 ticks)
    521     0      674.6980   167      486.8219     Cuts: 242    20577   38.59%
    521     0      660.1281   167      486.8219     Cuts: 212    20761   35.60%
    521     0      653.7701   167      486.8219     Cuts: 178    20927   34.29%
    521     0      649.7985   167      486.8219     Cuts: 153    21093   33.48%
    521     0      647.7887   167      486.8219     Cuts: 155    21230   33.06%
    521     0      645.9464   167      486.8219     Cuts: 168    21373   32.69%
    521     0      645.1750   167      486.8219      Cuts: 75    21456   32.53%
    521     0      642.4870   167      486.8219     Cuts: 124    21619   31.98%
    521     0      640.8361   167      486.8219     Cuts: 152    21698   31.64%
    521     0      639.9545   167      486.8219     Cuts: 136    21814   31.46%
    521     0      638.5388   167      486.8219      Cuts: 98    21887   31.16%
    521     0      638.0580   167      486.8219      Cuts: 42    21979   31.07%
    521     0      637.6353   167      486.8219      Cuts: 47    22054   30.98%
    521     0      637.2289   167      486.8219      Cuts: 46    22121   30.90%
    521     0      636.9631   167      486.8219      Cuts: 49    22185   30.84%
    521     0      636.6238   167      486.8219      Cuts: 40    22248   30.77%
    521     0      636.2021   167      486.8219      Cuts: 77    22342   30.68%
    521     0      636.0492   167      486.8219      Cuts: 65    22416   30.65%
    521     0      635.8345   167      486.8219      Cuts: 45    22493   30.61%
    521     0      635.4112   167      486.8219      Cuts: 82    22579   30.52%
    521     0      634.9424   167      486.8219      Cuts: 78    22687   30.43%
    521     0      634.8673   167      486.8219      Cuts: 76    22763   30.41%
*   521+    0                          486.8243      634.8673            30.41%
    521     0        cutoff            486.8243      634.8673    22763   30.41%
    521     0      634.7731   167      486.8243      Cuts: 43    22810   30.39%
    521     0      634.6872   167      486.8243      Cuts: 47    22890   30.37%
    521     0      634.6519   167      486.8243      Cuts: 46    22935   30.37%
    521     0      634.5426   167      486.8243      Cuts: 34    23021   30.34%
    521     0      634.5270   167      486.8243      Cuts: 22    23049   30.34%
*   521+    0                          486.8245      634.5270            30.34%
*   521+    0                          486.8258      634.5270            30.34%
    521     2      634.5270   208      486.8258      634.5117    23049   30.34%
    524     5      618.8553   156      486.8258      632.9559    23878   30.02%
    530    11      612.1570   145      486.8258      632.9559    24461   30.02%
    562    36      581.4299    81      486.8258      632.9559    25873   30.02%
*   590    56      integral     0      486.9114      632.9559    26352   29.99%
*   591+   55                          486.9116      632.9559            29.99%
    610    73      581.5009    97      486.9116      632.6736    27660   29.94%
*   653   106      integral     0      502.1409      632.6736    28642   26.00%
Elapsed time = 4.06 sec. (4483.14 ticks, tree = 0.60 MB, solutions = 20)
*   753+  182                          513.9817      628.6666            22.31%
    912   316      569.9182    96      513.9817      625.1575    39023   21.63%
   1273   622      578.9114   125      513.9817      618.5254    51567   20.34%
*  1441+  771                          514.8597      615.9876            19.64%
*  1541+  851                          514.8598      613.7537            19.21%
   1641   938      579.9470   145      514.8598      612.9292    64407   19.05%
   1989  1244      552.6931    73      514.8598      610.8335    76695   18.64%
   2501  1684      584.8500   149      514.8598      606.9406    89922   17.88%
*  2691+ 1831                          517.3499      606.2838            17.19%
*  2742  1859      integral     0      517.9902      605.9656    95921   16.98%
*  2842+ 1895                          522.1322      604.9115            15.85%
   2901  1944      570.2580   136      522.1322      604.8860   100550   15.85%
   3288  2262      579.5444   132      522.1322      601.9587   111860   15.29%
*  3394  2330      integral     0      523.5144      601.5924   114780   14.91%
*  3494+ 2413                          523.5173      601.1622            14.83%
   3678  2555      565.4456    78      523.5173      600.2246   124498   14.65%
*  3801+ 2381                          531.0352      599.9805            12.98%
   4045  2574      573.9980   137      531.0352      598.2722   136698   12.66%
*  4237  2525      integral     0      535.0709      598.0745   142594   11.77%
Elapsed time = 11.60 sec. (13551.87 ticks, tree = 11.26 MB, solutions = 30)
*  4337+ 2589                          535.0749      597.2888            11.63%
   4486  2681      573.3549   113      535.0749      595.2381   154012   11.24%
   4818  2932      581.1079   126      535.0749      593.0970   165439   10.84%
   5125  3160      560.6311   100      535.0749      592.0982   176665   10.66%
*  5406  3161      integral     0      538.4645      591.1398   186567    9.78%
*  5407  3160      integral     0      538.4646      591.1398   186568    9.78%
   5448  3183        cutoff            538.4646      590.7870   188149    9.72%
*  5507+ 3216                          538.4655      590.6799             9.70%
*  5609  2865      integral     0      543.7176      590.5100   193258    8.61%
   5789  2990      562.2501   106      543.7176      590.0038   199376    8.51%
*  5865  2530      integral     0      549.4763      589.8815   202051    7.35%
*  5965+ 2602                          549.4764      589.6557             7.31%
   6113  2691      551.9684    68      549.4764      589.3179   211261    7.25%
   6397  2849      580.7979    90      549.4764      588.2570   223440    7.06%
*  6431+ 2609                          552.4553      588.1471             6.46%
*  6531+ 2524                          553.9414      587.7568             6.10%
   6644  2595      557.8419   101      553.9414      587.3430   233073    6.03%
   6866  2685      557.1894    95      553.9414      585.8638   243785    5.76%
   7081  2744      557.6596   135      553.9414      584.5940   254291    5.53%
Elapsed time = 19.80 sec. (23112.37 ticks, tree = 13.03 MB, solutions = 39)
   7315  2825      565.7849    58      553.9414      583.6610   264690    5.37%
   7577  2921      573.6100   145      553.9414      582.8115   275721    5.21%
   7802  3003      575.0988   130      553.9414      581.9910   286842    5.06%
   8099  3127      567.6415   121      553.9414      581.3544   298798    4.95%
   8346  3182      560.5230   134      553.9414      580.5929   310465    4.81%
*  8521+ 3210                          553.9415      579.9669             4.70%
   8607  3258      555.0592   145      553.9415      579.8769   322813    4.68%
   8898  3360      557.7282    87      553.9415      579.1332   334795    4.55%
   9133  3418        cutoff            553.9415      578.4669   345969    4.43%
   9356  3415      554.2331    98      553.9415      577.2249   357541    4.20%
   9603  3462      562.6318    71      553.9415      576.4347   368379    4.06%
Elapsed time = 28.08 sec. (32693.37 ticks, tree = 16.49 MB, solutions = 40)
   9856  3516      563.3210   117      553.9415      575.5909   379455    3.91%
  10121  3525      562.3314    89      553.9415      574.8658   390581    3.78%
  10357  3550      561.2751   114      553.9415      574.2177   401675    3.66%
  10630  3520      567.4930   145      553.9415      573.4009   413343    3.51%
  10896  3525      567.7150   107      553.9415      572.8814   425215    3.42%
* 10941+ 3524                          553.9415      572.7814             3.40%
  10943  3524      565.1771    58      553.9415      572.7639   427468    3.40%
  11196  3467      568.2584   115      553.9415      571.7415   439790    3.21%
  11519  3488      564.2436    98      553.9415      570.9888   452177    3.08%
  11820  3457        cutoff            553.9415      570.3414   464830    2.96%
  12097  3405      556.4354    56      553.9415      569.5077   477527    2.81%
Elapsed time = 39.42 sec. (44957.45 ticks, tree = 15.05 MB, solutions = 41)
  12354  3353      558.0736   136      553.9415      568.9780   489483    2.71%
  12656  3275      558.0723   109      553.9415      568.0617   501235    2.55%
  12953  3194        cutoff            553.9415      567.2842   512978    2.41%
  13261  3113      565.7975    96      553.9415      566.7172   523924    2.31%
  13572  3033      562.5491   111      553.9415      566.0846   534973    2.19%
  13862  2981      554.3059    92      553.9415      565.5681   546600    2.10%
  14183  2888        cutoff            553.9415      564.9269   558635    1.98%
  14545  2785      555.3729   100      553.9415      564.4125   571116    1.89%
  14924  2618        cutoff            553.9415      563.5653   583685    1.74%
  15317  2411      556.5002    83      553.9415      562.5895   596845    1.56%
Elapsed time = 47.90 sec. (54524.94 ticks, tree = 10.05 MB, solutions = 41)
  15757  2169        cutoff            553.9415      561.7191   609543    1.40%
  16216  1937      560.9773    84      553.9415      560.9635   621961    1.27%
  16765  1580        cutoff            553.9415      559.8172   635882    1.06%
  17347  1153      558.1214    67      553.9415      558.4850   649597    0.82%
  18128   474        cutoff            553.9415      556.2121   661858    0.41%

GUB cover cuts applied:  61
Clique cuts applied:  71
Cover cuts applied:  18
Implied bound cuts applied:  89
Flow cuts applied:  15
Mixed integer rounding cuts applied:  93
Zero-half cuts applied:  54
Lift and project cuts applied:  24
Gomory fractional cuts applied:  4

Root node processing (before b&c):
  Real time             =    0.32 sec. (320.91 ticks)
Sequential b&c:
  Real time             =   52.26 sec. (59391.11 ticks)
                          ------------
Total (root+branch&cut) =   52.58 sec. (59712.02 ticks)

Solution pool: 42 solutions saved.

MIP - Integer optimal, tolerance (0.0001/1e-06):  Objective =  5.5394154225e+02
Current MIP best bound =  5.5398579538e+02 (gap = 0.0442531, 0.01%)
Solution time =   52.58 sec.  Iterations = 665276  Nodes = 18597 (14)
Deterministic time = 59712.03 ticks  (1135.65 ticks/sec)


Incumbent solution
Variable Name           Solution Value
F                           600.000000
f1                            0.848458
f2                           45.210000
y152                          1.000000
y52                           1.000000
y165                          1.000000
y147                          1.000000
y177                          1.000000
y142                          1.000000
y33                           1.000000
y10                           1.000000
y150                          1.000000
y168                          1.000000
y8                            1.000000
y116                          1.000000
y99                           1.000000
y196                          1.000000
y188                          1.000000
y102                          1.000000
y139                          1.000000
y154                          1.000000
s132                          2.820000
s151                          2.830000
s70                           2.890000
s72                           2.920000
s164                          2.960000
s6                            3.050000
s78                           3.140000
s84                           3.180000
s60                           3.190000
s113                          3.230000
s153                          3.260000
s152                          4.121238
s105                          3.390000
s12                           3.440000
s156                          3.450000
s52                           4.101874
s71                           3.660000
s165                          4.265294
s32                           3.700000
s147                          4.669167
s98                           3.760000
s177                          4.777168
s126                          3.790000
s106                          3.850000
s57                           3.870000
s133                          3.880000
s142                          4.683703
s9                            3.910000
s137                          4.000000
s128                          4.070000
s130                          4.110000
s192                          4.110000
s54                           4.120000
s33                           4.972010
s55                           4.240000
s125                          4.380000
s18                           4.450000
s10                           5.380442
s82                           4.490000
s150                          4.759229
s168                          4.871440
s8                            5.452230
s116                          4.974382
s136                          4.750000
s99                           4.877121
s37                           4.850000
s196                          5.884484
s188                          5.786362
s102                          5.793015
s139                          5.952114
s154                          5.958498
x69x165x1                     1.000000
x162x142x1                    1.000000
x169x142x1                    1.000000
x170x33x1                     1.000000
x170x10x1                     1.000000
x85x99x1                      1.000000
x45x168x1                     1.000000
x45x116x1                     1.000000
x176x152x2                    2.000000
x69x165x2                     1.000000
x42x177x2                     1.000000
x193x116x2                    1.000000
x85x99x2                      1.000000
x63x33x2                      1.000000
x63x8x2                       1.000000
x31x52x3                      2.000000
x162x150x3                    1.000000
x169x150x3                    1.000000
x42x177x3                     1.000000
x193x168x3                    1.000000
x79x147x3                     2.000000
x152x8x2                      1.000000
x152x102x2                    1.000000
x52x10x3                      1.000000
x52x188x3                     1.000000
x165x188x1                    1.000000
x165x102x2                    1.000000
x147x0x3                      2.000000
x177x0x2                      1.000000
x177x0x3                      1.000000
x142x139x1                    2.000000
x33x0x1                       1.000000
x33x0x2                       1.000000
x10x0x1                       1.000000
x10x0x3                       1.000000
x150x196x3                    2.000000
x168x0x1                      1.000000
x168x0x3                      1.000000
x8x0x2                        2.000000
x116x0x1                      1.000000
x116x0x2                      1.000000
x99x154x1                     1.000000
x99x154x2                     1.000000
x196x0x3                      2.000000
x188x0x1                      1.000000
x188x0x3                      1.000000
x102x0x2                      2.000000
x139x0x1                      2.000000
x154x0x1                      1.000000
x154x0x2                      1.000000
s176                          2.531983
z176z152z2                    1.000000
z176z8z2                      1.000000
z176z102z2                    1.000000
s69                           2.778493
z69z165z1                     1.000000
z69z165z2                     1.000000
z69z18z1                      1.000000
z69z82z1                      1.000000
z69z8z2                       1.000000
z69z102z2                     1.000000
z69z139z1                     1.000000
s31                           2.379382
z31z52z3                      1.000000
z31z32z3                      1.000000
z31z147z3                     1.000000
z31z57z3                      1.000000
z31z150z3                     1.000000
z31z196z3                     1.000000
s162                          2.927397
z162z142z1                    1.000000
z162z150z3                    1.000000
z162z196z3                    1.000000
z162z139z1                    1.000000
s169                          3.313004
z169z142z1                    1.000000
z169z150z3                    1.000000
z169z196z3                    1.000000
z169z139z1                    1.000000
s42                           3.390251
z42z177z2                     1.000000
z42z177z3                     1.000000
z42z196z3                     1.000000
z42z102z2                     1.000000
s193                          3.352478
z193z168z3                    1.000000
z193z116z2                    1.000000
z193z196z3                    1.000000
z193z102z2                    1.000000
s170                          3.528344
z170z33z1                     1.000000
z170z10z1                     1.000000
z170z139z1                    1.000000
s79                           3.413930
z79z147z3                     1.000000
z79z196z3                     1.000000
s85                           3.397775
z85z99z1                      1.000000
z85z99z2                      1.000000
z85z102z2                     1.000000
z85z139z1                     1.000000
s45                           3.468505
z45z168z1                     1.000000
z45z116z1                     1.000000
z45z139z1                     1.000000
s63                           3.656980
z63z33z2                      1.000000
z63z8z2                       1.000000
z63z102z2                     1.000000
z84z196z3                     1.000000
z153z8z2                      1.000000
z152z8z2                      1.000000
z152z102z2                    1.000000
z52z10z3                      1.000000
z52z188z3                     1.000000
z165z188z1                    1.000000
z165z102z2                    1.000000
z98z196z3                     1.000000
z142z139z1                    1.000000
z150z196z3                    1.000000
z99z154z1                     1.000000
z99z154z2                     1.000000
All other variables in the range 1-2112 are 0.
