
Log started (V12.10.0.0) Thu Apr 15 15:10:41 2021


Problem 'asset.lp' read.
Read time = 0.03 sec. (2.27 ticks)
New value for default parallel thread count: 1
New value for time limit in seconds: 300
Version identifier: 12.10.0.0 | 2019-11-26 | 843d4de
CPXPARAM_Threads                                 1
CPXPARAM_TimeLimit                               300
Found incumbent of value 0.000000 after 0.00 sec. (0.59 ticks)
Tried aggregator 7 times.
MIP Presolve eliminated 6595 rows and 1959 columns.
MIP Presolve modified 10106 coefficients.
Aggregator did 6947 substitutions.
Reduced MIP has 5028 rows, 9746 columns, and 39280 nonzeros.
Reduced MIP has 8464 binaries, 1140 generals, 0 SOSs, and 0 indicators.
Presolve time = 0.13 sec. (127.71 ticks)
Probing fixed 3 vars, tightened 8 bounds.
Probing time = 0.04 sec. (19.47 ticks)
Tried aggregator 3 times.
Detecting symmetries...
MIP Presolve eliminated 81 rows and 31 columns.
MIP Presolve modified 297 coefficients.
Aggregator did 8 substitutions.
Reduced MIP has 4939 rows, 9707 columns, and 38990 nonzeros.
Reduced MIP has 8440 binaries, 1130 generals, 0 SOSs, and 0 indicators.
Presolve time = 0.04 sec. (39.75 ticks)
Probing time = 0.01 sec. (4.67 ticks)
Clique table members: 24815.
MIP emphasis: balance optimality and feasibility.
MIP search method: dynamic search.
Parallel mode: none, using 1 thread.
Root relaxation solution time = 0.66 sec. (1016.62 ticks)

        Nodes                                         Cuts/
   Node  Left     Objective  IInf  Best Integer    Best Bound    ItCnt     Gap

*     0+    0                            0.0000     3290.0000              --- 
      0     0     2953.5607   732        0.0000     2953.5607     5562     --- 
      0     0     2779.8389   732        0.0000    Cuts: 1334    10270     --- 
      0     0     2685.4707   732        0.0000    Cuts: 1334    14164     --- 
      0     0     2635.6728   732        0.0000    Cuts: 1334    18753     --- 
*     0+    0                          650.0000     2635.6728           305.49%
*     0+    0                          660.0000     2635.6728           299.34%
*     0+    0                          700.0000     2635.6728           276.52%
*     0+    0                          740.0000     2635.6728           256.17%
*     0+    0                          760.0000     2635.6728           246.80%
      0     0        cutoff            760.0000     2635.6728    18753  246.80%
      0     0     2604.4421   732      760.0000    Cuts: 1334    21853  242.69%
      0     0     2589.4461   732      760.0000    Cuts: 1334    25011  240.72%
Detecting symmetries...
      0     0     2576.5536   732      760.0000    Cuts: 1334    28432  239.02%
*     0+    0                          770.0000     2576.5536           234.62%
*     0+    0                          780.0000     2576.5536           230.33%
*     0+    0                          790.0000     2576.5536           226.15%
*     0+    0                          810.0000     2576.5536           218.09%
      0     0        cutoff            810.0000     2576.5536    28432  218.09%
      0     0     2567.8542   732      810.0000    Cuts: 1334    31885  217.02%
      0     0     2556.4489   732      810.0000    Cuts: 1334    35481  215.61%
      0     0     2547.0826   732      810.0000    Cuts: 1334    39611  214.45%
      0     0     2541.5033   732      810.0000    Cuts: 1334    41362  213.77%
      0     0     2537.9393   732      810.0000    Cuts: 1334    43748  213.33%
      0     0     2533.7331   732      810.0000    Cuts: 1333    45000  212.81%
      0     0     2531.1240   732      810.0000    Cuts: 1334    46293  212.48%
      0     0     2527.5926   732      810.0000    Cuts: 1334    48136  212.05%
      0     0     2523.6063   732      810.0000    Cuts: 1334    49426  211.56%
      0     0     2520.4498   732      810.0000    Cuts: 1334    51919  211.17%
      0     0     2518.2612   732      810.0000    Cuts: 1334    53734  210.90%
      0     0     2516.3188   732      810.0000    Cuts: 1334    55157  210.66%
      0     0     2513.7282   732      810.0000    Cuts: 1334    56506  210.34%
      0     0     2512.7634   732      810.0000    Cuts: 1334    57445  210.22%
      0     0     2509.8958   732      810.0000    Cuts: 1334    59691  209.86%
      0     0     2507.6558   732      810.0000    Cuts: 1334    62083  209.59%
      0     0     2505.6303   732      810.0000    Cuts: 1334    64176  209.34%
      0     0     2503.3586   732      810.0000    Cuts: 1334    65899  209.06%
      0     0     2502.5914   732      810.0000    Cuts: 1334    67118  208.96%
      0     0     2499.6704   732      810.0000     Cuts: 845    69014  208.60%
      0     0     2498.0837   732      810.0000    Cuts: 1334    71083  208.41%
      0     0     2495.3234   732      810.0000    Cuts: 1334    73280  208.06%
      0     0     2494.1996   732      810.0000    Cuts: 1334    74961  207.93%
      0     0     2493.8734   732      810.0000    Cuts: 1334    76448  207.89%
      0     0     2493.4208   732      810.0000     Cuts: 247    77430  207.83%
      0     0     2493.0712   732      810.0000    Cuts: 1334    78507  207.79%
Detecting symmetries...
      0     2     2493.0712   700      810.0000     2493.0684    78507  207.79%
Elapsed time = 34.59 sec. (45731.87 ticks, tree = 0.01 MB, solutions = 9)
      1     3     2489.8863   689      810.0000     2493.0684    80576  207.79%
      2     4     2492.9061   716      810.0000     2492.9061    81900  207.77%
      5     7     2492.8781   687      810.0000     2492.9061    82339  207.77%
      6     8     2487.9074   701      810.0000     2492.9061    83451  207.77%
      7     9     2492.7639   695      810.0000     2492.9061    84509  207.77%
      9    11     2481.5846   673      810.0000     2492.9061    86899  207.77%
     10    12     2480.1148   678      810.0000     2492.9061    88240  207.77%
     11    13     2476.5163   711      810.0000     2492.9061    90257  207.77%
     12    14     2459.0498   655      810.0000     2492.9061    93269  207.77%
     21    23     2425.0046   630      810.0000     2492.9061    96375  207.77%
Elapsed time = 38.45 sec. (51466.01 ticks, tree = 0.25 MB, solutions = 9)
     27    29     2378.8374   626      810.0000     2492.9061   100202  207.77%
     38    34     2340.4115   667      810.0000     2492.9061   104718  207.77%
     43    39     2314.7038   595      810.0000     2492.9061   108061  207.77%
     49    43     2284.7279   570      810.0000     2492.9061   111308  207.77%
     55    45     2488.7076   685      810.0000     2492.8679   113852  207.76%
     60    50     2464.6394   690      810.0000     2492.8679   119009  207.76%
     65    55     2481.4005   635      810.0000     2492.8679   122094  207.76%
     70    60     2481.1462   658      810.0000     2492.8679   125676  207.76%
     76    66     2476.9563   664      810.0000     2492.8679   130352  207.76%
     78    68     2475.3668   627      810.0000     2492.8679   135600  207.76%
Elapsed time = 49.41 sec. (68095.15 ticks, tree = 1.58 MB, solutions = 9)
     80    70     2455.9400   644      810.0000     2492.8679   138099  207.76%
     84    74     2459.0240   613      810.0000     2492.8679   142818  207.76%
     87    77     2464.7019   659      810.0000     2492.8679   146561  207.76%
     89    79     2462.3176   676      810.0000     2492.8679   150217  207.76%
     92    82     2435.6700   656      810.0000     2492.8679   154205  207.76%
     99    89     2422.2327   640      810.0000     2492.8679   157238  207.76%
    100    90     2422.5886   606      810.0000     2492.8679   158215  207.76%
    103    93     2396.2994   614      810.0000     2492.8679   161709  207.76%
    107    97     2407.3149   589      810.0000     2492.8679   165105  207.76%
    110   100     2386.4082   615      810.0000     2492.8679   166998  207.76%
Elapsed time = 57.85 sec. (80710.46 ticks, tree = 2.58 MB, solutions = 9)
    115   105     2394.1550   593      810.0000     2492.8679   170867  207.76%
    121   111     2400.2757   583      810.0000     2492.8679   171526  207.76%
    126   116     2394.3941   599      810.0000     2492.8679   175782  207.76%
    133   123     2355.5596   578      810.0000     2492.8679   179091  207.76%
    138   128     2386.5152   593      810.0000     2492.8679   182534  207.76%
    147   137     2352.0812   586      810.0000     2492.8679   187236  207.76%
    153   143     2362.3819   557      810.0000     2492.8679   190814  207.76%
    172   158     2334.9997   541      810.0000     2492.8679   195105  207.76%
    184   162     2243.3338   529      810.0000     2492.8679   199292  207.76%
    190   168     2214.3994   513      810.0000     2492.8679   202188  207.76%
Elapsed time = 66.13 sec. (92256.42 ticks, tree = 5.60 MB, solutions = 9)
    201   179     2181.8043   488      810.0000     2492.8679   205657  207.76%
    212   190     2195.6422   488      810.0000     2492.8679   209370  207.76%
    218   196     2054.9828   460      810.0000     2492.8679   213953  207.76%
    236   214     2039.9784   411      810.0000     2492.8679   218106  207.76%
    258   233     1871.8109   376      810.0000     2492.8679   222614  207.76%
    262   235     2487.2388   673      810.0000     2492.7658   225295  207.75%
    264   237     2479.6862   688      810.0000     2492.7658   228466  207.75%
    271   244     2468.1106   670      810.0000     2492.7658   232737  207.75%
    280   253     2463.6041   648      810.0000     2492.7658   234342  207.75%
    286   259     2455.6287   674      810.0000     2492.7658   237665  207.75%
Elapsed time = 74.60 sec. (104191.23 ticks, tree = 9.74 MB, solutions = 9)
    295   268     2397.9480   646      810.0000     2492.7658   241238  207.75%
    300   273     2391.1002   640      810.0000     2492.7658   242371  207.75%
    306   279     2379.3074   636      810.0000     2492.7658   245734  207.75%
    320   293     2374.4649   706      810.0000     2492.7658   248489  207.75%
    328   301     2362.2520   644      810.0000     2492.7658   251524  207.75%
    340   313     2350.4404   600      810.0000     2492.7658   254904  207.75%
    354   327     2341.5189   634      810.0000     2492.7658   257976  207.75%
    366   339     2326.9584   654      810.0000     2492.7658   261150  207.75%
    380   353     2314.6854   639      810.0000     2492.7658   263497  207.75%
    397   370     2300.9320   643      810.0000     2492.7658   266728  207.75%
Elapsed time = 84.56 sec. (118327.86 ticks, tree = 15.10 MB, solutions = 9)
    402   375     2492.5277   766      810.0000     2492.7453   269847  207.75%
    406   379     2483.3755   732      810.0000     2492.7453   273435  207.75%
    411   384     2475.6940   689      810.0000     2492.7453   276493  207.75%
    416   389     2466.2670   671      810.0000     2492.7453   279507  207.75%
    428   401     2446.0023   619      810.0000     2492.7453   282661  207.75%
    434   407     2356.3104   597      810.0000     2492.7453   285697  207.75%
    444   417     2328.4237   571      810.0000     2492.7453   288873  207.75%
    453   426     2323.5058   608      810.0000     2492.7453   292364  207.75%
    471   444     2315.4257   567      810.0000     2492.7453   295231  207.75%
    487   460     2303.7117   529      810.0000     2492.7453   298248  207.75%
Elapsed time = 92.00 sec. (129070.37 ticks, tree = 15.80 MB, solutions = 9)

Performing restart 1

Repeating presolve.
Tried aggregator 1 time.
MIP Presolve modified 8309 coefficients.
Reduced MIP has 4939 rows, 9707 columns, and 31196 nonzeros.
Reduced MIP has 8440 binaries, 1130 generals, 0 SOSs, and 0 indicators.
Presolve time = 0.03 sec. (26.47 ticks)
Tried aggregator 1 time.
Reduced MIP has 4939 rows, 9707 columns, and 31196 nonzeros.
Reduced MIP has 8440 binaries, 1130 generals, 0 SOSs, and 0 indicators.
Presolve time = 0.02 sec. (21.30 ticks)
Represolve time = 0.35 sec. (183.22 ticks)
    495     0     2410.2771   842      810.0000     Cuts: 670   342409  197.57%
    495     0     2382.7939   842      810.0000     Cuts: 534   345561  194.17%
    495     0     2366.0750   842      810.0000     Cuts: 593   348867  192.11%
*   495+    0                         1020.0000     2366.0750           131.97%
*   495+    0                         1025.0000     2366.0750           130.84%
    495     0        cutoff           1025.0000     2366.0750   348867  130.84%
    495     0     2359.2647   842     1025.0000     Cuts: 565   351764  130.17%
    495     0     2351.0872   842     1025.0000     Cuts: 515   353407  129.37%
    495     0     2345.8220   842     1025.0000     Cuts: 501   355521  128.86%
*   495+    0                         1090.0000     2345.8220           115.21%
*   495+    0                         1105.0000     2345.8220           112.29%
    495     0     2343.5500   842     1105.0000     Cuts: 488   356880  112.09%
    495     0     2340.5950   842     1105.0000     Cuts: 496   358254  111.82%
    495     0     2338.9754   842     1105.0000     Cuts: 374   359281  111.67%
    495     0     2333.4054   842     1105.0000     Cuts: 300   360749  111.17%
    495     0     2331.1973   842     1105.0000     Cuts: 575   361878  110.97%
    495     0     2328.4779   842     1105.0000     Cuts: 326   363057  110.72%
    495     0     2327.1781   842     1105.0000     Cuts: 282   363792  110.60%
    495     0     2325.3044   842     1105.0000     Cuts: 254   364828  110.43%
    495     0     2324.4071   842     1105.0000     Cuts: 318   365542  110.35%
    495     0     2322.3850   842     1105.0000     Cuts: 319   366211  110.17%
    495     0     2320.6795   842     1105.0000     Cuts: 222   367421  110.02%
    495     0     2319.9792   842     1105.0000     Cuts: 285   368347  109.95%
    495     0     2319.5205   842     1105.0000     Cuts: 291   369377  109.91%
    495     0     2319.1442   842     1105.0000     Cuts: 280   370801  109.88%
    495     0     2318.9768   842     1105.0000     Cuts: 310   371283  109.86%
    495     0     2318.7358   842     1105.0000     Cuts: 165   371652  109.84%
    495     0     2317.8806   842     1105.0000     Cuts: 302   372319  109.76%
    495     0     2317.6256   842     1105.0000     Cuts: 305   372792  109.74%
    495     0     2317.4350   842     1105.0000     Cuts: 203   373342  109.72%
    495     2     2317.4350   737     1105.0000     2317.4229   373342  109.72%
    496     3     2314.6938   704     1105.0000     2317.4229   374778  109.72%
    497     4     2315.8235   723     1105.0000     2315.8226   376635  109.58%
    498     5     2312.9762   706     1105.0000     2315.8226   378457  109.58%
    499     6     2288.6720   675     1105.0000     2315.8226   380418  109.58%
    500     7     2309.0018   709     1105.0000     2315.8226   384559  109.58%
    501     8     2302.9973   707     1105.0000     2315.8226   390682  109.58%
    502     9     2306.9112   702     1105.0000     2315.8226   394402  109.58%
    504    11     2293.7886   676     1105.0000     2315.8226   397753  109.58%
    505    12     2295.0922   676     1105.0000     2315.8226   401771  109.58%
Elapsed time = 220.04 sec. (298395.51 ticks, tree = 0.13 MB, solutions = 13)
    507    14     2285.0843   658     1105.0000     2315.8226   405658  109.58%
    509    16     2298.2572   679     1105.0000     2315.8226   406795  109.58%
    511    18     2285.0344   640     1105.0000     2315.8226   410734  109.58%
    513    20     2265.1111   653     1105.0000     2315.8226   413160  109.58%
    515    22     2295.9752   642     1105.0000     2315.8226   415270  109.58%
    516    23     2247.0886   625     1105.0000     2315.8226   418282  109.58%
    517    24     2230.4110   606     1105.0000     2315.8226   422149  109.58%
    519    26     2291.5505   645     1105.0000     2315.8226   423569  109.58%
    521    28     2289.1670   630     1105.0000     2315.8226   425703  109.58%
    523    30     2288.8624   615     1105.0000     2315.8226   428233  109.58%
Elapsed time = 229.48 sec. (312273.07 ticks, tree = 0.46 MB, solutions = 13)
    525    32     2284.3216   602     1105.0000     2315.8226   430686  109.58%
    527    34     2279.0633   629     1105.0000     2315.8226   434100  109.58%
    530    37     2282.3168   618     1105.0000     2315.8226   435379  109.58%
    533    40     2271.2132   588     1105.0000     2315.8226   437592  109.58%
    535    42     2282.9223   620     1105.0000     2315.8226   439307  109.58%
    538    45     2282.2379   590     1105.0000     2315.8226   441060  109.58%
    540    47     2274.5285   613     1105.0000     2315.8226   443926  109.58%
    541    48     2275.3306   576     1105.0000     2315.8226   446869  109.58%
    544    51     2238.0950   576     1105.0000     2315.8226   449573  109.58%
    554    61     2260.6673   572     1105.0000     2315.8226   458828  109.58%
Elapsed time = 247.66 sec. (337776.72 ticks, tree = 1.15 MB, solutions = 13)
    560    67     2269.8304   581     1105.0000     2315.8226   464534  109.58%
    566    73     2261.9286   583     1105.0000     2315.8226   474592  109.58%
    574    81     2252.5597   587     1105.0000     2315.8226   483314  109.58%
    582    87     2247.8067   564     1105.0000     2315.8226   492853  109.58%
    588    93     2234.7227   580     1105.0000     2315.8226   501978  109.58%
    597   102     2234.9340   572     1105.0000     2315.8226   508219  109.58%
    608   111     2220.3631   555     1105.0000     2315.8226   514143  109.58%
    621   124     2209.7410   564     1105.0000     2315.8226   519477  109.58%
    635   138     2200.8295   571     1105.0000     2315.8226   525165  109.58%
    647   146     2168.7788   557     1105.0000     2315.8226   532889  109.58%
Elapsed time = 275.62 sec. (377753.72 ticks, tree = 3.39 MB, solutions = 13)
    652   147     2302.4932   709     1105.0000     2315.8165   537468  109.58%
    660   155     2295.3237   705     1105.0000     2315.8165   543974  109.58%
    671   166     2288.6837   693     1105.0000     2315.8165   549692  109.58%
    678   173     2279.6765   672     1105.0000     2315.8165   556410  109.58%
    686   181     2269.5276   656     1105.0000     2315.8165   563370  109.58%
Starting limited solution polishing.
*   695+  188                         1125.0000     2315.8165           105.85%
*   695+  188                         1155.0000     2315.8165           100.50%
    696   191     2198.8993   642     1155.0000     2315.8165   571685  100.50%
    706   201     2247.9434   659     1155.0000     2315.8165   578203  100.50%

GUB cover cuts applied:  45
Clique cuts applied:  423
Cover cuts applied:  21
Implied bound cuts applied:  96
Flow cuts applied:  13
Mixed integer rounding cuts applied:  164
Zero-half cuts applied:  154
Lift and project cuts applied:  10
Gomory fractional cuts applied:  14

Root node processing (before b&c):
  Real time             =   34.54 sec. (45692.71 ticks)
Sequential b&c:
  Real time             =  265.47 sec. (365212.06 ticks)
                          ------------
Total (root+branch&cut) =  300.00 sec. (410904.76 ticks)

Solution pool: 16 solutions saved.

MIP - Time limit exceeded, integer feasible:  Objective =  1.1550000000e+03
Current MIP best bound =  2.3158165353e+03 (gap = 1160.82, 100.50%)
Solution time =  300.01 sec.  Iterations = 584718  Nodes = 712 (206)
Deterministic time = 410904.82 ticks  (1369.66 ticks/sec)


Incumbent solution
Variable Name           Solution Value
F                          1155.000000
f1                          990.000000
f2                          165.000000
y6                            1.000000
y19                           1.000000
y20                           1.000000
y21                           1.000000
y26                           1.000000
y39                           1.000000
y41                           1.000000
y61                           1.000000
y63                           1.000000
y74                           1.000000
y81                           1.000000
y84                           1.000000
y95                           1.000000
y97                           1.000000
y105                          1.000000
y106                          1.000000
y113                          1.000000
y127                          1.000000
y136                          1.000000
y142                          1.000000
y145                          1.000000
y148                          1.000000
y150                          1.000000
y153                          1.000000
y158                          1.000000
y160                          1.000000
y166                          1.000000
y169                          1.000000
y172                          1.000000
y179                          1.000000
y180                          1.000000
y2                            1.000000
y35                           1.000000
y59                           1.000000
y60                           1.000000
y80                           1.000000
y91                           1.000000
y119                          1.000000
y126                          1.000000
y133                          1.000000
y167                          1.000000
x0x6x1                        1.000000
x0x21x1                       2.000000
x0x26x1                       1.000000
x0x41x1                       1.000000
x0x153x1                      1.000000
x0x19x2                       1.000000
x0x81x2                       2.000000
x0x136x2                      2.000000
x0x153x2                      1.000000
x0x19x3                       1.000000
x0x26x3                       1.000000
x0x142x3                      2.000000
x0x148x3                      2.000000
x6x105x1                      1.000000
x19x6x2                       1.000000
x6x150x2                      1.000000
x19x95x3                      1.000000
x19x142x3                    -0.000000
x105x20x1                     1.000000
x179x20x1                     1.000000
b20b59b1                      2.000000
x21x74x1                      1.000000
x21x113x1                     1.000000
x26x180x1                     1.000000
x26x106x3                     1.000000
x145x39x2                     2.000000
b39b91b2                      2.000000
x41x166x1                     1.000000
x142x41x3                     1.000000
x41x179x3                     1.000000
x81x61x2                      2.000000
x61x106x2                     1.000000
x61x166x2                     1.000000
x74x63x1                      1.000000
x63x172x1                     1.000000
x169x63x3                     1.000000
x63x158x3                     1.000000
x153x74x2                     1.000000
x74x150x2                     1.000000
x127x84x1                     1.000000
b84b2b1                       1.000000
x105x84x3                     1.000000
b84b167b3                     1.000000
x153x95x1                     1.000000
x95x127x1                     1.000000
x148x95x3                    -0.000000
x95x127x3                     1.000000
x166x97x2                     1.000000
b97b80b2                      1.000000
x127x97x3                     1.000000
b97b2b3                       1.000000
x113x105x3                    1.000000
x106x172x2                    1.000000
b106b0b3                      1.000000
x113x179x1                    1.000000
x142x113x3                    1.000000
x136x145x2                    2.000000
x148x142x3                    0.000000
x148x169x3                    2.000000
b150b126b2                    2.000000
x179x158x3                    1.000000
b158b0b3                      2.000000
x180x160x1                    1.000000
b160b119b1                    1.000000
x180x160x3                    1.000000
b160b167b3                    1.000000
b166b0b1                      1.000000
x169x180x3                    1.000000
b172b119b1                    1.000000
b172b80b2                     1.000000
x2x60x1                       1.000000
x2x0x3                        1.000000
x119x35x1                     1.000000
x35x0x1                       1.000000
x80x35x2                      1.000000
x35x0x2                       1.000000
x59x0x1                       2.000000
x60x0x1                       1.000000
x80x60x2                      1.000000
x60x0x2                       1.000000
x91x0x2                       2.000000
x119x0x1                      1.000000
x126x0x2                      2.000000
x167x133x3                    2.000000
x133x0x3                      2.000000
s1                            5.770000
z0z1z2                        1.000000
s6                            2.286251
z0z6z1                        1.000000
s9                            4.430000
z0z9z1                        1.000000
s14                           5.690000
z0z14z1                       1.000000
s16                           1.240000
z0z16z1                       1.000000
s17                           4.420000
s18                           4.420000
s19                           0.810623
z0z19z2                       1.000000
z0z19z3                       1.000000
s20                           5.015769
z0z20z1                       1.000000
s21                           1.080000
z0z21z1                       1.000000
s22                           0.140000
s24                           2.760000
z0z24z3                       1.000000
s25                           5.670000
s26                           1.340000
z0z26z1                       1.000000
z0z26z3                       1.000000
s27                           5.040000
z0z27z1                       1.000000
s29                           6.000000
s30                           3.010000
s31                           3.020000
z0z31z1                       1.000000
s32                           3.720000
s33                           4.390000
s38                           3.730000
z0z38z2                       1.000000
s39                           3.900000
z0z39z2                       1.000000
s40                           3.720000
z0z40z2                       1.000000
s41                           2.258829
z0z41z1                       1.000000
s44                           4.050000
z0z44z2                       1.000000
s46                           5.130000
z0z46z2                       1.000000
s47                           5.450000
s48                           3.370000
s49                           5.470000
z0z49z3                       1.000000
s50                           4.590000
z0z50z1                       1.000000
s54                           1.700000
z0z54z3                       1.000000
s58                           0.740000
s61                           2.075372
z0z61z2                       1.000000
s62                           3.940000
z0z62z3                       1.000000
s63                           3.899318
s64                           3.570000
z0z64z3                       1.000000
s65                           5.160000
s66                           4.750000
z0z66z3                       1.000000
s71                           4.370000
z0z71z1                       1.000000
s73                           4.180000
z0z73z1                       1.000000
s74                           2.604172
s76                           3.840000
z0z76z3                       1.000000
s79                           4.980000
s81                           0.870000
z0z81z2                       1.000000
s82                           5.850000
s84                           5.259021
s85                           5.550000
s89                           2.660000
z0z89z1                       1.000000
s90                           0.090000
s94                           3.910000
s95                           2.040229
s96                           1.610000
z0z96z1                       1.000000
s97                           5.026270
s98                           3.870000
s99                           3.850000
z0z99z1                       1.000000
s100                          2.330000
s104                          6.000000
z0z104z3                      1.000000
s105                          3.804024
s106                          3.584707
s111                          5.540000
z0z111z2                      1.000000
s113                          2.352356
s114                          3.100000
s116                          3.000000
z0z116z1                      1.000000
s123                          5.680000
z0z123z2                      1.000000
s125                          3.980000
z0z125z3                      1.000000
s127                          3.402506
s129                          1.100000
z0z129z1                      1.000000
s131                          5.610000
s132                          0.080000
s136                          0.890000
z0z136z2                      1.000000
s139                          3.710000
z0z139z3                      1.000000
s140                          3.860000
z0z140z2                      1.000000
s141                          3.190000
s142                          0.880000
z0z142z3                      1.000000
s143                          0.020000
s145                          2.620000
z0z145z2                      1.000000
s146                          0.810000
s148                          0.815544
z0z148z3                      1.000000
s149                          3.320000
s150                          4.210000
z0z150z2                      1.000000
s152                          5.110000
s153                          0.873562
z0z153z1                      1.000000
z0z153z2                      1.000000
s155                          3.960000
s158                          5.046136
z0z158z3                      1.000000
s160                          4.693961
s161                          3.650000
z0z161z2                      1.000000
s162                          4.040000
z0z162z1                      1.000000
s163                          3.840000
s165                          5.560000
s166                          3.592429
s168                          6.000000
z0z168z3                      1.000000
s169                          2.145527
z0z169z3                      1.000000
s172                          5.103387
s173                          4.830000
s174                          0.400000
s177                          5.580000
s179                          3.713923
s180                          3.480523
s2                            6.603158
s3                            7.700000
s4                            7.220000
s5                            7.290000
s7                            9.420000
z0z7z2                        1.000000
s10                           7.400000
z0z10z2                       1.000000
s11                           6.790000
z0z11z2                       1.000000
s12                           9.350000
s13                           7.310000
z0z13z3                       1.000000
s15                           7.980000
s28                           9.310000
z0z28z1                       1.000000
s34                           8.510000
s35                           7.670000
s36                           8.760000
s42                           7.890000
z0z42z2                       1.000000
s43                           8.790000
z0z43z1                       1.000000
s51                           9.470000
s52                           7.240000
z0z52z3                       1.000000
s53                           7.540000
s55                           6.850000
s59                           8.040000
z0z59z1                       1.000000
s60                           8.110000
s67                           6.480000
s68                           9.410000
s69                           6.000000
z0z69z2                       1.000000
s70                           8.950000
z0z70z3                       1.000000
s75                           7.710000
s77                           7.700000
s78                           9.370000
z0z78z2                       1.000000
s80                           6.543509
z0z80z2                       1.000000
s86                           8.580000
z0z86z1                       1.000000
s87                           7.630000
s91                           8.650000
z0z91z2                       1.000000
s92                           6.270000
s93                           7.940000
s101                          9.420000
z0z101z3                      1.000000
s102                          8.240000
z0z102z2                      1.000000
s103                          8.440000
z0z103z1                      1.000000
s107                          6.790000
s108                          6.370000
z0z108z1                      1.000000
s109                          6.720000
s112                          8.400572
s115                          6.020000
z0z115z1                      1.000000
s117                          6.990000
s119                          6.388733
z0z119z1                      1.000000
s121                          7.810000
s122                          6.570000
z0z122z2                      1.000000
s126                          7.296981
z0z126z2                      1.000000
s128                          9.420000
z0z128z2                      1.000000
s133                          7.660744
z0z133z3                      1.000000
s134                          6.010000
s135                          9.490000
z0z135z3                      1.000000
s137                          8.290000
z0z137z2                      1.000000
s144                          6.610000
s147                          9.350000
z0z147z2                      1.000000
s151                          9.500000
s154                          7.620000
z0z154z1                      1.000000
s156                          8.370000
z0z156z2                      1.000000
s157                          8.330000
z0z157z3                      1.000000
s159                          6.000000
s167                          6.449925
z0z167z3                      1.000000
s170                          9.140000
z0z170z2                      1.000000
s171                          7.810000
s176                          8.070000
s181                          6.470000
z1z7z2                        1.000000
z1z78z2                       1.000000
z1z102z2                      1.000000
z1z128z2                      1.000000
z1z147z2                      1.000000
z1z170z2                      1.000000
z6z1z2                        1.000000
z6z14z1                       1.000000
z6z27z1                       1.000000
z6z46z2                       1.000000
z6z105z1                      1.000000
z6z111z2                      1.000000
z6z123z2                      1.000000
z6z150z2                      1.000000
z6z7z2                        1.000000
z6z10z2                       1.000000
z6z11z2                       1.000000
z6z28z1                       1.000000
z6z42z2                       1.000000
z6z43z1                       1.000000
z6z59z1                       1.000000
z6z69z2                       1.000000
z6z78z2                       1.000000
z6z80z2                       1.000000
z6z86z1                       1.000000
z6z91z2                       1.000000
z6z102z2                      1.000000
z6z103z1                      1.000000
z6z108z1                      1.000000
z6z115z1                      1.000000
z6z119z1                      1.000000
z6z122z2                      1.000000
z6z126z2                      1.000000
z6z128z2                      1.000000
z6z137z2                      1.000000
z6z147z2                      1.000000
z6z154z1                      1.000000
z6z156z2                      1.000000
z6z170z2                      1.000000
z9z28z1                       1.000000
z9z43z1                       1.000000
z9z59z1                       1.000000
z9z86z1                       1.000000
z9z103z1                      1.000000
z9z154z1                      1.000000
z14z28z1                      1.000000
z16z14z1                      1.000000
z16z20z1                      1.000000
z16z27z1                      1.000000
z16z28z1                      1.000000
z16z43z1                      1.000000
z16z59z1                      1.000000
z16z86z1                      1.000000
z16z103z1                     1.000000
z16z108z1                     1.000000
z16z115z1                     1.000000
z16z119z1                     1.000000
z16z154z1                     1.000000
z17z13z3                      1.000000
z17z28z1                      1.000000
z17z43z1                      1.000000
z17z52z3                      1.000000
z17z59z1                      1.000000
z17z70z3                      1.000000
z17z86z1                      1.000000
z17z101z3                     1.000000
z17z103z1                     1.000000
z17z108z1                     1.000000
z17z119z1                     1.000000
z17z133z3                     1.000000
z17z135z3                     1.000000
z17z154z1                     1.000000
z17z157z3                     1.000000
z17z167z3                     1.000000
z18z7z2                       1.000000
z18z10z2                      1.000000
z18z11z2                      1.000000
z18z28z1                      1.000000
z18z42z2                      1.000000
z18z43z1                      1.000000
z18z59z1                      1.000000
z18z78z2                      1.000000
z18z86z1                      1.000000
z18z91z2                      1.000000
z18z102z2                     1.000000
z18z103z1                     1.000000
z18z122z2                     1.000000
z18z128z2                     1.000000
z18z137z2                     1.000000
z18z147z2                     1.000000
z18z154z1                     1.000000
z18z156z2                     1.000000
z18z170z2                     1.000000
z19z1z2                       1.000000
z19z6z2                       1.000000
z19z38z2                      1.000000
z19z40z2                      1.000000
z19z44z2                      1.000000
z19z46z2                      1.000000
z19z49z3                      1.000000
z19z62z3                      1.000000
z19z66z3                      1.000000
z19z95z3                      1.000000
z19z104z3                     1.000000
z19z111z2                     1.000000
z19z123z2                     1.000000
z19z125z3                     1.000000
z19z140z2                     1.000000
z19z142z3                    -0.000000
z19z158z3                     1.000000
z19z161z2                     1.000000
z19z168z3                     1.000000
z19z7z2                       1.000000
z19z10z2                      1.000000
z19z11z2                      1.000000
z19z13z3                      1.000000
z19z42z2                      1.000000
z19z52z3                      1.000000
z19z69z2                      1.000000
z19z70z3                      1.000000
z19z78z2                      1.000000
z19z80z2                      1.000000
z19z91z2                      1.000000
z19z101z3                     1.000000
z19z102z2                     1.000000
z19z122z2                     1.000000
z19z126z2                     1.000000
z19z128z2                     1.000000
z19z133z3                     1.000000
z19z135z3                     1.000000
z19z137z2                     1.000000
z19z147z2                     1.000000
z19z156z2                     1.000000
z19z157z3                     1.000000
z19z167z3                     1.000000
z19z170z2                     1.000000
z20z28z1                      1.000000
z20z43z1                      1.000000
z20z59z1                      1.000000
z20z86z1                      1.000000
z20z103z1                     1.000000
z20z154z1                     1.000000
z21z9z1                       1.000000
z21z14z1                      1.000000
z21z20z1                      1.000000
z21z27z1                      1.000000
z21z50z1                      1.000000
z21z71z1                      1.000000
z21z73z1                      1.000000
z21z74z1                      1.000000
z21z89z1                      1.000000
z21z99z1                      1.000000
z21z113z1                     1.000000
z21z116z1                     1.000000
z21z162z1                     1.000000
z21z28z1                      1.000000
z21z43z1                      1.000000
z21z59z1                      1.000000
z21z86z1                      1.000000
z21z103z1                     1.000000
z21z108z1                     1.000000
z21z115z1                     1.000000
z21z119z1                     1.000000
z21z154z1                     1.000000
z22z9z1                       1.000000
z22z14z1                      1.000000
z22z20z1                      1.000000
z22z27z1                      1.000000
z22z50z1                      1.000000
z22z71z1                      1.000000
z22z73z1                      1.000000
z22z89z1                      1.000000
z22z96z1                      1.000000
z22z99z1                      1.000000
z22z116z1                     1.000000
z22z162z1                     1.000000
z22z28z1                      1.000000
z22z43z1                      1.000000
z22z59z1                      1.000000
z22z86z1                      1.000000
z22z103z1                     1.000000
z22z108z1                     1.000000
z22z115z1                     1.000000
z22z119z1                     1.000000
z22z154z1                     1.000000
z24z66z3                      1.000000
z24z104z3                     1.000000
z24z168z3                     1.000000
z24z13z3                      1.000000
z24z52z3                      1.000000
z24z70z3                      1.000000
z24z101z3                     1.000000
z24z133z3                     1.000000
z24z135z3                     1.000000
z24z157z3                     1.000000
z24z167z3                     1.000000
z25z28z1                      1.000000
z25z70z3                      1.000000
z25z101z3                     1.000000
z25z135z3                     1.000000
z26z14z1                      1.000000
z26z20z1                      1.000000
z26z27z1                      1.000000
z26z49z3                      1.000000
z26z66z3                      1.000000
z26z104z3                     1.000000
z26z106z3                     1.000000
z26z158z3                     1.000000
z26z168z3                     1.000000
z26z180z1                     1.000000
z26z13z3                      1.000000
z26z28z1                      1.000000
z26z43z1                      1.000000
z26z52z3                      1.000000
z26z59z1                      1.000000
z26z70z3                      1.000000
z26z86z1                      1.000000
z26z101z3                     1.000000
z26z103z1                     1.000000
z26z108z1                     1.000000
z26z115z1                     1.000000
z26z119z1                     1.000000
z26z133z3                     1.000000
z26z135z3                     1.000000
z26z154z1                     1.000000
z26z157z3                     1.000000
z26z167z3                     1.000000
z27z28z1                      1.000000
z29z7z2                       1.000000
z29z28z1                      1.000000
z29z78z2                      1.000000
z29z128z2                     1.000000
z29z147z2                     1.000000
z30z123z2                     1.000000
z30z7z2                       1.000000
z30z10z2                      1.000000
z30z11z2                      1.000000
z30z13z3                      1.000000
z30z42z2                      1.000000
z30z52z3                      1.000000
z30z69z2                      1.000000
z30z70z3                      1.000000
z30z78z2                      1.000000
z30z80z2                      1.000000
z30z91z2                      1.000000
z30z101z3                     1.000000
z30z102z2                     1.000000
z30z122z2                     1.000000
z30z126z2                     1.000000
z30z128z2                     1.000000
z30z133z3                     1.000000
z30z135z3                     1.000000
z30z137z2                     1.000000
z30z147z2                     1.000000
z30z156z2                     1.000000
z30z157z3                     1.000000
z30z167z3                     1.000000
z30z170z2                     1.000000
z31z14z1                      1.000000
z31z27z1                      1.000000
z31z28z1                      1.000000
z31z43z1                      1.000000
z31z59z1                      1.000000
z31z86z1                      1.000000
z31z103z1                     1.000000
z31z108z1                     1.000000
z31z115z1                     1.000000
z31z119z1                     1.000000
z31z154z1                     1.000000
z32z7z2                       1.000000
z32z10z2                      1.000000
z32z11z2                      1.000000
z32z13z3                      1.000000
z32z42z2                      1.000000
z32z52z3                      1.000000
z32z70z3                      1.000000
z32z78z2                      1.000000
z32z91z2                      1.000000
z32z101z3                     1.000000
z32z102z2                     1.000000
z32z122z2                     1.000000
z32z126z2                     1.000000
z32z128z2                     1.000000
z32z133z3                     1.000000
z32z135z3                     1.000000
z32z137z2                     1.000000
z32z147z2                     1.000000
z32z156z2                     1.000000
z32z157z3                     1.000000
z32z170z2                     1.000000
z33z28z1                      1.000000
z33z70z3                      1.000000
z33z101z3                     1.000000
z33z135z3                     1.000000
z38z7z2                       1.000000
z38z10z2                      1.000000
z38z11z2                      1.000000
z38z42z2                      1.000000
z38z78z2                      1.000000
z38z91z2                      1.000000
z38z102z2                     1.000000
z38z122z2                     1.000000
z38z128z2                     1.000000
z38z137z2                     1.000000
z38z147z2                     1.000000
z38z156z2                     1.000000
z38z170z2                     1.000000
z39z1z2                       1.000000
z39z111z2                     1.000000
z39z123z2                     1.000000
z39z7z2                       1.000000
z39z10z2                      1.000000
z39z11z2                      1.000000
z39z42z2                      1.000000
z39z69z2                      1.000000
z39z78z2                      1.000000
z39z80z2                      1.000000
z39z91z2                      1.000000
z39z102z2                     1.000000
z39z122z2                     1.000000
z39z126z2                     1.000000
z39z128z2                     1.000000
z39z137z2                     1.000000
z39z147z2                     1.000000
z39z156z2                     1.000000
z39z170z2                     1.000000
z40z7z2                       1.000000
z40z10z2                      1.000000
z40z11z2                      1.000000
z40z42z2                      1.000000
z40z78z2                      1.000000
z40z91z2                      1.000000
z40z102z2                     1.000000
z40z122z2                     1.000000
z40z126z2                     1.000000
z40z128z2                     1.000000
z40z137z2                     1.000000
z40z147z2                     1.000000
z40z156z2                     1.000000
z40z170z2                     1.000000
z41z14z1                      1.000000
z41z20z1                      1.000000
z41z27z1                      1.000000
z41z49z3                      1.000000
z41z66z3                      1.000000
z41z104z3                     1.000000
z41z158z3                     1.000000
z41z166z1                     1.000000
z41z168z3                     1.000000
z41z179z3                     1.000000
z41z13z3                      1.000000
z41z28z1                      1.000000
z41z43z1                      1.000000
z41z52z3                      1.000000
z41z59z1                      1.000000
z41z70z3                      1.000000
z41z86z1                      1.000000
z41z101z3                     1.000000
z41z103z1                     1.000000
z41z108z1                     1.000000
z41z115z1                     1.000000
z41z119z1                     1.000000
z41z133z3                     1.000000
z41z135z3                     1.000000
z41z154z1                     1.000000
z41z157z3                     1.000000
z41z167z3                     1.000000
z44z7z2                       1.000000
z44z10z2                      1.000000
z44z11z2                      1.000000
z44z42z2                      1.000000
z44z78z2                      1.000000
z44z91z2                      1.000000
z44z102z2                     1.000000
z44z128z2                     1.000000
z44z137z2                     1.000000
z44z147z2                     1.000000
z44z156z2                     1.000000
z44z170z2                     1.000000
z46z7z2                       1.000000
z46z42z2                      1.000000
z46z78z2                      1.000000
z46z102z2                     1.000000
z46z128z2                     1.000000
z46z147z2                     1.000000
z46z170z2                     1.000000
z47z28z1                      1.000000
z47z70z3                      1.000000
z47z101z3                     1.000000
z47z135z3                     1.000000
z47z154z1                     1.000000
z48z1z2                       1.000000
z48z46z2                      1.000000
z48z104z3                     1.000000
z48z111z2                     1.000000
z48z123z2                     1.000000
z48z168z3                     1.000000
z48z7z2                       1.000000
z48z10z2                      1.000000
z48z11z2                      1.000000
z48z13z3                      1.000000
z48z42z2                      1.000000
z48z52z3                      1.000000
z48z69z2                      1.000000
z48z70z3                      1.000000
z48z78z2                      1.000000
z48z80z2                      1.000000
z48z91z2                      1.000000
z48z101z3                     1.000000
z48z102z2                     1.000000
z48z122z2                     1.000000
z48z126z2                     1.000000
z48z128z2                     1.000000
z48z133z3                     1.000000
z48z135z3                     1.000000
z48z137z2                     1.000000
z48z147z2                     1.000000
z48z156z2                     1.000000
z48z157z3                     1.000000
z48z167z3                     1.000000
z48z170z2                     1.000000
z49z13z3                      1.000000
z49z52z3                      1.000000
z49z70z3                      1.000000
z49z101z3                     1.000000
z49z135z3                     1.000000
z49z157z3                     1.000000
z50z28z1                      1.000000
z50z43z1                      1.000000
z50z59z1                      1.000000
z50z86z1                      1.000000
z50z103z1                     1.000000
z50z119z1                     1.000000
z50z154z1                     1.000000
z54z49z3                      1.000000
z54z66z3                      1.000000
z54z104z3                     1.000000
z54z158z3                     1.000000
z54z168z3                     1.000000
z54z13z3                      1.000000
z54z52z3                      1.000000
z54z70z3                      1.000000
z54z101z3                     1.000000
z54z133z3                     1.000000
z54z135z3                     1.000000
z54z157z3                     1.000000
z54z167z3                     1.000000
z58z1z2                       1.000000
z58z38z2                      1.000000
z58z39z2                      1.000000
z58z40z2                      1.000000
z58z44z2                      1.000000
z58z46z2                      1.000000
z58z111z2                     1.000000
z58z123z2                     1.000000
z58z140z2                     1.000000
z58z145z2                     1.000000
z58z150z2                     1.000000
z58z161z2                     1.000000
z58z7z2                       1.000000
z58z10z2                      1.000000
z58z11z2                      1.000000
z58z42z2                      1.000000
z58z69z2                      1.000000
z58z78z2                      1.000000
z58z80z2                      1.000000
z58z91z2                      1.000000
z58z102z2                     1.000000
z58z122z2                     1.000000
z58z126z2                     1.000000
z58z128z2                     1.000000
z58z137z2                     1.000000
z58z147z2                     1.000000
z58z156z2                     1.000000
z58z170z2                     1.000000
z61z1z2                       1.000000
z61z46z2                      1.000000
z61z106z2                     1.000000
z61z111z2                     1.000000
z61z123z2                     1.000000
z61z166z2                     1.000000
z61z7z2                       1.000000
z61z10z2                      1.000000
z61z11z2                      1.000000
z61z42z2                      1.000000
z61z69z2                      1.000000
z61z78z2                      1.000000
z61z80z2                      1.000000
z61z91z2                      1.000000
z61z102z2                     1.000000
z61z122z2                     1.000000
z61z126z2                     1.000000
z61z128z2                     1.000000
z61z137z2                     1.000000
z61z147z2                     1.000000
z61z156z2                     1.000000
z61z170z2                     1.000000
z62z13z3                      1.000000
z62z52z3                      1.000000
z62z70z3                      1.000000
z62z101z3                     1.000000
z62z133z3                     1.000000
z62z135z3                     1.000000
z62z157z3                     1.000000
z63z158z3                     1.000000
z63z172z1                     1.000000
z63z13z3                      1.000000
z63z28z1                      1.000000
z63z43z1                      1.000000
z63z52z3                      1.000000
z63z59z1                      1.000000
z63z70z3                      1.000000
z63z86z1                      1.000000
z63z101z3                     1.000000
z63z103z1                     1.000000
z63z108z1                     1.000000
z63z115z1                     1.000000
z63z119z1                     1.000000
z63z133z3                     1.000000
z63z135z3                     1.000000
z63z154z1                     1.000000
z63z157z3                     1.000000
z63z167z3                     1.000000
z64z168z3                     1.000000
z64z13z3                      1.000000
z64z52z3                      1.000000
z64z70z3                      1.000000
z64z101z3                     1.000000
z64z133z3                     1.000000
z64z135z3                     1.000000
z64z157z3                     1.000000
z64z167z3                     1.000000
z65z7z2                       1.000000
z65z10z2                      1.000000
z65z11z2                      1.000000
z65z13z3                      1.000000
z65z42z2                      1.000000
z65z52z3                      1.000000
z65z70z3                      1.000000
z65z78z2                      1.000000
z65z91z2                      1.000000
z65z101z3                     1.000000
z65z102z2                     1.000000
z65z128z2                     1.000000
z65z133z3                     1.000000
z65z135z3                     1.000000
z65z137z2                     1.000000
z65z147z2                     1.000000
z65z156z2                     1.000000
z65z157z3                     1.000000
z65z170z2                     1.000000
z66z70z3                      1.000000
z66z101z3                     1.000000
z66z135z3                     1.000000
z71z28z1                      1.000000
z71z43z1                      1.000000
z71z59z1                      1.000000
z71z86z1                      1.000000
z71z103z1                     1.000000
z71z154z1                     1.000000
z73z28z1                      1.000000
z73z43z1                      1.000000
z73z59z1                      1.000000
z73z86z1                      1.000000
z73z103z1                     1.000000
z73z108z1                     1.000000
z73z115z1                     1.000000
z73z119z1                     1.000000
z73z154z1                     1.000000
z74z1z2                       1.000000
z74z14z1                      1.000000
z74z20z1                      1.000000
z74z27z1                      1.000000
z74z46z2                      1.000000
z74z63z1                      1.000000
z74z111z2                     1.000000
z74z123z2                     1.000000
z74z150z2                     1.000000
z74z7z2                       1.000000
z74z10z2                      1.000000
z74z11z2                      1.000000
z74z28z1                      1.000000
z74z42z2                      1.000000
z74z43z1                      1.000000
z74z59z1                      1.000000
z74z69z2                      1.000000
z74z78z2                      1.000000
z74z80z2                      1.000000
z74z86z1                      1.000000
z74z91z2                      1.000000
z74z102z2                     1.000000
z74z103z1                     1.000000
z74z108z1                     1.000000
z74z115z1                     1.000000
z74z119z1                     1.000000
z74z122z2                     1.000000
z74z126z2                     1.000000
z74z128z2                     1.000000
z74z137z2                     1.000000
z74z147z2                     1.000000
z74z154z1                     1.000000
z74z156z2                     1.000000
z74z170z2                     1.000000
z76z104z3                     1.000000
z76z168z3                     1.000000
z76z13z3                      1.000000
z76z52z3                      1.000000
z76z70z3                      1.000000
z76z101z3                     1.000000
z76z133z3                     1.000000
z76z135z3                     1.000000
z76z157z3                     1.000000
z76z167z3                     1.000000
z79z28z1                      1.000000
z79z43z1                      1.000000
z79z70z3                      1.000000
z79z86z1                      1.000000
z79z101z3                     1.000000
z79z135z3                     1.000000
z79z154z1                     1.000000
z81z1z2                       1.000000
z81z38z2                      1.000000
z81z39z2                      1.000000
z81z40z2                      1.000000
z81z44z2                      1.000000
z81z46z2                      1.000000
z81z61z2                      1.000000
z81z111z2                     1.000000
z81z123z2                     1.000000
z81z140z2                     1.000000
z81z145z2                     1.000000
z81z150z2                     1.000000
z81z161z2                     1.000000
z81z7z2                       1.000000
z81z10z2                      1.000000
z81z11z2                      1.000000
z81z42z2                      1.000000
z81z69z2                      1.000000
z81z78z2                      1.000000
z81z80z2                      1.000000
z81z91z2                      1.000000
z81z102z2                     1.000000
z81z122z2                     1.000000
z81z126z2                     1.000000
z81z128z2                     1.000000
z81z137z2                     1.000000
z81z147z2                     1.000000
z81z156z2                     1.000000
z81z170z2                     1.000000
z82z7z2                       1.000000
z82z70z3                      1.000000
z82z78z2                      1.000000
z82z101z3                     1.000000
z82z102z2                     1.000000
z82z128z2                     1.000000
z82z135z3                     1.000000
z82z147z2                     1.000000
z82z170z2                     1.000000
z84z2z1                       1.000000
z84z28z1                      1.000000
z84z70z3                      1.000000
z84z86z1                      1.000000
z84z101z3                     1.000000
z84z135z3                     1.000000
z84z167z3                     1.000000
z85z7z2                       1.000000
z85z10z2                      1.000000
z85z28z1                      1.000000
z85z42z2                      1.000000
z85z43z1                      1.000000
z85z78z2                      1.000000
z85z86z1                      1.000000
z85z91z2                      1.000000
z85z102z2                     1.000000
z85z103z1                     1.000000
z85z128z2                     1.000000
z85z137z2                     1.000000
z85z147z2                     1.000000
z85z154z1                     1.000000
z85z170z2                     1.000000
z89z14z1                      1.000000
z89z28z1                      1.000000
z89z43z1                      1.000000
z89z59z1                      1.000000
z89z86z1                      1.000000
z89z103z1                     1.000000
z89z108z1                     1.000000
z89z115z1                     1.000000
z89z119z1                     1.000000
z89z154z1                     1.000000
z90z9z1                       1.000000
z90z14z1                      1.000000
z90z20z1                      1.000000
z90z27z1                      1.000000
z90z49z3                      1.000000
z90z50z1                      1.000000
z90z62z3                      1.000000
z90z66z3                      1.000000
z90z71z1                      1.000000
z90z73z1                      1.000000
z90z76z3                      1.000000
z90z99z1                      1.000000
z90z104z3                     1.000000
z90z116z1                     1.000000
z90z125z3                     1.000000
z90z158z3                     1.000000
z90z162z1                     1.000000
z90z168z3                     1.000000
z90z13z3                      1.000000
z90z28z1                      1.000000
z90z43z1                      1.000000
z90z52z3                      1.000000
z90z59z1                      1.000000
z90z70z3                      1.000000
z90z86z1                      1.000000
z90z101z3                     1.000000
z90z103z1                     1.000000
z90z108z1                     1.000000
z90z115z1                     1.000000
z90z119z1                     1.000000
z90z133z3                     1.000000
z90z135z3                     1.000000
z90z154z1                     1.000000
z90z157z3                     1.000000
z90z167z3                     1.000000
z94z1z2                       1.000000
z94z14z1                      1.000000
z94z111z2                     1.000000
z94z123z2                     1.000000
z94z7z2                       1.000000
z94z10z2                      1.000000
z94z11z2                      1.000000
z94z28z1                      1.000000
z94z42z2                      1.000000
z94z43z1                      1.000000
z94z59z1                      1.000000
z94z69z2                      1.000000
z94z78z2                      1.000000
z94z80z2                      1.000000
z94z86z1                      1.000000
z94z91z2                      1.000000
z94z102z2                     1.000000
z94z103z1                     1.000000
z94z108z1                     1.000000
z94z115z1                     1.000000
z94z119z1                     1.000000
z94z122z2                     1.000000
z94z126z2                     1.000000
z94z128z2                     1.000000
z94z137z2                     1.000000
z94z147z2                     1.000000
z94z154z1                     1.000000
z94z156z2                     1.000000
z94z170z2                     1.000000
z95z14z1                      1.000000
z95z20z1                      1.000000
z95z27z1                      1.000000
z95z49z3                      1.000000
z95z50z1                      1.000000
z95z62z3                      1.000000
z95z66z3                      1.000000
z95z104z3                     1.000000
z95z125z3                     1.000000
z95z127z1                     1.000000
z95z127z3                     1.000000
z95z158z3                     1.000000
z95z168z3                     1.000000
z95z13z3                      1.000000
z95z28z1                      1.000000
z95z43z1                      1.000000
z95z52z3                      1.000000
z95z59z1                      1.000000
z95z70z3                      1.000000
z95z86z1                      1.000000
z95z101z3                     1.000000
z95z103z1                     1.000000
z95z108z1                     1.000000
z95z115z1                     1.000000
z95z119z1                     1.000000
z95z133z3                     1.000000
z95z135z3                     1.000000
z95z154z1                     1.000000
z95z157z3                     1.000000
z95z167z3                     1.000000
z96z14z1                      1.000000
z96z20z1                      1.000000
z96z27z1                      1.000000
z96z28z1                      1.000000
z96z43z1                      1.000000
z96z59z1                      1.000000
z96z86z1                      1.000000
z96z103z1                     1.000000
z96z108z1                     1.000000
z96z115z1                     1.000000
z96z119z1                     1.000000
z96z154z1                     1.000000
z97z2z3                       1.000000
z97z7z2                       1.000000
z97z10z2                      1.000000
z97z11z2                      1.000000
z97z13z3                      1.000000
z97z42z2                      1.000000
z97z52z3                      1.000000
z97z70z3                      1.000000
z97z78z2                      1.000000
z97z80z2                      1.000000
z97z91z2                      1.000000
z97z101z3                     1.000000
z97z102z2                     1.000000
z97z128z2                     1.000000
z97z135z3                     1.000000
z97z137z2                     1.000000
z97z147z2                     1.000000
z97z156z2                     1.000000
z97z157z3                     1.000000
z97z170z2                     1.000000
z98z7z2                       1.000000
z98z10z2                      1.000000
z98z11z2                      1.000000
z98z13z3                      1.000000
z98z42z2                      1.000000
z98z52z3                      1.000000
z98z70z3                      1.000000
z98z78z2                      1.000000
z98z91z2                      1.000000
z98z101z3                     1.000000
z98z102z2                     1.000000
z98z128z2                     1.000000
z98z133z3                     1.000000
z98z135z3                     1.000000
z98z137z2                     1.000000
z98z147z2                     1.000000
z98z156z2                     1.000000
z98z157z3                     1.000000
z98z170z2                     1.000000
z99z14z1                      1.000000
z99z28z1                      1.000000
z99z43z1                      1.000000
z99z59z1                      1.000000
z99z86z1                      1.000000
z99z103z1                     1.000000
z99z108z1                     1.000000
z99z115z1                     1.000000
z99z119z1                     1.000000
z99z154z1                     1.000000
z100z14z1                     1.000000
z100z27z1                     1.000000
z100z104z3                    1.000000
z100z168z3                    1.000000
z100z13z3                     1.000000
z100z28z1                     1.000000
z100z43z1                     1.000000
z100z52z3                     1.000000
z100z59z1                     1.000000
z100z70z3                     1.000000
z100z86z1                     1.000000
z100z101z3                    1.000000
z100z103z1                    1.000000
z100z108z1                    1.000000
z100z115z1                    1.000000
z100z119z1                    1.000000
z100z133z3                    1.000000
z100z135z3                    1.000000
z100z154z1                    1.000000
z100z157z3                    1.000000
z100z167z3                    1.000000
z104z70z3                     1.000000
z104z101z3                    1.000000
z104z135z3                    1.000000
z105z20z1                     1.000000
z105z84z3                     1.000000
z105z13z3                     1.000000
z105z28z1                     1.000000
z105z43z1                     1.000000
z105z52z3                     1.000000
z105z59z1                     1.000000
z105z70z3                     1.000000
z105z86z1                     1.000000
z105z101z3                    1.000000
z105z103z1                    1.000000
z105z133z3                    1.000000
z105z135z3                    1.000000
z105z154z1                    1.000000
z105z157z3                    1.000000
z106z172z2                    1.000000
z106z7z2                      1.000000
z106z10z2                     1.000000
z106z11z2                     1.000000
z106z13z3                     1.000000
z106z42z2                     1.000000
z106z52z3                     1.000000
z106z69z2                     1.000000
z106z70z3                     1.000000
z106z78z2                     1.000000
z106z80z2                     1.000000
z106z91z2                     1.000000
z106z101z3                    1.000000
z106z102z2                    1.000000
z106z122z2                    1.000000
z106z126z2                    1.000000
z106z128z2                    1.000000
z106z133z3                    1.000000
z106z135z3                    1.000000
z106z137z2                    1.000000
z106z147z2                    1.000000
z106z156z2                    1.000000
z106z157z3                    1.000000
z106z167z3                    1.000000
z106z170z2                    1.000000
z111z7z2                      1.000000
z111z78z2                     1.000000
z111z102z2                    1.000000
z111z128z2                    1.000000
z111z147z2                    1.000000
z111z170z2                    1.000000
z113z14z1                     1.000000
z113z27z1                     1.000000
z113z104z3                    1.000000
z113z105z3                    1.000000
z113z168z3                    1.000000
z113z179z1                    1.000000
z113z13z3                     1.000000
z113z28z1                     1.000000
z113z43z1                     1.000000
z113z52z3                     1.000000
z113z59z1                     1.000000
z113z70z3                     1.000000
z113z86z1                     1.000000
z113z101z3                    1.000000
z113z103z1                    1.000000
z113z108z1                    1.000000
z113z115z1                    1.000000
z113z119z1                    1.000000
z113z133z3                    1.000000
z113z135z3                    1.000000
z113z154z1                    1.000000
z113z157z3                    1.000000
z113z167z3                    1.000000
z114z13z3                     1.000000
z114z28z1                     1.000000
z114z43z1                     1.000000
z114z52z3                     1.000000
z114z59z1                     1.000000
z114z70z3                     1.000000
z114z86z1                     1.000000
z114z101z3                    1.000000
z114z103z1                    1.000000
z114z108z1                    1.000000
z114z115z1                    1.000000
z114z119z1                    1.000000
z114z133z3                    1.000000
z114z135z3                    1.000000
z114z154z1                    1.000000
z114z157z3                    1.000000
z114z167z3                    1.000000
z116z14z1                     1.000000
z116z28z1                     1.000000
z116z43z1                     1.000000
z116z59z1                     1.000000
z116z86z1                     1.000000
z116z103z1                    1.000000
z116z108z1                    1.000000
z116z115z1                    1.000000
z116z119z1                    1.000000
z116z154z1                    1.000000
z123z7z2                      1.000000
z123z42z2                     1.000000
z123z78z2                     1.000000
z123z102z2                    1.000000
z123z128z2                    1.000000
z123z147z2                    1.000000
z123z170z2                    1.000000
z125z13z3                     1.000000
z125z52z3                     1.000000
z125z70z3                     1.000000
z125z101z3                    1.000000
z125z133z3                    1.000000
z125z135z3                    1.000000
z125z157z3                    1.000000
z127z14z1                     1.000000
z127z84z1                     1.000000
z127z97z3                     1.000000
z127z104z3                    1.000000
z127z168z3                    1.000000
z127z13z3                     1.000000
z127z28z1                     1.000000
z127z43z1                     1.000000
z127z52z3                     1.000000
z127z59z1                     1.000000
z127z70z3                     1.000000
z127z86z1                     1.000000
z127z101z3                    1.000000
z127z103z1                    1.000000
z127z108z1                    1.000000
z127z115z1                    1.000000
z127z119z1                    1.000000
z127z133z3                    1.000000
z127z135z3                    1.000000
z127z154z1                    1.000000
z127z157z3                    1.000000
z127z167z3                    1.000000
z129z14z1                     1.000000
z129z20z1                     1.000000
z129z27z1                     1.000000
z129z50z1                     1.000000
z129z28z1                     1.000000
z129z43z1                     1.000000
z129z59z1                     1.000000
z129z86z1                     1.000000
z129z103z1                    1.000000
z129z108z1                    1.000000
z129z115z1                    1.000000
z129z119z1                    1.000000
z129z154z1                    1.000000
z131z28z1                     1.000000
z131z43z1                     1.000000
z131z52z3                     1.000000
z131z70z3                     1.000000
z131z86z1                     1.000000
z131z101z3                    1.000000
z131z135z3                    1.000000
z131z154z1                    1.000000
z132z1z2                      1.000000
z132z38z2                     1.000000
z132z40z2                     1.000000
z132z44z2                     1.000000
z132z46z2                     1.000000
z132z49z3                     1.000000
z132z62z3                     1.000000
z132z66z3                     1.000000
z132z76z3                     1.000000
z132z104z3                    1.000000
z132z111z2                    1.000000
z132z123z2                    1.000000
z132z125z3                    1.000000
z132z140z2                    1.000000
z132z150z2                    1.000000
z132z158z3                    1.000000
z132z161z2                    1.000000
z132z168z3                    1.000000
z132z7z2                      1.000000
z132z10z2                     1.000000
z132z11z2                     1.000000
z132z13z3                     1.000000
z132z42z2                     1.000000
z132z52z3                     1.000000
z132z69z2                     1.000000
z132z70z3                     1.000000
z132z78z2                     1.000000
z132z80z2                     1.000000
z132z91z2                     1.000000
z132z101z3                    1.000000
z132z102z2                    1.000000
z132z122z2                    1.000000
z132z126z2                    1.000000
z132z128z2                    1.000000
z132z133z3                    1.000000
z132z135z3                    1.000000
z132z137z2                    1.000000
z132z147z2                    1.000000
z132z156z2                    1.000000
z132z157z3                    1.000000
z132z167z3                    1.000000
z132z170z2                    1.000000
z136z1z2                      1.000000
z136z38z2                     1.000000
z136z40z2                     1.000000
z136z44z2                     1.000000
z136z46z2                     1.000000
z136z111z2                    1.000000
z136z123z2                    1.000000
z136z140z2                    1.000000
z136z145z2                    1.000000
z136z161z2                    1.000000
z136z7z2                      1.000000
z136z10z2                     1.000000
z136z11z2                     1.000000
z136z42z2                     1.000000
z136z69z2                     1.000000
z136z78z2                     1.000000
z136z80z2                     1.000000
z136z91z2                     1.000000
z136z102z2                    1.000000
z136z122z2                    1.000000
z136z126z2                    1.000000
z136z128z2                    1.000000
z136z137z2                    1.000000
z136z147z2                    1.000000
z136z156z2                    1.000000
z136z170z2                    1.000000
z139z168z3                    1.000000
z139z13z3                     1.000000
z139z52z3                     1.000000
z139z70z3                     1.000000
z139z101z3                    1.000000
z139z133z3                    1.000000
z139z135z3                    1.000000
z139z157z3                    1.000000
z139z167z3                    1.000000
z140z7z2                      1.000000
z140z10z2                     1.000000
z140z11z2                     1.000000
z140z42z2                     1.000000
z140z78z2                     1.000000
z140z91z2                     1.000000
z140z102z2                    1.000000
z140z122z2                    1.000000
z140z128z2                    1.000000
z140z137z2                    1.000000
z140z147z2                    1.000000
z140z156z2                    1.000000
z140z170z2                    1.000000
z141z7z2                      1.000000
z141z10z2                     1.000000
z141z11z2                     1.000000
z141z28z1                     1.000000
z141z42z2                     1.000000
z141z43z1                     1.000000
z141z59z1                     1.000000
z141z69z2                     1.000000
z141z78z2                     1.000000
z141z80z2                     1.000000
z141z86z1                     1.000000
z141z91z2                     1.000000
z141z102z2                    1.000000
z141z103z1                    1.000000
z141z108z1                    1.000000
z141z115z1                    1.000000
z141z119z1                    1.000000
z141z122z2                    1.000000
z141z126z2                    1.000000
z141z128z2                    1.000000
z141z137z2                    1.000000
z141z147z2                    1.000000
z141z154z1                    1.000000
z141z156z2                    1.000000
z141z170z2                    1.000000
z142z41z3                     1.000000
z142z49z3                     1.000000
z142z62z3                     1.000000
z142z66z3                     1.000000
z142z104z3                    1.000000
z142z113z3                    1.000000
z142z125z3                    1.000000
z142z158z3                    1.000000
z142z168z3                    1.000000
z142z13z3                     1.000000
z142z52z3                     1.000000
z142z70z3                     1.000000
z142z101z3                    1.000000
z142z133z3                    1.000000
z142z135z3                    1.000000
z142z157z3                    1.000000
z142z167z3                    1.000000
z143z9z1                      1.000000
z143z14z1                     1.000000
z143z20z1                     1.000000
z143z27z1                     1.000000
z143z50z1                     1.000000
z143z71z1                     1.000000
z143z73z1                     1.000000
z143z99z1                     1.000000
z143z116z1                    1.000000
z143z162z1                    1.000000
z143z28z1                     1.000000
z143z43z1                     1.000000
z143z59z1                     1.000000
z143z86z1                     1.000000
z143z103z1                    1.000000
z143z108z1                    1.000000
z143z115z1                    1.000000
z143z119z1                    1.000000
z143z154z1                    1.000000
z145z1z2                      1.000000
z145z39z2                     1.000000
z145z111z2                    1.000000
z145z123z2                    1.000000
z145z150z2                    1.000000
z145z7z2                      1.000000
z145z10z2                     1.000000
z145z11z2                     1.000000
z145z42z2                     1.000000
z145z69z2                     1.000000
z145z78z2                     1.000000
z145z80z2                     1.000000
z145z91z2                     1.000000
z145z102z2                    1.000000
z145z122z2                    1.000000
z145z126z2                    1.000000
z145z128z2                    1.000000
z145z137z2                    1.000000
z145z147z2                    1.000000
z145z156z2                    1.000000
z145z170z2                    1.000000
z146z1z2                      1.000000
z146z38z2                     1.000000
z146z39z2                     1.000000
z146z40z2                     1.000000
z146z44z2                     1.000000
z146z46z2                     1.000000
z146z111z2                    1.000000
z146z123z2                    1.000000
z146z140z2                    1.000000
z146z145z2                    1.000000
z146z150z2                    1.000000
z146z161z2                    1.000000
z146z7z2                      1.000000
z146z10z2                     1.000000
z146z11z2                     1.000000
z146z42z2                     1.000000
z146z69z2                     1.000000
z146z78z2                     1.000000
z146z80z2                     1.000000
z146z91z2                     1.000000
z146z102z2                    1.000000
z146z122z2                    1.000000
z146z126z2                    1.000000
z146z128z2                    1.000000
z146z137z2                    1.000000
z146z147z2                    1.000000
z146z156z2                    1.000000
z146z170z2                    1.000000
z148z49z3                     1.000000
z148z62z3                     1.000000
z148z64z3                     1.000000
z148z66z3                     1.000000
z148z76z3                     1.000000
z148z95z3                    -0.000000
z148z104z3                    1.000000
z148z125z3                    1.000000
z148z139z3                    1.000000
z148z142z3                    0.000000
z148z158z3                    1.000000
z148z168z3                    1.000000
z148z169z3                    1.000000
z148z13z3                     1.000000
z148z52z3                     1.000000
z148z70z3                     1.000000
z148z101z3                    1.000000
z148z133z3                    1.000000
z148z135z3                    1.000000
z148z157z3                    1.000000
z148z167z3                    1.000000
z149z7z2                      1.000000
z149z10z2                     1.000000
z149z11z2                     1.000000
z149z13z3                     1.000000
z149z42z2                     1.000000
z149z52z3                     1.000000
z149z69z2                     1.000000
z149z70z3                     1.000000
z149z78z2                     1.000000
z149z91z2                     1.000000
z149z101z3                    1.000000
z149z102z2                    1.000000
z149z122z2                    1.000000
z149z126z2                    1.000000
z149z128z2                    1.000000
z149z133z3                    1.000000
z149z135z3                    1.000000
z149z137z2                    1.000000
z149z147z2                    1.000000
z149z156z2                    1.000000
z149z157z3                    1.000000
z149z167z3                    1.000000
z149z170z2                    1.000000
z150z7z2                      1.000000
z150z10z2                     1.000000
z150z11z2                     1.000000
z150z42z2                     1.000000
z150z69z2                     1.000000
z150z78z2                     1.000000
z150z91z2                     1.000000
z150z102z2                    1.000000
z150z122z2                    1.000000
z150z126z2                    1.000000
z150z128z2                    1.000000
z150z137z2                    1.000000
z150z147z2                    1.000000
z150z156z2                    1.000000
z150z170z2                    1.000000
z152z13z3                     1.000000
z152z28z1                     1.000000
z152z43z1                     1.000000
z152z52z3                     1.000000
z152z70z3                     1.000000
z152z86z1                     1.000000
z152z101z3                    1.000000
z152z103z1                    1.000000
z152z133z3                    1.000000
z152z135z3                    1.000000
z152z154z1                    1.000000
z152z157z3                    1.000000
z153z1z2                      1.000000
z153z9z1                      1.000000
z153z14z1                     1.000000
z153z20z1                     1.000000
z153z27z1                     1.000000
z153z38z2                     1.000000
z153z40z2                     1.000000
z153z44z2                     1.000000
z153z46z2                     1.000000
z153z50z1                     1.000000
z153z71z1                     1.000000
z153z74z2                     1.000000
z153z95z1                     1.000000
z153z111z2                    1.000000
z153z123z2                    1.000000
z153z140z2                    1.000000
z153z161z2                    1.000000
z153z162z1                    1.000000
z153z7z2                      1.000000
z153z10z2                     1.000000
z153z11z2                     1.000000
z153z28z1                     1.000000
z153z42z2                     1.000000
z153z43z1                     1.000000
z153z59z1                     1.000000
z153z69z2                     1.000000
z153z78z2                     1.000000
z153z80z2                     1.000000
z153z86z1                     1.000000
z153z91z2                     1.000000
z153z102z2                    1.000000
z153z103z1                    1.000000
z153z108z1                    1.000000
z153z115z1                    1.000000
z153z119z1                    1.000000
z153z122z2                    1.000000
z153z126z2                    1.000000
z153z128z2                    1.000000
z153z137z2                    1.000000
z153z147z2                    1.000000
z153z154z1                    1.000000
z153z156z2                    1.000000
z153z170z2                    1.000000
z155z7z2                      1.000000
z155z10z2                     1.000000
z155z11z2                     1.000000
z155z13z3                     1.000000
z155z42z2                     1.000000
z155z52z3                     1.000000
z155z70z3                     1.000000
z155z78z2                     1.000000
z155z91z2                     1.000000
z155z101z3                    1.000000
z155z102z2                    1.000000
z155z128z2                    1.000000
z155z133z3                    1.000000
z155z135z3                    1.000000
z155z137z2                    1.000000
z155z147z2                    1.000000
z155z156z2                    1.000000
z155z157z3                    1.000000
z155z170z2                    1.000000
z158z13z3                     1.000000
z158z52z3                     1.000000
z158z70z3                     1.000000
z158z101z3                    1.000000
z158z135z3                    1.000000
z158z157z3                    1.000000
z160z13z3                     1.000000
z160z28z1                     1.000000
z160z43z1                     1.000000
z160z52z3                     1.000000
z160z59z1                     1.000000
z160z70z3                     1.000000
z160z86z1                     1.000000
z160z101z3                    1.000000
z160z103z1                    1.000000
z160z119z1                    1.000000
z160z133z3                    1.000000
z160z135z3                    1.000000
z160z154z1                    1.000000
z160z157z3                    1.000000
z160z167z3                    1.000000
z161z7z2                      1.000000
z161z10z2                     1.000000
z161z11z2                     1.000000
z161z42z2                     1.000000
z161z78z2                     1.000000
z161z91z2                     1.000000
z161z102z2                    1.000000
z161z122z2                    1.000000
z161z128z2                    1.000000
z161z137z2                    1.000000
z161z147z2                    1.000000
z161z156z2                    1.000000
z161z170z2                    1.000000
z162z14z1                     1.000000
z162z28z1                     1.000000
z162z43z1                     1.000000
z162z59z1                     1.000000
z162z86z1                     1.000000
z162z103z1                    1.000000
z162z108z1                    1.000000
z162z115z1                    1.000000
z162z119z1                    1.000000
z162z154z1                    1.000000
z163z7z2                      1.000000
z163z10z2                     1.000000
z163z11z2                     1.000000
z163z13z3                     1.000000
z163z42z2                     1.000000
z163z52z3                     1.000000
z163z70z3                     1.000000
z163z78z2                     1.000000
z163z91z2                     1.000000
z163z101z3                    1.000000
z163z102z2                    1.000000
z163z122z2                    1.000000
z163z128z2                    1.000000
z163z133z3                    1.000000
z163z135z3                    1.000000
z163z137z2                    1.000000
z163z147z2                    1.000000
z163z156z2                    1.000000
z163z157z3                    1.000000
z163z170z2                    1.000000
z165z7z2                      1.000000
z165z10z2                     1.000000
z165z28z1                     1.000000
z165z42z2                     1.000000
z165z43z1                     1.000000
z165z78z2                     1.000000
z165z86z1                     1.000000
z165z91z2                     1.000000
z165z102z2                    1.000000
z165z103z1                    1.000000
z165z128z2                    1.000000
z165z137z2                    1.000000
z165z147z2                    1.000000
z165z154z1                    1.000000
z165z170z2                    1.000000
z166z1z2                      1.000000
z166z14z1                     1.000000
z166z46z2                     1.000000
z166z97z2                     1.000000
z166z111z2                    1.000000
z166z123z2                    1.000000
z166z7z2                      1.000000
z166z10z2                     1.000000
z166z11z2                     1.000000
z166z28z1                     1.000000
z166z42z2                     1.000000
z166z43z1                     1.000000
z166z59z1                     1.000000
z166z69z2                     1.000000
z166z78z2                     1.000000
z166z80z2                     1.000000
z166z86z1                     1.000000
z166z91z2                     1.000000
z166z102z2                    1.000000
z166z103z1                    1.000000
z166z108z1                    1.000000
z166z115z1                    1.000000
z166z119z1                    1.000000
z166z122z2                    1.000000
z166z126z2                    1.000000
z166z128z2                    1.000000
z166z137z2                    1.000000
z166z147z2                    1.000000
z166z154z1                    1.000000
z166z156z2                    1.000000
z166z170z2                    1.000000
z168z70z3                     1.000000
z168z101z3                    1.000000
z168z135z3                    1.000000
z169z49z3                     1.000000
z169z63z3                     1.000000
z169z66z3                     1.000000
z169z104z3                    1.000000
z169z168z3                    1.000000
z169z180z3                    1.000000
z169z13z3                     1.000000
z169z52z3                     1.000000
z169z70z3                     1.000000
z169z101z3                    1.000000
z169z133z3                    1.000000
z169z135z3                    1.000000
z169z157z3                    1.000000
z169z167z3                    1.000000
z172z7z2                      1.000000
z172z10z2                     1.000000
z172z28z1                     1.000000
z172z42z2                     1.000000
z172z43z1                     1.000000
z172z78z2                     1.000000
z172z80z2                     1.000000
z172z86z1                     1.000000
z172z91z2                     1.000000
z172z102z2                    1.000000
z172z103z1                    1.000000
z172z119z1                    1.000000
z172z128z2                    1.000000
z172z137z2                    1.000000
z172z147z2                    1.000000
z172z154z1                    1.000000
z172z156z2                    1.000000
z172z170z2                    1.000000
z173z7z2                      1.000000
z173z10z2                     1.000000
z173z11z2                     1.000000
z173z13z3                     1.000000
z173z42z2                     1.000000
z173z52z3                     1.000000
z173z70z3                     1.000000
z173z78z2                     1.000000
z173z91z2                     1.000000
z173z101z3                    1.000000
z173z102z2                    1.000000
z173z122z2                    1.000000
z173z128z2                    1.000000
z173z133z3                    1.000000
z173z135z3                    1.000000
z173z137z2                    1.000000
z173z147z2                    1.000000
z173z156z2                    1.000000
z173z157z3                    1.000000
z173z170z2                    1.000000
z174z49z3                     1.000000
z174z54z3                     1.000000
z174z62z3                     1.000000
z174z64z3                     1.000000
z174z66z3                     1.000000
z174z76z3                     1.000000
z174z104z3                    1.000000
z174z125z3                    1.000000
z174z139z3                    1.000000
z174z158z3                    1.000000
z174z168z3                    1.000000
z174z169z3                    1.000000
z174z13z3                     1.000000
z174z52z3                     1.000000
z174z70z3                     1.000000
z174z101z3                    1.000000
z174z133z3                    1.000000
z174z135z3                    1.000000
z174z157z3                    1.000000
z174z167z3                    1.000000
z177z7z2                      1.000000
z177z10z2                     1.000000
z177z28z1                     1.000000
z177z42z2                     1.000000
z177z43z1                     1.000000
z177z78z2                     1.000000
z177z86z1                     1.000000
z177z91z2                     1.000000
z177z102z2                    1.000000
z177z128z2                    1.000000
z177z137z2                    1.000000
z177z147z2                    1.000000
z177z154z1                    1.000000
z177z170z2                    1.000000
z179z20z1                     1.000000
z179z158z3                    1.000000
z179z13z3                     1.000000
z179z28z1                     1.000000
z179z43z1                     1.000000
z179z52z3                     1.000000
z179z59z1                     1.000000
z179z70z3                     1.000000
z179z86z1                     1.000000
z179z101z3                    1.000000
z179z103z1                    1.000000
z179z108z1                    1.000000
z179z115z1                    1.000000
z179z119z1                    1.000000
z179z133z3                    1.000000
z179z135z3                    1.000000
z179z154z1                    1.000000
z179z157z3                    1.000000
z179z167z3                    1.000000
z180z14z1                     1.000000
z180z160z1                    1.000000
z180z160z3                    1.000000
z180z13z3                     1.000000
z180z28z1                     1.000000
z180z43z1                     1.000000
z180z52z3                     1.000000
z180z59z1                     1.000000
z180z70z3                     1.000000
z180z86z1                     1.000000
z180z101z3                    1.000000
z180z103z1                    1.000000
z180z108z1                    1.000000
z180z115z1                    1.000000
z180z119z1                    1.000000
z180z133z3                    1.000000
z180z135z3                    1.000000
z180z154z1                    1.000000
z180z157z3                    1.000000
z180z167z3                    1.000000
z2z28z1                       1.000000
z2z60z1                       1.000000
z2z101z3                      1.000000
z2z135z3                      1.000000
z5z28z1                       1.000000
z5z101z3                      1.000000
z5z135z3                      1.000000
z11z7z2                       1.000000
z15z7z2                       1.000000
z15z101z3                     1.000000
z15z135z3                     1.000000
z15z147z2                     1.000000
z35z7z2                       1.000000
z35z28z1                      1.000000
z35z147z2                     1.000000
z55z101z3                     1.000000
z67z7z2                       1.000000
z67z28z1                      1.000000
z67z147z2                     1.000000
z69z7z2                       1.000000
z69z78z2                      1.000000
z69z102z2                     1.000000
z69z128z2                     1.000000
z69z147z2                     1.000000
z69z170z2                     1.000000
z77z7z2                       1.000000
z77z28z1                      1.000000
z77z147z2                     1.000000
z80z7z2                       1.000000
z80z35z2                      1.000000
z80z60z2                      1.000000
z80z147z2                     1.000000
z92z7z2                       1.000000
z92z28z1                      1.000000
z92z147z2                     1.000000
z108z28z1                     1.000000
z109z28z1                     1.000000
z109z101z3                    1.000000
z109z135z3                    1.000000
z115z28z1                     1.000000
z119z28z1                     1.000000
z119z35z1                     1.000000
z121z101z3                    1.000000
z122z7z2                      1.000000
z122z147z2                    1.000000
z126z7z2                      1.000000
z126z91z2                     1.000000
z126z147z2                    1.000000
z134z28z1                     1.000000
z134z101z3                    1.000000
z134z135z3                    1.000000
z144z7z2                      1.000000
z144z28z1                     1.000000
z144z147z2                    1.000000
z159z7z2                      1.000000
z159z101z3                    1.000000
z159z135z3                    1.000000
z159z147z2                    1.000000
z167z101z3                    1.000000
z167z133z3                    1.000000
z167z135z3                    1.000000
z171z7z2                      1.000000
z171z101z3                    1.000000
z171z135z3                    1.000000
z171z147z2                    1.000000
z181z28z1                     1.000000
z181z101z3                    1.000000
z181z135z3                    1.000000
All other variables in the range 1-18652 are 0.
