
Log started (V12.10.0.0) Fri Apr 23 09:18:40 2021


Problem 'asset.lp' read.
Read time = 0.00 sec. (0.22 ticks)
New value for default parallel thread count: 1
New value for time limit in seconds: 150
Version identifier: 12.10.0.0 | 2019-11-26 | 843d4de
CPXPARAM_Threads                                 1
CPXPARAM_TimeLimit                               150
Found incumbent of value -0.848193 after 0.00 sec. (0.09 ticks)
Tried aggregator 3 times.
MIP Presolve eliminated 2155 rows and 1412 columns.
MIP Presolve modified 920 coefficients.
Aggregator did 16 substitutions.
Reduced MIP has 52 rows, 38 columns, and 135 nonzeros.
Reduced MIP has 21 binaries, 6 generals, 0 SOSs, and 0 indicators.
Presolve time = 0.00 sec. (2.46 ticks)
Probing fixed 1 vars, tightened 2 bounds.
Probing time = 0.00 sec. (0.03 ticks)
Tried aggregator 1 time.
MIP Presolve eliminated 15 rows and 10 columns.
MIP Presolve modified 17 coefficients.
Reduced MIP has 37 rows, 28 columns, and 97 nonzeros.
Reduced MIP has 15 binaries, 3 generals, 0 SOSs, and 0 indicators.
Presolve time = 0.00 sec. (0.06 ticks)
Probing fixed 0 vars, tightened 1 bounds.
Probing time = 0.00 sec. (0.02 ticks)
Tried aggregator 2 times.
Detecting symmetries...
MIP Presolve eliminated 10 rows and 5 columns.
MIP Presolve modified 7 coefficients.
Aggregator did 1 substitutions.
Reduced MIP has 26 rows, 22 columns, and 68 nonzeros.
Reduced MIP has 13 binaries, 1 generals, 0 SOSs, and 0 indicators.
Presolve time = 0.00 sec. (0.14 ticks)
Probing time = 0.00 sec. (0.01 ticks)
Clique table members: 8.
MIP emphasis: balance optimality and feasibility.
MIP search method: dynamic search.
Parallel mode: none, using 1 thread.
Root relaxation solution time = 0.00 sec. (0.06 ticks)

        Nodes                                         Cuts/
   Node  Left     Objective  IInf  Best Integer    Best Bound    ItCnt     Gap

*     0+    0                           -0.8482      144.5619              --- 
      0     0       66.2789     3       -0.8482       66.2789       10     --- 
*     0+    0                           29.4453       66.2789           125.09%
*     0     0      integral     0       63.1175      Cuts: 16       16    0.00%
      0     0        cutoff             63.1175       63.1175       16    0.00%
Elapsed time = 0.01 sec. (4.21 ticks, tree = 0.01 MB, solutions = 2)

Clique cuts applied:  4
Cover cuts applied:  1
Implied bound cuts applied:  10
Zero-half cuts applied:  1

Root node processing (before b&c):
  Real time             =    0.01 sec. (4.27 ticks)
Sequential b&c:
  Real time             =    0.00 sec. (0.00 ticks)
                          ------------
Total (root+branch&cut) =    0.01 sec. (4.27 ticks)

Solution pool: 3 solutions saved.

MIP - Integer optimal solution:  Objective =  6.3117458301e+01
Solution time =    0.01 sec.  Iterations = 16  Nodes = 0
Deterministic time = 4.28 ticks  (558.22 ticks/sec)


Incumbent solution
Variable Name           Solution Value
F                            69.000000
ff                            0.870914
gg                            5.011628
f1                           40.000000
f2                           20.000000
f3                            9.000000
X44                           1.000000
Y237                          1.000000
Z22                           1.000000
s9                            5.850000
s22                           5.130000
s26                           5.410000
s44                           5.989249
s48                           5.120000
s141                          5.000000
s143                          5.130000
s167                          5.720000
s182                          5.660000
s237                          5.090000
s259                          5.480000
t9                            5.140000
t22                           5.010000
t26                           5.410000
t44                           5.989249
t141                          5.000000
t143                          5.130000
t182                          5.660000
t237                          6.085908
t259                          5.130000
u9                            5.160000
u22                           6.114249
u167                          5.560000
u259                          5.480000
r9                            5.850000
r48                           5.120000
r167                          5.720000
n1                            1.000000
n2                            1.000000
n3                            1.000000
x263x44x2                     2.000000
y266y237y2                    1.000000
y62y237y3                     1.000000
z270z22z1                     1.000000
z266z22z1                     1.000000
y44y0y2                       2.000000
y237y0y2                      1.000000
y237y0y3                      1.000000
z22z0z1                       2.000000
z44z0z2                       2.000000
v44v0v2                       2.000000
s42                           4.465283
s2                            4.640281
s263                          4.723137
a263a44a2                     1.000000
s270                          4.850933
s266                          4.751354
s96                           4.955530
s209                          4.946731
s84                           4.875918
s62                           4.862097
s175                          5.097731
s273                          5.321483
s177                          4.847781
s216                          5.072615
s249                          5.329461
s269                          5.109610
s103                          5.380209
s122                          5.702695
s16                           5.816723
s217                          5.904436
t42                           4.465283
t2                            4.640281
t263                          4.723137
t270                          4.850933
t266                          4.751354
b266b237b2                    1.000000
t96                           4.955530
t209                          4.946731
t84                           4.875918
t62                           4.862097
b62b237b3                     1.000000
t175                          5.097731
t273                          5.321483
t177                          4.847781
t216                          5.072615
t249                          5.329461
t269                          5.109610
t103                          5.380209
t122                          5.702695
t16                           5.816723
t217                          5.904436
u263                          4.723137
u270                          4.850933
c270c22c1                     1.000000
u266                          4.751354
c266c22c1                     1.000000
u96                           4.955530
u209                          4.946731
u84                           4.875918
u175                          5.097731
u273                          5.321483
u177                          4.847781
u103                          5.380209
u122                          5.702695
u16                           5.816723
u217                          5.904436
u44                           5.989249
u141                          5.000000
r42                           4.465283
r2                            4.640281
r263                          4.723137
r270                          4.850933
r266                          4.751354
r96                           4.955530
r209                          4.946731
r84                           4.875918
r62                           4.862097
r175                          5.097731
r273                          5.321483
r177                          4.847781
r216                          5.072615
r249                          5.329461
r269                          5.109610
r103                          5.380209
r122                          5.702695
r16                           5.816723
r217                          5.904436
r44                           5.989249
r141                          5.000000
r237                         20.000000
w44                           1.000000
u42                           4.465283
u2                            4.640281
u62                           4.862097
u216                          5.072615
u249                          5.329461
u269                          5.109610
All other variables in the range 1-1466 are 0.
