
Log started (V12.10.0.0) Fri Apr  2 08:50:23 2021


Problem 'asset.lp' read.
Read time = 0.00 sec. (0.20 ticks)
New value for default parallel thread count: 1
New value for time limit in seconds: 300
Version identifier: 12.10.0.0 | 2019-11-26 | 843d4de
CPXPARAM_Threads                                 1
CPXPARAM_TimeLimit                               300
Found incumbent of value -0.886340 after 0.00 sec. (0.10 ticks)
Tried aggregator 3 times.
MIP Presolve eliminated 828 rows and 574 columns.
MIP Presolve modified 2188 coefficients.
Aggregator did 519 substitutions.
Reduced MIP has 648 rows, 693 columns, and 3005 nonzeros.
Reduced MIP has 592 binaries, 69 generals, 0 SOSs, and 0 indicators.
Presolve time = 0.01 sec. (7.29 ticks)
Probing fixed 146 vars, tightened 20 bounds.
Probing time = 0.00 sec. (2.80 ticks)
Cover probing fixed 0 vars, tightened 54 bounds.
Tried aggregator 2 times.
MIP Presolve eliminated 187 rows and 187 columns.
MIP Presolve modified 112 coefficients.
Aggregator did 2 substitutions.
Reduced MIP has 459 rows, 504 columns, and 1963 nonzeros.
Reduced MIP has 425 binaries, 48 generals, 0 SOSs, and 0 indicators.
Presolve time = 0.00 sec. (3.30 ticks)
Probing time = 0.00 sec. (1.72 ticks)
Tried aggregator 1 time.
Detecting symmetries...
MIP Presolve modified 142 coefficients.
Reduced MIP has 459 rows, 504 columns, and 1963 nonzeros.
Reduced MIP has 425 binaries, 48 generals, 0 SOSs, and 0 indicators.
Presolve time = 0.00 sec. (1.36 ticks)
Probing time = 0.00 sec. (1.70 ticks)
Clique table members: 1485.
MIP emphasis: balance optimality and feasibility.
MIP search method: dynamic search.
Parallel mode: none, using 1 thread.
Root relaxation solution time = 0.00 sec. (4.34 ticks)

        Nodes                                         Cuts/
   Node  Left     Objective  IInf  Best Integer    Best Bound    ItCnt     Gap

*     0+    0                           -0.8863      465.6860              --- 
      0     0      286.7377    85       -0.8863      286.7377      376     --- 
      0     0      281.3604    85       -0.8863     Cuts: 211      569     --- 
      0     0      272.7205    85       -0.8863     Cuts: 158      742     --- 
      0     0      271.3745    85       -0.8863     Cuts: 128      812     --- 
      0     0      270.4409    85       -0.8863     Cuts: 118      858     --- 
      0     0      270.2365    85       -0.8863      Cuts: 67      909     --- 
Detecting symmetries...
      0     0      269.2844    85       -0.8863      Cuts: 71      981     --- 
      0     0      268.9663    85       -0.8863     Cuts: 129     1071     --- 
      0     0      268.8936    85       -0.8863      Cuts: 67     1153     --- 
      0     0      268.7715    85       -0.8863      Cuts: 90     1278     --- 
      0     0      268.6968    85       -0.8863     Cuts: 117     1348     --- 
*     0+    0                          184.7827      268.6968            45.41%
      0     0      268.2453    85      184.7827      Cuts: 59     1429   45.17%
      0     0      265.0774    85      184.7827     Cuts: 134     1501   43.45%
      0     0      262.6261    85      184.7827     Cuts: 121     1659   42.13%
      0     0      262.2843    85      184.7827     Cuts: 213     1785   41.94%
      0     0      262.0166    85      184.7827     Cuts: 109     1905   41.80%
      0     0      261.7563    85      184.7827     Cuts: 130     1976   41.66%
      0     0      261.5741    85      184.7827      Cuts: 60     2037   41.56%
      0     0      261.0853    85      184.7827      Cuts: 48     2116   41.29%
      0     0      260.8585    85      184.7827     Cuts: 108     2177   41.17%
      0     0      260.3229    85      184.7827     Cuts: 129     2275   40.88%
      0     0      259.9741    85      184.7827      Cuts: 80     2353   40.69%
      0     0      259.4372    85      184.7827     Cuts: 103     2411   40.40%
      0     0      258.7536    85      184.7827      Cuts: 90     2520   40.03%
      0     0      258.4283    85      184.7827      Cuts: 89     2646   39.86%
      0     0      258.1231    85      184.7827     Cuts: 181     2787   39.69%
      0     0      257.8951    85      184.7827     Cuts: 138     2863   39.57%
      0     0      257.4857    85      184.7827      Cuts: 93     2983   39.35%
      0     0      257.2705    85      184.7827     Cuts: 161     3092   39.23%
      0     0      257.1911    85      184.7827      Cuts: 75     3167   39.19%
      0     0      257.1512    85      184.7827      Cuts: 77     3212   39.16%
      0     0      257.1282    85      184.7827      Cuts: 88     3290   39.15%
Detecting symmetries...
      0     2      257.1282   135      184.7827      257.1244     3290   39.15%
Elapsed time = 0.34 sec. (325.51 ticks, tree = 0.01 MB, solutions = 1)
*    80+   71                          202.5276      255.4535            26.13%
*    92    74      integral     0      202.5276      255.4535     7347   26.13%
    220   183      234.3098    67      202.5276      254.9389    10659   25.88%

Performing restart 1

Repeating presolve.
Tried aggregator 2 times.
MIP Presolve modified 334 coefficients.
Aggregator did 13 substitutions.
Reduced MIP has 446 rows, 491 columns, and 1685 nonzeros.
Reduced MIP has 412 binaries, 48 generals, 0 SOSs, and 0 indicators.
Presolve time = 0.00 sec. (2.19 ticks)
Tried aggregator 1 time.
Reduced MIP has 446 rows, 491 columns, and 1685 nonzeros.
Reduced MIP has 412 binaries, 48 generals, 0 SOSs, and 0 indicators.
Presolve time = 0.00 sec. (1.25 ticks)
Represolve time = 0.01 sec. (10.99 ticks)
    477     0      252.0565   125      202.5276     Cuts: 139    19081   24.46%
    477     0      244.0812   125      202.5276     Cuts: 150    19271   20.52%
    477     0      238.6179   125      202.5276     Cuts: 118    19415   17.82%
    477     0      235.6958   125      202.5276      Cuts: 95    19606   16.38%
    477     0      235.0201   125      202.5276      Cuts: 66    19670   16.04%
*   477+    0                          204.5911      235.0201            14.87%
    477     0      234.9788   125      204.5911      Cuts: 86    19731   14.85%
    477     0      234.1660   125      204.5911      Cuts: 44    19809   14.46%
    477     0      233.6678   125      204.5911      Cuts: 46    19864   14.21%
    477     0      232.5360   125      204.5911      Cuts: 51    20014   13.66%
    477     0      232.5064   125      204.5911      Cuts: 63    20058   13.64%
    477     0      232.2991   125      204.5911      Cuts: 44    20098   13.54%
    477     0      232.1916   125      204.5911      Cuts: 30    20122   13.49%
    477     0      231.8683   125      204.5911      Cuts: 21    20141   13.33%
    477     0      231.8257   125      204.5911      Cuts: 35    20159   13.31%
    477     0      231.4106   125      204.5911      Cuts: 27    20213   13.11%
    477     0      231.3215   125      204.5911      Cuts: 66    20251   13.07%
    477     0      231.2579   125      204.5911      Cuts: 47    20289   13.03%
    477     0      231.2288   125      204.5911      Cuts: 39    20327   13.02%
    477     0      231.1732   125      204.5911      Cuts: 27    20360   12.99%
    477     0      231.1726   125      204.5911      Cuts: 30    20394   12.99%
    477     0      231.1664   125      204.5911      Cuts: 25    20417   12.99%
    477     0      231.1015   125      204.5911      Cuts: 15    20527   12.96%
    477     0      230.9177   125      204.5911      Cuts: 18    20645   12.87%
    477     0      230.9123   125      204.5911      Cuts: 68    20686   12.87%
    477     0      230.8831   125      204.5911      Cuts: 12    20732   12.85%
    477     2      230.8831   117      204.5911      230.8461    20732   12.83%
    487    12      223.0588    66      204.5911      229.7835    21468   12.31%
*   497+   18                          207.0840      229.7835            10.96%
    528    32      220.8283    60      207.0840      224.8520    22553    8.58%
*   597+   80                          207.0893      223.5150             7.93%
    611    90      220.2384    80      207.0893      223.0555    25267    7.71%
    744   178      220.6669    80      207.0893      221.9673    29374    7.18%
    865   264      212.5353    59      207.0893      221.7822    33265    7.09%
   1002   364      217.8407    81      207.0893      221.6543    37391    7.03%
*  1087+  417                          208.6586      221.5170             6.16%
   1138   442      216.3875    91      208.6586      221.1323    41896    5.98%
*  1187+  465                          208.6603      220.7095             5.77%
   1607   646      209.2463    48      208.6603      219.1460    57819    5.03%
Elapsed time = 3.96 sec. (4361.17 ticks, tree = 0.36 MB, solutions = 8)
   2174   853      215.9733    41      208.6603      218.1154    75145    4.53%
*  2587+  962                          208.6616      217.0248             4.01%
   2677   984      213.6195    57      208.6616      216.8409    94505    3.92%
   3187  1087      212.4691    25      208.6616      215.7931   111696    3.42%
   3783  1160      212.0720    81      208.6616      214.9206   129494    3.00%
   4424  1062        cutoff            208.6616      213.5488   148414    2.34%
   5344   719      210.3211    26      208.6616      211.7590   169552    1.48%

GUB cover cuts applied:  11
Clique cuts applied:  51
Cover cuts applied:  14
Implied bound cuts applied:  41
Flow cuts applied:  12
Mixed integer rounding cuts applied:  90
Zero-half cuts applied:  44
Lift and project cuts applied:  16
Gomory fractional cuts applied:  5

Root node processing (before b&c):
  Real time             =    0.34 sec. (325.65 ticks)
Sequential b&c:
  Real time             =    9.34 sec. (10607.74 ticks)
                          ------------
Total (root+branch&cut) =    9.68 sec. (10933.39 ticks)

Solution pool: 10 solutions saved.

MIP - Integer optimal, tolerance (0.0001/1e-06):  Objective =  2.0866156556e+02
Current MIP best bound =  2.0868165703e+02 (gap = 0.0200915, 0.01%)
Solution time =    9.68 sec.  Iterations = 182761  Nodes = 6424 (7)
Deterministic time = 10933.39 ticks  (1129.78 ticks/sec)


Incumbent solution
Variable Name           Solution Value
F                           220.000000
f1                            0.908434
f2                           10.430000
y176                          1.000000
y196                          1.000000
y53                           1.000000
y143                          1.000000
y132                          1.000000
y27                           1.000000
y70                           1.000000
y169                          1.000000
y181                          1.000000
y225                          1.000000
y272                          1.000000
y190                          1.000000
s3                            6.000000
s9                            6.000000
s21                           6.000000
s22                           6.000000
s25                           6.000000
s51                           6.000000
s56                           6.000000
s58                           6.000000
s64                           6.000000
s90                           6.000000
s93                           6.000000
s130                          6.000000
s147                          6.000000
s149                          6.000000
s150                          6.000000
s173                          6.000000
s189                          6.000000
s197                          6.000000
s201                          6.000000
s264                          6.000000
s176                          6.515078
s75                           6.050000
s171                          6.090000
s68                           6.200000
s46                           6.220000
s105                          6.220000
s81                           6.370000
s196                          6.806266
s53                           6.974188
s143                          6.883772
s54                           6.630000
s79                           6.670000
s132                          7.298315
s27                           7.697042
s245                          6.730000
s69                           6.780000
s247                          6.840000
s70                           7.258046
s169                          7.429601
s168                          7.000000
s181                          8.006710
s225                          8.113392
s227                          7.140000
s36                           7.170000
s272                          8.104176
s129                          7.180000
s267                          7.180000
s190                          7.762554
x108x176x1                    2.000000
x19x53x1                      1.000000
x19x132x1                     1.000000
x210x132x1                    1.000000
x104x196x1                    1.000000
x194x196x2                    1.000000
x194x53x2                     1.000000
x76x70x2                      1.000000
x134x70x2                     1.000000
x246x169x2                    1.000000
x55x143x3                     2.000000
x76x181x3                     1.000000
x210x190x3                    1.000000
x134x169x3                    1.000000
x246x27x3                     1.000000
x176x27x1                     1.000000
x176x190x1                    1.000000
x196x181x1                    1.000000
x196x272x2                    1.000000
x53x0x1                       1.000000
x53x225x2                     1.000000
x143x225x3                    1.000000
x143x272x3                    1.000000
x132x0x1                      2.000000
x27x0x1                       1.000000
x27x0x3                       1.000000
x70x0x2                       2.000000
x169x0x2                      1.000000
x169x0x3                      1.000000
x181x0x1                      1.000000
x181x0x3                      1.000000
x225x0x2                      1.000000
x225x0x3                      1.000000
x272x0x2                      1.000000
x272x0x3                      1.000000
x190x0x1                      1.000000
x190x0x3                      1.000000
s108                          4.936144
z108z176z1                    1.000000
z108z132z1                    1.000000
z108z168z1                    1.000000
z108z36z1                     1.000000
s19                           5.090720
z19z53z1                      1.000000
z19z132z1                     1.000000
z19z168z1                     1.000000
z19z36z1                      1.000000
s194                          5.138735
z194z196z2                    1.000000
z194z53z2                     1.000000
z194z70z2                     1.000000
z194z129z2                    1.000000
s55                           5.096229
z55z143z3                     1.000000
s76                           5.841875
z76z70z2                      1.000000
z76z181z3                     1.000000
s210                          5.726311
z210z132z1                    1.000000
z210z190z3                    1.000000
s134                          5.849355
z134z70z2                     1.000000
z134z169z3                    1.000000
s246                          5.860000
z246z27z3                     1.000000
z246z169z2                    1.000000
s104                          4.639560
z104z196z1                    1.000000
z104z132z1                    1.000000
z104z168z1                    1.000000
z104z36z1                     1.000000
z176z27z1                     1.000000
z176z190z1                    1.000000
z196z181z1                    1.000000
z196z272z2                    1.000000
z53z225z2                     1.000000
z143z225z3                    1.000000
z143z272z3                    1.000000
All other variables in the range 1-1789 are 0.
