
Log started (V12.10.0.0) Fri Apr  9 06:50:44 2021


Problem 'asset.lp' read.
Read time = 0.02 sec. (0.57 ticks)
New value for default parallel thread count: 1
New value for time limit in seconds: 150
Version identifier: 12.10.0.0 | 2019-11-26 | 843d4de
CPXPARAM_Threads                                 1
CPXPARAM_TimeLimit                               150
Found incumbent of value 0.000000 after 0.00 sec. (0.15 ticks)
Tried aggregator 3 times.
MIP Presolve eliminated 2442 rows and 1560 columns.
MIP Presolve modified 4909 coefficients.
Aggregator did 1352 substitutions.
Reduced MIP has 1427 rows, 1675 columns, and 7668 nonzeros.
Reduced MIP has 1496 binaries, 127 generals, 0 SOSs, and 0 indicators.
Presolve time = 0.03 sec. (28.24 ticks)
Probing fixed 298 vars, tightened 38 bounds.
Probing time = 0.03 sec. (21.33 ticks)
Cover probing fixed 0 vars, tightened 39 bounds.
Tried aggregator 4 times.
MIP Presolve eliminated 383 rows and 392 columns.
MIP Presolve modified 441 coefficients.
Aggregator did 8 substitutions.
Reduced MIP has 1036 rows, 1273 columns, and 5595 nonzeros.
Reduced MIP has 1145 binaries, 87 generals, 0 SOSs, and 0 indicators.
Presolve time = 0.02 sec. (15.02 ticks)
Probing time = 0.01 sec. (4.43 ticks)
Tried aggregator 1 time.
Detecting symmetries...
MIP Presolve modified 428 coefficients.
Reduced MIP has 1036 rows, 1273 columns, and 5595 nonzeros.
Reduced MIP has 1145 binaries, 87 generals, 0 SOSs, and 0 indicators.
Presolve time = 0.00 sec. (3.52 ticks)
Probing time = 0.01 sec. (4.35 ticks)
Clique table members: 4571.
MIP emphasis: balance optimality and feasibility.
MIP search method: dynamic search.
Parallel mode: none, using 1 thread.
Root relaxation solution time = 0.02 sec. (18.32 ticks)

        Nodes                                         Cuts/
   Node  Left     Objective  IInf  Best Integer    Best Bound    ItCnt     Gap

*     0+    0                            0.0000      760.0000              --- 
      0     0      272.9331   108        0.0000      272.9331      759     --- 
      0     0      259.1100   108        0.0000     Cuts: 275      923     --- 
      0     0      249.9038   108        0.0000     Cuts: 272     1024     --- 
      0     0      245.1724   108        0.0000     Cuts: 251     1142     --- 
      0     0      243.0031   108        0.0000     Cuts: 121     1256     --- 
      0     0      242.5162   108        0.0000     Cuts: 193     1341     --- 
Detecting symmetries...
      0     0      242.1856   108        0.0000      Cuts: 96     1398     --- 
      0     0      241.2645   108        0.0000      Cuts: 32     1457     --- 
      0     0      240.9442   108        0.0000     Cuts: 168     1515     --- 
      0     0      240.2458   108        0.0000      Cuts: 83     1559     --- 
      0     0      239.7987   108        0.0000      Cuts: 62     1613     --- 
      0     0      239.4700   108        0.0000     Cuts: 172     1687     --- 
      0     0      236.8606   108        0.0000      Cuts: 99     1780     --- 
*     0+    0                           80.0000      236.8606           196.08%
      0     0      236.0633   108       80.0000     Cuts: 232     1864  195.08%
      0     0      235.0715   108       80.0000      Cuts: 74     1961  193.84%
      0     0      234.6815   108       80.0000      Cuts: 71     2036  193.35%
      0     0      234.1239   108       80.0000     Cuts: 140     2106  192.65%
      0     0      233.4542   108       80.0000      Cuts: 65     2169  191.82%
      0     0      233.2909   108       80.0000     Cuts: 116     2215  191.61%
      0     0      233.2714   108       80.0000      Cuts: 32     2250  191.59%
      0     0      233.2685   108       80.0000     Cuts: 172     2293  191.59%
*     0+    0                          120.0000      233.2685            94.39%
Detecting symmetries...
      0     2      233.2685   155      120.0000      233.2666     2293   94.39%
Elapsed time = 0.51 sec. (508.27 ticks, tree = 0.01 MB, solutions = 2)
*    20+   18                          130.0000      232.8846            79.14%
     70    46      225.1095   130      130.0000      231.4311     5388   78.02%
    202   170      153.3540    55      130.0000      230.1203     9030   77.02%
*   239   192      integral     0      135.0000      229.8600     9908   70.27%
    327   264      223.1697   114      135.0000      227.4779    13010   68.50%
    435   352      181.3536    95      135.0000      225.1095    17113   66.75%
    572   443      160.1687    42      135.0000      223.7189    21164   65.72%
    722   545      189.6945    88      135.0000      221.3684    25284   63.98%
    870   644      148.2590    56      135.0000      218.4424    29426   61.81%

Performing restart 1

Repeating presolve.
Tried aggregator 2 times.
MIP Presolve modified 981 coefficients.
Aggregator did 8 substitutions.
Reduced MIP has 1028 rows, 1265 columns, and 4752 nonzeros.
Reduced MIP has 1137 binaries, 87 generals, 0 SOSs, and 0 indicators.
Presolve time = 0.01 sec. (6.11 ticks)
Tried aggregator 1 time.
Reduced MIP has 1028 rows, 1265 columns, and 4752 nonzeros.
Reduced MIP has 1137 binaries, 87 generals, 0 SOSs, and 0 indicators.
Presolve time = 0.00 sec. (3.36 ticks)
Represolve time = 0.05 sec. (37.57 ticks)
    986     0      206.4620   144      135.0000     Cuts: 213    33423   52.93%
    986     0      193.0478   144      135.0000     Cuts: 135    33596   43.00%
    986     0      187.5065   144      135.0000     Cuts: 153    33733   38.89%
    986     0      183.2109   144      135.0000     Cuts: 108    33908   35.71%
    986     0      181.8699   144      135.0000      Cuts: 97    34022   34.72%
    986     0      180.5118   144      135.0000     Cuts: 104    34124   33.71%
    986     0      178.6493   144      135.0000      Cuts: 90    34262   32.33%
    986     0      176.0398   144      135.0000      Cuts: 84    34372   30.40%
    986     0      174.1604   144      135.0000      Cuts: 63    34547   29.01%
    986     0      173.3068   144      135.0000      Cuts: 71    34686   28.38%
    986     0      172.8143   144      135.0000      Cuts: 57    34768   28.01%
    986     0      172.3101   144      135.0000      Cuts: 30    34869   27.64%
    986     0      172.2852   144      135.0000      Cuts: 41    34900   27.62%
    986     0      172.1352   144      135.0000      Cuts: 36    34959   27.51%
    986     0      172.1081   144      135.0000      Cuts: 39    35008   27.49%
    986     0      172.0791   144      135.0000      Cuts: 29    35053   27.47%
    986     0      172.0782   144      135.0000      Cuts: 23    35062   27.47%
    986     0      172.0774   144      135.0000      Cuts: 15    35078   27.46%
    986     0      172.0767   144      135.0000      Cuts: 29    35107   27.46%
*   986+    0                          140.0000      172.0767            22.91%
    986     0      171.9277   144      140.0000      Cuts: 13    35164   22.81%
    986     0      171.9027   144      140.0000      Cuts: 44    35213   22.79%
    986     0      171.5796   144      140.0000      Cuts: 25    35312   22.56%
    986     0      171.4691   144      140.0000      Cuts: 57    35405   22.48%
    986     0      171.3756   144      140.0000      Cuts: 59    35463   22.41%
    986     0      171.3007   144      140.0000      Cuts: 24    35530   22.36%
    986     0      171.2632   144      140.0000      Cuts: 24    35561   22.33%
    986     0      171.2281   144      140.0000      Cuts: 33    35613   22.31%
    986     0      171.1828   144      140.0000      Cuts: 38    35650   22.27%
    986     0      171.1399   144      140.0000      Cuts: 21    35685   22.24%
    986     0      171.1269   144      140.0000      Cuts: 36    35710   22.23%
    986     2      171.1269   147      140.0000      171.1237    35710   22.23%
    988     4      171.0778   132      140.0000      171.0708    35808   22.19%
   1024    23      165.5089   123      140.0000      169.1301    38206   20.81%
Elapsed time = 5.32 sec. (6291.99 ticks, tree = 0.03 MB, solutions = 5)
   1205   127      150.8264    82      140.0000      164.3565    45400   17.40%
   1409   212      148.4387    70      140.0000      160.1129    56458   14.37%
   1495   219        cutoff            140.0000      157.7273    63397   12.66%
   1618   228      152.5000    19      140.0000      156.2162    72029   11.58%
   1897    43        cutoff            140.0000      148.3333    84251    5.95%

GUB cover cuts applied:  8
Clique cuts applied:  117
Cover cuts applied:  7
Implied bound cuts applied:  47
Flow cuts applied:  8
Mixed integer rounding cuts applied:  53
Zero-half cuts applied:  39
Lift and project cuts applied:  6
Gomory fractional cuts applied:  4

Root node processing (before b&c):
  Real time             =    0.51 sec. (508.54 ticks)
Sequential b&c:
  Real time             =    8.56 sec. (10602.12 ticks)
                          ------------
Total (root+branch&cut) =    9.06 sec. (11110.66 ticks)

Solution pool: 6 solutions saved.

MIP - Integer optimal solution:  Objective =  1.4000000000e+02
Solution time =    9.06 sec.  Iterations = 84753  Nodes = 1943
Deterministic time = 11110.67 ticks  (1225.96 ticks/sec)


Incumbent solution
Variable Name           Solution Value
F                           140.000000
y12                           1.000000
y49                           1.000000
y100                          1.000000
y107                          1.000000
y155                          1.000000
y166                          1.000000
y171                          1.000000
x31x100x1                     1.000000
x34x107x1                     1.000000
x34x107x2                     1.000000
x142x100x2                    1.000000
x142x166x2                    1.000000
x31x166x3                     1.000000
x171x12x1                     1.000000
x12x0x1                       1.000000
x171x12x2                     1.000000
x12x0x2                       1.000000
x166x49x2                     1.000000
x49x0x2                       1.000000
x166x49x3                     1.000000
x49x0x3                       1.000000
x100x155x1                    1.000000
x100x155x2                    1.000000
x107x171x1                    1.000000
x107x171x2                    1.000000
x155x0x1                      1.000000
x155x0x2                      1.000000
s24                           6.000000
s7                            8.020000
s8                            9.470000
s10                           7.010000
s12                           9.480000
s13                           6.400000
s14                           8.090000
s17                           6.740000
s32                           8.200000
s37                           6.230000
s39                           7.425977
s42                           8.350000
s49                           9.420000
s51                           7.100000
s58                           8.150000
s61                           9.260000
s67                           6.890000
s69                           6.890000
s86                           8.370000
s87                           8.060000
s92                           7.970000
s95                           8.320000
s96                           9.070000
s99                           6.850000
s100                          7.385044
s102                          8.080000
s103                          9.420000
s104                          9.090000
s107                          7.070000
s110                          8.070000
s114                          8.010000
s115                          8.300000
s117                          8.210000
s119                          7.160757
s123                          9.440000
s126                          9.390000
s130                          9.050000
s140                          7.000000
s145                          7.480000
s150                          6.930000
s152                          8.530000
s155                          9.440000
s166                          7.395079
s171                          8.280000
s173                          8.430000
s177                          6.960000
s180                          7.210000
s192                          7.110213
s200                          6.800000
s203                          9.220000
s26                           6.000000
s31                           5.201222
s28                           8.460000
z31z28z3                      1.000000
s55                           6.140000
s57                           6.540000
z31z61z1                      1.000000
s62                           7.550000
z31z62z3                      1.000000
s70                           6.110000
z31z96z1                      1.000000
z31z100z1                     1.000000
z31z103z1                     1.000000
s108                          6.000000
s113                          7.530000
z31z113z3                     1.000000
z31z114z1                     1.000000
z31z117z1                     1.000000
s120                          6.280000
s132                          6.030000
s135                          6.000000
z31z152z1                     1.000000
s158                          6.950000
z31z166z3                     1.000000
s167                          6.330000
s174                          6.850000
s181                          6.000000
s182                          8.420000
z31z182z3                     1.000000
s184                          6.000000
s188                          6.810000
s189                          7.480000
z31z189z3                     1.000000
s34                           5.277773
z34z8z2                       1.000000
z34z14z2                      1.000000
s21                           6.220000
s44                           6.160000
z34z51z1                      1.000000
z34z58z2                      1.000000
z34z61z1                      1.000000
z34z86z2                      1.000000
z34z87z2                      1.000000
z34z92z2                      1.000000
z34z96z1                      1.000000
z34z103z1                     1.000000
z34z107z1                     1.000000
z34z107z2                     1.000000
z34z114z1                     1.000000
z34z117z1                     1.000000
z34z123z2                     1.000000
z34z126z2                     1.000000
z34z152z1                     1.000000
s175                          6.240000
s176                          6.270000
z34z203z2                     1.000000
s38                           6.000000
s121                          6.000000
s142                          5.423333
z142z8z2                      1.000000
z142z58z2                     1.000000
z142z86z2                     1.000000
z142z92z2                     1.000000
z142z100z2                    1.000000
z142z123z2                    1.000000
z142z126z2                    1.000000
z142z166z2                    1.000000
z142z203z2                    1.000000
z184z8z2                      1.000000
z184z123z2                    1.000000
z184z126z2                    1.000000
z10z123z2                     1.000000
z10z126z2                     1.000000
z13z8z2                       1.000000
z13z96z1                      1.000000
z13z103z1                     1.000000
z13z123z2                     1.000000
z13z126z2                     1.000000
z14z8z2                       1.000000
z17z8z2                       1.000000
z17z96z1                      1.000000
z17z103z1                     1.000000
z17z123z2                     1.000000
z17z126z2                     1.000000
z21z8z2                       1.000000
z21z123z2                     1.000000
z21z126z2                     1.000000
z37z96z1                      1.000000
z37z103z1                     1.000000
z39z8z2                       1.000000
z39z103z1                     1.000000
z39z123z2                     1.000000
z39z126z2                     1.000000
z44z8z2                       1.000000
z44z123z2                     1.000000
z44z126z2                     1.000000
s47                           6.000000
s52                           6.000000
z55z8z2                       1.000000
z55z123z2                     1.000000
z55z126z2                     1.000000
z67z8z2                       1.000000
z67z103z1                     1.000000
z67z123z2                     1.000000
z67z126z2                     1.000000
z69z8z2                       1.000000
z69z123z2                     1.000000
z69z126z2                     1.000000
z70z96z1                      1.000000
z70z103z1                     1.000000
s77                           6.000000
z87z8z2                       1.000000
z99z96z1                      1.000000
z99z103z1                     1.000000
z100z123z2                    1.000000
z100z126z2                    1.000000
z100z155z1                    1.000000
z100z155z2                    1.000000
z107z8z2                      1.000000
z107z103z1                    1.000000
z107z171z1                    1.000000
z107z171z2                    1.000000
z108z8z2                      1.000000
z108z96z1                     1.000000
z108z103z1                    1.000000
z108z123z2                    1.000000
z108z126z2                    1.000000
z119z8z2                      1.000000
z119z123z2                    1.000000
z119z126z2                    1.000000
s129                          6.000000
z132z96z1                     1.000000
z132z103z1                    1.000000
z135z8z2                      1.000000
z135z96z1                     1.000000
z135z103z1                    1.000000
z135z123z2                    1.000000
z135z126z2                    1.000000
z140z8z2                      1.000000
z140z123z2                    1.000000
z140z126z2                    1.000000
z150z123z2                    1.000000
z150z126z2                    1.000000
s163                          6.000000
z166z49z2                     1.000000
z166z49z3                     1.000000
z166z123z2                    1.000000
z171z12z1                     1.000000
z171z12z2                     1.000000
z175z8z2                      1.000000
z175z123z2                    1.000000
z175z126z2                    1.000000
z176z8z2                      1.000000
z176z123z2                    1.000000
z176z126z2                    1.000000
z177z103z1                    1.000000
z180z123z2                    1.000000
z180z126z2                    1.000000
s186                          6.000000
z192z96z1                     1.000000
z192z103z1                    1.000000
z200z96z1                     1.000000
z200z103z1                    1.000000
All other variables in the range 1-4592 are 0.
