
Log started (V12.10.0.0) Fri Apr  9 01:19:43 2021


Problem 'asset.lp' read.
Read time = 0.01 sec. (0.33 ticks)
New value for default parallel thread count: 1
New value for time limit in seconds: 150
Version identifier: 12.10.0.0 | 2019-11-26 | 843d4de
CPXPARAM_Threads                                 1
CPXPARAM_TimeLimit                               150
Found incumbent of value 0.000000 after 0.00 sec. (0.09 ticks)
Tried aggregator 3 times.
MIP Presolve eliminated 1133 rows and 542 columns.
MIP Presolve modified 2603 coefficients.
Aggregator did 900 substitutions.
Reduced MIP has 1006 rows, 1327 columns, and 5641 nonzeros.
Reduced MIP has 1152 binaries, 133 generals, 0 SOSs, and 0 indicators.
Presolve time = 0.02 sec. (12.50 ticks)
Probing fixed 23 vars, tightened 1 bounds.
Probing time = 0.01 sec. (5.01 ticks)
Cover probing fixed 0 vars, tightened 15 bounds.
Tried aggregator 1 time.
Detecting symmetries...
MIP Presolve eliminated 30 rows and 30 columns.
MIP Presolve modified 278 coefficients.
Reduced MIP has 976 rows, 1297 columns, and 5362 nonzeros.
Reduced MIP has 1123 binaries, 132 generals, 0 SOSs, and 0 indicators.
Presolve time = 0.01 sec. (5.18 ticks)
Probing time = 0.00 sec. (2.58 ticks)
Clique table members: 3594.
MIP emphasis: balance optimality and feasibility.
MIP search method: dynamic search.
Parallel mode: none, using 1 thread.
Root relaxation solution time = 0.03 sec. (35.80 ticks)

        Nodes                                         Cuts/
   Node  Left     Objective  IInf  Best Integer    Best Bound    ItCnt     Gap

*     0+    0                            0.0000      238.0000              --- 
      0     0      236.0486   243        0.0000      236.0486      919     --- 
      0     0      230.1972   243        0.0000     Cuts: 344     2016     --- 
      0     0      227.3197   243        0.0000     Cuts: 344     3259     --- 
      0     0      225.9864   243        0.0000     Cuts: 344     3791     --- 
      0     0      225.3060   243        0.0000     Cuts: 312     4122     --- 
      0     0      224.7853   243        0.0000     Cuts: 299     4656     --- 
Detecting symmetries...
      0     0      224.1105   243        0.0000     Cuts: 300     4919     --- 
      0     0      223.7724   243        0.0000     Cuts: 344     5144     --- 
      0     0      223.3983   243        0.0000     Cuts: 280     5502     --- 
      0     0      223.2418   243        0.0000     Cuts: 249     5741     --- 
      0     0      223.0791   243        0.0000     Cuts: 232     5967     --- 
      0     0      222.7135   243        0.0000     Cuts: 327     6529     --- 
      0     0      222.6623   243        0.0000     Cuts: 344     6776     --- 
      0     0      222.4743   243        0.0000     Cuts: 321     7061     --- 
      0     0      222.2476   243        0.0000     Cuts: 243     7636     --- 
      0     0      221.9422   243        0.0000     Cuts: 344     8021     --- 
      0     0      221.6161   243        0.0000     Cuts: 318     8397     --- 
      0     0      221.2230   243        0.0000     Cuts: 344     9192     --- 
      0     0      220.9969   243        0.0000     Cuts: 344     9730     --- 
      0     0      220.9352   243        0.0000     Cuts: 311    10113     --- 
      0     0      220.8032   243        0.0000     Cuts: 243    10347     --- 
      0     0      220.6923   243        0.0000     Cuts: 281    10519     --- 
      0     0      220.3405   243        0.0000     Cuts: 178    12293     --- 
      0     0      220.1607   243        0.0000     Cuts: 344    12830     --- 
      0     0      219.9803   243        0.0000     Cuts: 332    13544     --- 
      0     0      219.9611   243        0.0000     Cuts: 344    13937     --- 
      0     0      219.5372   243        0.0000     Cuts: 211    14921     --- 
      0     0      219.3762   243        0.0000     Cuts: 344    15757     --- 
      0     0      219.0964   243        0.0000     Cuts: 344    16173     --- 
      0     0      219.0748   243        0.0000     Cuts: 343    16687     --- 
*     0+    0                           16.0000      219.0748              --- 
*     0+    0                           78.0000      219.0748           180.87%
*     0+    0                           82.0000      219.0748           167.16%
*     0+    0                           84.0000      219.0748           160.80%
      0     0        cutoff             84.0000      219.0748    16687  160.80%
Detecting symmetries...
      0     2      219.0748   281       84.0000      219.0748    16687  160.80%
Elapsed time = 1.85 sec. (2202.18 ticks, tree = 0.01 MB, solutions = 4)
      7     9      218.2062   228       84.0000      219.0748    20674  160.80%
     14    16      216.0197   214       84.0000      219.0748    24457  160.80%
     26    28      214.0044   212       84.0000      219.0748    28287  160.80%
     46    46      198.3156   210       84.0000      219.0748    32008  160.80%
     78    75      181.8518   155       84.0000      219.0748    36169  160.80%
     98    91      218.0166   252       84.0000      219.0713    39803  160.80%
    111   104      211.8966   211       84.0000      219.0713    43319  160.80%
    124   109      173.0221   155       84.0000      219.0713    47782  160.80%
    174   159      167.4105    92       84.0000      219.0713    53006  160.80%
    402   370      218.9276   271       84.0000      218.9277    70956  160.63%
Elapsed time = 4.36 sec. (5503.04 ticks, tree = 1.04 MB, solutions = 4)

Performing restart 1

Repeating presolve.
Tried aggregator 1 time.
MIP Presolve modified 1333 coefficients.
Reduced MIP has 976 rows, 1297 columns, and 4535 nonzeros.
Reduced MIP has 1123 binaries, 132 generals, 0 SOSs, and 0 indicators.
Presolve time = 0.00 sec. (4.15 ticks)
Tried aggregator 1 time.
Reduced MIP has 976 rows, 1297 columns, and 4535 nonzeros.
Reduced MIP has 1123 binaries, 132 generals, 0 SOSs, and 0 indicators.
Presolve time = 0.00 sec. (3.44 ticks)
Represolve time = 0.04 sec. (25.36 ticks)
    497     0      210.9327   286       84.0000     Cuts: 344    87092  151.11%
    497     0      209.6080   286       84.0000     Cuts: 265    87760  149.53%
    497     0      208.2579   286       84.0000     Cuts: 286    88415  147.93%
    497     0      206.1471   286       84.0000     Cuts: 233    89224  145.41%
    497     0      205.3215   286       84.0000     Cuts: 237    89668  144.43%
    497     0      204.5249   286       84.0000     Cuts: 206    90028  143.48%
    497     0      204.0996   286       84.0000     Cuts: 185    90415  142.98%
    497     0      203.7145   286       84.0000     Cuts: 157    90742  142.52%
    497     0      203.4985   286       84.0000     Cuts: 149    91030  142.26%
*   497+    0                           90.0000      203.4985           126.11%
    497     0      203.3073   286       90.0000     Cuts: 111    91366  125.90%
    497     0      203.1687   286       90.0000     Cuts: 110    91618  125.74%
    497     0      203.1090   286       90.0000      Cuts: 92    91772  125.68%
    497     0      203.0292   286       90.0000     Cuts: 105    91962  125.59%
    497     0      202.9823   286       90.0000      Cuts: 92    92108  125.54%
    497     0      202.9482   286       90.0000      Cuts: 51    92230  125.50%
    497     0      202.8700   286       90.0000      Cuts: 41    92426  125.41%
*   497+    0                           92.0000      202.8700           120.51%
    497     0        cutoff             92.0000      202.8700    92426  120.51%
    497     0      202.8111   286       92.0000      Cuts: 49    92586  120.45%
    497     0      202.7718   286       92.0000      Cuts: 68    92749  120.40%
    497     0      202.7465   286       92.0000      Cuts: 78    92883  120.38%
    497     0      202.6640   286       92.0000      Cuts: 60    93034  120.29%
    497     0      202.6375   286       92.0000      Cuts: 85    93185  120.26%
    497     0      202.6145   286       92.0000      Cuts: 64    93280  120.23%
    497     0      202.5994   286       92.0000      Cuts: 53    93400  120.22%
    497     0      202.5857   286       92.0000      Cuts: 42    93481  120.20%
    497     0      202.5620   286       92.0000      Cuts: 69    93596  120.18%
    497     2      202.5620   349       92.0000      202.5586    93596  120.17%
    501     6      198.1102   281       92.0000      202.2432    95423  119.83%
    506    11      200.2408   304       92.0000      202.2432    99749  119.83%
    512    17      199.8793   308       92.0000      202.2432   105458  119.83%
    523    26      198.0544   284       92.0000      202.2432   109052  119.83%
    546    45      184.0108   195       92.0000      202.2432   116227  119.83%
    616   100      197.8577   303       92.0000      202.0718   121353  119.64%
    640   124      189.2104   250       92.0000      202.0718   127134  119.64%
    677   156    infeasible             92.0000      202.0718   135730  119.64%
    721   189      165.0628   131       92.0000      200.8776   141921  118.35%
Elapsed time = 17.92 sec. (22866.46 ticks, tree = 1.47 MB, solutions = 6)
    787   245      161.9363   185       92.0000      200.6694   148670  118.12%
    814   266      189.5954   220       92.0000      200.2404   153777  117.65%
    895   335      196.6982   313       92.0000      199.8789   159919  117.26%
    937   375      175.3061   172       92.0000      199.8789   167082  117.26%
    998   423      194.4183   294       92.0000      199.8479   174125  117.23%
   1057   476      192.0513   251       92.0000      199.3965   181625  116.74%
   1125   532      196.4752   281       92.0000      199.2884   187957  116.62%
*  1194   583      integral     0      128.0000      199.2884   190432   55.69%
   1206   595      181.9085   195      128.0000      199.2740   194184   55.68%
   1259   641      175.0371   194      128.0000      199.1722   202518   55.60%
   1357   727      170.5332   131      128.0000      199.1512   210964   55.59%
Elapsed time = 24.99 sec. (32635.33 ticks, tree = 5.94 MB, solutions = 7)
   1435   783      193.5690   271      128.0000      199.0825   219040   55.53%
   1497   838      192.6931   264      128.0000      198.9016   225608   55.39%
   1572   901      190.8032   275      128.0000      198.7753   234007   55.29%
   1597   926      165.3566   177      128.0000      198.7753   241918   55.29%
   1641   960      136.0444    91      128.0000      198.7753   250336   55.29%
   1690   993      177.3091   207      128.0000      198.7246   256351   55.25%
   1758  1054      146.0000   103      128.0000      198.6227   264482   55.17%
   1834  1126      149.4850    81      128.0000      198.3427   271010   54.96%
   1858  1144      184.1808   216      128.0000      198.3085   277919   54.93%
   1900  1180      182.9715   223      128.0000      198.2574   286811   54.89%
Elapsed time = 32.14 sec. (42471.74 ticks, tree = 9.80 MB, solutions = 7)
   1917  1197      183.8216   222      128.0000      198.2574   293945   54.89%
   1942  1222      176.0914   182      128.0000      198.2574   301425   54.89%
   2002  1273      195.2624   255      128.0000      198.1228   307856   54.78%
   2054  1318      190.6576   212      128.0000      198.1086   315274   54.77%
   2106  1364      193.6746   305      128.0000      198.1057   323623   54.77%
   2186  1436      196.1275   322      128.0000      198.0528   331465   54.73%
   2244  1490      155.9235   120      128.0000      198.0528   340879   54.73%
   2280  1518      152.3077    90      128.0000      198.0494   346566   54.73%
   2359  1582      175.3189   161      128.0000      197.9548   352836   54.65%
   2418  1632      196.2290   295      128.0000      197.7722   360105   54.51%
Elapsed time = 39.23 sec. (52305.70 ticks, tree = 12.24 MB, solutions = 7)
   2453  1667      180.2357   184      128.0000      197.7722   366897   54.51%
   2512  1715      183.2475   240      128.0000      197.7529   374988   54.49%
   2561  1763      152.8852    81      128.0000      197.7529   383364   54.49%
   2622  1810      183.6079   218      128.0000      197.6843   391403   54.44%
   2691  1873      167.2368   114      128.0000      197.6836   399423   54.44%
   2751  1927      151.1688    67      128.0000      197.6806   407325   54.44%
   2828  1979      193.8614   261      128.0000      197.4113   417993   54.23%
   2897  2035      195.6783   281      128.0000      197.4007   427478   54.22%
   2963  2096      168.2265    99      128.0000      197.3864   436978   54.21%
   3019  2139      181.1517   192      128.0000      197.3806   446982   54.20%
Elapsed time = 46.34 sec. (62279.85 ticks, tree = 14.06 MB, solutions = 7)
   3096  2203      193.7429   268      128.0000      197.3801   457229   54.20%
   3121  2228      166.3170   184      128.0000      197.3801   466599   54.20%
   3174  2277      152.0613    96      128.0000      197.3801   479382   54.20%
   3255  2344      196.5992   303      128.0000      197.2176   488594   54.08%
   3316  2397      194.2867   284      128.0000      197.1710   499063   54.04%
   3371  2443      193.4428   254      128.0000      197.1600   508506   54.03%
   3400  2472      179.9612   172      128.0000      197.1600   518761   54.03%
   3416  2484      172.4429   199      128.0000      196.9964   527158   53.90%
   3486  2541      171.5803   174      128.0000      196.9680   535269   53.88%
   3556  2597      162.3333   116      128.0000      196.9493   543923   53.87%
Elapsed time = 53.25 sec. (72208.11 ticks, tree = 15.08 MB, solutions = 7)
   3597  2635      170.6372   183      128.0000      196.9391   551120   53.86%
   3662  2689      184.8694   254      128.0000      196.8946   559526   53.82%
   3681  2708      172.2584   205      128.0000      196.8946   566338   53.82%
   3725  2750    infeasible            128.0000      196.8946   575110   53.82%
   3772  2789      182.1789   183      128.0000      196.8595   580744   53.80%
   3836  2847      162.6930    75      128.0000      196.7992   590023   53.75%
   3898  2893      182.4954   204      128.0000      196.6910   599003   53.66%
   3951  2939      184.4820   226      128.0000      196.6495   606827   53.63%
   4046  3028      178.8738   167      128.0000      196.5935   617515   53.59%
   4118  3095      142.0000    81      128.0000      196.5924   628652   53.59%
Elapsed time = 60.14 sec. (81911.52 ticks, tree = 17.28 MB, solutions = 7)
   4160  3129      176.8795   198      128.0000      196.4897   638461   53.51%
   4235  3185      195.0174   307      128.0000      196.4853   650395   53.50%
   4300  3246      181.5721   263      128.0000      196.4638   662178   53.49%
   4398  3336      170.8059   130      128.0000      196.4563   673970   53.48%
   4489  3413      190.4322   264      128.0000      196.4332   685407   53.46%
   4551  3455      188.6310   265      128.0000      196.4154   694556   53.45%
   4606  3504      177.7533   213      128.0000      196.4064   706897   53.44%
   4666  3560      167.4664   135      128.0000      196.3767   719258   53.42%
   4749  3631      146.2476   140      128.0000      196.3361   731649   53.39%
   4820  3687      186.5574   251      128.0000      196.2916   743346   53.35%
Elapsed time = 67.02 sec. (91738.65 ticks, tree = 17.77 MB, solutions = 7)
   4897  3758      156.0000    63      128.0000      196.2349   753660   53.31%
*  4987+ 3792                          132.0000      196.2184            48.65%
   4988  3792      194.7375   292      132.0000      196.1921   762531   48.63%
   5005  3807      178.2866   197      132.0000      196.1921   771674   48.63%
   5085  3879      182.4416   265      132.0000      196.1804   782962   48.62%
*  5087+ 3833                          134.0000      196.1804            46.40%
   5134  3880      155.2161   113      134.0000      196.1804   791218   46.40%
   5168  3906      181.7913   231      134.0000      196.1266   799734   46.36%
   5203  3937      189.6896   267      134.0000      196.0824   807307   46.33%
   5244  3978      165.2151   116      134.0000      196.0824   816966   46.33%
   5322  4039      190.9268   282      134.0000      196.0367   825372   46.30%
   5600  4288      168.0570   207      134.0000      195.9725   860882   46.25%
Elapsed time = 75.95 sec. (104418.75 ticks, tree = 18.04 MB, solutions = 9)
   5805  4465      191.1910   290      134.0000      195.9385   902721   46.22%
   5999  4639      175.9648   202      134.0000      195.8992   949265   46.19%
   6261  4876      185.5015   226      134.0000      195.8804   993201   46.18%
   6514  5096      188.1517   263      134.0000      195.8331  1037008   46.14%
   6700  5252      192.4086   281      134.0000      195.6657  1072025   46.02%
   6861  5399      175.7623   210      134.0000      195.6272  1107298   45.99%
   7026  5544      170.6861   199      134.0000      195.5727  1147166   45.95%
   7263  5751      146.5000   108      134.0000      195.5074  1183497   45.90%
   7523  5982      172.9283   221      134.0000      195.3941  1215902   45.82%
   7802  6236      157.5805   177      134.0000      195.2645  1250688   45.72%
Elapsed time = 103.36 sec. (142942.58 ticks, tree = 23.81 MB, solutions = 9)
   8109  6504      160.3273   132      134.0000      195.1781  1284755   45.66%
   8377  6747      182.8820   257      134.0000      195.0767  1318669   45.58%
   8656  6999      176.5158   204      134.0000      195.0133  1352845   45.53%
   8953  7262      166.1949   135      134.0000      194.8569  1386138   45.42%
   9160  7451      173.8629   192      134.0000      194.7854  1416085   45.36%
   9420  7678      178.0433   243      134.0000      194.6721  1447732   45.28%
   9706  7922      187.5090   224      134.0000      194.6383  1482324   45.25%
   9887  8089      161.0311    99      134.0000      194.6248  1513429   45.24%
  10192  8364      182.3833   238      134.0000      194.6120  1546229   45.23%
  10402  8550      168.1721   205      134.0000      194.5613  1583396   45.20%
Elapsed time = 131.35 sec. (181248.36 ticks, tree = 41.75 MB, solutions = 9)
* 10437+ 8508                          136.0000      194.5613            43.06%
* 10438+ 8296                          140.0000      194.5613            38.97%
* 10438+ 8141                          142.0000      194.5613            37.02%
* 10438+ 7898                          144.0000      194.5613            35.11%
  10438  7900      190.1217   260      144.0000      194.5564  1591506   35.11%
Advanced basis not built.

GUB cover cuts applied:  78
Clique cuts applied:  89
Cover cuts applied:  28
Implied bound cuts applied:  103
Flow cuts applied:  17
Mixed integer rounding cuts applied:  173
Zero-half cuts applied:  100
Lift and project cuts applied:  50
Gomory fractional cuts applied:  1

Root node processing (before b&c):
  Real time             =    1.84 sec. (2198.82 ticks)
Sequential b&c:
  Real time             =  148.16 sec. (199218.66 ticks)
                          ------------
Total (root+branch&cut) =  150.00 sec. (201417.47 ticks)

Solution pool: 14 solutions saved.

MIP - Time limit exceeded, integer feasible:  Objective =  1.4400000000e+02
Current MIP best bound =  1.9455635077e+02 (gap = 50.5564, 35.11%)
Solution time =  150.00 sec.  Iterations = 1592386  Nodes = 10439 (7900)
Deterministic time = 201417.48 ticks  (1342.76 ticks/sec)


Incumbent solution
Variable Name           Solution Value
F                           144.000000
y11                           1.000000
y57                           1.000000
y62                           1.000000
y73                           1.000000
y76                           1.000000
y88                           1.000000
y94                           1.000000
y101                          1.000000
y105                          1.000000
y111                          1.000000
y127                          1.000000
y135                          1.000000
y136                          1.000000
y138                          1.000000
y149                          1.000000
y151                          1.000000
y181                          1.000000
y184                          1.000000
y199                          1.000000
y206                          1.000000
x40x136x1                     1.000000
x122x76x1                     1.000000
x122x149x1                    1.000000
x150x101x1                    1.000000
x150x149x1                    1.000000
x40x57x2                      1.000000
x75x105x2                     1.000000
x89x94x2                      1.000000
x139x57x2                     1.000000
x186x111x2                    1.000000
x191x101x2                    1.000000
x61x88x3                      1.000000
x61x94x3                      1.000000
x75x88x3                      1.000000
x89x105x3                     1.000000
x116x111x3                    1.000000
x139x136x3                    1.000000
x191x76x3                     1.000000
x138x11x2                     1.000000
x184x11x2                     1.000000
x11x0x2                       2.000000
x57x184x2                     1.000000
x57x206x2                     1.000000
x88x62x3                      1.000000
x105x62x3                     1.000000
x62x0x3                       2.000000
x76x73x3                      1.000000
x94x73x3                      1.000000
x73x0x3                       2.000000
x76x199x1                     1.000000
x88x127x3                     1.000000
x94x135x2                     1.000000
x101x199x1                    1.000000
x101x127x2                    1.000000
x105x206x2                    1.000000
x111x138x2                    1.000000
x111x138x3                    1.000000
x127x0x2                      1.000000
x127x0x3                      1.000000
x136x135x1                    1.000000
x135x181x1                    1.000000
x135x181x2                    1.000000
x136x184x3                    1.000000
x138x151x3                    1.000000
x149x0x1                      1.000000
x149x151x1                    1.000000
x151x0x1                      1.000000
x151x0x3                      1.000000
x181x0x1                      1.000000
x181x0x2                      1.000000
x184x0x3                      1.000000
x199x0x1                      2.000000
x206x0x2                      2.000000
s40                           5.401642
s9                            7.050000
z40z9z1                       1.000000
s11                           9.330000
z40z11z2                      1.000000
s16                           9.200000
s20                           7.315004
s29                           8.850000
z40z29z1                      1.000000
s30                           8.630000
z40z30z2                      1.000000
s33                           9.000000
z40z33z1                      1.000000
s57                           6.660534
z40z57z2                      1.000000
s63                           9.240000
z40z63z1                      1.000000
s71                           6.730000
s76                           7.126267
s77                           7.620000
s79                           8.980000
z40z79z1                      1.000000
s94                           7.110372
s95                           7.720000
z40z95z2                      1.000000
s101                          7.106591
s102                          7.725457
z40z102z1                     1.000000
s105                          7.770000
s107                          8.840000
s111                          6.368025
s127                          8.775318
s132                          7.880000
s135                          8.410372
s136                          6.627288
z40z136z1                     1.000000
s138                          7.662719
s145                          9.460000
s149                          7.628204
z40z149z1                     1.000000
s151                          9.220000
s159                          7.880000
s163                          7.700000
s175                          6.540000
s181                          9.470000
s184                          8.173085
s197                          9.200000
s198                          8.810000
s199                          8.650000
z40z199z1                     1.000000
s206                          8.860677
z40z206z2                     1.000000
s41                           6.000000
z41z11z2                      1.000000
s15                           8.790000
s25                           8.799107
s62                           9.000000
s68                           7.700000
s73                           8.900000
s88                           7.733155
s142                          9.110000
s178                          8.480000
s196                          8.728284
s44                           6.000000
s61                           5.378141
z61z15z3                      1.000000
z61z25z3                      1.000000
s27                           6.927389
z61z62z3                      1.000000
z61z68z3                      1.000000
z61z73z3                      1.000000
z61z88z3                      1.000000
z61z94z3                      1.000000
z61z142z3                     1.000000
z61z178z3                     1.000000
z61z196z3                     1.000000
s75                           5.985575
z75z11z2                      1.000000
z75z15z3                      1.000000
z75z25z3                      1.000000
z75z62z3                      1.000000
z75z73z3                      1.000000
z75z88z3                      1.000000
z75z105z2                     1.000000
z75z142z3                     1.000000
z75z178z3                     1.000000
z75z196z3                     1.000000
z75z206z2                     1.000000
s89                           5.680000
z89z11z2                      1.000000
z89z15z3                      1.000000
z89z25z3                      1.000000
z89z30z2                      1.000000
z89z62z3                      1.000000
z89z68z3                      1.000000
z89z73z3                      1.000000
z89z88z3                      1.000000
z89z94z2                      1.000000
z89z95z2                      1.000000
z89z105z3                     1.000000
z89z142z3                     1.000000
z89z178z3                     1.000000
z89z196z3                     1.000000
z89z206z2                     1.000000
s116                          4.848138
s13                           6.000000
z116z15z3                     1.000000
s21                           6.000000
z116z25z3                     1.000000
z116z62z3                     1.000000
z116z68z3                     1.000000
z116z73z3                     1.000000
z116z88z3                     1.000000
z116z111z3                    1.000000
z116z142z3                    1.000000
z116z178z3                    1.000000
z116z196z3                    1.000000
s122                          5.890000
z122z20z1                     1.000000
z122z29z1                     1.000000
z122z33z1                     1.000000
z122z63z1                     1.000000
z122z76z1                     1.000000
z122z79z1                     1.000000
z122z102z1                    1.000000
z122z149z1                    1.000000
z122z199z1                    1.000000
s139                          5.400000
z139z11z2                     1.000000
z139z15z3                     1.000000
z139z25z3                     1.000000
z139z30z2                     1.000000
z139z57z2                     1.000000
z139z62z3                     1.000000
z139z68z3                     1.000000
z139z73z3                     1.000000
z139z88z3                     1.000000
z139z95z2                     1.000000
z139z136z3                    1.000000
z139z142z3                    1.000000
z139z178z3                    1.000000
z139z196z3                    1.000000
z139z206z2                    1.000000
s143                          6.000000
s150                          4.993500
z150z9z1                      1.000000
s14                           6.000000
z150z20z1                     1.000000
z150z29z1                     1.000000
z150z33z1                     1.000000
z150z63z1                     1.000000
z150z79z1                     1.000000
z150z101z1                    1.000000
z150z102z1                    1.000000
z150z149z1                    1.000000
s161                          6.000000
z150z199z1                    1.000000
s186                          4.600000
z186z11z2                     1.000000
z186z30z2                     1.000000
z186z57z2                     1.000000
z186z95z2                     1.000000
z186z111z2                    1.000000
s172                          6.000000
z186z206z2                    1.000000
s191                          5.748018
z191z11z2                     1.000000
z191z15z3                     1.000000
z191z25z3                     1.000000
z191z30z2                     1.000000
z191z62z3                     1.000000
z191z68z3                     1.000000
z191z73z3                     1.000000
z191z76z3                     1.000000
z191z88z3                     1.000000
z191z95z2                     1.000000
z191z101z2                    1.000000
z191z142z3                    1.000000
z191z178z3                    1.000000
z191z196z3                    1.000000
z191z206z2                    1.000000
z13z15z3                      1.000000
z14z11z2                      1.000000
z14z63z1                      1.000000
z20z79z1                      1.000000
z20z199z1                     1.000000
z21z15z3                      1.000000
z27z15z3                      1.000000
z57z11z2                      1.000000
z57z184z2                     1.000000
z57z206z2                     1.000000
z68z25z3                      1.000000
z68z73z3                      1.000000
z68z196z3                     1.000000
z76z15z3                      1.000000
z76z63z1                      1.000000
z76z73z3                      1.000000
z76z199z1                     1.000000
z88z62z3                      1.000000
z88z127z3                     1.000000
z94z73z3                      1.000000
z94z135z2                     1.000000
z101z63z1                     1.000000
z101z127z2                    1.000000
z101z199z1                    1.000000
z102z29z1                     1.000000
z105z62z3                     1.000000
z105z206z2                    1.000000
z111z15z3                     1.000000
z111z138z2                    1.000000
z111z138z3                    1.000000
z135z181z1                    1.000000
z135z181z2                    1.000000
z136z15z3                     1.000000
z136z63z1                     1.000000
z136z135z1                    1.000000
z136z184z3                    1.000000
z138z11z2                     1.000000
z138z151z3                    1.000000
z149z151z1                    1.000000
z161z63z1                     1.000000
z161z102z1                    1.000000
z172z11z2                     1.000000
z175z15z3                     1.000000
z175z63z1                     1.000000
z184z11z2                     1.000000
All other variables in the range 1-2771 are 0.
