
Log started (V12.10.0.0) Fri Apr  9 01:42:02 2021


Problem 'asset.lp' read.
Read time = 0.01 sec. (0.84 ticks)
New value for default parallel thread count: 1
New value for time limit in seconds: 150
Version identifier: 12.10.0.0 | 2019-11-26 | 843d4de
CPXPARAM_Threads                                 1
CPXPARAM_TimeLimit                               150
Found incumbent of value -0.731893 after 0.00 sec. (0.39 ticks)
Tried aggregator 5 times.
MIP Presolve eliminated 1549 rows and 588 columns.
MIP Presolve modified 6887 coefficients.
Aggregator did 2881 substitutions.
Reduced MIP has 3034 rows, 3879 columns, and 17932 nonzeros.
Reduced MIP has 3408 binaries, 380 generals, 0 SOSs, and 0 indicators.
Presolve time = 0.05 sec. (48.27 ticks)
Probing fixed 8 vars, tightened 8 bounds.
Probing time = 0.03 sec. (21.46 ticks)
Tried aggregator 2 times.
Detecting symmetries...
MIP Presolve eliminated 115 rows and 39 columns.
MIP Presolve modified 373 coefficients.
Aggregator did 6 substitutions.
Reduced MIP has 2913 rows, 3834 columns, and 17166 nonzeros.
Reduced MIP has 3379 binaries, 369 generals, 0 SOSs, and 0 indicators.
Presolve time = 0.03 sec. (25.58 ticks)
Probing time = 0.01 sec. (3.36 ticks)
Clique table members: 10115.
MIP emphasis: balance optimality and feasibility.
MIP search method: dynamic search.
Parallel mode: none, using 1 thread.
Root relaxation solution time = 0.07 sec. (89.01 ticks)

        Nodes                                         Cuts/
   Node  Left     Objective  IInf  Best Integer    Best Bound    ItCnt     Gap

*     0+    0                           -0.7319     1887.6312              --- 
      0     0     1870.3368   571       -0.7319     1870.3368     1923     --- 
      0     0     1845.3627   571       -0.7319     Cuts: 828     6318     --- 
      0     0     1814.3864   571       -0.7319     Cuts: 828    10130     --- 
      0     0     1798.4571   571       -0.7319     Cuts: 828    11719     --- 
*     0+    0                          251.6688     1798.4571           614.61%
      0     0     1789.3728   571      251.6688     Cuts: 828    13935  611.00%
      0     0     1785.0092   571      251.6688     Cuts: 828    15214  609.27%
Detecting symmetries...
      0     0     1780.0414   571      251.6688     Cuts: 828    16549  607.30%
*     0+    0                          326.4334     1780.0414           445.30%
      0     0     1776.9191   571      326.4334     Cuts: 828    18556  444.34%
      0     0     1774.9426   571      326.4334     Cuts: 721    19905  443.74%
      0     0     1772.6944   571      326.4334     Cuts: 828    21178  443.05%
      0     0     1769.6703   571      326.4334     Cuts: 828    22238  442.12%
      0     0     1767.2333   571      326.4334     Cuts: 716    23261  441.38%
      0     0     1765.5336   571      326.4334     Cuts: 781    25065  440.86%
      0     0     1763.2217   571      326.4334     Cuts: 575    25908  440.15%
      0     0     1761.0002   571      326.4334     Cuts: 470    27085  439.47%
      0     0     1759.2277   571      326.4334     Cuts: 828    28274  438.92%
      0     0     1758.3313   571      326.4334     Cuts: 759    28789  438.65%
      0     0     1756.7913   571      326.4334     Cuts: 502    29594  438.18%
      0     0     1755.5808   571      326.4334     Cuts: 633    30928  437.81%
      0     0     1754.9010   571      326.4334     Cuts: 828    31926  437.60%
      0     0     1754.1621   571      326.4334     Cuts: 449    32826  437.37%
      0     0     1753.6943   571      326.4334     Cuts: 582    33817  437.23%
*     0+    0                          421.6994     1753.6943           315.86%
*     0+    0                          451.1728     1753.6943           288.70%
      0     0        cutoff            451.1728     1753.6943    33817  288.70%
      0     0     1753.0349   571      451.1728     Cuts: 828    34632  288.55%
      0     0     1751.8505   571      451.1728     Cuts: 458    36189  288.29%
      0     0     1750.1255   571      451.1728     Cuts: 828    37437  287.91%
      0     0     1748.5848   571      451.1728     Cuts: 725    38187  287.56%
      0     0     1747.2814   571      451.1728     Cuts: 605    39207  287.28%
      0     0     1745.2634   571      451.1728     Cuts: 814    40803  286.83%
      0     0     1743.3411   571      451.1728     Cuts: 828    41503  286.40%
      0     0     1742.3180   571      451.1728     Cuts: 704    42812  286.18%
      0     0     1741.4074   571      451.1728     Cuts: 608    44274  285.97%
      0     0     1740.2681   571      451.1728     Cuts: 753    45392  285.72%
      0     0     1739.5779   571      451.1728     Cuts: 578    46212  285.57%
      0     0     1739.2065   571      451.1728     Cuts: 335    46615  285.49%
      0     0     1737.5032   571      451.1728     Cuts: 382    48552  285.11%
      0     0     1736.4748   571      451.1728     Cuts: 828    49400  284.88%
      0     0     1735.0661   571      451.1728     Cuts: 702    50465  284.57%
      0     0     1733.8200   571      451.1728     Cuts: 642    51407  284.29%
      0     0     1732.9224   571      451.1728     Cuts: 828    52620  284.09%
      0     0     1731.6390   571      451.1728     Cuts: 828    54439  283.81%
      0     0     1730.9624   571      451.1728     Cuts: 828    54940  283.66%
Detecting symmetries...
      0     2     1730.9624   611      451.1728     1730.2899    54940  283.51%
Elapsed time = 10.76 sec. (13621.72 ticks, tree = 0.01 MB, solutions = 4)
      3     5     1728.1567   573      451.1728     1729.8788    57886  283.42%
      5     7     1726.9833   582      451.1728     1729.5858    60164  283.35%
      7     9     1729.0214   569      451.1728     1729.2025    62032  283.27%
      9    11     1727.1634   540      451.1728     1729.2025    63510  283.27%
     11    13     1722.6963   571      451.1728     1729.2025    66268  283.27%
     15    17     1724.1682   575      451.1728     1729.2025    68022  283.27%
     16    18     1686.8080   560      451.1728     1729.2025    69593  283.27%
     20    22     1723.9608   553      451.1728     1729.2025    70857  283.27%
     22    24     1711.2794   547      451.1728     1729.2025    72476  283.27%
     36    38     1707.9275   544      451.1728     1729.2025    80255  283.27%
Elapsed time = 13.77 sec. (17699.39 ticks, tree = 0.15 MB, solutions = 4)
     40    42     1685.6083   500      451.1728     1729.2025    90672  283.27%
     55    57     1660.1171   509      451.1728     1729.2025    97407  283.27%
     65    67     1559.2601   425      451.1728     1729.2025   105103  283.27%
    110    98     1364.2111   258      451.1728     1729.2025   115905  283.27%
    233   167     1725.1620   578      451.1728     1728.3695   125098  283.08%
    246   180     1638.5626   551      451.1728     1728.3695   134467  283.08%
    264   198     1610.1216   436      451.1728     1728.3695   143566  283.08%
    300   234     1544.3570   451      451.1728     1728.3695   154441  283.08%
    330   262     1460.3182   352      451.1728     1728.3695   164632  283.08%
    391   319     1319.4904   209      451.1728     1728.3695   172321  283.08%
Elapsed time = 21.71 sec. (28098.65 ticks, tree = 1.17 MB, solutions = 4)
*   565   434      integral     0      988.8369     1728.3695   176221   74.79%
    569   437     1726.8642   617      988.8369     1728.1357   178827   74.76%
    589   457     1704.8731   578      988.8369     1728.1357   188081   74.76%
    600   468     1692.3393   548      988.8369     1728.1357   194336   74.76%
    606   474     1695.8564   603      988.8369     1728.1078   202323   74.76%
    638   506     1649.9196   559      988.8369     1728.1078   210438   74.76%
    661   529     1461.3375   449      988.8369     1728.1078   220110   74.76%
    711   579     1381.3110   361      988.8369     1728.1078   229729   74.76%
    802   670     1725.9241   604      988.8369     1727.6094   240524   74.71%
    810   678     1595.8845   559      988.8369     1727.6094   249731   74.71%
    823   691     1561.2163   448      988.8369     1727.6094   260037   74.71%
Elapsed time = 29.54 sec. (38699.42 ticks, tree = 2.03 MB, solutions = 5)
    902   767     1411.1426   259      988.8369     1727.6094   273200   74.71%
*  1000+  808                         1091.2060     1727.6094            58.32%
*  1000+  789                         1122.7550     1727.6094            53.87%
*  1000+  789                         1122.7553     1727.6094            53.87%
   1000   791     1218.9417   133     1122.7553     1727.6094   279976   53.87%
   1034   825     1680.8250   560     1122.7553     1727.3101   287339   53.85%
   1065   856     1640.1249   479     1122.7553     1727.3101   295534   53.85%

Performing restart 1

Repeating presolve.
Tried aggregator 1 time.
MIP Presolve modified 3292 coefficients.
Reduced MIP has 2913 rows, 3834 columns, and 14524 nonzeros.
Reduced MIP has 3379 binaries, 369 generals, 0 SOSs, and 0 indicators.
Presolve time = 0.01 sec. (11.83 ticks)
Tried aggregator 1 time.
Reduced MIP has 2913 rows, 3834 columns, and 14524 nonzeros.
Reduced MIP has 3379 binaries, 369 generals, 0 SOSs, and 0 indicators.
Presolve time = 0.01 sec. (9.79 ticks)
Represolve time = 0.12 sec. (76.45 ticks)
   1110     0     1686.3991   604     1122.7553     Cuts: 548   319828   50.20%
   1110     0     1667.4143   604     1122.7553     Cuts: 509   322193   48.51%
   1110     0     1659.9675   604     1122.7553     Cuts: 435   324772   47.85%
*  1110+    0                         1122.7556     1659.9675            47.85%
*  1110+    0                         1124.6181     1659.9675            47.60%
*  1110+    0                         1124.6186     1659.9675            47.60%
   1110     0        cutoff           1124.6186     1659.9675   324772   47.60%
   1110     0     1652.5867   604     1124.6186     Cuts: 347   327527   46.95%
   1110     0     1645.4476   604     1124.6186     Cuts: 301   329375   46.31%
   1110     0     1638.4845   604     1124.6186     Cuts: 316   331592   45.69%
*  1110+    0                         1124.6190     1638.4845            45.69%
*  1110+    0                         1124.6190     1638.4845            45.69%
   1110     0     1635.2121   604     1124.6190     Cuts: 316   332849   45.40%
   1110     0     1633.8979   604     1124.6190     Cuts: 330   334006   45.28%
   1110     0     1632.4372   604     1124.6190     Cuts: 216   335225   45.15%
   1110     0     1631.5629   604     1124.6190     Cuts: 295   336418   45.08%
   1110     0     1631.3213   604     1124.6190     Cuts: 175   336953   45.06%
   1110     0     1630.9140   604     1124.6190     Cuts: 115   337803   45.02%
*  1110+    0                         1124.6195     1630.9140            45.02%
   1110     0     1630.3728   604     1124.6195     Cuts: 123   338611   44.97%
   1110     0     1629.7509   604     1124.6195     Cuts: 179   339539   44.92%
   1110     0     1629.2015   604     1124.6195     Cuts: 203   340341   44.87%
*  1110+    0                         1130.5090     1629.2015            44.11%
*  1110+    0                         1130.5098     1629.2015            44.11%
   1110     0     1629.0164   604     1130.5098     Cuts: 133   340856   44.10%
   1110     0     1628.6524   604     1130.5098     Cuts: 104   341465   44.06%
   1110     0     1628.3245   604     1130.5098     Cuts: 164   341954   44.03%
   1110     0     1628.1422   604     1130.5098     Cuts: 196   342636   44.02%
   1110     0     1628.0984   604     1130.5098     Cuts: 141   343000   44.01%
   1110     0     1627.5892   604     1130.5098      Cuts: 57   343999   43.97%
*  1110+    0                         1130.5100     1627.5892            43.97%
   1110     0     1627.4912   604     1130.5100     Cuts: 148   344380   43.96%
   1110     0     1627.0913   604     1130.5100     Cuts: 195   345258   43.93%
   1110     0     1626.6845   604     1130.5100     Cuts: 170   346102   43.89%
   1110     0     1626.5105   604     1130.5100      Cuts: 88   346788   43.87%
   1110     0     1626.3370   604     1130.5100     Cuts: 141   347250   43.86%
*  1110+    0                         1153.0263     1626.3370            41.05%
*  1110+    0                         1158.9173     1626.3370            40.33%
*  1110+    0                         1159.3653     1626.3370            40.28%
   1110     0        cutoff           1159.3653     1626.3370   347250   40.28%
   1110     2     1626.3370   568     1159.3653     1626.3240   347250   40.28%
   1112     4     1624.7235   541     1159.3653     1624.7232   350098   40.14%
   1114     6     1622.9858   520     1159.3653     1624.7021   351564   40.14%
   1116     8     1623.5716   523     1159.3653     1624.6599   354542   40.13%
   1118    10     1624.2661   533     1159.3653     1624.2655   356090   40.10%
   1120    12     1623.6971   547     1159.3653     1624.2655   360377   40.10%
Elapsed time = 79.28 sec. (101512.05 ticks, tree = 0.08 MB, solutions = 20)
   1122    14     1623.3086   549     1159.3653     1623.6429   363660   40.05%
   1124    16     1622.8718   529     1159.3653     1623.6429   366051   40.05%
   1127    19     1607.3585   480     1159.3653     1623.6429   370217   40.05%
   1130    22     1621.9666   511     1159.3653     1623.6429   373119   40.05%
   1133    25     1617.2110   491     1159.3653     1623.6429   376689   40.05%
   1135    27     1603.0975   493     1159.3653     1623.6429   380236   40.05%
   1138    30     1615.4320   496     1159.3653     1623.6429   384232   40.05%
   1140    32     1615.9713   495     1159.3653     1623.6429   389460   40.05%
   1142    34     1609.8156   457     1159.3653     1623.6429   394772   40.05%
   1145    37     1613.5252   488     1159.3653     1623.6429   398382   40.05%
Elapsed time = 87.02 sec. (112698.18 ticks, tree = 0.25 MB, solutions = 20)
   1148    40     1611.5942   474     1159.3653     1623.6429   405016   40.05%
   1150    42     1606.5555   481     1159.3653     1623.6429   407381   40.05%
   1152    44     1610.3021   476     1159.3653     1623.6429   412445   40.05%
   1158    50     1606.1124   470     1159.3653     1623.6429   416069   40.05%
   1162    54     1599.2288   471     1159.3653     1623.6429   421226   40.05%
   1166    58     1598.8393   458     1159.3653     1623.6429   424264   40.05%
   1170    62     1597.4004   464     1159.3653     1623.6429   426886   40.05%
   1177    69     1596.9211   441     1159.3653     1623.6429   430207   40.05%
   1180    72     1594.3377   433     1159.3653     1623.6429   434522   40.05%
   1184    76     1595.1470   468     1159.3653     1623.6429   439274   40.05%
Elapsed time = 95.50 sec. (124873.40 ticks, tree = 0.69 MB, solutions = 20)
   1189    81     1546.9892   435     1159.3653     1623.6429   445333   40.05%
   1190    82     1587.4947   464     1159.3653     1623.6429   446499   40.05%
   1194    86     1585.9276   449     1159.3653     1623.6429   450118   40.05%
   1198    90     1583.4789   440     1159.3653     1623.6429   453991   40.05%
   1201    93     1577.1880   405     1159.3653     1623.6429   458053   40.05%
   1207    99     1572.7418   401     1159.3653     1623.6429   461867   40.05%
   1211   103     1572.6185   403     1159.3653     1623.6429   465249   40.05%
   1214   106     1555.5418   422     1159.3653     1623.6429   470441   40.05%
   1220   112     1532.0512   430     1159.3653     1623.6429   474962   40.05%
   1225   117     1557.9366   399     1159.3653     1623.6429   479945   40.05%
Elapsed time = 104.04 sec. (136866.82 ticks, tree = 1.09 MB, solutions = 20)
   1232   124     1563.9349   425     1159.3653     1623.6429   483356   40.05%
   1238   130     1555.0364   400     1159.3653     1623.6429   487264   40.05%
   1241   133     1536.9560   405     1159.3653     1623.6429   489109   40.05%
   1248   140     1561.8770   413     1159.3653     1623.6429   492363   40.05%
   1250   142     1561.6183   411     1159.3653     1623.6429   492716   40.05%
   1254   146     1548.3728   411     1159.3653     1623.6429   497560   40.05%
   1260   152     1552.3941   385     1159.3653     1623.6429   500844   40.05%
   1270   162     1551.6151   382     1159.3653     1623.6429   503894   40.05%
   1277   169     1504.9077   372     1159.3653     1623.6429   510079   40.05%
   1283   175     1545.7845   403     1159.3653     1623.6429   513156   40.05%
Elapsed time = 113.38 sec. (149686.47 ticks, tree = 2.66 MB, solutions = 20)
   1293   185     1545.2262   396     1159.3653     1623.6429   516297   40.05%
   1306   198     1533.2528   371     1159.3653     1623.6429   520402   40.05%
   1312   204     1533.8563   383     1159.3653     1623.6429   524648   40.05%
   1321   211     1470.8559   366     1159.3653     1623.6429   528529   40.05%
   1332   220     1468.2118   359     1159.3653     1623.6429   531396   40.05%
   1347   235     1459.6553   334     1159.3653     1623.6429   535398   40.05%
   1367   251     1449.5484   332     1159.3653     1623.6429   539282   40.05%
*  1391+  267                         1159.3666     1623.6429            40.05%
   1391   269     1618.0754   515     1159.3666     1623.5046   546518   40.03%
   1396   274     1614.8684   512     1159.3666     1623.5046   549359   40.03%
   1402   280     1603.3411   479     1159.3666     1623.5046   553520   40.03%
Elapsed time = 122.30 sec. (162104.56 ticks, tree = 5.37 MB, solutions = 21)
   1405   283     1611.5810   486     1159.3666     1623.5046   558053   40.03%
   1410   288     1585.5262   474     1159.3666     1623.5046   564405   40.03%
   1414   292     1601.6724   471     1159.3666     1623.5046   568418   40.03%
   1418   296     1586.9322   447     1159.3666     1623.5046   574711   40.03%
   1428   306     1599.8367   447     1159.3666     1623.5046   579276   40.03%
   1430   308     1585.7902   449     1159.3666     1623.5046   580907   40.03%
   1437   315     1598.5597   443     1159.3666     1623.5046   585434   40.03%
   1442   320     1589.7898   425     1159.3666     1623.5046   589530   40.03%
   1449   327     1572.5495   423     1159.3666     1623.5046   594821   40.03%
   1464   342     1565.2428   421     1159.3666     1623.5046   609408   40.03%
Elapsed time = 136.36 sec. (180281.25 ticks, tree = 7.08 MB, solutions = 21)
   1484   362     1545.8208   419     1159.3666     1623.5046   623887   40.03%
Starting limited solution polishing.
*  1510+  386                         1177.0856     1623.5046            37.93%
   1512   390     1520.9128   412     1177.0856     1623.5046   639835   37.93%
   1557   435     1495.0986   338     1177.0856     1623.5046   655283   37.93%
   1609   477     1487.7390   322     1177.0856     1623.5046   676094   37.93%
Advanced basis not built.

GUB cover cuts applied:  59
Clique cuts applied:  217
Cover cuts applied:  4
Implied bound cuts applied:  81
Flow cuts applied:  10
Mixed integer rounding cuts applied:  112
Zero-half cuts applied:  106
Lift and project cuts applied:  12
Gomory fractional cuts applied:  10

Root node processing (before b&c):
  Real time             =   10.74 sec. (13608.13 ticks)
Sequential b&c:
  Real time             =  139.27 sec. (184682.75 ticks)
                          ------------
Total (root+branch&cut) =  150.00 sec. (198290.88 ticks)

Solution pool: 23 solutions saved.

MIP - Time limit exceeded, integer feasible:  Objective =  1.1770856389e+03
Current MIP best bound =  1.6235045573e+03 (gap = 446.419, 37.93%)
Solution time =  150.00 sec.  Iterations = 676796  Nodes = 1610 (477)
Deterministic time = 198290.90 ticks  (1321.90 ticks/sec)


Incumbent solution
Variable Name           Solution Value
F                          1360.000000
f1                            0.791271
f2                          182.123090
y8                            1.000000
y10                           1.000000
y15                           1.000000
y16                           1.000000
y18                           1.000000
y20                           1.000000
y27                           1.000000
y32                           1.000000
y34                           1.000000
y37                           1.000000
y38                           1.000000
y40                           1.000000
y41                           1.000000
y42                           1.000000
y44                           1.000000
y49                           1.000000
y51                           1.000000
y68                           1.000000
y70                           1.000000
y73                           1.000000
y75                           1.000000
y77                           1.000000
y87                           1.000000
y91                           1.000000
y100                          1.000000
y102                          1.000000
y103                          1.000000
y105                          1.000000
y108                          1.000000
y111                          1.000000
y120                          1.000000
y130                          1.000000
y132                          1.000000
y137                          1.000000
y138                          1.000000
y142                          1.000000
y148                          1.000000
y152                          1.000000
y158                          1.000000
y167                          1.000000
y168                          1.000000
y174                          1.000000
y175                          1.000000
y187                          1.000000
y189                          1.000000
s1                            1.310000
s3                            3.520000
s4                            0.100000
s8                            5.701455
s9                            1.900000
s10                           3.523764
s15                           0.817177
s16                           2.230355
s18                           1.930000
s20                           5.999397
s22                           3.390000
s27                           1.900000
s32                           3.523545
s34                           5.993757
s37                           2.397141
s38                           5.958583
s39                           2.290000
s40                           2.364994
s41                           5.747607
s42                           0.980000
s43                           0.070000
s44                           4.422250
s45                           2.360000
s49                           0.976934
s51                           5.660000
s53                           1.610000
s56                           2.120000
s60                           3.170000
s64                           3.430000
s66                           2.320000
s68                           4.307650
s70                           1.420000
s73                           4.655789
s75                           5.095156
s77                           2.341656
s78                           3.800000
s81                           3.280000
s85                           4.430000
s86                           2.060000
s87                           4.440000
s89                           2.360000
s91                           5.850000
s92                           3.680000
s94                           0.150000
s96                           1.970000
s98                           4.940000
s99                           3.800000
s100                          1.350000
s101                          2.330000
s102                          2.240000
s103                          2.257379
s104                          1.210000
s105                          3.705398
s106                          2.130000
s107                          1.870000
s108                          3.280746
s109                          0.160000
s111                          2.750000
s113                          2.460000
s114                          2.660000
s115                          4.110000
s116                          0.350000
s117                          2.190000
s120                          3.013333
s127                          1.230000
s128                          4.190000
s129                          1.460000
s130                          1.150000
s132                          2.744414
s133                          2.340000
s134                          2.590000
s136                          3.620000
s137                          5.935630
s138                          1.055693
s142                          5.865808
s144                          1.700000
s146                          2.130000
s148                          3.641730
s149                          0.770000
s150                          1.810000
s151                          1.960000
s152                          3.258856
s156                          4.270000
s158                          4.626457
s160                          1.860000
s162                          5.110000
s167                          4.772632
s168                          4.675788
s169                          2.510000
s170                          2.170000
s173                          1.850000
s174                          3.082315
s175                          4.038957
s176                          2.090000
s185                          0.890000
s187                          1.290000
s188                          1.370000
s189                          5.168777
x0x15x1                       2.000000
x0x18x1                       1.000000
x0x42x1                       1.000000
x0x102x1                      2.000000
x0x111x1                      1.000000
x0x187x1                      1.000000
x0x27x2                       1.000000
x0x42x2                       1.000000
x0x49x2                       2.000000
x0x130x2                      2.000000
x0x138x2                      1.000000
x0x187x2                      1.000000
x0x18x3                       1.000000
x0x27x3                       1.000000
x0x40x3                       1.000000
x0x70x3                       2.000000
x0x100x3                      2.000000
x0x138x3                      1.000000
x32x8x2                       1.000000
x44x8x2                       1.000000
x8x0x2                        2.000000
x16x10x1                      1.000000
x10x189x1                     1.000000
x16x10x2                      1.000000
x10x168x2                     1.000000
x15x16x1                      1.000000
x15x103x1                     1.000000
x49x16x2                      1.000000
x18x108x1                     1.000000
x18x174x3                     1.000000
x87x20x1                      1.000000
x167x20x1                     1.000000
x20x0x1                       2.000000
x27x120x2                     1.000000
x27x175x3                     1.000000
x103x32x1                     1.000000
x32x167x1                     1.000000
x103x32x2                     1.000000
x73x34x1                      1.000000
x34x0x1                       1.000000
x68x34x3                      1.000000
x34x0x3                       1.000000
x100x37x3                     2.000000
x37x105x3                     2.000000
x152x38x1                     1.000000
x167x38x1                     1.000000
x38x0x1                       2.000000
x130x40x2                     1.000000
x40x44x2                      1.000000
x40x87x3                      1.000000
x87x41x3                      1.000000
x105x41x3                     1.000000
x41x0x3                       2.000000
x42x77x1                      1.000000
x42x103x2                     1.000000
x174x44x3                     1.000000
x44x137x3                     1.000000
x49x77x2                      1.000000
x77x51x2                      1.000000
x51x0x2                       1.000000
x175x51x3                     1.000000
x51x0x3                       1.000000
x120x68x2                     1.000000
x68x91x2                      1.000000
x120x68x3                     1.000000
x70x120x3                     1.000000
x70x132x3                     1.000000
x174x73x1                     1.000000
x152x73x3                     1.000000
x73x137x3                     1.000000
x148x75x1                     1.000000
x75x0x1                       1.000000
x105x75x3                     1.000000
x75x0x3                       1.000000
x77x148x1                     1.000000
x111x87x1                     1.000000
x175x91x2                     1.000000
x91x0x2                       2.000000
x102x148x1                    1.000000
x102x152x1                    1.000000
x108x167x1                    1.000000
x130x108x2                    1.000000
x108x158x2                    1.000000
x138x111x2                    1.000000
x111x158x2                    1.000000
x187x132x2                    1.000000
x132x175x2                    1.000000
x132x168x3                    1.000000
x137x0x3                      2.000000
x138x152x3                    1.000000
x158x142x2                    2.000000
x142x0x2                      2.000000
x148x189x1                    1.000000
x168x0x2                      1.000000
x168x0x3                      1.000000
x187x174x1                    1.000000
x189x0x1                      2.000000
z0z1z2                        1.000000
z0z8z2                        1.000000
z0z15z1                       1.000000
z0z18z1                       1.000000
z0z18z3                       1.000000
z0z20z1                       1.000000
z0z22z3                       1.000000
z0z27z2                       1.000000
z0z27z3                       1.000000
z0z37z3                       1.000000
z0z38z1                       1.000000
z0z39z3                       1.000000
z0z40z3                       1.000000
z0z41z3                       1.000000
z0z42z1                       1.000000
z0z42z2                       1.000000
z0z49z2                       1.000000
z0z56z2                       1.000000
z0z64z2                       1.000000
z0z66z3                       1.000000
z0z70z3                       1.000000
z0z78z2                       1.000000
z0z85z3                       1.000000
z0z91z2                       1.000000
z0z92z2                       1.000000
z0z96z2                       1.000000
z0z98z2                       1.000000
z0z99z2                       1.000000
z0z100z3                      1.000000
z0z101z3                      1.000000
z0z102z1                      1.000000
z0z105z3                      1.000000
z0z106z1                      1.000000
z0z107z3                      1.000000
z0z111z1                      1.000000
z0z117z2                      1.000000
z0z127z2                      1.000000
z0z130z2                      1.000000
z0z137z3                      1.000000
z0z138z2                      1.000000
z0z138z3                      1.000000
z0z142z2                      1.000000
z0z144z2                      1.000000
z0z148z1                      1.000000
z0z150z1                      1.000000
z0z151z2                      1.000000
z0z158z2                      1.000000
z0z167z1                      1.000000
z0z170z2                      1.000000
z0z173z3                      1.000000
z0z185z2                      1.000000
z0z187z1                      1.000000
z0z187z2                      1.000000
z0z189z1                      1.000000
z1z8z2                        1.000000
z1z91z2                       1.000000
z1z98z2                       1.000000
z1z142z2                      1.000000
z1z158z2                      1.000000
z4z20z1                       1.000000
z4z22z3                       1.000000
z4z38z1                       1.000000
z4z41z3                       1.000000
z4z85z3                       1.000000
z4z105z3                      1.000000
z4z137z3                      1.000000
z4z148z1                      1.000000
z4z167z1                      1.000000
z4z189z1                      1.000000
z9z8z2                        1.000000
z9z20z1                       1.000000
z9z38z1                       1.000000
z9z91z2                       1.000000
z9z98z2                       1.000000
z9z142z2                      1.000000
z10z91z2                      1.000000
z10z168z2                     1.000000
z10z189z1                     1.000000
z15z16z1                      1.000000
z15z20z1                      1.000000
z15z38z1                      1.000000
z15z103z1                     1.000000
z15z148z1                     1.000000
z15z167z1                     1.000000
z15z189z1                     1.000000
z16z8z2                       1.000000
z16z10z1                      1.000000
z16z10z2                      1.000000
z16z20z1                      1.000000
z16z38z1                      1.000000
z16z91z2                      1.000000
z16z98z2                      1.000000
z16z142z2                     1.000000
z16z158z2                     1.000000
z16z167z1                     1.000000
z16z189z1                     1.000000
z18z20z1                      1.000000
z18z38z1                      1.000000
z18z41z3                      1.000000
z18z108z1                     1.000000
z18z137z3                     1.000000
z18z174z3                     1.000000
z27z8z2                       1.000000
z27z41z3                      1.000000
z27z91z2                      1.000000
z27z98z2                      1.000000
z27z120z2                     1.000000
z27z137z3                     1.000000
z27z142z2                     1.000000
z27z175z3                     1.000000
z32z8z2                       1.000000
z32z91z2                      1.000000
z32z167z1                     1.000000
z37z41z3                      1.000000
z37z85z3                      1.000000
z37z105z3                     1.000000
z37z137z3                     1.000000
z39z41z3                      1.000000
z39z137z3                     1.000000
z40z8z2                       1.000000
z40z41z3                      1.000000
z40z44z2                      1.000000
z40z87z3                      1.000000
z40z91z2                      1.000000
z40z98z2                      1.000000
z40z137z3                     1.000000
z40z142z2                     1.000000
z42z8z2                       1.000000
z42z20z1                      1.000000
z42z38z1                      1.000000
z42z64z2                      1.000000
z42z77z1                      1.000000
z42z78z2                      1.000000
z42z91z2                      1.000000
z42z92z2                      1.000000
z42z98z2                      1.000000
z42z103z2                     1.000000
z42z142z2                     1.000000
z42z158z2                     1.000000
z42z167z1                     1.000000
z42z189z1                     1.000000
z44z8z2                       1.000000
z44z137z3                     1.000000
z45z8z2                       1.000000
z45z20z1                      1.000000
z45z38z1                      1.000000
z45z91z2                      1.000000
z45z142z2                     1.000000
z49z8z2                       1.000000
z49z16z2                      1.000000
z49z64z2                      1.000000
z49z77z2                      1.000000
z49z78z2                      1.000000
z49z91z2                      1.000000
z49z92z2                      1.000000
z49z98z2                      1.000000
z49z99z2                      1.000000
z49z142z2                     1.000000
z49z158z2                     1.000000
z53z8z2                       1.000000
z53z41z3                      1.000000
z53z91z2                      1.000000
z53z98z2                      1.000000
z53z137z3                     1.000000
z53z142z2                     1.000000
z56z91z2                      1.000000
z56z142z2                     1.000000
z66z137z3                     1.000000
z68z34z3                      1.000000
z68z91z2                      1.000000
z70z41z3                      1.000000
z70z85z3                      1.000000
z70z120z3                     1.000000
z70z132z3                     1.000000
z70z137z3                     1.000000
z73z34z1                      1.000000
z73z137z3                     1.000000
z77z8z2                       1.000000
z77z20z1                      1.000000
z77z38z1                      1.000000
z77z51z2                      1.000000
z77z91z2                      1.000000
z77z98z2                      1.000000
z77z142z2                     1.000000
z77z148z1                     1.000000
z77z167z1                     1.000000
z86z20z1                      1.000000
z86z41z3                      1.000000
z87z20z1                      1.000000
z87z41z3                      1.000000
z89z20z1                      1.000000
z89z137z3                     1.000000
z94z8z2                       1.000000
z94z22z3                      1.000000
z94z41z3                      1.000000
z94z64z2                      1.000000
z94z78z2                      1.000000
z94z85z3                      1.000000
z94z91z2                      1.000000
z94z92z2                      1.000000
z94z98z2                      1.000000
z94z99z2                      1.000000
z94z137z3                     1.000000
z94z142z2                     1.000000
z94z158z2                     1.000000
z96z8z2                       1.000000
z96z91z2                      1.000000
z96z98z2                      1.000000
z96z142z2                     1.000000
z100z37z3                     1.000000
z100z41z3                     1.000000
z100z85z3                     1.000000
z100z137z3                    1.000000
z101z137z3                    1.000000
z102z20z1                     1.000000
z102z38z1                     1.000000
z102z148z1                    1.000000
z102z152z1                    1.000000
z103z8z2                      1.000000
z103z20z1                     1.000000
z103z32z1                     1.000000
z103z32z2                     1.000000
z103z38z1                     1.000000
z103z91z2                     1.000000
z103z98z2                     1.000000
z103z142z2                    1.000000
z104z8z2                      1.000000
z104z41z3                     1.000000
z104z85z3                     1.000000
z104z91z2                     1.000000
z104z98z2                     1.000000
z104z137z3                    1.000000
z104z142z2                    1.000000
z104z158z2                    1.000000
z105z41z3                     1.000000
z105z75z3                     1.000000
z106z20z1                     1.000000
z106z38z1                     1.000000
z107z41z3                     1.000000
z107z137z3                    1.000000
z108z91z2                     1.000000
z108z158z2                    1.000000
z108z167z1                    1.000000
z109z8z2                      1.000000
z109z64z2                     1.000000
z109z78z2                     1.000000
z109z91z2                     1.000000
z109z92z2                     1.000000
z109z98z2                     1.000000
z109z99z2                     1.000000
z109z142z2                    1.000000
z109z158z2                    1.000000
z111z87z1                     1.000000
z111z91z2                     1.000000
z111z158z2                    1.000000
z113z20z1                     1.000000
z113z91z2                     1.000000
z113z142z2                    1.000000
z116z20z1                     1.000000
z116z38z1                     1.000000
z116z148z1                    1.000000
z116z167z1                    1.000000
z116z189z1                    1.000000
z117z91z2                     1.000000
z120z68z2                     1.000000
z120z68z3                     1.000000
z120z91z2                     1.000000
z127z8z2                      1.000000
z127z78z2                     1.000000
z127z91z2                     1.000000
z127z98z2                     1.000000
z127z142z2                    1.000000
z127z158z2                    1.000000
z129z8z2                      1.000000
z129z41z3                     1.000000
z129z85z3                     1.000000
z129z91z2                     1.000000
z129z98z2                     1.000000
z129z137z3                    1.000000
z129z142z2                    1.000000
z129z158z2                    1.000000
z130z8z2                      1.000000
z130z40z2                     1.000000
z130z78z2                     1.000000
z130z91z2                     1.000000
z130z92z2                     1.000000
z130z98z2                     1.000000
z130z108z2                    1.000000
z130z142z2                    1.000000
z130z158z2                    1.000000
z132z91z2                     1.000000
z132z168z3                    1.000000
z132z175z2                    1.000000
z133z8z2                      1.000000
z133z91z2                     1.000000
z133z137z3                    1.000000
z133z142z2                    1.000000
z134z91z2                     1.000000
z134z142z2                    1.000000
z138z8z2                      1.000000
z138z22z3                     1.000000
z138z41z3                     1.000000
z138z64z2                     1.000000
z138z78z2                     1.000000
z138z85z3                     1.000000
z138z91z2                     1.000000
z138z92z2                     1.000000
z138z98z2                     1.000000
z138z99z2                     1.000000
z138z111z2                    1.000000
z138z137z3                    1.000000
z138z142z2                    1.000000
z138z152z3                    1.000000
z138z158z2                    1.000000
z144z8z2                      1.000000
z144z91z2                     1.000000
z144z98z2                     1.000000
z144z142z2                    1.000000
z146z20z1                     1.000000
z146z41z3                     1.000000
z148z20z1                     1.000000
z148z75z1                     1.000000
z148z189z1                    1.000000
z149z8z2                      1.000000
z149z20z1                     1.000000
z149z38z1                     1.000000
z149z64z2                     1.000000
z149z78z2                     1.000000
z149z91z2                     1.000000
z149z92z2                     1.000000
z149z98z2                     1.000000
z149z99z2                     1.000000
z149z142z2                    1.000000
z149z158z2                    1.000000
z149z167z1                    1.000000
z149z189z1                    1.000000
z150z20z1                     1.000000
z150z38z1                     1.000000
z150z167z1                    1.000000
z151z8z2                      1.000000
z151z91z2                     1.000000
z151z98z2                     1.000000
z151z142z2                    1.000000
z152z20z1                     1.000000
z152z38z1                     1.000000
z152z73z3                     1.000000
z152z137z3                    1.000000
z158z142z2                    1.000000
z160z8z2                      1.000000
z160z20z1                     1.000000
z160z38z1                     1.000000
z160z91z2                     1.000000
z160z98z2                     1.000000
z160z142z2                    1.000000
z167z20z1                     1.000000
z167z38z1                     1.000000
z169z20z1                     1.000000
z170z8z2                      1.000000
z170z91z2                     1.000000
z170z98z2                     1.000000
z170z142z2                    1.000000
z173z41z3                     1.000000
z173z137z3                    1.000000
z174z20z1                     1.000000
z174z44z3                     1.000000
z174z73z1                     1.000000
z175z51z3                     1.000000
z175z91z2                     1.000000
z176z8z2                      1.000000
z176z41z3                     1.000000
z176z91z2                     1.000000
z176z98z2                     1.000000
z176z137z3                    1.000000
z176z142z2                    1.000000
z185z8z2                      1.000000
z185z64z2                     1.000000
z185z78z2                     1.000000
z185z91z2                     1.000000
z185z92z2                     1.000000
z185z98z2                     1.000000
z185z99z2                     1.000000
z185z142z2                    1.000000
z185z158z2                    1.000000
z187z8z2                      1.000000
z187z20z1                     1.000000
z187z38z1                     1.000000
z187z91z2                     1.000000
z187z98z2                     1.000000
z187z132z2                    1.000000
z187z142z2                    1.000000
z187z158z2                    1.000000
z187z167z1                    1.000000
z187z174z1                    1.000000
z187z189z1                    1.000000
z188z8z2                      1.000000
z188z41z3                     1.000000
z188z85z3                     1.000000
z188z91z2                     1.000000
z188z98z2                     1.000000
z188z137z3                    1.000000
z188z142z2                    1.000000
z188z158z2                    1.000000
All other variables in the range 1-7354 are 0.
