
Log started (V12.10.0.0) Thu Apr 15 12:52:55 2021


Problem 'asset.lp' read.
Read time = 0.02 sec. (0.62 ticks)
New value for default parallel thread count: 1
New value for time limit in seconds: 150
Version identifier: 12.10.0.0 | 2019-11-26 | 843d4de
CPXPARAM_Threads                                 1
CPXPARAM_TimeLimit                               150
Found incumbent of value 0.000000 after 0.00 sec. (0.17 ticks)
Tried aggregator 3 times.
MIP Presolve eliminated 1645 rows and 563 columns.
MIP Presolve added 2 rows and 0 columns.
MIP Presolve modified 4379 coefficients.
Aggregator did 2003 substitutions.
Reduced MIP has 1825 rows, 2934 columns, and 12139 nonzeros.
Reduced MIP has 2595 binaries, 280 generals, 0 SOSs, and 0 indicators.
Presolve time = 0.03 sec. (27.34 ticks)
Probing fixed 0 vars, tightened 1 bounds.
Probing time = 0.01 sec. (4.46 ticks)
Tried aggregator 1 time.
Detecting symmetries...
MIP Presolve eliminated 4 rows and 3 columns.
Reduced MIP has 1821 rows, 2931 columns, and 12129 nonzeros.
Reduced MIP has 2593 binaries, 279 generals, 0 SOSs, and 0 indicators.
Presolve time = 0.01 sec. (7.95 ticks)
Probing time = 0.00 sec. (3.05 ticks)
Clique table members: 6935.
MIP emphasis: balance optimality and feasibility.
MIP search method: dynamic search.
Parallel mode: none, using 1 thread.
Root relaxation solution time = 0.03 sec. (33.68 ticks)

        Nodes                                         Cuts/
   Node  Left     Objective  IInf  Best Integer    Best Bound    ItCnt     Gap

*     0+    0                            0.0000      344.0000              --- 
      0     0      344.0000   292        0.0000      344.0000      753     --- 
      0     0      344.0000   292        0.0000     Cuts: 129     1052     --- 
      0     0      344.0000   292        0.0000     Cuts: 555     1971     --- 
      0     0      344.0000   292        0.0000     Cuts: 198     2374     --- 
*     0+    0                          180.0000      344.0000            91.11%
*     0+    0                          184.0000      344.0000            86.96%
*     0+    0                          188.0000      344.0000            82.98%
      0     0        cutoff            188.0000      344.0000     2374   82.98%
      0     0      344.0000   292      188.0000     Cuts: 555     3405   82.98%
*     0+    0                          202.0000      344.0000            70.30%
*     0+    0                          214.0000      344.0000            60.75%
*     0+    0                          216.0000      344.0000            59.26%
*     0+    0                          222.0000      344.0000            54.95%
*     0+    0                          224.0000      344.0000            53.57%
*     0+    0                          230.0000      344.0000            49.57%
      0     0        cutoff            230.0000      344.0000     3405   49.57%
      0     2      344.0000   221      230.0000      344.0000     3405   49.57%
Elapsed time = 1.79 sec. (2221.46 ticks, tree = 0.01 MB, solutions = 9)
      7     9      344.0000   286      230.0000      344.0000     6391   49.57%
     10    12      344.0000   283      230.0000      344.0000     7980   49.57%
     14    16      344.0000   315      230.0000      344.0000    11144   49.57%
     43    45      344.0000   224      230.0000      344.0000    13673   49.57%
     60    62      343.5029   249      230.0000      344.0000    16109   49.57%
     75    77      344.0000   239      230.0000      344.0000    19102   49.57%
     99   101      344.0000   240      230.0000      344.0000    21895   49.57%
    113   115      341.2985   268      230.0000      344.0000    23730   49.57%
    140   142      343.5029   225      230.0000      344.0000    25776   49.57%
    200   202      339.4953   276      230.0000      344.0000    37701   49.57%
Elapsed time = 4.25 sec. (5804.22 ticks, tree = 2.26 MB, solutions = 9)
    300   300      323.0059   165      230.0000      344.0000    50145   49.57%
*   417   398      integral     0      242.0000      344.0000    55286   42.15%
    442   422      338.0125   234      242.0000      344.0000    61372   42.15%
    528   501      339.6351   309      242.0000      344.0000    71032   42.15%
*   530+  501                          244.0000      344.0000            40.98%
*   530+  499                          246.0000      344.0000            39.84%
    532   503      343.1310   318      246.0000      344.0000    79299   39.84%
    601   572      322.0000   274      246.0000      344.0000    88319   39.84%
    629   600      320.0000   271      246.0000      344.0000    98198   39.84%

Performing restart 1

Repeating presolve.
Tried aggregator 1 time.
MIP Presolve modified 2481 coefficients.
Reduced MIP has 1821 rows, 2931 columns, and 9869 nonzeros.
Reduced MIP has 2593 binaries, 279 generals, 0 SOSs, and 0 indicators.
Presolve time = 0.01 sec. (8.96 ticks)
Tried aggregator 1 time.
Reduced MIP has 1821 rows, 2931 columns, and 9869 nonzeros.
Reduced MIP has 2593 binaries, 279 generals, 0 SOSs, and 0 indicators.
Presolve time = 0.01 sec. (7.53 ticks)
Represolve time = 0.06 sec. (48.00 ticks)
    640     0      341.5404   465      246.0000     Cuts: 379   113506   38.84%
    640     0      340.4835   465      246.0000     Cuts: 439   115589   38.41%
    640     0      337.7868   465      246.0000     Cuts: 275   119035   37.31%
    640     0      336.7859   465      246.0000     Cuts: 368   123488   36.90%
    640     0      335.9160   465      246.0000     Cuts: 266   125680   36.55%
    640     0      335.3353   465      246.0000     Cuts: 291   128020   36.32%
    640     0      335.0547   465      246.0000     Cuts: 307   131812   36.20%
    640     0      334.7101   465      246.0000     Cuts: 245   136653   36.06%
    640     0      334.3869   465      246.0000     Cuts: 278   140790   35.93%
    640     0      334.3226   465      246.0000     Cuts: 228   143737   35.90%
    640     0      334.2560   465      246.0000     Cuts: 263   146186   35.88%
    640     0      334.0398   465      246.0000     Cuts: 215   150079   35.79%
    640     0      333.9203   465      246.0000     Cuts: 240   154219   35.74%
    640     0      333.7638   465      246.0000     Cuts: 261   158233   35.68%
    640     0      333.6839   465      246.0000     Cuts: 187   160267   35.64%
    640     0      333.5585   465      246.0000     Cuts: 245   164710   35.59%
    640     0      333.5015   465      246.0000     Cuts: 159   166658   35.57%
    640     0      333.4199   465      246.0000     Cuts: 241   169817   35.54%
    640     0      333.3927   465      246.0000     Cuts: 240   171701   35.53%
    640     0      333.3573   465      246.0000     Cuts: 195   174348   35.51%
    640     0      333.2841   465      246.0000     Cuts: 243   175837   35.48%
    640     0      333.2280   465      246.0000     Cuts: 198   177945   35.46%
    640     0      333.1722   465      246.0000     Cuts: 333   179674   35.44%
    640     0      333.1337   465      246.0000     Cuts: 236   181540   35.42%
    640     0      333.0926   465      246.0000     Cuts: 158   183293   35.40%
    640     0      333.0086   465      246.0000     Cuts: 289   185562   35.37%
    640     0      332.9534   465      246.0000     Cuts: 337   192592   35.35%
    640     0      332.9002   465      246.0000     Cuts: 199   193746   35.33%
    640     0      332.8628   465      246.0000     Cuts: 357   195740   35.31%
    640     0      332.7019   465      246.0000      Cuts: 73   204172   35.24%
    640     0      332.4180   465      246.0000     Cuts: 280   205572   35.13%
    640     0      332.3979   465      246.0000     Cuts: 223   206787   35.12%
*   640+    0                          254.0000      332.3979            30.87%
*   640+    0                          264.0000      332.3979            25.91%
    640     0        cutoff            264.0000      332.3979   206787   25.91%
    640     2      332.3979   315      264.0000      332.3942   206787   25.91%
    644     6      331.7106   399      264.0000      332.2765   212365   25.86%
    647     9      330.7285   309      264.0000      332.2765   218955   25.86%
    650    12      328.1603   315      264.0000      332.2765   224527   25.86%
Elapsed time = 36.29 sec. (48654.05 ticks, tree = 0.02 MB, solutions = 14)
    657    19      328.6861   298      264.0000      332.2765   229629   25.86%
    663    25      322.8335   311      264.0000      332.2765   233662   25.86%
    674    36      321.5555   239      264.0000      332.2765   238765   25.86%
    683    45      323.6962   254      264.0000      332.2765   242210   25.86%
    697    59      324.9332   252      264.0000      332.2765   247053   25.86%
    700    62      322.3261   315      264.0000      332.2765   249585   25.86%
    707    69      322.5043   290      264.0000      332.2765   254732   25.86%
    710    72      322.3015   270      264.0000      332.2765   259512   25.86%
    720    82      313.6438   241      264.0000      332.2765   263207   25.86%
    738   100      315.6473   284      264.0000      332.2765   268339   25.86%
Elapsed time = 43.67 sec. (59598.63 ticks, tree = 0.51 MB, solutions = 14)
    740   102      318.9184   229      264.0000      332.2765   268457   25.86%
    753   115      317.7225   256      264.0000      332.2765   275744   25.86%
    765   127      316.2090   218      264.0000      332.2765   282859   25.86%
    798   160      314.8301   210      264.0000      332.2765   286513   25.86%
    809   171      314.1351   245      264.0000      332.2765   289432   25.86%
    835   197      302.6464   282      264.0000      332.2765   297018   25.86%
    840   202      309.4692   267      264.0000      332.2765   299539   25.86%
    897   242      326.3892   270      264.0000      332.0256   309363   25.77%
    902   247      318.3342   249      264.0000      332.0256   314501   25.77%
    912   257      314.1067   248      264.0000      332.0256   321710   25.77%
Elapsed time = 53.54 sec. (73410.83 ticks, tree = 0.74 MB, solutions = 14)
    920   265      314.5694   240      264.0000      332.0256   327297   25.77%
*   940+  283                          268.0000      332.0256            23.89%
*   940+  283                          272.0000      332.0256            22.07%
    940   285      313.8618   218      272.0000      332.0256   332133   22.07%
    955   300      311.8462   238      272.0000      332.0256   338268   22.07%
    974   319      310.0332   215      272.0000      332.0256   344566   22.07%
    986   331      308.4912   218      272.0000      332.0256   351309   22.07%
   1023   358      330.5022   301      272.0000      331.9552   358116   22.04%
   1031   366      323.0397   324      272.0000      331.9552   365756   22.04%
   1040   375      322.6572   351      272.0000      331.9552   370747   22.04%
   1042   377      329.3768   321      272.0000      331.8653   375838   22.01%
   1056   391      326.1117   282      272.0000      331.8653   384743   22.01%
Elapsed time = 63.37 sec. (87012.16 ticks, tree = 0.95 MB, solutions = 16)
   1080   415      322.9071   262      272.0000      331.8653   391662   22.01%
   1101   436      316.3004   215      272.0000      331.8653   400583   22.01%
   1122   451      328.4156   319      272.0000      331.7567   407316   21.97%
   1128   457      325.3433   343      272.0000      331.7567   414847   21.97%
   1133   462      323.5662   322      272.0000      331.7567   421909   21.97%
*  1140+  465                          274.0000      331.7567            21.08%
   1140   467      321.9315   316      274.0000      331.7567   428479   21.08%
   1147   474      320.3235   293      274.0000      331.7567   435730   21.08%
   1156   483      315.7391   291      274.0000      331.7567   441866   21.08%
   1176   503      314.1961   219      274.0000      331.7567   447542   21.08%
   1223   546      299.1105   185      274.0000      331.7567   455076   21.08%
Elapsed time = 73.03 sec. (100458.59 ticks, tree = 1.20 MB, solutions = 17)
   1231   550      324.7514   309      274.0000      330.4973   462172   20.62%
   1238   557      322.6474   280      274.0000      330.4973   470749   20.62%
   1240   559      322.4854   308      274.0000      330.4973   474318   20.62%
   1248   567      320.8421   327      274.0000      330.4973   484874   20.62%
   1254   573      318.5719   274      274.0000      330.4973   494646   20.62%
   1261   580      316.6423   337      274.0000      330.4973   504148   20.62%
   1265   584      316.1313   286      274.0000      330.4973   511198   20.62%
   1271   590      306.8384   295      274.0000      330.4973   519067   20.62%
   1276   595      313.0000   325      274.0000      330.4973   526580   20.62%
   1282   601      313.0000   293      274.0000      330.4973   532846   20.62%
Elapsed time = 82.72 sec. (114102.34 ticks, tree = 1.32 MB, solutions = 17)
   1289   608      310.0217   273      274.0000      330.4973   541076   20.62%
   1308   627      310.7323   233      274.0000      330.4973   546842   20.62%
   1320   639      307.5725   182      274.0000      330.4973   551709   20.62%
   1351   668      294.0000   201      274.0000      330.4973   560017   20.62%
   1379   691      322.2490   302      274.0000      330.4834   568831   20.61%
   1385   697      320.9969   318      274.0000      330.4834   576884   20.61%
   1397   709      318.0000   249      274.0000      330.4834   585578   20.61%
   1404   716      317.2616   229      274.0000      330.4834   590996   20.61%
   1432   742      297.3119   155      274.0000      330.4834   598962   20.61%
   1442   748      324.6858   288      274.0000      330.3121   604778   20.55%
Elapsed time = 90.10 sec. (124615.03 ticks, tree = 1.55 MB, solutions = 17)
   1448   754      322.2275   317      274.0000      330.3121   612284   20.55%
   1459   765      320.8295   321      274.0000      330.3121   618180   20.55%
   1471   777      320.1509   310      274.0000      330.3121   625780   20.55%
   1497   803      309.8335   309      274.0000      330.3121   633304   20.55%
   1526   832      297.3710   182      274.0000      330.3121   639494   20.55%
   1565   867      324.1678   368      274.0000      330.0319   648073   20.45%
   1577   879      322.7672   313      274.0000      330.0319   655608   20.45%
   1584   886      320.1632   285      274.0000      330.0319   664889   20.45%
   1594   896      316.7751   378      274.0000      330.0319   675710   20.45%
   1600   902      316.1115   300      274.0000      330.0319   680375   20.45%
Elapsed time = 98.24 sec. (136428.67 ticks, tree = 1.78 MB, solutions = 17)
   1618   920      310.3749   313      274.0000      330.0319   690239   20.45%
   1632   934      307.5869   277      274.0000      330.0319   696540   20.45%
   1640   942      300.8701   258      274.0000      330.0319   700986   20.45%
   1664   966      296.2831   279      274.0000      330.0319   707446   20.45%
   1691   988      329.5609   316      274.0000      329.5609   714851   20.28%
   1697   994      327.3989   339      274.0000      329.5609   723949   20.28%
   1706  1003      322.4754   288      274.0000      329.5609   735452   20.28%
   1725  1022      319.1493   264      274.0000      329.5609   745428   20.28%
   1735  1032      314.1225   369      274.0000      329.5609   753003   20.28%
   1796  1089      326.9981   317      274.0000      329.5097   776776   20.26%
Elapsed time = 109.65 sec. (152734.54 ticks, tree = 2.11 MB, solutions = 17)
   1813  1106      322.4684   321      274.0000      329.5097   810139   20.26%
   1840  1133      309.5229   226      274.0000      329.5097   831728   20.26%
   1878  1170      301.4744   233      274.0000      329.5097   855104   20.26%
   1927  1215      320.9229   279      274.0000      329.3496   885370   20.20%
   1953  1241      311.1829   304      274.0000      329.3496   912805   20.20%
   1993  1277      318.4670   309      274.0000      329.3324   942141   20.19%
   2024  1308      305.3780   279      274.0000      329.3324   966360   20.19%
   2053  1333      327.0188   303      274.0000      329.3049   975743   20.18%
   2099  1379      307.8644   323      274.0000      329.3049  1007699   20.18%
Starting limited solution polishing.
   2180  1453      319.3249   292      274.0000      329.2423  1039538   20.16%
Elapsed time = 137.96 sec. (192305.15 ticks, tree = 2.67 MB, solutions = 17)
   2250  1523      304.0000   294      274.0000      329.2423  1069494   20.16%
   2360  1625      325.5421   342      274.0000      329.1303  1097844   20.12%
   2403  1668      305.6105   208      274.0000      329.1303  1136371   20.12%
   2469  1734      299.3139   183      274.0000      329.1303  1147861   20.12%

GUB cover cuts applied:  104
Clique cuts applied:  79
Cover cuts applied:  31
Implied bound cuts applied:  86
Flow cuts applied:  12
Mixed integer rounding cuts applied:  72
Zero-half cuts applied:  80
Gomory fractional cuts applied:  6

Root node processing (before b&c):
  Real time             =    1.78 sec. (2211.51 ticks)
Sequential b&c:
  Real time             =  148.22 sec. (206814.24 ticks)
                          ------------
Total (root+branch&cut) =  150.00 sec. (209025.75 ticks)

Solution pool: 18 solutions saved.

MIP - Time limit exceeded, integer feasible:  Objective =  2.7400000000e+02
Current MIP best bound =  3.2904110163e+02 (gap = 55.0411, 20.09%)
Solution time =  150.00 sec.  Iterations = 1156264  Nodes = 2488 (1744)
Deterministic time = 209025.77 ticks  (1393.49 ticks/sec)


Incumbent solution
Variable Name           Solution Value
F                           274.000000
y8                            1.000000
y14                           1.000000
y31                           1.000000
y37                           1.000000
y50                           1.000000
y54                           1.000000
y61                           1.000000
y65                           1.000000
y66                           1.000000
y73                           1.000000
y82                           1.000000
y83                           1.000000
y85                           1.000000
y93                           1.000000
y96                           1.000000
y99                           1.000000
y107                          1.000000
y111                          1.000000
y112                          1.000000
y118                          1.000000
y121                          1.000000
y128                          1.000000
y133                          1.000000
y141                          1.000000
y145                          1.000000
y156                          1.000000
y158                          1.000000
y177                          1.000000
y178                          1.000000
y179                          1.000000
y181                          1.000000
y183                          1.000000
y184                          1.000000
y192                          1.000000
y194                          1.000000
y206                          1.000000
y207                          1.000000
y219                          1.000000
y225                          1.000000
y229                          1.000000
y231                          1.000000
y232                          1.000000
y239                          1.000000
y245                          1.000000
y255                          1.000000
y261                          1.000000
y262                          1.000000
y263                          1.000000
y264                          1.000000
x40x107x1                     1.000000
x40x141x1                     1.000000
x75x141x1                     1.000000
x120x14x1                     1.000000
x187x263x1                    1.000000
x189x85x1                     1.000000
x189x118x1                    1.000000
x210x158x1                    1.000000
x221x229x1                    1.000000
x222x14x1                     1.000000
x230x107x1                    1.000000
x237x158x1                    1.000000
x45x239x2                     1.000000
x46x50x2                      1.000000
x46x183x2                     1.000000
x76x192x2                     1.000000
x76x261x2                     1.000000
x78x37x2                      1.000000
x78x261x2                     1.000000
x98x192x2                     1.000000
x135x206x2                    1.000000
x173x37x2                     1.000000
x210x229x2                    1.000000
x246x206x2                    1.000000
x45x8x3                       1.000000
x56x85x3                      1.000000
x75x99x3                      1.000000
x84x239x3                     1.000000
x84x263x3                     1.000000
x98x8x3                       1.000000
x164x99x3                     1.000000
x173x133x3                    1.000000
x221x118x3                    1.000000
x222x133x3                    1.000000
x237x183x3                    1.000000
x246x93x3                     1.000000
x8x31x3                       2.000000
x14x93x1                      1.000000
x14x156x1                     1.000000
x31x66x3                      2.000000
x37x177x2                     2.000000
x158x50x1                     1.000000
x50x219x1                     1.000000
x50x178x2                     1.000000
x107x54x1                     1.000000
b54b0b1                       1.000000
x232x54x3                     1.000000
b54b0b3                       1.000000
x65x61x3                      1.000000
x183x61x3                     1.000000
b61b0b3                       2.000000
x229x65x1                     1.000000
x65x82x1                      1.000000
x99x65x3                      1.000000
b66b0b3                       2.000000
x261x73x2                     2.000000
x73x82x2                      1.000000
x73x264x2                     1.000000
b82b0b1                       1.000000
b82b0b2                       1.000000
x232x83x1                     1.000000
b83b0b1                       1.000000
x262x83x2                     1.000000
b83b0b2                       1.000000
x85x121x1                     1.000000
x85x181x3                     1.000000
x93x184x1                     1.000000
x93x194x3                     1.000000
x118x96x1                     1.000000
x96x219x1                     1.000000
x229x96x2                     1.000000
x96x207x2                     1.000000
x99x232x3                     1.000000
x107x179x1                    1.000000
x156x111x1                    1.000000
b111b0b1                      1.000000
x206x111x2                    1.000000
b111b0b2                      1.000000
x158x112x1                    1.000000
x112x255x1                    1.000000
x192x112x2                    1.000000
x112x145x2                    1.000000
x118x181x3                    1.000000
x121x184x1                    1.000000
x263x121x3                    1.000000
x121x225x3                    1.000000
x133x128x3                    2.000000
x128x207x3                    1.000000
x128x245x3                    1.000000
x141x231x1                    1.000000
x141x232x1                    1.000000
x206x145x2                    1.000000
b145b0b2                      2.000000
x263x156x1                    1.000000
x156x178x1                    1.000000
b177b0b2                      1.000000
x177x245x2                    1.000000
b178b0b1                      1.000000
b178b0b2                      1.000000
b179b0b1                      1.000000
x183x179x2                    1.000000
b179b0b2                      1.000000
x181x194x3                    1.000000
x181x225x3                    1.000000
b184b0b1                      2.000000
x192x231x2                    1.000000
b194b0b3                      2.000000
b207b0b2                      1.000000
b207b0b3                      1.000000
b219b0b1                      2.000000
b225b0b3                      2.000000
x231x255x1                    1.000000
x231x264x2                    1.000000
x239x262x2                    1.000000
x239x262x3                    1.000000
b245b0b2                      1.000000
b245b0b3                      1.000000
b255b0b1                      2.000000
b262b0b3                      1.000000
b264b0b2                      2.000000
s40                           4.000000
s4                            7.720000
s12                           7.980000
s14                           6.340000
z40z14z1                      1.000000
s22                           7.740000
s23                           7.090000
z40z23z1                      1.000000
s26                           9.350000
z40z26z1                      1.000000
s36                           7.330000
z40z36z1                      1.000000
s50                           7.980000
s51                           8.434157
z40z51z1                      1.000000
s54                           8.989629
s60                           9.020000
z40z60z1                      1.000000
s64                           9.400000
z40z64z1                      1.000000
s65                           7.770000
s77                           8.360000
s82                           9.270000
s83                           9.320000
s85                           6.530000
s88                           9.270000
z40z88z1                      1.000000
s93                           7.960000
s96                           7.920000
s107                          6.870000
z40z107z1                     1.000000
s111                          8.856443
s112                          7.754502
s113                          8.030000
s118                          6.000000
s121                          8.076667
s131                          7.290000
z40z131z1                     1.000000
s140                          9.030000
s141                          6.290000
z40z141z1                     1.000000
s156                          7.520123
z40z156z1                     1.000000
s158                          6.000000
z40z158z1                     1.000000
s178                          9.058031
s179                          9.020000
s180                          7.950000
s182                          6.880000
z40z182z1                     1.000000
s184                          9.200000
z40z184z1                     1.000000
s219                          9.040000
z40z219z1                     1.000000
s220                          7.120000
s229                          6.000000
s231                          7.764547
s232                          7.930000
s255                          8.992582
z40z255z1                     1.000000
s263                          6.000000
s45                           4.010000
s8                            7.001984
z45z8z3                       1.000000
s30                           6.870000
z45z30z3                      1.000000
s31                           8.055317
z45z31z3                      1.000000
s37                           7.064003
z45z37z2                      1.000000
s61                           8.791082
z45z61z3                      1.000000
s66                           9.270000
z45z66z3                      1.000000
s73                           8.214293
z45z73z2                      1.000000
s99                           6.000000
z45z99z3                      1.000000
s109                          8.060000
z45z109z3                     1.000000
s128                          7.960000
z45z128z3                     1.000000
s133                          6.329797
z45z133z3                     1.000000
s145                          9.020000
z45z145z2                     1.000000
s177                          8.130000
z45z177z2                     1.000000
s181                          8.017077
z45z181z3                     1.000000
s183                          7.270000
s192                          6.530000
z45z192z2                     1.000000
s194                          9.200000
z45z194z3                     1.000000
s197                          7.120000
z45z197z2                     1.000000
s200                          8.880000
s206                          7.594994
z45z206z2                     1.000000
s207                          9.090000
s225                          9.290000
z45z225z3                     1.000000
s239                          6.892104
z45z239z2                     1.000000
s245                          9.420000
s256                          7.980000
s259                          7.960000
s261                          6.710000
z45z261z2                     1.000000
s262                          8.099093
s264                          9.350000
z45z264z2                     1.000000
s46                           5.460000
z46z50z2                      1.000000
z46z73z2                      1.000000
z46z145z2                     1.000000
z46z177z2                     1.000000
z46z183z2                     1.000000
z46z197z2                     1.000000
z46z206z2                     1.000000
z46z264z2                     1.000000
s56                           2.760000
z56z8z3                       1.000000
z56z30z3                      1.000000
z56z31z3                      1.000000
z56z61z3                      1.000000
z56z66z3                      1.000000
z56z85z3                      1.000000
z56z99z3                      1.000000
z56z109z3                     1.000000
z56z128z3                     1.000000
z56z133z3                     1.000000
z56z181z3                     1.000000
z56z194z3                     1.000000
z56z225z3                     1.000000
s75                           4.070000
z75z8z3                       1.000000
z75z14z1                      1.000000
z75z23z1                      1.000000
z75z26z1                      1.000000
z75z30z3                      1.000000
z75z31z3                      1.000000
z75z36z1                      1.000000
z75z51z1                      1.000000
z75z60z1                      1.000000
z75z61z3                      1.000000
z75z64z1                      1.000000
z75z66z3                      1.000000
z75z88z1                      1.000000
z75z99z3                      1.000000
z75z107z1                     1.000000
z75z109z3                     1.000000
z75z128z3                     1.000000
z75z131z1                     1.000000
z75z133z3                     1.000000
z75z141z1                     1.000000
z75z156z1                     1.000000
z75z158z1                     1.000000
z75z181z3                     1.000000
z75z182z1                     1.000000
z75z184z1                     1.000000
z75z194z3                     1.000000
z75z219z1                     1.000000
z75z225z3                     1.000000
z75z255z1                     1.000000
s76                           4.459473
z76z37z2                      1.000000
z76z73z2                      1.000000
z76z145z2                     1.000000
z76z177z2                     1.000000
z76z192z2                     1.000000
z76z197z2                     1.000000
z76z206z2                     1.000000
z76z261z2                     1.000000
z76z264z2                     1.000000
s78                           4.562580
z78z37z2                      1.000000
z78z73z2                      1.000000
z78z145z2                     1.000000
z78z177z2                     1.000000
z78z192z2                     1.000000
z78z197z2                     1.000000
z78z206z2                     1.000000
z78z261z2                     1.000000
z78z264z2                     1.000000
s84                           2.499317
z84z8z3                       1.000000
z84z30z3                      1.000000
z84z31z3                      1.000000
z84z61z3                      1.000000
z84z66z3                      1.000000
z84z99z3                      1.000000
z84z109z3                     1.000000
z84z128z3                     1.000000
z84z133z3                     1.000000
z84z181z3                     1.000000
z84z194z3                     1.000000
z84z225z3                     1.000000
z84z239z3                     1.000000
z84z263z3                     1.000000
s98                           4.502719
z98z8z3                       1.000000
z98z30z3                      1.000000
z98z31z3                      1.000000
z98z37z2                      1.000000
z98z61z3                      1.000000
z98z66z3                      1.000000
z98z73z2                      1.000000
z98z99z3                      1.000000
z98z109z3                     1.000000
z98z128z3                     1.000000
z98z133z3                     1.000000
z98z145z2                     1.000000
z98z177z2                     1.000000
z98z181z3                     1.000000
z98z192z2                     1.000000
z98z194z3                     1.000000
z98z197z2                     1.000000
z98z206z2                     1.000000
z98z225z3                     1.000000
z98z261z2                     1.000000
z98z264z2                     1.000000
s120                          2.730000
z120z14z1                     1.000000
z120z23z1                     1.000000
z120z26z1                     1.000000
z120z36z1                     1.000000
z120z51z1                     1.000000
z120z60z1                     1.000000
z120z64z1                     1.000000
z120z88z1                     1.000000
z120z107z1                    1.000000
z120z131z1                    1.000000
z120z141z1                    1.000000
z120z156z1                    1.000000
z120z158z1                    1.000000
z120z182z1                    1.000000
z120z184z1                    1.000000
z120z219z1                    1.000000
z120z255z1                    1.000000
s135                          3.870567
z135z37z2                     1.000000
z135z73z2                     1.000000
z135z145z2                    1.000000
z135z177z2                    1.000000
z135z192z2                    1.000000
z135z197z2                    1.000000
z135z206z2                    1.000000
z135z261z2                    1.000000
z135z264z2                    1.000000
s164                          2.903571
z164z8z3                      1.000000
z164z30z3                     1.000000
z164z31z3                     1.000000
z164z61z3                     1.000000
z164z66z3                     1.000000
z164z99z3                     1.000000
z164z109z3                    1.000000
z164z128z3                    1.000000
z164z133z3                    1.000000
z164z181z3                    1.000000
z164z194z3                    1.000000
z164z225z3                    1.000000
s173                          4.681036
z173z8z3                      1.000000
z173z30z3                     1.000000
z173z31z3                     1.000000
z173z37z2                     1.000000
z173z61z3                     1.000000
z173z66z3                     1.000000
z173z73z2                     1.000000
z173z109z3                    1.000000
z173z128z3                    1.000000
z173z133z3                    1.000000
z173z145z2                    1.000000
z173z177z2                    1.000000
z173z181z3                    1.000000
z173z192z2                    1.000000
z173z194z3                    1.000000
z173z197z2                    1.000000
z173z206z2                    1.000000
z173z225z3                    1.000000
z173z261z2                    1.000000
z173z264z2                    1.000000
s187                          2.835842
z187z14z1                     1.000000
z187z23z1                     1.000000
z187z26z1                     1.000000
z187z36z1                     1.000000
z187z51z1                     1.000000
z187z60z1                     1.000000
z187z64z1                     1.000000
z187z88z1                     1.000000
z187z107z1                    1.000000
z187z131z1                    1.000000
z187z141z1                    1.000000
z187z156z1                    1.000000
z187z158z1                    1.000000
z187z182z1                    1.000000
z187z184z1                    1.000000
z187z219z1                    1.000000
z187z255z1                    1.000000
z187z263z1                    1.000000
s189                          2.580000
z189z14z1                     1.000000
z189z23z1                     1.000000
z189z26z1                     1.000000
z189z36z1                     1.000000
z189z51z1                     1.000000
z189z60z1                     1.000000
z189z64z1                     1.000000
z189z85z1                     1.000000
z189z88z1                     1.000000
z189z107z1                    1.000000
z189z118z1                    1.000000
z189z131z1                    1.000000
z189z141z1                    1.000000
z189z156z1                    1.000000
z189z158z1                    1.000000
z189z182z1                    1.000000
z189z184z1                    1.000000
z189z219z1                    1.000000
z189z255z1                    1.000000
s210                          4.180000
z210z14z1                     1.000000
z210z23z1                     1.000000
z210z26z1                     1.000000
z210z36z1                     1.000000
z210z37z2                     1.000000
z210z51z1                     1.000000
z210z60z1                     1.000000
z210z64z1                     1.000000
z210z73z2                     1.000000
z210z88z1                     1.000000
z210z107z1                    1.000000
z210z131z1                    1.000000
z210z141z1                    1.000000
z210z145z2                    1.000000
z210z156z1                    1.000000
z210z158z1                    1.000000
z210z177z2                    1.000000
z210z182z1                    1.000000
z210z184z1                    1.000000
z210z192z2                    1.000000
z210z197z2                    1.000000
z210z206z2                    1.000000
z210z219z1                    1.000000
z210z229z2                    1.000000
z210z255z1                    1.000000
z210z261z2                    1.000000
z210z264z2                    1.000000
s221                          2.990000
z221z8z3                      1.000000
z221z14z1                     1.000000
z221z23z1                     1.000000
z221z26z1                     1.000000
z221z30z3                     1.000000
z221z31z3                     1.000000
z221z36z1                     1.000000
z221z51z1                     1.000000
z221z60z1                     1.000000
z221z61z3                     1.000000
z221z64z1                     1.000000
z221z66z3                     1.000000
z221z88z1                     1.000000
z221z99z3                     1.000000
z221z107z1                    1.000000
z221z109z3                    1.000000
z221z118z3                    1.000000
z221z128z3                    1.000000
z221z131z1                    1.000000
z221z133z3                    1.000000
z221z141z1                    1.000000
z221z156z1                    1.000000
z221z158z1                    1.000000
z221z181z3                    1.000000
z221z182z1                    1.000000
z221z184z1                    1.000000
z221z194z3                    1.000000
z221z219z1                    1.000000
z221z225z3                    1.000000
z221z229z1                    1.000000
z221z255z1                    1.000000
s222                          2.880000
z222z8z3                      1.000000
z222z14z1                     1.000000
z222z23z1                     1.000000
z222z26z1                     1.000000
z222z30z3                     1.000000
z222z31z3                     1.000000
z222z36z1                     1.000000
z222z51z1                     1.000000
z222z60z1                     1.000000
z222z61z3                     1.000000
z222z64z1                     1.000000
z222z66z3                     1.000000
z222z88z1                     1.000000
z222z99z3                     1.000000
z222z107z1                    1.000000
z222z109z3                    1.000000
z222z128z3                    1.000000
z222z131z1                    1.000000
z222z133z3                    1.000000
z222z141z1                    1.000000
z222z156z1                    1.000000
z222z158z1                    1.000000
z222z181z3                    1.000000
z222z182z1                    1.000000
z222z184z1                    1.000000
z222z194z3                    1.000000
z222z219z1                    1.000000
z222z225z3                    1.000000
z222z255z1                    1.000000
s230                          2.806973
z230z14z1                     1.000000
z230z23z1                     1.000000
z230z26z1                     1.000000
z230z36z1                     1.000000
z230z51z1                     1.000000
z230z60z1                     1.000000
z230z64z1                     1.000000
z230z88z1                     1.000000
z230z107z1                    1.000000
z230z131z1                    1.000000
z230z141z1                    1.000000
z230z156z1                    1.000000
z230z158z1                    1.000000
z230z182z1                    1.000000
z230z184z1                    1.000000
z230z219z1                    1.000000
z230z255z1                    1.000000
s237                          2.550000
z237z8z3                      1.000000
z237z14z1                     1.000000
z237z23z1                     1.000000
z237z26z1                     1.000000
z237z30z3                     1.000000
z237z31z3                     1.000000
z237z36z1                     1.000000
z237z51z1                     1.000000
z237z60z1                     1.000000
z237z61z3                     1.000000
z237z64z1                     1.000000
z237z66z3                     1.000000
z237z88z1                     1.000000
z237z99z3                     1.000000
z237z107z1                    1.000000
z237z109z3                    1.000000
z237z128z3                    1.000000
z237z131z1                    1.000000
z237z133z3                    1.000000
z237z141z1                    1.000000
z237z156z1                    1.000000
z237z158z1                    1.000000
z237z181z3                    1.000000
z237z182z1                    1.000000
z237z183z3                    1.000000
z237z184z1                    1.000000
z237z194z3                    1.000000
z237z219z1                    1.000000
z237z225z3                    1.000000
z237z255z1                    1.000000
s246                          5.564477
z246z61z3                     1.000000
z246z66z3                     1.000000
z246z73z2                     1.000000
z246z93z3                     1.000000
z246z128z3                    1.000000
z246z145z2                    1.000000
z246z177z2                    1.000000
z246z181z3                    1.000000
z246z194z3                    1.000000
z246z206z2                    1.000000
z246z225z3                    1.000000
z246z264z2                    1.000000
z4z64z1                       1.000000
z4z225z3                      1.000000
z8z31z3                       1.000000
z14z64z1                      1.000000
z14z93z1                      1.000000
z14z156z1                     1.000000
z23z51z1                      1.000000
z30z61z3                      1.000000
z30z225z3                     1.000000
z31z66z3                      1.000000
z37z177z2                     1.000000
z50z178z2                     1.000000
z50z219z1                     1.000000
z65z61z3                      1.000000
z65z82z1                      1.000000
z73z82z2                      1.000000
z73z264z2                     1.000000
z85z64z1                      1.000000
z85z121z1                     1.000000
z85z181z3                     1.000000
z85z225z3                     1.000000
z93z184z1                     1.000000
z93z194z3                     1.000000
z96z207z2                     1.000000
z96z219z1                     1.000000
z99z65z3                      1.000000
z99z66z3                      1.000000
z99z128z3                     1.000000
z99z181z3                     1.000000
z99z194z3                     1.000000
z99z225z3                     1.000000
z99z232z3                     1.000000
z107z54z1                     1.000000
z107z179z1                    1.000000
z112z145z2                    1.000000
z112z255z1                    1.000000
z118z26z1                     1.000000
z118z51z1                     1.000000
z118z60z1                     1.000000
z118z64z1                     1.000000
z118z66z3                     1.000000
z118z88z1                     1.000000
z118z96z1                     1.000000
z118z181z3                    1.000000
z118z184z1                    1.000000
z118z194z3                    1.000000
z118z219z1                    1.000000
z118z225z3                    1.000000
z118z255z1                    1.000000
z121z184z1                    1.000000
z121z225z3                    1.000000
z128z207z3                    1.000000
z128z245z3                    1.000000
z133z66z3                     1.000000
z133z128z3                    1.000000
z133z225z3                    1.000000
z141z64z1                     1.000000
z141z231z1                    1.000000
z141z232z1                    1.000000
z156z64z1                     1.000000
z156z111z1                    1.000000
z156z178z1                    1.000000
z158z26z1                     1.000000
z158z50z1                     1.000000
z158z51z1                     1.000000
z158z60z1                     1.000000
z158z64z1                     1.000000
z158z88z1                     1.000000
z158z112z1                    1.000000
z158z184z1                    1.000000
z158z219z1                    1.000000
z158z255z1                    1.000000
z177z245z2                    1.000000
z181z194z3                    1.000000
z181z225z3                    1.000000
z183z61z3                     1.000000
z183z179z2                    1.000000
z192z112z2                    1.000000
z192z231z2                    1.000000
z192z264z2                    1.000000
z206z111z2                    1.000000
z206z145z2                    1.000000
z206z264z2                    1.000000
z229z26z1                     1.000000
z229z51z1                     1.000000
z229z60z1                     1.000000
z229z64z1                     1.000000
z229z65z1                     1.000000
z229z73z2                     1.000000
z229z88z1                     1.000000
z229z96z2                     1.000000
z229z145z2                    1.000000
z229z184z1                    1.000000
z229z219z1                    1.000000
z229z255z1                    1.000000
z229z264z2                    1.000000
z231z255z1                    1.000000
z231z264z2                    1.000000
z232z54z3                     1.000000
z232z83z1                     1.000000
z239z262z2                    1.000000
z239z262z3                    1.000000
z239z264z2                    1.000000
z261z73z2                     1.000000
z261z264z2                    1.000000
z262z83z2                     1.000000
z263z26z1                     1.000000
z263z51z1                     1.000000
z263z60z1                     1.000000
z263z61z3                     1.000000
z263z64z1                     1.000000
z263z66z3                     1.000000
z263z88z1                     1.000000
z263z121z3                    1.000000
z263z128z3                    1.000000
z263z156z1                    1.000000
z263z181z3                    1.000000
z263z184z1                    1.000000
z263z194z3                    1.000000
z263z219z1                    1.000000
z263z225z3                    1.000000
z263z255z1                    1.000000
All other variables in the range 1-5500 are 0.
