
Log started (V12.10.0.0) Fri Apr 23 11:34:49 2021


Problem 'asset.lp' read.
Read time = 0.01 sec. (0.23 ticks)
New value for default parallel thread count: 1
New value for time limit in seconds: 150
Version identifier: 12.10.0.0 | 2019-11-26 | 843d4de
CPXPARAM_Threads                                 1
CPXPARAM_TimeLimit                               150
Found incumbent of value -0.800983 after 0.00 sec. (0.10 ticks)
Tried aggregator 3 times.
MIP Presolve eliminated 1245 rows and 383 columns.
MIP Presolve modified 1377 coefficients.
Aggregator did 475 substitutions.
Reduced MIP has 685 rows, 769 columns, and 3255 nonzeros.
Reduced MIP has 629 binaries, 104 generals, 0 SOSs, and 0 indicators.
Presolve time = 0.01 sec. (5.85 ticks)
Probing fixed 117 vars, tightened 40 bounds.
Probing time = 0.00 sec. (2.13 ticks)
Cover probing fixed 0 vars, tightened 27 bounds.
Tried aggregator 1 time.
MIP Presolve eliminated 215 rows and 209 columns.
MIP Presolve modified 66 coefficients.
Reduced MIP has 470 rows, 558 columns, and 2032 nonzeros.
Reduced MIP has 460 binaries, 62 generals, 0 SOSs, and 0 indicators.
Presolve time = 0.00 sec. (2.10 ticks)
Probing time = 0.00 sec. (1.27 ticks)
Tried aggregator 1 time.
Detecting symmetries...
MIP Presolve modified 182 coefficients.
Reduced MIP has 470 rows, 558 columns, and 2032 nonzeros.
Reduced MIP has 460 binaries, 62 generals, 0 SOSs, and 0 indicators.
Presolve time = 0.00 sec. (1.46 ticks)
Probing time = 0.00 sec. (1.27 ticks)
Clique table members: 1447.
MIP emphasis: balance optimality and feasibility.
MIP search method: dynamic search.
Parallel mode: none, using 1 thread.
Root relaxation solution time = 0.01 sec. (4.71 ticks)

        Nodes                                         Cuts/
   Node  Left     Objective  IInf  Best Integer    Best Bound    ItCnt     Gap

*     0+    0                           -0.8010      766.3190              --- 
      0     0      539.4902   131       -0.8010      539.4902      356     --- 
      0     0      516.3778   131       -0.8010     Cuts: 217      597     --- 
      0     0      502.4612   131       -0.8010     Cuts: 190      795     --- 
      0     0      495.9773   131       -0.8010     Cuts: 166      944     --- 
      0     0      493.9310   131       -0.8010     Cuts: 167     1061     --- 
      0     0      493.1915   131       -0.8010     Cuts: 105     1146     --- 
Detecting symmetries...
      0     0      490.9552   131       -0.8010      Cuts: 75     1255     --- 
      0     0      490.4813   131       -0.8010      Cuts: 69     1317     --- 
      0     0      490.2188   131       -0.8010      Cuts: 94     1384     --- 
      0     0      489.6194   131       -0.8010      Cuts: 78     1488     --- 
      0     0      489.1212   131       -0.8010      Cuts: 92     1546     --- 
      0     0      488.8686   131       -0.8010      Cuts: 78     1620     --- 
      0     0      488.4466   131       -0.8010      Cuts: 69     1684     --- 
      0     0      488.2644   131       -0.8010      Cuts: 63     1760     --- 
      0     0      487.8209   131       -0.8010      Cuts: 40     1833     --- 
      0     0      487.7260   131       -0.8010      Cuts: 77     1882     --- 
      0     0      487.5284   131       -0.8010      Cuts: 69     1938     --- 
      0     0      486.9936   131       -0.8010      Cuts: 60     2018     --- 
      0     0      486.5147   131       -0.8010      Cuts: 77     2112     --- 
      0     0      486.2082   131       -0.8010      Cuts: 61     2169     --- 
      0     0      485.6389   131       -0.8010      Cuts: 89     2285     --- 
      0     0      485.3505   131       -0.8010     Cuts: 159     2387     --- 
      0     0      484.5031   131       -0.8010      Cuts: 84     2525     --- 
*     0+    0                           26.0370      484.5031              --- 
*     0+    0                          208.1967      484.5031           132.71%
      0     0        cutoff            208.1967      484.5031     2525  132.71%
      0     0      484.2232   131      208.1967      Cuts: 59     2580  132.58%
      0     0      483.8104   131      208.1967      Cuts: 41     2673  132.38%
      0     0      483.4951   131      208.1967      Cuts: 57     2721  132.23%
      0     0      483.3403   131      208.1967      Cuts: 66     2788  132.16%
      0     0      483.0177   131      208.1967      Cuts: 71     2859  132.00%
      0     0      482.8974   131      208.1967      Cuts: 59     2904  131.94%
      0     0      482.6791   131      208.1967      Cuts: 21     2941  131.84%
      0     0      482.5116   131      208.1967      Cuts: 58     3009  131.76%
      0     0      482.4306   131      208.1967      Cuts: 42     3056  131.72%
*     0+    0                          355.7434      482.4306            35.61%
*     0+    0                          355.7435      482.4306            35.61%
      0     0        cutoff            355.7435      482.4306     3056   35.61%
Detecting symmetries...
      0     2      482.4306   172      355.7435      482.4261     3056   35.61%
Elapsed time = 0.42 sec. (372.21 ticks, tree = 0.01 MB, solutions = 4)
*    50    46      integral     0      389.0103      482.1203     5415   23.94%
*    51    45      integral     0      389.0103      482.1203     5416   23.94%
*    90+   68                          413.4535      481.7708            16.52%
    153   120      414.6645    37      413.4535      480.8646     9827   16.30%
    300   234        cutoff            413.4535      479.4508    17304   15.96%
*   430+  340                          413.7396      478.9064            15.75%
*   440+  348                          413.9289      478.9064            15.70%
*   444   350      integral     0      413.9289      478.9064    21904   15.70%
    485   378      460.5227   106      413.9289      476.8985    24157   15.21%
*   544+  420                          413.9304      476.0085            15.00%
*   610+  395                          423.0502      474.8540            12.25%
    630   416      439.5572    83      423.0502      474.5265    31144   12.17%
*   710+  468                          423.0515      473.3116            11.88%
    794   532      429.6026    64      423.0515      472.5362    38126   11.70%
    964   644      436.3886    93      423.0515      471.3017    45358   11.41%
*  1003   617      integral     0      424.4132      471.2078    46780   11.03%
   1100   658      433.8793   107      424.4132      470.4953    52309   10.86%
*  1103+  656                          424.4152      470.4953            10.86%
*  1110+  615                          425.8043      470.3293            10.46%
   1195   633      436.0464    64      425.8043      468.6162    59421   10.05%
*  1210+  638                          425.8059      468.5075            10.03%
   1332   700      460.5027   113      425.8059      467.4637    65856    9.78%
*  1480+  745                          425.8061      465.1456             9.24%
*  1480+  745                          425.8072      465.1456             9.24%
*  1580+  771                          425.8081      464.0452             8.98%
   1760   812      429.0899   108      425.8081      461.3941    92140    8.36%
Elapsed time = 3.17 sec. (3496.41 ticks, tree = 0.44 MB, solutions = 20)

Performing restart 1

Repeating presolve.
Tried aggregator 1 time.
MIP Presolve modified 225 coefficients.
Reduced MIP has 470 rows, 558 columns, and 1867 nonzeros.
Reduced MIP has 460 binaries, 62 generals, 0 SOSs, and 0 indicators.
Presolve time = 0.00 sec. (1.71 ticks)
Tried aggregator 1 time.
Reduced MIP has 470 rows, 558 columns, and 1867 nonzeros.
Reduced MIP has 460 binaries, 62 generals, 0 SOSs, and 0 indicators.
Presolve time = 0.00 sec. (1.41 ticks)
Represolve time = 0.02 sec. (13.40 ticks)
   1807     0      481.1057   170      425.8081      Cuts: 99    94723    8.30%
   1807     0      478.1226   170      425.8081      Cuts: 84    94943    8.30%
   1807     0      477.2650   170      425.8081     Cuts: 125    95071    8.30%
   1807     0      476.8941   170      425.8081     Cuts: 111    95162    8.30%
   1807     0      476.1066   170      425.8081      Cuts: 92    95252    8.30%
   1807     0      475.8181   170      425.8081      Cuts: 70    95326    8.30%
   1807     0      474.6344   170      425.8081     Cuts: 107    95454    8.30%
   1807     0      474.2617   170      425.8081      Cuts: 48    95506    8.30%
   1807     0      474.1502   170      425.8081      Cuts: 60    95581    8.30%
   1807     2      474.1502   133      425.8081      461.1372    95581    8.30%
   1995   102      445.3209    70      425.8081      461.1372   103631    8.30%
*  2227+  173                          425.8090      446.1998             4.79%
*  2327+  199                          425.8092      442.0519             3.81%
   2378   229        cutoff            425.8092      441.0017   120594    3.57%
*  2807+  357                          425.8092      435.6098             2.30%
   2829   365      431.9237    49      425.8092      435.3393   136155    2.24%
   3445   339    infeasible            425.8092      433.3728   153094    1.78%

GUB cover cuts applied:  8
Clique cuts applied:  53
Cover cuts applied:  10
Implied bound cuts applied:  60
Flow cuts applied:  3
Mixed integer rounding cuts applied:  19
Zero-half cuts applied:  43
Lift and project cuts applied:  26
Gomory fractional cuts applied:  6

Root node processing (before b&c):
  Real time             =    0.42 sec. (372.49 ticks)
Sequential b&c:
  Real time             =    7.99 sec. (8810.24 ticks)
                          ------------
Total (root+branch&cut) =    8.41 sec. (9182.72 ticks)

Solution pool: 24 solutions saved.

MIP - Integer optimal, tolerance (0.0001/1e-06):  Objective =  4.2580921418e+02
Current MIP best bound =  4.2581182489e+02 (gap = 0.00261071, 0.00%)
Solution time =    8.41 sec.  Iterations = 169697  Nodes = 4264 (32)
Deterministic time = 9182.73 ticks  (1092.41 ticks/sec)


Incumbent solution
Variable Name           Solution Value
F                           460.000000
f1                            0.840786
f2                           33.350000
y70                           1.000000
y166                          1.000000
y32                           1.000000
y153                          1.000000
y103                          1.000000
y131                          1.000000
y67                           1.000000
y50                           1.000000
y30                           1.000000
y119                          1.000000
y130                          1.000000
y55                           1.000000
y149                          1.000000
y66                           1.000000
y173                          1.000000
y23                           1.000000
y164                          1.000000
s127                          2.690000
s14                           2.720000
s180                          2.720000
s70                           3.560148
s75                           2.900000
s3                            2.960000
s5                            3.000000
s122                          3.010000
s108                          3.020000
s16                           3.070000
s134                          3.070000
s105                          3.200000
s187                          3.240000
s20                           3.340000
s156                          3.360000
s7                            3.400000
s168                          3.450000
s135                          3.490000
s166                          3.650855
s90                           3.580000
s31                           3.700000
s32                           4.184088
s153                          4.358320
s45                           3.940000
s103                          4.690446
s131                          4.946093
s178                          4.070000
s67                           4.550825
s157                          4.140000
s50                           4.531868
s30                           4.768801
s143                          4.240000
s119                          4.799127
s130                          4.876927
s100                          4.350000
s177                          4.430000
s55                           5.048193
s78                           4.480000
s158                          4.690000
s149                          5.045950
s66                           5.532354
s173                          5.871868
s23                           5.804509
s164                          5.563561
x140x166x1                    1.000000
x104x70x1                     2.000000
x120x50x1                     2.000000
x129x55x1                     1.000000
x129x149x1                    1.000000
x118x103x1                    1.000000
x62x153x2                     2.000000
x58x67x2                      2.000000
x26x131x2                     1.000000
x118x30x2                     1.000000
x80x164x2                     1.000000
x41x131x2                     1.000000
x8x166x3                      1.000000
x39x32x3                      2.000000
x26x55x3                      1.000000
x80x149x3                     1.000000
x184x103x3                    1.000000
x184x130x3                    1.000000
x41x66x3                      1.000000
x70x119x1                     1.000000
x70x130x1                     1.000000
x166x30x1                     1.000000
x166x119x3                    1.000000
x32x66x3                      1.000000
x32x164x3                     1.000000
x153x0x2                      2.000000
x103x0x1                      1.000000
x103x0x3                      1.000000
x131x0x2                      2.000000
x67x173x2                     1.000000
x67x23x2                      1.000000
x50x173x1                     1.000000
x50x23x1                      1.000000
x30x0x1                       1.000000
x30x0x2                       1.000000
x119x0x1                      1.000000
x119x0x3                      1.000000
x130x0x1                      1.000000
x130x0x3                      1.000000
x55x0x1                       1.000000
x55x0x3                       1.000000
x149x0x1                      1.000000
x149x0x3                      1.000000
x66x0x3                       2.000000
x173x0x1                      1.000000
x173x0x2                      1.000000
x23x0x1                       1.000000
x23x0x2                       1.000000
x164x0x2                      1.000000
x164x0x3                      1.000000
s8                            2.174725
z8z166z3                      1.000000
z8z66z3                       1.000000
s39                           2.441909
z39z32z3                      1.000000
z39z66z3                      1.000000
s140                          2.272549
z140z166z1                    1.000000
z140z50z1                     1.000000
z140z143z1                    1.000000
z140z100z1                    1.000000
s104                          2.409502
z104z70z1                     1.000000
z104z50z1                     1.000000
z104z143z1                    1.000000
z104z100z1                    1.000000
s62                           2.896757
z62z153z2                     1.000000
s120                          3.142687
z120z50z1                     1.000000
s58                           3.187686
z58z67z2                      1.000000
s129                          3.495987
z129z55z1                     1.000000
z129z149z1                    1.000000
s26                           3.507783
z26z131z2                     1.000000
z26z55z3                      1.000000
s118                          3.428754
z118z103z1                    1.000000
z118z30z2                     1.000000
s80                           3.517695
z80z149z3                     1.000000
z80z66z3                      1.000000
z80z164z2                     1.000000
s184                          3.470021
z184z103z3                    1.000000
z184z130z3                    1.000000
z184z66z3                     1.000000
s41                           3.563427
z41z131z2                     1.000000
z41z66z3                      1.000000
z70z119z1                     1.000000
z70z130z1                     1.000000
z166z30z1                     1.000000
z166z119z3                    1.000000
z32z66z3                      1.000000
z32z164z3                     1.000000
z67z173z2                     1.000000
z67z23z2                      1.000000
z50z173z1                     1.000000
z50z23z1                      1.000000
All other variables in the range 1-1628 are 0.
