
Log started (V12.10.0.0) Fri Apr 23 11:34:58 2021


Problem 'asset.lp' read.
Read time = 0.00 sec. (0.19 ticks)
New value for default parallel thread count: 1
New value for time limit in seconds: 150
Version identifier: 12.10.0.0 | 2019-11-26 | 843d4de
CPXPARAM_Threads                                 1
CPXPARAM_TimeLimit                               150
Found incumbent of value -0.852154 after 0.00 sec. (0.08 ticks)
Tried aggregator 4 times.
MIP Presolve eliminated 1733 rows and 1150 columns.
MIP Presolve modified 1068 coefficients.
Aggregator did 77 substitutions.
Reduced MIP has 142 rows, 93 columns, and 410 nonzeros.
Reduced MIP has 70 binaries, 7 generals, 0 SOSs, and 0 indicators.
Presolve time = 0.01 sec. (3.36 ticks)
Probing fixed 18 vars, tightened 4 bounds.
Probing time = 0.00 sec. (0.11 ticks)
Cover probing fixed 0 vars, tightened 9 bounds.
Tried aggregator 1 time.
MIP Presolve eliminated 53 rows and 27 columns.
MIP Presolve modified 16 coefficients.
Reduced MIP has 89 rows, 66 columns, and 230 nonzeros.
Reduced MIP has 48 binaries, 3 generals, 0 SOSs, and 0 indicators.
Presolve time = 0.00 sec. (0.15 ticks)
Probing time = 0.00 sec. (0.05 ticks)
Tried aggregator 1 time.
Detecting symmetries...
MIP Presolve eliminated 4 rows and 2 columns.
MIP Presolve modified 8 coefficients.
Reduced MIP has 85 rows, 64 columns, and 218 nonzeros.
Reduced MIP has 48 binaries, 3 generals, 0 SOSs, and 0 indicators.
Presolve time = 0.00 sec. (0.17 ticks)
Probing time = 0.00 sec. (0.05 ticks)
Clique table members: 71.
MIP emphasis: balance optimality and feasibility.
MIP search method: dynamic search.
Parallel mode: none, using 1 thread.
Root relaxation solution time = 0.00 sec. (0.26 ticks)

        Nodes                                         Cuts/
   Node  Left     Objective  IInf  Best Integer    Best Bound    ItCnt     Gap

*     0+    0                           -0.8522      102.1816              --- 
      0     0       56.9377    15       -0.8522       56.9377       43     --- 
*     0+    0                           46.9339       56.9377            21.31%
      0     0       53.4931    15       46.9339      Cuts: 21       56   13.98%
*     0+    0                           52.9119       53.4931             1.10%
      0     0       52.9139    15       52.9119       Cuts: 8       72    0.00%

Cover cuts applied:  3
Implied bound cuts applied:  14
Mixed integer rounding cuts applied:  1
Zero-half cuts applied:  2
Lift and project cuts applied:  1
Gomory fractional cuts applied:  3

Root node processing (before b&c):
  Real time             =    0.01 sec. (5.75 ticks)
Sequential b&c:
  Real time             =    0.00 sec. (0.00 ticks)
                          ------------
Total (root+branch&cut) =    0.01 sec. (5.75 ticks)

Solution pool: 3 solutions saved.

MIP - Integer optimal, tolerance (0.0001/1e-06):  Objective =  5.2911897507e+01
Current MIP best bound =  5.2913918523e+01 (gap = 0.00202102, 0.00%)
Solution time =    0.01 sec.  Iterations = 72  Nodes = 0 (1)
Deterministic time = 5.75 ticks  (403.70 ticks/sec)


Incumbent solution
Variable Name           Solution Value
F                            59.000000
ff                            0.874953
gg                            5.213149
f1                           50.000000
f2                            5.000000
f4                            4.000000
X93                           1.000000
X94                           1.000000
Y141                          1.000000
V182                          1.000000
s27                           5.450000
s37                           5.350000
s63                           5.730000
s82                           5.820000
s93                           5.941403
s94                           5.916680
s96                           5.490000
s117                          5.960000
s141                          5.500000
s160                          5.630000
s182                          5.620000
s186                          5.550000
t27                           5.450000
t63                           5.210000
t93                           5.941403
t117                          5.960000
t141                          6.125162
t160                          5.630000
t186                          5.550000
u37                           5.090000
u63                           5.730000
u141                          5.500000
r37                           5.350000
r82                           5.820000
r94                           5.916680
r96                           5.490000
r182                          6.296072
n1                            2.000000
n2                            1.000000
n4                            1.000000
y130y141y1                    1.000000
x153x94x2                     2.000000
x30x93x2                      1.000000
x103x93x3                     1.000000
y119y141y3                    1.000000
v119v182v3                    1.000000
v130v182v3                    1.000000
y93y0y2                       1.000000
y93y0y3                       1.000000
y94y0y2                       2.000000
y141y0y1                      1.000000
y141y0y3                      1.000000
z93z0z2                       1.000000
z93z0z3                       1.000000
z94z0z2                       2.000000
v93v0v2                       1.000000
v93v0v3                       1.000000
v94v0v2                       2.000000
v182v0v3                      2.000000
s153                          4.358320
a153a94a2                     1.000000
s103                          4.690446
a103a93a3                     1.000000
s131                          4.946093
s30                           4.768801
a30a93a2                      1.000000
s119                          4.799127
s130                          4.876927
s55                           5.048193
s149                          5.045950
s66                           5.532354
s173                          5.871868
s23                           5.804509
s164                          5.563561
t153                          4.358320
t103                          4.690446
t131                          4.946093
t30                           4.768801
t119                          4.799127
b119b141b3                    1.000000
t130                          4.876927
b130b141b1                    1.000000
t55                           5.048193
t149                          5.045950
t66                           5.532354
t173                          5.871868
t23                           5.804509
t164                          5.563561
t94                           5.916680
u153                          4.358320
u103                          4.690446
u131                          4.946093
u30                           4.768801
u119                          4.799127
u130                          4.876927
u55                           5.048193
u149                          5.045950
u66                           5.532354
u173                          5.871868
u23                           5.804509
u164                          5.563561
u93                           5.941403
u94                           5.916680
r153                          4.358320
r103                          4.690446
r131                          4.946093
r30                           4.768801
r119                          4.799127
d119d182d3                    1.000000
r130                          4.876927
d130d182d3                    1.000000
r55                           5.048193
r149                          5.045950
r66                           5.532354
r173                          5.871868
r23                           5.804509
r164                          5.563561
r93                           5.941403
w93                           1.000000
w94                           1.000000
All other variables in the range 1-1320 are 0.
