
Log started (V12.10.0.0) Fri Apr  9 00:21:50 2021


Problem 'asset.lp' read.
Read time = 0.02 sec. (1.45 ticks)
New value for default parallel thread count: 1
New value for time limit in seconds: 150
Version identifier: 12.10.0.0 | 2019-11-26 | 843d4de
CPXPARAM_Threads                                 1
CPXPARAM_TimeLimit                               150
Found incumbent of value -0.759440 after 0.00 sec. (0.63 ticks)
Tried aggregator 3 times.
MIP Presolve eliminated 1847 rows and 389 columns.
MIP Presolve modified 10198 coefficients.
Aggregator did 4924 substitutions.
Reduced MIP has 5381 rows, 6702 columns, and 31878 nonzeros.
Reduced MIP has 5849 binaries, 721 generals, 0 SOSs, and 0 indicators.
Presolve time = 0.06 sec. (60.35 ticks)
Probing fixed 40 vars, tightened 7 bounds.
Probing time = 0.08 sec. (45.42 ticks)
Tried aggregator 3 times.
Detecting symmetries...
MIP Presolve eliminated 445 rows and 129 columns.
MIP Presolve modified 858 coefficients.
Aggregator did 18 substitutions.
Reduced MIP has 4918 rows, 6555 columns, and 29683 nonzeros.
Reduced MIP has 5729 binaries, 707 generals, 0 SOSs, and 0 indicators.
Presolve time = 0.05 sec. (54.55 ticks)
Probing time = 0.01 sec. (4.08 ticks)
Clique table members: 17728.
MIP emphasis: balance optimality and feasibility.
MIP search method: dynamic search.
Parallel mode: none, using 1 thread.
Root relaxation solution time = 0.11 sec. (142.59 ticks)

        Nodes                                         Cuts/
   Node  Left     Objective  IInf  Best Integer    Best Bound    ItCnt     Gap

*     0+    0                           -0.7594     2861.6774              --- 
      0     0     2751.8677   710       -0.7594     2751.8677     2415     --- 
      0     0     2694.2955   710       -0.7594    Cuts: 1329     5130     --- 
      0     0     2620.6882   710       -0.7594    Cuts: 1329     7595     --- 
      0     0     2582.6023   710       -0.7594    Cuts: 1329     9292     --- 
*     0+    0                          293.6363     2582.6023           779.52%
*     0+    0                         1003.6951     2582.6023           157.31%
      0     0        cutoff           1003.6951     2582.6023     9292  157.31%
      0     0     2552.4361   710     1003.6951    Cuts: 1329    10713  154.30%
      0     0     2535.0834   710     1003.6951    Cuts: 1329    11906  152.58%
Detecting symmetries...
      0     0     2525.6464   710     1003.6951     Cuts: 996    12745  151.63%
      0     0     2519.1449   710     1003.6951    Cuts: 1146    13586  150.99%
      0     0     2515.2503   710     1003.6951    Cuts: 1096    14644  150.60%
      0     0     2511.3422   710     1003.6951     Cuts: 708    15947  150.21%
      0     0     2507.7036   710     1003.6951     Cuts: 878    17013  149.85%
      0     0     2504.7112   710     1003.6951     Cuts: 930    18032  149.55%
      0     0     2503.6016   710     1003.6951    Cuts: 1038    18534  149.44%
      0     0     2501.9026   710     1003.6951     Cuts: 668    19161  149.27%
      0     0     2500.0795   710     1003.6951     Cuts: 753    20234  149.09%
      0     0     2499.5839   710     1003.6951     Cuts: 854    20935  149.04%
      0     0     2499.3313   710     1003.6951     Cuts: 548    21594  149.01%
      0     0     2499.1460   710     1003.6951     Cuts: 860    22216  148.99%
      0     0     2498.8382   710     1003.6951     Cuts: 629    22673  148.96%
Detecting symmetries...
      0     2     2498.8382   704     1003.6951     2498.8335    22673  148.96%
Elapsed time = 9.91 sec. (12549.17 ticks, tree = 0.01 MB, solutions = 2)
      5     7     2494.5686   647     1003.6951     2498.8158    23964  148.96%
      8    10     2494.5265   655     1003.6951     2498.8158    25362  148.96%
     10    12     2483.1845   619     1003.6951     2498.8158    26288  148.96%
     19    21     2493.4306   651     1003.6951     2498.8158    27177  148.96%
     24    26     2477.4527   623     1003.6951     2498.8158    28035  148.96%
     27    29     2484.9189   631     1003.6951     2498.8158    29221  148.96%
     34    36     2466.7782   649     1003.6951     2498.8158    30711  148.96%
     35    37     2480.8716   643     1003.6951     2498.8158    31916  148.96%
     43    45     2480.9375   636     1003.6951     2498.8158    32829  148.96%
     59    59     2414.5215   576     1003.6951     2498.8158    37982  148.96%
Elapsed time = 12.65 sec. (16102.26 ticks, tree = 0.58 MB, solutions = 2)
     64    64     2394.4462   559     1003.6951     2498.8158    40662  148.96%
     72    72     2415.5695   582     1003.6951     2498.8158    45359  148.96%
     76    76     2434.0452   543     1003.6951     2498.8158    50356  148.96%
     83    83     2408.8997   558     1003.6951     2498.8158    55184  148.96%
     94    92     2334.7714   511     1003.6951     2498.8158    58838  148.96%
    101    95     2359.6270   465     1003.6951     2498.8158    60620  148.96%
    110   101     2354.4684   480     1003.6951     2498.8158    63575  148.96%
    121   112     2320.9313   467     1003.6951     2498.8158    67363  148.96%
    141   130     2323.0095   442     1003.6951     2498.8158    71480  148.96%
    189   152     2159.6267   401     1003.6951     2498.8158    75277  148.96%
Elapsed time = 21.04 sec. (26823.75 ticks, tree = 3.20 MB, solutions = 2)
    232   175     2043.1890   352     1003.6951     2498.8158    79014  148.96%
    284   221     1821.6108   234     1003.6951     2498.8158    82445  148.96%
    410   303     2498.8132   724     1003.6951     2498.8132    86509  148.96%
    422   315     2497.7798   694     1003.6951     2498.8129    90394  148.96%
    432   325     2488.0102   664     1003.6951     2498.8129    93888  148.96%
    440   333     2487.4600   669     1003.6951     2498.8129    96061  148.96%
    472   365     2426.8339   552     1003.6951     2498.8129   100887  148.96%
    485   378     2453.5929   584     1003.6951     2498.8129   104538  148.96%
    492   385     2437.3327   579     1003.6951     2498.8129   108756  148.96%
*   497+  388                         1040.6675     2498.8129           140.12%
*   498+  389                         1055.5845     2498.8129           136.72%
*   498+  389                         1073.1665     2498.8129           132.84%
*   498+  389                         1073.1669     2498.8129           132.84%
*   498+  389                         1078.0467     2498.8129           131.79%
    498   391     2488.3995   709     1078.0467     2498.8087   110188  131.79%
Elapsed time = 34.41 sec. (43369.59 ticks, tree = 14.84 MB, solutions = 7)
*   499+  390                         1135.5449     2498.8087           120.05%
    510   403     2498.4326   694     1135.5449     2498.6772   112780  120.04%
    523   416     2496.0389   675     1135.5449     2498.6772   114770  120.04%
    545   438     2488.6148   624     1135.5449     2498.6772   118655  120.04%
    561   454     2415.7247   602     1135.5449     2498.6772   122372  120.04%
    587   480     2377.7621   575     1135.5449     2498.6772   126208  120.04%
    600   493     2356.4477   573     1135.5449     2498.6772   129712  120.04%

Performing restart 1

Repeating presolve.
Tried aggregator 1 time.
MIP Presolve eliminated 4 rows and 4 columns.
MIP Presolve modified 6500 coefficients.
Reduced MIP has 4914 rows, 6551 columns, and 24973 nonzeros.
Reduced MIP has 5725 binaries, 707 generals, 0 SOSs, and 0 indicators.
Presolve time = 0.02 sec. (20.30 ticks)
Tried aggregator 1 time.
Reduced MIP has 4914 rows, 6551 columns, and 24973 nonzeros.
Reduced MIP has 5725 binaries, 707 generals, 0 SOSs, and 0 indicators.
Presolve time = 0.02 sec. (16.67 ticks)
Represolve time = 0.20 sec. (121.92 ticks)
    609     0     2435.9306   763     1135.5449     Cuts: 690   151687  114.52%
    609     0     2407.4205   763     1135.5449     Cuts: 536   154113  112.01%
    609     0     2392.3775   763     1135.5449     Cuts: 473   156270  110.68%
*   609+    0                         1135.5472     2392.3775           110.68%
*   609+    0                         1216.3802     2392.3775            96.68%
*   609+    0                         1236.8503     2392.3775            93.42%
    609     0        cutoff           1236.8503     2392.3775   156270   93.42%
    609     0     2383.0116   763     1236.8503     Cuts: 406   157943   92.67%
    609     0     2373.0464   763     1236.8503     Cuts: 349   159615   91.86%
    609     0     2362.6759   763     1236.8503     Cuts: 321   161177   91.02%
    609     0     2359.0138   763     1236.8503     Cuts: 351   162183   90.73%
    609     0     2353.6541   763     1236.8503     Cuts: 308   163393   90.29%
    609     0     2349.9413   763     1236.8503     Cuts: 243   164410   89.99%
    609     0     2345.5585   763     1236.8503     Cuts: 241   165360   89.64%
    609     0     2340.8796   763     1236.8503     Cuts: 287   166267   89.26%
    609     0     2337.2812   763     1236.8503     Cuts: 197   167107   88.97%
    609     0     2334.6471   763     1236.8503     Cuts: 254   167995   88.76%
    609     0     2332.6862   763     1236.8503     Cuts: 231   169108   88.60%
    609     0     2330.5967   763     1236.8503     Cuts: 274   170038   88.43%
    609     0     2329.0665   763     1236.8503     Cuts: 260   170704   88.31%
    609     0     2327.7061   763     1236.8503     Cuts: 204   171502   88.20%
    609     0     2326.8888   763     1236.8503     Cuts: 195   172060   88.13%
    609     0     2325.2143   763     1236.8503     Cuts: 207   173067   87.99%
    609     0     2324.0823   763     1236.8503     Cuts: 187   173708   87.90%
    609     0     2323.0757   763     1236.8503     Cuts: 164   174351   87.82%
    609     0     2322.2336   763     1236.8503     Cuts: 160   175054   87.75%
    609     0     2321.2425   763     1236.8503     Cuts: 193   175594   87.67%
    609     0     2319.7407   763     1236.8503     Cuts: 245   176416   87.55%
    609     0     2319.2358   763     1236.8503     Cuts: 226   176882   87.51%
    609     0     2318.2906   763     1236.8503     Cuts: 159   177565   87.44%
    609     0     2317.3679   763     1236.8503     Cuts: 171   178182   87.36%
    609     0     2316.6599   763     1236.8503     Cuts: 241   178773   87.30%
    609     0     2316.2024   763     1236.8503     Cuts: 144   179196   87.27%
    609     0     2315.4251   763     1236.8503      Cuts: 92   179744   87.20%
    609     0     2314.8951   763     1236.8503     Cuts: 156   180196   87.16%
    609     0     2314.5857   763     1236.8503     Cuts: 122   180542   87.14%
    609     0     2313.9681   763     1236.8503     Cuts: 112   181042   87.09%
    609     0     2313.4465   763     1236.8503     Cuts: 209   181582   87.04%
    609     0     2313.2757   763     1236.8503     Cuts: 145   181824   87.03%
    609     0     2312.9702   763     1236.8503     Cuts: 106   182166   87.00%
    609     2     2312.9702   740     1236.8503     2312.9679   182166   87.00%
    610     3     2310.0641   737     1236.8503     2311.6025   183817   86.89%
    611     4     2307.1527   723     1236.8503     2311.6025   185174   86.89%
    612     5     2298.0295   684     1236.8503     2311.6025   187623   86.89%
Elapsed time = 128.70 sec. (164085.58 ticks, tree = 0.02 MB, solutions = 11)
    613     6     2306.9705   730     1236.8503     2311.6025   187889   86.89%
    614     7     2297.4640   701     1236.8503     2311.6025   190062   86.89%
    615     8     2306.6155   717     1236.8503     2311.6025   192055   86.89%
    616     9     2298.9360   682     1236.8503     2311.6025   194037   86.89%
    617    10     2303.2919   692     1236.8503     2311.6025   195183   86.89%
    618    11     2303.0867   711     1236.8503     2311.6025   195455   86.89%
    620    13     2302.9017   707     1236.8503     2311.6025   195753   86.89%
    622    15     2301.9554   694     1236.8503     2311.6025   196400   86.89%
    624    17     2271.3869   632     1236.8503     2311.6025   198063   86.89%
    627    20     2300.7456   685     1236.8503     2311.6025   199568   86.89%
Elapsed time = 138.06 sec. (177746.59 ticks, tree = 0.63 MB, solutions = 11)
    628    21     2292.8421   659     1236.8503     2311.6025   201851   86.89%
    630    23     2277.2515   648     1236.8503     2311.6025   204039   86.89%
    632    25     2277.1689   661     1236.8503     2311.6025   208329   86.89%
    635    28     2284.2651   648     1236.8503     2311.6025   210823   86.89%
    638    31     2297.1018   670     1236.8503     2311.6025   211898   86.89%
    640    33     2284.5801   665     1236.8503     2311.6025   214316   86.89%
    642    35     2294.3640   683     1236.8503     2311.6025   215722   86.89%
    644    37     2251.0628   609     1236.8503     2311.6025   220242   86.89%
    647    40     2254.4385   652     1236.8503     2311.6025   223845   86.89%
Advanced basis not built.

GUB cover cuts applied:  52
Clique cuts applied:  378
Cover cuts applied:  5
Implied bound cuts applied:  80
Flow cuts applied:  26
Mixed integer rounding cuts applied:  184
Zero-half cuts applied:  193
Lift and project cuts applied:  22
Gomory fractional cuts applied:  6

Root node processing (before b&c):
  Real time             =    9.88 sec. (12520.12 ticks)
Sequential b&c:
  Real time             =  140.13 sec. (182132.64 ticks)
                          ------------
Total (root+branch&cut) =  150.01 sec. (194652.76 ticks)

Solution pool: 12 solutions saved.

MIP - Time limit exceeded, integer feasible:  Objective =  1.2368503295e+03
Current MIP best bound =  2.3116024543e+03 (gap = 1074.75, 86.89%)
Solution time =  150.01 sec.  Iterations = 224754  Nodes = 649 (41)
Deterministic time = 194652.79 ticks  (1297.62 ticks/sec)


Incumbent solution
Variable Name           Solution Value
F                          1370.000000
f1                            0.790847
f2                          132.358824
y5                            1.000000
y8                            1.000000
y11                           1.000000
y13                           1.000000
y14                           1.000000
y19                           1.000000
y24                           1.000000
y25                           1.000000
y38                           1.000000
y40                           1.000000
y45                           1.000000
y46                           1.000000
y62                           1.000000
y67                           1.000000
y68                           1.000000
y83                           1.000000
y89                           1.000000
y97                           1.000000
y104                          1.000000
y105                          1.000000
y113                          1.000000
y122                          1.000000
y123                          1.000000
y128                          1.000000
y130                          1.000000
y134                          1.000000
y135                          1.000000
y136                          1.000000
y138                          1.000000
y147                          1.000000
y149                          1.000000
y150                          1.000000
y152                          1.000000
y153                          1.000000
y160                          1.000000
y168                          1.000000
y170                          1.000000
y171                          1.000000
y188                          1.000000
y197                          1.000000
y198                          1.000000
y199                          1.000000
y205                          1.000000
s1                            4.190000
s3                            3.470000
s4                            3.640000
s5                            5.996522
s6                            0.920000
s7                            2.250000
s8                            3.725134
s11                           2.058936
s12                           2.220000
s13                           2.884698
s14                           4.632349
s15                           4.200000
s18                           3.440000
s19                           3.105303
s22                           3.390000
s24                           5.381577
s25                           2.320000
s27                           3.460000
s28                           3.790000
s29                           3.880000
s30                           3.530000
s31                           5.610000
s33                           4.480000
s34                           4.080000
s35                           4.330000
s36                           3.600000
s37                           1.850000
s38                           2.122939
s40                           3.148873
s41                           0.650000
s45                           2.466060
s46                           0.834719
s51                           2.480000
s54                           3.470000
s55                           3.750000
s56                           4.370000
s57                           2.520000
s58                           1.760000
s59                           4.040000
s60                           2.000000
s61                           3.100000
s62                           5.313993
s63                           3.460000
s64                           2.820000
s66                           3.750000
s67                           4.079063
s68                           4.730000
s69                           3.110000
s70                           1.100000
s73                           3.640000
s76                           3.980000
s77                           3.680000
s78                           2.150000
s79                           3.690000
s82                           3.480000
s83                           3.620000
s86                           3.240000
s87                           1.020000
s88                           3.880000
s89                           0.834719
s91                           3.350000
s92                           0.530000
s93                           2.980000
s94                           3.870000
s97                           3.131082
s98                           3.430000
s100                          4.220000
s104                          4.280000
s105                          2.485955
s107                          2.080000
s108                          2.550000
s113                          5.992248
s118                          3.980000
s120                          3.050000
s121                          4.150000
s122                          0.817829
s123                          5.360000
s127                          4.380000
s128                          5.385403
s129                          4.280000
s130                          0.880051
s131                          3.230000
s132                          2.690000
s133                          4.170000
s134                          3.525373
s135                          2.038636
s136                          4.987212
s137                          3.860000
s138                          5.367525
s140                          3.520000
s143                          0.810000
s145                          0.940000
s147                          2.022927
s149                          3.684841
s150                          0.997173
s151                          3.790000
s152                          0.850412
s153                          1.770000
s154                          1.000000
s155                          3.520000
s157                          4.130000
s158                          2.960000
s159                          3.480000
s160                          0.839312
s163                          1.060000
s164                          2.060000
s168                          5.745878
s169                          3.230000
s170                          5.993059
s171                          4.703650
s173                          3.400000
s175                          3.540000
s176                          3.090000
s179                          3.100000
s182                          2.590000
s184                          3.260000
s185                          4.160000
s186                          3.520000
s188                          3.720000
s189                          3.120000
s192                          2.110000
s197                          0.840424
s198                          2.110000
s199                          2.525134
s200                          4.050000
s201                          1.210000
s202                          4.240000
s203                          4.370000
s205                          0.873129
s206                          5.190000
s207                          4.040000
s208                          2.080000
s209                          3.570000
x0x45x1                       1.000000
x0x130x1                      2.000000
x0x153x1                      2.000000
x0x197x1                      1.000000
x0x198x1                      1.000000
x0x205x1                      1.000000
x0x46x2                       1.000000
x0x89x2                       2.000000
x0x122x2                      1.000000
x0x147x2                      1.000000
x0x150x2                      1.000000
x0x197x2                      1.000000
x0x198x2                      1.000000
x0x46x3                       1.000000
x0x122x3                      1.000000
x0x150x3                      1.000000
x0x152x3                      2.000000
x0x160x3                      2.000000
x0x205x3                      1.000000
x14x5x2                       1.000000
x104x5x2                      1.000000
x5x0x2                        2.000000
x199x8x1                      1.000000
x8x128x1                      1.000000
x199x8x3                      1.000000
x8x24x3                       1.000000
x130x11x1                     2.000000
x11x188x1                     2.000000
x153x13x1                     2.000000
x13x67x1                      2.000000
x19x14x2                      1.000000
x150x14x3                     1.000000
x14x168x3                     1.000000
x135x19x2                     1.000000
x135x19x3                     1.000000
x19x123x3                     1.000000
x83x24x1                      1.000000
x24x0x1                       1.000000
x24x0x3                       1.000000
x89x25x2                      2.000000
x25x134x2                     1.000000
x25x171x2                     1.000000
x197x38x1                     1.000000
x38x83x1                      1.000000
x160x38x3                     1.000000
x38x134x3                     1.000000
x198x40x1                     1.000000
x40x136x1                     1.000000
x152x40x3                     1.000000
x40x171x3                     1.000000
x45x149x1                     1.000000
x152x45x3                     1.000000
x45x104x3                     1.000000
x46x97x2                      1.000000
x46x147x3                     1.000000
x104x62x3                     1.000000
x147x62x3                     1.000000
x62x0x3                       2.000000
x67x0x1                       2.000000
x97x68x2                      2.000000
x68x0x2                       1.000000
x68x170x2                     1.000000
x147x83x2                     1.000000
x83x136x2                     1.000000
x198x97x2                     1.000000
x150x104x2                    1.000000
x197x105x2                    1.000000
x105x170x2                    1.000000
x205x105x3                    1.000000
x105x149x3                    1.000000
x171x113x2                    1.000000
x113x0x2                      1.000000
x171x113x3                    1.000000
x113x0x3                      1.000000
x122x135x2                    1.000000
x122x135x3                    1.000000
x134x123x2                    1.000000
x123x0x2                      1.000000
x123x0x3                      1.000000
x149x128x1                    1.000000
x128x0x1                      2.000000
x134x138x3                    1.000000
x136x0x1                      1.000000
x136x0x2                      1.000000
x188x138x1                    1.000000
x138x0x1                      1.000000
x138x0x3                      1.000000
x149x168x3                    1.000000
x160x199x3                    1.000000
x168x0x3                      2.000000
x170x0x2                      2.000000
x188x0x1                      1.000000
x205x199x1                    1.000000
z0z3z3                        1.000000
z0z5z2                        1.000000
z0z6z2                        1.000000
z0z11z1                       1.000000
z0z12z3                       1.000000
z0z13z1                       1.000000
z0z18z2                       1.000000
z0z25z2                       1.000000
z0z27z2                       1.000000
z0z28z3                       1.000000
z0z30z2                       1.000000
z0z36z3                       1.000000
z0z45z1                       1.000000
z0z46z2                       1.000000
z0z46z3                       1.000000
z0z54z1                       1.000000
z0z55z2                       1.000000
z0z57z2                       1.000000
z0z59z1                       1.000000
z0z61z3                       1.000000
z0z62z3                       1.000000
z0z63z1                       1.000000
z0z67z1                       1.000000
z0z68z2                       1.000000
z0z69z2                       1.000000
z0z73z2                       1.000000
z0z77z3                       1.000000
z0z78z3                       1.000000
z0z79z1                       1.000000
z0z86z3                       1.000000
z0z88z1                       1.000000
z0z89z2                       1.000000
z0z91z1                       1.000000
z0z94z1                       1.000000
z0z97z2                       1.000000
z0z98z2                       1.000000
z0z108z1                      1.000000
z0z121z3                      1.000000
z0z122z2                      1.000000
z0z122z3                      1.000000
z0z128z1                      1.000000
z0z130z1                      1.000000
z0z131z3                      1.000000
z0z132z2                      1.000000
z0z140z3                      1.000000
z0z145z2                      1.000000
z0z147z2                      1.000000
z0z150z2                      1.000000
z0z150z3                      1.000000
z0z151z3                      1.000000
z0z152z3                      1.000000
z0z153z1                      1.000000
z0z154z3                      1.000000
z0z155z3                      1.000000
z0z158z2                      1.000000
z0z159z2                      1.000000
z0z160z3                      1.000000
z0z163z1                      1.000000
z0z164z1                      1.000000
z0z168z3                      1.000000
z0z169z1                      1.000000
z0z170z2                      1.000000
z0z173z3                      1.000000
z0z175z1                      1.000000
z0z176z3                      1.000000
z0z179z1                      1.000000
z0z185z3                      1.000000
z0z188z1                      1.000000
z0z189z1                      1.000000
z0z197z1                      1.000000
z0z197z2                      1.000000
z0z198z1                      1.000000
z0z198z2                      1.000000
z0z200z3                      1.000000
z0z203z1                      1.000000
z0z205z1                      1.000000
z0z205z3                      1.000000
z0z206z2                      1.000000
z0z207z3                      1.000000
z6z5z2                        1.000000
z6z68z2                       1.000000
z6z98z2                       1.000000
z6z170z2                      1.000000
z6z206z2                      1.000000
z7z128z1                      1.000000
z7z168z3                      1.000000
z8z24z3                       1.000000
z8z128z1                      1.000000
z11z54z1                      1.000000
z11z59z1                      1.000000
z11z63z1                      1.000000
z11z128z1                     1.000000
z11z175z1                     1.000000
z11z188z1                     1.000000
z11z203z1                     1.000000
z12z168z3                     1.000000
z13z67z1                      1.000000
z13z128z1                     1.000000
z14z5z2                       1.000000
z14z168z3                     1.000000
z19z5z2                       1.000000
z19z14z2                      1.000000
z19z123z3                     1.000000
z19z168z3                     1.000000
z19z170z2                     1.000000
z19z206z2                     1.000000
z25z5z2                       1.000000
z25z134z2                     1.000000
z25z170z2                     1.000000
z25z171z2                     1.000000
z25z206z2                     1.000000
z37z5z2                       1.000000
z37z68z2                      1.000000
z37z168z3                     1.000000
z37z170z2                     1.000000
z37z206z2                     1.000000
z38z83z1                      1.000000
z38z128z1                     1.000000
z38z134z3                     1.000000
z38z168z3                     1.000000
z40z128z1                     1.000000
z40z136z1                     1.000000
z40z168z3                     1.000000
z40z171z3                     1.000000
z41z3z3                       1.000000
z41z28z3                      1.000000
z41z36z3                      1.000000
z41z61z3                      1.000000
z41z62z3                      1.000000
z41z77z3                      1.000000
z41z86z3                      1.000000
z41z121z3                     1.000000
z41z131z3                     1.000000
z41z140z3                     1.000000
z41z151z3                     1.000000
z41z155z3                     1.000000
z41z168z3                     1.000000
z41z173z3                     1.000000
z41z176z3                     1.000000
z41z185z3                     1.000000
z41z200z3                     1.000000
z41z207z3                     1.000000
z45z104z3                     1.000000
z45z128z1                     1.000000
z45z149z1                     1.000000
z45z168z3                     1.000000
z46z3z3                       1.000000
z46z5z2                       1.000000
z46z36z3                      1.000000
z46z62z3                      1.000000
z46z68z2                      1.000000
z46z77z3                      1.000000
z46z97z2                      1.000000
z46z98z2                      1.000000
z46z121z3                     1.000000
z46z140z3                     1.000000
z46z147z3                     1.000000
z46z168z3                     1.000000
z46z170z2                     1.000000
z46z173z3                     1.000000
z46z185z3                     1.000000
z46z200z3                     1.000000
z46z206z2                     1.000000
z46z207z3                     1.000000
z51z128z1                     1.000000
z57z5z2                       1.000000
z57z170z2                     1.000000
z58z128z1                     1.000000
z58z168z3                     1.000000
z60z5z2                       1.000000
z60z68z2                      1.000000
z60z128z1                     1.000000
z60z170z2                     1.000000
z60z206z2                     1.000000
z64z5z2                       1.000000
z64z128z1                     1.000000
z64z170z2                     1.000000
z68z170z2                     1.000000
z70z5z2                       1.000000
z70z68z2                      1.000000
z70z128z1                     1.000000
z70z170z2                     1.000000
z70z175z1                     1.000000
z70z188z1                     1.000000
z70z203z1                     1.000000
z70z206z2                     1.000000
z78z168z3                     1.000000
z83z24z1                      1.000000
z83z136z2                     1.000000
z87z5z2                       1.000000
z87z62z3                      1.000000
z87z68z2                      1.000000
z87z121z3                     1.000000
z87z168z3                     1.000000
z87z170z2                     1.000000
z87z185z3                     1.000000
z87z200z3                     1.000000
z87z206z2                     1.000000
z87z207z3                     1.000000
z89z5z2                       1.000000
z89z18z2                      1.000000
z89z25z2                      1.000000
z89z27z2                      1.000000
z89z30z2                      1.000000
z89z55z2                      1.000000
z89z68z2                      1.000000
z89z69z2                      1.000000
z89z73z2                      1.000000
z89z98z2                      1.000000
z89z132z2                     1.000000
z89z158z2                     1.000000
z89z159z2                     1.000000
z89z170z2                     1.000000
z89z206z2                     1.000000
z92z3z3                       1.000000
z92z12z3                      1.000000
z92z28z3                      1.000000
z92z36z3                      1.000000
z92z61z3                      1.000000
z92z62z3                      1.000000
z92z77z3                      1.000000
z92z86z3                      1.000000
z92z121z3                     1.000000
z92z131z3                     1.000000
z92z140z3                     1.000000
z92z151z3                     1.000000
z92z155z3                     1.000000
z92z168z3                     1.000000
z92z173z3                     1.000000
z92z176z3                     1.000000
z92z185z3                     1.000000
z92z200z3                     1.000000
z92z207z3                     1.000000
z93z5z2                       1.000000
z93z170z2                     1.000000
z97z5z2                       1.000000
z97z68z2                      1.000000
z97z170z2                     1.000000
z97z206z2                     1.000000
z104z5z2                      1.000000
z104z62z3                     1.000000
z105z5z2                      1.000000
z105z68z2                     1.000000
z105z149z3                    1.000000
z105z168z3                    1.000000
z105z170z2                    1.000000
z105z206z2                    1.000000
z107z5z2                      1.000000
z107z68z2                     1.000000
z107z168z3                    1.000000
z107z170z2                    1.000000
z107z206z2                    1.000000
z108z128z1                    1.000000
z122z3z3                      1.000000
z122z5z2                      1.000000
z122z18z2                     1.000000
z122z28z3                     1.000000
z122z36z3                     1.000000
z122z62z3                     1.000000
z122z68z2                     1.000000
z122z77z3                     1.000000
z122z98z2                     1.000000
z122z121z3                    1.000000
z122z135z2                    1.000000
z122z135z3                    1.000000
z122z140z3                    1.000000
z122z151z3                    1.000000
z122z168z3                    1.000000
z122z170z2                    1.000000
z122z173z3                    1.000000
z122z185z3                    1.000000
z122z200z3                    1.000000
z122z206z2                    1.000000
z122z207z3                    1.000000
z130z11z1                     1.000000
z130z54z1                     1.000000
z130z59z1                     1.000000
z130z63z1                     1.000000
z130z67z1                     1.000000
z130z79z1                     1.000000
z130z88z1                     1.000000
z130z91z1                     1.000000
z130z94z1                     1.000000
z130z108z1                    1.000000
z130z128z1                    1.000000
z130z169z1                    1.000000
z130z175z1                    1.000000
z130z179z1                    1.000000
z130z188z1                    1.000000
z130z189z1                    1.000000
z130z203z1                    1.000000
z132z5z2                      1.000000
z132z170z2                    1.000000
z134z123z2                    1.000000
z134z138z3                    1.000000
z135z5z2                      1.000000
z135z19z2                     1.000000
z135z19z3                     1.000000
z135z68z2                     1.000000
z135z168z3                    1.000000
z135z170z2                    1.000000
z135z206z2                    1.000000
z143z5z2                      1.000000
z143z18z2                     1.000000
z143z27z2                     1.000000
z143z30z2                     1.000000
z143z55z2                     1.000000
z143z68z2                     1.000000
z143z69z2                     1.000000
z143z73z2                     1.000000
z143z98z2                     1.000000
z143z132z2                    1.000000
z143z158z2                    1.000000
z143z159z2                    1.000000
z143z170z2                    1.000000
z143z206z2                    1.000000
z145z5z2                      1.000000
z145z68z2                     1.000000
z145z98z2                     1.000000
z145z170z2                    1.000000
z145z206z2                    1.000000
z147z5z2                      1.000000
z147z62z3                     1.000000
z147z68z2                     1.000000
z147z83z2                     1.000000
z147z168z3                    1.000000
z147z170z2                    1.000000
z147z206z2                    1.000000
z149z128z1                    1.000000
z149z168z3                    1.000000
z150z5z2                      1.000000
z150z14z3                     1.000000
z150z28z3                     1.000000
z150z36z3                     1.000000
z150z55z2                     1.000000
z150z62z3                     1.000000
z150z68z2                     1.000000
z150z77z3                     1.000000
z150z104z2                    1.000000
z150z121z3                    1.000000
z150z140z3                    1.000000
z150z151z3                    1.000000
z150z168z3                    1.000000
z150z170z2                    1.000000
z150z185z3                    1.000000
z150z200z3                    1.000000
z150z206z2                    1.000000
z150z207z3                    1.000000
z152z3z3                      1.000000
z152z12z3                     1.000000
z152z28z3                     1.000000
z152z36z3                     1.000000
z152z40z3                     1.000000
z152z45z3                     1.000000
z152z61z3                     1.000000
z152z62z3                     1.000000
z152z77z3                     1.000000
z152z86z3                     1.000000
z152z121z3                    1.000000
z152z131z3                    1.000000
z152z140z3                    1.000000
z152z151z3                    1.000000
z152z155z3                    1.000000
z152z168z3                    1.000000
z152z173z3                    1.000000
z152z176z3                    1.000000
z152z185z3                    1.000000
z152z200z3                    1.000000
z152z207z3                    1.000000
z153z13z1                     1.000000
z153z128z1                    1.000000
z154z3z3                      1.000000
z154z28z3                     1.000000
z154z36z3                     1.000000
z154z61z3                     1.000000
z154z62z3                     1.000000
z154z77z3                     1.000000
z154z86z3                     1.000000
z154z121z3                    1.000000
z154z131z3                    1.000000
z154z140z3                    1.000000
z154z151z3                    1.000000
z154z155z3                    1.000000
z154z168z3                    1.000000
z154z173z3                    1.000000
z154z176z3                    1.000000
z154z185z3                    1.000000
z154z200z3                    1.000000
z154z207z3                    1.000000
z158z5z2                      1.000000
z160z3z3                      1.000000
z160z12z3                     1.000000
z160z28z3                     1.000000
z160z36z3                     1.000000
z160z38z3                     1.000000
z160z61z3                     1.000000
z160z62z3                     1.000000
z160z77z3                     1.000000
z160z86z3                     1.000000
z160z121z3                    1.000000
z160z131z3                    1.000000
z160z140z3                    1.000000
z160z151z3                    1.000000
z160z155z3                    1.000000
z160z168z3                    1.000000
z160z173z3                    1.000000
z160z176z3                    1.000000
z160z185z3                    1.000000
z160z199z3                    1.000000
z160z200z3                    1.000000
z160z207z3                    1.000000
z163z13z1                     1.000000
z163z54z1                     1.000000
z163z59z1                     1.000000
z163z63z1                     1.000000
z163z128z1                    1.000000
z163z175z1                    1.000000
z163z188z1                    1.000000
z163z203z1                    1.000000
z164z128z1                    1.000000
z171z113z2                    1.000000
z171z113z3                    1.000000
z182z5z2                      1.000000
z182z170z2                    1.000000
z188z138z1                    1.000000
z192z5z2                      1.000000
z192z68z2                     1.000000
z192z168z3                    1.000000
z192z170z2                    1.000000
z192z206z2                    1.000000
z197z5z2                      1.000000
z197z18z2                     1.000000
z197z38z1                     1.000000
z197z54z1                     1.000000
z197z55z2                     1.000000
z197z59z1                     1.000000
z197z63z1                     1.000000
z197z67z1                     1.000000
z197z68z2                     1.000000
z197z69z2                     1.000000
z197z79z1                     1.000000
z197z88z1                     1.000000
z197z91z1                     1.000000
z197z94z1                     1.000000
z197z98z2                     1.000000
z197z105z2                    1.000000
z197z128z1                    1.000000
z197z170z2                    1.000000
z197z175z1                    1.000000
z197z188z1                    1.000000
z197z189z1                    1.000000
z197z203z1                    1.000000
z197z206z2                    1.000000
z198z5z2                      1.000000
z198z40z1                     1.000000
z198z68z2                     1.000000
z198z97z2                     1.000000
z198z128z1                    1.000000
z198z170z2                    1.000000
z198z206z2                    1.000000
z199z8z1                      1.000000
z199z8z3                      1.000000
z199z128z1                    1.000000
z199z168z3                    1.000000
z201z5z2                      1.000000
z201z62z3                     1.000000
z201z68z2                     1.000000
z201z77z3                     1.000000
z201z121z3                    1.000000
z201z168z3                    1.000000
z201z170z2                    1.000000
z201z185z3                    1.000000
z201z200z3                    1.000000
z201z206z2                    1.000000
z201z207z3                    1.000000
z205z3z3                      1.000000
z205z28z3                     1.000000
z205z36z3                     1.000000
z205z54z1                     1.000000
z205z59z1                     1.000000
z205z62z3                     1.000000
z205z63z1                     1.000000
z205z67z1                     1.000000
z205z77z3                     1.000000
z205z79z1                     1.000000
z205z86z3                     1.000000
z205z88z1                     1.000000
z205z91z1                     1.000000
z205z94z1                     1.000000
z205z105z3                    1.000000
z205z121z3                    1.000000
z205z128z1                    1.000000
z205z140z3                    1.000000
z205z151z3                    1.000000
z205z155z3                    1.000000
z205z168z3                    1.000000
z205z169z1                    1.000000
z205z173z3                    1.000000
z205z175z1                    1.000000
z205z185z3                    1.000000
z205z188z1                    1.000000
z205z189z1                    1.000000
z205z199z1                    1.000000
z205z200z3                    1.000000
z205z203z1                    1.000000
z205z207z3                    1.000000
z208z5z2                      1.000000
z208z168z3                    1.000000
z208z170z2                    1.000000
z208z206z2                    1.000000
All other variables in the range 1-12020 are 0.
