
Log started (V12.10.0.0) Fri Apr 23 11:49:38 2021


Problem 'asset.lp' read.
Read time = 0.01 sec. (0.27 ticks)
New value for default parallel thread count: 1
New value for time limit in seconds: 150
Version identifier: 12.10.0.0 | 2019-11-26 | 843d4de
CPXPARAM_Threads                                 1
CPXPARAM_TimeLimit                               150
Found incumbent of value 0.000000 after 0.00 sec. (0.07 ticks)
Tried aggregator 3 times.
MIP Presolve eliminated 1414 rows and 256 columns.
MIP Presolve modified 1529 coefficients.
Aggregator did 640 substitutions.
Reduced MIP has 777 rows, 1013 columns, and 4089 nonzeros.
Reduced MIP has 862 binaries, 117 generals, 0 SOSs, and 0 indicators.
Presolve time = 0.01 sec. (9.48 ticks)
Probing fixed 127 vars, tightened 9 bounds.
Probing time = 0.00 sec. (2.82 ticks)
Cover probing fixed 0 vars, tightened 52 bounds.
Tried aggregator 2 times.
MIP Presolve eliminated 163 rows and 153 columns.
MIP Presolve modified 172 coefficients.
Aggregator did 1 substitutions.
Reduced MIP has 613 rows, 859 columns, and 3084 nonzeros.
Reduced MIP has 718 binaries, 108 generals, 0 SOSs, and 0 indicators.
Presolve time = 0.00 sec. (4.10 ticks)
Probing time = 0.00 sec. (1.97 ticks)
Cover probing fixed 0 vars, tightened 4 bounds.
Tried aggregator 1 time.
Detecting symmetries...
MIP Presolve eliminated 2 rows and 2 columns.
MIP Presolve modified 118 coefficients.
Reduced MIP has 611 rows, 857 columns, and 3078 nonzeros.
Reduced MIP has 716 binaries, 108 generals, 0 SOSs, and 0 indicators.
Presolve time = 0.00 sec. (2.09 ticks)
Probing time = 0.00 sec. (1.98 ticks)
Clique table members: 2188.
MIP emphasis: balance optimality and feasibility.
MIP search method: dynamic search.
Parallel mode: none, using 1 thread.
Root relaxation solution time = 0.01 sec. (9.24 ticks)

        Nodes                                         Cuts/
   Node  Left     Objective  IInf  Best Integer    Best Bound    ItCnt     Gap

*     0+    0                            0.0000      348.0000              --- 
      0     0      278.6737   163        0.0000      278.6737      499     --- 
      0     0      271.6452   163        0.0000     Cuts: 252     1085     --- 
      0     0      266.8889   163        0.0000     Cuts: 247     1360     --- 
      0     0      264.0901   163        0.0000     Cuts: 170     1723     --- 
      0     0      262.3263   163        0.0000     Cuts: 172     1940     --- 
      0     0      261.8428   163        0.0000     Cuts: 181     2089     --- 
      0     0      261.1311   163        0.0000     Cuts: 146     2308     --- 
      0     0      260.9381   163        0.0000     Cuts: 134     2551     --- 
      0     0      260.3601   163        0.0000     Cuts: 136     2703     --- 
      0     0      260.0606   163        0.0000     Cuts: 100     2864     --- 
      0     0      259.3796   163        0.0000     Cuts: 123     3039     --- 
      0     0      259.1600   163        0.0000     Cuts: 154     3139     --- 
      0     0      258.9500   163        0.0000     Cuts: 131     3270     --- 
      0     0      258.8217   163        0.0000     Cuts: 142     3393     --- 
      0     0      258.6660   163        0.0000     Cuts: 101     3468     --- 
      0     0      258.3824   163        0.0000      Cuts: 82     3589     --- 
      0     0      258.2356   163        0.0000      Cuts: 62     3652     --- 
      0     0      257.8030   163        0.0000      Cuts: 64     3755     --- 
      0     0      257.6015   163        0.0000      Cuts: 82     3830     --- 
      0     0      257.3457   163        0.0000      Cuts: 69     3918     --- 
      0     0      257.0387   163        0.0000     Cuts: 122     4030     --- 
      0     0      256.7576   163        0.0000     Cuts: 101     4128     --- 
      0     0      256.4692   163        0.0000      Cuts: 61     4196     --- 
      0     0      256.3817   163        0.0000      Cuts: 90     4284     --- 
      0     0      256.2631   163        0.0000     Cuts: 100     4356     --- 
      0     0      256.2372   163        0.0000      Cuts: 91     4438     --- 
      0     0      256.2372   163        0.0000      Cuts: 53     4469     --- 
*     0+    0                           18.0000      256.2372              --- 
*     0+    0                           27.0000      256.2372           849.03%
*     0+    0                          132.0000      256.2372            94.12%
*     0+    0                          135.0000      256.2372            89.81%
*     0+    0                          138.0000      256.2372            85.68%
      0     0        cutoff            138.0000      256.2372     4469   85.68%
      0     2      256.2372   174      138.0000      256.2372     4469   85.68%
Elapsed time = 0.70 sec. (641.35 ticks, tree = 0.01 MB, solutions = 5)
*    90+   80                          186.0000      256.2372            37.76%
    138   106      255.3109   196      186.0000      256.0078    10565   37.64%
*   190+  155                          189.0000      256.0078            35.45%
    250   212      248.7000   108      189.0000      255.3109    15045   35.09%
*   312   260      integral     0      192.0000      255.3109    16096   32.97%
    457   395        cutoff            192.0000      255.2858    20568   32.96%

Performing restart 1

Repeating presolve.
Tried aggregator 2 times.
MIP Presolve modified 543 coefficients.
Aggregator did 2 substitutions.
Reduced MIP has 609 rows, 855 columns, and 2697 nonzeros.
Reduced MIP has 714 binaries, 108 generals, 0 SOSs, and 0 indicators.
Presolve time = 0.00 sec. (3.42 ticks)
Tried aggregator 1 time.
Reduced MIP has 609 rows, 855 columns, and 2697 nonzeros.
Reduced MIP has 714 binaries, 108 generals, 0 SOSs, and 0 indicators.
Presolve time = 0.00 sec. (2.10 ticks)
Represolve time = 0.02 sec. (16.73 ticks)
    492     0      252.9684   203      192.0000     Cuts: 222    23563   31.75%
    492     0      251.8274   203      192.0000     Cuts: 151    23819   31.16%
    492     0      250.2483   203      192.0000     Cuts: 142    24244   30.34%
    492     0      248.7537   203      192.0000     Cuts: 166    24733   29.56%
    492     0      248.2283   203      192.0000     Cuts: 168    25107   29.29%
    492     0      247.7174   203      192.0000     Cuts: 133    25368   29.02%
    492     0      247.3094   203      192.0000     Cuts: 143    25696   28.81%
*   492+    0                          195.0000      247.3094            26.83%
    492     0        cutoff            195.0000      247.3094    25696   26.83%
    492     0      247.0099   203      195.0000      Cuts: 74    25899   26.67%
    492     0      246.5050   203      195.0000     Cuts: 100    26438   26.41%
    492     0      246.3279   203      195.0000     Cuts: 102    26633   26.32%
    492     0      246.0452   203      195.0000      Cuts: 84    26814   26.18%
    492     0      245.8013   203      195.0000      Cuts: 78    26947   26.05%
*   492+    0                          201.0000      245.8013            22.29%
    492     0      245.6768   203      201.0000      Cuts: 69    27104   22.23%
    492     0      245.6088   203      201.0000      Cuts: 88    27246   22.19%
    492     0      245.0798   203      201.0000      Cuts: 77    27507   21.93%
    492     0      245.0163   203      201.0000      Cuts: 97    27724   21.90%
    492     0      244.8487   203      201.0000      Cuts: 61    27858   21.82%
    492     0      243.8673   203      201.0000      Cuts: 80    28106   21.33%
    492     0      243.7201   203      201.0000     Cuts: 120    28220   21.25%
    492     0      243.6688   203      201.0000      Cuts: 61    28307   21.23%
    492     0      243.6015   203      201.0000      Cuts: 44    28446   21.19%
    492     0      243.5290   203      201.0000      Cuts: 62    28545   21.16%
    492     0      243.3590   203      201.0000      Cuts: 52    28815   21.07%
    492     0      243.2735   203      201.0000      Cuts: 56    28943   21.03%
    492     0      243.2332   203      201.0000      Cuts: 69    29064   21.01%
    492     0      243.0744   203      201.0000      Cuts: 56    29419   20.93%
    492     0      243.0102   203      201.0000      Cuts: 88    29965   20.90%
    492     0      242.9822   203      201.0000     Cuts: 141    30217   20.89%
    492     0      242.8991   203      201.0000      Cuts: 64    30940   20.85%
    492     0      242.8460   203      201.0000     Cuts: 137    31661   20.82%
    492     0      242.8320   203      201.0000     Cuts: 118    31913   20.81%
    492     0      242.8320   203      201.0000      Cuts: 44    31991   20.81%
    492     0      242.8232   203      201.0000      Cuts: 61    32096   20.81%
    492     2      242.8232   159      201.0000      242.8219    32096   20.81%
    496     6      240.7000   105      201.0000      242.7818    32925   20.79%
    502    12      238.4193   143      201.0000      242.7818    34108   20.79%
    511    21      236.8118   140      201.0000      242.7818    35223   20.79%
    535    45      227.2360   121      201.0000      242.7818    36528   20.79%
    591    89      224.8793   110      201.0000      242.3180    39446   20.56%
    798   248      230.8462   134      201.0000      239.5722    49404   19.19%
Elapsed time = 6.28 sec. (7002.88 ticks, tree = 1.35 MB, solutions = 10)
    961   374      234.4369   157      201.0000      238.4434    62333   18.63%
   1119   498      230.5000   127      201.0000      236.9118    74969   17.87%
   1282   624      228.1781   148      201.0000      236.7380    87815   17.78%
   1452   738      205.5000    63      201.0000      236.4065   102169   17.62%
   1666   894      225.8882   130      201.0000      235.9581   116194   17.39%
   1830  1021      215.5203   106      201.0000      235.8357   130830   17.33%
   2036  1176      223.7383   148      201.0000      235.2269   143440   17.03%
   2244  1337      221.5000   123      201.0000      234.6134   156246   16.72%
   2416  1466      230.6518   154      201.0000      234.3134   168636   16.57%
   2596  1610      230.1233   162      201.0000      233.9338   183784   16.38%
Elapsed time = 14.04 sec. (16676.89 ticks, tree = 8.15 MB, solutions = 10)
   2762  1728      228.6160   160      201.0000      233.7087   199821   16.27%
   2940  1874      224.3738   154      201.0000      233.4667   212617   16.15%
   3149  2038        cutoff            201.0000      233.2983   227533   16.07%
   3338  2176      227.2796   171      201.0000      232.9562   240447   15.90%
   3482  2301      214.1036   138      201.0000      232.9086   252375   15.87%
   3654  2434      228.9679   172      201.0000      232.7309   265428   15.79%
   3832  2548      204.4847    84      201.0000      232.5185   278685   15.68%
*  3891  2406      integral     0      204.0000      232.4397   281878   13.94%
   4066  2530      219.0000   100      204.0000      232.2826   295571   13.86%
   4253  2664      231.8750   140      204.0000      231.9374   309097   13.69%
Elapsed time = 21.20 sec. (25648.99 ticks, tree = 12.24 MB, solutions = 11)
   4400  2770      228.0823   184      204.0000      231.6774   322666   13.57%
   4571  2900      229.6624   169      204.0000      231.4600   336869   13.46%
   4742  3026      222.6485   117      204.0000      231.4032   350619   13.43%
   4895  3125      230.6451   158      204.0000      231.2500   363059   13.36%
   5032  3234      215.6969   107      204.0000      231.1631   375530   13.32%
   5226  3377      225.9696   143      204.0000      230.9552   387970   13.21%
   5386  3488      228.5497   165      204.0000      230.7507   401156   13.11%
   5599  3656      223.8125   146      204.0000      230.6023   414772   13.04%
   5752  3750      228.4150   144      204.0000      230.4134   428872   12.95%
   5925  3869      216.4718   130      204.0000      230.2108   442970   12.85%
Elapsed time = 28.87 sec. (35313.57 ticks, tree = 18.00 MB, solutions = 11)
   6147  4027      214.1957   130      204.0000      230.1249   457442   12.81%
   6313  4128      225.8074   150      204.0000      229.9268   472180   12.71%
   6524  4273      209.8132   106      204.0000      229.8580   486208   12.68%
   6716  4395      208.9008   105      204.0000      229.7538   501357   12.62%
   6936  4547      216.5740   133      204.0000      229.6267   516261   12.56%
   7119  4677      214.5589   178      204.0000      229.4970   530595   12.50%
   7334  4837      219.6604   133      204.0000      229.4045   543251   12.45%
   7481  4937      219.1804   163      204.0000      229.3144   557010   12.41%
   7658  5057      212.5526   160      204.0000      229.2416   570509   12.37%
   7814  5171      211.0099   107      204.0000      229.1468   582552   12.33%
Elapsed time = 36.52 sec. (44964.13 ticks, tree = 24.63 MB, solutions = 11)
   8031  5323      223.0431   148      204.0000      229.0000   595596   12.25%
   8195  5434      210.9375   105      204.0000      228.9764   609301   12.24%
   8373  5548      222.3958   119      204.0000      228.8896   622483   12.20%
   8570  5679        cutoff            204.0000      228.8308   636390   12.17%
   8786  5825    infeasible            204.0000      228.7500   650780   12.13%
   8986  5965      224.0114   151      204.0000      228.7049   665082   12.11%
   9258  6161      217.8633   128      204.0000      228.5556   679208   12.04%
   9492  6329      214.7922   104      204.0000      228.4762   694552   12.00%
   9690  6468      221.8000   145      204.0000      228.3831   708623   11.95%
   9904  6624        cutoff            204.0000      228.2866   723252   11.91%
Elapsed time = 44.18 sec. (54577.72 ticks, tree = 32.49 MB, solutions = 11)
  10088  6736      216.8186   159      204.0000      228.1934   738334   11.86%
  10290  6874      215.9739   118      204.0000      228.1429   751247   11.83%
* 10333+ 6097                          207.0000      228.1021            10.19%
  10333  6099      223.3125   152      207.0000      228.1000   754096   10.19%
  10334  6100      219.7500   139      207.0000      228.0951   754506   10.19%
  10496  6220      223.7472   151      207.0000      228.0579   767419   10.17%
  10666  6333      219.0744   147      207.0000      227.9810   779527   10.14%
  10876  6478      222.6000   146      207.0000      227.8670   792472   10.08%
  11027  6554      219.1815   139      207.0000      227.7144   805324   10.01%
  11214  6675      212.1643   138      207.0000      227.6198   818331    9.96%
  11396  6791      223.9562   159      207.0000      227.5663   832167    9.94%
Elapsed time = 56.69 sec. (68397.07 ticks, tree = 34.07 MB, solutions = 12)
  11642  6973      215.0290   123      207.0000      227.5009   845404    9.90%
  11844  7096      212.5435    59      207.0000      227.4537   858848    9.88%
  12057  7243      219.2597   126      207.0000      227.3567   872072    9.83%
  12230  7342      215.9742   174      207.0000      227.2677   886205    9.79%
  12399  7446      212.1281   122      207.0000      227.1973   899926    9.76%
  12635  7599      214.6013   135      207.0000      227.1423   914104    9.73%
  12828  7728      217.7541   138      207.0000      227.0883   929096    9.70%
  12979  7815      218.6351   155      207.0000      227.0048   942854    9.66%
  13160  7934      215.3025   103      207.0000      226.9401   957664    9.63%
  13340  8039      215.4588   131      207.0000      226.8413   971973    9.59%
Elapsed time = 64.35 sec. (77975.76 ticks, tree = 40.46 MB, solutions = 12)
  13495  8118      219.2336   148      207.0000      226.7500   986744    9.54%
  13698  8239      218.3068   165      207.0000      226.6841  1000312    9.51%
  13912  8376        cutoff            207.0000      226.6198  1013463    9.48%
  14079  8474      218.4190   131      207.0000      226.5644  1026537    9.45%
  14233  8560      220.2559   168      207.0000      226.4712  1038634    9.41%
  14353  8629      211.6903   104      207.0000      226.4272  1051446    9.39%
  14591  8792      212.9641   100      207.0000      226.3913  1064420    9.37%
  14794  8921      216.9598   141      207.0000      226.3109  1077439    9.33%
  15004  9056      212.5893   121      207.0000      226.2299  1090800    9.29%
  15240  9208      212.2825   104      207.0000      226.1500  1103676    9.25%
Elapsed time = 72.03 sec. (87628.96 ticks, tree = 48.69 MB, solutions = 12)
  15425  9305      215.0884   117      207.0000      226.0362  1117913    9.20%
  15612  9432      220.3983   127      207.0000      226.0000  1131704    9.18%
* 15801  7662      integral     0      210.0000      225.9655  1144734    7.60%
  15802  7663      220.7032   164      210.0000      225.9634  1145491    7.60%
  16019  7771      217.1686   118      210.0000      225.8482  1159393    7.55%
  16200  7865      216.9618   106      210.0000      225.8026  1173105    7.53%
  16389  7976      216.4449   126      210.0000      225.7405  1187089    7.50%
  16517  8022      219.0000   106      210.0000      225.6953  1200364    7.47%
  16651  8081      216.0830   138      210.0000      225.6320  1213107    7.44%
  16811  8168      215.9381   119      210.0000      225.5868  1226749    7.42%
  17596  8572      213.3898    68      210.0000      225.3321  1280697    7.30%
Elapsed time = 82.09 sec. (100075.53 ticks, tree = 45.87 MB, solutions = 13)
  18234  8859      215.3839   136      210.0000      225.0874  1329356    7.18%
  18803  9080      217.9167   125      210.0000      224.8949  1378199    7.09%
  19449  9352      214.2214   126      210.0000      224.6571  1430005    6.98%
  20066  9602        cutoff            210.0000      224.4539  1483326    6.88%
  20757  9900      218.1909   146      210.0000      224.2395  1536401    6.78%
  21464 10237        cutoff            210.0000      224.0409  1589384    6.69%
  22101 10476      215.1522    92      210.0000      223.8227  1639670    6.58%
  22725 10685      215.5940   127      210.0000      223.6251  1689226    6.49%
  23312 10862      219.9070   141      210.0000      223.4623  1739761    6.41%
  24006 11166      219.5838   121      210.0000      223.3125  1791097    6.34%
Elapsed time = 113.09 sec. (138280.11 ticks, tree = 62.31 MB, solutions = 13)
  24650 11415      221.9426   125      210.0000      223.1250  1843454    6.25%
  25298 11645      216.2684   121      210.0000      222.9784  1897652    6.18%
  26024 11891      215.7346   137      210.0000      222.8323  1949593    6.11%
  26629 12042      215.9123   110      210.0000      222.6730  1999041    6.03%
  27272 12237      219.0000   129      210.0000      222.5219  2049776    5.96%
  27891 12382        cutoff            210.0000      222.3182  2097584    5.87%
  28607 12623      214.2455   126      210.0000      222.1718  2149233    5.80%
Starting limited solution polishing.
  29218 12772      214.2593   130      210.0000      222.0000  2202317    5.71%
  29856 12910      214.6380    96      210.0000      221.8374  2251658    5.64%
  30461 13045      213.9000    97      210.0000      221.6693  2300034    5.56%
Elapsed time = 144.46 sec. (176486.38 ticks, tree = 75.66 MB, solutions = 13)
  31049 13153      214.4861   137      210.0000      221.5000  2343903    5.48%

GUB cover cuts applied:  49
Clique cuts applied:  150
Cover cuts applied:  28
Implied bound cuts applied:  82
Flow cuts applied:  20
Mixed integer rounding cuts applied:  144
Zero-half cuts applied:  106
Lift and project cuts applied:  21
Gomory fractional cuts applied:  3

Root node processing (before b&c):
  Real time             =    0.70 sec. (639.96 ticks)
Sequential b&c:
  Real time             =  149.30 sec. (182524.10 ticks)
                          ------------
Total (root+branch&cut) =  150.00 sec. (183164.06 ticks)

Solution pool: 14 solutions saved.

MIP - Time limit exceeded, integer feasible:  Objective =  2.1000000000e+02
Current MIP best bound =  2.2147011361e+02 (gap = 11.4701, 5.46%)
Solution time =  150.00 sec.  Iterations = 2378150  Nodes = 31438 (13282)
Deterministic time = 183164.06 ticks  (1221.09 ticks/sec)


Incumbent solution
Variable Name           Solution Value
F                           210.000000
y49                           1.000000
y149                          1.000000
y68                           1.000000
y48                           1.000000
y155                          1.000000
y187                          1.000000
y81                           1.000000
y64                           1.000000
y180                          1.000000
y140                          1.000000
y24                           1.000000
y114                          1.000000
y173                          1.000000
y46                           1.000000
y156                          1.000000
y92                           1.000000
y154                          1.000000
y189                          1.000000
y168                          1.000000
y95                           1.000000
x62x180x1                     2.000000
x160x64x1                     1.000000
x63x187x1                     1.000000
x161x68x1                     1.000000
x161x48x1                     1.000000
x108x49x2                     1.000000
x52x149x2                     1.000000
x52x155x2                     1.000000
x126x49x2                     1.000000
x76x149x2                     1.000000
x76x81x2                      1.000000
x160x140x3                    1.000000
x123x68x3                     1.000000
x34x24x3                      2.000000
x158x155x3                    1.000000
x63x81x3                      1.000000
x49x48x2                      1.000000
x49x187x2                     1.000000
x149x46x2                     2.000000
x68x114x1                     1.000000
x68x173x3                     1.000000
x48x168x1                     1.000000
x48x156x2                     1.000000
x155x64x2                     1.000000
x155x140x3                    1.000000
x187x168x1                    1.000000
x187x156x2                    1.000000
x81x173x2                     1.000000
x81x154x3                     1.000000
x64x189x1                     1.000000
x64x189x2                     1.000000
x180x92x1                     1.000000
x180x154x1                    1.000000
x140x95x3                     2.000000
x24x114x3                     1.000000
x24x92x3                      1.000000
x114x0x1                      1.000000
x114x0x3                      1.000000
x173x0x2                      1.000000
x173x0x3                      1.000000
x46x0x2                       2.000000
x156x0x2                      2.000000
x92x0x1                       1.000000
x92x0x3                       1.000000
x154x0x1                      1.000000
x154x0x3                      1.000000
x189x0x1                      1.000000
x189x0x2                      1.000000
x168x0x1                      2.000000
x95x0x3                       2.000000
s62                           6.307051
s55                           6.642846
s68                           7.544124
s181                          6.720000
s48                           7.608534
s169                          7.612026
s148                          7.711959
s187                          7.650677
s20                           6.970000
s101                          7.070000
s10                           8.120000
s14                           7.150000
s64                           7.972416
s180                          7.914201
z62z180z1                     1.000000
s91                           7.550000
s114                          8.860000
s92                           9.190000
s154                          9.280000
s30                           9.290000
s189                          9.360000
s168                          9.390000
z62z168z1                     1.000000
s172                          9.400000
s175                          9.500000
z62z175z1                     1.000000
s160                          6.274313
s155                          6.824108
s81                           7.424580
z160z64z1                     1.000000
s128                          8.330000
s75                           7.350000
s140                          8.205527
z160z140z3                    1.000000
s40                           8.740000
s24                           7.790000
s147                          8.860000
s173                          9.000000
s12                           9.070000
z160z12z3                     1.000000
s99                           9.290000
z160z99z3                     1.000000
s129                          9.300000
z160z129z3                    1.000000
z160z168z1                    1.000000
s95                           9.440000
z160z95z3                     1.000000
z160z175z1                    1.000000
s123                          3.730870
s153                          7.466833
z123z68z3                     1.000000
z123z75z3                     1.000000
z123z140z3                    1.000000
z123z40z3                     1.000000
z123z24z3                     1.000000
z123z147z3                    1.000000
z123z12z3                     1.000000
z123z99z3                     1.000000
z123z129z3                    1.000000
z123z95z3                     1.000000
s34                           4.997300
z34z75z3                      1.000000
z34z140z3                     1.000000
z34z40z3                      1.000000
z34z24z3                      1.000000
z34z147z3                     1.000000
z34z12z3                      1.000000
z34z99z3                      1.000000
z34z129z3                     1.000000
z34z95z3                      1.000000
s108                          4.787990
s83                           6.050000
s61                           6.342125
s49                           6.560000
z108z49z2                     1.000000
s149                          7.231165
z108z149z2                    1.000000
s150                          6.760000
z108z150z2                    1.000000
s71                           7.950000
z108z71z2                     1.000000
s46                           9.010000
z108z46z2                     1.000000
s156                          9.030000
z108z156z2                    1.000000
s158                          5.021350
z158z155z3                    1.000000
z158z75z3                     1.000000
z158z140z3                    1.000000
z158z40z3                     1.000000
z158z24z3                     1.000000
z158z147z3                    1.000000
z158z12z3                     1.000000
z158z99z3                     1.000000
z158z129z3                    1.000000
z158z95z3                     1.000000
s52                           5.007000
z52z149z2                     1.000000
z52z150z2                     1.000000
z52z155z2                     1.000000
z52z71z2                      1.000000
z52z46z2                      1.000000
z52z156z2                     1.000000
s63                           5.268460
s47                           6.170000
z63z187z1                     1.000000
z63z81z3                      1.000000
z63z40z3                      1.000000
z63z24z3                      1.000000
z63z147z3                     1.000000
z63z12z3                      1.000000
z63z99z3                      1.000000
z63z129z3                     1.000000
z63z168z1                     1.000000
z63z95z3                      1.000000
z63z175z1                     1.000000
s126                          5.010080
z126z49z2                     1.000000
z126z149z2                    1.000000
z126z150z2                    1.000000
z126z71z2                     1.000000
z126z46z2                     1.000000
z126z156z2                    1.000000
s76                           5.843720
z76z149z2                     1.000000
z76z81z2                      1.000000
z76z46z2                      1.000000
z76z156z2                     1.000000
s161                          5.971750
z161z68z1                     1.000000
z161z48z1                     1.000000
z161z180z1                    1.000000
z161z168z1                    1.000000
z161z175z1                    1.000000
z83z156z2                     1.000000
z47z175z1                     1.000000
z61z156z2                     1.000000
z61z175z1                     1.000000
z49z48z2                      1.000000
z49z187z2                     1.000000
z49z156z2                     1.000000
z55z168z1                     1.000000
z55z175z1                     1.000000
z153z99z3                     1.000000
z153z129z3                    1.000000
z153z95z3                     1.000000
z153z175z1                    1.000000
z149z46z2                     1.000000
z149z156z2                    1.000000
z68z114z1                     1.000000
z68z173z3                     1.000000
z68z99z3                      1.000000
z68z129z3                     1.000000
z68z95z3                      1.000000
z68z175z1                     1.000000
z181z175z1                    1.000000
z48z156z2                     1.000000
z48z168z1                     1.000000
z48z175z1                     1.000000
z150z46z2                     1.000000
z169z99z3                     1.000000
z169z129z3                    1.000000
z169z95z3                     1.000000
z169z175z1                    1.000000
z155z64z2                     1.000000
z155z140z3                    1.000000
z155z156z2                    1.000000
z155z99z3                     1.000000
z155z129z3                    1.000000
z155z95z3                     1.000000
z148z168z1                    1.000000
z148z175z1                    1.000000
z187z156z2                    1.000000
z187z168z1                    1.000000
z187z175z1                    1.000000
z20z175z1                     1.000000
z81z173z2                     1.000000
z81z154z3                     1.000000
z14z168z1                     1.000000
z14z175z1                     1.000000
z64z189z1                     1.000000
z64z189z2                     1.000000
z180z92z1                     1.000000
z180z154z1                    1.000000
z180z168z1                    1.000000
z180z175z1                    1.000000
z140z95z3                     1.000000
z24z114z3                     1.000000
z24z92z3                      1.000000
z24z129z3                     1.000000
All other variables in the range 1-1914 are 0.
