
Log started (V12.10.0.0) Fri Apr  9 00:35:49 2021


Problem 'asset.lp' read.
Read time = 0.01 sec. (0.26 ticks)
New value for default parallel thread count: 1
New value for time limit in seconds: 150
Version identifier: 12.10.0.0 | 2019-11-26 | 843d4de
CPXPARAM_Threads                                 1
CPXPARAM_TimeLimit                               150
Found incumbent of value 0.000000 after 0.00 sec. (0.07 ticks)
Tried aggregator 3 times.
MIP Presolve eliminated 727 rows and 315 columns.
MIP Presolve modified 2087 coefficients.
Aggregator did 797 substitutions.
Reduced MIP has 853 rows, 1088 columns, and 4675 nonzeros.
Reduced MIP has 970 binaries, 82 generals, 0 SOSs, and 0 indicators.
Presolve time = 0.01 sec. (9.90 ticks)
Probing fixed 38 vars, tightened 10 bounds.
Probing time = 0.01 sec. (3.95 ticks)
Cover probing fixed 0 vars, tightened 9 bounds.
Tried aggregator 1 time.
Detecting symmetries...
MIP Presolve eliminated 66 rows and 65 columns.
MIP Presolve modified 196 coefficients.
Reduced MIP has 787 rows, 1023 columns, and 4205 nonzeros.
Reduced MIP has 915 binaries, 72 generals, 0 SOSs, and 0 indicators.
Presolve time = 0.00 sec. (4.13 ticks)
Probing time = 0.00 sec. (2.47 ticks)
Clique table members: 2828.
MIP emphasis: balance optimality and feasibility.
MIP search method: dynamic search.
Parallel mode: none, using 1 thread.
Root relaxation solution time = 0.02 sec. (30.69 ticks)

        Nodes                                         Cuts/
   Node  Left     Objective  IInf  Best Integer    Best Bound    ItCnt     Gap

*     0+    0                            0.0000      279.0000              --- 
      0     0      265.0150   213        0.0000      265.0150      794     --- 
      0     0      257.5732   213        0.0000     Cuts: 296     1331     --- 
      0     0      251.2381   213        0.0000     Cuts: 296     1831     --- 
      0     0      249.0000   213        0.0000     Cuts: 296     2245     --- 
*     0+    0                           15.0000      249.0000              --- 
      0     0        cutoff             15.0000      249.0000     2245     --- 
      0     0      247.5000   213       15.0000     Cuts: 216     2637     --- 
      0     0      247.5000   213       15.0000     Cuts: 285     3122     --- 
Detecting symmetries...
      0     0      246.0000   213       15.0000      Cuts: 97     3345     --- 
      0     0      246.0000   213       15.0000     Cuts: 296     3702     --- 
*     0+    0                           18.0000      246.0000              --- 
      0     0        cutoff             18.0000      246.0000     3702     --- 
Detecting symmetries...
      0     2      246.0000   155       18.0000      246.0000     3702     --- 
Elapsed time = 0.46 sec. (533.49 ticks, tree = 0.01 MB, solutions = 2)
     63    51      218.0835    75       18.0000      246.0000     8066     --- 
*   206   173      integral     0      144.0000      246.0000    11764   70.83%
    207   174      246.0000   163      144.0000      246.0000    12003   70.83%
    320   287      213.0000    69      144.0000      246.0000    15988   70.83%
    460   427      219.0000    88      144.0000      246.0000    19864   70.83%
*   510+  467                          156.0000      246.0000            57.69%
*   511+  468                          159.0000      246.0000            54.72%
*   511+  467                          162.0000      246.0000            51.85%
*   511+  465                          165.0000      246.0000            49.09%
    511   467      244.5129   154      165.0000      246.0000    21536   49.09%
    587   543      202.4916   110      165.0000      246.0000    25729   49.09%

Performing restart 1

Repeating presolve.
Tried aggregator 1 time.
MIP Presolve modified 897 coefficients.
Reduced MIP has 787 rows, 1023 columns, and 3606 nonzeros.
Reduced MIP has 915 binaries, 72 generals, 0 SOSs, and 0 indicators.
Presolve time = 0.00 sec. (3.34 ticks)
Tried aggregator 1 time.
Reduced MIP has 787 rows, 1023 columns, and 3606 nonzeros.
Reduced MIP has 915 binaries, 72 generals, 0 SOSs, and 0 indicators.
Presolve time = 0.00 sec. (2.78 ticks)
Represolve time = 0.02 sec. (17.08 ticks)
    621     0      243.3139   239      165.0000     Cuts: 296    29803   47.46%
    621     0      241.4029   239      165.0000     Cuts: 273    30940   46.30%
    621     0      238.9385   239      165.0000     Cuts: 290    32390   44.81%
    621     0      237.8688   239      165.0000     Cuts: 219    33128   44.16%
    621     0      236.9765   239      165.0000     Cuts: 199    33448   43.62%
    621     0      236.4408   239      165.0000     Cuts: 198    33954   43.30%
    621     0      235.8972   239      165.0000     Cuts: 212    34293   42.97%
    621     0      235.4466   239      165.0000     Cuts: 130    34525   42.69%
    621     0      235.1212   239      165.0000     Cuts: 111    34870   42.50%
    621     0      234.9280   239      165.0000     Cuts: 162    35068   42.38%
    621     0      234.8218   239      165.0000      Cuts: 91    35221   42.32%
    621     0      234.7105   239      165.0000      Cuts: 80    35423   42.25%
    621     0      234.6061   239      165.0000      Cuts: 85    35527   42.19%
    621     0      234.4015   239      165.0000      Cuts: 61    35660   42.06%
    621     0      234.3158   239      165.0000      Cuts: 93    35752   42.01%
    621     0      233.9858   239      165.0000      Cuts: 65    35897   41.81%
    621     0      233.6822   239      165.0000     Cuts: 106    36091   41.63%
    621     0      233.5239   239      165.0000      Cuts: 82    36260   41.53%
    621     0      233.4276   239      165.0000     Cuts: 110    36425   41.47%
    621     0      233.3604   239      165.0000      Cuts: 94    36546   41.43%
    621     0      233.2872   239      165.0000      Cuts: 82    36647   41.39%
    621     0      233.1949   239      165.0000      Cuts: 59    36729   41.33%
    621     0      233.0668   239      165.0000      Cuts: 41    36878   41.25%
    621     0      233.0112   239      165.0000      Cuts: 93    36961   41.22%
    621     0      232.9432   239      165.0000      Cuts: 45    37057   41.18%
    621     0      232.9325   239      165.0000      Cuts: 52    37130   41.17%
    621     0      232.9062   239      165.0000      Cuts: 53    37225   41.16%
    621     0      232.8838   239      165.0000      Cuts: 91    37358   41.14%
    621     0      232.8814   239      165.0000      Cuts: 45    37423   41.14%
*   621+    0                          168.0000      232.8814            38.62%
*   621+    0                          183.0000      232.8814            27.26%
    621     0        cutoff            183.0000      232.8814    37423   27.26%
    621     2      232.8814   259      183.0000      232.8344    37423   27.23%
    624     5      230.3813   232      183.0000      231.2155    38225   26.35%
    627     8      229.8420   213      183.0000      231.2155    40123   26.35%
    645    24      223.9455   148      183.0000      231.2155    46206   26.35%
Elapsed time = 8.89 sec. (10622.98 ticks, tree = 0.06 MB, solutions = 9)
*   721+   86                          186.0000      231.2155            24.31%
*   721+   86                          189.0000      231.2155            22.34%
*   721+   86                          195.0000      231.2155            18.57%
    721    88      207.0808    90      195.0000      231.2155    50196   18.57%
    821   182      209.8526   114      195.0000      230.0972    61551   18.00%
    997   336      224.3674   171      195.0000      228.7153    74210   17.29%
   1068   402      208.4748   156      195.0000      227.9501    86762   16.90%
   1184   502      223.3819   163      195.0000      227.2948    98756   16.56%
   1309   617      207.5703   141      195.0000      227.1260   111377   16.47%
   1461   738      223.8923   198      195.0000      226.8949   123347   16.36%
   1556   820      224.2234   205      195.0000      226.8536   134853   16.34%
   1744   975      222.0896   181      195.0000      226.4895   148535   16.15%
   1887  1099      222.9472   193      195.0000      226.4403   163686   16.12%
Elapsed time = 17.26 sec. (21680.44 ticks, tree = 1.02 MB, solutions = 12)
   1984  1186      223.2809   229      195.0000      226.3848   177608   16.09%
   2092  1282      221.2784   176      195.0000      226.3631   191158   16.08%
   2181  1362      220.7845   209      195.0000      226.3145   201134   16.06%
   2262  1427      222.1002   187      195.0000      226.2178   215646   16.01%
   2388  1539      222.7500   134      195.0000      226.0334   228526   15.91%
   2495  1627      205.3895   127      195.0000      226.0256   241211   15.91%
*  2521+ 1547                          198.0000      226.0201            14.15%
   2521  1549      222.4773   184      198.0000      226.0201   242616   14.15%
   2626  1628      216.8623   145      198.0000      225.9265   257785   14.10%
   2731  1714      209.2737   116      198.0000      225.8672   271232   14.07%
   2824  1796      222.6600   179      198.0000      225.7945   283568   14.04%
Elapsed time = 25.01 sec. (31688.96 ticks, tree = 1.52 MB, solutions = 13)
   2954  1913      206.3491    94      198.0000      225.6684   297534   13.97%
   3017  1965      220.5000   117      198.0000      225.5556   310244   13.92%
   3115  2052      210.7749   143      198.0000      225.4151   323380   13.85%
   3221  2140      221.8595   202      198.0000      225.2046   334415   13.74%
   3306  2213      220.5088   204      198.0000      225.1791   347438   13.73%
   3428  2325      211.4055   156      198.0000      225.1266   359185   13.70%
   3542  2421      219.0894   199      198.0000      225.0297   374506   13.65%
   3678  2535      208.6042   110      198.0000      224.9602   389249   13.62%
   3797  2638      213.0188   173      198.0000      224.8931   404731   13.58%
   3907  2727      213.9080   181      198.0000      224.8088   418197   13.54%
Elapsed time = 33.87 sec. (43233.51 ticks, tree = 2.63 MB, solutions = 13)
   4011  2809      208.4948   129      198.0000      224.7050   432000   13.49%
   4104  2888      206.2414    88      198.0000      224.6415   444551   13.46%
   4223  2974      219.6819   177      198.0000      224.3830   458192   13.32%
   4297  3036      219.0817   192      198.0000      224.3765   471483   13.32%
   4399  3120      211.7176   162      198.0000      224.3649   485586   13.32%
   4516  3216      217.4526   177      198.0000      224.2886   499798   13.28%
   4606  3277      217.9033   138      198.0000      224.1964   513633   13.23%
   4705  3357      205.6538    76      198.0000      224.1644   529596   13.21%
   4821  3457      219.0423   176      198.0000      224.1500   542933   13.21%
   4985  3593        cutoff            198.0000      224.1191   559923   13.19%
Elapsed time = 42.46 sec. (54417.37 ticks, tree = 3.50 MB, solutions = 13)
   5094  3693      208.7004   137      198.0000      224.0943   574644   13.18%
   5208  3772      218.8907   187      198.0000      224.0355   590718   13.15%
   5324  3871      213.3993   172      198.0000      223.9515   605404   13.11%
   5457  3991      211.8804   146      198.0000      223.9161   621059   13.09%
   5565  4077      216.0905   119      198.0000      223.8870   635883   13.07%
   5638  4134      220.5812   212      198.0000      223.8284   649069   13.04%
   5743  4228      210.2279   131      198.0000      223.8199   662534   13.04%
   5835  4302      210.1256   136      198.0000      223.7889   675297   13.02%
   5946  4388      214.0932   141      198.0000      223.7505   687904   13.01%
   6027  4452      219.6919   190      198.0000      223.7273   700470   12.99%
Elapsed time = 49.88 sec. (64073.56 ticks, tree = 4.37 MB, solutions = 13)
   6146  4548      215.0322   167      198.0000      223.6955   714690   12.98%
   6236  4628      221.9155   211      198.0000      223.6832   728237   12.97%
   6354  4727      212.6369   107      198.0000      223.6420   742505   12.95%
   6474  4828      206.2087    73      198.0000      223.6224   757418   12.94%
   6572  4908      210.3750   133      198.0000      223.5831   772945   12.92%
   6674  4993      210.0000   100      198.0000      223.5787   788613   12.92%
   6764  5062      211.9993   134      198.0000      223.5594   802987   12.91%
   6821  5107      219.3150   142      198.0000      223.5120   813651   12.88%
   6912  5184      209.6853   140      198.0000      223.5074   829126   12.88%
   7011  5263      218.3403   190      198.0000      223.4606   842995   12.86%
Elapsed time = 58.12 sec. (74578.54 ticks, tree = 5.37 MB, solutions = 13)
   7114  5357      216.7777   229      198.0000      223.4551   859306   12.86%
   7222  5437      212.3068   137      198.0000      223.3982   875928   12.83%
   7335  5532      215.5341   202      198.0000      223.3638   893469   12.81%
   7430  5605      213.7163   181      198.0000      223.3291   907494   12.79%
   7513  5676      203.7075   100      198.0000      223.3013   921419   12.78%
   7598  5746      204.0000    84      198.0000      223.2809   935080   12.77%
   7681  5815      210.5573   162      198.0000      223.2348   947639   12.74%
   7770  5891      201.0000    51      198.0000      223.1974   959993   12.73%
   7832  5941      211.0421   150      198.0000      223.1407   972306   12.70%
   7924  6018      201.9216   133      198.0000      223.1250   987299   12.69%
Elapsed time = 65.66 sec. (84311.84 ticks, tree = 6.17 MB, solutions = 13)
   8021  6101      205.0151   143      198.0000      223.0852  1001165   12.67%
   8095  6161      217.0668   166      198.0000      223.0761  1015180   12.66%
   8206  6254      211.1103   142      198.0000      223.0499  1029448   12.65%
   8300  6332      208.5000    87      198.0000      223.0359  1045715   12.64%
   8399  6418      202.5000    98      198.0000      223.0200  1061828   12.64%
   8506  6513      202.6979   125      198.0000      223.0147  1076956   12.63%
   8632  6611      219.5734   224      198.0000      223.0000  1093065   12.63%
   8697  6666      204.2104   183      198.0000      222.9922  1108647   12.62%
   8794  6742      205.4718   161      198.0000      222.9429  1125734   12.60%
   8887  6813      211.2261   170      198.0000      222.9350  1141449   12.59%
Elapsed time = 74.56 sec. (95951.33 ticks, tree = 6.74 MB, solutions = 13)
   8995  6911      215.1103   164      198.0000      222.9221  1157509   12.59%
   9144  7034      206.3013   128      198.0000      222.9043  1173212   12.58%
   9227  7109      204.7429   120      198.0000      222.8912  1187593   12.57%
   9337  7196      214.3970   148      198.0000      222.8454  1203473   12.55%
   9477  7313      220.0892   180      198.0000      222.7967  1218247   12.52%
   9562  7374      214.5450   160      198.0000      222.7696  1231598   12.51%
   9641  7434      215.4912   159      198.0000      222.7434  1245663   12.50%
   9721  7505      210.6385   127      198.0000      222.7419  1259453   12.50%
   9838  7599      202.3446    97      198.0000      222.7012  1273836   12.48%
  10268  7965      218.4599   167      198.0000      222.5926  1331827   12.42%
Elapsed time = 85.53 sec. (109387.53 ticks, tree = 7.58 MB, solutions = 13)
  10744  8333      214.7101   222      198.0000      222.4627  1385258   12.35%
  10803  8386      220.1516   200      198.0000      222.4510  1390424   12.35%
  11161  8678      203.0176    50      198.0000      222.3750  1421341   12.31%
  11592  9011      213.9112   172      198.0000      222.2601  1464486   12.25%
  12054  9390      206.3082   132      198.0000      222.1429  1507359   12.19%
  12328  9603      214.3560   174      198.0000      222.0981  1535027   12.17%
  12876 10058      220.6437   191      198.0000      221.9688  1579665   12.11%
  13255 10353      209.9351   117      198.0000      221.8456  1620269   12.04%
  13684 10678      214.5716   181      198.0000      221.7160  1661459   11.98%
  13999 10927      205.9286   124      198.0000      221.6327  1690260   11.94%
Elapsed time = 121.89 sec. (152394.19 ticks, tree = 28.58 MB, solutions = 13)
  14418 11274      206.7867   106      198.0000      221.5684  1731238   11.90%
  14898 11653      216.7323   197      198.0000      221.4926  1774623   11.86%
  15407 12054      210.1170   152      198.0000      221.4222  1819034   11.83%
  15860 12417      211.3167   156      198.0000      221.3428  1857552   11.79%
Starting limited solution polishing.
  16221 12701      204.7165   140      198.0000      221.2985  1891057   11.77%
  16721 13098      206.2891    95      198.0000      221.2105  1934686   11.72%
  17141 13436      216.1141   175      198.0000      221.1399  1977140   11.69%
  17489 13723      217.3542   156      198.0000      221.1019  2007007   11.67%
  17765 13950        cutoff            198.0000      221.0756  2031622   11.65%
Advanced basis not built.

GUB cover cuts applied:  197
Clique cuts applied:  124
Cover cuts applied:  31
Implied bound cuts applied:  71
Flow cuts applied:  16
Mixed integer rounding cuts applied:  182
Zero-half cuts applied:  69
Lift and project cuts applied:  21
Gomory fractional cuts applied:  5

Root node processing (before b&c):
  Real time             =    0.45 sec. (531.04 ticks)
Sequential b&c:
  Real time             =  149.55 sec. (187852.86 ticks)
                          ------------
Total (root+branch&cut) =  150.00 sec. (188383.90 ticks)

Solution pool: 14 solutions saved.

MIP - Time limit exceeded, integer feasible:  Objective =  1.9800000000e+02
Current MIP best bound =  2.2105927414e+02 (gap = 23.0593, 11.65%)
Solution time =  150.00 sec.  Iterations = 2046651  Nodes = 17921 (14078)
Deterministic time = 188383.90 ticks  (1255.88 ticks/sec)


Incumbent solution
Variable Name           Solution Value
F                           198.000000
y5                            1.000000
y8                            1.000000
y22                           1.000000
y28                           1.000000
y36                           1.000000
y59                           1.000000
y64                           1.000000
y70                           1.000000
y79                           1.000000
y86                           1.000000
y88                           1.000000
y89                           1.000000
y90                           1.000000
y114                          1.000000
y133                          1.000000
y134                          1.000000
y148                          1.000000
y149                          1.000000
y150                          1.000000
y156                          1.000000
y159                          1.000000
y168                          1.000000
x71x36x1                      1.000000
x71x156x1                     1.000000
x135x70x1                     1.000000
x136x79x1                     1.000000
x136x90x1                     1.000000
x181x159x1                    1.000000
x53x59x2                      2.000000
x83x64x2                      1.000000
x116x156x2                    1.000000
x135x148x2                    1.000000
x162x148x2                    1.000000
x166x159x2                    1.000000
x58x64x3                      1.000000
x58x70x3                      1.000000
x83x8x3                       1.000000
x100x8x3                      1.000000
x100x90x3                     1.000000
x116x22x3                     1.000000
x162x5x3                      1.000000
x70x5x1                       1.000000
x5x149x1                      1.000000
x5x133x3                      1.000000
x8x28x3                       1.000000
x8x149x3                      1.000000
x159x22x2                     1.000000
x22x0x2                       1.000000
x22x88x3                      1.000000
x156x28x1                     1.000000
x28x0x1                       1.000000
x28x0x3                       1.000000
x36x88x1                      1.000000
x59x36x2                      1.000000
x36x86x2                      1.000000
x59x134x2                     1.000000
x64x168x2                     1.000000
x64x168x3                     1.000000
x70x134x3                     1.000000
x159x79x1                     1.000000
x79x86x1                      1.000000
x79x114x1                     1.000000
x86x0x1                       1.000000
x86x0x2                       1.000000
x88x0x1                       1.000000
x88x0x3                       1.000000
x148x89x2                     2.000000
x89x0x2                       2.000000
x90x150x1                     1.000000
x90x133x3                     1.000000
x114x0x1                      1.000000
x156x114x2                    1.000000
x114x0x2                      1.000000
x133x0x3                      2.000000
x134x0x2                      1.000000
x134x150x3                    1.000000
x149x0x1                      1.000000
x149x0x3                      1.000000
x150x0x1                      1.000000
x150x0x3                      1.000000
x168x0x2                      1.000000
x168x0x3                      1.000000
s53                           5.267665
s16                           6.000000
s17                           6.740000
s22                           7.860000
s36                           7.769920
s59                           6.429985
z53z59z2                      1.000000
s60                           6.989814
z53z60z2                      1.000000
s64                           6.954193
s74                           8.590000
s77                           6.680000
s84                           6.170000
s86                           9.090000
s89                           8.110000
z53z89z2                      1.000000
s103                          7.030000
s114                          8.920000
s126                          7.480000
z53z126z2                     1.000000
s134                          7.895880
s148                          6.933869
s156                          7.275359
s159                          6.099258
s168                          8.480000
s171                          7.370000
s187                          6.670000
s58                           5.500000
s3                            9.220000
z58z3z3                       1.000000
s5                            8.105203
s8                            7.790000
z58z8z3                       1.000000
s28                           8.884281
s37                           6.390000
s39                           7.620000
z58z39z3                      1.000000
s47                           8.210000
z58z64z3                      1.000000
s70                           6.713793
z58z70z3                      1.000000
s76                           8.930000
s88                           9.130000
s90                           6.916900
s133                          9.470000
z58z133z3                     1.000000
s143                          9.380000
s149                          9.440000
s150                          9.200000
s71                           5.790000
s10                           7.510000
z71z36z1                      1.000000
s66                           7.027484
s79                           7.552640
s131                          6.420000
z71z156z1                     1.000000
s169                          8.490000
z71z169z1                     1.000000
s189                          8.980000
z71z189z1                     1.000000
s83                           5.540000
z83z3z3                       1.000000
z83z8z3                       1.000000
z83z39z3                      1.000000
z83z64z2                      1.000000
z83z133z3                     1.000000
s100                          5.574244
z100z3z3                      1.000000
z100z8z3                      1.000000
z100z39z3                     1.000000
z100z90z3                     1.000000
z100z133z3                    1.000000
s116                          5.970000
z116z3z3                      1.000000
z116z8z3                      1.000000
z116z22z3                     1.000000
z116z39z3                     1.000000
z116z133z3                    1.000000
z116z156z2                    1.000000
s135                          5.195895
z135z10z1                     1.000000
z135z70z1                     1.000000
z135z79z1                     1.000000
z135z89z2                     1.000000
z135z126z2                    1.000000
z135z148z2                    1.000000
s153                          6.000000
z135z169z1                    1.000000
z135z189z1                    1.000000
s136                          5.544391
z136z10z1                     1.000000
z136z66z1                     1.000000
z136z79z1                     1.000000
z136z90z1                     1.000000
z136z169z1                    1.000000
z136z189z1                    1.000000
s154                          6.000000
s162                          5.464679
z162z3z3                      1.000000
z162z5z3                      1.000000
z162z8z3                      1.000000
z162z39z3                     1.000000
z162z89z2                     1.000000
z162z133z3                    1.000000
z162z148z2                    1.000000
s166                          2.394550
s19                           6.000000
z166z59z2                     1.000000
z166z60z2                     1.000000
z166z77z2                     1.000000
z166z84z2                     1.000000
z166z89z2                     1.000000
z166z126z2                    1.000000
z166z148z2                    1.000000
z166z159z2                    1.000000
s181                          4.242013
z181z10z1                     1.000000
z181z66z1                     1.000000
z181z79z1                     1.000000
z181z131z1                    1.000000
z181z153z1                    1.000000
z181z159z1                    1.000000
z181z169z1                    1.000000
z181z189z1                    1.000000
z5z133z3                      1.000000
z5z149z1                      1.000000
z8z28z3                       1.000000
z8z133z3                      1.000000
z8z149z3                      1.000000
z22z3z3                       1.000000
z22z88z3                      1.000000
z22z133z3                     1.000000
z36z86z2                      1.000000
z36z88z1                      1.000000
z37z3z3                       1.000000
z37z133z3                     1.000000
z59z36z2                      1.000000
z59z89z2                      1.000000
z59z134z2                     1.000000
z60z89z2                      1.000000
z64z3z3                       1.000000
z64z133z3                     1.000000
z64z168z2                     1.000000
z64z168z3                     1.000000
z70z3z3                       1.000000
z70z5z1                       1.000000
z70z133z3                     1.000000
z70z134z3                     1.000000
z79z86z1                      1.000000
z79z114z1                     1.000000
z90z3z3                       1.000000
z90z133z3                     1.000000
z90z150z1                     1.000000
z134z133z3                    1.000000
z134z150z3                    1.000000
z148z89z2                     1.000000
z156z28z1                     1.000000
z156z114z2                    1.000000
z159z22z2                     1.000000
z159z79z1                     1.000000
All other variables in the range 1-2202 are 0.
