
Log started (V12.10.0.0) Fri Apr  9 00:25:10 2021

Warning, line 1694: Name 's135' does not exist.

Problem 'asset.lp' read.
Read time = 0.00 sec. (0.13 ticks)
New value for default parallel thread count: 1
New value for time limit in seconds: 200
Version identifier: 12.10.0.0 | 2019-11-26 | 843d4de
CPXPARAM_Threads                                 1
CPXPARAM_TimeLimit                               200
Found incumbent of value -0.842097 after 0.00 sec. (0.06 ticks)
Tried aggregator 4 times.
MIP Presolve eliminated 813 rows and 332 columns.
MIP Presolve modified 878 coefficients.
Aggregator did 268 substitutions.
Reduced MIP has 333 rows, 351 columns, and 1394 nonzeros.
Reduced MIP has 310 binaries, 18 generals, 0 SOSs, and 0 indicators.
Presolve time = 0.00 sec. (4.18 ticks)
Probing fixed 78 vars, tightened 7 bounds.
Probing time = 0.00 sec. (0.62 ticks)
Cover probing fixed 0 vars, tightened 23 bounds.
Tried aggregator 2 times.
MIP Presolve eliminated 136 rows and 126 columns.
MIP Presolve modified 13 coefficients.
Aggregator did 2 substitutions.
Reduced MIP has 195 rows, 221 columns, and 683 nonzeros.
Reduced MIP has 192 binaries, 8 generals, 0 SOSs, and 0 indicators.
Presolve time = 0.00 sec. (1.31 ticks)
Probing time = 0.00 sec. (0.28 ticks)
Tried aggregator 1 time.
Detecting symmetries...
MIP Presolve modified 4 coefficients.
Reduced MIP has 195 rows, 221 columns, and 683 nonzeros.
Reduced MIP has 192 binaries, 8 generals, 0 SOSs, and 0 indicators.
Presolve time = 0.00 sec. (0.49 ticks)
Probing time = 0.00 sec. (0.28 ticks)
Clique table members: 177.
MIP emphasis: balance optimality and feasibility.
MIP search method: dynamic search.
Parallel mode: none, using 1 thread.
Root relaxation solution time = 0.00 sec. (1.15 ticks)

        Nodes                                         Cuts/
   Node  Left     Objective  IInf  Best Integer    Best Bound    ItCnt     Gap

*     0+    0                           -0.8421      499.0433              --- 
      0     0      309.1654    59       -0.8421      309.1654      159     --- 
*     0+    0                          269.6109      309.1654            14.67%
      0     0      308.5339    59      269.6109      Cuts: 77      210   14.44%
*     0+    0                          286.1812      308.5339             7.81%
      0     0      306.9044    59      286.1812      Cuts: 18      234    7.24%
*     0+    0                          294.2711      306.9044             4.29%
      0     0      306.5300    59      294.2711      Cuts: 12      245    4.17%
      0     0      304.2863    59      294.2711      Cuts: 12      254    3.40%
*     0+    0                          304.2850      304.2863             0.00%

Clique cuts applied:  8
Cover cuts applied:  5
Implied bound cuts applied:  13
Flow cuts applied:  1
Mixed integer rounding cuts applied:  2
Zero-half cuts applied:  4
Multi commodity flow cuts applied:  1
Gomory fractional cuts applied:  10

Root node processing (before b&c):
  Real time             =    0.03 sec. (19.43 ticks)
Sequential b&c:
  Real time             =    0.00 sec. (0.00 ticks)
                          ------------
Total (root+branch&cut) =    0.03 sec. (19.43 ticks)

Solution pool: 5 solutions saved.

MIP - Integer optimal, tolerance (0.0001/1e-06):  Objective =  3.0428502087e+02
Current MIP best bound =  3.0428631630e+02 (gap = 0.00129543, 0.00%)
Solution time =    0.03 sec.  Iterations = 254  Nodes = 0 (1)
Deterministic time = 19.43 ticks  (759.60 ticks/sec)


Incumbent solution
Variable Name           Solution Value
F                           330.000000
f1                            0.874979
f2                           24.840000
y174                          1.000000
y115                          1.000000
y79                           1.000000
y17                           1.000000
y46                           1.000000
y158                          1.000000
y138                          1.000000
y70                           1.000000
y92                           1.000000
y99                           1.000000
y150                          1.000000
s144                          3.940000
s165                          4.030000
s132                          4.060000
s174                          4.930386
s2                            4.130000
s7                            4.130000
s98                           4.200000
s142                          4.220000
s41                           4.240000
s89                           4.240000
s169                          4.240000
s115                          4.854027
s153                          4.300000
s43                           4.330000
s97                           4.400000
s152                          4.410000
s79                           5.304290
s17                           5.302381
s53                           4.440000
s68                           4.490000
s46                           5.303183
s160                          4.880000
s158                          5.866474
s175                          5.190000
s101                          5.200000
s138                          5.892295
s47                           5.240000
s70                           5.418151
s92                           5.481752
s106                          5.330000
s99                           5.748297
s150                          5.484956
s63                           5.500000
s118                          5.620000
x162x115x1                    1.000000
x69x174x1                     1.000000
x42x115x1                     1.000000
x185x17x1                     2.000000
x100x158x1                    1.000000
x94x158x1                     1.000000
x139x138x1                    1.000000
x45x92x2                      1.000000
x100x70x2                     1.000000
x80x150x2                     1.000000
x173x70x2                     1.000000
x78x46x2                      2.000000
x69x174x3                     1.000000
x45x79x3                      1.000000
x94x99x3                      1.000000
x80x150x3                     1.000000
x137x92x3                     1.000000
x137x99x3                     1.000000
x173x79x3                     1.000000
x139x138x3                    1.000000
x174x0x1                      1.000000
x174x0x3                      1.000000
x115x0x1                      2.000000
x79x0x3                       2.000000
x17x0x1                       2.000000
x46x0x2                       2.000000
x158x0x1                      2.000000
x138x0x1                      1.000000
x138x0x3                      1.000000
x70x0x2                       2.000000
x92x0x2                       1.000000
x92x0x3                       1.000000
x99x0x3                       2.000000
x150x0x2                      1.000000
x150x0x3                      1.000000
s162                          3.507371
z162z115z1                    1.000000
s69                           3.546745
z69z174z1                     1.000000
z69z174z3                     1.000000
z69z99z3                      1.000000
s42                           3.522775
z42z115z1                     1.000000
s45                           3.954261
z45z79z3                      1.000000
z45z92z2                      1.000000
s185                          4.024037
z185z17z1                     1.000000
s100                          4.047141
z100z158z1                    1.000000
z100z70z2                     1.000000
s94                           4.220562
z94z158z1                     1.000000
z94z99z3                      1.000000
s80                           4.170245
z80z150z2                     1.000000
z80z150z3                     1.000000
s137                          4.213169
z137z92z3                     1.000000
z137z99z3                     1.000000
s173                          3.878657
z173z79z3                     1.000000
z173z70z2                     1.000000
z173z99z3                     1.000000
z173z63z2                     1.000000
s139                          4.702280
z139z138z1                    1.000000
z139z138z3                    1.000000
s78                           4.127647
z78z46z2                      1.000000
All other variables in the range 1-957 are 0.
