
Log started (V12.10.0.0) Fri Apr  2 11:16:02 2021

Warning, line 2085: Name 's250' does not exist.
Warning, line 2086: Name 's63' does not exist.
Warning, line 2087: Name 's167' does not exist.
Warning, line 2088: Name 's186' does not exist.
Warning, line 2089: Name 's113' does not exist.
Warning, line 2090: Name 's154' does not exist.
Warning, line 2095: Name 's189' does not exist.

Problem 'asset.lp' read.
Read time = 0.00 sec. (0.15 ticks)
New value for default parallel thread count: 1
New value for time limit in seconds: 400
Version identifier: 12.10.0.0 | 2019-11-26 | 843d4de
CPXPARAM_Threads                                 1
CPXPARAM_TimeLimit                               400
Found incumbent of value -0.790907 after 0.00 sec. (0.07 ticks)
Tried aggregator 3 times.
MIP Presolve eliminated 1279 rows and 738 columns.
MIP Presolve modified 993 coefficients.
Aggregator did 145 substitutions.
Reduced MIP has 252 rows, 257 columns, and 952 nonzeros.
Reduced MIP has 203 binaries, 31 generals, 0 SOSs, and 0 indicators.
Presolve time = 0.00 sec. (3.23 ticks)
Probing fixed 74 vars, tightened 9 bounds.
Probing time = 0.00 sec. (0.32 ticks)
Cover probing fixed 0 vars, tightened 24 bounds.
Tried aggregator 2 times.
MIP Presolve eliminated 129 rows and 114 columns.
MIP Presolve modified 7 coefficients.
Aggregator did 4 substitutions.
Reduced MIP has 119 rows, 132 columns, and 352 nonzeros.
Reduced MIP has 94 binaries, 16 generals, 0 SOSs, and 0 indicators.
Presolve time = 0.00 sec. (0.75 ticks)
Probing fixed 0 vars, tightened 1 bounds.
Probing time = 0.00 sec. (0.11 ticks)
Tried aggregator 1 time.
Detecting symmetries...
Reduced MIP has 119 rows, 132 columns, and 352 nonzeros.
Reduced MIP has 94 binaries, 16 generals, 0 SOSs, and 0 indicators.
Presolve time = 0.00 sec. (0.25 ticks)
Probing time = 0.00 sec. (0.11 ticks)
Clique table members: 73.
MIP emphasis: balance optimality and feasibility.
MIP search method: dynamic search.
Parallel mode: none, using 1 thread.
Root relaxation solution time = 0.00 sec. (0.44 ticks)

        Nodes                                         Cuts/
   Node  Left     Objective  IInf  Best Integer    Best Bound    ItCnt     Gap

*     0+    0                           -0.7909      507.3891              --- 
      0     0      188.6135    21       -0.7909      188.6135       61     --- 
*     0+    0                          174.1784      188.6135             8.29%
      0     0      188.2193    21      174.1784      Cuts: 24       76    8.06%
*     0+    0                          182.2383      188.2193             3.28%
      0     0      187.6906    21      182.2383       Cuts: 7       91    2.99%
Detecting symmetries...

Repeating presolve.
Tried aggregator 3 times.
MIP Presolve eliminated 56 rows and 64 columns.
MIP Presolve modified 21 coefficients.
Aggregator did 14 substitutions.
Reduced MIP has 49 rows, 54 columns, and 151 nonzeros.
Reduced MIP has 39 binaries, 5 generals, 0 SOSs, and 0 indicators.
Presolve time = 0.00 sec. (0.47 ticks)
Probing time = 0.00 sec. (0.05 ticks)
Tried aggregator 1 time.
Detecting symmetries...
Reduced MIP has 49 rows, 54 columns, and 151 nonzeros.
Reduced MIP has 39 binaries, 5 generals, 0 SOSs, and 0 indicators.
Presolve time = 0.00 sec. (0.10 ticks)
Represolve time = 0.00 sec. (0.95 ticks)
Probing time = 0.00 sec. (0.05 ticks)
Clique table members: 88.
MIP emphasis: balance optimality and feasibility.
MIP search method: dynamic search.
Parallel mode: none, using 1 thread.
Root relaxation solution time = 0.00 sec. (0.26 ticks)

        Nodes                                         Cuts/
   Node  Left     Objective  IInf  Best Integer    Best Bound    ItCnt     Gap

*     0+    0                          182.2383      187.6906             2.99%
      0     0      187.6903    24      182.2383      187.6903      130    2.99%
      0     0      182.2385    24      182.2383      Cuts: 21      141    0.00%

Cover cuts applied:  1
Implied bound cuts applied:  3
Mixed integer rounding cuts applied:  2
Zero-half cuts applied:  8
Lift and project cuts applied:  1
Gomory fractional cuts applied:  5

Root node processing (before b&c):
  Real time             =    0.02 sec. (12.62 ticks)
Sequential b&c:
  Real time             =    0.00 sec. (0.00 ticks)
                          ------------
Total (root+branch&cut) =    0.02 sec. (12.62 ticks)

Solution pool: 3 solutions saved.

MIP - Integer optimal, tolerance (0.0001/1e-06):  Objective =  1.8223830409e+02
Current MIP best bound =  1.8223846074e+02 (gap = 0.000156657, 0.00%)
Solution time =    0.02 sec.  Iterations = 141  Nodes = 0 (1)
Deterministic time = 12.62 ticks  (640.71 ticks/sec)


Incumbent solution
Variable Name           Solution Value
F                           190.000000
f1                            0.811696
f2                            6.950000
y128                          1.000000
y251                          1.000000
y292                          1.000000
y323                          1.000000
y98                           1.000000
y12                           1.000000
s130                          3.290000
s244                          3.300000
s123                          3.340000
s65                           3.380000
s274                          3.410000
s36                           3.420000
s93                           3.450000
s8                            3.460000
s118                          3.460000
s42                           3.520000
s325                          3.550000
s85                           3.570000
s334                          3.600000
s128                          4.579606
s178                          3.620000
s108                          3.640000
s79                           3.650000
s49                           3.660000
s80                           3.670000
s9                            3.680000
s149                          3.700000
s195                          3.740000
s10                           3.770000
s172                          3.780000
s97                           3.790000
s68                           3.800000
s179                          3.810000
s33                           3.830000
s251                          4.742333
s292                          4.835897
s324                          3.840000
s225                          3.850000
s99                           3.860000
s104                          3.860000
s199                          3.860000
s231                          3.870000
s229                          3.880000
s277                          3.880000
s48                           3.890000
s208                          3.890000
s112                          3.900000
s294                          3.900000
s323                          4.799866
s275                          3.930000
s44                           3.940000
s62                           3.940000
s137                          3.940000
s98                           4.832976
s262                          3.950000
s81                           3.970000
s12                           4.863790
s143                          3.980000
s159                          3.980000
s91                           4.000000
s280                          4.010000
s4                            4.040000
x337x128x1                    1.000000
x230x323x1                    1.000000
x230x98x1                     1.000000
x337x98x2                     1.000000
x293x292x2                    2.000000
x181x251x2                    2.000000
x284x128x2                    1.000000
x188x323x3                    1.000000
x282x12x3                     2.000000
x128x0x1                      1.000000
x128x0x2                      1.000000
x251x0x2                      2.000000
x292x0x2                      2.000000
x323x0x1                      1.000000
x323x0x3                      1.000000
x98x0x1                       1.000000
x98x0x2                       1.000000
x12x0x3                       2.000000
s337                          3.402307
z337z128z1                    1.000000
z337z98z2                     1.000000
s293                          3.544344
z293z292z2                    1.000000
s230                          3.491455
z230z323z1                    1.000000
z230z98z1                     1.000000
s188                          3.487775
z188z323z3                    1.000000
z188z12z3                     1.000000
s181                          3.596259
z181z251z2                    1.000000
s282                          3.617843
z282z12z3                     1.000000
s284                          2.356880
z284z128z2                    1.000000
All other variables in the range 1-1145 are 0.
