
Log started (V12.10.0.0) Sun Apr  4 08:12:39 2021


Problem 'asset.lp' read.
Read time = 0.01 sec. (0.56 ticks)
New value for default parallel thread count: 1
New value for time limit in seconds: 300
Version identifier: 12.10.0.0 | 2019-11-26 | 843d4de
CPXPARAM_Threads                                 1
CPXPARAM_TimeLimit                               300
Found incumbent of value -0.754140 after 0.00 sec. (0.23 ticks)
Tried aggregator 6 times.
MIP Presolve eliminated 3492 rows and 1578 columns.
MIP Presolve modified 3951 coefficients.
Aggregator did 962 substitutions.
Reduced MIP has 1169 rows, 1235 columns, and 5339 nonzeros.
Reduced MIP has 1066 binaries, 121 generals, 0 SOSs, and 0 indicators.
Presolve time = 0.02 sec. (23.22 ticks)
Probing fixed 239 vars, tightened 35 bounds.
Probing time = 0.01 sec. (4.22 ticks)
Cover probing fixed 0 vars, tightened 102 bounds.
Tried aggregator 1 time.
MIP Presolve eliminated 346 rows and 333 columns.
MIP Presolve modified 4 coefficients.
Reduced MIP has 823 rows, 889 columns, and 3273 nonzeros.
Reduced MIP has 769 binaries, 72 generals, 0 SOSs, and 0 indicators.
Presolve time = 0.00 sec. (3.42 ticks)
Probing time = 0.00 sec. (2.24 ticks)
Tried aggregator 1 time.
Detecting symmetries...
MIP Presolve modified 92 coefficients.
Reduced MIP has 823 rows, 889 columns, and 3273 nonzeros.
Reduced MIP has 769 binaries, 72 generals, 0 SOSs, and 0 indicators.
Presolve time = 0.00 sec. (2.37 ticks)
Probing time = 0.00 sec. (2.27 ticks)
Clique table members: 2160.
MIP emphasis: balance optimality and feasibility.
MIP search method: dynamic search.
Parallel mode: none, using 1 thread.
Root relaxation solution time = 0.01 sec. (14.83 ticks)

        Nodes                                         Cuts/
   Node  Left     Objective  IInf  Best Integer    Best Bound    ItCnt     Gap

*     0+    0                           -0.7541     1091.5289              --- 
      0     0      795.7848   256       -0.7541      795.7848      723     --- 
      0     0      749.7971   256       -0.7541     Cuts: 305     1217     --- 
      0     0      739.9435   256       -0.7541     Cuts: 189     1459     --- 
      0     0      736.1378   256       -0.7541     Cuts: 176     1785     --- 
      0     0      735.5328   256       -0.7541     Cuts: 150     1916     --- 
      0     0      735.2629   256       -0.7541     Cuts: 129     2164     --- 
Detecting symmetries...
      0     0      735.1215   256       -0.7541     Cuts: 158     2447     --- 
      0     0      734.8905   256       -0.7541     Cuts: 135     2765     --- 
*     0+    0                          164.6031      734.8905           346.46%
*     0+    0                          362.0507      734.8905           102.98%
      0     0        cutoff            362.0507      734.8905     2765  102.98%
      0     0      734.7163   256      362.0507     Cuts: 137     2892  102.93%
      0     0      734.5672   256      362.0507      Cuts: 62     3048  102.89%
      0     0      734.4556   256      362.0507      Cuts: 84     3153  102.86%
      0     0      734.0141   256      362.0507      Cuts: 88     3247  102.74%
      0     0      733.8200   256      362.0507     Cuts: 103     3379  102.68%
      0     0      733.5734   256      362.0507     Cuts: 115     3505  102.62%
      0     0      733.5209   256      362.0507      Cuts: 87     3602  102.60%
      0     0      733.4845   256      362.0507      Cuts: 85     3658  102.59%
      0     0      733.4618   256      362.0507      Cuts: 75     3740  102.59%
*     0+    0                          690.3126      733.4618             6.25%
*     0+    0                          690.3160      733.4618             6.25%
*     0+    0                          693.0689      733.4618             5.83%
*     0+    0                          693.0700      733.4618             5.83%
*     0+    0                          693.0707      733.4618             5.83%
      0     0        cutoff            693.0707      733.4618     3740    5.83%
Detecting symmetries...
      0     2      733.4618   220      693.0707      733.4510     3740    5.83%
Elapsed time = 0.44 sec. (467.54 ticks, tree = 0.01 MB, solutions = 7)
     57    59      718.7952   140      693.0707      733.4406     8661    5.82%
    133   114      728.6447   131      693.0707      733.1616    13736    5.78%
*   150+   86                          711.0368      733.1613             3.11%
    189   123      727.7223   153      711.0368      733.1434    17951    3.11%
*   220+  142                          713.5308      733.0962             2.74%
*   230+  152                          713.5309      733.0962             2.74%
    248   162      713.5416   109      713.5309      732.9613    23020    2.72%
*   260+  172                          713.5310      732.9613             2.72%
    335   245      727.0375   188      713.5310      732.8201    26990    2.70%
*   360+  256                          713.5317      732.6109             2.67%
    376   255      713.5389   106      713.5317      732.4237    32558    2.65%
    437   311      728.4664   202      713.5317      732.2172    37280    2.62%
    494   352      718.8486   127      713.5317      732.2151    42187    2.62%
    617   452      724.2079   224      713.5317      731.9597    47235    2.58%
    917   652      730.2256   115      713.5317      731.2484    68010    2.48%
Elapsed time = 3.04 sec. (3615.59 ticks, tree = 0.54 MB, solutions = 12)

Performing restart 1

Repeating presolve.
Tried aggregator 2 times.
MIP Presolve eliminated 0 rows and 3 columns.
MIP Presolve modified 394 coefficients.
Aggregator did 1 substitutions.
Reduced MIP has 822 rows, 885 columns, and 2991 nonzeros.
Reduced MIP has 765 binaries, 72 generals, 0 SOSs, and 0 indicators.
Presolve time = 0.00 sec. (3.55 ticks)
Tried aggregator 1 time.
MIP Presolve eliminated 2 rows and 0 columns.
MIP Presolve modified 42 coefficients.
Reduced MIP has 820 rows, 885 columns, and 2987 nonzeros.
Reduced MIP has 765 binaries, 72 generals, 0 SOSs, and 0 indicators.
Presolve time = 0.00 sec. (2.35 ticks)
Represolve time = 0.02 sec. (16.77 ticks)
    962     0      733.2040   176      713.5317      Cuts: 95    72528    2.46%
    962     0      732.5346   176      713.5317      Cuts: 88    72682    2.46%
    962     0      731.7176   176      713.5317      Cuts: 70    72797    2.46%
    962     0      731.7016   176      713.5317      Cuts: 64    72888    2.46%
    962     0      731.0422   176      713.5317      Cuts: 66    73075    2.45%
    962     0      730.9811   176      713.5317      Cuts: 68    73190    2.45%
    962     0      730.8682   176      713.5317      Cuts: 80    73280    2.43%
    962     0      730.0652   176      713.5317      Cuts: 71    73415    2.32%
    962     0      729.2184   176      713.5317     Cuts: 155    73568    2.20%
    962     0      728.6824   176      713.5317      Cuts: 89    73677    2.12%
    962     0      728.2916   176      713.5317      Cuts: 63    73755    2.07%
*   962+    0                          713.5323      728.2916             2.07%
*   962+    0                          713.5324      728.2916             2.07%
    962     0        cutoff            713.5324      728.2916    73755    2.07%
    962     0      728.0137   176      713.5324      Cuts: 80    73846    2.03%
    962     0      727.3473   176      713.5324      Cuts: 45    73896    1.94%
    962     0      726.9546   176      713.5324      Cuts: 56    74017    1.88%
    962     0      726.3498   176      713.5324      Cuts: 29    74137    1.80%
    962     0      725.6704   176      713.5324      Cuts: 49    74245    1.70%
    962     0      724.8525   176      713.5324      Cuts: 48    74431    1.59%
    962     0      724.6179   176      713.5324     Cuts: 101    74505    1.55%
    962     0      724.1491   176      713.5324      Cuts: 50    74589    1.49%
    962     0      723.9721   176      713.5324      Cuts: 57    74729    1.46%
    962     0      723.3011   176      713.5324     Cuts: 106    74880    1.37%
    962     0      722.7160   176      713.5324      Cuts: 93    75033    1.29%
    962     0      722.0766   176      713.5324      Cuts: 65    75106    1.20%
    962     0      720.6202   176      713.5324      Cuts: 59    75163    0.99%
    962     0      720.4325   176      713.5324      Cuts: 59    75225    0.97%
    962     0      720.1367   176      713.5324      Cuts: 66    75302    0.93%
    962     0      720.0447   176      713.5324      Cuts: 80    75529    0.91%
    962     0      719.8779   176      713.5324      Cuts: 64    75753    0.89%
    962     0      719.8760   176      713.5324      Cuts: 31    75782    0.89%
    962     0      719.8663   176      713.5324      Cuts: 36    75862    0.89%
    962     0      719.7771   176      713.5324      Cuts: 75    75953    0.88%
*   962+    0                          713.5324      719.7771             0.88%
    962     0        cutoff            713.5324      719.7771    75953    0.88%
    962     2      719.7771   190      713.5324      719.7313    75953    0.87%

GUB cover cuts applied:  2
Clique cuts applied:  61
Implied bound cuts applied:  19
Flow cuts applied:  7
Mixed integer rounding cuts applied:  41
Zero-half cuts applied:  34
Lift and project cuts applied:  2
Gomory fractional cuts applied:  2

Root node processing (before b&c):
  Real time             =    0.44 sec. (467.99 ticks)
Sequential b&c:
  Real time             =    5.08 sec. (5755.53 ticks)
                          ------------
Total (root+branch&cut) =    5.52 sec. (6223.51 ticks)

Solution pool: 16 solutions saved.

MIP - Integer optimal, tolerance (0.0001/1e-06):  Objective =  7.1353235696e+02
Current MIP best bound =  7.1353594517e+02 (gap = 0.00358821, 0.00%)
Solution time =    5.52 sec.  Iterations = 77215  Nodes = 998 (14)
Deterministic time = 6223.52 ticks  (1127.47 ticks/sec)


Incumbent solution
Variable Name           Solution Value
F                           780.000000
f1                            0.797643
f2                           65.670000
y124                          1.000000
y217                          1.000000
y247                          1.000000
y120                          1.000000
y305                          1.000000
y112                          1.000000
y49                           1.000000
y13                           1.000000
y136                          1.000000
y86                           1.000000
y214                          1.000000
y110                          1.000000
y171                          1.000000
y278                          1.000000
y199                          1.000000
y82                           1.000000
y286                          1.000000
y170                          1.000000
y231                          1.000000
y260                          1.000000
y156                          1.000000
y301                          1.000000
y174                          1.000000
s36                           2.180000
s54                           2.220000
s200                          2.220000
s27                           2.230000
s292                          2.240000
s103                          2.270000
s146                          2.300000
s43                           2.330000
s107                          2.330000
s46                           2.350000
s255                          2.380000
s198                          2.400000
s69                           2.470000
s281                          2.480000
s221                          2.490000
s302                          2.490000
s92                           2.510000
s152                          2.520000
s139                          2.530000
s124                          3.575438
s256                          2.620000
s184                          2.630000
s217                          3.587232
s98                           2.680000
s222                          2.730000
s247                          3.548360
s195                          3.120000
s44                           3.180000
s123                          3.180000
s262                          3.200000
s120                          3.774913
s179                          3.230000
s305                          3.326824
s112                          3.643336
s49                           3.798691
s13                           3.529037
s303                          3.330000
s263                          3.340000
s160                          3.350000
s136                          3.958206
s86                           3.400000
s91                           3.400000
s182                          3.400000
s271                          3.410000
s214                          3.671093
s110                          3.527671
s42                           3.470000
s171                          3.640235
s192                          3.480000
s278                          3.847431
s199                          3.490000
s82                           4.094543
s71                           3.510000
s56                           3.520000
s130                          3.520000
s274                          3.520000
s286                          4.433993
s170                          4.367376
s202                          3.550000
s227                          3.550000
s89                           3.570000
s231                          4.543748
s260                          3.927139
s18                           3.600000
s156                          4.584281
s301                          4.548753
s76                           3.630000
s174                          4.624489
s183                          3.640000
x304x199x1                    1.000000
x272x305x1                    1.000000
x5x120x1                      1.000000
x5x110x1                      1.000000
x300x136x1                    2.000000
x40x278x1                     1.000000
x132x86x1                     2.000000
x21x82x1                      1.000000
x218x124x1                    1.000000
x122x112x1                    1.000000
x134x13x2                     1.000000
x276x112x2                    1.000000
x10x49x2                      1.000000
x10x110x2                     1.000000
x96x171x2                     2.000000
x40x278x2                     1.000000
x241x124x2                    1.000000
x21x82x2                      1.000000
x203x231x2                    1.000000
x203x156x2                    1.000000
x47x260x2                     1.000000
x304x199x3                    1.000000
x272x305x3                    1.000000
x134x13x3                     1.000000
x276x214x3                    1.000000
x241x217x3                    1.000000
x137x120x3                    1.000000
x137x49x3                     1.000000
x147x247x3                    2.000000
x218x217x3                    1.000000
x122x214x3                    1.000000
x47x260x3                     1.000000
x124x0x1                      1.000000
x124x0x2                      1.000000
x217x0x3                      2.000000
x247x0x3                      2.000000
x120x0x1                      1.000000
x120x0x3                      1.000000
x305x170x1                    1.000000
x305x170x3                    1.000000
x112x0x1                      1.000000
x112x0x2                      1.000000
x49x0x2                       1.000000
x49x0x3                       1.000000
x13x174x2                     1.000000
x13x174x3                     1.000000
x136x0x1                      2.000000
x86x286x1                     2.000000
x214x0x3                      2.000000
x110x301x1                    1.000000
x110x301x2                    1.000000
x171x0x2                      2.000000
x278x0x1                      1.000000
x278x0x2                      1.000000
x199x156x1                    1.000000
x199x231x3                    1.000000
x82x0x1                       1.000000
x82x0x2                       1.000000
x286x0x1                      2.000000
x170x0x1                      1.000000
x170x0x3                      1.000000
x231x0x2                      1.000000
x231x0x3                      1.000000
x260x0x2                      1.000000
x260x0x3                      1.000000
x156x0x1                      1.000000
x156x0x2                      1.000000
x301x0x1                      1.000000
x301x0x2                      1.000000
x174x0x2                      1.000000
x174x0x3                      1.000000
s304                          1.919572
z304z214z3                    1.000000
z304z199z1                    1.000000
z304z199z3                    1.000000
z304z286z1                    1.000000
z304z202z3                    1.000000
z304z18z3                     1.000000
s272                          1.928412
z272z305z1                    1.000000
z272z305z3                    1.000000
z272z160z1                    1.000000
z272z214z3                    1.000000
z272z286z1                    1.000000
z272z202z3                    1.000000
z272z18z3                     1.000000
s5                            1.971102
z5z120z1                      1.000000
z5z110z1                      1.000000
z5z286z1                      1.000000
s134                          2.199864
z134z13z2                     1.000000
z134z13z3                     1.000000
z134z18z3                     1.000000
s276                          2.211752
z276z112z2                    1.000000
z276z214z3                    1.000000
s10                           2.295702
z10z49z2                      1.000000
z10z110z2                     1.000000
z10z171z2                     1.000000
s300                          2.190248
z300z136z1                    1.000000
z300z286z1                    1.000000
s96                           2.396739
z96z171z2                     1.000000
s40                           2.423055
z40z278z1                     1.000000
z40z278z2                     1.000000
s241                          2.379366
z241z124z2                    1.000000
z241z217z3                    1.000000
s132                          2.157354
z132z86z1                     1.000000
z132z286z1                    1.000000
s137                          2.448309
z137z120z3                    1.000000
z137z49z3                     1.000000
s147                          2.393608
z147z247z3                    1.000000
z147z214z3                    1.000000
s21                           2.689513
z21z82z1                      1.000000
z21z82z2                      1.000000
s218                          2.405223
z218z124z1                    1.000000
z218z217z3                    1.000000
s122                          2.321127
z122z112z1                    1.000000
z122z214z3                    1.000000
s203                          2.719030
z203z231z2                    1.000000
z203z156z2                    1.000000
s47                           2.509338
z47z260z2                     1.000000
z47z260z3                     1.000000
z305z170z1                    1.000000
z305z170z3                    1.000000
z13z174z2                     1.000000
z13z174z3                     1.000000
z86z286z1                     1.000000
z110z301z1                    1.000000
z110z301z2                    1.000000
z199z231z3                    1.000000
z199z156z1                    1.000000
All other variables in the range 1-3782 are 0.
