
Log started (V12.10.0.0) Tue Apr 20 04:03:32 2021

Warning, line 2124: Name 's167' does not exist.
Warning, line 2125: Name 's186' does not exist.
Warning, line 2126: Name 's113' does not exist.
Warning, line 2127: Name 's154' does not exist.
Warning, line 2130: Name 's181' does not exist.
Warning, line 2132: Name 's189' does not exist.

Problem 'asset.lp' read.
Read time = 0.00 sec. (0.15 ticks)
New value for default parallel thread count: 1
New value for time limit in seconds: 200
Version identifier: 12.10.0.0 | 2019-11-26 | 843d4de
CPXPARAM_Threads                                 1
CPXPARAM_TimeLimit                               200
Found incumbent of value -0.794619 after 0.00 sec. (0.07 ticks)
Tried aggregator 3 times.
MIP Presolve eliminated 1324 rows and 764 columns.
MIP Presolve modified 1061 coefficients.
Aggregator did 124 substitutions.
Reduced MIP has 238 rows, 259 columns, and 918 nonzeros.
Reduced MIP has 191 binaries, 46 generals, 0 SOSs, and 0 indicators.
Presolve time = 0.00 sec. (3.04 ticks)
Probing fixed 74 vars, tightened 15 bounds.
Probing time = 0.00 sec. (0.28 ticks)
Cover probing fixed 0 vars, tightened 15 bounds.
Tried aggregator 2 times.
MIP Presolve eliminated 140 rows and 133 columns.
MIP Presolve modified 2 coefficients.
Aggregator did 2 substitutions.
Reduced MIP has 96 rows, 116 columns, and 270 nonzeros.
Reduced MIP has 79 binaries, 20 generals, 0 SOSs, and 0 indicators.
Presolve time = 0.00 sec. (0.65 ticks)
Probing time = 0.00 sec. (0.06 ticks)
Tried aggregator 1 time.
Detecting symmetries...
Reduced MIP has 96 rows, 116 columns, and 270 nonzeros.
Reduced MIP has 79 binaries, 20 generals, 0 SOSs, and 0 indicators.
Presolve time = 0.00 sec. (0.20 ticks)
Probing time = 0.00 sec. (0.06 ticks)
Clique table members: 54.
MIP emphasis: balance optimality and feasibility.
MIP search method: dynamic search.
Parallel mode: none, using 1 thread.
Root relaxation solution time = 0.00 sec. (0.31 ticks)

        Nodes                                         Cuts/
   Node  Left     Objective  IInf  Best Integer    Best Bound    ItCnt     Gap

*     0+    0                           61.0888      596.7353           876.83%
      0     0      243.5494    25       61.0888      243.5494       48  298.68%
*     0+    0                          228.8738      243.5494             6.41%
      0     0      243.2686    25      228.8738      Cuts: 22       70    6.29%
      0     0      243.0998    25      228.8738      Cuts: 20       79    6.22%
      0     0      242.6949    25      228.8738       Cuts: 5       90    6.04%
      0     0      242.2705    25      228.8738   ZeroHalf: 2      103    5.85%
      0     0      242.2700    25      228.8738       Cuts: 3      107    5.85%
Detecting symmetries...
      0     0      242.2698    25      228.8738   ZeroHalf: 5      114    5.85%
      0     0      242.2697    25      228.8738   ZeroHalf: 1      116    5.85%
Detecting symmetries...
      0     2      242.2697    18      228.8738      241.8482      116    5.67%
Elapsed time = 0.02 sec. (13.54 ticks, tree = 0.01 MB, solutions = 3)
*    40+   17                          228.8741      233.8328             2.17%
*    90+   27                          228.8742      232.5900             1.62%

Clique cuts applied:  1
Implied bound cuts applied:  14
Zero-half cuts applied:  10
Multi commodity flow cuts applied:  2
Lift and project cuts applied:  1
Gomory fractional cuts applied:  6

Root node processing (before b&c):
  Real time             =    0.02 sec. (13.61 ticks)
Sequential b&c:
  Real time             =    0.01 sec. (10.43 ticks)
                          ------------
Total (root+branch&cut) =    0.03 sec. (24.04 ticks)

Solution pool: 6 solutions saved.

MIP - Integer optimal, tolerance (0.0001/1e-06):  Objective =  2.2887417869e+02
Current MIP best bound =  2.2887586775e+02 (gap = 0.00168906, 0.00%)
Solution time =    0.03 sec.  Iterations = 669  Nodes = 134 (2)
Deterministic time = 24.04 ticks  (688.65 ticks/sec)


Incumbent solution
Variable Name           Solution Value
F                           240.000000
f1                            0.815821
f2                           10.310000
y323                          1.000000
y98                           1.000000
y95                           1.000000
y70                           1.000000
y192                          1.000000
y103                          1.000000
y173                          1.000000
s93                           3.450000
s8                            3.460000
s118                          3.460000
s42                           3.520000
s325                          3.550000
s85                           3.570000
s334                          3.600000
s128                          3.620000
s178                          3.620000
s108                          3.640000
s79                           3.650000
s49                           3.660000
s80                           3.670000
s9                            3.680000
s149                          3.700000
s195                          3.740000
s10                           3.770000
s172                          3.780000
s97                           3.790000
s68                           3.800000
s179                          3.810000
s33                           3.830000
s251                          3.830000
s292                          3.840000
s324                          3.840000
s225                          3.850000
s99                           3.860000
s104                          3.860000
s199                          3.860000
s231                          3.870000
s229                          3.880000
s277                          3.880000
s48                           3.890000
s208                          3.890000
s112                          3.900000
s294                          3.900000
s323                          4.862494
s275                          3.930000
s44                           3.940000
s62                           3.940000
s137                          3.940000
s98                           4.831611
s262                          3.950000
s81                           3.970000
s12                           3.980000
s143                          3.980000
s159                          3.980000
s91                           4.000000
s280                          4.010000
s4                            4.040000
s279                          4.040000
s116                          4.050000
s132                          4.050000
s290                          4.060000
s95                           4.796134
s70                           4.919072
s192                          4.858439
s103                          5.072927
s173                          5.038612
x63x103x1                     1.000000
x230x323x1                    1.000000
x230x192x1                    1.000000
x115x98x1                     1.000000
x293x98x2                     1.000000
x293x192x2                    1.000000
x63x103x2                     1.000000
x123x70x2                     2.000000
x250x173x3                    2.000000
x188x95x3                     1.000000
x282x323x3                    1.000000
x282x95x3                     1.000000
x323x0x1                      1.000000
x323x0x3                      1.000000
x98x0x1                       1.000000
x98x0x2                       1.000000
x95x0x3                       2.000000
x70x0x2                       2.000000
x192x0x1                      1.000000
x192x0x2                      1.000000
x103x0x1                      1.000000
x103x0x2                      1.000000
x173x0x3                      2.000000
s293                          3.542666
z293z98z2                     1.000000
z293z70z2                     1.000000
z293z192z2                    1.000000
s250                          3.701014
z250z173z3                    1.000000
s63                           3.772392
z63z103z1                     1.000000
z63z103z2                     1.000000
s230                          3.537974
z230z323z1                    1.000000
z230z192z1                    1.000000
s188                          3.557681
z188z95z3                     1.000000
s282                          3.675795
z282z323z3                    1.000000
z282z95z3                     1.000000
s123                          3.622718
z123z70z2                     1.000000
s115                          2.237370
z115z80z1                     1.000000
z115z99z1                     1.000000
z115z44z1                     1.000000
z115z98z1                     1.000000
z115z4z1                      1.000000
All other variables in the range 1-1152 are 0.
