
Log started (V12.10.0.0) Thu Apr 15 12:59:57 2021


Problem 'asset.lp' read.
Read time = 0.01 sec. (0.91 ticks)
New value for default parallel thread count: 1
New value for time limit in seconds: 150
Version identifier: 12.10.0.0 | 2019-11-26 | 843d4de
CPXPARAM_Threads                                 1
CPXPARAM_TimeLimit                               150
Found incumbent of value 0.000000 after 0.00 sec. (0.26 ticks)
Tried aggregator 3 times.
MIP Presolve eliminated 1818 rows and 666 columns.
MIP Presolve added 2 rows and 0 columns.
MIP Presolve modified 7225 coefficients.
Aggregator did 2944 substitutions.
Reduced MIP has 3270 rows, 4472 columns, and 19145 nonzeros.
Reduced MIP has 3735 binaries, 651 generals, 0 SOSs, and 0 indicators.
Presolve time = 0.04 sec. (38.91 ticks)
Probing fixed 0 vars, tightened 1 bounds.
Probing time = 0.01 sec. (5.17 ticks)
Tried aggregator 1 time.
Detecting symmetries...
MIP Presolve eliminated 6 rows and 5 columns.
Reduced MIP has 3264 rows, 4467 columns, and 19131 nonzeros.
Reduced MIP has 3731 binaries, 650 generals, 0 SOSs, and 0 indicators.
Presolve time = 0.01 sec. (11.84 ticks)
Probing time = 0.00 sec. (3.48 ticks)
Clique table members: 7998.
MIP emphasis: balance optimality and feasibility.
MIP search method: dynamic search.
Parallel mode: none, using 1 thread.
Root relaxation solution time = 0.06 sec. (78.87 ticks)

        Nodes                                         Cuts/
   Node  Left     Objective  IInf  Best Integer    Best Bound    ItCnt     Gap

*     0+    0                            0.0000      657.0000              --- 
      0     0      652.4154   433        0.0000      652.4154     1049     --- 
      0     0      645.8148   433        0.0000     Cuts: 492     2558     --- 
      0     0      642.8494   433        0.0000     Cuts: 916     5785     --- 
      0     0      642.7978   433        0.0000     Cuts: 916     7286     --- 
*     0+    0                          231.0000      642.7978           178.27%
*     0+    0                          279.0000      642.7978           130.39%
*     0+    0                          297.0000      642.7978           116.43%
*     0+    0                          300.0000      642.7978           114.27%
      0     0        cutoff            300.0000      642.7978     7286  114.27%
      0     0      641.9525   433      300.0000     Cuts: 916     8971  113.98%
      0     0      640.5655   433      300.0000     Cuts: 916    11159  113.52%
      0     0      639.1086   433      300.0000     Cuts: 916    14761  113.04%
*     0+    0                          315.0000      639.1086           102.89%
*     0+    0                          324.0000      639.1086            97.26%
*     0+    0                          327.0000      639.1086            95.45%
*     0+    0                          330.0000      639.1086            93.67%
*     0+    0                          333.0000      639.1086            91.92%
      0     0        cutoff            333.0000      639.1086    14761   91.92%
      0     0      638.3601   433      333.0000     Cuts: 916    17167   91.70%
      0     0      637.8183   433      333.0000     Cuts: 916    19603   91.54%
      0     0      637.1770   433      333.0000     Cuts: 916    21636   91.34%
*     0+    0                          342.0000      637.1770            86.31%
*     0+    0                          348.0000      637.1770            83.10%
*     0+    0                          351.0000      637.1770            81.53%
*     0+    0                          357.0000      637.1770            78.48%
*     0+    0                          360.0000      637.1770            76.99%
      0     0      636.9606   433      360.0000     Cuts: 916    24237   76.93%
      0     0      636.1805   433      360.0000     Cuts: 916    25659   76.72%
      0     0      635.9544   433      360.0000     Cuts: 916    27425   76.65%
      0     0      635.9544   433      360.0000     Cuts: 916    29022   76.65%
      0     0      635.8019   433      360.0000     Cuts: 254    30317   76.61%
      0     0      635.7691   433      360.0000     Cuts: 916    31826   76.60%
      0     2      635.7691   411      360.0000      635.7691    31826   76.60%
Elapsed time = 11.73 sec. (15085.23 ticks, tree = 0.01 MB, solutions = 14)
      1     3      635.7685   489      360.0000      635.7691    33839   76.60%
      2     4      635.7691   504      360.0000      635.7691    35226   76.60%
      3     5      635.7685   509      360.0000      635.7691    36252   76.60%
      6     8      635.7685   479      360.0000      635.7691    37992   76.60%
      8    10      629.4575   471      360.0000      635.7691    39547   76.60%
     11    13      631.1227   463      360.0000      635.7691    41024   76.60%
     14    16      629.4575   458      360.0000      635.7691    43061   76.60%
     20    22      635.7685   406      360.0000      635.7691    44687   76.60%
     26    28      635.7685   382      360.0000      635.7691    45830   76.60%
     30    32      635.7685   398      360.0000      635.7691    47645   76.60%
Elapsed time = 15.43 sec. (20416.19 ticks, tree = 0.68 MB, solutions = 14)
     40    42      635.7685   424      360.0000      635.7691    52862   76.60%
     58    60      635.2766   495      360.0000      635.7691    56901   76.60%
     80    82      635.7465   354      360.0000      635.7691    61598   76.60%
     90    92      635.2986   383      360.0000      635.7691    67341   76.60%
    100   102      628.2279   402      360.0000      635.7691    73697   76.60%
    122   124      629.3036   383      360.0000      635.7691    79217   76.60%
    138   140      627.8607   426      360.0000      635.7691    85732   76.60%
    148   150      626.1637   327      360.0000      635.7691    89737   76.60%
    168   170      629.8866   428      360.0000      635.7691    93960   76.60%
    196   198      622.5937   340      360.0000      635.7691    99652   76.60%
Elapsed time = 24.00 sec. (32874.80 ticks, tree = 5.06 MB, solutions = 14)
    226   228      626.6606   348      360.0000      635.7691   104441   76.60%
    253   255      605.9302   420      360.0000      635.7691   110878   76.60%
    286   288      621.1378   302      360.0000      635.7691   116330   76.60%
    301   303      614.6992   388      360.0000      635.7691   122778   76.60%
    320   322      617.1096   302      360.0000      635.7691   125072   76.60%
    381   365      546.1667   213      360.0000      635.7691   131009   76.60%
    464   426      489.0000   152      360.0000      635.7691   137660   76.60%
*   485+  444                          363.0000      635.7691            75.14%
*   486+  445                          384.0000      635.7691            65.56%
    486   447      635.7569   544      384.0000      635.7691   140032   65.56%
*   487+  446                          396.0000      635.7691            60.55%
    487   448      635.7569   523      396.0000      635.7685   141482   60.55%
    520   481      629.8282   424      396.0000      635.7685   146748   60.55%
Elapsed time = 37.62 sec. (51092.62 ticks, tree = 12.86 MB, solutions = 17)
    560   521      623.2481   351      396.0000      635.7685   149762   60.55%

Performing restart 1

Repeating presolve.
Tried aggregator 1 time.
MIP Presolve modified 3267 coefficients.
Reduced MIP has 3264 rows, 4467 columns, and 16140 nonzeros.
Reduced MIP has 3731 binaries, 650 generals, 0 SOSs, and 0 indicators.
Presolve time = 0.01 sec. (13.61 ticks)
Tried aggregator 1 time.
Reduced MIP has 3264 rows, 4467 columns, and 16140 nonzeros.
Reduced MIP has 3731 binaries, 650 generals, 0 SOSs, and 0 indicators.
Presolve time = 0.01 sec. (11.39 ticks)
Represolve time = 0.13 sec. (88.41 ticks)
    597     0      632.2498   679      396.0000     Cuts: 341   196436   59.66%
    597     0      630.5643   679      396.0000     Cuts: 675   207414   59.23%
    597     0      629.9183   679      396.0000     Cuts: 613   212567   59.07%
    597     0      629.1870   679      396.0000     Cuts: 580   220483   58.89%
    597     0      627.8273   679      396.0000     Cuts: 523   224305   58.54%
    597     0      626.9928   679      396.0000     Cuts: 631   226931   58.33%
    597     0      625.1094   679      396.0000     Cuts: 611   230424   57.86%
    597     0      624.0523   679      396.0000     Cuts: 462   233269   57.59%
    597     0      623.5672   679      396.0000     Cuts: 507   235152   57.47%
    597     0      623.1197   679      396.0000     Cuts: 390   237554   57.35%
    597     0      622.7422   679      396.0000     Cuts: 324   238899   57.26%
    597     0      622.2514   679      396.0000     Cuts: 266   240580   57.13%
    597     0      621.8542   679      396.0000     Cuts: 434   242792   57.03%
    597     0      621.4746   679      396.0000     Cuts: 346   244851   56.94%
    597     0      620.8023   679      396.0000     Cuts: 337   247371   56.77%
    597     0      620.6126   679      396.0000     Cuts: 336   249423   56.72%
    597     0      620.3981   679      396.0000     Cuts: 258   251767   56.67%
    597     0      620.2237   679      396.0000     Cuts: 325   253226   56.62%
    597     0      619.8458   679      396.0000     Cuts: 349   254984   56.53%
    597     0      619.6229   679      396.0000     Cuts: 344   256690   56.47%
    597     0      619.2632   679      396.0000     Cuts: 337   258802   56.38%
    597     0      619.0629   679      396.0000     Cuts: 475   260612   56.33%
    597     0      618.9706   679      396.0000     Cuts: 396   262838   56.31%
    597     0      618.9099   679      396.0000     Cuts: 324   264255   56.29%
    597     0      618.8573   679      396.0000     Cuts: 263   265435   56.28%
    597     0      618.8155   679      396.0000     Cuts: 221   266452   56.27%
    597     0      618.6827   679      396.0000     Cuts: 217   267735   56.23%
    597     0      618.6319   679      396.0000     Cuts: 302   268575   56.22%
    597     2      618.6319   565      396.0000      618.6317   268575   56.22%
    598     3      618.5785   556      396.0000      618.5785   269574   56.21%
    600     5      618.5785   557      396.0000      618.5785   269587   56.21%
    601     6      618.1797   529      396.0000      618.5785   271473   56.21%
    603     8      618.5310   546      396.0000      618.5785   272756   56.21%
    605    10      618.4290   542      396.0000      618.5785   273954   56.21%
    606    11      618.5067   523      396.0000      618.5785   275487   56.21%
    607    12      618.5067   522      396.0000      618.5785   275685   56.21%
    608    13      618.1946   531      396.0000      618.5785   279089   56.21%
Elapsed time = 115.08 sec. (158128.54 ticks, tree = 0.12 MB, solutions = 17)
    612    17      618.4977   500      396.0000      618.5785   280119   56.21%
    614    19      611.4940   480      396.0000      618.5785   285707   56.21%
    616    21      615.4224   486      396.0000      618.5785   290989   56.21%
    617    22      618.4034   529      396.0000      618.5785   291397   56.21%
    618    23      612.2249   487      396.0000      618.5785   296570   56.21%
    619    24      616.5423   516      396.0000      618.5785   299875   56.21%
    622    27      614.6267   518      396.0000      618.5785   302491   56.21%
    624    29      617.5856   525      396.0000      618.5785   305208   56.21%
    625    30      611.9553   455      396.0000      618.5785   309062   56.21%
    627    32      616.8993   504      396.0000      618.5785   311247   56.21%
Elapsed time = 125.78 sec. (174273.05 ticks, tree = 0.21 MB, solutions = 17)
    629    34      616.7263   499      396.0000      618.5785   314942   56.21%
    631    36      610.6266   504      396.0000      618.5785   324196   56.21%
    634    39      610.6522   477      396.0000      618.5785   332605   56.21%
    637    42      615.2862   514      396.0000      618.5785   335191   56.21%
    639    44      612.3993   472      396.0000      618.5785   338363   56.21%
    642    47      614.6338   432      396.0000      618.5785   340431   56.21%
    644    49      614.5628   451      396.0000      618.5785   344029   56.21%
    646    51      612.1650   475      396.0000      618.5785   347458   56.21%
    647    52      614.3078   451      396.0000      618.5785   347919   56.21%
    650    55      614.2776   434      396.0000      618.5785   349718   56.21%
Elapsed time = 136.57 sec. (190503.14 ticks, tree = 0.29 MB, solutions = 17)
    653    58      614.1373   433      396.0000      618.5785   351072   56.21%
    654    59      611.9197   487      396.0000      618.5785   355823   56.21%
    658    63      612.6588   448      396.0000      618.5785   365975   56.21%
    661    66      608.4585   418      396.0000      618.5785   369577   56.21%
    664    69      612.8033   418      396.0000      618.5785   373511   56.21%
    667    72      610.2166   444      396.0000      618.5785   376077   56.21%
    669    74      610.7785   468      396.0000      618.5785   382142   56.21%
    673    78      612.9668   461      396.0000      618.5785   382517   56.21%
    675    80      611.9322   470      396.0000      618.5785   388613   56.21%
    679    84      607.3676   440      396.0000      618.5785   395812   56.21%
Elapsed time = 145.98 sec. (205068.50 ticks, tree = 0.44 MB, solutions = 17)
    681    86      602.8152   433      396.0000      618.5785   400383   56.21%
    684    89      608.4494   458      396.0000      618.5785   408129   56.21%
    686    91      611.0467   441      396.0000      618.5785   411641   56.21%
Advanced basis not built.

GUB cover cuts applied:  89
Clique cuts applied:  127
Cover cuts applied:  10
Implied bound cuts applied:  152
Flow cuts applied:  19
Mixed integer rounding cuts applied:  113
Zero-half cuts applied:  118
Lift and project cuts applied:  6
Gomory fractional cuts applied:  8

Root node processing (before b&c):
  Real time             =   11.71 sec. (15069.23 ticks)
Sequential b&c:
  Real time             =  138.29 sec. (196147.44 ticks)
                          ------------
Total (root+branch&cut) =  150.00 sec. (211216.67 ticks)

Solution pool: 18 solutions saved.

MIP - Time limit exceeded, integer feasible:  Objective =  3.9600000000e+02
Current MIP best bound =  6.1857850617e+02 (gap = 222.579, 56.21%)
Solution time =  150.00 sec.  Iterations = 412192  Nodes = 687 (91)
Deterministic time = 211216.70 ticks  (1408.07 ticks/sec)


Incumbent solution
Variable Name           Solution Value
F                           396.000000
y8                            1.000000
y15                           1.000000
y17                           1.000000
y21                           1.000000
y28                           1.000000
y32                           1.000000
y36                           1.000000
y38                           1.000000
y41                           1.000000
y42                           1.000000
y43                           1.000000
y47                           1.000000
y52                           1.000000
y55                           1.000000
y56                           1.000000
y57                           1.000000
y67                           1.000000
y69                           1.000000
y77                           1.000000
y78                           1.000000
y87                           1.000000
y95                           1.000000
y99                           1.000000
y107                          1.000000
y118                          1.000000
y120                          1.000000
y151                          1.000000
y152                          1.000000
y157                          1.000000
y161                          1.000000
y173                          1.000000
y176                          1.000000
y182                          1.000000
y186                          1.000000
y188                          1.000000
y192                          1.000000
y200                          1.000000
y211                          1.000000
y219                          1.000000
y224                          1.000000
y228                          1.000000
y232                          1.000000
y236                          1.000000
y246                          1.000000
y255                          1.000000
y261                          1.000000
y265                          1.000000
y276                          1.000000
y282                          1.000000
x19x36x1                      2.000000
x40x47x1                      1.000000
x63x77x1                      1.000000
x160x41x1                     1.000000
x160x219x1                    1.000000
x179x38x1                     1.000000
x208x52x1                     1.000000
x225x38x1                     1.000000
x229x56x1                     1.000000
x258x56x1                     1.000000
x258x236x1                    1.000000
x2x87x2                       1.000000
x2x224x2                      1.000000
x40x95x2                      1.000000
x59x118x2                     2.000000
x169x186x2                    1.000000
x169x276x2                    1.000000
x179x224x2                    1.000000
x194x41x2                     1.000000
x196x87x2                     1.000000
x269x282x2                    2.000000
x11x186x3                     1.000000
x63x28x3                      1.000000
x68x52x3                      1.000000
x68x151x3                     1.000000
x90x157x3                     1.000000
x90x276x3                     1.000000
x196x236x3                    1.000000
x208x151x3                    1.000000
x267x47x3                     1.000000
x267x157x3                    1.000000
x291x120x3                    2.000000
x87x8x2                       2.000000
x8x228x2                      1.000000
x8x261x2                      1.000000
x21x15x2                      1.000000
b15b0b2                       1.000000
x28x15x3                      1.000000
b15b0b3                       1.000000
x219x17x1                     1.000000
b17b0b1                       1.000000
x255x17x2                     1.000000
b17b0b2                       1.000000
x282x21x2                     2.000000
x21x107x2                     1.000000
x186x28x3                     1.000000
x28x232x3                     1.000000
x36x32x1                      1.000000
x32x99x1                      1.000000
x52x32x3                      1.000000
x32x261x3                     1.000000
x36x211x1                     1.000000
x38x77x1                      1.000000
x38x246x1                     1.000000
x41x43x1                      1.000000
x41x43x2                      1.000000
x246x42x1                     1.000000
b42b0b1                       1.000000
x95x42x2                      1.000000
b42b0b2                       1.000000
x43x67x1                      1.000000
x43x67x2                      1.000000
x47x95x1                      1.000000
x47x192x3                     1.000000
x52x246x1                     1.000000
x276x55x2                     1.000000
b55b0b2                       1.000000
x276x55x3                     1.000000
x55x99x3                      1.000000
x56x200x1                     2.000000
x120x57x3                     2.000000
x167x57x3                     0.000000
b57b0b3                       2.000000
b67b0b1                       1.000000
b67b0b2                       1.000000
x255x69x2                     1.000000
b69b0b2                       1.000000
x192x69x3                     1.000000
b69b0b3                       1.000000
x77x107x1                     1.000000
x77x173x1                     1.000000
x95x78x1                      1.000000
b78b0b1                       1.000000
x211x78x3                     1.000000
b78b0b3                       1.000000
b99b0b1                       1.000000
b99b0b3                       1.000000
b107b0b1                      1.000000
b107b0b2                      1.000000
x118x255x2                    2.000000
x120x192x3                    0.000000
x151x182x3                    2.000000
x192x152x1                    1.000000
x200x152x1                    1.000000
b152b0b1                      2.000000
x157x188x3                    2.000000
x211x161x1                    1.000000
x246x161x1                    1.000000
b161b0b1                      2.000000
x167x192x3                   -0.000000
b173b0b1                      1.000000
x176x173x2                    1.000000
b173b0b2                      1.000000
x186x176x2                    1.000000
x224x176x2                    1.000000
b176b0b2                      1.000000
x182x265x3                    2.000000
b188b0b3                      2.000000
x236x192x1                    1.000000
x200x232x1                    1.000000
x236x211x3                    1.000000
x224x219x2                    1.000000
x219x228x2                    1.000000
b228b0b2                      2.000000
b232b0b1                      1.000000
b232b0b3                      1.000000
b261b0b2                      1.000000
b261b0b3                      1.000000
b265b0b3                      2.000000
s2                            2.730000
s8                            8.120016
z2z8z2                        1.000000
s14                           8.540000
z2z14z2                       1.000000
s15                           8.926689
s17                           8.852936
s18                           8.160000
z2z18z2                       1.000000
s21                           7.449658
z2z21z2                       1.000000
s39                           7.540000
s41                           6.010000
s42                           9.480000
s43                           7.036667
s44                           7.840000
z2z44z2                       1.000000
s49                           8.440000
s55                           7.970000
s67                           8.613016
s69                           9.330000
s71                           9.290000
s86                           9.370000
z2z86z2                       1.000000
s87                           6.830572
z2z87z2                       1.000000
s95                           8.426252
s107                          8.710000
s118                          6.180000
z2z118z2                      1.000000
s124                          8.250000
s137                          9.250000
z2z137z2                      1.000000
s140                          7.720000
s150                          9.450000
s171                          9.380000
s173                          9.010000
s175                          6.930000
z2z175z2                      1.000000
s176                          7.546573
z2z176z2                      1.000000
s186                          6.244726
s205                          7.460000
s219                          7.743299
s224                          6.124883
z2z224z2                      1.000000
s228                          9.220000
z2z228z2                      1.000000
s234                          7.518690
z2z234z2                      1.000000
s238                          8.000000
s245                          7.950000
z2z245z2                      1.000000
s253                          9.034708
z2z253z2                      1.000000
s255                          7.472878
z2z255z2                      1.000000
s261                          9.162180
s273                          8.480000
s274                          8.430000
s276                          6.680556
s280                          7.840000
z2z280z2                      1.000000
s282                          6.127927
z2z282z2                      1.000000
s287                          7.990000
z2z287z2                      1.000000
s11                           2.250447
s28                           7.636248
z11z28z3                      1.000000
s32                           7.781057
s47                           6.543303
s52                           6.369610
s54                           8.440000
s57                           8.582809
z11z57z3                      1.000000
s62                           9.360000
z11z62z3                      1.000000
s78                           9.480000
s99                           9.180000
s113                          8.310000
z11z113z3                     1.000000
s115                          8.400000
s120                          7.479315
z11z120z3                     1.000000
s128                          8.300000
z11z128z3                     1.000000
s129                          6.626143
z11z129z3                     1.000000
s145                          8.210000
s151                          6.462253
z11z151z3                     1.000000
s157                          7.103397
z11z157z3                     1.000000
s158                          8.560000
z11z158z3                     1.000000
s165                          9.490000
z11z165z3                     1.000000
s167                          8.040000
z11z167z3                     1.000000
s174                          8.260000
z11z174z3                     1.000000
s177                          7.680000
s178                          8.220000
s182                          7.782600
z11z182z3                     1.000000
z11z186z3                     1.000000
s188                          8.698563
z11z188z3                     1.000000
s189                          9.270000
z11z189z3                     1.000000
s192                          7.955095
s198                          9.250000
z11z198z3                     1.000000
s202                          9.340000
s204                          8.960000
z11z204z3                     1.000000
s211                          8.307052
s215                          8.130000
z11z215z3                     1.000000
s217                          8.010000
z11z217z3                     1.000000
s232                          9.440000
s236                          6.562949
s244                          8.390000
z11z244z3                     1.000000
s248                          9.420000
s250                          7.760000
z11z250z3                     1.000000
s262                          8.304590
s265                          9.260000
z11z265z3                     1.000000
s271                          9.460000
z11z271z3                     1.000000
s286                          7.690000
s289                          9.380000
z11z289z3                     1.000000
s290                          7.030000
z11z290z3                     1.000000
s19                           3.250000
s36                           6.449528
z19z36z1                      1.000000
s38                           6.000000
z19z38z1                      1.000000
s56                           6.420982
z19z56z1                      1.000000
s77                           7.092299
z19z77z1                      1.000000
s103                          8.118889
z19z103z1                     1.000000
s152                          9.340000
z19z152z1                     1.000000
s161                          9.390000
z19z161z1                     1.000000
s200                          8.032176
z19z200z1                     1.000000
s246                          7.810000
z19z246z1                     1.000000
s251                          9.410000
z19z251z1                     1.000000
s264                          9.410000
z19z264z1                     1.000000
s40                           4.590000
z40z8z2                       1.000000
z40z14z2                      1.000000
z40z18z2                      1.000000
z40z21z2                      1.000000
z40z36z1                      1.000000
z40z44z2                      1.000000
z40z47z1                      1.000000
z40z77z1                      1.000000
z40z86z2                      1.000000
z40z87z2                      1.000000
z40z95z2                      1.000000
z40z103z1                     1.000000
z40z118z2                     1.000000
z40z137z2                     1.000000
z40z152z1                     1.000000
z40z161z1                     1.000000
z40z175z2                     1.000000
z40z176z2                     1.000000
z40z200z1                     1.000000
z40z228z2                     1.000000
z40z234z2                     1.000000
z40z245z2                     1.000000
z40z246z1                     1.000000
z40z251z1                     1.000000
z40z253z2                     1.000000
z40z255z2                     1.000000
z40z264z1                     1.000000
z40z280z2                     1.000000
z40z282z2                     1.000000
z40z287z2                     1.000000
s59                           4.070000
z59z8z2                       1.000000
z59z14z2                      1.000000
z59z18z2                      1.000000
z59z21z2                      1.000000
z59z44z2                      1.000000
z59z86z2                      1.000000
z59z87z2                      1.000000
z59z118z2                     1.000000
z59z137z2                     1.000000
z59z175z2                     1.000000
z59z176z2                     1.000000
z59z224z2                     1.000000
z59z228z2                     1.000000
z59z234z2                     1.000000
z59z245z2                     1.000000
z59z253z2                     1.000000
z59z255z2                     1.000000
z59z280z2                     1.000000
z59z282z2                     1.000000
z59z287z2                     1.000000
s63                           4.782245
z63z28z3                      1.000000
z63z57z3                      1.000000
z63z62z3                      1.000000
z63z77z1                      1.000000
z63z103z1                     1.000000
z63z113z3                     1.000000
z63z120z3                     1.000000
z63z128z3                     1.000000
z63z152z1                     1.000000
z63z158z3                     1.000000
z63z161z1                     1.000000
z63z165z3                     1.000000
z63z167z3                     1.000000
z63z174z3                     1.000000
z63z182z3                     1.000000
z63z188z3                     1.000000
z63z189z3                     1.000000
z63z198z3                     1.000000
z63z200z1                     1.000000
z63z204z3                     1.000000
z63z215z3                     1.000000
z63z217z3                     1.000000
z63z244z3                     1.000000
z63z246z1                     1.000000
z63z251z1                     1.000000
z63z264z1                     1.000000
z63z265z3                     1.000000
z63z271z3                     1.000000
z63z289z3                     1.000000
z63z290z3                     1.000000
s68                           2.620000
z68z28z3                      1.000000
z68z52z3                      1.000000
z68z57z3                      1.000000
z68z62z3                      1.000000
z68z113z3                     1.000000
z68z120z3                     1.000000
z68z128z3                     1.000000
z68z129z3                     1.000000
z68z151z3                     1.000000
z68z157z3                     1.000000
z68z158z3                     1.000000
z68z165z3                     1.000000
z68z167z3                     1.000000
z68z174z3                     1.000000
z68z182z3                     1.000000
z68z188z3                     1.000000
z68z189z3                     1.000000
z68z198z3                     1.000000
z68z204z3                     1.000000
z68z215z3                     1.000000
z68z217z3                     1.000000
z68z244z3                     1.000000
z68z250z3                     1.000000
z68z265z3                     1.000000
z68z271z3                     1.000000
z68z289z3                     1.000000
z68z290z3                     1.000000
s90                           5.269031
z90z57z3                      1.000000
z90z62z3                      1.000000
z90z113z3                     1.000000
z90z120z3                     1.000000
z90z128z3                     1.000000
z90z129z3                     1.000000
z90z157z3                     1.000000
z90z158z3                     1.000000
z90z165z3                     1.000000
z90z167z3                     1.000000
z90z174z3                     1.000000
z90z182z3                     1.000000
z90z188z3                     1.000000
z90z189z3                     1.000000
z90z198z3                     1.000000
z90z204z3                     1.000000
z90z215z3                     1.000000
z90z244z3                     1.000000
z90z265z3                     1.000000
z90z271z3                     1.000000
z90z276z3                     1.000000
z90z289z3                     1.000000
z90z290z3                     1.000000
s160                          2.780000
z160z36z1                     1.000000
z160z38z1                     1.000000
z160z41z1                     1.000000
z160z56z1                     1.000000
z160z77z1                     1.000000
z160z103z1                    1.000000
z160z152z1                    1.000000
z160z161z1                    1.000000
z160z200z1                    1.000000
z160z219z1                    1.000000
z160z246z1                    1.000000
z160z251z1                    1.000000
z160z264z1                    1.000000
s169                          4.682522
z169z8z2                      1.000000
z169z14z2                     1.000000
z169z18z2                     1.000000
z169z21z2                     1.000000
z169z44z2                     1.000000
z169z86z2                     1.000000
z169z87z2                     1.000000
z169z137z2                    1.000000
z169z175z2                    1.000000
z169z176z2                    1.000000
z169z186z2                    1.000000
z169z228z2                    1.000000
z169z234z2                    1.000000
z169z245z2                    1.000000
z169z253z2                    1.000000
z169z255z2                    1.000000
z169z276z2                    1.000000
z169z280z2                    1.000000
z169z287z2                    1.000000
s179                          4.076845
z179z8z2                      1.000000
z179z14z2                     1.000000
z179z18z2                     1.000000
z179z21z2                     1.000000
z179z36z1                     1.000000
z179z38z1                     1.000000
z179z44z2                     1.000000
z179z56z1                     1.000000
z179z77z1                     1.000000
z179z86z2                     1.000000
z179z87z2                     1.000000
z179z103z1                    1.000000
z179z118z2                    1.000000
z179z137z2                    1.000000
z179z152z1                    1.000000
z179z161z1                    1.000000
z179z175z2                    1.000000
z179z176z2                    1.000000
z179z200z1                    1.000000
z179z224z2                    1.000000
z179z228z2                    1.000000
z179z234z2                    1.000000
z179z245z2                    1.000000
z179z246z1                    1.000000
z179z251z1                    1.000000
z179z253z2                    1.000000
z179z255z2                    1.000000
z179z264z1                    1.000000
z179z280z2                    1.000000
z179z282z2                    1.000000
z179z287z2                    1.000000
s194                          3.300000
z194z8z2                      1.000000
z194z14z2                     1.000000
z194z18z2                     1.000000
z194z21z2                     1.000000
z194z41z2                     1.000000
z194z44z2                     1.000000
z194z86z2                     1.000000
z194z87z2                     1.000000
z194z118z2                    1.000000
z194z137z2                    1.000000
z194z175z2                    1.000000
z194z176z2                    1.000000
z194z224z2                    1.000000
z194z228z2                    1.000000
z194z234z2                    1.000000
z194z245z2                    1.000000
z194z253z2                    1.000000
z194z255z2                    1.000000
z194z280z2                    1.000000
z194z282z2                    1.000000
z194z287z2                    1.000000
s196                          4.940000
z196z8z2                      1.000000
z196z14z2                     1.000000
z196z18z2                     1.000000
z196z21z2                     1.000000
z196z28z3                     1.000000
z196z44z2                     1.000000
z196z57z3                     1.000000
z196z62z3                     1.000000
z196z86z2                     1.000000
z196z87z2                     1.000000
z196z113z3                    1.000000
z196z120z3                    1.000000
z196z128z3                    1.000000
z196z137z2                    1.000000
z196z158z3                    1.000000
z196z165z3                    1.000000
z196z167z3                    1.000000
z196z174z3                    1.000000
z196z175z2                    1.000000
z196z176z2                    1.000000
z196z182z3                    1.000000
z196z188z3                    1.000000
z196z189z3                    1.000000
z196z198z3                    1.000000
z196z204z3                    1.000000
z196z215z3                    1.000000
z196z217z3                    1.000000
z196z228z2                    1.000000
z196z234z2                    1.000000
z196z236z3                    1.000000
z196z244z3                    1.000000
z196z245z2                    1.000000
z196z253z2                    1.000000
z196z255z2                    1.000000
z196z265z3                    1.000000
z196z271z3                    1.000000
z196z280z2                    1.000000
z196z287z2                    1.000000
z196z289z3                    1.000000
z196z290z3                    1.000000
s208                          4.140000
z208z28z3                     1.000000
z208z36z1                     1.000000
z208z38z1                     1.000000
z208z52z1                     1.000000
z208z56z1                     1.000000
z208z57z3                     1.000000
z208z62z3                     1.000000
z208z77z1                     1.000000
z208z103z1                    1.000000
z208z113z3                    1.000000
z208z120z3                    1.000000
z208z128z3                    1.000000
z208z129z3                    1.000000
z208z151z3                    1.000000
z208z152z1                    1.000000
z208z157z3                    1.000000
z208z158z3                    1.000000
z208z161z1                    1.000000
z208z165z3                    1.000000
z208z167z3                    1.000000
z208z174z3                    1.000000
z208z182z3                    1.000000
z208z188z3                    1.000000
z208z189z3                    1.000000
z208z198z3                    1.000000
z208z200z1                    1.000000
z208z204z3                    1.000000
z208z215z3                    1.000000
z208z217z3                    1.000000
z208z244z3                    1.000000
z208z246z1                    1.000000
z208z250z3                    1.000000
z208z251z1                    1.000000
z208z264z1                    1.000000
z208z265z3                    1.000000
z208z271z3                    1.000000
z208z289z3                    1.000000
z208z290z3                    1.000000
s225                          3.760000
z225z36z1                     1.000000
z225z38z1                     1.000000
z225z56z1                     1.000000
z225z77z1                     1.000000
z225z103z1                    1.000000
z225z152z1                    1.000000
z225z161z1                    1.000000
z225z200z1                    1.000000
z225z246z1                    1.000000
z225z251z1                    1.000000
z225z264z1                    1.000000
s229                          3.770000
z229z36z1                     1.000000
z229z38z1                     1.000000
z229z56z1                     1.000000
z229z77z1                     1.000000
z229z103z1                    1.000000
z229z152z1                    1.000000
z229z161z1                    1.000000
z229z200z1                    1.000000
z229z246z1                    1.000000
z229z251z1                    1.000000
z229z264z1                    1.000000
s258                          4.909149
z258z56z1                     1.000000
z258z77z1                     1.000000
z258z103z1                    1.000000
z258z152z1                    1.000000
z258z161z1                    1.000000
z258z200z1                    1.000000
z258z236z1                    1.000000
z258z246z1                    1.000000
z258z251z1                    1.000000
z258z264z1                    1.000000
s267                          5.103188
z267z28z3                     1.000000
z267z47z3                     1.000000
z267z57z3                     1.000000
z267z62z3                     1.000000
z267z113z3                    1.000000
z267z120z3                    1.000000
z267z128z3                    1.000000
z267z157z3                    1.000000
z267z158z3                    1.000000
z267z165z3                    1.000000
z267z167z3                    1.000000
z267z174z3                    1.000000
z267z182z3                    1.000000
z267z188z3                    1.000000
z267z189z3                    1.000000
z267z198z3                    1.000000
z267z204z3                    1.000000
z267z215z3                    1.000000
z267z217z3                    1.000000
z267z244z3                    1.000000
z267z250z3                    1.000000
z267z265z3                    1.000000
z267z271z3                    1.000000
z267z289z3                    1.000000
z267z290z3                    1.000000
s269                          4.410000
z269z8z2                      1.000000
z269z14z2                     1.000000
z269z18z2                     1.000000
z269z21z2                     1.000000
z269z44z2                     1.000000
z269z86z2                     1.000000
z269z87z2                     1.000000
z269z118z2                    1.000000
z269z137z2                    1.000000
z269z175z2                    1.000000
z269z176z2                    1.000000
z269z224z2                    1.000000
z269z228z2                    1.000000
z269z234z2                    1.000000
z269z245z2                    1.000000
z269z253z2                    1.000000
z269z255z2                    1.000000
z269z280z2                    1.000000
z269z282z2                    1.000000
z269z287z2                    1.000000
s291                          5.217114
z291z28z3                     1.000000
z291z57z3                     1.000000
z291z62z3                     1.000000
z291z113z3                    1.000000
z291z120z3                    1.000000
z291z128z3                    1.000000
z291z165z3                    1.000000
z291z174z3                    1.000000
z291z188z3                    1.000000
z291z189z3                    1.000000
z291z198z3                    1.000000
z291z204z3                    1.000000
z291z244z3                    1.000000
z291z265z3                    1.000000
z291z271z3                    1.000000
z291z289z3                    1.000000
z8z228z2                      1.000000
z8z261z2                      1.000000
z21z15z2                      1.000000
z21z107z2                     1.000000
z28z15z3                      1.000000
z28z232z3                     1.000000
z28z271z3                     1.000000
z28z289z3                     1.000000
z32z99z1                      1.000000
z32z161z1                     1.000000
z32z165z3                     1.000000
z32z251z1                     1.000000
z32z261z3                     1.000000
z32z271z3                     1.000000
z32z289z3                     1.000000
z36z32z1                      1.000000
z36z103z1                     1.000000
z36z161z1                     1.000000
z36z211z1                     1.000000
z36z251z1                     1.000000
z38z77z1                      1.000000
z38z161z1                     1.000000
z38z246z1                     1.000000
z38z251z1                     1.000000
z41z43z1                      1.000000
z41z43z2                      1.000000
z41z137z2                     1.000000
z41z161z1                     1.000000
z41z251z1                     1.000000
z43z67z1                      1.000000
z43z67z2                      1.000000
z43z137z2                     1.000000
z43z161z1                     1.000000
z43z251z1                     1.000000
z44z253z2                     1.000000
z47z95z1                      1.000000
z47z161z1                     1.000000
z47z165z3                     1.000000
z47z192z3                     1.000000
z47z251z1                     1.000000
z47z271z3                     1.000000
z47z289z3                     1.000000
z52z32z3                      1.000000
z52z161z1                     1.000000
z52z165z3                     1.000000
z52z246z1                     1.000000
z52z251z1                     1.000000
z52z271z3                     1.000000
z52z289z3                     1.000000
z55z99z3                      1.000000
z55z271z3                     1.000000
z56z161z1                     1.000000
z56z200z1                     1.000000
z56z251z1                     1.000000
z56z264z1                     1.000000
z77z107z1                     1.000000
z77z161z1                     1.000000
z77z173z1                     1.000000
z77z251z1                     1.000000
z77z264z1                     1.000000
z87z8z2                       1.000000
z87z18z2                      1.000000
z87z137z2                     1.000000
z87z280z2                     1.000000
z95z42z2                      1.000000
z95z78z1                      1.000000
z118z137z2                    1.000000
z118z234z2                    1.000000
z118z255z2                    1.000000
z120z57z3                     1.000000
z120z192z3                    0.000000
z120z271z3                    1.000000
z129z165z3                    1.000000
z129z271z3                    1.000000
z129z289z3                    1.000000
z151z165z3                    1.000000
z151z182z3                    1.000000
z151z271z3                    1.000000
z151z289z3                    1.000000
z157z165z3                    1.000000
z157z188z3                    1.000000
z157z271z3                    1.000000
z157z289z3                    1.000000
z167z192z3                   -0.000000
z167z271z3                    1.000000
z176z173z2                    1.000000
z182z265z3                    1.000000
z182z271z3                    1.000000
z182z289z3                    1.000000
z186z28z3                     1.000000
z186z137z2                    1.000000
z186z165z3                    1.000000
z186z176z2                    1.000000
z186z271z3                    1.000000
z186z289z3                    1.000000
z192z69z3                     1.000000
z192z152z1                    1.000000
z200z152z1                    1.000000
z200z232z1                    1.000000
z211z78z3                     1.000000
z211z161z1                    1.000000
z215z289z3                    1.000000
z217z289z3                    1.000000
z219z17z1                     1.000000
z219z228z2                    1.000000
z224z137z2                    1.000000
z224z176z2                    1.000000
z224z219z2                    1.000000
z224z255z2                    1.000000
z236z161z1                    1.000000
z236z165z3                    1.000000
z236z192z1                    1.000000
z236z211z3                    1.000000
z236z251z1                    1.000000
z236z271z3                    1.000000
z236z289z3                    1.000000
z246z42z1                     1.000000
z246z152z1                    1.000000
z246z161z1                    1.000000
z250z165z3                    1.000000
z250z271z3                    1.000000
z250z289z3                    1.000000
z255z17z2                     1.000000
z255z69z2                     1.000000
z255z137z2                    1.000000
z276z55z2                     1.000000
z276z55z3                     1.000000
z276z137z2                    1.000000
z276z165z3                    1.000000
z276z271z3                    1.000000
z276z289z3                    1.000000
z280z137z2                    1.000000
z282z21z2                     1.000000
z282z86z2                     1.000000
z282z137z2                    1.000000
z282z253z2                    1.000000
z290z271z3                    1.000000
All other variables in the range 1-8082 are 0.
