
Log started (V12.10.0.0) Tue Apr 20 04:05:08 2021


Problem 'asset.lp' read.
Read time = 0.02 sec. (0.33 ticks)
New value for default parallel thread count: 1
New value for time limit in seconds: 150
Version identifier: 12.10.0.0 | 2019-11-26 | 843d4de
CPXPARAM_Threads                                 1
CPXPARAM_TimeLimit                               150
Found incumbent of value -0.850411 after 0.00 sec. (0.20 ticks)
Tried aggregator 4 times.
MIP Presolve eliminated 2749 rows and 1719 columns.
MIP Presolve modified 2042 coefficients.
Aggregator did 312 substitutions.
Reduced MIP has 255 rows, 207 columns, and 905 nonzeros.
Reduced MIP has 176 binaries, 8 generals, 0 SOSs, and 0 indicators.
Presolve time = 0.02 sec. (9.28 ticks)
Probing fixed 29 vars, tightened 0 bounds.
Probing time = 0.00 sec. (0.33 ticks)
Cover probing fixed 0 vars, tightened 7 bounds.
Tried aggregator 1 time.
MIP Presolve eliminated 61 rows and 32 columns.
MIP Presolve modified 34 coefficients.
Reduced MIP has 194 rows, 175 columns, and 666 nonzeros.
Reduced MIP has 147 binaries, 8 generals, 0 SOSs, and 0 indicators.
Presolve time = 0.00 sec. (0.43 ticks)
Probing time = 0.00 sec. (0.19 ticks)
Tried aggregator 1 time.
Detecting symmetries...
MIP Presolve eliminated 6 rows and 3 columns.
MIP Presolve modified 16 coefficients.
Reduced MIP has 188 rows, 172 columns, and 648 nonzeros.
Reduced MIP has 147 binaries, 8 generals, 0 SOSs, and 0 indicators.
Presolve time = 0.00 sec. (0.57 ticks)
Probing time = 0.00 sec. (0.18 ticks)
Clique table members: 152.
MIP emphasis: balance optimality and feasibility.
MIP search method: dynamic search.
Parallel mode: none, using 1 thread.
Root relaxation solution time = 0.00 sec. (0.80 ticks)

        Nodes                                         Cuts/
   Node  Left     Objective  IInf  Best Integer    Best Bound    ItCnt     Gap

*     0+    0                           -0.8504      613.1422              --- 
      0     0      155.7019    64       -0.8504      155.7019       99     --- 
*     0+    0                          133.4017      155.7019            16.72%
      0     0      151.1189    64      133.4017      Cuts: 76      129   13.28%
*     0+    0                          151.1087      151.1189             0.01%

Clique cuts applied:  1
Implied bound cuts applied:  59
Gomory fractional cuts applied:  3

Root node processing (before b&c):
  Real time             =    0.03 sec. (16.39 ticks)
Sequential b&c:
  Real time             =    0.00 sec. (0.00 ticks)
                          ------------
Total (root+branch&cut) =    0.03 sec. (16.39 ticks)

Solution pool: 3 solutions saved.

MIP - Integer optimal, tolerance (0.0001/1e-06):  Objective =  1.5110867165e+02
Current MIP best bound =  1.5111886516e+02 (gap = 0.0101935, 0.01%)
Solution time =    0.03 sec.  Iterations = 129  Nodes = 0 (1)
Deterministic time = 16.40 ticks  (552.85 ticks/sec)


Incumbent solution
Variable Name           Solution Value
F                           175.000000
ff                            0.870594
gg                           23.020734
f1                           60.000000
f2                           75.000000
f3                           12.000000
f4                           28.000000
X72                           1.000000
X240                          1.000000
Y110                          1.000000
Y124                          1.000000
Y200                          1.000000
Y264                          1.000000
Z329                          1.000000
V24                           1.000000
V201                          1.000000
V263                          1.000000
V329                          1.000000
s21                           5.440000
s24                           5.360000
s31                           5.960000
s72                           5.985392
s86                           5.420000
s110                          5.750000
s124                          5.900000
s140                          5.790000
s144                          5.790000
s200                          5.770000
s201                          5.350000
s203                          5.960000
s240                          5.821042
s243                          5.350000
s263                          5.300000
s264                          5.670000
s297                          5.450000
s329                          5.390000
t31                           5.960000
t72                           5.985392
t110                          5.750000
t124                          5.900000
t140                          5.790000
t144                          5.790000
t200                          5.770000
t203                          5.960000
t264                          5.670000
u24                           5.140000
u86                           5.130000
u297                          5.230000
u329                          6.000000
r21                           5.440000
r24                           6.000000
r86                           5.420000
r201                          6.000000
r240                          5.821042
r243                          5.350000
r263                          6.000000
r297                          5.450000
r329                          6.000000
n1                            2.000000
n2                            4.000000
n3                            1.000000
n4                            4.000000
x98x72x1                      1.000000
y103y200y1                    1.000000
y193y110y1                    2.000000
x324x240x2                    1.000000
x98x72x2                      1.000000
y335y264y2                    2.000000
y50y200y2                     1.000000
x324x240x3                    1.000000
y165y124y3                    1.000000
y146y124y3                    1.000000
z193z329z1                    1.000000
z335z329z2                    1.000000
v193v263v1                    2.000000
v38v329v1                     1.000000
v73v329v2                     1.000000
v95v201v3                     1.000000
v165v201v3                    1.000000
v146v24v3                     1.000000
v73v24v3                      1.000000
y72y0y1                       1.000000
y72y0y2                       1.000000
y110y0y1                      2.000000
y124y0y3                      2.000000
y200y0y1                      1.000000
y200y0y2                      1.000000
y240y0y2                      1.000000
y240y0y3                      1.000000
y264y0y2                      2.000000
z72z0z1                       1.000000
z72z0z2                       1.000000
z240z0z2                      1.000000
z240z0z3                      1.000000
z329z0z1                      1.000000
z329z0z2                      1.000000
v24v0v3                       2.000000
v72v0v1                       1.000000
v72v0v2                       1.000000
v201v0v3                      2.000000
v240v0v2                      1.000000
v240v0v3                      1.000000
v263v0v1                      2.000000
v329v0v1                      1.000000
v329v0v2                      1.000000
s324                          4.549506
a324a240a2                    1.000000
a324a240a3                    1.000000
s98                           4.710664
a98a72a1                      1.000000
a98a72a2                      1.000000
s12                           4.842321
s95                           4.871996
s103                          5.079578
s165                          5.163938
s146                          5.180220
s193                          5.443148
s73                           5.337089
s335                          4.988551
s50                           5.309433
s285                          5.520801
s38                           5.540350
s113                          3.993620
t98                           0.000664
b98b110b1                     1.000000
b98b264b2                     1.000000
t12                           0.002321
b12b124b3                     1.000000
t95                           0.001996
b95b124b3                     1.000000
b103b200b1                    1.000000
t165                          0.003938
b165b110b1                    1.000000
b165b124b3                    1.000000
t146                          0.000220
b146b124b3                    1.000000
b146b264b2                    1.000000
t193                          0.003148
b193b110b1                    1.000000
b335b264b2                    1.000000
b50b200b2                     1.000000
t285                          0.000801
b285b110b1                    1.000000
b285b264b2                    1.000000
t38                           0.000350
b38b110b1                     1.000000
b38b124b3                     1.000000
t113                          0.003620
b113b110b1                    1.000000
t240                          5.821042
t243                          5.350000
t329                          5.390000
u98                           0.000664
u12                           0.002321
u95                           0.001996
u165                          0.003938
u146                          0.000220
u193                          0.003148
c193c329c1                    1.000000
c335c329c2                    1.000000
u285                          0.000801
u38                           0.000350
u113                          0.003620
u72                           5.985392
u240                          5.821042
u243                          5.350000
r98                           0.000664
r12                           0.002321
r95                           0.001996
d95d201d3                     1.000000
r165                          0.003938
d165d201d3                    1.000000
r146                          0.000220
d146d24d3                     1.000000
r193                          0.003148
d193d263d1                    1.000000
d73d24d3                      1.000000
d73d329d2                     1.000000
r285                          0.000801
r38                           0.000350
d38d329d1                     1.000000
r113                          0.003620
r72                           5.985392
w72                           1.000000
w240                          1.000000
All other variables in the range 1-2238 are 0.
