
Log started (V12.10.0.0) Tue Apr 20 04:27:46 2021


Problem 'asset.lp' read.
Read time = 0.02 sec. (2.15 ticks)
New value for default parallel thread count: 1
New value for time limit in seconds: 250
Version identifier: 12.10.0.0 | 2019-11-26 | 843d4de
CPXPARAM_Threads                                 1
CPXPARAM_TimeLimit                               250
Found incumbent of value -0.859711 after 0.00 sec. (1.26 ticks)
Tried aggregator 3 times.
MIP Presolve eliminated 15205 rows and 10068 columns.
MIP Presolve modified 12463 coefficients.
Aggregator did 1799 substitutions.
Reduced MIP has 2672 rows, 2856 columns, and 13699 nonzeros.
Reduced MIP has 2328 binaries, 388 generals, 0 SOSs, and 0 indicators.
Presolve time = 0.04 sec. (45.15 ticks)
Probing fixed 413 vars, tightened 58 bounds.
Probing time = 0.03 sec. (14.49 ticks)
Cover probing fixed 0 vars, tightened 138 bounds.
Tried aggregator 3 times.
MIP Presolve eliminated 870 rows and 576 columns.
MIP Presolve modified 851 coefficients.
Aggregator did 5 substitutions.
Reduced MIP has 1796 rows, 2275 columns, and 9498 nonzeros.
Reduced MIP has 1825 binaries, 327 generals, 0 SOSs, and 0 indicators.
Presolve time = 0.02 sec. (18.89 ticks)
Probing fixed 4 vars, tightened 0 bounds.
Probing time = 0.02 sec. (10.65 ticks)
Tried aggregator 1 time.
Detecting symmetries...
MIP Presolve eliminated 5 rows and 5 columns.
MIP Presolve modified 126 coefficients.
Reduced MIP has 1791 rows, 2270 columns, and 9472 nonzeros.
Reduced MIP has 1820 binaries, 327 generals, 0 SOSs, and 0 indicators.
Presolve time = 0.01 sec. (6.14 ticks)
Probing time = 0.00 sec. (3.00 ticks)
Clique table members: 6904.
MIP emphasis: balance optimality and feasibility.
MIP search method: dynamic search.
Parallel mode: none, using 1 thread.
Root relaxation solution time = 0.02 sec. (16.39 ticks)

        Nodes                                         Cuts/
   Node  Left     Objective  IInf  Best Integer    Best Bound    ItCnt     Gap

*     0+    0                           -0.8597     1242.4405              --- 
      0     0      641.4484   418       -0.8597      641.4484     1006     --- 
      0     0      631.8212   418       -0.8597     Cuts: 547     1654     --- 
      0     0      631.7847   418       -0.8597     Cuts: 487     2262     --- 
      0     0      631.7829   418       -0.8597     Cuts: 517     2678     --- 
      0     0      631.7451   418       -0.8597     Cuts: 531     3004     --- 
*     0+    0                           32.8560      631.7451              --- 
      0     0        cutoff             32.8560      631.7451     3004     --- 
      0     0      631.4536   418       32.8560     Cuts: 295     3253     --- 
      0     0      631.4261   418       32.8560     Cuts: 248     3419     --- 
*     0+    0                           82.5044      631.4261           665.32%
      0     0        cutoff             82.5044      631.4261     3419  665.32%
      0     2      631.4261   619       82.5044      631.4261     3419  665.32%
Elapsed time = 0.59 sec. (587.86 ticks, tree = 0.01 MB, solutions = 2)
     40    42      629.4770   437       82.5044      631.4261     4949  665.32%
     90    82      623.0266   423       82.5044      631.4261     8000  665.32%
    133   124      595.1804   420       82.5044      631.4261    10297  665.32%
    197   184      626.5245   465       82.5044      631.4260    11512  665.32%
*   260+  245                          566.3384      631.4260            11.49%
    261   248      598.3489   352      566.3384      631.4260    13285   11.49%
*   280+  265                          569.2282      631.4260            10.93%
    370   353      629.3119   570      569.2282      631.4259    14508   10.93%
*   380+  310                          575.1341      631.4259             9.79%
    444   376      625.1163   419      575.1341      631.4259    15288    9.79%
*   495+  415                          588.7410      631.4259             7.25%
*   495+  415                          588.7410      631.4259             7.25%
*   495+  415                          588.7411      631.4259             7.25%
*   495+  415                          588.7416      631.4259             7.25%
*   495+  415                          588.7416      631.4259             7.25%
*   495+  415                          588.7416      631.4259             7.25%
    495   417      617.5548   362      588.7416      631.4259    15915    7.25%
    496   418      631.4259   628      588.7416      631.4259    15949    7.25%
*   497+  417                          588.7417      631.4259             7.25%

Performing restart 1

Repeating presolve.
Tried aggregator 2 times.
MIP Presolve eliminated 1 rows and 0 columns.
MIP Presolve modified 1628 coefficients.
Aggregator did 4 substitutions.
Reduced MIP has 1786 rows, 2266 columns, and 8130 nonzeros.
Reduced MIP has 1819 binaries, 324 generals, 0 SOSs, and 0 indicators.
Presolve time = 0.01 sec. (9.49 ticks)
Tried aggregator 1 time.
MIP Presolve eliminated 17 rows and 9 columns.
MIP Presolve modified 32 coefficients.
Reduced MIP has 1769 rows, 2257 columns, and 8045 nonzeros.
Reduced MIP has 1811 binaries, 324 generals, 0 SOSs, and 0 indicators.
Presolve time = 0.01 sec. (5.88 ticks)
Represolve time = 0.05 sec. (44.15 ticks)
    607     0      631.2285   506      588.7417     Cuts: 355    20921    7.22%
    607     0      631.0285   506      588.7417     Cuts: 335    21642    7.18%
    607     0      630.9644   506      588.7417     Cuts: 330    22230    7.17%
    607     0      630.9476   506      588.7417     Cuts: 318    22742    7.17%
    607     0      630.9458   506      588.7417     Cuts: 349    23165    7.17%
    607     0      630.6394   506      588.7417     Cuts: 196    23558    7.12%
    607     0      630.6384   506      588.7417     Cuts: 278    23863    7.12%
    607     0      630.5375   506      588.7417     Cuts: 215    24421    7.10%
    607     0      630.0542   506      588.7417     Cuts: 248    24883    7.02%
    607     0      630.0530   506      588.7417     Cuts: 188    25151    7.02%
    607     0      630.0519   506      588.7417     Cuts: 212    25519    7.02%
    607     0      630.0407   506      588.7417     Cuts: 194    25849    7.01%
    607     0      630.0350   506      588.7417     Cuts: 128    26111    7.01%
    607     0      630.0131   506      588.7417     Cuts: 178    26416    7.01%
    607     0      630.0122   506      588.7417     Cuts: 215    26653    7.01%
*   607+    0                          596.3614      630.0122             5.64%
*   607+    0                          596.3616      630.0122             5.64%
*   607+    0                          596.3616      630.0122             5.64%
*   607+    0                          596.3617      630.0122             5.64%
*   607+    0                          596.3618      630.0122             5.64%
*   607+    0                          596.3618      630.0122             5.64%
    607     0        cutoff            596.3618      630.0122    26653    5.64%
    607     2      630.0122   477      596.3618      629.9958    26653    5.64%
Elapsed time = 9.39 sec. (10085.69 ticks, tree = 0.01 MB, solutions = 18)
    612     7      629.9516   428      596.3618      629.9923    27618    5.64%
    627    22      629.5389   409      596.3618      629.9923    29776    5.64%
    647    42      620.4294   416      596.3618      629.9923    32585    5.64%
    676    71      615.9361   336      596.3618      629.9923    34486    5.64%
*   707+   89                          613.4313      629.9920             2.70%
*   707+   89                          613.4313      629.9920             2.70%
    713    97      629.0650   458      613.4313      629.9920    36679    2.70%
    755   130      625.9154   457      613.4313      629.9295    43681    2.69%
*   807+  170                          614.0531      629.9295             2.59%
*   807+  170                          614.0533      629.9295             2.59%
*   807+  144                          616.5856      629.9295             2.16%
*   807+  144                          616.5859      629.9295             2.16%
*   807+  144                          616.5860      629.9295             2.16%
*   807+  144                          616.5860      629.9295             2.16%
*   807+  144                          616.5860      629.9295             2.16%
*   807+  144                          616.5861      629.9295             2.16%
*   807+  144                          616.5862      629.9295             2.16%
    807   146      629.8403   422      616.5862      629.9152    45943    2.16%
    887   215      624.1985   455      616.5862      629.8342    52943    2.15%
*   907+  225                          616.6901      629.8150             2.13%
*   907+  225                          616.6901      629.8150             2.13%
    907   227      626.7084   428      616.6901      629.8150    56146    2.13%
    999   309      626.8374   446      616.6901      629.7997    61460    2.13%
Elapsed time = 18.69 sec. (20801.53 ticks, tree = 0.47 MB, solutions = 31)
*  1007+  315                          616.6905      629.7997             2.13%
   1028   333      625.9510   455      616.6905      629.6966    63387    2.11%
   1139   434      626.6324   406      616.6905      629.6700    68584    2.10%
   1273   552      626.7090   393      616.6905      629.6698    74947    2.10%
   1440   683      626.4503   418      616.6905      629.6106    81295    2.10%
   1581   807      627.5648   476      616.6905      629.5941    87655    2.09%
   1640   850      622.9573   348      616.6905      629.5752    94290    2.09%
   1732   926      627.8622   453      616.6905      629.4481   101706    2.07%
*  1807+  992                          616.6905      629.3129             2.05%
   1807   994      626.3565   409      616.6905      629.3129   106134    2.05%
*  1907+ 1083                          616.6906      629.3126             2.05%
   1940  1112      618.2104   373      616.6906      629.2076   113318    2.03%
   2122  1263      626.3087   404      616.6906      629.1125   121070    2.01%
Elapsed time = 27.87 sec. (31062.85 ticks, tree = 1.91 MB, solutions = 34)
   2207  1329      626.7089   413      616.6906      629.1039   126314    2.01%
   2301  1407      627.1784   380      616.6906      628.9548   133178    1.99%
   2433  1528      626.7524   433      616.6906      628.9171   139170    1.98%
   2516  1587      624.3581   397      616.6906      628.8665   145580    1.97%
   2634  1688      620.6126   415      616.6906      628.8438   152032    1.97%
   2742  1777      627.7862   426      616.6906      628.7612   157738    1.96%
   2884  1902      619.8340   403      616.6906      628.6238   164426    1.94%
   3065  2069      617.8373   458      616.6906      628.5135   171951    1.92%
   3209  2191      620.1622   394      616.6906      628.4388   178728    1.91%
   3370  2340      618.3820   254      616.6906      628.4220   182473    1.90%
Elapsed time = 37.14 sec. (41820.66 ticks, tree = 3.59 MB, solutions = 34)
   3554  2506      620.7155   395      616.6906      628.3896   189515    1.90%
   3749  2677      618.1731   394      616.6906      628.3547   196681    1.89%
   3951  2851      621.5291   282      616.6906      628.3262   204831    1.89%
   4086  2966      622.6306   361      616.6906      628.3125   212892    1.88%
*  4207+ 3066                          616.6909      628.2778             1.88%
*  4207+ 3066                          616.6909      628.2778             1.88%
   4207  3068      618.5309   326      616.6909      628.2778   217262    1.88%
*  4307+ 2932                          617.1972      628.2618             1.79%
*  4307+ 2929                          617.1975      628.2618             1.79%
*  4307+ 2921                          617.1979      628.2618             1.79%
   4307  2923      625.9225   388      617.1979      628.2618   222671    1.79%
*  4407+ 3012                          617.1982      628.2376             1.79%
   4427  3027      618.0622   371      617.1982      628.2302   228887    1.79%
   4607  3192      622.7721   318      617.1982      628.2195   235648    1.79%
*  4707+ 3181                          617.2641      628.2142             1.77%
*  4707+ 3181                          617.2645      628.2142             1.77%
*  4707+ 3181                          617.2645      628.2142             1.77%
*  4707+ 3181                          617.2645      628.2142             1.77%
*  4707+ 3181                          617.2646      628.2142             1.77%
   4738  3213      622.6702   388      617.2646      628.2142   239512    1.77%
   4864  3316      619.2287   456      617.2646      628.1671   246052    1.77%
Elapsed time = 45.96 sec. (52027.22 ticks, tree = 5.03 MB, solutions = 45)
*  4907+ 3353                          617.2647      628.1483             1.76%
   4965  3403      626.2172   414      617.2647      628.1457   250846    1.76%
*  5007+ 3439                          617.2651      628.1401             1.76%
   5032  3464      617.7602   317      617.2651      628.1401   254109    1.76%
   5137  3551      618.8685   400      617.2651      628.1251   260587    1.76%
   5249  3637      621.4758   361      617.2651      628.0649   268771    1.75%
   5450  3820      617.7946   354      617.2651      628.0299   276058    1.74%
   5657  4005      619.3527   379      617.2651      628.0015   283834    1.74%
   5769  4097      617.7957   374      617.2651      627.9730   289512    1.73%
   5980  4267      626.4192   428      617.2651      627.9316   297667    1.73%
   6201  4464      619.2015   246      617.2651      627.9292   306285    1.73%
   6264  4508      626.3048   389      617.2651      627.9289   312865    1.73%
Elapsed time = 54.53 sec. (61655.45 ticks, tree = 6.93 MB, solutions = 47)
*  6307+ 4540                          617.2652      627.8895             1.72%
   6317  4548      620.2183   435      617.2652      627.8622   317334    1.72%
*  6407+ 4621                          617.2652      627.8620             1.72%
   6410  4622      627.7805   432      617.2652      627.8510   322217    1.71%
*  6507+ 4710                          617.2653      627.8121             1.71%
   6507  4712      621.0894   372      617.2653      627.8121   326238    1.71%
   6691  4868      623.2083   400      617.2653      627.7961   333282    1.71%
   6902  5060      617.4004   258      617.2653      627.7960   340024    1.71%
   7015  5161      625.0181   385      617.2653      627.7959   346182    1.71%
   7099  5224      617.4432   388      617.2653      627.7949   353046    1.71%
   7137  5254      622.7709   370      617.2653      627.7947   356505    1.71%
   7231  5321      623.7823   435      617.2653      627.7945   362814    1.71%
   7337  5407      617.6459   361      617.2653      627.7780   369711    1.70%
Elapsed time = 63.15 sec. (71520.12 ticks, tree = 8.29 MB, solutions = 50)
   7528  5582      618.0398   314      617.2653      627.7660   377430    1.70%
   7607  5653      618.6729   359      617.2653      627.7658   381729    1.70%
   7829  5857      627.1300   420      617.2653      627.7652   389657    1.70%
   8028  6034      626.9011   411      617.2653      627.7647   397911    1.70%
   8236  6218      624.3489   417      617.2653      627.7599   406195    1.70%
   8399  6368      618.4255   354      617.2653      627.7499   413377    1.70%
   8499  6444      627.0344   425      617.2653      627.7484   421127    1.70%
   8551  6495      619.9354   352      617.2653      627.7484   423289    1.70%
   8754  6679      627.5454   416      617.2653      627.7342   430748    1.70%
   8958  6870      625.7808   394      617.2653      627.7321   438380    1.70%
Elapsed time = 71.78 sec. (81398.74 ticks, tree = 10.48 MB, solutions = 50)
   9100  6995        cutoff            617.2653      627.7319   445741    1.70%
   9291  7168      618.1686   394      617.2653      627.7257   454240    1.69%
   9407  7265      618.0202   373      617.2653      627.7231   460814    1.69%
   9581  7419      618.7506   366      617.2653      627.7168   468741    1.69%
   9717  7528      619.1851   363      617.2653      627.6967   475182    1.69%
   9965  7752      604.4002   369      617.2653      627.6965   481067    1.69%
  10100  7863      619.5479   405      617.2653      627.6965   487965    1.69%
* 10107+ 7868                          617.2654      627.6965             1.69%
* 10207+ 7958                          617.2655      627.6964             1.69%
  10207  7959      618.5585   317      617.2655      627.6964   492398    1.69%
  10409  8136      618.0323   323      617.2655      627.6963   499518    1.69%
* 10507+ 8225                          617.2655      627.6963             1.69%
* 10507+ 8225                          617.2656      627.6963             1.69%
* 10507+ 8225                          617.2656      627.6963             1.69%
* 10507+ 8225                          617.2657      627.6963             1.69%
* 10507+ 8225                          617.2657      627.6963             1.69%
* 10507+ 8225                          617.2657      627.6963             1.69%
  10507  8227      619.1842   333      617.2657      627.6963   503024    1.69%
Elapsed time = 80.78 sec. (91448.07 ticks, tree = 12.85 MB, solutions = 58)
  10508  8228      626.5039   408      617.2657      627.6963   503430    1.69%

Performing restart 2

Repeating presolve.
Tried aggregator 2 times.
MIP Presolve eliminated 217 rows and 244 columns.
MIP Presolve modified 280 coefficients.
Aggregator did 10 substitutions.
Reduced MIP has 1542 rows, 2003 columns, and 11956 nonzeros.
Reduced MIP has 1635 binaries, 264 generals, 0 SOSs, and 0 indicators.
Presolve time = 0.01 sec. (12.55 ticks)
Tried aggregator 1 time.
MIP Presolve eliminated 7 rows and 5 columns.
MIP Presolve modified 263 coefficients.
Reduced MIP has 1535 rows, 1998 columns, and 11912 nonzeros.
Reduced MIP has 1632 binaries, 262 generals, 0 SOSs, and 0 indicators.
Presolve time = 0.01 sec. (9.99 ticks)
Represolve time = 0.10 sec. (82.59 ticks)
  10617     0      629.8382   421      617.2657     Cuts: 202   511708    1.69%
  10617     0      629.7530   421      617.2657     Cuts: 183   512137    1.69%
  10617     0      629.6647   421      617.2657     Cuts: 299   512521    1.69%
  10617     0      629.3916   421      617.2657     Cuts: 241   513657    1.69%
  10617     0      629.3118   421      617.2657     Cuts: 431   514194    1.69%
  10617     0      629.3107   421      617.2657     Cuts: 314   514512    1.69%
  10617     0      629.2595   421      617.2657     Cuts: 179   515095    1.69%
  10617     0      629.2426   421      617.2657     Cuts: 345   515593    1.69%
  10617     0      629.2382   421      617.2657     Cuts: 300   515878    1.69%
  10617     0      629.2264   421      617.2657     Cuts: 276   516318    1.69%
  10617     0      629.2119   421      617.2657     Cuts: 207   516880    1.69%

Repeating presolve.
Tried aggregator 3 times.
MIP Presolve eliminated 35 rows and 29 columns.
MIP Presolve modified 265 coefficients.
Aggregator did 12 substitutions.
Reduced MIP has 1488 rows, 1957 columns, and 11944 nonzeros.
Reduced MIP has 1609 binaries, 247 generals, 0 SOSs, and 0 indicators.
Presolve time = 0.02 sec. (13.99 ticks)
Tried aggregator 1 time.
Reduced MIP has 1488 rows, 1957 columns, and 11944 nonzeros.
Reduced MIP has 1609 binaries, 247 generals, 0 SOSs, and 0 indicators.
Presolve time = 0.01 sec. (7.36 ticks)
Represolve time = 0.10 sec. (84.89 ticks)
  10617     0      629.2053   486      617.2657     Cuts: 246   519552    1.69%
  10617     0      629.1609   486      617.2657     Cuts: 192   519882    1.69%
  10617     0      628.9992   486      617.2657     Cuts: 143   520624    1.69%
  10617     0      628.8652   486      617.2657     Cuts: 167   521075    1.69%
  10617     0      628.8139   486      617.2657     Cuts: 204   521509    1.69%
  10617     0      628.7625   486      617.2657     Cuts: 240   521716    1.69%
  10617     0      628.7262   486      617.2657     Cuts: 198   522528    1.69%
  10617     0      628.6711   486      617.2657     Cuts: 162   522867    1.69%
  10617     0      628.6631   486      617.2657     Cuts: 160   523235    1.69%
  10617     2      628.6631   495      617.2657      627.5031   523235    1.66%
  10620     5      627.4644   443      617.2657      627.5028   523800    1.66%
  10626    11      626.9069   435      617.2657      627.5028   525680    1.66%
  10633    18      625.8884   416      617.2657      627.5028   529585    1.66%
  10650    32      627.5017   461      617.2657      627.5027   531050    1.66%
  10663    45      627.1827   384      617.2657      627.5027   533749    1.66%
  10682    63      618.6766   389      617.2657      627.5027   537728    1.66%
  10708    81      627.4899   452      617.2657      627.5021   539140    1.66%
* 10717+   88                          617.2658      627.5021             1.66%
* 10717+   88                          617.2658      627.5021             1.66%
  10790   140      619.1830   312      617.2658      627.4899   549984    1.66%
Elapsed time = 108.34 sec. (122532.96 ticks, tree = 0.17 MB, solutions = 60)
* 10817+  159                          617.4988      627.4899             1.62%
  10901   227      618.9757   416      617.4988      627.4898   556498    1.62%
* 10917+  241                          617.4994      627.4898             1.62%
  11063   371      621.3996   400      617.4994      627.4894   563122    1.62%
  11417   660      626.3123   388      617.4994      627.4856   582609    1.62%
  11693   879      618.9319   362      617.4994      627.4629   604289    1.61%
  12158  1257      627.1826   367      617.4994      627.4559   623954    1.61%
  12793  1791      623.2591   332      617.4994      627.4272   647070    1.61%
  13312  2240      624.0882   403      617.4994      627.2457   672806    1.58%
  13754  2601      617.8638   298      617.4994      627.2448   700561    1.58%
  14323  3096      621.2216   262      617.4994      627.2439   730132    1.58%
  14723  3430      618.6722   350      617.4994      627.2437   756783    1.58%
Elapsed time = 141.66 sec. (160823.74 ticks, tree = 4.37 MB, solutions = 62)
* 14817+ 3504                          617.4995      627.2436             1.58%
* 14917+ 3583                          617.4995      627.2428             1.58%
  15009  3656      624.2336   475      617.4995      627.2424   783464    1.58%
  15217  3824      618.7130   282      617.4995      627.2289   799106    1.58%
  15586  4129      627.2137   411      617.4995      627.2143   822118    1.57%
  15982  4463      618.6699   297      617.4995      627.2140   849774    1.57%
  16350  4768      618.6296   325      617.4995      627.2137   871722    1.57%
  16883  5201      619.2150   404      617.4995      627.2130   896765    1.57%
  17086  5353      622.8522   383      617.4995      627.1951   923046    1.57%
  17305  5526      618.6710   322      617.4995      627.1841   945264    1.57%
  17644  5811      620.7151   423      617.4995      627.1834   970270    1.57%
  17958  6063      618.5521   305      617.4995      627.1829  1003443    1.57%
Elapsed time = 175.85 sec. (199409.16 ticks, tree = 7.73 MB, solutions = 64)
  18377  6398      626.8069   489      617.4995      627.1828  1027190    1.57%
  18802  6763      617.9079   303      617.4995      627.1828  1049538    1.57%
  19234  7123      619.1842   385      617.4995      627.1826  1079746    1.57%
  19572  7393      624.6532   429      617.4995      627.1825  1110827    1.57%
  19851  7614      618.6699   363      617.4995      627.1824  1137079    1.57%
  20228  7923      620.0590   408      617.4995      627.1822  1165231    1.57%
  20753  8351      619.3262   404      617.4995      627.1821  1198780    1.57%
  21089  8617      626.7986   390      617.4995      627.1820  1221111    1.57%
  21376  8840      620.5971   401      617.4995      627.1819  1245794    1.57%
  21868  9254      622.9978   341      617.4995      627.1817  1274091    1.57%
Elapsed time = 210.04 sec. (237929.82 ticks, tree = 12.07 MB, solutions = 64)
  22260  9564        cutoff            617.4995      627.1817  1304075    1.57%
  22646  9889      622.2689   466      617.4995      627.1815  1329399    1.57%
  22917 10101      619.9676   438      617.4995      627.1814  1353081    1.57%
  23325 10439      622.9102   289      617.4995      627.1813  1382496    1.57%
Starting limited solution polishing.
  23726 10757      618.1614   288      617.4995      627.1812  1411606    1.57%
  24116 11076      622.7341   297      617.4995      627.1811  1438019    1.57%
* 24317+11228                          617.4996      627.1809             1.57%
  24371 11263      622.9522   432      617.4996      627.1809  1461828    1.57%
  24569 11406      623.2530   293      617.4996      627.1807  1486315    1.57%
  24782 11549      624.2445   488      617.4996      627.1804  1510315    1.57%
  25108 11803      624.2446   480      617.4996      627.1800  1545021    1.57%
Elapsed time = 244.82 sec. (276535.37 ticks, tree = 15.35 MB, solutions = 65)
  25470 12085      620.9253   338      617.4996      627.1798  1570034    1.57%
Advanced basis not built.

GUB cover cuts applied:  54
Clique cuts applied:  53
Cover cuts applied:  8
Implied bound cuts applied:  64
Flow cuts applied:  31
Mixed integer rounding cuts applied:  431
Zero-half cuts applied:  69
Lift and project cuts applied:  66
Gomory fractional cuts applied:  56

Root node processing (before b&c):
  Real time             =    0.60 sec. (594.59 ticks)
Sequential b&c:
  Real time             =  249.41 sec. (281492.48 ticks)
                          ------------
Total (root+branch&cut) =  250.01 sec. (282087.07 ticks)

Solution pool: 66 solutions saved.

MIP - Time limit exceeded, integer feasible:  Objective =  6.1749961387e+02
Current MIP best bound =  6.2717977536e+02 (gap = 9.68016, 1.57%)
Solution time =  250.01 sec.  Iterations = 1578975  Nodes = 25517 (12117)
Deterministic time = 282087.12 ticks  (1128.30 ticks/sec)


Incumbent solution
Variable Name           Solution Value
F                           707.000000
ff                            0.890643
gg                           88.609743
f1                          240.000000
f2                          210.000000
f3                          141.000000
f4                          116.000000
X203                          1.000000
X168                          1.000000
X138                          1.000000
X206                          1.000000
X113                          1.000000
X128                          1.000000
X217                          1.000000
X243                          1.000000
Y44                           1.000000
Y90                           1.000000
Y65                           1.000000
Y116                          1.000000
Y161                          1.000000
Y162                          1.000000
Y194                          1.000000
Y53                           1.000000
Y285                          1.000000
Y142                          1.000000
Y72                           1.000000
Y111                          1.000000
Y167                          1.000000
Y112                          1.000000
Y191                          1.000000
Y115                          1.000000
Y124                          1.000000
Y125                          1.000000
Z5                            1.000000
Z146                          1.000000
Z90                           1.000000
Z16                           1.000000
Z65                           1.000000
Z116                          1.000000
Z285                          1.000000
Z293                          1.000000
Z256                          1.000000
Z162                          1.000000
Z110                          1.000000
Z276                          1.000000
Z52                           1.000000
Z139                          1.000000
Z126                          1.000000
Z2                            1.000000
Z99                           1.000000
Z194                          1.000000
Z53                           1.000000
Z187                          1.000000
Z96                           1.000000
V5                            1.000000
V26                           1.000000
V10                           1.000000
V290                          1.000000
V16                           1.000000
V291                          1.000000
V204                          1.000000
V146                          1.000000
V258                          1.000000
V139                          1.000000
V90                           1.000000
V256                          1.000000
V293                          1.000000
V65                           1.000000
V110                          1.000000
V116                          1.000000
V285                          1.000000
V172                          1.000000
V276                          1.000000
V178                          1.000000
s121                          4.150000
s297                          4.150000
s185                          4.160000
s133                          4.170000
s1                            4.190000
s171                          4.190000
s15                           4.200000
s100                          4.220000
s202                          4.240000
s241                          4.270000
s104                          4.280000
s129                          4.280000
s259                          4.310000
s250                          4.320000
s282                          4.320000
s35                           4.330000
s56                           4.370000
s203                          5.032916
s127                          4.380000
s269                          4.380000
s233                          4.400000
s62                           4.430000
s33                           4.480000
s14                           4.490000
s24                           4.490000
s136                          4.500000
s68                           4.730000
s168                          5.757170
s138                          5.927240
s206                          5.929937
s5                            5.760000
s31                           5.610000
s113                          5.960000
s123                          5.360000
s128                          5.766119
s170                          5.570000
s217                          5.960000
s221                          5.800000
s232                          5.320000
s243                          5.981248
s292                          5.270000
t113                          5.960000
t128                          5.766119
t217                          5.960000
t243                          5.981248
t44                           5.180000
t90                           5.710000
t65                           5.830000
t116                          5.990000
t161                          6.937294
t162                          6.020000
t146                          6.090000
t99                           6.150000
t194                          6.686828
t53                           7.097105
t285                          6.943333
t142                          6.442974
t72                           7.149620
t111                          7.173912
t167                          7.186800
t112                          7.443380
t191                          7.499934
t115                          7.050523
t124                          7.471736
t293                          6.730000
t2                            6.780000
t52                           6.840000
t125                          7.282878
t196                          6.920000
t222                          6.920000
t272                          6.940000
t240                          6.970000
t298                          6.970000
t144                          6.980000
t276                          6.990000
u5                            6.000000
u221                          5.140000
u243                          5.981248
u216                          5.700000
u146                          6.000000
u90                           6.000000
u44                           6.020000
u16                           6.180000
u65                           7.144302
u116                          6.410000
u285                          7.334833
u293                          7.200111
u256                          7.345895
u162                          7.370460
u110                          6.880000
u276                          7.313829
u52                           7.355910
u139                          7.335492
u126                          7.373928
u2                            7.443736
u99                           7.500000
u194                          8.370674
u53                           8.520275
u172                          7.560000
u178                          7.570000
u81                           7.640000
u95                           7.650000
u142                          7.650000
u187                          8.188257
u96                           8.695819
u72                           7.710000
u111                          7.770000
u80                           7.800000
r5                            6.000000
r31                           5.610000
r123                          5.360000
r170                          5.570000
r221                          5.800000
r232                          5.320000
r292                          5.270000
r26                           6.000000
r216                          6.010000
r43                           6.040000
r265                          6.070000
r10                           6.080000
r290                          6.120000
r117                          6.150000
r119                          6.150000
r16                           6.478587
r291                          7.122384
r204                          7.146667
r32                           6.340000
r146                          6.370000
r258                          7.098433
r139                          7.634079
r90                           7.169937
r256                          7.344995
r293                          7.236151
r126                          7.040000
r65                           7.144302
r110                          7.439924
r116                          7.380000
r285                          8.257635
r172                          7.584001
r276                          8.483766
r178                          8.574099
r52                           7.820000
r71                           7.840000
r95                           7.980000
r162                          8.010000
n1                            8.000000
n2                           18.000000
n3                           21.000000
n4                           20.000000
x274x128x1                    1.000000
x281x138x1                    1.000000
x281x243x1                    1.000000
x4x128x1                      1.000000
y94y65y1                      1.000000
y94y162y1                     1.000000
y29y65y1                      1.000000
x295x203x1                    1.000000
x108x203x1                    1.000000
x98x243x2                     1.000000
y98y90y2                      1.000000
x274x217x2                    1.000000
x4x113x2                      1.000000
x239x206x2                    2.000000
y29y90y2                      1.000000
y118y44y2                     1.000000
y34y285y2                     1.000000
x149x138x3                    1.000000
x173x168x3                    2.000000
x3x113x3                      1.000000
x3x217x3                      1.000000
y251y116y3                    1.000000
y251y162y3                    1.000000
y118y116y3                    1.000000
y34y44y3                      1.000000
z94z16z1                      2.000000
z29z52z1                      1.000000
z98z90z2                      1.000000
z29z90z2                      1.000000
z118z5z2                      1.000000
z34z5z2                       1.000000
z251z146z3                    1.000000
z251z116z3                    1.000000
z118z146z3                    1.000000
z34z116z3                     1.000000
v94v290v1                     2.000000
v29v26v1                      1.000000
v98v10v2                      1.000000
v29v5v2                       1.000000
v118v26v2                     1.000000
v34v5v2                       1.000000
v251v146v3                    1.000000
v251v293v3                    1.000000
v118v146v3                    1.000000
v34v10v3                      1.000000
y203y194y1                    2.000000
y168y161y3                    1.000000
y168y53y3                     1.000000
y138y112y1                    1.000000
y138y191y3                    1.000000
y206y112y2                    1.000000
y206y0y2                      1.000000
y113y0y2                      1.000000
y113y72y3                     1.000000
y128y161y1                    1.000000
y128y111y1                    1.000000
y217y167y2                    1.000000
y217y72y3                     1.000000
y243y124y1                    1.000000
y243y124y2                    1.000000
y44y142y2                     1.000000
y44y142y3                     1.000000
y90y115y2                     2.000000
y65y53y1                      1.000000
y65y285y1                     1.000000
y116y125y3                    2.000000
y161y0y1                      1.000000
y161y0y3                      1.000000
y162y111y1                    1.000000
y162y167y3                    1.000000
y194y0y1                      2.000000
y53y0y1                       1.000000
y53y0y3                       1.000000
y285y0y1                      1.000000
y285y0y2                      1.000000
y142y0y2                      1.000000
y142y191y3                    1.000000
y72y0y3                       2.000000
y111y0y1                      2.000000
y167y0y2                      1.000000
y167y0y3                      1.000000
y112y0y1                      1.000000
y112y0y2                      1.000000
y191y0y3                      2.000000
y115y0y2                      2.000000
y124y0y1                      1.000000
y124y0y2                      1.000000
y125y0y3                      2.000000
z203z110z1                    2.000000
z168z52z3                     1.000000
z168z126z3                    1.000000
z138z162z1                    1.000000
z138z99z3                     1.000000
z206z256z2                    2.000000
z5z126z2                      1.000000
z5z99z2                       1.000000
z113z0z2                      1.000000
z113z162z3                    1.000000
z128z65z1                     2.000000
z217z2z2                      1.000000
z217z2z3                      1.000000
z243z285z1                    1.000000
z243z285z2                    1.000000
z146z293z3                    2.000000
z90z276z2                     2.000000
z16z139z1                     2.000000
z65z194z1                     2.000000
z116z0z3                      2.000000
z285z139z1                   -0.000000
z285z96z1                     1.000000
z285z0z1                      0.000000
z285z0z2                      1.000000
z293z0z3                      2.000000
z256z0z2                      2.000000
z162z53z1                     1.000000
z162z53z3                     1.000000
z110z139z1                    0.000000
z110z187z1                    2.000000
z110z0z1                     -0.000000
z276z0z2                      2.000000
z52z96z1                      1.000000
z52z0z3                       1.000000
z139z0z1                      2.000000
z126z0z2                      1.000000
z126z0z3                      1.000000
z2z0z2                        1.000000
z2z0z3                        1.000000
z99z0z2                       1.000000
z99z0z3                       1.000000
z194z0z1                      2.000000
z53z0z1                       1.000000
z53z0z3                       1.000000
z187z0z1                      2.000000
z96z0z1                       2.000000
v203v16v1                     2.000000
v168v293v3                    1.000000
v168v116v3                    1.000000
v138v110v1                    1.000000
v138v116v3                    1.000000
v206v90v2                     2.000000
v5v291v2                      1.000000
v5v256v2                      1.000000
v113v285v2                    1.000000
v113v0v3                      1.000000
v128v65v1                     2.000000
v217v172v2                    1.000000
v217v172v3                    1.000000
v243v110v1                    1.000000
v243v256v2                    1.000000
v26v258v1                     1.000000
v26v258v2                     1.000000
v10v291v2                     1.000000
v10v178v3                     1.000000
v290v204v1                    2.000000
v16v139v1                     2.000000
v291v0v2                      2.000000
v204v0v1                      2.000000
v146v0v3                      2.000000
v258v0v1                      1.000000
v258v0v2                      1.000000
v139v0v1                      2.000000
v90v276v2                     2.000000
v256v178v2                    1.000000
v256v0v2                      1.000000
v293v0v3                      2.000000
v65v285v1                     1.000000
v65v0v1                       1.000000
v110v0v1                      2.000000
v116v0v3                      2.000000
v285v0v1                      1.000000
v285v0v2                      1.000000
v172v0v2                      1.000000
v172v0v3                      1.000000
v276v0v2                      2.000000
v178v0v2                      1.000000
v178v0v3                      1.000000
s149                          3.570000
a149a138a3                    1.000000
s173                          4.380377
a173a168a3                    1.000000
s98                           4.381143
a98a243a2                     1.000000
s3                            4.462727
a3a113a3                      1.000000
a3a217a3                      1.000000
s274                          4.489135
a274a128a1                    1.000000
a274a217a2                    1.000000
s281                          4.449269
a281a138a1                    1.000000
a281a243a1                    1.000000
s4                            4.546421
a4a113a2                      1.000000
a4a128a1                      1.000000
s239                          4.627945
a239a206a2                    1.000000
s251                          4.831438
s94                           4.867620
s29                           4.726071
s118                          4.935000
s34                           4.610773
s295                          3.474080
a295a203a1                    1.000000
s108                          3.510690
a108a203a1                    1.000000
b149b116b3                    1.000000
b149b146b3                    1.000000
b149b72b3                     1.000000
b149b191b3                    1.000000
b149b125b3                    1.000000
t173                          0.000377
b173b116b3                    1.000000
b173b146b3                    1.000000
b173b72b3                     1.000000
b173b191b3                    1.000000
b173b125b3                    1.000000
t98                           0.001143
b98b90b2                      1.000000
b98b115b2                     1.000000
t3                            0.002727
b3b116b3                      1.000000
b3b146b3                      1.000000
b3b72b3                       1.000000
b3b191b3                      1.000000
b3b125b3                      1.000000
b274b194b1                    1.000000
b274b111b1                    1.000000
b274b115b2                    1.000000
b281b128b1                    1.000000
b281b65b1                     1.000000
b281b194b1                    1.000000
b281b111b1                    1.000000
b4b194b1                      1.000000
b4b111b1                      1.000000
b4b115b2                      1.000000
b239b90b2                     1.000000
b239b115b2                    1.000000
t251                          0.001438
b251b116b3                    1.000000
b251b162b3                    1.000000
b251b146b3                    1.000000
b251b72b3                     1.000000
b251b191b3                    1.000000
b251b125b3                    1.000000
b94b128b1                     1.000000
b94b65b1                      1.000000
b94b162b1                     1.000000
b94b194b1                     1.000000
b94b111b1                     1.000000
b29b90b2                      1.000000
b29b65b1                      1.000000
b29b111b1                     1.000000
b29b115b2                     1.000000
t118                          0.005000
b118b44b2                     1.000000
b118b90b2                     1.000000
b118b116b3                    1.000000
b118b146b3                    1.000000
b118b72b3                     1.000000
b118b191b3                    1.000000
b118b115b2                    1.000000
b118b125b3                    1.000000
t34                           0.000773
b34b44b3                      1.000000
b34b90b2                      1.000000
b34b116b3                     1.000000
b34b146b3                     1.000000
b34b285b2                     1.000000
b34b72b3                      1.000000
b34b191b3                     1.000000
b34b115b2                     1.000000
b34b125b3                     1.000000
t295                          0.004080
b295b128b1                    1.000000
b295b65b1                     1.000000
b295b194b1                    1.000000
b295b111b1                    1.000000
t108                          0.000690
b108b128b1                    1.000000
b108b65b1                     1.000000
b108b194b1                    1.000000
b108b111b1                    1.000000
t241                          4.181567
t282                          4.190557
t203                          5.032916
b203b194b1                    1.000000
t24                           4.262354
t168                          5.757170
b168b161b3                    1.000000
b168b53b3                     1.000000
t138                          5.927240
b138b112b1                    1.000000
b138b191b3                    1.000000
t206                          5.929937
b206b112b2                    1.000000
t5                            3.884853
t31                           3.854971
b113b72b3                     1.000000
t123                          3.787855
b128b161b1                    1.000000
b128b111b1                    1.000000
t170                          3.843086
b217b72b3                     1.000000
b217b167b2                    1.000000
t221                          4.885972
t232                          3.794658
b243b124b1                    1.000000
b243b124b2                    1.000000
t292                          3.757257
b44b142b2                     1.000000
b44b142b3                     1.000000
b90b115b2                     1.000000
b65b53b1                      1.000000
b65b285b1                     1.000000
b116b125b3                    1.000000
b162b111b1                    1.000000
b162b167b3                    1.000000
b142b191b3                    1.000000
c149c116c3                    1.000000
c149c293c3                    1.000000
u173                          0.000377
c173c116c3                    1.000000
c173c293c3                    1.000000
u98                           0.001143
c98c90c2                      1.000000
c98c256c2                     1.000000
c98c276c2                     1.000000
u3                            0.002727
c3c116c3                      1.000000
c3c293c3                      1.000000
c274c65c1                     1.000000
c274c256c2                    1.000000
c274c110c1                    1.000000
c274c276c2                    1.000000
c274c139c1                    1.000000
c274c194c1                    1.000000
c274c187c1                    1.000000
c274c96c1                     1.000000
c281c16c1                     1.000000
c281c65c1                     1.000000
c281c110c1                    1.000000
c281c139c1                    1.000000
c281c194c1                    1.000000
c281c187c1                    1.000000
c281c96c1                     1.000000
c4c65c1                       1.000000
c4c256c2                      1.000000
c4c110c1                      1.000000
c4c276c2                      1.000000
c4c139c1                      1.000000
c4c194c1                      1.000000
c4c187c1                      1.000000
c4c96c1                       1.000000
c239c256c2                    1.000000
c239c276c2                    1.000000
u251                          0.001438
c251c146c3                    1.000000
c251c116c3                    1.000000
c251c293c3                    1.000000
c94c16c1                      1.000000
c94c65c1                      1.000000
c94c110c1                     1.000000
c94c139c1                     1.000000
c94c194c1                     1.000000
c94c187c1                     1.000000
c94c96c1                      1.000000
c29c90c2                      1.000000
c29c256c2                     1.000000
c29c110c1                     1.000000
c29c276c2                     1.000000
c29c52c1                      1.000000
c29c139c1                     1.000000
c29c194c1                     1.000000
c29c187c1                     1.000000
c29c96c1                      1.000000
u118                          0.005000
c118c5c2                      1.000000
c118c146c3                    1.000000
c118c116c3                    1.000000
c118c293c3                    1.000000
c118c256c2                    1.000000
c118c276c2                    1.000000
u34                           0.000773
c34c5c2                       1.000000
c34c116c3                     1.000000
c34c293c3                     1.000000
c34c256c2                     1.000000
c34c276c2                     1.000000
u295                          0.004080
c295c16c1                     1.000000
c295c65c1                     1.000000
c295c110c1                    1.000000
c295c139c1                    1.000000
c295c194c1                    1.000000
c295c187c1                    1.000000
c295c96c1                     1.000000
u108                          0.000690
c108c16c1                     1.000000
c108c65c1                     1.000000
c108c110c1                    1.000000
c108c139c1                    1.000000
c108c194c1                    1.000000
c108c187c1                    1.000000
c108c96c1                     1.000000
u241                          3.775035
c241c139c1                    1.000000
c241c194c1                    1.000000
c241c187c1                    1.000000
c241c96c1                     1.000000
u282                          3.782664
c282c139c1                    1.000000
c282c194c1                    1.000000
c282c187c1                    1.000000
c282c96c1                     1.000000
u203                          5.032916
c203c110c1                    1.000000
c203c139c1                    1.000000
c203c194c1                    1.000000
c203c187c1                    1.000000
c203c96c1                     1.000000
u24                           4.056800
u168                          5.757170
c168c52c3                     1.000000
c168c126c3                    1.000000
u138                          5.927240
c138c162c1                    1.000000
c138c99c3                     1.000000
u206                          5.929937
c206c256c2                    1.000000
c5c126c2                      1.000000
c5c99c2                       1.000000
u31                           4.200263
u113                          5.960000
c113c162c3                    1.000000
u123                          4.136578
u128                          5.766119
c128c65c1                     1.000000
u170                          4.189446
u217                          5.960000
c217c2c2                      1.000000
c217c2c3                      1.000000
u232                          4.143242
c243c285c1                    1.000000
c243c285c2                    1.000000
u292                          4.105746
c146c293c3                    1.000000
c90c256c2                     1.000000
c90c276c2                     1.000000
c16c139c1                     1.000000
c16c187c1                     1.000000
c65c194c1                     1.000000
c285c139c1                   -0.000000
c285c96c1                     1.000000
c162c53c1                     1.000000
c162c53c3                     1.000000
c110c139c1                    0.000000
c110c187c1                    1.000000
c52c96c1                      1.000000
d149d146d3                    1.000000
d149d293d3                    1.000000
d149d116d3                    1.000000
r173                          0.000377
d173d146d3                    1.000000
d173d293d3                    1.000000
d173d116d3                    1.000000
r98                           0.001143
d98d10d2                      1.000000
d98d291d2                     1.000000
d98d32d2                      1.000000
d98d90d2                      1.000000
d98d256d2                     1.000000
d98d276d2                     1.000000
r3                            0.002727
d3d146d3                      1.000000
d3d293d3                      1.000000
d3d116d3                      1.000000
d274d139d1                    1.000000
d274d90d2                     1.000000
d274d256d2                    1.000000
d274d65d1                     1.000000
d274d110d1                    1.000000
d274d276d2                    1.000000
d281d290d1                    1.000000
d281d119d1                    1.000000
d281d16d1                     1.000000
d281d204d1                    1.000000
d281d139d1                    1.000000
d281d65d1                     1.000000
d281d110d1                    1.000000
d4d32d2                       1.000000
d4d139d1                      1.000000
d4d90d2                       1.000000
d4d256d2                      1.000000
d4d65d1                       1.000000
d4d110d1                      1.000000
d4d276d2                      1.000000
d239d291d2                    1.000000
d239d32d2                     1.000000
d239d90d2                     1.000000
d239d256d2                    1.000000
d239d276d2                    1.000000
r251                          0.001438
d251d146d3                    1.000000
d251d293d3                    1.000000
d251d116d3                    1.000000
d94d290d1                     1.000000
d94d119d1                     1.000000
d94d16d1                      1.000000
d94d204d1                     1.000000
d94d139d1                     1.000000
d94d65d1                      1.000000
d94d110d1                     1.000000
d29d5d2                       1.000000
d29d26d1                      1.000000
d29d139d1                     1.000000
d29d90d2                      1.000000
d29d256d2                     1.000000
d29d65d1                      1.000000
d29d110d1                     1.000000
d29d276d2                     1.000000
r118                          0.005000
d118d26d2                     1.000000
d118d291d2                    1.000000
d118d32d2                     1.000000
d118d146d3                    1.000000
d118d90d2                     1.000000
d118d256d2                    1.000000
d118d293d3                    1.000000
d118d116d3                    1.000000
d118d276d2                    1.000000
r34                           0.000773
d34d5d2                       1.000000
d34d10d3                      1.000000
d34d291d2                     1.000000
d34d32d2                      1.000000
d34d146d3                     1.000000
d34d90d2                      1.000000
d34d256d2                     1.000000
d34d293d3                     1.000000
d34d116d3                     1.000000
d34d276d2                     1.000000
r295                          0.004080
d295d290d1                    1.000000
d295d119d1                    1.000000
d295d16d1                     1.000000
d295d204d1                    1.000000
d295d139d1                    1.000000
d295d65d1                     1.000000
d295d110d1                    1.000000
r108                          0.000690
d108d290d1                    1.000000
d108d119d1                    1.000000
d108d16d1                     1.000000
d108d204d1                    1.000000
d108d139d1                    1.000000
d108d65d1                     1.000000
d108d110d1                    1.000000
r241                          4.270000
d241d65d1                     1.000000
d241d110d1                    1.000000
r282                          4.320000
d282d65d1                     1.000000
d282d110d1                    1.000000
r203                          5.032916
d203d16d1                     1.000000
d203d65d1                     1.000000
d203d110d1                    1.000000
r24                           4.168979
r168                          5.757170
d168d293d3                    1.000000
d168d116d3                    1.000000
r138                          5.927240
d138d110d1                    1.000000
d138d116d3                    1.000000
r206                          5.929937
d206d90d2                     1.000000
d206d276d2                    1.000000
d5d291d2                      1.000000
d5d256d2                      1.000000
d5d276d2                      1.000000
r113                          5.960000
d113d285d2                    1.000000
r128                          5.766119
d128d65d1                     1.000000
r217                          5.960000
d217d172d2                    1.000000
d217d172d3                    1.000000
r243                          5.981248
d243d256d2                    1.000000
d243d110d1                    1.000000
d26d258d1                     1.000000
d26d258d2                     1.000000
d10d291d2                     1.000000
d10d178d3                     1.000000
d290d204d1                    1.000000
d16d139d1                     1.000000
d90d276d2                     1.000000
d256d178d2                    1.000000
d65d285d1                     1.000000
w203                          1.000000
w168                          1.000000
w138                          1.000000
w206                          1.000000
w113                          1.000000
w128                          1.000000
w217                          1.000000
w243                          1.000000
All other variables in the range 1-14723 are 0.
