
Log started (V12.10.0.0) Thu Apr  8 06:35:35 2021

Warning, line 1206: Name 's143' does not exist.

Problem 'asset.lp' read.
Read time = 0.00 sec. (0.09 ticks)
New value for default parallel thread count: 1
New value for time limit in seconds: 200
Version identifier: 12.10.0.0 | 2019-11-26 | 843d4de
CPXPARAM_Threads                                 1
CPXPARAM_TimeLimit                               200
Found incumbent of value -0.904506 after 0.00 sec. (0.05 ticks)
Tried aggregator 3 times.
MIP Presolve eliminated 172 rows and 97 columns.
MIP Presolve modified 816 coefficients.
Aggregator did 303 substitutions.
Reduced MIP has 452 rows, 485 columns, and 1945 nonzeros.
Reduced MIP has 398 binaries, 57 generals, 0 SOSs, and 0 indicators.
Presolve time = 0.01 sec. (4.57 ticks)
Probing fixed 78 vars, tightened 21 bounds.
Probing time = 0.00 sec. (1.34 ticks)
Cover probing fixed 0 vars, tightened 73 bounds.
Tried aggregator 2 times.
MIP Presolve eliminated 139 rows and 130 columns.
MIP Presolve modified 107 coefficients.
Aggregator did 1 substitutions.
Reduced MIP has 312 rows, 348 columns, and 1200 nonzeros.
Reduced MIP has 289 binaries, 29 generals, 0 SOSs, and 0 indicators.
Presolve time = 0.00 sec. (2.14 ticks)
Probing time = 0.00 sec. (0.77 ticks)
Tried aggregator 1 time.
Detecting symmetries...
MIP Presolve modified 26 coefficients.
Reduced MIP has 312 rows, 348 columns, and 1200 nonzeros.
Reduced MIP has 289 binaries, 29 generals, 0 SOSs, and 0 indicators.
Presolve time = 0.00 sec. (0.84 ticks)
Probing time = 0.00 sec. (0.77 ticks)
Clique table members: 872.
MIP emphasis: balance optimality and feasibility.
MIP search method: dynamic search.
Parallel mode: none, using 1 thread.
Root relaxation solution time = 0.00 sec. (2.27 ticks)

        Nodes                                         Cuts/
   Node  Left     Objective  IInf  Best Integer    Best Bound    ItCnt     Gap

*     0+    0                           -0.9045      185.3532              --- 
      0     0      100.1299    79       -0.9045      100.1299      205     --- 
*     0+    0                           72.5951      100.1299            37.93%
      0     0       99.3221    79       72.5951     Cuts: 163      347   36.82%
      0     0       98.9721    79       72.5951      Cuts: 69      454   36.33%
      0     0       98.5920    79       72.5951      Cuts: 49      511   35.81%
      0     0       98.5214    79       72.5951      Cuts: 44      542   35.71%
      0     0       98.4233    79       72.5951      Cuts: 23      601   35.58%
*     0+    0                           88.3588       98.4233            11.39%
Detecting symmetries...
      0     0       98.4069    79       88.3588      Cuts: 24      618   11.37%
      0     0       98.3331    79       88.3588      Cuts: 19      642   11.29%
      0     0       98.2160    79       88.3588      Cuts: 32      668   11.16%
      0     0       98.1608    79       88.3588      Cuts: 47      716   11.09%
      0     0       98.0851    79       88.3588      Cuts: 46      779   11.01%
      0     0       98.0068    79       88.3588      Cuts: 61      824   10.92%
      0     0       97.8458    79       88.3588      Cuts: 77      865   10.74%
      0     0       97.6822    79       88.3588      Cuts: 57      930   10.55%
      0     0       97.6379    79       88.3588      Cuts: 40      955   10.50%
      0     0       97.6220    79       88.3588      Cuts: 21      989   10.48%
      0     0       97.5388    79       88.3588      Cuts: 61     1062   10.39%
      0     0       97.5158    79       88.3588      Cuts: 98     1114   10.36%
      0     0       97.5142    79       88.3588      Cuts: 20     1131   10.36%
      0     0       97.4645    79       88.3588      Cuts: 20     1179   10.31%
      0     0       97.4475    79       88.3588      Cuts: 76     1222   10.29%
*     0+    0                           88.3627       97.4475            10.28%
Detecting symmetries...
      0     2       97.4475    81       88.3627       97.4474     1222   10.28%
Elapsed time = 0.13 sec. (106.40 ticks, tree = 0.01 MB, solutions = 3)
*   190+  151                           89.1525       97.3794             9.23%
*   290+  222                           89.1528       97.3786             9.23%
    546   399       89.3536     4       89.1528       97.3767     9570    9.22%
*   720+  211                           94.8627       97.1793             2.44%
*   727   214      integral     0       94.8627       97.1792    13375    2.44%
*   747   210      integral     0       94.8628       97.1100    14101    2.37%
*   750   209      integral     0       94.8628       97.1025    14197    2.36%
*   780   196      integral     0       94.8629       96.9661    14886    2.22%

Clique cuts applied:  21
Cover cuts applied:  5
Implied bound cuts applied:  95
Flow cuts applied:  6
Mixed integer rounding cuts applied:  24
Zero-half cuts applied:  18
Gomory fractional cuts applied:  5

Root node processing (before b&c):
  Real time             =    0.13 sec. (106.47 ticks)
Sequential b&c:
  Real time             =    0.46 sec. (502.74 ticks)
                          ------------
Total (root+branch&cut) =    0.59 sec. (609.21 ticks)

Solution pool: 11 solutions saved.

MIP - Integer optimal, tolerance (0.0001/1e-06):  Objective =  9.4862942354e+01
Current MIP best bound =  9.4870237223e+01 (gap = 0.00729487, 0.01%)
Solution time =    0.59 sec.  Iterations = 19400  Nodes = 1002 (16)
Deterministic time = 609.21 ticks  (1039.33 ticks/sec)


Incumbent solution
Variable Name           Solution Value
F                           111.000000
f1                            0.927058
f2                           15.210000
y89                           1.000000
y139                          1.000000
y191                          1.000000
y39                           1.000000
y187                          1.000000
y17                           1.000000
y138                          1.000000
y38                           1.000000
y144                          1.000000
y94                           1.000000
s3                            6.000000
s4                            6.000000
s13                           6.000000
s14                           6.000000
s20                           6.000000
s27                           6.000000
s31                           6.000000
s57                           6.000000
s74                           6.000000
s76                           6.000000
s78                           6.000000
s81                           6.000000
s89                           6.470891
s100                          6.000000
s104                          6.000000
s111                          6.000000
s122                          6.000000
s126                          6.000000
s136                          6.000000
s139                          6.242090
s149                          6.000000
s164                          6.000000
s175                          6.000000
s179                          6.000000
s188                          6.000000
s191                          6.209305
s39                           6.395056
s134                          6.240000
s187                          6.621422
s17                           6.794186
s1                            6.290000
s138                          6.854531
s178                          6.350000
s38                           7.502090
s144                          7.548968
s94                           7.537946
s15                           6.650000
x109x187x1                    1.000000
x150x17x1                     2.000000
x208x187x1                    1.000000
x75x94x2                      1.000000
x26x139x2                     1.000000
x109x39x2                     1.000000
x66x191x2                     1.000000
x152x138x2                    1.000000
x208x89x2                     1.000000
x75x94x3                      1.000000
x66x191x3                     1.000000
x152x138x3                    1.000000
x116x139x3                    1.000000
x61x89x3                      1.000000
x61x39x3                      1.000000
x89x0x2                       1.000000
x89x0x3                       1.000000
x139x0x2                      1.000000
x139x38x3                     1.000000
x191x144x2                    1.000000
x191x38x3                     1.000000
x39x0x2                       1.000000
x39x144x3                     1.000000
x187x0x1                      2.000000
x17x0x1                       2.000000
x138x0x2                      1.000000
x138x0x3                      1.000000
x38x0x3                       2.000000
x144x0x2                      1.000000
x144x0x3                      1.000000
x94x0x2                       1.000000
x94x0x3                       1.000000
s75                           5.991189
z75z94z2                      1.000000
z75z94z3                      1.000000
s26                           4.556640
z26z57z2                      1.000000
z26z139z2                     1.000000
z26z164z2                     1.000000
s109                          4.868140
z109z39z2                     1.000000
z109z187z1                    1.000000
s66                           4.905020
z66z191z2                     1.000000
z66z191z3                     1.000000
z66z38z3                      1.000000
z66z15z3                      1.000000
s152                          5.088570
z152z138z2                    1.000000
z152z138z3                    1.000000
s150                          5.062920
z150z17z1                     1.000000
s116                          4.851880
z116z139z3                    1.000000
z116z178z3                    1.000000
z116z38z3                     1.000000
z116z15z3                     1.000000
s61                           5.148790
z61z89z3                      1.000000
z61z39z3                      1.000000
z61z15z3                      1.000000
s208                          5.223790
z208z89z2                     1.000000
z208z187z1                    1.000000
z139z38z3                     1.000000
z191z38z3                     1.000000
z191z144z2                    1.000000
z39z144z3                     1.000000
All other variables in the range 1-887 are 0.
