
Log started (V12.10.0.0) Mon Apr  5 18:16:08 2021


Problem 'asset.lp' read.
Read time = 0.01 sec. (0.62 ticks)
New value for default parallel thread count: 1
New value for time limit in seconds: 150
Version identifier: 12.10.0.0 | 2019-11-26 | 843d4de
CPXPARAM_Threads                                 1
CPXPARAM_TimeLimit                               150
Found incumbent of value 0.000000 after 0.00 sec. (0.16 ticks)
Tried aggregator 3 times.
MIP Presolve eliminated 1642 rows and 664 columns.
MIP Presolve modified 5557 coefficients.
Aggregator did 1865 substitutions.
Reduced MIP has 2147 rows, 2460 columns, and 11733 nonzeros.
Reduced MIP has 2201 binaries, 193 generals, 0 SOSs, and 0 indicators.
Presolve time = 0.02 sec. (25.61 ticks)
Probing fixed 124 vars, tightened 21 bounds.
Probing time = 0.03 sec. (19.78 ticks)
Cover probing fixed 0 vars, tightened 58 bounds.
Tried aggregator 1 time.
Detecting symmetries...
MIP Presolve eliminated 174 rows and 166 columns.
MIP Presolve modified 896 coefficients.
Reduced MIP has 1973 rows, 2294 columns, and 10795 nonzeros.
Reduced MIP has 2056 binaries, 172 generals, 0 SOSs, and 0 indicators.
Presolve time = 0.01 sec. (6.84 ticks)
Probing time = 0.00 sec. (3.06 ticks)
Clique table members: 6818.
MIP emphasis: balance optimality and feasibility.
MIP search method: dynamic search.
Parallel mode: none, using 1 thread.
Root relaxation solution time = 0.07 sec. (98.65 ticks)

        Nodes                                         Cuts/
   Node  Left     Objective  IInf  Best Integer    Best Bound    ItCnt     Gap

*     0+    0                            0.0000      519.0000              --- 
      0     0      399.6642   294        0.0000      399.6642     1488     --- 
      0     0      386.3148   294        0.0000     Cuts: 593     2258     --- 
      0     0      380.6107   294        0.0000     Cuts: 593     3012     --- 
      0     0      378.4649   294        0.0000     Cuts: 593     3512     --- 
*     0+    0                           24.0000      378.4649              --- 
      0     0        cutoff             24.0000      378.4649     3512     --- 
      0     0      377.6508   294       24.0000     Cuts: 515     3785     --- 
      0     0      377.1908   294       24.0000     Cuts: 303     3963     --- 
Detecting symmetries...
      0     0      377.0204   294       24.0000     Cuts: 261     4109     --- 
      0     0      376.6127   294       24.0000     Cuts: 201     4256     --- 
*     0+    0                           39.0000      376.6127           865.67%
      0     0      376.3378   294       39.0000     Cuts: 195     4395  864.97%
      0     0      376.1577   294       39.0000     Cuts: 182     4543  864.51%
      0     0      376.0187   294       39.0000     Cuts: 206     4645  864.15%
      0     0      375.8581   294       39.0000      Cuts: 95     4745  863.74%
      0     0      375.8204   294       39.0000     Cuts: 273     4902  863.64%
      0     0      375.5147   294       39.0000     Cuts: 100     5012  862.86%
      0     0      375.4642   294       39.0000     Cuts: 244     5133  862.73%
*     0+    0                           60.0000      375.4642           525.77%
Detecting symmetries...
      0     2      375.4642   367       60.0000      375.4627     5133  525.77%
Elapsed time = 1.37 sec. (1714.31 ticks, tree = 0.01 MB, solutions = 3)
      6     8      353.6303   261       60.0000      374.3177     8278  523.86%
     10    12      366.8946   299       60.0000      374.3177     9677  523.86%
     18    20      337.2804   277       60.0000      374.3177    12124  523.86%
     26    28      360.5047   302       60.0000      374.3177    14377  523.86%
     30    32      353.2413   271       60.0000      374.3177    15038  523.86%
     43    45      337.4467   248       60.0000      374.3177    17442  523.86%
     60    62      338.3125   259       60.0000      374.3177    20360  523.86%
     80    78      324.4959   248       60.0000      374.3177    22509  523.86%
    102    98      311.7558   243       60.0000      374.3177    25431  523.86%
*   154   125      integral     0      156.0000      374.3177    28645  139.95%
*   240   196      integral     0      162.0000      374.2166    34372  131.00%
    260   214      316.5461   227      162.0000      366.8946    36658  126.48%
Elapsed time = 3.68 sec. (5075.30 ticks, tree = 0.38 MB, solutions = 5)
*   340+  284                          171.0000      366.8946           114.56%
    440   386      290.0061   205      171.0000      366.8946    47686  114.56%

Performing restart 1

Repeating presolve.
Tried aggregator 2 times.
MIP Presolve modified 2470 coefficients.
Aggregator did 5 substitutions.
Reduced MIP has 1968 rows, 2289 columns, and 9049 nonzeros.
Reduced MIP has 2051 binaries, 172 generals, 0 SOSs, and 0 indicators.
Presolve time = 0.01 sec. (9.85 ticks)
Tried aggregator 1 time.
Reduced MIP has 1968 rows, 2289 columns, and 9049 nonzeros.
Reduced MIP has 2051 binaries, 172 generals, 0 SOSs, and 0 indicators.
Presolve time = 0.01 sec. (6.34 ticks)
Represolve time = 0.06 sec. (47.26 ticks)
    501     0      326.2162   347      171.0000     Cuts: 519    56473   90.77%
    501     0      306.1669   347      171.0000     Cuts: 395    57674   79.04%
    501     0      293.1981   347      171.0000     Cuts: 369    58710   71.46%
*   501+    0                          177.0000      293.1981            65.65%
    501     0        cutoff            177.0000      293.1981    58710   65.65%
    501     0      286.3808   347      177.0000     Cuts: 333    59609   61.80%
    501     0      280.1834   347      177.0000     Cuts: 277    60885   58.30%
    501     0      277.3338   347      177.0000     Cuts: 270    61605   56.69%
*   501+    0                          183.0000      277.3338            51.55%
    501     0        cutoff            183.0000      277.3338    61605   51.55%
    501     0      274.2290   347      183.0000     Cuts: 252    62267   49.85%
    501     0      272.9114   347      183.0000     Cuts: 248    62743   49.13%
    501     0      271.7054   347      183.0000     Cuts: 294    63548   48.47%
    501     0      270.9390   347      183.0000     Cuts: 271    63983   48.05%
    501     0      269.9102   347      183.0000     Cuts: 186    64325   47.49%
    501     0      269.5642   347      183.0000     Cuts: 178    64545   47.30%
    501     0      268.5637   347      183.0000     Cuts: 144    65073   46.76%
    501     0      268.0512   347      183.0000     Cuts: 159    65250   46.48%
    501     0      267.8689   347      183.0000     Cuts: 161    65396   46.38%
    501     0      267.6472   347      183.0000      Cuts: 60    65499   46.26%
    501     0      267.2536   347      183.0000      Cuts: 62    65728   46.04%
    501     0      266.9832   347      183.0000     Cuts: 118    65913   45.89%
    501     0      266.8690   347      183.0000      Cuts: 90    66053   45.83%
    501     0      266.7661   347      183.0000      Cuts: 64    66182   45.77%
    501     0      266.6889   347      183.0000      Cuts: 49    66259   45.73%
    501     0      266.4390   347      183.0000      Cuts: 69    66556   45.60%
    501     0      265.8388   347      183.0000     Cuts: 133    66793   45.27%
    501     0      265.7623   347      183.0000     Cuts: 103    66977   45.23%
    501     0      265.6895   347      183.0000      Cuts: 92    67159   45.19%
    501     0      265.6635   347      183.0000      Cuts: 94    67255   45.17%
    501     0      265.4312   347      183.0000      Cuts: 76    67457   45.04%
*   501+    0                          186.0000      265.4312            42.70%
    501     0      265.1175   347      186.0000     Cuts: 166    67713   42.54%
    501     0      264.9450   347      186.0000     Cuts: 152    67962   42.44%
    501     0      264.8706   347      186.0000     Cuts: 115    68089   42.40%
    501     0      264.5212   347      186.0000     Cuts: 131    68366   42.22%
    501     0      264.4493   347      186.0000     Cuts: 112    68476   42.18%
    501     0      264.3853   347      186.0000      Cuts: 53    68558   42.14%
    501     0      264.2886   347      186.0000      Cuts: 54    68706   42.09%
    501     0      264.1709   347      186.0000      Cuts: 98    68909   42.03%
    501     0      264.1228   347      186.0000     Cuts: 142    69093   42.00%
    501     0      264.0895   347      186.0000      Cuts: 80    69243   41.98%
    501     0      264.0642   347      186.0000      Cuts: 54    69389   41.97%
    501     0      264.0554   347      186.0000      Cuts: 45    69460   41.97%
    501     2      264.0554   325      186.0000      264.0528    69460   41.96%
    505     6      262.5938   262      186.0000      263.9225    71295   41.89%
    510    11      262.6771   281      186.0000      263.9225    76478   41.89%
    518    19      261.3024   232      186.0000      263.9225    79465   41.89%
    524    25      260.1980   231      186.0000      263.9225    82227   41.89%
    531    32      259.8614   253      186.0000      263.9225    84805   41.89%
    541    42      255.2050   235      186.0000      263.9225    88483   41.89%
    571    68      243.0716   202      186.0000      263.9225    94006   41.89%
    628   110      245.4895   234      186.0000      263.5437    98113   41.69%
Elapsed time = 21.45 sec. (28666.74 ticks, tree = 1.58 MB, solutions = 9)
    650   132      226.5494   160      186.0000      263.5437   103464   41.69%
    721   189      195.7683    88      186.0000      263.5437   106640   41.69%
    744   206      225.3323   206      186.0000      262.6284   110723   41.20%
    792   246      243.7361   207      186.0000      262.5916   115204   41.18%
    832   276      245.3301   245      186.0000      262.5895   119920   41.18%
    876   315      261.1420   276      186.0000      262.0720   123226   40.90%
    895   334      243.2417   203      186.0000      262.0720   128948   40.90%
    932   369      241.2833   171      186.0000      262.0720   134609   40.90%
    971   398      206.5249    75      186.0000      262.0720   136849   40.90%
   1001   424      230.8002   160      186.0000      261.7640   141291   40.73%
Elapsed time = 28.21 sec. (38390.31 ticks, tree = 6.57 MB, solutions = 9)
   1041   459      216.8750   167      186.0000      261.7637   146242   40.73%
   1055   468      256.7475   255      186.0000      261.5009   149608   40.59%
   1101   514      235.5781   206      186.0000      261.5009   153497   40.59%
   1118   525      258.3206   288      186.0000      261.4388   156955   40.56%
   1138   545      222.8716   175      186.0000      261.4388   160371   40.56%
   1193   592      256.3148   256      186.0000      261.2871   164438   40.48%
   1220   619      234.8291   132      186.0000      261.2871   170089   40.48%
   1268   661      214.3684   129      186.0000      261.2871   175402   40.48%
   1333   709      228.5370   176      186.0000      260.9871   180595   40.32%
   1396   767      250.8623   251      186.0000      260.9758   184298   40.31%
Elapsed time = 35.06 sec. (48239.28 ticks, tree = 11.96 MB, solutions = 9)
   1424   791      257.2731   267      186.0000      260.8793   189911   40.26%
   1437   804      250.8135   253      186.0000      260.8793   191865   40.26%
   1466   829      256.3034   268      186.0000      260.5141   195328   40.06%
   1515   878      237.7358   177      186.0000      260.5141   200603   40.06%
   1581   939      258.6828   269      186.0000      260.3922   203306   40.00%
   1596   954      239.0931   228      186.0000      260.3922   208116   40.00%
   1624   977      245.6323   261      186.0000      260.1956   213443   39.89%
   1668  1017        cutoff            186.0000      260.1956   218586   39.89%
   1708  1053      240.6470   190      186.0000      260.1847   222520   39.88%
   1770  1111      215.5915   124      186.0000      260.1040   228345   39.84%
Elapsed time = 41.90 sec. (58196.88 ticks, tree = 18.94 MB, solutions = 9)
   1824  1157      210.7033   112      186.0000      260.1007   233122   39.84%
   1849  1178      236.1773   222      186.0000      259.8307   238530   39.69%
   1879  1206      239.8658   221      186.0000      259.8307   244107   39.69%
   1926  1245      226.1938   181      186.0000      259.8307   249711   39.69%
   1958  1266    infeasible            186.0000      259.7437   254975   39.65%
   1998  1302      244.7589   224      186.0000      259.3445   259277   39.43%
   2091  1382      256.9867   269      186.0000      259.3408   263790   39.43%
   2155  1442      256.6092   266      186.0000      259.2207   269040   39.37%
   2191  1478      220.5011   139      186.0000      259.2207   272980   39.37%
   2236  1518      253.0988   255      186.0000      259.2194   277159   39.37%
Elapsed time = 48.76 sec. (68120.64 ticks, tree = 27.70 MB, solutions = 9)
   2267  1549      217.5866   124      186.0000      259.2194   282289   39.37%
   2301  1576      257.8824   282      186.0000      259.0661   285632   39.28%
   2322  1597      243.5167   261      186.0000      259.0661   289318   39.28%
   2390  1662      203.0432   132      186.0000      259.0661   293985   39.28%
   2414  1677      255.4572   248      186.0000      258.7268   298197   39.10%
   2463  1721      239.4234   209      186.0000      258.7060   303795   39.09%
   2485  1738      255.8840   250      186.0000      258.7054   307262   39.09%
   2501  1754      249.7904   224      186.0000      258.7054   311569   39.09%
   2528  1779      211.2678   129      186.0000      258.7054   317054   39.09%
   2576  1816      246.7031   221      186.0000      258.6828   321028   39.08%
Elapsed time = 55.73 sec. (78127.96 ticks, tree = 33.00 MB, solutions = 9)
   2619  1855      257.1472   264      186.0000      258.6686   325539   39.07%
   2655  1885      232.5012   221      186.0000      258.6289   331379   39.05%
   2684  1910      227.5650   179      186.0000      258.6047   337211   39.03%
   2716  1931      222.0495   193      186.0000      258.5824   343180   39.02%
   2751  1955      251.9526   253      186.0000      258.5813   348501   39.02%
   2807  2001      254.7578   231      186.0000      258.4739   354195   38.96%
   2867  2057      249.0428   229      186.0000      258.4033   360002   38.93%
   2898  2080      255.6991   265      186.0000      258.3389   364405   38.89%
   2943  2116      235.7510   217      186.0000      258.3206   369443   38.88%
   2965  2138      218.4949   162      186.0000      258.3206   375088   38.88%
Elapsed time = 62.64 sec. (88178.08 ticks, tree = 37.63 MB, solutions = 9)
   3002  2166      250.1249   233      186.0000      258.3028   379056   38.87%
   3030  2190      258.1678   269      186.0000      258.2429   383568   38.84%
   3092  2252      215.7270   135      186.0000      258.2429   389063   38.84%
   3120  2276      247.7728   272      186.0000      258.2347   392887   38.84%
   3170  2322      241.1960   247      186.0000      258.2005   397856   38.82%
   3185  2333      187.3698   129      186.0000      258.2005   401112   38.82%
   3203  2351      209.4364   144      186.0000      258.1646   405938   38.80%
   3231  2371      249.9422   225      186.0000      257.9071   411136   38.66%
   3262  2398      239.7676   216      186.0000      257.8693   415342   38.64%
   3298  2431      241.7108   222      186.0000      257.8393   420156   38.62%
Elapsed time = 69.54 sec. (98153.75 ticks, tree = 44.11 MB, solutions = 9)
   3342  2475      208.1697   112      186.0000      257.8393   425094   38.62%
   3384  2513      215.6535   129      186.0000      257.8379   430582   38.62%
   3405  2527      220.4910   159      186.0000      257.7948   435070   38.60%
   3426  2542      245.7809   215      186.0000      257.7895   439047   38.60%
   3465  2577      249.3952   219      186.0000      257.7637   443707   38.58%
   3495  2607      226.4619   212      186.0000      257.7637   448208   38.58%
   3557  2664      228.9195   223      186.0000      257.7606   453233   38.58%
   3601  2704      255.5400   284      186.0000      257.7412   458828   38.57%
   3638  2741      224.3395   144      186.0000      257.7412   463939   38.57%
   3791  2869      224.2369   147      186.0000      257.7290   483346   38.56%
Elapsed time = 78.27 sec. (110945.23 ticks, tree = 53.74 MB, solutions = 9)
   3937  2986      222.0177   184      186.0000      257.5752   500014   38.48%
   4107  3133      220.4529   204      186.0000      257.4260   521516   38.40%
   4294  3281      238.4145   233      186.0000      257.3309   543535   38.35%
   4439  3409      242.7515   220      186.0000      257.2713   566014   38.32%
   4560  3521      242.0047   239      186.0000      257.2374   582421   38.30%
   4712  3661      200.0697   126      186.0000      257.1656   603493   38.26%
   4852  3776      227.4184   180      186.0000      256.9595   621214   38.15%
   4984  3897      211.9738   123      186.0000      256.8152   641065   38.07%
   5079  3980      210.2129   139      186.0000      256.7467   658577   38.04%
   5189  4072      245.8491   205      186.0000      256.7224   674371   38.02%
Elapsed time = 104.90 sec. (149315.42 ticks, tree = 69.80 MB, solutions = 9)
   5322  4195      214.1838   163      186.0000      256.6615   694420   37.99%
   5481  4328      236.3263   175      186.0000      256.5816   714152   37.95%
   5589  4415      242.1466   224      186.0000      256.5013   734043   37.90%
   5749  4555      225.4243   139      186.0000      256.4652   754236   37.88%
   5935  4719      231.1076   214      186.0000      256.4459   774792   37.87%
   6129  4882      248.5093   222      186.0000      256.3549   797346   37.83%
   6346  5084      202.0235   111      186.0000      256.2956   819963   37.79%
   6547  5266      239.5700   206      186.0000      256.2527   842828   37.77%
   6689  5390      219.1731   150      186.0000      256.1779   863192   37.73%
   6874  5542      241.0582   227      186.0000      256.1542   884080   37.72%
Elapsed time = 131.73 sec. (187798.33 ticks, tree = 91.47 MB, solutions = 9)
   7063  5715      236.0836   186      186.0000      256.0636   907177   37.67%
Starting limited solution polishing.
   7235  5862      226.1878   205      186.0000      256.0058   928232   37.64%
   7380  5984      255.1852   255      186.0000      255.9257   946540   37.59%
   7506  6094      245.7037   218      186.0000      255.9025   966134   37.58%
   7651  6236      202.7205    94      186.0000      255.8993   977188   37.58%
   7798  6362      235.7050   186      186.0000      255.8559   995372   37.56%

GUB cover cuts applied:  104
Clique cuts applied:  208
Cover cuts applied:  35
Implied bound cuts applied:  67
Flow cuts applied:  30
Mixed integer rounding cuts applied:  173
Zero-half cuts applied:  130
Lift and project cuts applied:  17
Gomory fractional cuts applied:  10

Root node processing (before b&c):
  Real time             =    1.35 sec. (1701.15 ticks)
Sequential b&c:
  Real time             =  148.65 sec. (212056.27 ticks)
                          ------------
Total (root+branch&cut) =  150.00 sec. (213757.42 ticks)

Solution pool: 10 solutions saved.

MIP - Time limit exceeded, integer feasible:  Objective =  1.8600000000e+02
Current MIP best bound =  2.5580336349e+02 (gap = 69.8034, 37.53%)
Solution time =  150.00 sec.  Iterations = 1010138  Nodes = 7893 (6445)
Deterministic time = 213757.44 ticks  (1425.04 ticks/sec)


Incumbent solution
Variable Name           Solution Value
F                           186.000000
y4                            1.000000
y8                            1.000000
y18                           1.000000
y46                           1.000000
y76                           1.000000
y92                           1.000000
y97                           1.000000
y107                          1.000000
y116                          1.000000
y138                          1.000000
y150                          1.000000
y155                          1.000000
y190                          1.000000
y206                          1.000000
y215                          1.000000
y229                          1.000000
y230                          1.000000
y234                          1.000000
y239                          1.000000
y244                          1.000000
y268                          1.000000
x42x76x1                      1.000000
x42x230x1                     1.000000
x73x97x1                      1.000000
x90x268x1                     1.000000
x138x155x1                    1.000000
x265x138x1                    1.000000
x73x116x2                     1.000000
x84x206x2                     2.000000
x98x244x2                     1.000000
x206x8x2                      1.000000
x206x190x2                    1.000000
x267x116x2                    1.000000
x90x268x3                     1.000000
x98x138x3                     1.000000
x138x18x3                     1.000000
x204x76x3                     1.000000
x204x244x3                    1.000000
x267x97x3                     1.000000
x155x4x1                      1.000000
x4x0x1                        1.000000
x268x4x3                      1.000000
x4x0x3                        1.000000
x8x0x2                        1.000000
x8x234x2                      1.000000
x18x229x3                     2.000000
x190x46x2                     2.000000
x46x0x2                       2.000000
x76x215x1                     1.000000
x76x150x3                     1.000000
x116x92x2                     2.000000
x92x0x2                       2.000000
x97x234x1                     1.000000
x97x239x3                     1.000000
x215x107x1                    1.000000
x107x0x1                      1.000000
x215x107x3                    1.000000
x107x0x3                      1.000000
x244x150x2                    1.000000
x150x0x2                      1.000000
x150x0x3                      1.000000
x155x239x1                    1.000000
x244x215x3                    1.000000
x229x0x3                      2.000000
x268x230x1                    1.000000
x230x0x1                      2.000000
x234x0x1                      1.000000
x234x0x2                      1.000000
x239x0x1                      1.000000
x239x0x3                      1.000000
s31                           6.000000
s1                            8.630000
s4                            8.940143
s8                            8.196576
s9                            7.190000
s14                           7.570000
s15                           7.710000
s17                           6.400000
s23                           7.740000
s36                           7.610000
s40                           7.060000
s46                           9.410000
z31z46z2                      1.000000
s49                           7.350000
s51                           7.720000
s59                           8.860000
s70                           6.660000
s76                           6.822842
s83                           7.926218
s92                           9.070000
s94                           7.340000
s97                           7.555615
s100                          6.130000
s107                          9.400000
s108                          7.690000
s116                          7.594793
s121                          8.680000
s122                          8.830000
s124                          8.720000
s132                          8.010000
s135                          7.960000
s148                          7.310000
s150                          8.395511
s154                          8.800000
s155                          7.459958
s156                          6.280000
s174                          7.670000
s190                          8.194800
s191                          6.690000
s194                          7.290000
s207                          6.360000
s211                          7.360000
s215                          8.256396
s219                          7.440000
s224                          6.290000
s230                          8.850000
s234                          9.380000
s239                          8.780000
s244                          6.792666
s248                          7.840000
s249                          8.420000
s257                          7.690000
s268                          7.225963
s42                           5.329745
s37                           6.784585
z42z76z1                      1.000000
z42z121z1                     1.000000
z42z122z1                     1.000000
z42z155z1                     1.000000
z42z230z1                     1.000000
s73                           5.935582
z73z46z2                      1.000000
z73z83z2                      1.000000
z73z92z2                      1.000000
z73z97z1                      1.000000
z73z116z2                     1.000000
z73z122z1                     1.000000
z73z154z2                     1.000000
s84                           5.040000
z84z8z2                       1.000000
z84z40z2                      1.000000
z84z46z2                      1.000000
z84z83z2                      1.000000
z84z92z2                      1.000000
z84z116z2                     1.000000
s117                          6.000000
s136                          6.000000
z84z154z2                     1.000000
s171                          6.000000
z84z190z2                     1.000000
s206                          6.395090
z84z206z2                     1.000000
s221                          6.000000
s250                          6.404295
s266                          6.000000
s90                           5.770000
s18                           7.518648
s39                           7.440000
s71                           8.990000
z90z71z3                      1.000000
z90z121z1                     1.000000
z90z122z1                     1.000000
s166                          7.482858
s179                          7.162145
s189                          7.650000
z90z189z3                     1.000000
s225                          7.720000
s229                          9.340000
z90z229z3                     1.000000
z90z230z1                     1.000000
s235                          7.470000
z90z235z3                     1.000000
s241                          7.420000
z90z241z3                     1.000000
s260                          7.580000
z90z268z1                     1.000000
z90z268z3                     1.000000
s98                           5.090000
z98z8z2                       1.000000
z98z18z3                      1.000000
z98z39z3                      1.000000
z98z40z2                      1.000000
z98z46z2                      1.000000
z98z71z3                      1.000000
z98z83z2                      1.000000
z98z92z2                      1.000000
s104                          6.000000
z98z116z2                     1.000000
s138                          6.257199
z98z138z3                     1.000000
z98z154z2                     1.000000
s157                          6.120000
z98z157z3                     1.000000
z98z166z3                     1.000000
z98z179z3                     1.000000
z98z189z3                     1.000000
z98z190z2                     1.000000
s210                          6.000000
z98z225z3                     1.000000
z98z229z3                     1.000000
z98z235z3                     1.000000
z98z241z3                     1.000000
z98z244z2                     1.000000
z98z257z2                     1.000000
z98z260z3                     1.000000
s118                          6.000000
z138z18z3                     1.000000
z138z155z1                    1.000000
z138z229z3                    1.000000
s204                          5.360000
z204z71z3                     1.000000
z204z76z3                     1.000000
z204z189z3                    1.000000
z204z229z3                    1.000000
z204z235z3                    1.000000
z204z241z3                    1.000000
z204z244z3                    1.000000
z206z8z2                      1.000000
z206z46z2                     1.000000
z206z190z2                    1.000000
z210z229z3                    1.000000
s265                          4.450000
z265z15z1                     1.000000
z265z36z1                     1.000000
s77                           6.000000
z265z121z1                    1.000000
z265z122z1                    1.000000
z265z138z1                    1.000000
z265z155z1                    1.000000
z265z191z1                    1.000000
z265z230z1                    1.000000
z266z46z2                     1.000000
z266z229z3                    1.000000
s267                          5.987520
z267z46z2                     1.000000
z267z71z3                     1.000000
z267z83z2                     1.000000
z267z92z2                     1.000000
z267z97z3                     1.000000
z267z116z2                    1.000000
z267z154z2                    1.000000
z267z229z3                    1.000000
z8z234z2                      1.000000
z17z46z2                      1.000000
z18z229z3                     1.000000
z37z46z2                      1.000000
z39z229z3                     1.000000
z40z46z2                      1.000000
z70z229z3                     1.000000
z76z150z3                     1.000000
z76z215z1                     1.000000
z76z229z3                     1.000000
z94z46z2                      1.000000
z97z229z3                     1.000000
z97z234z1                     1.000000
z97z239z3                     1.000000
z100z46z2                     1.000000
z100z229z3                    1.000000
z104z229z3                    1.000000
z116z92z2                     1.000000
z117z46z2                     1.000000
z136z46z2                     1.000000
z136z229z3                    1.000000
z155z4z1                      1.000000
z155z239z1                    1.000000
z156z229z3                    1.000000
z157z229z3                    1.000000
z166z229z3                    1.000000
z171z46z2                     1.000000
z179z229z3                    1.000000
z190z46z2                     1.000000
z207z229z3                    1.000000
z215z107z1                    1.000000
z215z107z3                    1.000000
z221z46z2                     1.000000
z224z46z2                     1.000000
z225z229z3                    1.000000
z244z46z2                     1.000000
z244z150z2                    1.000000
z244z215z3                    1.000000
z244z229z3                    1.000000
z250z46z2                     1.000000
z257z46z2                     1.000000
z260z229z3                    1.000000
z268z4z3                      1.000000
z268z229z3                    1.000000
z268z230z1                    1.000000
All other variables in the range 1-4991 are 0.
