
Log started (V12.10.0.0) Fri Apr  9 01:08:04 2021


Problem 'asset.lp' read.
Read time = 0.01 sec. (0.26 ticks)
New value for default parallel thread count: 1
New value for time limit in seconds: 150
Version identifier: 12.10.0.0 | 2019-11-26 | 843d4de
CPXPARAM_Threads                                 1
CPXPARAM_TimeLimit                               150
Found incumbent of value 0.000000 after 0.00 sec. (0.07 ticks)
Tried aggregator 3 times.
MIP Presolve eliminated 834 rows and 401 columns.
MIP Presolve modified 2088 coefficients.
Aggregator did 817 substitutions.
Reduced MIP has 820 rows, 1032 columns, and 4502 nonzeros.
Reduced MIP has 952 binaries, 46 generals, 0 SOSs, and 0 indicators.
Presolve time = 0.02 sec. (11.48 ticks)
Probing fixed 62 vars, tightened 3 bounds.
Probing time = 0.01 sec. (3.83 ticks)
Cover probing fixed 0 vars, tightened 23 bounds.
Tried aggregator 1 time.
Detecting symmetries...
MIP Presolve eliminated 71 rows and 71 columns.
MIP Presolve modified 216 coefficients.
Reduced MIP has 749 rows, 961 columns, and 4029 nonzeros.
Reduced MIP has 884 binaries, 43 generals, 0 SOSs, and 0 indicators.
Presolve time = 0.00 sec. (4.02 ticks)
Probing time = 0.00 sec. (2.50 ticks)
Clique table members: 2599.
MIP emphasis: balance optimality and feasibility.
MIP search method: dynamic search.
Parallel mode: none, using 1 thread.
Root relaxation solution time = 0.01 sec. (13.34 ticks)

        Nodes                                         Cuts/
   Node  Left     Objective  IInf  Best Integer    Best Bound    ItCnt     Gap

*     0+    0                            0.0000      206.0000              --- 
      0     0      175.5269   153        0.0000      175.5269      532     --- 
      0     0      172.9043   153        0.0000     Cuts: 287     1371     --- 
      0     0      169.9137   153        0.0000     Cuts: 287     2172     --- 
      0     0      168.7598   153        0.0000     Cuts: 287     2452     --- 
*     0+    0                           14.0000      168.7598              --- 
      0     0        cutoff             14.0000      168.7598     2452     --- 
      0     0      168.2824   153       14.0000     Cuts: 188     2645     --- 
      0     0      167.6102   153       14.0000     Cuts: 175     2801     --- 
Detecting symmetries...
      0     0      166.7124   153       14.0000     Cuts: 152     2952     --- 
      0     0      166.7084   153       14.0000     Cuts: 176     3101     --- 
      0     0      166.0000   153       14.0000     Cuts: 208     3338     --- 
      0     0      165.8120   153       14.0000     Cuts: 221     3824     --- 
      0     0      165.7941   153       14.0000     Cuts: 174     4095     --- 
*     0+    0                           28.0000      165.7941           492.12%
      0     0      165.3421   153       28.0000     Cuts: 171     4262  490.51%
      0     0      165.3338   153       28.0000     Cuts: 202     4464  490.48%
      0     0      165.3306   153       28.0000      Cuts: 56     4601  490.47%
      0     0      164.7882   153       28.0000     Cuts: 285     5043  488.53%
      0     0      164.5037   153       28.0000     Cuts: 278     5280  487.51%
      0     0      164.3456   153       28.0000     Cuts: 203     5370  486.95%
      0     0      164.2408   153       28.0000     Cuts: 106     5526  486.57%
*     0+    0                           50.0000      164.2408           228.48%
      0     0      164.1057   153       50.0000     Cuts: 219     5719  228.21%
      0     0      163.9721   153       50.0000     Cuts: 216     5973  227.94%
      0     0      163.9661   153       50.0000     Cuts: 240     6123  227.93%
*     0+    0                           58.0000      163.9661           182.70%
Detecting symmetries...
      0     2      163.9661   179       58.0000      163.9520     6123  182.68%
Elapsed time = 0.63 sec. (710.27 ticks, tree = 0.01 MB, solutions = 4)
*    10+   10                          110.0000      163.9275            49.02%
*   124    81      integral     0      116.0000      163.9275    10159   41.32%
    136    92      162.4277   152      116.0000      163.8086    11254   41.21%
    254   195      156.5930   140      116.0000      163.7555    17130   41.17%
    455   388      122.9726    36      116.0000      163.7315    22531   41.15%

Performing restart 1

Repeating presolve.
Tried aggregator 1 time.
MIP Presolve eliminated 1 rows and 0 columns.
MIP Presolve modified 1164 coefficients.
Reduced MIP has 748 rows, 961 columns, and 3405 nonzeros.
Reduced MIP has 884 binaries, 43 generals, 0 SOSs, and 0 indicators.
Presolve time = 0.00 sec. (3.32 ticks)
Tried aggregator 1 time.
Reduced MIP has 748 rows, 961 columns, and 3405 nonzeros.
Reduced MIP has 884 binaries, 43 generals, 0 SOSs, and 0 indicators.
Presolve time = 0.00 sec. (2.59 ticks)
Represolve time = 0.02 sec. (18.80 ticks)
    504     0      159.0846   202      116.0000     Cuts: 287    26556   37.14%
    504     0      157.5010   202      116.0000     Cuts: 223    27009   35.78%
    504     0      156.3647   202      116.0000     Cuts: 263    27283   34.80%
    504     0      155.9065   202      116.0000     Cuts: 135    27585   34.40%
    504     0      155.3448   202      116.0000     Cuts: 202    28002   33.92%
    504     0      155.1597   202      116.0000     Cuts: 119    28267   33.76%
    504     0      154.7979   202      116.0000     Cuts: 122    28588   33.45%
    504     0      154.5569   202      116.0000     Cuts: 154    28834   33.24%
    504     0      154.4517   202      116.0000     Cuts: 155    29658   33.15%
    504     0      154.3221   202      116.0000     Cuts: 126    29945   33.04%
    504     0      154.0429   202      116.0000     Cuts: 121    30157   32.80%
    504     0      153.9499   202      116.0000     Cuts: 123    30311   32.72%
    504     0      153.8492   202      116.0000     Cuts: 107    30457   32.63%
    504     0      153.7811   202      116.0000      Cuts: 98    30628   32.57%
    504     0      153.7270   202      116.0000      Cuts: 79    30751   32.52%
    504     0      153.7011   202      116.0000      Cuts: 87    30912   32.50%
    504     0      153.6929   202      116.0000      Cuts: 48    30976   32.49%
    504     0      153.6782   202      116.0000      Cuts: 28    31036   32.48%
    504     0      153.6637   202      116.0000      Cuts: 42    31109   32.47%
    504     0      153.6549   202      116.0000      Cuts: 26    31162   32.46%
    504     0      153.6471   202      116.0000      Cuts: 23    31226   32.45%
    504     0      153.6464   202      116.0000      Cuts: 31    31254   32.45%
    504     2      153.6464   238      116.0000      153.6457    31254   32.45%
    506     4      153.6136   210      116.0000      153.6136    31479   32.43%
    509     7      152.3210   174      116.0000      153.6039    32839   32.42%
    512    10      152.7839   171      116.0000      153.6039    34023   32.42%
    515    13      152.2346   175      116.0000      153.6039    35567   32.42%
    520    18      152.0489   171      116.0000      153.6039    37478   32.42%
    605    78      143.6308   119      116.0000      153.3389    47475   32.19%
Elapsed time = 6.15 sec. (7740.04 ticks, tree = 0.10 MB, solutions = 6)
    770   207      145.3835   132      116.0000      152.8732    59608   31.79%
    959   347      141.7772   127      116.0000      152.5584    72713   31.52%
   1141   480  -1.00000e+75    80      116.0000      152.1731    86595   31.18%
   1272   583      145.7491   173      116.0000      151.9147    99454   30.96%
   1400   687      138.2022   137      116.0000      151.5347   114042   30.63%
   1543   810      122.6667    60      116.0000      151.4283   127658   30.54%
   1649   886      145.1803   166      116.0000      151.0000   140192   30.17%
   1780   996      147.4697   159      116.0000      150.9016   153012   30.09%
   1940  1128      129.2152   132      116.0000      150.6727   168274   29.89%
*  2024+ 1125                          120.0000      150.6667            25.56%
*  2034+ 1024                          124.0000      150.6667            21.51%
   2093  1071      150.3333   173      124.0000      150.5799   179226   21.44%
Elapsed time = 13.30 sec. (17435.61 ticks, tree = 0.83 MB, solutions = 8)
   2199  1156      149.7667   195      124.0000      150.5000   191713   21.37%
   2293  1234      141.2602   105      124.0000      150.5000   204591   21.37%
   2405  1329      136.5000    87      124.0000      150.4920   216707   21.36%
*  2504+ 1219                          128.0000      150.4249            17.52%
   2509  1223      146.8245   138      128.0000      150.4052   228925   17.50%
   2630  1326      141.3322   106      128.0000      150.3553   242528   17.47%
   2715  1403      139.4002   138      128.0000      150.3417   254178   17.45%
   2805  1475      145.7248   152      128.0000      150.1725   268620   17.32%
   2927  1583      138.9028   130      128.0000      150.0763   283049   17.25%
   3048  1679        cutoff            128.0000      150.0524   298441   17.23%
   3152  1762      143.5636   165      128.0000      149.9753   310509   17.17%
Elapsed time = 20.75 sec. (27073.34 ticks, tree = 1.27 MB, solutions = 9)
   3278  1855      135.6187   114      128.0000      149.8448   324543   17.07%
   3380  1936      140.0731    85      128.0000      149.7517   336785   16.99%
   3458  1996      144.2555   168      128.0000      149.6663   349718   16.93%
   3550  2066      143.0000   138      128.0000      149.6583   363185   16.92%
   3658  2153      139.2267   139      128.0000      149.6000   375523   16.87%
   3753  2224      143.8224   173      128.0000      149.5515   388215   16.84%
   3856  2305      142.4491   142      128.0000      149.5300   402542   16.82%
   3951  2388      133.1221    86      128.0000      149.4778   416803   16.78%
   4077  2479      148.7786   158      128.0000      149.3613   433567   16.69%
   4198  2570      142.3825   135      128.0000      149.2711   449394   16.62%
Elapsed time = 28.31 sec. (36741.71 ticks, tree = 1.90 MB, solutions = 9)
   4322  2672      133.6915   112      128.0000      149.2431   464633   16.60%
   4435  2759      146.5859   172      128.0000      149.1662   477044   16.54%
   4562  2864      139.6520   148      128.0000      149.1087   488201   16.49%
   4675  2947      134.8390   132      128.0000      149.0865   498089   16.47%
   4801  3049      142.2388   134      128.0000      148.9729   508714   16.39%
   4894  3117      144.8016   182      128.0000      148.9132   518426   16.34%
   4988  3192      145.0361   173      128.0000      148.9043   531646   16.33%
   5091  3278      142.5882   159      128.0000      148.8656   545102   16.30%
   5208  3370      133.8904   136      128.0000      148.8049   559457   16.25%
   5304  3441      136.8573   116      128.0000      148.7356   573806   16.20%
Elapsed time = 35.81 sec. (46365.64 ticks, tree = 4.01 MB, solutions = 9)
   5396  3502      145.3947   162      128.0000      148.6672   588502   16.15%
   5493  3582      139.8345   135      128.0000      148.6546   603724   16.14%
   5649  3697      145.5016   201      128.0000      148.5973   621247   16.09%
   5789  3813      133.0000    51      128.0000      148.5273   636299   16.04%
   5909  3907      144.4321   141      128.0000      148.4894   651543   16.01%
   6028  4007      145.8721   185      128.0000      148.4547   666696   15.98%
   6165  4119      144.9173   155      128.0000      148.4275   682444   15.96%
   6284  4207      142.8697   163      128.0000      148.3714   697767   15.92%
   6426  4316      144.6964   161      128.0000      148.3198   713001   15.87%
   6523  4387      132.0000    76      128.0000      148.2757   726488   15.84%
Elapsed time = 43.34 sec. (55990.09 ticks, tree = 4.85 MB, solutions = 9)
   6607  4441      146.4000   143      128.0000      148.2143   741315   15.79%
   6726  4534      139.7578   134      128.0000      148.1716   755828   15.76%
   6841  4610      145.3491   166      128.0000      148.1329   770275   15.73%
   6959  4691      132.0000    53      128.0000      148.0640   784411   15.67%
   7077  4774      135.0269   104      128.0000      148.0145   795907   15.64%
   7163  4833      134.4444    98      128.0000      148.0000   806281   15.62%
   7290  4934      133.8346   117      128.0000      147.9451   820899   15.58%
   7397  5016      133.1778   109      128.0000      147.9085   836021   15.55%
   7511  5100      137.9550   154      128.0000      147.8557   851359   15.51%
   7666  5216      146.8639   149      128.0000      147.7961   868141   15.47%
Elapsed time = 50.96 sec. (65709.88 ticks, tree = 6.04 MB, solutions = 9)
   7775  5298      137.5686   111      128.0000      147.7598   883533   15.44%
   7925  5409      134.9305   107      128.0000      147.7381   899349   15.42%
   8053  5504      144.5471   147      128.0000      147.6820   916231   15.38%
   8176  5611      133.1105   132      128.0000      147.6643   932634   15.36%
   8328  5725      138.8290   158      128.0000      147.6112   949374   15.32%
   8466  5828      141.5212   136      128.0000      147.5932   965816   15.31%
   8592  5924      142.5511   161      128.0000      147.5443   981764   15.27%
   8723  6023      132.0074   116      128.0000      147.4762   998414   15.22%
   8839  6109      145.2253   168      128.0000      147.4600  1012654   15.20%
   8961  6206      144.3782   164      128.0000      147.4076  1027349   15.16%
Elapsed time = 58.53 sec. (75383.36 ticks, tree = 6.69 MB, solutions = 9)
   9034  6260      139.9898   163      128.0000      147.3982  1039602   15.15%
   9155  6345      135.9613   106      128.0000      147.3727  1054363   15.13%
   9269  6426      143.7801   116      128.0000      147.3333  1067429   15.10%
   9369  6510      136.3869   146      128.0000      147.3178  1082159   15.09%
   9491  6604      133.5000   103      128.0000      147.2674  1095123   15.05%
   9612  6693      133.2405    85      128.0000      147.1795  1109508   14.98%
   9732  6790      139.4143   121      128.0000      147.1468  1123308   14.96%
   9810  6836      130.4545    93      128.0000      147.1145  1136636   14.93%
   9939  6934      137.6649   104      128.0000      147.0411  1151610   14.88%
  10038  6991      145.2866   180      128.0000      147.0000  1167319   14.84%
Elapsed time = 66.02 sec. (85001.30 ticks, tree = 7.20 MB, solutions = 9)
  10151  7074        cutoff            128.0000      146.9857  1183012   14.83%
  10291  7180      132.0000   113      128.0000      146.9349  1199360   14.79%
  10399  7261      135.5067    80      128.0000      146.8639  1214726   14.74%
  10531  7350      141.4429   149      128.0000      146.7900  1231283   14.68%
* 10585+ 6991                          130.0000      146.7702            12.90%
* 10585+ 6105                          132.0000      146.7702            11.19%
  10585  6107      144.3669   142      132.0000      146.7681  1241607   11.19%
  10586  6108      139.9313   149      132.0000      146.7676  1242550   11.19%
  10668  6163      134.7967   113      132.0000      146.7426  1258220   11.17%
  10773  6223      135.1991   117      132.0000      146.7038  1273488   11.14%
  10854  6270      140.7563   137      132.0000      146.6667  1288201   11.11%
  11243  6491      138.0832   143      132.0000      146.5280  1349892   11.01%
Elapsed time = 85.09 sec. (107203.59 ticks, tree = 6.57 MB, solutions = 11)
  11632  6739      142.5299   155      132.0000      146.4295  1406372   10.93%
  11996  6944      135.9512   160      132.0000      146.3015  1459998   10.83%
  12369  7169      137.9984   119      132.0000      146.1933  1515858   10.75%
  12745  7378      143.0962   145      132.0000      146.0643  1574216   10.65%
  13109  7622      142.4374   171      132.0000      145.9992  1629507   10.61%
  13502  7852      140.0008   146      132.0000      145.8957  1690635   10.53%
  13870  8068      138.5557   125      132.0000      145.8333  1751108   10.48%
  14252  8307      142.1753   144      132.0000      145.7440  1806641   10.41%
  14624  8550      138.5588   145      132.0000      145.6731  1853741   10.36%
  14941  8720      139.3846   150      132.0000      145.5792  1908355   10.29%
Elapsed time = 117.87 sec. (145436.11 ticks, tree = 10.68 MB, solutions = 11)
  15297  8944      138.6910   129      132.0000      145.5000  1968037   10.23%
  15727  9204      144.4825   181      132.0000      145.4077  2031116   10.16%
  16097  9427      144.3064   204      132.0000      145.3550  2092253   10.12%
  16466  9647      145.2326   163      132.0000      145.2783  2153437   10.06%
  16815  9842      142.0000   136      132.0000      145.2128  2209678   10.01%
Starting limited solution polishing.
  17189 10059      139.0440   120      132.0000      145.1337  2263789    9.95%
  17554 10241      134.3179    93      132.0000      145.0720  2310102    9.90%
  17913 10432      136.1805   158      132.0000      145.0097  2364022    9.86%
  18249 10617      140.5393   148      132.0000      144.9669  2420757    9.82%
  18579 10808      140.4091   148      132.0000      144.9277  2478060    9.79%
Elapsed time = 148.78 sec. (183717.45 ticks, tree = 14.38 MB, solutions = 11)

GUB cover cuts applied:  126
Clique cuts applied:  114
Cover cuts applied:  48
Implied bound cuts applied:  69
Flow cuts applied:  32
Mixed integer rounding cuts applied:  148
Zero-half cuts applied:  89
Lift and project cuts applied:  20
Gomory fractional cuts applied:  9

Root node processing (before b&c):
  Real time             =    0.63 sec. (707.91 ticks)
Sequential b&c:
  Real time             =  149.37 sec. (184467.07 ticks)
                          ------------
Total (root+branch&cut) =  150.00 sec. (185174.98 ticks)

Solution pool: 12 solutions saved.

MIP - Time limit exceeded, integer feasible:  Objective =  1.3200000000e+02
Current MIP best bound =  1.4491425422e+02 (gap = 12.9143, 9.78%)
Solution time =  150.00 sec.  Iterations = 2500644  Nodes = 18727 (10903)
Deterministic time = 185174.98 ticks  (1234.49 ticks/sec)


Incumbent solution
Variable Name           Solution Value
F                           132.000000
y1                            1.000000
y2                            1.000000
y21                           1.000000
y22                           1.000000
y30                           1.000000
y46                           1.000000
y54                           1.000000
y73                           1.000000
y94                           1.000000
y101                          1.000000
y103                          1.000000
y111                          1.000000
y112                          1.000000
y117                          1.000000
y121                          1.000000
y166                          1.000000
y168                          1.000000
y173                          1.000000
y179                          1.000000
y186                          1.000000
x4x73x1                       1.000000
x43x1x1                       1.000000
x90x30x1                      1.000000
x110x179x1                    1.000000
x151x2x1                      1.000000
x51x2x2                       1.000000
x51x30x2                      1.000000
x80x112x2                     1.000000
x90x121x2                     1.000000
x110x121x2                    1.000000
x151x111x2                    1.000000
x172x21x2                     1.000000
x4x73x3                       1.000000
x43x111x3                     1.000000
x80x179x3                     1.000000
x120x1x3                      1.000000
x120x54x3                     1.000000
x172x54x3                     1.000000
x1x101x1                      1.000000
x1x117x3                      1.000000
x2x21x1                       1.000000
x2x112x2                      1.000000
x21x173x1                     1.000000
x21x173x2                     1.000000
x73x22x1                      1.000000
x22x168x1                     1.000000
x73x22x3                      1.000000
x22x186x3                     1.000000
x30x168x1                     1.000000
x30x94x2                      1.000000
x179x46x1                     1.000000
x46x0x1                       1.000000
x179x46x3                     1.000000
x46x0x3                       1.000000
x54x103x3                     2.000000
x112x94x2                     1.000000
x94x0x2                       2.000000
x101x0x1                      1.000000
x121x101x2                    1.000000
x101x0x2                      1.000000
x103x0x3                      2.000000
x111x117x2                    1.000000
x111x166x3                    1.000000
x112x186x2                    1.000000
x117x0x2                      1.000000
x117x0x3                      1.000000
x121x166x2                    1.000000
x166x0x2                      1.000000
x166x0x3                      1.000000
x168x0x1                      2.000000
x173x0x1                      1.000000
x173x0x2                      1.000000
x186x0x2                      1.000000
x186x0x3                      1.000000
s4                            5.286741
s1                            7.052911
s2                            6.475268
s9                            6.000000
s12                           7.820000
s21                           7.693951
s22                           8.127122
s24                           7.520000
s30                           7.239981
s34                           8.146067
s46                           8.440000
s53                           7.235453
s54                           7.389186
z4z54z3                       1.000000
s60                           8.380000
s66                           7.500000
z4z66z1                       1.000000
s73                           6.759729
z4z73z1                       1.000000
z4z73z3                       1.000000
s81                           7.425479
s84                           7.830000
s101                          8.565965
s103                          8.690000
z4z103z3                      1.000000
s111                          6.982409
s115                          7.182498
s117                          8.286748
s124                          6.000000
s126                          7.580000
z4z126z1                      1.000000
s127                          6.820000
s134                          6.370000
s135                          8.660000
z4z135z3                      1.000000
s136                          6.000000
s137                          6.450000
s141                          6.000000
s166                          9.040000
s168                          9.420000
z4z168z1                      1.000000
s173                          9.150000
s176                          9.310000
s179                          7.305836
s180                          8.020000
z4z180z1                      1.000000
s186                          9.480000
z9z168z1                      1.000000
s20                           6.000000
s87                           7.430847
s94                           9.310000
s112                          7.909445
s121                          7.291901
s43                           5.218350
z43z1z1                       1.000000
z43z66z1                      1.000000
z43z103z3                     1.000000
z43z111z3                     1.000000
z43z126z1                     1.000000
z43z135z3                     1.000000
z43z168z1                     1.000000
z43z180z1                     1.000000
s51                           4.912031
z51z2z2                       1.000000
z51z30z2                      1.000000
z51z87z2                      1.000000
z51z94z2                      1.000000
z51z112z2                     1.000000
s80                           5.917375
z80z94z2                      1.000000
z80z103z3                     1.000000
z80z112z2                     1.000000
z80z135z3                     1.000000
z80z179z3                     1.000000
s90                           5.681323
z90z30z1                      1.000000
z90z66z1                      1.000000
z90z94z2                      1.000000
z90z121z2                     1.000000
z90z126z1                     1.000000
z90z168z1                     1.000000
s110                          5.870000
z110z66z1                     1.000000
z110z94z2                     1.000000
z110z121z2                    1.000000
z110z126z1                    1.000000
z110z168z1                    1.000000
z110z179z1                    1.000000
s120                          5.580000
z120z1z3                      1.000000
z120z54z3                     1.000000
z120z81z3                     1.000000
z120z103z3                    1.000000
z120z135z3                    1.000000
s151                          5.101295
z151z2z1                      1.000000
z151z66z1                     1.000000
z151z94z2                     1.000000
z151z111z2                    1.000000
z151z112z2                    1.000000
z151z126z1                    1.000000
z151z168z1                    1.000000
z151z180z1                    1.000000
s172                          5.640000
z172z21z2                     1.000000
z172z54z3                     1.000000
z172z94z2                     1.000000
z172z103z3                    1.000000
z172z135z3                    1.000000
z1z101z1                      1.000000
z1z117z3                      1.000000
z1z168z1                      1.000000
z2z21z1                       1.000000
z2z94z2                       1.000000
z2z112z2                      1.000000
z2z168z1                      1.000000
s7                            6.000000
z12z94z2                      1.000000
z21z173z1                     1.000000
z21z173z2                     1.000000
z22z168z1                     1.000000
z22z186z3                     1.000000
s29                           6.000000
z30z94z2                      1.000000
z30z168z1                     1.000000
z53z94z2                      1.000000
z53z168z1                     1.000000
z54z103z3                     1.000000
z73z22z1                      1.000000
z73z22z3                      1.000000
z73z168z1                     1.000000
z87z94z2                      1.000000
z111z94z2                     1.000000
z111z117z2                    1.000000
z111z166z3                    1.000000
z112z94z2                     1.000000
z112z186z2                    1.000000
z115z168z1                    1.000000
z121z94z2                     1.000000
z121z101z2                    1.000000
z121z166z2                    1.000000
z126z168z1                    1.000000
z134z168z1                    1.000000
z136z66z1                     1.000000
z136z168z1                    1.000000
z137z94z2                     1.000000
z141z126z1                    1.000000
z141z168z1                    1.000000
z179z46z1                     1.000000
z179z46z3                     1.000000
z179z168z1                    1.000000
All other variables in the range 1-2252 are 0.
