
Log started (V12.10.0.0) Fri Apr 23 11:51:12 2021


Problem 'asset.lp' read.
Read time = 0.01 sec. (0.79 ticks)
New value for default parallel thread count: 1
New value for time limit in seconds: 150
Version identifier: 12.10.0.0 | 2019-11-26 | 843d4de
CPXPARAM_Threads                                 1
CPXPARAM_TimeLimit                               150
Found incumbent of value 0.000000 after 0.00 sec. (0.19 ticks)
Tried aggregator 3 times.
MIP Presolve eliminated 3628 rows and 294 columns.
MIP Presolve modified 4723 coefficients.
Aggregator did 2108 substitutions.
Reduced MIP has 2336 rows, 3011 columns, and 13313 nonzeros.
Reduced MIP has 2623 binaries, 324 generals, 0 SOSs, and 0 indicators.
Presolve time = 0.03 sec. (30.90 ticks)
Probing fixed 112 vars, tightened 5 bounds.
Probing time = 0.02 sec. (16.16 ticks)
Cover probing fixed 0 vars, tightened 9 bounds.
Tried aggregator 1 time.
Detecting symmetries...
MIP Presolve eliminated 131 rows and 129 columns.
MIP Presolve modified 292 coefficients.
Reduced MIP has 2205 rows, 2882 columns, and 12330 nonzeros.
Reduced MIP has 2499 binaries, 319 generals, 0 SOSs, and 0 indicators.
Presolve time = 0.01 sec. (11.30 ticks)
Probing time = 0.00 sec. (3.12 ticks)
Clique table members: 8373.
MIP emphasis: balance optimality and feasibility.
MIP search method: dynamic search.
Parallel mode: none, using 1 thread.
Root relaxation solution time = 0.10 sec. (144.37 ticks)

        Nodes                                         Cuts/
   Node  Left     Objective  IInf  Best Integer    Best Bound    ItCnt     Gap

*     0+    0                            0.0000      920.0000              --- 
      0     0      867.9059   411        0.0000      867.9059     1669     --- 
      0     0      857.6759   411        0.0000     Cuts: 651     3455     --- 
      0     0      848.4678   411        0.0000     Cuts: 651     5543     --- 
      0     0      843.9303   411        0.0000     Cuts: 651     7941     --- 
      0     0      838.5914   411        0.0000     Cuts: 651     9920     --- 
      0     0      834.8898   411        0.0000     Cuts: 651    11950     --- 
Detecting symmetries...
      0     0      833.1712   411        0.0000     Cuts: 651    13068     --- 
      0     0      832.5749   411        0.0000     Cuts: 651    14843     --- 
      0     0      831.4163   411        0.0000     Cuts: 651    16928     --- 
      0     0      830.3670   411        0.0000     Cuts: 651    18688     --- 
      0     0      829.0575   411        0.0000     Cuts: 651    20280     --- 
      0     0      828.5481   411        0.0000     Cuts: 608    22004     --- 
      0     0      828.4612   411        0.0000     Cuts: 607    23473     --- 
      0     0      828.1965   411        0.0000     Cuts: 158    24662     --- 
      0     0      827.9374   411        0.0000     Cuts: 651    25739     --- 
      0     0      827.6213   411        0.0000     Cuts: 651    27379     --- 
      0     0      827.4750   411        0.0000     Cuts: 567    30066     --- 
      0     0      827.2950   411        0.0000     Cuts: 651    30847     --- 
      0     0      827.0077   411        0.0000     Cuts: 326    31500     --- 
      0     0      826.4035   411        0.0000     Cuts: 651    32229     --- 
      0     0      826.0316   411        0.0000     Cuts: 566    32764     --- 
      0     0      825.7251   411        0.0000     Cuts: 414    34233     --- 
      0     0      825.4073   411        0.0000     Cuts: 651    35185     --- 
      0     0      825.2524   411        0.0000     Cuts: 651    36384     --- 
*     0+    0                          235.0000      825.2524           251.17%
*     0+    0                          265.0000      825.2524           211.42%
*     0+    0                          270.0000      825.2524           205.65%
      0     0        cutoff            270.0000      825.2524    36384  205.65%
Detecting symmetries...
      0     2      825.2524   468      270.0000      825.2517    36384  205.65%
Elapsed time = 6.62 sec. (8859.69 ticks, tree = 0.01 MB, solutions = 3)
      2     4      821.0238   416      270.0000      823.1221    39573  204.86%
      4     6      823.0503   425      270.0000      823.0503    41338  204.83%
     10    12      823.0430   422      270.0000      823.0496    42803  204.83%
     13    15      821.7813   415      270.0000      823.0496    44543  204.83%
     16    18      822.9988   416      270.0000      823.0496    45683  204.83%
     19    21      821.6791   424      270.0000      823.0496    48835  204.83%
     23    25      822.0165   405      270.0000      823.0496    50431  204.83%
     30    32      821.9213   407      270.0000      823.0496    52459  204.83%
     38    40      821.3284   399      270.0000      823.0496    55429  204.83%
     45    47      819.2450   390      270.0000      823.0496    60777  204.83%
Elapsed time = 9.26 sec. (12748.28 ticks, tree = 0.40 MB, solutions = 3)
     50    52      813.9112   413      270.0000      823.0496    66195  204.83%
     60    62      810.6497   377      270.0000      823.0496    75030  204.83%
     79    81      794.9235   347      270.0000      823.0496    85696  204.83%
     98   100      773.9948   310      270.0000      823.0496    96381  204.83%
    134   124      612.6115   170      270.0000      823.0496   108855  204.83%
*   280   237      integral     0      390.0000      823.0496   116315  111.04%
    281   237      815.3451   420      390.0000      823.0484   119061  111.04%
    298   252      760.4097   322      390.0000      823.0484   130151  111.04%
    329   277      728.0370   286      390.0000      823.0484   139942  111.04%
    402   324      815.6324   449      390.0000      823.0482   153927  111.04%
    420   342      817.4824   421      390.0000      823.0479   162278  111.04%
Elapsed time = 16.76 sec. (23622.42 ticks, tree = 1.06 MB, solutions = 4)
    439   361      800.2220   392      390.0000      823.0479   171705  111.04%
    449   371      795.8343   393      390.0000      823.0479   176071  111.04%

Performing restart 1

Repeating presolve.
Tried aggregator 1 time.
MIP Presolve modified 3142 coefficients.
Reduced MIP has 2205 rows, 2882 columns, and 10520 nonzeros.
Reduced MIP has 2499 binaries, 319 generals, 0 SOSs, and 0 indicators.
Presolve time = 0.01 sec. (8.87 ticks)
Tried aggregator 1 time.
Reduced MIP has 2205 rows, 2882 columns, and 10520 nonzeros.
Reduced MIP has 2499 binaries, 319 generals, 0 SOSs, and 0 indicators.
Presolve time = 0.01 sec. (7.24 ticks)
Represolve time = 0.08 sec. (52.83 ticks)
    476     0      757.7784   512      390.0000     Cuts: 651   192288   94.30%
    476     0      741.4156   512      390.0000     Cuts: 463   194695   90.11%
    476     0      735.9336   512      390.0000     Cuts: 337   196316   88.70%
    476     0      729.3256   512      390.0000     Cuts: 330   197986   87.01%
    476     0      724.1673   512      390.0000     Cuts: 291   199381   85.68%
    476     0      721.0625   512      390.0000     Cuts: 278   200326   84.89%
    476     0      717.8614   512      390.0000     Cuts: 198   201124   84.07%
    476     0      717.1278   512      390.0000     Cuts: 188   201642   83.88%
    476     0      716.5173   512      390.0000     Cuts: 192   202161   83.72%
    476     0      715.7032   512      390.0000     Cuts: 127   202750   83.51%
    476     0      714.8062   512      390.0000     Cuts: 149   203201   83.28%
    476     0      714.0970   512      390.0000     Cuts: 110   203591   83.10%
*   476+    0                          400.0000      714.0970            78.52%
    476     0        cutoff            400.0000      714.0970   203591   78.52%
    476     0      713.7101   512      400.0000     Cuts: 101   203942   78.43%
    476     0      713.1189   512      400.0000     Cuts: 131   204363   78.28%
    476     0      712.7371   512      400.0000      Cuts: 95   204794   78.18%
    476     0      712.3824   512      400.0000     Cuts: 107   205198   78.10%
    476     0      712.0620   512      400.0000      Cuts: 82   205548   78.02%
    476     0      711.7797   512      400.0000      Cuts: 77   205771   77.94%
    476     0      711.6660   512      400.0000      Cuts: 89   206004   77.92%
    476     0      711.5538   512      400.0000      Cuts: 68   206223   77.89%
    476     0      711.4649   512      400.0000      Cuts: 58   206431   77.87%
    476     0      711.3261   512      400.0000      Cuts: 78   206717   77.83%
    476     0      711.1324   512      400.0000      Cuts: 66   206998   77.78%
    476     0      711.0214   512      400.0000      Cuts: 73   207187   77.76%
    476     0      710.8038   512      400.0000      Cuts: 58   207461   77.70%
    476     0      710.6770   512      400.0000     Cuts: 118   207688   77.67%
    476     0      710.3094   512      400.0000      Cuts: 65   208091   77.58%
    476     0      710.1696   512      400.0000      Cuts: 54   208375   77.54%
    476     0      710.0955   512      400.0000      Cuts: 76   208578   77.52%
    476     0      709.9861   512      400.0000      Cuts: 63   208816   77.50%
*   476+    0                          405.0000      709.9861            75.31%
    476     0      709.8639   512      405.0000      Cuts: 64   208989   75.28%
    476     0      709.8135   512      405.0000      Cuts: 71   209105   75.26%
    476     2      709.8135   494      405.0000      709.7870   209105   75.26%
    478     4      708.5354   474      405.0000      709.4505   210537   75.17%
    481     7      699.8341   464      405.0000      709.4505   212092   75.17%
    483     9      707.0392   466      405.0000      709.4505   214165   75.17%
    486    12      696.4330   453      405.0000      709.4505   217551   75.17%
    488    14      703.5176   463      405.0000      709.4505   221357   75.17%
    492    18      697.0480   427      405.0000      709.4505   224682   75.17%
    497    23      700.1535   449      405.0000      709.4505   227797   75.17%
Elapsed time = 47.44 sec. (63431.74 ticks, tree = 0.16 MB, solutions = 6)
    501    27      688.0112   419      405.0000      709.4505   231464   75.17%
    507    33      697.5585   444      405.0000      709.4505   232886   75.17%
    512    38      696.2625   437      405.0000      709.4505   235353   75.17%
    516    42      695.2451   441      405.0000      709.4505   237024   75.17%
    521    47      694.4437   434      405.0000      709.4505   239382   75.17%
    526    52      674.5595   372      405.0000      709.4505   242935   75.17%
    531    57      689.4024   417      405.0000      709.4505   245492   75.17%
    536    62      680.2906   396      405.0000      709.4505   249371   75.17%
    541    67      671.8707   395      405.0000      709.4505   252676   75.17%
    546    72      670.7109   383      405.0000      709.4505   255436   75.17%
Elapsed time = 55.45 sec. (75329.39 ticks, tree = 0.65 MB, solutions = 6)
    556    82      680.0020   401      405.0000      709.4505   257733   75.17%
    565    91      674.7462   386      405.0000      709.4505   261705   75.17%
    576   102      673.0386   369      405.0000      709.4505   264520   75.17%
    588   114      663.8265   342      405.0000      709.4505   269389   75.17%
    602   128      669.5121   358      405.0000      709.4505   271238   75.17%
    616   142      662.1302   354      405.0000      709.4505   275006   75.17%
    634   158      643.8265   322      405.0000      709.4505   279314   75.17%
    656   180      636.7474   296      405.0000      709.4505   283650   75.17%
    674   198      638.5980   311      405.0000      709.4505   287949   75.17%
    692   216      605.1254   263      405.0000      709.4505   292086   75.17%
Elapsed time = 64.08 sec. (88028.54 ticks, tree = 3.91 MB, solutions = 6)
    712   236      630.9084   293      405.0000      709.4505   295831   75.17%
    736   260      610.4960   274      405.0000      709.4505   299923   75.17%
    759   283      575.9242   268      405.0000      709.4505   305184   75.17%
    798   322      594.0339   264      405.0000      709.4505   309201   75.17%
    829   353      588.4936   242      405.0000      709.4505   313903   75.17%
    860   383      552.4588   209      405.0000      709.4505   317797   75.17%
    926   439    infeasible            405.0000      709.4505   322478   75.17%
    936   444      695.2736   478      405.0000      708.9491   324265   75.05%
    941   449      690.9385   447      405.0000      708.9491   327946   75.05%
    951   459      681.9136   428      405.0000      708.9491   331719   75.05%
Elapsed time = 71.17 sec. (98563.16 ticks, tree = 9.26 MB, solutions = 6)
    956   464      670.7571   387      405.0000      708.9491   334852   75.05%
    969   477      648.1805   356      405.0000      708.9491   338915   75.05%
    992   500      649.3160   334      405.0000      708.9491   343846   75.05%
   1017   525      615.8193   266      405.0000      708.9491   348926   75.05%
   1049   555      606.3559   252      405.0000      708.9491   353840   75.05%
   1079   585      604.9626   266      405.0000      708.9491   357876   75.05%
   1119   623      596.2251   227      405.0000      708.9491   363060   75.05%
   1174   666        cutoff            405.0000      708.9491   368332   75.05%
   1177   665      694.5123   467      405.0000      708.5319   371207   74.95%
   1178   666      696.3949   467      405.0000      708.5071   374499   74.94%
Elapsed time = 78.76 sec. (109634.70 ticks, tree = 14.10 MB, solutions = 6)
   1179   667      697.5743   464      405.0000      707.4707   376933   74.68%
   1186   674      693.0315   450      405.0000      707.4707   379360   74.68%
   1192   680      675.4896   405      405.0000      707.4707   382914   74.68%
   1196   684      671.9381   387      405.0000      707.4707   384285   74.68%
   1227   715      663.2013   370      405.0000      707.4707   387886   74.68%
   1265   753      651.7907   324      405.0000      707.4707   391728   74.68%
   1278   766      694.1672   455      405.0000      707.0359   393994   74.58%
   1284   772      687.1981   412      405.0000      707.0359   397291   74.58%
   1291   779      670.6804   390      405.0000      707.0359   401060   74.58%
   1308   795      649.1542   331      405.0000      707.0359   404999   74.58%
Elapsed time = 86.24 sec. (120468.39 ticks, tree = 16.80 MB, solutions = 6)
   1321   807      625.0314   292      405.0000      707.0359   408654   74.58%
   1334   820      618.1530   277      405.0000      707.0359   412218   74.58%
   1360   843      603.7461   253      405.0000      707.0359   416472   74.58%
   1397   874      555.1689   208      405.0000      707.0359   420739   74.58%
   1431   904      552.2122   180      405.0000      707.0359   425350   74.58%
   1471   934      542.3263   145      405.0000      707.0359   428708   74.58%
*  1476+  935                          435.0000      707.0359            62.54%
   1481   942      688.5311   450      435.0000      703.5055   431747   61.73%
   1499   960      675.4982   418      435.0000      703.5055   435880   61.73%
   1516   977      667.5360   374      435.0000      703.5055   439133   61.73%
   1557  1018      641.1835   347      435.0000      703.5055   443469   61.73%
Elapsed time = 93.60 sec. (131326.75 ticks, tree = 20.44 MB, solutions = 7)
   1608  1069      580.0106   239      435.0000      703.5055   447443   61.73%
   1678  1137      689.3032   470      435.0000      700.4844   452633   61.03%
   1688  1147      673.8974   409      435.0000      700.4844   456910   61.03%
   1715  1174      660.7219   389      435.0000      700.4844   461589   61.03%
   1755  1214      646.5575   327      435.0000      700.4844   466585   61.03%
   1803  1262      633.2325   300      435.0000      700.4844   469531   61.03%
   1860  1317      598.5890   230      435.0000      700.4844   472735   61.03%
   1878  1332      675.0776   437      435.0000      700.4798   477430   61.03%
   1893  1347      666.2495   419      435.0000      700.4798   481239   61.03%
   2015  1469      613.0109   285      435.0000      700.4798   494933   61.03%
Elapsed time = 103.08 sec. (145164.10 ticks, tree = 25.62 MB, solutions = 7)
   2099  1553      675.7812   423      435.0000      699.8320   506996   60.88%
   2219  1673      617.2730   277      435.0000      699.8320   522148   60.88%
   2262  1712      633.3909   359      435.0000      699.8299   535966   60.88%
   2378  1822      692.2607   478      435.0000      699.0212   553060   60.69%
   2457  1901      655.9100   368      435.0000      699.0212   568059   60.69%
   2581  2018      682.5020   451      435.0000      699.0211   583878   60.69%
   2723  2160      607.1380   248      435.0000      699.0211   601896   60.69%
   2831  2262      635.1405   344      435.0000      698.9086   619476   60.67%
   2959  2379      678.9994   436      435.0000      698.9085   634107   60.67%
   3116  2532      687.2176   444      435.0000      698.5032   654778   60.58%
Elapsed time = 130.97 sec. (185519.45 ticks, tree = 46.57 MB, solutions = 7)
   3157  2570    infeasible            435.0000      698.5032   670986   60.58%
   3212  2617      695.4492   479      435.0000      698.4952   684423   60.57%
   3271  2676      658.5089   393      435.0000      698.4952   696550   60.57%
Starting limited solution polishing.
*  3376+ 2778                          450.0000      698.4952            55.22%
*  3376+ 2778                          465.0000      698.4952            50.21%
   3376  2780      608.3408   257      465.0000      698.4952   707381   50.21%
   3449  2849      656.8956   371      465.0000      698.1105   720825   50.13%
   3526  2926      624.2743   292      465.0000      698.1105   730859   50.13%
*  3576+ 2974                          475.0000      698.1105            46.97%

GUB cover cuts applied:  205
Clique cuts applied:  165
Cover cuts applied:  22
Implied bound cuts applied:  85
Flow cuts applied:  13
Mixed integer rounding cuts applied:  269
Zero-half cuts applied:  134
Lift and project cuts applied:  26
Gomory fractional cuts applied:  4

Root node processing (before b&c):
  Real time             =    6.61 sec. (8848.67 ticks)
Sequential b&c:
  Real time             =  143.40 sec. (203380.48 ticks)
                          ------------
Total (root+branch&cut) =  150.00 sec. (212229.16 ticks)

Solution pool: 11 solutions saved.

MIP - Time limit exceeded, integer feasible:  Objective =  4.7500000000e+02
Current MIP best bound =  6.9766532197e+02 (gap = 222.665, 46.88%)
Solution time =  150.00 sec.  Iterations = 739431  Nodes = 3588 (2983)
Deterministic time = 212229.17 ticks  (1414.84 ticks/sec)


Incumbent solution
Variable Name           Solution Value
F                           475.000000
y104                          1.000000
y146                          1.000000
y29                           1.000000
y204                          1.000000
y44                           1.000000
y26                           1.000000
y117                          1.000000
y181                          1.000000
y195                          1.000000
y78                           1.000000
y119                          1.000000
y210                          1.000000
y107                          1.000000
y175                          1.000000
y40                           1.000000
y4                            1.000000
y167                          1.000000
y83                           1.000000
y172                          1.000000
y196                          1.000000
y129                          1.000000
y95                           1.000000
y201                          1.000000
y168                          1.000000
y162                          1.000000
y142                          1.000000
y51                           1.000000
y58                           1.000000
y110                          1.000000
x149x146x1                    1.000000
x149x181x1                    1.000000
x19x117x1                     1.000000
x22x195x1                     1.000000
x22x78x1                      1.000000
x147x210x1                    1.000000
x18x107x1                     2.000000
x101x204x2                    1.000000
x101x26x2                     1.000000
x113x29x2                     1.000000
x114x29x2                     1.000000
x174x146x2                    1.000000
x174x44x2                     1.000000
x206x195x2                    1.000000
x206x78x2                     1.000000
x123x26x3                     1.000000
x123x181x3                    1.000000
x88x204x3                     1.000000
x88x117x3                     1.000000
x113x104x3                    1.000000
x114x104x3                    1.000000
x19x44x3                      1.000000
x147x210x3                    1.000000
x104x4x3                      2.000000
x146x83x1                     1.000000
x146x172x2                    1.000000
x29x119x2                     2.000000
x204x162x2                    1.000000
x204x83x3                     1.000000
x44x167x2                     1.000000
x44x40x3                      1.000000
x26x95x2                      1.000000
x26x95x3                      1.000000
x117x175x1                    1.000000
x117x142x3                    1.000000
x181x172x1                    1.000000
x181x175x3                    1.000000
x195x167x1                    1.000000
x195x40x2                     1.000000
x78x142x1                     1.000000
x78x129x2                     1.000000
x119x196x2                    2.000000
x210x201x1                    1.000000
x210x129x3                    1.000000
x107x168x1                    2.000000
x175x0x1                      1.000000
x175x0x3                      1.000000
x40x0x2                       1.000000
x40x58x3                      1.000000
x4x201x3                      1.000000
x4x162x3                      1.000000
x167x110x1                    1.000000
x167x58x2                     1.000000
x83x0x1                       1.000000
x83x0x3                       1.000000
x172x0x1                      1.000000
x172x0x2                      1.000000
x196x0x2                      2.000000
x129x0x2                      1.000000
x129x0x3                      1.000000
x95x51x2                      1.000000
x95x51x3                      1.000000
x201x0x1                      1.000000
x201x0x3                      1.000000
x168x0x1                      2.000000
x162x0x2                      1.000000
x162x0x3                      1.000000
x142x110x1                    1.000000
x142x0x3                      1.000000
x51x0x2                       1.000000
x51x0x3                       1.000000
x58x0x2                       1.000000
x58x0x3                       1.000000
x110x0x1                      2.000000
s149                          5.880196
s118                          6.280000
s146                          7.238163
z149z146z1                    1.000000
s173                          6.330000
s117                          6.816470
s181                          7.270662
z149z181z1                    1.000000
s195                          6.950000
s91                           6.990000
s78                           7.030000
s98                           7.579309
s186                          8.050000
s210                          7.286158
s160                          8.380000
s107                          8.039498
s21                           7.460000
z149z21z1                     1.000000
s175                          8.480000
s68                           8.500000
s145                          8.530000
s5                            7.680000
s80                           7.680000
s15                           7.720000
s167                          8.282296
s83                           8.970000
s143                          8.980000
s172                          9.000000
s201                          9.220000
s168                          9.250000
z149z168z1                    1.000000
s142                          8.399527
s7                            9.380000
z149z7z1                      1.000000
s205                          9.410000
s193                          9.460000
s110                          9.470000
z149z110z1                    1.000000
s101                          4.994830
s60                           6.828143
s29                           6.510588
s204                          7.062091
z101z204z2                    1.000000
s44                           6.964746
s26                           6.834730
z101z26z2                     1.000000
s208                          6.760000
s62                           7.900000
s37                           6.930000
z101z37z2                     1.000000
s67                           7.940000
s119                          7.789596
z101z119z2                    1.000000
s55                           8.300000
s40                           8.209876
s14                           8.620000
z101z14z2                     1.000000
s38                           7.690000
z101z38z2                     1.000000
s11                           8.740000
z101z11z2                     1.000000
s196                          9.010000
z101z196z2                    1.000000
s129                          8.490663
s95                           8.242860
s162                          9.260000
s51                           9.290000
s155                          9.290000
z101z155z2                    1.000000
s87                           9.330000
z101z87z2                     1.000000
s124                          9.340000
z101z124z2                    1.000000
s58                           9.390000
s141                          9.390000
z101z141z2                    1.000000
s123                          5.068800
s126                          6.010000
s96                           6.982739
s104                          6.497046
s121                          6.180000
s169                          7.198270
z123z26z3                     1.000000
z123z181z3                    1.000000
s75                           8.030000
z123z75z3                     1.000000
s76                           8.030000
z123z76z3                     1.000000
s45                           7.060000
z123z45z3                     1.000000
s35                           8.150000
z123z35z3                     1.000000
s125                          7.190000
z123z125z3                    1.000000
s128                          8.240000
z123z128z3                    1.000000
s156                          7.350000
z123z156z3                    1.000000
s103                          8.400000
z123z103z3                    1.000000
s157                          8.450000
z123z157z3                    1.000000
s4                            8.030380
z123z4z3                      1.000000
s179                          8.820000
z123z179z3                    1.000000
s153                          8.250000
z123z153z3                    1.000000
s99                           9.300000
z123z99z3                     1.000000
s163                          9.340000
z123z163z3                    1.000000
s202                          9.430000
z123z202z3                    1.000000
s88                           5.218720
z88z204z3                     1.000000
z88z117z3                     1.000000
z88z75z3                      1.000000
z88z76z3                      1.000000
z88z45z3                      1.000000
z88z35z3                      1.000000
z88z125z3                     1.000000
z88z128z3                     1.000000
z88z156z3                     1.000000
z88z103z3                     1.000000
z88z157z3                     1.000000
z88z4z3                       1.000000
z88z179z3                     1.000000
z88z153z3                     1.000000
z88z99z3                      1.000000
z88z163z3                     1.000000
z88z202z3                     1.000000
s113                          4.995850
s65                           5.490000
z113z104z3                    1.000000
z113z29z2                     1.000000
z113z37z2                     1.000000
z113z75z3                     1.000000
z113z76z3                     1.000000
z113z45z3                     1.000000
z113z35z3                     1.000000
z113z125z3                    1.000000
z113z128z3                    1.000000
z113z119z2                    1.000000
z113z156z3                    1.000000
z113z103z3                    1.000000
z113z157z3                    1.000000
z113z14z2                     1.000000
z113z38z2                     1.000000
z113z11z2                     1.000000
z113z4z3                      1.000000
z113z179z3                    1.000000
z113z196z2                    1.000000
z113z153z3                    1.000000
z113z155z2                    1.000000
z113z99z3                     1.000000
z113z87z2                     1.000000
z113z124z2                    1.000000
z113z163z3                    1.000000
z113z141z2                    1.000000
z113z202z3                    1.000000
s114                          4.706330
z114z104z3                    1.000000
z114z29z2                     1.000000
z114z37z2                     1.000000
z114z75z3                     1.000000
z114z76z3                     1.000000
z114z45z3                     1.000000
z114z35z3                     1.000000
z114z125z3                    1.000000
z114z128z3                    1.000000
z114z119z2                    1.000000
z114z156z3                    1.000000
z114z103z3                    1.000000
z114z157z3                    1.000000
z114z14z2                     1.000000
z114z38z2                     1.000000
z114z11z2                     1.000000
z114z4z3                      1.000000
z114z179z3                    1.000000
z114z196z2                    1.000000
z114z153z3                    1.000000
z114z155z2                    1.000000
z114z99z3                     1.000000
z114z87z2                     1.000000
z114z124z2                    1.000000
z114z163z3                    1.000000
z114z141z2                    1.000000
z114z202z3                    1.000000
s19                           5.284080
s159                          5.765946
z19z44z3                      1.000000
z19z117z1                     1.000000
z19z75z3                      1.000000
z19z76z3                      1.000000
z19z98z1                      1.000000
z19z45z3                      1.000000
z19z35z3                      1.000000
z19z125z3                     1.000000
z19z128z3                     1.000000
z19z156z3                     1.000000
z19z103z3                     1.000000
z19z107z1                     1.000000
z19z157z3                     1.000000
z19z21z1                      1.000000
z19z4z3                       1.000000
z19z179z3                     1.000000
z19z153z3                     1.000000
z19z168z1                     1.000000
z19z99z3                      1.000000
z19z163z3                     1.000000
z19z7z1                       1.000000
z19z202z3                     1.000000
z19z110z1                     1.000000
s22                           5.220380
z22z195z1                     1.000000
z22z78z1                      1.000000
z22z98z1                      1.000000
z22z107z1                     1.000000
z22z21z1                      1.000000
z22z168z1                     1.000000
z22z7z1                       1.000000
z22z110z1                     1.000000
s147                          5.584590
z147z76z3                     1.000000
z147z45z3                     1.000000
z147z125z3                    1.000000
z147z128z3                    1.000000
z147z210z1                    1.000000
z147z210z3                    1.000000
z147z156z3                    1.000000
z147z103z3                    1.000000
z147z107z1                    1.000000
z147z157z3                    1.000000
z147z21z1                     1.000000
z147z4z3                      1.000000
z147z179z3                    1.000000
z147z153z3                    1.000000
z147z168z1                    1.000000
z147z99z3                     1.000000
z147z163z3                    1.000000
z147z7z1                      1.000000
z147z202z3                    1.000000
z147z110z1                    1.000000
s18                           5.841340
z18z98z1                      1.000000
z18z107z1                     1.000000
z18z168z1                     1.000000
z18z7z1                       1.000000
z18z110z1                     1.000000
s174                          5.438550
z174z146z2                    1.000000
z174z44z2                     1.000000
z174z37z2                     1.000000
z174z119z2                    1.000000
z174z14z2                     1.000000
z174z38z2                     1.000000
z174z11z2                     1.000000
z174z196z2                    1.000000
z174z155z2                    1.000000
z174z87z2                     1.000000
z174z124z2                    1.000000
z174z141z2                    1.000000
s206                          5.530000
z206z195z2                    1.000000
z206z78z2                     1.000000
z206z119z2                    1.000000
z206z14z2                     1.000000
z206z38z2                     1.000000
z206z11z2                     1.000000
z206z196z2                    1.000000
z206z155z2                    1.000000
z206z87z2                     1.000000
z206z124z2                    1.000000
z206z141z2                    1.000000
z65z179z3                     1.000000
z65z153z3                     1.000000
z65z99z3                      1.000000
z65z163z3                     1.000000
z65z202z3                     1.000000
z159z7z1                      1.000000
z159z110z1                    1.000000
z126z163z3                    1.000000
z126z202z3                    1.000000
z96z163z3                     1.000000
z96z7z1                       1.000000
z96z202z3                     1.000000
z96z110z1                     1.000000
z104z4z3                      1.000000
z104z163z3                    1.000000
z104z202z3                    1.000000
z60z155z2                     1.000000
z60z87z2                      1.000000
z60z124z2                     1.000000
z60z141z2                     1.000000
z121z163z3                    1.000000
z121z202z3                    1.000000
z118z155z2                    1.000000
z118z87z2                     1.000000
z118z124z2                    1.000000
z118z7z1                      1.000000
z118z141z2                    1.000000
z118z110z1                    1.000000
z169z163z3                    1.000000
z169z7z1                      1.000000
z169z202z3                    1.000000
z169z110z1                    1.000000
z146z83z1                     1.000000
z146z172z2                    1.000000
z146z155z2                    1.000000
z146z87z2                     1.000000
z146z124z2                    1.000000
z146z7z1                      1.000000
z146z141z2                    1.000000
z146z110z1                    1.000000
z173z163z3                    1.000000
z173z7z1                      1.000000
z173z202z3                    1.000000
z173z110z1                    1.000000
z29z119z2                     1.000000
z29z155z2                     1.000000
z29z87z2                      1.000000
z29z124z2                     1.000000
z29z141z2                     1.000000
z204z83z3                     1.000000
z204z162z2                    1.000000
z204z155z2                    1.000000
z204z87z2                     1.000000
z204z124z2                    1.000000
z204z163z3                    1.000000
z204z141z2                    1.000000
z204z202z3                    1.000000
z44z40z3                      1.000000
z44z167z2                     1.000000
z44z155z2                     1.000000
z44z87z2                      1.000000
z44z124z2                     1.000000
z44z163z3                     1.000000
z44z141z2                     1.000000
z44z202z3                     1.000000
z26z95z2                      1.000000
z26z95z3                      1.000000
z26z155z2                     1.000000
z26z87z2                      1.000000
z26z124z2                     1.000000
z26z163z3                     1.000000
z26z141z2                     1.000000
z26z202z3                     1.000000
z117z175z1                    1.000000
z117z142z3                    1.000000
z117z7z1                      1.000000
z117z202z3                    1.000000
z117z110z1                    1.000000
z208z155z2                    1.000000
z208z87z2                     1.000000
z208z124z2                    1.000000
z208z163z3                    1.000000
z208z141z2                    1.000000
z208z202z3                    1.000000
z62z87z2                      1.000000
z62z124z2                     1.000000
z62z163z3                     1.000000
z62z141z2                     1.000000
z62z202z3                     1.000000
z37z87z2                      1.000000
z37z124z2                     1.000000
z181z175z3                    1.000000
z181z172z1                    1.000000
z181z163z3                    1.000000
z181z7z1                      1.000000
z181z202z3                    1.000000
z181z110z1                    1.000000
z67z155z2                     1.000000
z67z87z2                      1.000000
z67z124z2                     1.000000
z67z163z3                     1.000000
z67z141z2                     1.000000
z67z202z3                     1.000000
z195z40z2                     1.000000
z195z167z1                    1.000000
z195z87z2                     1.000000
z195z124z2                    1.000000
z195z110z1                    1.000000
z91z163z3                     1.000000
z91z110z1                     1.000000
z78z129z2                     1.000000
z78z142z1                     1.000000
z78z87z2                      1.000000
z78z124z2                     1.000000
z78z110z1                     1.000000
z98z168z1                     1.000000
z98z110z1                     1.000000
z186z163z3                    1.000000
z186z7z1                      1.000000
z186z202z3                    1.000000
z186z110z1                    1.000000
z119z196z2                    1.000000
z119z124z2                    1.000000
z210z129z3                    1.000000
z210z201z1                    1.000000
z107z168z1                    1.000000
z40z58z3                      1.000000
z4z201z3                      1.000000
z4z162z3                      1.000000
z167z58z2                     1.000000
z167z110z1                    1.000000
z95z51z2                      1.000000
z95z51z3                      1.000000
z142z110z1                    1.000000
All other variables in the range 1-5421 are 0.
