
Log started (V12.10.0.0) Fri Apr  9 06:23:40 2021


Problem 'asset.lp' read.
Read time = 0.01 sec. (1.00 ticks)
New value for default parallel thread count: 1
New value for time limit in seconds: 150
Version identifier: 12.10.0.0 | 2019-11-26 | 843d4de
CPXPARAM_Threads                                 1
CPXPARAM_TimeLimit                               150
Found incumbent of value -0.764485 after 0.00 sec. (0.45 ticks)
Tried aggregator 8 times.
MIP Presolve eliminated 1920 rows and 556 columns.
MIP Presolve modified 7777 coefficients.
Aggregator did 3199 substitutions.
Reduced MIP has 3580 rows, 4828 columns, and 21313 nonzeros.
Reduced MIP has 4080 binaries, 643 generals, 0 SOSs, and 0 indicators.
Presolve time = 0.08 sec. (77.09 ticks)
Probing time = 0.01 sec. (3.61 ticks)
Tried aggregator 1 time.
Detecting symmetries...
MIP Presolve modified 494 coefficients.
Reduced MIP has 3580 rows, 4828 columns, and 21313 nonzeros.
Reduced MIP has 4080 binaries, 643 generals, 0 SOSs, and 0 indicators.
Presolve time = 0.01 sec. (12.32 ticks)
Probing time = 0.00 sec. (3.51 ticks)
Clique table members: 6720.
MIP emphasis: balance optimality and feasibility.
MIP search method: dynamic search.
Parallel mode: none, using 1 thread.
Root relaxation solution time = 0.17 sec. (235.54 ticks)

        Nodes                                         Cuts/
   Node  Left     Objective  IInf  Best Integer    Best Bound    ItCnt     Gap

*     0+    0                           -0.7645     2416.5848              --- 
      0     0     2222.1798   514       -0.7645     2222.1798     2790     --- 
      0     0     2122.8024   514       -0.7645     Cuts: 995     4655     --- 
      0     0     2068.1051   514       -0.7645     Cuts: 995     6287     --- 
      0     0     2051.7895   514       -0.7645     Cuts: 995     7660     --- 
*     0+    0                          327.1734     2051.7895           527.13%
      0     0        cutoff            327.1734     2051.7895     7660  527.13%
      0     0     2043.8344   514      327.1734     Cuts: 995     8978  524.69%
      0     0     2039.2699   514      327.1734     Cuts: 995     9747  523.30%
Detecting symmetries...
      0     0     2036.1564   514      327.1734     Cuts: 905    10392  522.35%
*     0+    0                          465.1279     2036.1564           337.76%
*     0+    0                          529.7461     2036.1564           284.36%
*     0+    0                          559.8183     2036.1564           263.72%
      0     0        cutoff            559.8183     2036.1564    10392  263.72%
      0     0     2034.4159   514      559.8183     Cuts: 613    10966  263.41%
      0     0     2032.5191   514      559.8183     Cuts: 995    11682  263.07%
      0     0     2030.3723   514      559.8183     Cuts: 771    12201  262.68%
*     0+    0                          791.3156     2030.3723           156.58%
*     0+    0                          929.3675     2030.3723           118.47%
*     0+    0                          929.3676     2030.3723           118.47%
*     0+    0                          929.3676     2030.3723           118.47%
      0     0        cutoff            929.3676     2030.3723    12201  118.47%
      0     0     2027.9929   514      929.3676     Cuts: 589    13046  118.21%
      0     0     2026.6454   514      929.3676     Cuts: 485    13623  118.07%
      0     0     2023.7357   514      929.3676     Cuts: 492    14214  117.75%
*     0+    0                          929.3696     2023.7357           117.75%
*     0+    0                          951.7622     2023.7357           112.63%
      0     0        cutoff            951.7622     2023.7357    14214  112.63%
      0     0     2022.6659   514      951.7622     Cuts: 550    14773  112.52%
      0     0     2021.4645   514      951.7622     Cuts: 368    15182  112.39%
      0     0     2020.4814   514      951.7622     Cuts: 749    15660  112.29%
*     0+    0                          951.7631     2020.4814           112.29%
*     0+    0                          951.7632     2020.4814           112.29%
*     0+    0                          984.2581     2020.4814           105.28%
      0     0        cutoff            984.2581     2020.4814    15660  105.28%
      0     0     2019.7928   514      984.2581     Cuts: 444    16098  105.21%
      0     0     2017.4297   514      984.2581     Cuts: 470    16687  104.97%
      0     0     2016.6506   514      984.2581     Cuts: 402    17162  104.89%
*     0+    0                          984.2582     2016.6506           104.89%
*     0+    0                          984.2584     2016.6506           104.89%
*     0+    0                          990.8062     2016.6506           103.54%
*     0+    0                          990.8063     2016.6506           103.54%
*     0+    0                          990.8064     2016.6506           103.54%
      0     0        cutoff            990.8064     2016.6506    17162  103.54%
      0     0     2016.3820   514      990.8064     Cuts: 453    17452  103.51%
      0     0     2016.1349   514      990.8064     Cuts: 276    17687  103.48%
*     0+    0                         1006.6469     2016.1349           100.28%
*     0+    0                         1009.5316     2016.1349            99.71%
*     0+    0                         1009.5326     2016.1349            99.71%
*     0+    0                         1009.5334     2016.1349            99.71%
      0     0        cutoff           1009.5334     2016.1349    17687   99.71%
Detecting symmetries...
      0     2     2016.1349   592     1009.5334     2016.0700    17687   99.70%
Elapsed time = 5.25 sec. (6729.83 ticks, tree = 0.01 MB, solutions = 22)
      5     7     2010.6674   559     1009.5334     2015.2246    18990   99.62%
      7     9     2010.3494   554     1009.5334     2015.2246    20392   99.62%
      9    11     2003.9825   547     1009.5334     2015.2246    22289   99.62%
     12    14     2008.0073   553     1009.5334     2015.2246    23546   99.62%
     17    19     2005.1532   524     1009.5334     2015.2246    24816   99.62%
     19    21     2001.0575   533     1009.5334     2015.2246    26229   99.62%
     21    23     1979.9392   534     1009.5334     2015.2246    27532   99.62%
     22    24     1972.9981   494     1009.5334     2015.2246    28988   99.62%
     28    28     1867.2940   426     1009.5334     2015.2246    30646   99.62%
     37    37     1853.4954   443     1009.5334     2015.2246    36888   99.62%
Elapsed time = 7.66 sec. (10381.20 ticks, tree = 0.34 MB, solutions = 22)
     50    46     1640.2492   338     1009.5334     2015.2246    42572   99.62%
     75    69     1555.2311   295     1009.5334     2015.2246    48284   99.62%
    214   181    infeasible           1009.5334     2015.2246    55401   99.62%
    250   205     1955.3109   510     1009.5334     2015.2096    61611   99.62%
    262   217     1909.2577   412     1009.5334     2015.2096    67980   99.62%
    280   235     1867.9298   410     1009.5334     2015.2096    73799   99.62%
    300   255     1818.7021   386     1009.5334     2015.2096    80765   99.62%
    326   281     1793.8437   401     1009.5334     2015.2096    87894   99.62%
    428   356     1291.7608   147     1009.5334     2015.2096    96823   99.62%
    546   444     2007.5714   580     1009.5334     2014.3683   102195   99.53%
Elapsed time = 14.77 sec. (20361.35 ticks, tree = 1.57 MB, solutions = 22)
    567   465     1971.5520   533     1009.5334     2014.3683   108575   99.53%
    589   487     1951.3824   528     1009.5334     2014.3683   114866   99.53%
    605   503     2009.3544   576     1009.5334     2014.2391   119775   99.52%
    618   516     1976.3777   540     1009.5334     2014.2391   125657   99.52%
    640   538     1958.5388   506     1009.5334     2014.2391   131332   99.52%
    658   556     1937.9577   522     1009.5334     2014.2391   137505   99.52%
    677   575     1898.0184   515     1009.5334     2014.2391   144049   99.52%
    686   584     1890.5559   498     1009.5334     2014.2391   145951   99.52%
    723   621     1832.9832   485     1009.5334     2014.2391   152320   99.52%
    755   653     1793.2154   443     1009.5334     2014.2391   159042   99.52%
Elapsed time = 21.26 sec. (30289.17 ticks, tree = 2.10 MB, solutions = 22)
    785   683     1748.9992   430     1009.5334     2014.2391   164859   99.52%
    808   706     1936.6793   512     1009.5334     2014.0507   171995   99.50%
    821   719     1971.2894   518     1009.5334     2014.0507   178405   99.50%
    830   728     1889.5870   464     1009.5334     2014.0507   185365   99.50%
    841   739     1853.0238   433     1009.5334     2014.0507   192027   99.50%
    863   761     1763.0054   396     1009.5334     2014.0507   198845   99.50%
    877   769     2004.9677   571     1009.5334     2013.9517   204131   99.49%
    895   787     1958.0515   518     1009.5334     2013.9517   209897   99.49%
    920   812     1934.3758   572     1009.5334     2013.9517   216042   99.49%
    937   829     1905.3228   528     1009.5334     2013.9517   221996   99.49%
Elapsed time = 27.95 sec. (40245.45 ticks, tree = 2.51 MB, solutions = 22)
    953   845     1884.9205   510     1009.5334     2013.9517   228126   99.49%
    960   852     1854.2339   479     1009.5334     2013.9517   231091   99.49%
    979   871     1820.8163   457     1009.5334     2013.9517   237459   99.49%
   1004   896     1778.9390   456     1009.5334     2013.9517   244226   99.49%

Performing restart 1

Repeating presolve.
Tried aggregator 2 times.
MIP Presolve modified 4446 coefficients.
Aggregator did 10 substitutions.
Reduced MIP has 3570 rows, 4818 columns, and 17791 nonzeros.
Reduced MIP has 4070 binaries, 643 generals, 0 SOSs, and 0 indicators.
Presolve time = 0.02 sec. (18.53 ticks)
Tried aggregator 1 time.
Reduced MIP has 3570 rows, 4818 columns, and 17791 nonzeros.
Reduced MIP has 4070 binaries, 643 generals, 0 SOSs, and 0 indicators.
Presolve time = 0.01 sec. (11.95 ticks)
Represolve time = 0.14 sec. (91.21 ticks)
   1024     0     1915.9509   630     1009.5334     Cuts: 558   268707   89.79%
   1024     0     1890.7007   630     1009.5334     Cuts: 298   269857   87.28%
   1024     0     1874.9757   630     1009.5334     Cuts: 311   271070   85.73%
   1024     0     1863.8745   630     1009.5334     Cuts: 449   272230   84.63%
   1024     0     1856.2262   630     1009.5334     Cuts: 247   273019   83.87%
   1024     0     1852.2954   630     1009.5334     Cuts: 334   273814   83.48%
*  1024+    0                         1038.9809     1852.2954            78.28%
*  1024+    0                         1038.9816     1852.2954            78.28%
*  1024+    0                         1041.2476     1852.2954            77.89%
*  1024+    0                         1041.2477     1852.2954            77.89%
   1024     0        cutoff           1041.2477     1852.2954   273814   77.89%
   1024     0     1844.0925   630     1041.2477     Cuts: 267   274624   77.10%
   1024     0     1840.4180   630     1041.2477     Cuts: 329   275241   76.75%
   1024     0     1834.5645   630     1041.2477     Cuts: 213   276090   76.19%
*  1024+    0                         1058.1555     1834.5645            73.37%
*  1024+    0                         1058.1555     1834.5645            73.37%
*  1024+    0                         1058.1555     1834.5645            73.37%
*  1024+    0                         1070.8514     1834.5645            71.32%
*  1024+    0                         1070.8517     1834.5645            71.32%
   1024     0        cutoff           1070.8517     1834.5645   276090   71.32%
   1024     0     1832.9593   630     1070.8517     Cuts: 258   276694   71.17%
   1024     0     1831.3863   630     1070.8517     Cuts: 181   277325   71.02%
   1024     0     1830.0905   630     1070.8517     Cuts: 182   277925   70.90%
*  1024+    0                         1077.5549     1830.0905            69.84%
*  1024+    0                         1077.5555     1830.0905            69.84%
   1024     0        cutoff           1077.5555     1830.0905   277925   69.84%
   1024     0     1828.7947   630     1077.5555     Cuts: 172   278379   69.72%
   1024     0     1826.3888   630     1077.5555     Cuts: 143   278876   69.49%
   1024     0     1825.5523   630     1077.5555     Cuts: 177   279334   69.42%
*  1024+    0                         1085.5017     1825.5523            68.18%
*  1024+    0                         1085.5019     1825.5523            68.18%
*  1024+    0                         1085.5040     1825.5523            68.18%
*  1024+    0                         1117.8538     1825.5523            63.31%
*  1024+    0                         1117.8618     1825.5523            63.31%
*  1024+    0                         1117.8621     1825.5523            63.31%
   1024     0     1824.8671   630     1117.8621     Cuts: 175   279623   63.25%
   1024     0     1824.1960   630     1117.8621     Cuts: 150   279934   63.19%
   1024     0     1822.3623   630     1117.8621     Cuts: 113   280700   63.02%
*  1024+    0                         1122.4426     1822.3623            62.36%
*  1024+    0                         1129.3988     1822.3623            61.36%
*  1024+    0                         1129.4004     1822.3623            61.36%
*  1024+    0                         1151.0397     1822.3623            58.32%
   1024     0        cutoff           1151.0397     1822.3623   280700   58.32%
   1024     0     1820.7448   630     1151.0397     Cuts: 168   281317   58.18%
   1024     0     1819.4465   630     1151.0397     Cuts: 189   281789   58.07%
   1024     0     1818.3426   630     1151.0397     Cuts: 153   282155   57.97%
*  1024+    0                         1151.0397     1818.3426            57.97%
*  1024+    0                         1151.6727     1818.3426            57.89%
   1024     0        cutoff           1151.6727     1818.3426   282155   57.89%
   1024     0     1817.9242   630     1151.6727     Cuts: 133   282591   57.85%
   1024     0     1817.5634   630     1151.6727     Cuts: 131   282967   57.82%
   1024     0     1816.8151   630     1151.6727     Cuts: 155   283343   57.75%
*  1024+    0                         1176.4720     1816.8151            54.43%
*  1024+    0                         1176.4723     1816.8151            54.43%
*  1024+    0                         1176.4725     1816.8151            54.43%
   1024     0        cutoff           1176.4725     1816.8151   283343   54.43%
   1024     0     1815.9902   630     1176.4725     Cuts: 129   283828   54.36%
   1024     0     1815.6207   630     1176.4725     Cuts: 147   284215   54.33%
   1024     0     1815.2152   630     1176.4725     Cuts: 100   284636   54.29%
   1024     0     1814.2442   630     1176.4725     Cuts: 161   285143   54.21%
   1024     0     1813.4045   630     1176.4725     Cuts: 127   285623   54.14%
   1024     0     1812.9360   630     1176.4725     Cuts: 169   286009   54.10%
*  1024+    0                         1176.4726     1812.9360            54.10%
*  1024+    0                         1176.4727     1812.9360            54.10%
*  1024+    0                         1176.4731     1812.9360            54.10%
   1024     0        cutoff           1176.4731     1812.9360   286009   54.10%
   1024     0     1812.2928   630     1176.4731      Cuts: 88   286378   54.04%
   1024     0     1811.9151   630     1176.4731     Cuts: 145   286673   54.01%
   1024     0     1811.4718   630     1176.4731     Cuts: 185   286996   53.97%
   1024     0     1811.1061   630     1176.4731     Cuts: 126   287313   53.94%
   1024     0     1810.9016   630     1176.4731      Cuts: 92   287590   53.93%
   1024     0     1810.6452   630     1176.4731      Cuts: 97   287850   53.90%
   1024     2     1810.6452   607     1176.4731     1810.6370   287850   53.90%
   1025     3     1808.3326   590     1176.4731     1808.3570   289246   53.71%
   1027     5     1803.5415   572     1176.4731     1808.3570   291245   53.71%
   1029     7     1797.2082   548     1176.4731     1808.3570   293759   53.71%
   1030     8     1792.6984   546     1176.4731     1808.3570   296885   53.71%
   1032    10     1799.9481   551     1176.4731     1808.3570   299182   53.71%
Elapsed time = 85.90 sec. (113875.83 ticks, tree = 0.02 MB, solutions = 51)
   1033    11     1764.3395   533     1176.4731     1808.3570   300968   53.71%
   1035    13     1794.3967   550     1176.4731     1808.3570   303193   53.71%
   1037    15     1772.2474   546     1176.4731     1808.3570   306100   53.71%
   1040    18     1738.6178   516     1176.4731     1808.3570   308828   53.71%
   1043    21     1788.4177   546     1176.4731     1808.3570   310759   53.71%
   1044    22     1776.1729   519     1176.4731     1808.3570   312904   53.71%
   1047    25     1782.0118   524     1176.4731     1808.3570   315734   53.71%
   1049    27     1720.9194   502     1176.4731     1808.3570   319371   53.71%
   1053    31     1775.9432   522     1176.4731     1808.3570   321331   53.71%
   1055    33     1773.1181   527     1176.4731     1808.3570   324161   53.71%
Elapsed time = 93.86 sec. (125575.71 ticks, tree = 0.33 MB, solutions = 51)
   1062    40     1769.5734   516     1176.4731     1808.3570   325593   53.71%
   1066    44     1756.0662   468     1176.4731     1808.3570   327934   53.71%
   1070    48     1692.1598   466     1176.4731     1808.3570   330417   53.71%
   1075    53     1736.2274   483     1176.4731     1808.3570   332959   53.71%
   1078    56     1741.5752   496     1176.4731     1808.3570   336400   53.71%
   1081    59     1725.0414   484     1176.4731     1808.3570   339369   53.71%
   1086    62     1696.5961   459     1176.4731     1808.3570   342528   53.71%
   1090    66     1710.1927   447     1176.4731     1808.3570   344535   53.71%
   1095    69    infeasible           1176.4731     1808.3570   345933   53.71%
   1098    72     1693.6156   422     1176.4731     1808.3570   349250   53.71%
Elapsed time = 101.69 sec. (137242.51 ticks, tree = 1.16 MB, solutions = 51)
   1104    78     1671.8839   400     1176.4731     1808.3570   351991   53.71%
   1108    82     1646.0593   393     1176.4731     1808.3570   355653   53.71%
   1112    86     1645.3359   420     1176.4731     1808.3570   359515   53.71%
   1114    88     1637.7056   401     1176.4731     1808.3570   361478   53.71%
   1119    91     1619.4716   391     1176.4731     1808.3570   367061   53.71%
   1125    95     1606.5091   393     1176.4731     1808.3570   368148   53.71%
   1133    95     1573.9835   376     1176.4731     1808.3570   370192   53.71%
   1138   100     1557.3695   374     1176.4731     1808.3570   372124   53.71%
   1143   105     1471.5302   321     1176.4731     1808.3570   376172   53.71%
   1153   114     1470.6572   296     1176.4731     1808.3570   380472   53.71%
Elapsed time = 109.20 sec. (148760.79 ticks, tree = 1.76 MB, solutions = 51)
   1163   124     1516.4964   332     1176.4731     1808.3570   383744   53.71%
   1169   127     1476.0225   313     1176.4731     1808.3570   387269   53.71%
   1178   128     1772.1416   546     1176.4731     1803.5393   391871   53.30%
   1182   132     1762.9964   537     1176.4731     1803.5393   394018   53.30%
   1184   134     1752.6389   494     1176.4731     1803.5393   396076   53.30%
   1187   137     1762.0978   494     1176.4731     1803.5393   399407   53.30%
   1192   142     1756.3099   515     1176.4731     1803.5393   402239   53.30%
   1197   147     1695.5563   454     1176.4731     1803.5393   405500   53.30%
   1202   152     1706.1172   455     1176.4731     1803.5393   408973   53.30%
   1205   155     1719.6068   447     1176.4731     1803.5393   410185   53.30%
Elapsed time = 119.87 sec. (163969.54 ticks, tree = 2.12 MB, solutions = 51)
   1214   164     1701.7910   413     1176.4731     1803.5393   412946   53.30%
   1224   174     1692.0589   417     1176.4731     1803.5393   415381   53.30%
   1235   185     1678.8997   427     1176.4731     1803.5393   418366   53.30%
   1243   193     1663.7760   385     1176.4731     1803.5393   421320   53.30%
   1257   207     1616.6645   354     1176.4731     1803.5393   425395   53.30%
   1270   216    infeasible           1176.4731     1803.5393   428734   53.30%
   1272   216     1794.3422   563     1176.4731     1803.5369   429988   53.30%
   1281   225     1780.0737   516     1176.4731     1803.5369   432442   53.30%
   1293   237     1725.9899   480     1176.4731     1803.5369   435749   53.30%
   1336   274     1445.1674   292     1176.4731     1803.5369   446962   53.30%
Elapsed time = 129.48 sec. (177541.90 ticks, tree = 5.08 MB, solutions = 51)
   1427   359     1782.0176   572     1176.4731     1799.9362   454846   52.99%
   1463   395     1688.1056   476     1176.4731     1799.9362   465113   52.99%
   1494   420     1717.1749   462     1176.4731     1797.2082   474861   52.76%
Starting limited solution polishing.
   1555   479     1569.5096   314     1176.4731     1797.2082   484572   52.76%
*  1624+  536                         1176.4731     1797.2082            52.76%
   1655   564     1793.7476   579     1176.4731     1797.2081   493877   52.76%
   1683   592     1752.0479   470     1176.4731     1797.2081   503011   52.76%
   1705   614     1608.9154   335     1176.4731     1797.2081   512130   52.76%
Advanced basis not built.

GUB cover cuts applied:  50
Clique cuts applied:  289
Cover cuts applied:  9
Implied bound cuts applied:  87
Flow cuts applied:  33
Mixed integer rounding cuts applied:  218
Zero-half cuts applied:  134
Lift and project cuts applied:  32
Gomory fractional cuts applied:  5

Root node processing (before b&c):
  Real time             =    5.23 sec. (6715.50 ticks)
Sequential b&c:
  Real time             =  144.77 sec. (199844.01 ticks)
                          ------------
Total (root+branch&cut) =  150.01 sec. (206559.52 ticks)

Solution pool: 53 solutions saved.

MIP - Time limit exceeded, integer feasible:  Objective =  1.1764731459e+03
Current MIP best bound =  1.7972081431e+03 (gap = 620.735, 52.76%)
Solution time =  150.01 sec.  Iterations = 516704  Nodes = 1724 (632)
Deterministic time = 206559.54 ticks  (1377.00 ticks/sec)


Incumbent solution
Variable Name           Solution Value
F                          1300.000000
f1                            0.794884
f2                          122.731970
y1                            1.000000
y3                            1.000000
y9                            1.000000
y11                           1.000000
y12                           1.000000
y24                           1.000000
y26                           1.000000
y28                           1.000000
y30                           1.000000
y39                           1.000000
y44                           1.000000
y49                           1.000000
y52                           1.000000
y55                           1.000000
y59                           1.000000
y61                           1.000000
y67                           1.000000
y76                           1.000000
y87                           1.000000
y94                           1.000000
y95                           1.000000
y98                           1.000000
y108                          1.000000
y111                          1.000000
y115                          1.000000
y128                          1.000000
y130                          1.000000
y134                          1.000000
y142                          1.000000
y146                          1.000000
y150                          1.000000
y157                          1.000000
y173                          1.000000
y187                          1.000000
y188                          1.000000
y192                          1.000000
y194                          1.000000
s1                            4.405373
s3                            5.309401
s5                            4.210000
s6                            1.980000
s7                            0.910000
s9                            5.960000
s11                           1.000000
s12                           4.630000
s13                           2.300000
s16                           1.110000
s17                           2.690000
s18                           3.810000
s19                           4.130000
s23                           3.440000
s24                           0.812021
s26                           4.244600
s28                           1.150000
s30                           2.370458
s32                           5.190000
s33                           3.790000
s34                           5.210000
s35                           2.910000
s37                           3.880000
s38                           1.760000
s39                           1.210000
s40                           3.470000
s44                           1.010698
s45                           2.480000
s47                           3.090000
s49                           2.387468
s50                           3.230000
s52                           4.050000
s55                           5.011685
s57                           2.820000
s59                           5.851890
s61                           3.839638
s62                           4.040000
s65                           3.520000
s66                           5.270000
s67                           0.997173
s71                           2.470000
s76                           5.489967
s78                           1.680000
s80                           3.100000
s82                           2.840000
s83                           1.890000
s87                           2.383714
s89                           2.480000
s92                           2.690000
s94                           2.303571
s95                           3.304106
s96                           1.880000
s98                           3.564796
s99                           2.190000
s100                          0.810000
s103                          2.830000
s104                          3.780000
s107                          3.960000
s108                          3.980000
s110                          1.480000
s111                          3.230000
s112                          3.600000
s113                          1.670000
s115                          4.620334
s117                          2.760000
s118                          5.760000
s119                          4.850000
s120                          2.150000
s121                          4.210000
s122                          2.950000
s125                          3.690000
s126                          3.620000
s127                          2.570000
s128                          1.120000
s130                          5.960000
s131                          2.440000
s134                          5.790000
s136                          4.030000
s137                          2.230000
s140                          2.770000
s142                          2.070868
s144                          4.460000
s146                          2.334493
s150                          5.439758
s151                          2.590000
s152                          2.380000
s153                          4.330000
s155                          3.570000
s157                          0.992863
s158                          4.260000
s160                          2.330000
s161                          1.020000
s163                          2.000000
s164                          4.660000
s166                          3.930000
s167                          4.870000
s173                          5.863582
s174                          2.460000
s175                          2.340000
s179                          1.130000
s180                          2.520000
s182                          3.100000
s183                          2.170000
s185                          3.570000
s186                          1.660000
s187                          2.177487
s188                          1.170000
s191                          4.150000
s192                          2.451267
s193                          4.470000
s194                          4.320000
s195                          1.700000
x0x24x1                       1.000000
x0x67x1                       1.000000
x0x128x1                      1.000000
x0x157x1                      1.000000
x0x188x1                      2.000000
x0x11x2                       2.000000
x0x28x2                       1.000000
x0x39x2                       1.000000
x0x44x2                       1.000000
x0x157x2                      1.000000
x0x24x3                       1.000000
x0x28x3                       1.000000
x0x39x3                       1.000000
x0x44x3                       1.000000
x0x67x3                       1.000000
x0x128x3                      1.000000
x111x1x1                      1.000000
x1x173x1                      1.000000
x111x1x3                      1.000000
x1x134x3                      1.000000
x108x3x1                      1.000000
x3x0x1                        1.000000
x52x3x3                       1.000000
x3x0x3                        1.000000
x115x9x2                      2.000000
x9x0x2                        2.000000
x11x142x2                     2.000000
x87x12x2                      2.000000
x12x130x2                     2.000000
x24x146x1                     1.000000
x24x187x3                     1.000000
x30x26x1                      1.000000
x192x26x1                     1.000000
x26x59x1                      2.000000
x28x87x2                      1.000000
x28x187x3                     1.000000
x67x30x1                      1.000000
x157x30x2                     1.000000
x30x194x2                     1.000000
x39x87x2                      1.000000
x39x94x3                      1.000000
x44x49x2                      1.000000
x44x49x3                      1.000000
x49x194x2                     1.000000
x49x98x3                      1.000000
x94x52x3                      2.000000
x52x76x3                      1.000000
x61x55x3                      2.000000
x55x0x3                       2.000000
x59x0x1                       2.000000
x187x61x3                     2.000000
x67x94x3                      1.000000
x194x76x2                     1.000000
x76x0x2                       1.000000
x76x0x3                       1.000000
x142x95x2                     2.000000
x95x115x2                     2.000000
x192x98x1                     1.000000
x98x150x1                     1.000000
x98x173x3                     1.000000
x146x108x1                    2.000000
x108x150x1                    1.000000
x128x111x1                    1.000000
x128x111x3                    1.000000
x130x0x2                      2.000000
x194x134x2                    1.000000
x134x0x2                      1.000000
x134x0x3                      1.000000
x157x146x1                    1.000000
x150x0x1                      2.000000
x173x0x1                      1.000000
x173x0x3                      1.000000
x188x192x1                    2.000000
z0z5z1                        1.000000
z0z7z2                        1.000000
z0z9z2                        1.000000
z0z11z2                       1.000000
z0z12z2                       1.000000
z0z13z1                       1.000000
z0z18z2                       1.000000
z0z19z1                       1.000000
z0z24z1                       1.000000
z0z24z3                       1.000000
z0z26z1                       1.000000
z0z28z2                       1.000000
z0z28z3                       1.000000
z0z32z2                       1.000000
z0z33z1                       1.000000
z0z34z2                       1.000000
z0z35z3                       1.000000
z0z39z2                       1.000000
z0z39z3                       1.000000
z0z40z3                       1.000000
z0z44z2                       1.000000
z0z44z3                       1.000000
z0z47z2                       1.000000
z0z52z3                       1.000000
z0z55z3                       1.000000
z0z57z1                       1.000000
z0z59z1                       1.000000
z0z61z3                       1.000000
z0z65z2                       1.000000
z0z66z2                       1.000000
z0z67z1                       1.000000
z0z67z3                       1.000000
z0z78z1                       1.000000
z0z80z3                       1.000000
z0z87z2                       1.000000
z0z92z2                       1.000000
z0z94z3                       1.000000
z0z95z2                       1.000000
z0z99z1                       1.000000
z0z107z2                      1.000000
z0z108z1                      1.000000
z0z110z3                      1.000000
z0z112z1                      1.000000
z0z115z2                      1.000000
z0z119z2                      1.000000
z0z120z2                      1.000000
z0z121z2                      1.000000
z0z122z2                      1.000000
z0z127z2                      1.000000
z0z128z1                      1.000000
z0z128z3                      1.000000
z0z130z2                      1.000000
z0z131z3                      1.000000
z0z142z2                      1.000000
z0z144z1                      1.000000
z0z146z1                      1.000000
z0z150z1                      1.000000
z0z152z2                      1.000000
z0z153z1                      1.000000
z0z155z2                      1.000000
z0z157z1                      1.000000
z0z157z2                      1.000000
z0z161z1                      1.000000
z0z164z1                      1.000000
z0z166z2                      1.000000
z0z167z2                      1.000000
z0z185z1                      1.000000
z0z187z3                      1.000000
z0z188z1                      1.000000
z0z191z2                      1.000000
z0z192z1                      1.000000
z0z193z2                      1.000000
z0z194z2                      1.000000
z1z134z3                      1.000000
z1z173z1                      1.000000
z6z9z2                        1.000000
z6z12z2                       1.000000
z6z32z2                       1.000000
z6z34z2                       1.000000
z6z59z1                       1.000000
z6z66z2                       1.000000
z6z119z2                      1.000000
z6z130z2                      1.000000
z6z150z1                      1.000000
z6z164z1                      1.000000
z6z167z2                      1.000000
z7z9z2                        1.000000
z7z12z2                       1.000000
z7z18z2                       1.000000
z7z32z2                       1.000000
z7z34z2                       1.000000
z7z47z2                       1.000000
z7z65z2                       1.000000
z7z66z2                       1.000000
z7z92z2                       1.000000
z7z95z2                       1.000000
z7z107z2                      1.000000
z7z115z2                      1.000000
z7z119z2                      1.000000
z7z121z2                      1.000000
z7z122z2                      1.000000
z7z127z2                      1.000000
z7z130z2                      1.000000
z7z152z2                      1.000000
z7z155z2                      1.000000
z7z166z2                      1.000000
z7z167z2                      1.000000
z7z191z2                      1.000000
z7z193z2                      1.000000
z7z194z2                      1.000000
z11z9z2                       1.000000
z11z12z2                      1.000000
z11z18z2                      1.000000
z11z32z2                      1.000000
z11z34z2                      1.000000
z11z65z2                      1.000000
z11z66z2                      1.000000
z11z107z2                     1.000000
z11z115z2                     1.000000
z11z119z2                     1.000000
z11z121z2                     1.000000
z11z130z2                     1.000000
z11z142z2                     1.000000
z11z166z2                     1.000000
z11z167z2                     1.000000
z11z191z2                     1.000000
z11z193z2                     1.000000
z11z194z2                     1.000000
z12z130z2                     1.000000
z13z59z1                      1.000000
z13z150z1                     1.000000
z16z5z1                       1.000000
z16z19z1                      1.000000
z16z52z3                      1.000000
z16z55z3                      1.000000
z16z59z1                      1.000000
z16z108z1                     1.000000
z16z144z1                     1.000000
z16z150z1                     1.000000
z16z153z1                     1.000000
z16z164z1                     1.000000
z17z9z2                       1.000000
z17z34z2                      1.000000
z17z66z2                      1.000000
z17z130z2                     1.000000
z23z9z2                       1.000000
z23z130z2                     1.000000
z24z5z1                       1.000000
z24z19z1                      1.000000
z24z33z1                      1.000000
z24z52z3                      1.000000
z24z55z3                      1.000000
z24z59z1                      1.000000
z24z61z3                      1.000000
z24z108z1                     1.000000
z24z112z1                     1.000000
z24z144z1                     1.000000
z24z146z1                     1.000000
z24z150z1                     1.000000
z24z153z1                     1.000000
z24z164z1                     1.000000
z24z187z3                     1.000000
z26z59z1                      1.000000
z28z9z2                       1.000000
z28z12z2                      1.000000
z28z18z2                      1.000000
z28z32z2                      1.000000
z28z34z2                      1.000000
z28z52z3                      1.000000
z28z55z3                      1.000000
z28z66z2                      1.000000
z28z87z2                      1.000000
z28z115z2                     1.000000
z28z119z2                     1.000000
z28z121z2                     1.000000
z28z130z2                     1.000000
z28z166z2                     1.000000
z28z167z2                     1.000000
z28z187z3                     1.000000
z28z193z2                     1.000000
z28z194z2                     1.000000
z30z9z2                       1.000000
z30z12z2                      1.000000
z30z26z1                      1.000000
z30z32z2                      1.000000
z30z34z2                      1.000000
z30z59z1                      1.000000
z30z66z2                      1.000000
z30z119z2                     1.000000
z30z130z2                     1.000000
z30z150z1                     1.000000
z30z164z1                     1.000000
z30z167z2                     1.000000
z30z193z2                     1.000000
z30z194z2                     1.000000
z38z9z2                       1.000000
z38z12z2                      1.000000
z38z32z2                      1.000000
z38z34z2                      1.000000
z38z66z2                      1.000000
z38z119z2                     1.000000
z38z130z2                     1.000000
z38z167z2                     1.000000
z38z193z2                     1.000000
z39z9z2                       1.000000
z39z12z2                      1.000000
z39z18z2                      1.000000
z39z32z2                      1.000000
z39z34z2                      1.000000
z39z52z3                      1.000000
z39z55z3                      1.000000
z39z66z2                      1.000000
z39z87z2                      1.000000
z39z94z3                      1.000000
z39z115z2                     1.000000
z39z119z2                     1.000000
z39z121z2                     1.000000
z39z130z2                     1.000000
z39z166z2                     1.000000
z39z167z2                     1.000000
z39z191z2                     1.000000
z39z193z2                     1.000000
z39z194z2                     1.000000
z44z9z2                       1.000000
z44z12z2                      1.000000
z44z18z2                      1.000000
z44z32z2                      1.000000
z44z34z2                      1.000000
z44z35z3                      1.000000
z44z40z3                      1.000000
z44z47z2                      1.000000
z44z49z2                      1.000000
z44z49z3                      1.000000
z44z52z3                      1.000000
z44z55z3                      1.000000
z44z61z3                      1.000000
z44z65z2                      1.000000
z44z66z2                      1.000000
z44z80z3                      1.000000
z44z107z2                     1.000000
z44z115z2                     1.000000
z44z119z2                     1.000000
z44z121z2                     1.000000
z44z122z2                     1.000000
z44z130z2                     1.000000
z44z155z2                     1.000000
z44z166z2                     1.000000
z44z167z2                     1.000000
z44z191z2                     1.000000
z44z193z2                     1.000000
z44z194z2                     1.000000
z45z9z2                       1.000000
z45z32z2                      1.000000
z45z34z2                      1.000000
z45z66z2                      1.000000
z45z130z2                     1.000000
z47z9z2                       1.000000
z47z130z2                     1.000000
z49z9z2                       1.000000
z49z12z2                      1.000000
z49z32z2                      1.000000
z49z34z2                      1.000000
z49z66z2                      1.000000
z49z98z3                      1.000000
z49z115z2                     1.000000
z49z119z2                     1.000000
z49z130z2                     1.000000
z49z167z2                     1.000000
z49z193z2                     1.000000
z49z194z2                     1.000000
z52z3z3                       1.000000
z52z76z3                      1.000000
z57z150z1                     1.000000
z61z55z3                      1.000000
z65z9z2                       1.000000
z65z130z2                     1.000000
z67z5z1                       1.000000
z67z19z1                      1.000000
z67z30z1                      1.000000
z67z33z1                      1.000000
z67z52z3                      1.000000
z67z55z3                      1.000000
z67z59z1                      1.000000
z67z94z3                      1.000000
z67z108z1                     1.000000
z67z112z1                     1.000000
z67z144z1                     1.000000
z67z150z1                     1.000000
z67z153z1                     1.000000
z67z164z1                     1.000000
z71z59z1                      1.000000
z71z150z1                     1.000000
z78z59z1                      1.000000
z78z144z1                     1.000000
z78z150z1                     1.000000
z78z164z1                     1.000000
z82z9z2                       1.000000
z82z130z2                     1.000000
z83z9z2                       1.000000
z83z12z2                      1.000000
z83z32z2                      1.000000
z83z34z2                      1.000000
z83z59z1                      1.000000
z83z66z2                      1.000000
z83z119z2                     1.000000
z83z130z2                     1.000000
z83z150z1                     1.000000
z83z164z1                     1.000000
z83z167z2                     1.000000
z83z193z2                     1.000000
z87z9z2                       1.000000
z87z12z2                      1.000000
z87z32z2                      1.000000
z87z34z2                      1.000000
z87z66z2                      1.000000
z87z115z2                     1.000000
z87z119z2                     1.000000
z87z130z2                     1.000000
z87z167z2                     1.000000
z87z193z2                     1.000000
z87z194z2                     1.000000
z89z9z2                       1.000000
z89z32z2                      1.000000
z89z34z2                      1.000000
z89z59z1                      1.000000
z89z66z2                      1.000000
z89z130z2                     1.000000
z89z150z1                     1.000000
z92z9z2                       1.000000
z92z130z2                     1.000000
z94z52z3                      1.000000
z94z55z3                      1.000000
z95z9z2                       1.000000
z95z32z2                      1.000000
z95z34z2                      1.000000
z95z66z2                      1.000000
z95z115z2                     1.000000
z95z119z2                     1.000000
z95z130z2                     1.000000
z95z167z2                     1.000000
z96z9z2                       1.000000
z96z12z2                      1.000000
z96z32z2                      1.000000
z96z34z2                      1.000000
z96z66z2                      1.000000
z96z119z2                     1.000000
z96z130z2                     1.000000
z96z167z2                     1.000000
z98z150z1                     1.000000
z98z173z3                     1.000000
z99z59z1                      1.000000
z99z150z1                     1.000000
z100z5z1                      1.000000
z100z9z2                      1.000000
z100z12z2                     1.000000
z100z18z2                     1.000000
z100z19z1                     1.000000
z100z32z2                     1.000000
z100z33z1                     1.000000
z100z34z2                     1.000000
z100z59z1                     1.000000
z100z65z2                     1.000000
z100z66z2                     1.000000
z100z107z2                    1.000000
z100z108z1                    1.000000
z100z112z1                    1.000000
z100z115z2                    1.000000
z100z119z2                    1.000000
z100z121z2                    1.000000
z100z130z2                    1.000000
z100z144z1                    1.000000
z100z150z1                    1.000000
z100z153z1                    1.000000
z100z164z1                    1.000000
z100z166z2                    1.000000
z100z167z2                    1.000000
z100z191z2                    1.000000
z100z193z2                    1.000000
z100z194z2                    1.000000
z103z9z2                      1.000000
z103z130z2                    1.000000
z108z3z1                      1.000000
z108z150z1                    1.000000
z110z55z3                     1.000000
z111z1z1                      1.000000
z111z1z3                      1.000000
z113z55z3                     1.000000
z113z59z1                     1.000000
z113z144z1                    1.000000
z113z150z1                    1.000000
z113z164z1                    1.000000
z115z9z2                      1.000000
z117z9z2                      1.000000
z117z130z2                    1.000000
z120z9z2                      1.000000
z120z32z2                     1.000000
z120z34z2                     1.000000
z120z66z2                     1.000000
z120z119z2                    1.000000
z120z130z2                    1.000000
z120z167z2                    1.000000
z122z9z2                      1.000000
z122z130z2                    1.000000
z127z9z2                      1.000000
z127z32z2                     1.000000
z127z34z2                     1.000000
z127z66z2                     1.000000
z127z130z2                    1.000000
z128z5z1                      1.000000
z128z19z1                     1.000000
z128z52z3                     1.000000
z128z55z3                     1.000000
z128z59z1                     1.000000
z128z108z1                    1.000000
z128z111z1                    1.000000
z128z111z3                    1.000000
z128z144z1                    1.000000
z128z150z1                    1.000000
z128z153z1                    1.000000
z128z164z1                    1.000000
z137z59z1                     1.000000
z137z150z1                    1.000000
z140z9z2                      1.000000
z140z130z2                    1.000000
z142z9z2                      1.000000
z142z12z2                     1.000000
z142z18z2                     1.000000
z142z32z2                     1.000000
z142z34z2                     1.000000
z142z66z2                     1.000000
z142z95z2                     1.000000
z142z115z2                    1.000000
z142z119z2                    1.000000
z142z121z2                    1.000000
z142z130z2                    1.000000
z142z166z2                    1.000000
z142z167z2                    1.000000
z142z191z2                    1.000000
z142z193z2                    1.000000
z142z194z2                    1.000000
z146z59z1                     1.000000
z146z108z1                    1.000000
z146z150z1                    1.000000
z146z164z1                    1.000000
z151z9z2                      1.000000
z151z130z2                    1.000000
z152z9z2                      1.000000
z152z32z2                     1.000000
z152z34z2                     1.000000
z152z66z2                     1.000000
z152z130z2                    1.000000
z157z5z1                      1.000000
z157z9z2                      1.000000
z157z12z2                     1.000000
z157z18z2                     1.000000
z157z19z1                     1.000000
z157z30z2                     1.000000
z157z32z2                     1.000000
z157z33z1                     1.000000
z157z34z2                     1.000000
z157z59z1                     1.000000
z157z65z2                     1.000000
z157z66z2                     1.000000
z157z107z2                    1.000000
z157z108z1                    1.000000
z157z112z1                    1.000000
z157z115z2                    1.000000
z157z119z2                    1.000000
z157z121z2                    1.000000
z157z130z2                    1.000000
z157z144z1                    1.000000
z157z146z1                    1.000000
z157z150z1                    1.000000
z157z153z1                    1.000000
z157z155z2                    1.000000
z157z164z1                    1.000000
z157z166z2                    1.000000
z157z167z2                    1.000000
z157z185z1                    1.000000
z157z191z2                    1.000000
z157z193z2                    1.000000
z157z194z2                    1.000000
z160z9z2                      1.000000
z160z32z2                     1.000000
z160z34z2                     1.000000
z160z66z2                     1.000000
z160z130z2                    1.000000
z160z167z2                    1.000000
z161z5z1                      1.000000
z161z19z1                     1.000000
z161z26z1                     1.000000
z161z33z1                     1.000000
z161z57z1                     1.000000
z161z59z1                     1.000000
z161z108z1                    1.000000
z161z112z1                    1.000000
z161z144z1                    1.000000
z161z150z1                    1.000000
z161z153z1                    1.000000
z161z164z1                    1.000000
z161z185z1                    1.000000
z163z59z1                     1.000000
z163z150z1                    1.000000
z163z164z1                    1.000000
z174z9z2                      1.000000
z174z32z2                     1.000000
z174z34z2                     1.000000
z174z66z2                     1.000000
z174z130z2                    1.000000
z175z59z1                     1.000000
z175z150z1                    1.000000
z179z5z1                      1.000000
z179z9z2                      1.000000
z179z12z2                     1.000000
z179z18z2                     1.000000
z179z19z1                     1.000000
z179z32z2                     1.000000
z179z34z2                     1.000000
z179z59z1                     1.000000
z179z66z2                     1.000000
z179z108z1                    1.000000
z179z115z2                    1.000000
z179z119z2                    1.000000
z179z121z2                    1.000000
z179z130z2                    1.000000
z179z144z1                    1.000000
z179z150z1                    1.000000
z179z153z1                    1.000000
z179z164z1                    1.000000
z179z166z2                    1.000000
z179z167z2                    1.000000
z179z191z2                    1.000000
z179z193z2                    1.000000
z179z194z2                    1.000000
z182z9z2                      1.000000
z182z130z2                    1.000000
z183z59z1                     1.000000
z183z150z1                    1.000000
z186z9z2                      1.000000
z186z12z2                     1.000000
z186z32z2                     1.000000
z186z34z2                     1.000000
z186z55z3                     1.000000
z186z66z2                     1.000000
z186z115z2                    1.000000
z186z119z2                    1.000000
z186z121z2                    1.000000
z186z130z2                    1.000000
z186z167z2                    1.000000
z186z193z2                    1.000000
z186z194z2                    1.000000
z187z52z3                     1.000000
z187z55z3                     1.000000
z187z61z3                     1.000000
z188z59z1                     1.000000
z188z108z1                    1.000000
z188z144z1                    1.000000
z188z150z1                    1.000000
z188z164z1                    1.000000
z188z192z1                    1.000000
z192z26z1                     1.000000
z192z59z1                     1.000000
z192z98z1                     1.000000
z192z150z1                    1.000000
z192z164z1                    1.000000
z194z76z2                     1.000000
z194z134z2                    1.000000
z195z55z3                     1.000000
z195z59z1                     1.000000
z195z144z1                    1.000000
z195z150z1                    1.000000
z195z164z1                    1.000000
All other variables in the range 1-8591 are 0.
