
Log started (V12.10.0.0) Fri Apr  9 00:29:23 2021


Problem 'asset.lp' read.
Read time = 0.01 sec. (0.25 ticks)
New value for default parallel thread count: 1
New value for time limit in seconds: 150
Version identifier: 12.10.0.0 | 2019-11-26 | 843d4de
CPXPARAM_Threads                                 1
CPXPARAM_TimeLimit                               150
Found incumbent of value 0.000000 after 0.00 sec. (0.07 ticks)
Tried aggregator 3 times.
MIP Presolve eliminated 609 rows and 208 columns.
MIP Presolve modified 1909 coefficients.
Aggregator did 799 substitutions.
Reduced MIP has 884 rows, 1231 columns, and 4981 nonzeros.
Reduced MIP has 1063 binaries, 133 generals, 0 SOSs, and 0 indicators.
Presolve time = 0.01 sec. (10.81 ticks)
Probing fixed 2 vars, tightened 0 bounds.
Probing time = 0.01 sec. (4.29 ticks)
Tried aggregator 1 time.
Detecting symmetries...
MIP Presolve eliminated 8 rows and 8 columns.
MIP Presolve modified 276 coefficients.
Reduced MIP has 876 rows, 1223 columns, and 4826 nonzeros.
Reduced MIP has 1055 binaries, 133 generals, 0 SOSs, and 0 indicators.
Presolve time = 0.01 sec. (4.63 ticks)
Probing time = 0.00 sec. (2.54 ticks)
Clique table members: 3275.
MIP emphasis: balance optimality and feasibility.
MIP search method: dynamic search.
Parallel mode: none, using 1 thread.
Root relaxation solution time = 0.01 sec. (12.64 ticks)

        Nodes                                         Cuts/
   Node  Left     Objective  IInf  Best Integer    Best Bound    ItCnt     Gap

*     0+    0                            0.0000      224.0000              --- 
      0     0      222.0000   223        0.0000      222.0000      441     --- 
      0     0      222.0000   223        0.0000      Cuts: 98      678     --- 
      0     0      222.0000   223        0.0000     Cuts: 319     1165     --- 
      0     0      222.0000   223        0.0000      Cuts: 94     1410     --- 
      0     0      222.0000   223        0.0000     Cuts: 319     1900     --- 
*     0+    0                           38.0000      222.0000           484.21%
*     0+    0                           50.0000      222.0000           344.00%
      0     0        cutoff             50.0000      222.0000     1900  344.00%
Detecting symmetries...
      0     2      222.0000   178       50.0000      222.0000     1900  344.00%
Elapsed time = 0.45 sec. (548.42 ticks, tree = 0.01 MB, solutions = 2)
     21    23      222.0000   188       50.0000      222.0000     5502  344.00%
     54    56      219.0000   183       50.0000      222.0000     8877  344.00%
     90    92      221.9497   242       50.0000      222.0000    13585  344.00%
    119   121      222.0000   160       50.0000      222.0000    16949  344.00%
    139   141      216.5425   221       50.0000      222.0000    22135  344.00%
    161   161      214.0000   154       50.0000      222.0000    25546  344.00%
*   264   255      integral     0      152.0000      222.0000    29262   46.05%
*   270   254      integral     0      154.0000      222.0000    29291   44.16%
    271   255      221.7785   242      154.0000      222.0000    29975   44.16%
    304   284      213.8815   177      154.0000      222.0000    33839   44.16%
    392   358      218.0000   216      154.0000      222.0000    37357   44.16%
*   499+  456                          158.0000      222.0000            40.51%
    500   459      221.1167   269      158.0000      222.0000    46086   40.51%
Elapsed time = 3.90 sec. (4883.84 ticks, tree = 2.04 MB, solutions = 5)

Performing restart 1

Repeating presolve.
Tried aggregator 1 time.
MIP Presolve modified 976 coefficients.
Reduced MIP has 876 rows, 1223 columns, and 4130 nonzeros.
Reduced MIP has 1055 binaries, 133 generals, 0 SOSs, and 0 indicators.
Presolve time = 0.00 sec. (3.78 ticks)
Tried aggregator 1 time.
Reduced MIP has 876 rows, 1223 columns, and 4130 nonzeros.
Reduced MIP has 1055 binaries, 133 generals, 0 SOSs, and 0 indicators.
Presolve time = 0.00 sec. (3.06 ticks)
Represolve time = 0.02 sec. (17.69 ticks)
    609     0      219.2967   300      158.0000     Cuts: 319    57603   38.80%
    609     0      216.8763   300      158.0000     Cuts: 312    61780   37.26%
    609     0      215.8368   300      158.0000     Cuts: 242    63343   36.61%
    609     0      215.2383   300      158.0000     Cuts: 254    65609   36.23%
    609     0      214.6843   300      158.0000     Cuts: 257    66755   35.88%
    609     0      214.4838   300      158.0000     Cuts: 270    67831   35.75%
    609     0      214.3969   300      158.0000     Cuts: 199    68577   35.69%
    609     0      214.0000   300      158.0000     Cuts: 213    69302   35.44%
    609     0      214.0000   300      158.0000     Cuts: 190    69717   35.44%
    609     0      214.0000   300      158.0000     Cuts: 125    70107   35.44%
    609     0      214.0000   300      158.0000     Cuts: 251    70652   35.44%
    609     0      214.0000   300      158.0000      Cuts: 93    71466   35.44%
    609     0      214.0000   300      158.0000     Cuts: 120    72302   35.44%
    609     0      213.9072   300      158.0000     Cuts: 221    74567   35.38%
    609     0      213.7285   300      158.0000     Cuts: 184    75514   35.27%
    609     0      213.6600   300      158.0000     Cuts: 210    76565   35.23%
    609     0      213.5007   300      158.0000     Cuts: 233    77236   35.13%
    609     0      213.4153   300      158.0000     Cuts: 193    77842   35.07%
    609     0      213.3301   300      158.0000     Cuts: 182    78191   35.02%
    609     0      213.3205   300      158.0000     Cuts: 134    78333   35.01%
*   609+    0                          160.0000      213.3205            33.33%
*   609+    0                          162.0000      213.3205            31.68%
    609     2      213.3205   298      162.0000      213.3178    78333   31.68%
    617    10      211.9573   285      162.0000      212.6705    83782   31.28%
    622    15      211.0200   283      162.0000      212.6705    90644   31.28%
    628    21      210.3474   264      162.0000      212.6705    99377   31.28%
    633    26      203.8000   295      162.0000      212.6705   107848   31.28%
    647    38      193.8450   240      162.0000      212.6705   116144   31.28%
    665    50      209.9496   257      162.0000      212.6338   124929   31.26%
    688    73      192.7263   188      162.0000      212.6338   135478   31.26%
    756   130      210.0015   301      162.0000      212.5768   146510   31.22%
    784   158      195.0968   218      162.0000      212.5768   156378   31.22%
Elapsed time = 16.59 sec. (21722.47 ticks, tree = 0.18 MB, solutions = 7)
    817   179      211.9137   303      162.0000      212.5076   163482   31.18%
    845   205      192.9840   193      162.0000      212.5076   173187   31.18%
    910   262      208.1941   278      162.0000      212.4982   182095   31.17%
    961   303      203.6419   277      162.0000      212.0695   196425   30.91%
    972   314      201.8633   255      162.0000      212.0695   207914   30.91%
   1009   348      185.4895   179      162.0000      212.0695   219043   30.91%
   1041   368      205.7599   239      162.0000      211.9137   228906   30.81%
   1070   390      205.1715   254      162.0000      211.8839   238908   30.79%
   1121   434      209.2345   286      162.0000      211.7547   252447   30.71%
   1178   483      206.4005   266      162.0000      211.5135   263243   30.56%
Elapsed time = 24.08 sec. (32044.61 ticks, tree = 0.45 MB, solutions = 7)
   1226   524      207.8704   300      162.0000      211.4928   276091   30.55%
   1243   541      200.5586   269      162.0000      211.4928   289146   30.55%
   1301   591      208.1315   284      162.0000      211.4016   301839   30.49%
   1331   619      180.7064   151      162.0000      211.4016   315964   30.49%
   1394   666      209.4220   284      162.0000      211.1044   329611   30.31%
   1438   699      210.2916   297      162.0000      211.1043   340305   30.31%
   1480   735      207.6933   290      162.0000      210.9244   354185   30.20%
*  1509+  733                          168.0000      210.9244            25.55%
   1522   748      187.7179   161      168.0000      210.9244   366004   25.55%
   1585   805      196.9205   202      168.0000      210.8975   378341   25.53%
*  1609+  783                          172.0000      210.5327            22.40%
   1609   785      207.6238   263      172.0000      210.5327   382777   22.40%
Elapsed time = 32.34 sec. (42588.23 ticks, tree = 0.68 MB, solutions = 9)
   1642   814      196.6100   248      172.0000      210.3371   394444   22.29%
   1713   877      207.9165   299      172.0000      210.2732   406672   22.25%
   1732   896      192.7681   233      172.0000      210.2732   418600   22.25%
   1775   932      195.3865   244      172.0000      210.1717   434270   22.19%
   1805   962      186.1711   167      172.0000      210.1717   450005   22.19%
   1809   966      185.1400   170      172.0000      210.1717   451415   22.19%
   1848   999      191.7101   206      172.0000      210.1312   462264   22.17%
   1874  1020      201.8712   262      172.0000      209.9937   475897   22.09%
   1898  1037      201.5144   255      172.0000      209.7882   486975   21.97%
   1909  1048      197.0032   272      172.0000      209.7882   493598   21.97%
Elapsed time = 43.10 sec. (55358.22 ticks, tree = 0.94 MB, solutions = 9)
   1954  1083      184.0246   173      172.0000      209.7595   505054   21.95%
   1974  1100      200.5550   256      172.0000      209.4534   514615   21.78%
   2038  1160      205.0498   254      172.0000      209.4247   528179   21.76%
   2087  1203      198.2951   259      172.0000      209.3388   539658   21.71%
   2153  1261      198.6056   247      172.0000      209.2327   551836   21.65%
   2187  1291      205.3132   264      172.0000      209.2018   562766   21.63%
   2232  1323      204.9425   282      172.0000      209.1761   575091   21.61%
   2287  1374        cutoff            172.0000      209.1761   590189   21.61%
   2316  1403      190.9927   223      172.0000      209.1137   603901   21.58%
   2373  1447      195.5805   291      172.0000      209.0000   617031   21.51%
Elapsed time = 50.90 sec. (65326.46 ticks, tree = 1.26 MB, solutions = 9)
   2411  1479      208.4797   324      172.0000      209.0000   629517   21.51%
   2425  1493      199.3534   260      172.0000      209.0000   641521   21.51%
   2471  1532      202.7920   285      172.0000      208.9550   656280   21.49%
   2509  1567      200.4086   205      172.0000      208.9480   668185   21.48%
   2542  1595      198.0836   264      172.0000      208.8842   683722   21.44%
   2587  1634      191.6721   195      172.0000      208.8104   696333   21.40%
   2716  1746      206.8000   317      172.0000      208.5317   713335   21.24%
   2729  1759      193.4292   246      172.0000      208.5317   725079   21.24%
   2770  1794      198.2473   264      172.0000      208.5030   737362   21.22%
   2784  1808      186.2424   222      172.0000      208.5030   748891   21.22%
Elapsed time = 59.69 sec. (77026.01 ticks, tree = 1.56 MB, solutions = 9)
   2818  1835      198.6796   248      172.0000      208.4916   760693   21.22%
   2857  1869      204.2170   272      172.0000      208.4785   772781   21.21%
   2901  1905      206.7328   286      172.0000      208.4482   786046   21.19%
   2957  1951      207.2078   304      172.0000      208.4080   797936   21.17%
   2971  1965      201.1520   248      172.0000      208.4080   809405   21.17%
   3019  2009      183.7489   122      172.0000      208.4080   821552   21.17%
   3030  2017      190.7591   209      172.0000      208.4075   832629   21.17%
   3051  2038      192.4429   190      172.0000      208.4075   845286   21.17%
   3109  2083      193.4394   165      172.0000      208.3847   857746   21.15%
   3147  2114      198.9286   246      172.0000      208.1473   868176   21.02%
Elapsed time = 67.15 sec. (87165.89 ticks, tree = 1.89 MB, solutions = 9)
   3197  2156      203.6924   263      172.0000      208.1046   881207   20.99%
   3209  2168      200.0283   219      172.0000      208.1046   888014   20.99%
   3243  2198      195.0889   276      172.0000      208.0933   902126   20.98%
   3287  2239      199.0386   209      172.0000      208.0725   916814   20.97%
   3352  2294      204.8115   250      172.0000      208.0673   930927   20.97%
   3382  2319      180.3333   242      172.0000      208.0673   945263   20.97%
   3405  2338      197.5275   248      172.0000      208.0423   958397   20.95%
   3455  2381      201.0023   226      172.0000      208.0322   970209   20.95%
   3510  2430      197.4300   237      172.0000      208.0311   983475   20.95%
   3538  2454      194.8763   214      172.0000      208.0303   998168   20.95%
Elapsed time = 75.24 sec. (97839.81 ticks, tree = 2.20 MB, solutions = 9)
   3599  2510      200.9097   291      172.0000      208.0000  1012706   20.93%
   3635  2542      208.0000   314      172.0000      208.0000  1026414   20.93%
   3640  2547      200.7084   267      172.0000      208.0000  1035751   20.93%
   3678  2580      203.6437   278      172.0000      208.0000  1049022   20.93%
   3709  2611      186.3616   148      172.0000      208.0000  1060332   20.93%
   3731  2623      199.0000   268      172.0000      207.9668  1068760   20.91%
   3780  2666      197.2783   266      172.0000      207.9173  1082425   20.88%
   3793  2679      192.0000   235      172.0000      207.9173  1093906   20.88%
   3817  2703      187.0221   232      172.0000      207.9173  1105536   20.88%
   3909  2785      196.8816   266      172.0000      207.8704  1131394   20.85%
Elapsed time = 85.41 sec. (111469.37 ticks, tree = 2.48 MB, solutions = 9)
   4058  2917      191.8818   231      172.0000      207.8333  1181539   20.83%
   4279  3104      191.8194   213      172.0000      207.6101  1238541   20.70%
   4448  3251      183.0429   190      172.0000      207.5752  1297277   20.68%
   4628  3413      195.1031   245      172.0000      207.3899  1350735   20.58%
   4738  3505      193.1340   253      172.0000      207.3333  1388543   20.54%
   4857  3607      190.3944   260      172.0000      207.2078  1432933   20.47%
   4995  3727      177.8580   154      172.0000      207.1936  1482582   20.46%
   5065  3786      193.1894   238      172.0000      207.0439  1511721   20.37%
   5254  3950      194.2299   230      172.0000      206.9289  1565126   20.31%
   5408  4087      178.7165   188      172.0000      206.7592  1620142   20.21%
Elapsed time = 115.34 sec. (149972.11 ticks, tree = 3.55 MB, solutions = 9)
   5539  4199      186.2918   213      172.0000      206.7281  1673607   20.19%
   5666  4310      202.8350   319      172.0000      206.6659  1720684   20.15%
   5784  4408      201.8961   301      172.0000      206.6244  1773560   20.13%
   5926  4527      198.9342   247      172.0000      206.5798  1819772   20.10%
   6049  4635      203.8795   276      172.0000      206.5000  1870923   20.06%
   6182  4750      200.5666   277      172.0000      206.3914  1912272   20.00%
   6395  4932      191.3737   218      172.0000      206.3155  1967789   19.95%
Starting limited solution polishing.
   6458  4991      180.0000   128      172.0000      206.2759  1997435   19.93%
   6616  5122      177.8776   167      172.0000      206.1998  2048750   19.88%
   6794  5275      194.5304   214      172.0000      206.1509  2101702   19.86%
Elapsed time = 144.93 sec. (188341.51 ticks, tree = 4.71 MB, solutions = 9)
   7069  5503      194.8899   211      172.0000      206.0071  2146281   19.77%

GUB cover cuts applied:  185
Clique cuts applied:  116
Cover cuts applied:  62
Implied bound cuts applied:  140
Flow cuts applied:  32
Mixed integer rounding cuts applied:  134
Zero-half cuts applied:  90
Gomory fractional cuts applied:  8

Root node processing (before b&c):
  Real time             =    0.45 sec. (548.61 ticks)
Sequential b&c:
  Real time             =  149.55 sec. (194504.44 ticks)
                          ------------
Total (root+branch&cut) =  150.00 sec. (195053.04 ticks)

Solution pool: 10 solutions saved.

MIP - Time limit exceeded, integer feasible:  Objective =  1.7200000000e+02
Current MIP best bound =  2.0600000000e+02 (gap = 34, 19.77%)
Solution time =  150.00 sec.  Iterations = 2176346  Nodes = 7170 (5590)
Deterministic time = 195053.05 ticks  (1300.35 ticks/sec)


Incumbent solution
Variable Name           Solution Value
F                           172.000000
y22                           1.000000
y31                           1.000000
y41                           1.000000
y43                           1.000000
y68                           1.000000
y69                           1.000000
y74                           1.000000
y81                           1.000000
y85                           1.000000
y86                           1.000000
y88                           1.000000
y93                           1.000000
y106                          1.000000
y109                          1.000000
y124                          1.000000
y135                          1.000000
y143                          1.000000
y148                          1.000000
y149                          1.000000
y154                          1.000000
y159                          1.000000
y162                          1.000000
y165                          1.000000
y169                          1.000000
y170                          1.000000
y172                          1.000000
y176                          1.000000
y184                          1.000000
y190                          1.000000
x3x149x1                      1.000000
x26x184x1                     2.000000
x144x74x1                     1.000000
x144x190x1                    1.000000
x150x106x1                    1.000000
x150x170x1                    1.000000
x173x154x1                    1.000000
x9x22x2                       1.000000
x9x169x2                      1.000000
x17x93x2                      1.000000
x62x88x2                      1.000000
x76x85x2                      1.000000
x130x22x2                     1.000000
x130x106x2                    1.000000
x134x86x2                     1.000000
x3x172x3                      1.000000
x52x93x3                      1.000000
x55x88x3                      1.000000
x55x135x3                     1.000000
x62x135x3                     1.000000
x76x85x3                      1.000000
x134x190x3                    1.000000
x173x74x3                     1.000000
x22x68x2                      2.000000
x149x31x1                     1.000000
x31x0x1                       1.000000
x106x31x2                     1.000000
x31x0x2                       1.000000
x172x41x3                     2.000000
x41x0x3                       2.000000
x135x43x3                     2.000000
x43x81x3                      1.000000
x43x143x3                     1.000000
x68x0x2                       2.000000
x86x69x2                      2.000000
x69x0x2                       2.000000
x74x124x1                     1.000000
x74x162x3                     1.000000
x190x81x1                     1.000000
x81x0x1                       1.000000
x81x0x3                       1.000000
x85x86x2                      1.000000
x85x172x3                     1.000000
x88x154x2                     1.000000
x88x109x3                     1.000000
x93x170x2                     1.000000
x93x169x3                     1.000000
x106x176x1                    1.000000
x184x109x1                    1.000000
x109x165x1                    1.000000
x109x143x3                    1.000000
x124x0x1                      1.000000
x169x124x2                    1.000000
x124x0x2                      1.000000
x143x0x3                      2.000000
x154x148x1                    1.000000
x148x0x1                      1.000000
x190x148x3                    1.000000
x148x0x3                      1.000000
x184x149x1                    1.000000
x149x165x1                    1.000000
x154x159x2                    1.000000
x170x159x2                    1.000000
x159x0x2                      2.000000
x169x162x3                    1.000000
x162x0x3                      2.000000
x165x0x1                      2.000000
x170x176x1                    1.000000
x176x0x1                      2.000000
s3                            5.807258
s21                           6.620000
s31                           9.390000
s36                           7.170000
s41                           9.050000
z3z41z3                       1.000000
s43                           7.908596
z3z43z3                       1.000000
s48                           9.380000
s58                           7.817703
s64                           8.180000
s73                           8.470000
s81                           9.380000
s91                           7.800000
s97                           7.280000
s106                          7.470338
s109                          7.938958
s124                          8.910000
s143                          9.450000
z3z143z3                      1.000000
s148                          9.160000
s149                          7.671326
z3z149z1                      1.000000
s154                          7.751311
s156                          7.810000
s162                          8.700000
z3z162z3                      1.000000
s165                          9.190000
z3z165z1                      1.000000
s169                          7.543385
s170                          7.603333
s171                          7.370000
s172                          7.808453
z3z172z3                      1.000000
s176                          9.010000
z3z176z1                      1.000000
s190                          7.399459
s9                            5.960000
s10                           9.430000
z9z10z2                       1.000000
s22                           7.380000
z9z22z2                       1.000000
s29                           9.460000
z9z29z2                       1.000000
s46                           7.379722
z9z46z2                       1.000000
s68                           8.460000
z9z68z2                       1.000000
s69                           8.903633
z9z69z2                       1.000000
s86                           7.526039
z9z86z2                       1.000000
s159                          9.250000
z9z159z2                      1.000000
z9z169z2                      1.000000
s17                           3.633770
z17z10z2                      1.000000
z17z22z2                      1.000000
z17z29z2                      1.000000
s34                           6.000000
z17z46z2                      1.000000
z17z68z2                      1.000000
z17z69z2                      1.000000
s75                           7.190000
z17z75z2                      1.000000
s85                           6.378466
z17z86z2                      1.000000
s88                           6.470044
s93                           6.110000
z17z93z2                      1.000000
s118                          6.000000
z17z159z2                     1.000000
s26                           3.750911
z26z36z1                      1.000000
z26z58z1                      1.000000
s59                           6.000000
z26z59z1                      1.000000
s74                           7.023474
z26z149z1                     1.000000
z26z165z1                     1.000000
z26z176z1                     1.000000
s177                          6.010000
s184                          6.309971
z26z184z1                     1.000000
s52                           4.050000
z52z41z3                      1.000000
z52z43z3                      1.000000
z52z73z3                      1.000000
z52z93z3                      1.000000
z52z97z3                      1.000000
s135                          6.588457
z52z135z3                     1.000000
z52z143z3                     1.000000
z52z162z3                     1.000000
z52z172z3                     1.000000
s55                           5.004384
z55z41z3                      1.000000
z55z43z3                      1.000000
z55z73z3                      1.000000
z55z88z3                      1.000000
z55z97z3                      1.000000
z55z135z3                     1.000000
z55z143z3                     1.000000
z55z162z3                     1.000000
z55z172z3                     1.000000
s62                           4.997699
z62z10z2                      1.000000
z62z22z2                      1.000000
z62z29z2                      1.000000
z62z41z3                      1.000000
z62z43z3                      1.000000
z62z46z2                      1.000000
z62z68z2                      1.000000
z62z69z2                      1.000000
z62z73z3                      1.000000
z62z88z2                      1.000000
z62z97z3                      1.000000
z62z135z3                     1.000000
z62z143z3                     1.000000
z62z159z2                     1.000000
z62z162z3                     1.000000
z62z172z3                     1.000000
s76                           4.970000
z76z10z2                      1.000000
z76z22z2                      1.000000
z76z29z2                      1.000000
z76z41z3                      1.000000
z76z43z3                      1.000000
z76z46z2                      1.000000
z76z68z2                      1.000000
z76z69z2                      1.000000
z76z73z3                      1.000000
z76z85z2                      1.000000
z76z85z3                      1.000000
z76z86z2                      1.000000
z76z97z3                      1.000000
z76z143z3                     1.000000
z76z159z2                     1.000000
z76z162z3                     1.000000
z76z172z3                     1.000000
s130                          5.960000
z130z10z2                     1.000000
z130z22z2                     1.000000
z130z29z2                     1.000000
z130z68z2                     1.000000
z130z69z2                     1.000000
z130z106z2                    1.000000
z130z159z2                    1.000000
s134                          5.818583
z134z10z2                     1.000000
z134z22z2                     1.000000
z134z29z2                     1.000000
z134z41z3                     1.000000
z134z43z3                     1.000000
z134z68z2                     1.000000
z134z69z2                     1.000000
z134z73z3                     1.000000
z134z86z2                     1.000000
z134z143z3                    1.000000
z134z159z2                    1.000000
z134z162z3                    1.000000
z134z172z3                    1.000000
z134z190z3                    1.000000
s144                          5.384974
z144z58z1                     1.000000
z144z74z1                     1.000000
z144z149z1                    1.000000
z144z165z1                    1.000000
z144z176z1                    1.000000
z144z190z1                    1.000000
s150                          5.857878
z150z58z1                     1.000000
z150z106z1                    1.000000
z150z149z1                    1.000000
z150z165z1                    1.000000
z150z170z1                    1.000000
z150z176z1                    1.000000
s173                          5.550000
z173z36z1                     1.000000
z173z41z3                     1.000000
z173z43z3                     1.000000
z173z58z1                     1.000000
z173z73z3                     1.000000
z173z74z3                     1.000000
z173z97z3                     1.000000
z173z143z3                    1.000000
z173z149z1                    1.000000
z173z154z1                    1.000000
z173z162z3                    1.000000
z173z165z1                    1.000000
z173z172z3                    1.000000
z173z176z1                    1.000000
z21z143z3                     1.000000
z22z68z2                      1.000000
z34z10z2                      1.000000
z34z29z2                      1.000000
z34z69z2                      1.000000
z34z159z2                     1.000000
z43z81z3                      1.000000
z43z143z3                     1.000000
z46z29z2                      1.000000
z46z68z2                      1.000000
z58z176z1                     1.000000
z59z165z1                     1.000000
z59z176z1                     1.000000
z74z41z3                      1.000000
z74z124z1                     1.000000
z74z143z3                     1.000000
z74z162z3                     1.000000
z74z165z1                     1.000000
z75z10z2                      1.000000
z75z29z2                      1.000000
z85z10z2                      1.000000
z85z29z2                      1.000000
z85z41z3                      1.000000
z85z86z2                      1.000000
z85z143z3                     1.000000
z85z172z3                     1.000000
z86z10z2                      1.000000
z86z29z2                      1.000000
z86z69z2                      1.000000
z88z10z2                      1.000000
z88z29z2                      1.000000
z88z41z3                      1.000000
z88z109z3                     1.000000
z88z143z3                     1.000000
z88z154z2                     1.000000
z93z10z2                      1.000000
z93z29z2                      1.000000
z93z41z3                      1.000000
z93z143z3                     1.000000
z93z169z3                     1.000000
z93z170z2                     1.000000
z106z31z2                     1.000000
z106z176z1                    1.000000
z109z143z3                    1.000000
z109z165z1                    1.000000
z118z10z2                     1.000000
z118z29z2                     1.000000
z118z159z2                    1.000000
z118z165z1                    1.000000
z135z41z3                     1.000000
z135z43z3                     1.000000
z135z143z3                    1.000000
z149z31z1                     1.000000
z149z165z1                    1.000000
z154z10z2                     1.000000
z154z29z2                     1.000000
z154z148z1                    1.000000
z154z159z2                    1.000000
z154z165z1                    1.000000
z169z124z2                    1.000000
z169z162z3                    1.000000
z170z159z2                    1.000000
z170z176z1                    1.000000
z171z41z3                     1.000000
z171z143z3                    1.000000
z171z165z1                    1.000000
z172z41z3                     1.000000
z172z143z3                    1.000000
z177z41z3                     1.000000
z177z143z3                    1.000000
z177z165z1                    1.000000
z184z58z1                     1.000000
z184z109z1                    1.000000
z184z149z1                    1.000000
z184z165z1                    1.000000
z190z81z1                     1.000000
z190z148z3                    1.000000
All other variables in the range 1-2243 are 0.
