
Log started (V12.10.0.0) Fri Apr 23 07:50:39 2021


Problem 'asset.lp' read.
Read time = 0.01 sec. (0.72 ticks)
New value for default parallel thread count: 1
New value for time limit in seconds: 150
Version identifier: 12.10.0.0 | 2019-11-26 | 843d4de
CPXPARAM_Threads                                 1
CPXPARAM_TimeLimit                               150
Found incumbent of value 0.000000 after 0.00 sec. (0.17 ticks)
Tried aggregator 3 times.
MIP Presolve eliminated 3289 rows and 183 columns.
MIP Presolve modified 3727 coefficients.
Aggregator did 2029 substitutions.
Reduced MIP has 1932 rows, 2646 columns, and 11454 nonzeros.
Reduced MIP has 2408 binaries, 183 generals, 0 SOSs, and 0 indicators.
Presolve time = 0.03 sec. (23.80 ticks)
Probing time = 0.00 sec. (2.93 ticks)
Tried aggregator 1 time.
Detecting symmetries...
MIP Presolve modified 594 coefficients.
Reduced MIP has 1932 rows, 2646 columns, and 11454 nonzeros.
Reduced MIP has 2408 binaries, 183 generals, 0 SOSs, and 0 indicators.
Presolve time = 0.01 sec. (7.06 ticks)
Probing time = 0.00 sec. (2.82 ticks)
Clique table members: 6047.
MIP emphasis: balance optimality and feasibility.
MIP search method: dynamic search.
Parallel mode: none, using 1 thread.
Root relaxation solution time = 0.03 sec. (46.63 ticks)

        Nodes                                         Cuts/
   Node  Left     Objective  IInf  Best Integer    Best Bound    ItCnt     Gap

*     0+    0                            0.0000      785.0000              --- 
      0     0      785.0000   329        0.0000      785.0000      747     --- 
      0     0      775.0000   329        0.0000     Cuts: 297     2220     --- 
      0     0      775.0000   329        0.0000     Cuts: 583     3194     --- 
      0     0      775.0000   329        0.0000      Cuts: 64     3477     --- 
      0     0      775.0000   329        0.0000     Cuts: 583     4526     --- 
*     0+    0                           10.0000      775.0000              --- 
*     0+    0                          370.0000      775.0000           109.46%
*     0+    0                          405.0000      775.0000            91.36%
*     0+    0                          415.0000      775.0000            86.75%
      0     0        cutoff            415.0000      775.0000     4526   86.75%
Detecting symmetries...
      0     2      775.0000   234      415.0000      775.0000     4526   86.75%
Elapsed time = 2.21 sec. (2878.14 ticks, tree = 0.01 MB, solutions = 4)
      7     9      775.0000   293      415.0000      775.0000     7023   86.75%
     10    12      775.0000   239      415.0000      775.0000     7073   86.75%
     21    23      775.0000   289      415.0000      775.0000     9915   86.75%
     40    42      775.0000   204      415.0000      775.0000    11432   86.75%
     56    58      775.0000   262      415.0000      775.0000    14214   86.75%
     86    88      770.0000   237      415.0000      775.0000    16833   86.75%
    108   110      775.0000   225      415.0000      775.0000    19426   86.75%
    129   131      767.5000   243      415.0000      775.0000    22436   86.75%
    149   151      774.0609   289      415.0000      775.0000    25478   86.75%
    232   234      760.0000   232      415.0000      775.0000    34608   86.75%
Elapsed time = 5.02 sec. (6943.90 ticks, tree = 2.79 MB, solutions = 4)
    444   430      775.0000   249      415.0000      775.0000    44650   86.75%
*   468+  452                          445.0000      775.0000            74.16%
*   468+  452                          450.0000      775.0000            72.22%
*   468+  452                          470.0000      775.0000            64.89%
    469   455      772.5000   309      470.0000      775.0000    48430   64.89%

Performing restart 1

Repeating presolve.
Tried aggregator 2 times.
MIP Presolve eliminated 51 rows and 51 columns.
MIP Presolve modified 2618 coefficients.
Aggregator did 11 substitutions.
Reduced MIP has 1870 rows, 2584 columns, and 9070 nonzeros.
Reduced MIP has 2356 binaries, 173 generals, 0 SOSs, and 0 indicators.
Presolve time = 0.01 sec. (10.52 ticks)
Tried aggregator 1 time.
MIP Presolve modified 466 coefficients.
Reduced MIP has 1870 rows, 2584 columns, and 9070 nonzeros.
Reduced MIP has 2356 binaries, 173 generals, 0 SOSs, and 0 indicators.
Presolve time = 0.01 sec. (6.47 ticks)
Represolve time = 0.06 sec. (46.04 ticks)
    578     0      775.0000   419      470.0000     Cuts: 252    56083   64.89%
    578     0      775.0000   419      470.0000     Cuts: 208    57817   64.89%
    578     0      775.0000   419      470.0000     Cuts: 126    59613   64.89%
    578     0      775.0000   419      470.0000     Cuts: 161    61282   64.89%
    578     0      775.0000   419      470.0000     Cuts: 146    62190   64.89%
    578     0      775.0000   419      470.0000     Cuts: 443    65402   64.89%
    578     2      775.0000   409      470.0000      775.0000    65402   64.89%
    580     4      775.0000   437      470.0000      775.0000    72818   64.89%
    581     5      772.7196   449      470.0000      775.0000    76390   64.89%
    583     7      774.5097   413      470.0000      775.0000    83463   64.89%
    586    10      772.1828   365      470.0000      775.0000    87305   64.89%
    591    15      773.6015   385      470.0000      775.0000    89794   64.89%
    597    21      771.6528   381      470.0000      775.0000    95443   64.89%
    599    23      766.8422   365      470.0000      775.0000    97664   64.89%
Elapsed time = 26.85 sec. (37957.43 ticks, tree = 0.30 MB, solutions = 7)
    605    29      769.5181   338      470.0000      775.0000   101186   64.89%
    615    39      768.5643   401      470.0000      775.0000   103142   64.89%
    618    42      768.5210   386      470.0000      775.0000   104026   64.89%
    623    47      766.0670   360      470.0000      775.0000   107974   64.89%
    628    52      764.8063   373      470.0000      775.0000   111011   64.89%
    635    59      752.5707   385      470.0000      775.0000   117112   64.89%
    645    69      761.5189   382      470.0000      775.0000   119166   64.89%
    653    77      762.1566   347      470.0000      775.0000   124067   64.89%
    660    84      760.7596   335      470.0000      775.0000   127630   64.89%
    674    98      759.5749   330      470.0000      775.0000   134702   64.89%
Elapsed time = 33.28 sec. (48222.07 ticks, tree = 1.38 MB, solutions = 7)
    693   117      754.2160   329      470.0000      775.0000   143529   64.89%
    707   131      737.4321   330      470.0000      775.0000   150651   64.89%
    731   144      731.1528   307      470.0000      775.0000   153931   64.89%
    734   143      774.1924   459      470.0000      775.0000   158832   64.89%
    739   148      774.1594   440      470.0000      775.0000   163552   64.89%
    746   155      773.8347   419      470.0000      775.0000   169634   64.89%
    748   157      771.6556   402      470.0000      775.0000   176662   64.89%
    755   164      770.0000   396      470.0000      775.0000   182389   64.89%
    763   172      753.4121   354      470.0000      775.0000   189953   64.89%
    772   181      763.2142   345      470.0000      775.0000   196369   64.89%
Elapsed time = 41.97 sec. (61284.94 ticks, tree = 1.49 MB, solutions = 7)
    777   186      758.9807   362      470.0000      775.0000   203345   64.89%
    778   187      762.5133   379      470.0000      775.0000   205430   64.89%
    787   196      745.0421   357      470.0000      775.0000   213973   64.89%
    804   213      756.2490   356      470.0000      775.0000   220363   64.89%
    818   227      756.3170   307      470.0000      775.0000   225101   64.89%
    834   243      748.4664   354      470.0000      775.0000   232815   64.89%
    838   247      747.5000   287      470.0000      775.0000   234550   64.89%
    849   258      738.9149   319      470.0000      775.0000   244868   64.89%
    863   272      739.6175   322      470.0000      775.0000   253125   64.89%
    876   283      720.1730   315      470.0000      775.0000   260468   64.89%
Elapsed time = 49.91 sec. (72729.00 ticks, tree = 1.64 MB, solutions = 7)
    905   310      700.5100   275      470.0000      775.0000   268286   64.89%
    925   320      773.6119   419      470.0000      774.1924   279934   64.72%
    942   337      772.4662   397      470.0000      774.1924   285100   64.72%
    959   354      769.2835   352      470.0000      774.1924   291657   64.72%
    971   366      754.2954   346      470.0000      774.1924   299151   64.72%
    977   372      743.8209   324      470.0000      774.1924   305415   64.72%
    980   375      757.5368   432      470.0000      774.1922   313811   64.72%
    989   384      755.2125   388      470.0000      774.1922   317955   64.72%
   1004   399      751.3628   382      470.0000      774.1922   325753   64.72%
   1008   403      750.0000   418      470.0000      774.1922   332829   64.72%
Elapsed time = 59.45 sec. (86984.46 ticks, tree = 1.80 MB, solutions = 7)
   1014   409      747.3811   404      470.0000      774.1922   339957   64.72%
   1018   413      744.9876   404      470.0000      774.1922   346963   64.72%
   1022   417      734.4407   375      470.0000      774.1922   353865   64.72%
   1037   432      716.9860   346      470.0000      774.1922   360834   64.72%
   1053   446      686.7147   289      470.0000      774.1922   368944   64.72%
   1068   455      768.4324   442      470.0000      774.1591   380008   64.71%
*  1078+  463                          475.0000      774.1591            62.98%
*  1078+  463                          485.0000      774.1591            59.62%
*  1078+  463                          495.0000      774.1591            56.40%
   1078   465      763.1943   374      495.0000      774.1591   387748   56.40%
   1091   478      752.3471   357      495.0000      774.1591   396961   56.40%
   1104   491      746.3733   321      495.0000      774.1591   402007   56.40%
   1113   500      713.2130   329      495.0000      774.1591   410852   56.40%
Elapsed time = 70.13 sec. (102482.81 ticks, tree = 1.95 MB, solutions = 10)
   1129   512      695.0000   349      495.0000      774.1591   417718   56.40%
   1143   526      695.0000   281      495.0000      774.1591   423589   56.40%
   1165   548      647.2282   254      495.0000      774.1591   429629   56.40%
   1176   556      769.6429   403      495.0000      774.1528   434780   56.39%
*  1178+  556                          505.0000      774.1528            53.30%
*  1178+  556                          510.0000      774.1528            51.79%
   1178   558      769.4495   379      510.0000      774.1528   439267   51.79%
   1183   563      762.5000   376      510.0000      774.1528   447424   51.79%
   1191   571      743.9621   342      510.0000      774.1528   455551   51.79%
   1200   580      758.7773   312      510.0000      774.1528   462330   51.79%
   1208   588      756.9010   314      510.0000      774.1528   468519   51.79%
   1218   598      754.6068   296      510.0000      774.1528   474693   51.79%
Elapsed time = 80.46 sec. (116995.82 ticks, tree = 2.11 MB, solutions = 12)
   1231   611      752.6139   303      510.0000      774.1528   481698   51.79%
   1256   630      727.0337   306      510.0000      774.1528   489852   51.79%
   1260   630      772.8289   388      510.0000      774.1311   492111   51.79%
   1270   640      759.0139   392      510.0000      774.1311   502192   51.79%
*  1278+  646                          525.0000      774.1311            47.45%
*  1278+  646                          530.0000      774.1311            46.06%
   1278   648      755.1237   399      530.0000      774.1311   507808   46.06%
   1296   666      749.2621   352      530.0000      774.1311   515384   46.06%
   1303   673      747.8702   362      530.0000      774.1311   516581   46.06%
   1323   689      757.8751   346      530.0000      774.0463   524064   46.05%
   1330   696      754.2687   392      530.0000      774.0463   529250   46.05%
   1338   704      746.2500   374      530.0000      774.0463   535267   46.05%
Elapsed time = 89.89 sec. (130127.05 ticks, tree = 2.25 MB, solutions = 14)
   1356   722      740.9811   373      530.0000      774.0463   543054   46.05%
   1378   744      733.3067   338      530.0000      774.0463   548493   46.05%
   1385   747      772.0146   446      530.0000      773.9841   552986   46.03%
   1400   762      770.4279   423      530.0000      773.9841   561364   46.03%
   1404   766      760.7653   373      530.0000      773.9841   570590   46.03%
   1412   774      757.0472   367      530.0000      773.9841   582283   46.03%
   1416   778      742.1651   356      530.0000      773.9841   591118   46.03%
   1421   783      738.5418   321      530.0000      773.9841   599471   46.03%
   1431   793      729.4169   295      530.0000      773.9841   606398   46.03%
   1457   814      762.5000   438      530.0000      773.9076   621099   46.02%
Elapsed time = 102.19 sec. (147310.87 ticks, tree = 2.41 MB, solutions = 14)
*  1478+  833                          535.0000      773.9076            44.66%
*  1478+  833                          540.0000      773.9076            43.32%
   1478   835      736.3911   369      540.0000      773.9076   645433   43.32%
   1531   885      755.0000   375      540.0000      773.6965   666774   43.28%
   1566   920      752.8366   364      540.0000      773.6965   693146   43.28%
*  1578+  928                          545.0000      773.6965            41.96%
   1578   930      704.1922   343      545.0000      773.6965   709386   41.96%
   1632   967      763.9602   405      545.0000      773.6290   730117   41.95%
   1678  1013      745.7086   391      545.0000      773.6290   751975   41.95%
   1721  1052      759.3626   374      545.0000      773.6228   780284   41.95%
   1763  1088      750.0364   384      545.0000      773.6116   811384   41.95%
   1778  1103      744.2181   385      545.0000      773.6116   830256   41.95%
   1866  1171      757.1845   396      545.0000      773.6051   867004   41.95%
Elapsed time = 134.39 sec. (192753.12 ticks, tree = 2.92 MB, solutions = 17)
   1918  1223      721.2643   310      545.0000      773.6051   896876   41.95%
   1950  1246      763.6510   439      545.0000      773.3818   924712   41.90%
*  1978+ 1272                          555.0000      773.3818            39.35%
Starting limited solution polishing.
   1986  1282      753.3689   379      555.0000      773.3818   957154   39.35%
   2027  1323      716.4968   290      555.0000      773.3818   983697   39.35%
   2106  1368      771.5430   414      555.0000      773.3654  1014413   39.35%

GUB cover cuts applied:  224
Clique cuts applied:  73
Cover cuts applied:  42
Implied bound cuts applied:  55
Flow cuts applied:  11
Mixed integer rounding cuts applied:  149
Zero-half cuts applied:  9
Gomory fractional cuts applied:  2

Root node processing (before b&c):
  Real time             =    2.20 sec. (2867.79 ticks)
Sequential b&c:
  Real time             =  147.80 sec. (212371.71 ticks)
                          ------------
Total (root+branch&cut) =  150.00 sec. (215239.50 ticks)

Solution pool: 19 solutions saved.

MIP - Time limit exceeded, integer feasible:  Objective =  5.5500000000e+02
Current MIP best bound =  7.7336544656e+02 (gap = 218.365, 39.35%)
Solution time =  150.00 sec.  Iterations = 1019223  Nodes = 2109 (1370)
Deterministic time = 215239.51 ticks  (1434.92 ticks/sec)


Incumbent solution
Variable Name           Solution Value
F                           555.000000
y109                          1.000000
y61                           1.000000
y158                          1.000000
y100                          1.000000
y176                          1.000000
y121                          1.000000
y172                          1.000000
y210                          1.000000
y231                          1.000000
y5                            1.000000
y44                           1.000000
y125                          1.000000
y8                            1.000000
y271                          1.000000
y134                          1.000000
y1                            1.000000
y214                          1.000000
y233                          1.000000
y51                           1.000000
y293                          1.000000
y245                          1.000000
y11                           1.000000
y220                          1.000000
y126                          1.000000
y71                           1.000000
y105                          1.000000
y187                          1.000000
y137                          1.000000
y301                          1.000000
y255                          1.000000
y133                          1.000000
y254                          1.000000
y12                           1.000000
y111                          1.000000
y89                           1.000000
y188                          1.000000
y272                          1.000000
y261                          1.000000
y250                          1.000000
y119                          1.000000
x148x271x1                    1.000000
x38x5x1                       1.000000
x38x44x1                      1.000000
x283x121x1                    1.000000
x80x172x1                     1.000000
x81x1x1                       1.000000
x40x134x1                     1.000000
x193x51x1                     1.000000
x62x293x1                     1.000000
x47x51x1                      1.000000
x287x134x1                    1.000000
x208x245x1                    1.000000
x113x293x2                    1.000000
x113x220x2                    1.000000
x266x100x2                    1.000000
x278x109x2                    2.000000
x80x100x2                     1.000000
x101x61x2                     1.000000
x101x44x2                     1.000000
x73x176x2                     1.000000
x64x158x2                     1.000000
x287x233x2                    1.000000
x208x61x2                     1.000000
x148x271x3                    1.000000
x283x5x3                      1.000000
x77x172x3                     1.000000
x73x125x3                     1.000000
x81x210x3                     1.000000
x40x125x3                     1.000000
x193x1x3                      1.000000
x294x121x3                    1.000000
x294x245x3                    1.000000
x64x158x3                     1.000000
x62x210x3                     1.000000
x47x176x3                     1.000000
x109x220x2                    1.000000
x109x137x2                    1.000000
x61x126x2                     1.000000
x61x89x2                      1.000000
x158x11x2                     1.000000
x158x254x3                    1.000000
x100x231x2                    1.000000
x100x8x2                      1.000000
x176x301x2                    1.000000
x176x71x3                     1.000000
x121x11x1                     1.000000
x121x111x3                    1.000000
x172x231x1                    1.000000
x172x137x3                    1.000000
x210x255x3                    1.000000
x210x188x3                    1.000000
x231x119x1                    1.000000
x231x254x2                    1.000000
x5x233x1                      1.000000
x5x126x3                      1.000000
x44x89x1                      1.000000
x44x8x2                       1.000000
x125x214x3                    2.000000
x8x111x2                      1.000000
x8x119x2                      1.000000
x271x272x1                    1.000000
x271x301x3                    1.000000
x134x187x1                    1.000000
x134x255x1                    1.000000
x1x12x1                       1.000000
x1x187x3                      1.000000
x214x0x3                      1.000000
x214x250x3                    1.000000
x233x261x1                    1.000000
x233x250x2                    1.000000
x51x105x1                     1.000000
x51x133x1                     1.000000
x293x105x1                    1.000000
x293x71x2                     1.000000
x245x133x1                    1.000000
x245x188x3                    1.000000
x11x0x1                       1.000000
x11x0x2                       1.000000
x220x12x2                     1.000000
x220x272x2                    1.000000
x126x0x2                      1.000000
x126x0x3                      1.000000
x71x0x2                       1.000000
x71x0x3                       1.000000
x105x0x1                      2.000000
x187x0x1                      1.000000
x187x0x3                      1.000000
x137x0x2                      1.000000
x137x261x3                    1.000000
x301x0x2                      1.000000
x301x0x3                      1.000000
x255x0x1                      1.000000
x255x0x3                      1.000000
x133x0x1                      2.000000
x254x0x2                      1.000000
x254x0x3                      1.000000
x12x0x1                       1.000000
x12x0x2                       1.000000
x111x0x2                      1.000000
x111x0x3                      1.000000
x89x0x1                       1.000000
x89x0x2                       1.000000
x188x0x3                      2.000000
x272x0x1                      1.000000
x272x0x2                      1.000000
x261x0x1                      1.000000
x261x0x3                      1.000000
x250x0x2                      1.000000
x250x0x3                      1.000000
x119x0x1                      1.000000
x119x0x2                      1.000000
s113                          5.846621
s109                          6.496878
s100                          6.589448
s176                          7.271316
s124                          7.323288
s175                          7.610000
s231                          7.630000
s44                           6.710000
s8                            7.750000
s151                          8.010000
s212                          8.180000
z113z212z2                    1.000000
s118                          8.270000
z113z118z2                    1.000000
s233                          8.106601
s20                           8.370000
s66                           8.430000
s168                          8.440000
s293                          7.484976
z113z293z2                    1.000000
s265                          8.550000
s11                           8.590000
s220                          8.062563
z113z220z2                    1.000000
s126                          8.680000
s173                          8.700000
z113z173z2                    1.000000
s71                           8.710000
s137                          8.182609
s301                          8.834481
s254                          8.877746
s12                           9.200000
s111                          9.220000
s89                           9.270000
s272                          9.300000
s250                          9.440000
s119                          9.470000
s148                          6.325022
s5                            6.839768
s125                          6.903526
s271                          7.668884
z148z271z1                    1.000000
z148z271z3                    1.000000
s134                          7.410808
s56                           7.900000
s1                            7.460736
s149                          8.130000
s251                          8.210000
s21                           8.250000
s214                          8.250000
s299                          8.250000
s87                           8.300000
s51                           7.380000
s245                          7.817953
s35                           8.720000
s105                          8.770000
s135                          8.770000
s187                          8.770000
s255                          8.609169
s133                          8.990000
s188                          9.300000
z148z188z3                    1.000000
s261                          9.420000
s195                          9.490000
z148z195z1                    1.000000
s266                          4.911140
s61                           7.073000
s158                          7.113671
s129                          6.180000
s57                           6.310000
z266z100z2                    1.000000
z266z8z2                      1.000000
z266z212z2                    1.000000
z266z118z2                    1.000000
z266z20z2                     1.000000
z266z168z2                    1.000000
z266z220z2                    1.000000
z266z173z2                    1.000000
s38                           4.893570
s121                          7.037631
s172                          6.577557
s238                          6.530000
z38z5z1                       1.000000
z38z44z1                      1.000000
z38z134z1                     1.000000
z38z51z1                      1.000000
z38z35z1                      1.000000
z38z105z1                     1.000000
z38z133z1                     1.000000
z38z195z1                     1.000000
s278                          5.058420
z278z109z2                    1.000000
z278z212z2                    1.000000
z278z118z2                    1.000000
z278z20z2                     1.000000
z278z168z2                    1.000000
z278z220z2                    1.000000
z278z173z2                    1.000000
s283                          5.116380
s249                          7.202871
z283z121z1                    1.000000
s210                          7.185166
z283z5z3                      1.000000
z283z134z1                    1.000000
z283z56z3                     1.000000
z283z149z3                    1.000000
z283z21z3                     1.000000
z283z214z3                    1.000000
z283z51z1                     1.000000
z283z35z1                     1.000000
z283z105z1                    1.000000
z283z135z3                    1.000000
z283z133z1                    1.000000
z283z188z3                    1.000000
z283z195z1                    1.000000
s80                           5.025650
z80z100z2                     1.000000
z80z172z1                     1.000000
z80z8z2                       1.000000
z80z134z1                     1.000000
z80z212z2                     1.000000
z80z118z2                     1.000000
z80z20z2                      1.000000
z80z51z1                      1.000000
z80z168z2                     1.000000
z80z220z2                     1.000000
z80z173z2                     1.000000
z80z35z1                      1.000000
z80z105z1                     1.000000
z80z133z1                     1.000000
z80z195z1                     1.000000
s77                           4.938700
z77z249z3                     1.000000
z77z172z3                     1.000000
z77z210z3                     1.000000
z77z125z3                     1.000000
z77z56z3                      1.000000
z77z149z3                     1.000000
z77z21z3                      1.000000
z77z214z3                     1.000000
z77z135z3                     1.000000
z77z188z3                     1.000000
s101                          5.209010
z101z61z2                     1.000000
z101z44z2                     1.000000
z101z8z2                      1.000000
z101z212z2                    1.000000
z101z118z2                    1.000000
z101z20z2                     1.000000
z101z168z2                    1.000000
z101z220z2                    1.000000
z101z173z2                    1.000000
s73                           5.316610
z73z176z2                     1.000000
z73z125z3                     1.000000
z73z149z3                     1.000000
z73z212z2                     1.000000
z73z21z3                      1.000000
z73z214z3                     1.000000
z73z118z2                     1.000000
z73z20z2                      1.000000
z73z168z2                     1.000000
z73z220z2                     1.000000
z73z173z2                     1.000000
z73z135z3                     1.000000
z73z188z3                     1.000000
s81                           5.379840
z81z210z3                     1.000000
z81z1z1                       1.000000
z81z51z1                      1.000000
z81z35z1                      1.000000
z81z105z1                     1.000000
z81z135z3                     1.000000
z81z133z1                     1.000000
z81z188z3                     1.000000
z81z195z1                     1.000000
s40                           5.337560
z40z125z3                     1.000000
z40z134z1                     1.000000
z40z149z3                     1.000000
z40z21z3                      1.000000
z40z214z3                     1.000000
z40z51z1                      1.000000
z40z35z1                      1.000000
z40z105z1                     1.000000
z40z135z3                     1.000000
z40z133z1                     1.000000
z40z188z3                     1.000000
z40z195z1                     1.000000
s193                          5.491210
z193z1z3                      1.000000
z193z149z3                    1.000000
z193z21z3                     1.000000
z193z214z3                    1.000000
z193z51z1                     1.000000
z193z35z1                     1.000000
z193z105z1                    1.000000
z193z135z3                    1.000000
z193z133z1                    1.000000
z193z188z3                    1.000000
z193z195z1                    1.000000
s294                          5.532930
z294z121z3                    1.000000
z294z210z3                    1.000000
z294z149z3                    1.000000
z294z21z3                     1.000000
z294z214z3                    1.000000
z294z245z3                    1.000000
z294z135z3                    1.000000
z294z188z3                    1.000000
s64                           5.564270
z64z158z2                     1.000000
z64z158z3                     1.000000
z64z220z2                     1.000000
z64z173z2                     1.000000
z64z135z3                     1.000000
z64z188z3                     1.000000
s62                           5.667220
z62z210z3                     1.000000
z62z293z1                     1.000000
z62z35z1                      1.000000
z62z105z1                     1.000000
z62z135z3                     1.000000
z62z133z1                     1.000000
z62z188z3                     1.000000
z62z195z1                     1.000000
s47                           5.775900
z47z176z3                     1.000000
z47z21z3                      1.000000
z47z51z1                      1.000000
z47z35z1                      1.000000
z47z105z1                     1.000000
z47z135z3                     1.000000
z47z133z1                     1.000000
z47z188z3                     1.000000
z47z195z1                     1.000000
s287                          5.745060
z287z134z1                    1.000000
z287z233z2                    1.000000
z287z35z1                     1.000000
z287z105z1                    1.000000
z287z133z1                    1.000000
z287z195z1                    1.000000
s208                          5.751500
z208z61z2                     1.000000
z208z51z1                     1.000000
z208z245z1                    1.000000
z208z220z2                    1.000000
z208z173z2                    1.000000
z208z35z1                     1.000000
z208z105z1                    1.000000
z208z133z1                    1.000000
z208z195z1                    1.000000
z109z220z2                    1.000000
z109z137z2                    1.000000
z61z126z2                     1.000000
z61z89z2                      1.000000
z158z11z2                     1.000000
z158z254z3                    1.000000
z158z188z3                    1.000000
z129z8z2                      1.000000
z57z188z3                     1.000000
z100z231z2                    1.000000
z100z8z2                      1.000000
z176z71z3                     1.000000
z176z301z2                    1.000000
z176z188z3                    1.000000
z249z188z3                    1.000000
z121z11z1                     1.000000
z121z111z3                    1.000000
z121z188z3                    1.000000
z121z195z1                    1.000000
z172z231z1                    1.000000
z172z137z3                    1.000000
z172z188z3                    1.000000
z172z195z1                    1.000000
z238z195z1                    1.000000
z210z255z3                    1.000000
z210z188z3                    1.000000
z231z254z2                    1.000000
z231z119z1                    1.000000
z231z195z1                    1.000000
z5z233z1                      1.000000
z5z126z3                      1.000000
z5z188z3                      1.000000
z5z195z1                      1.000000
z44z8z2                       1.000000
z44z89z1                      1.000000
z44z195z1                     1.000000
z125z214z3                    1.000000
z8z111z2                      1.000000
z8z119z2                      1.000000
z271z301z3                    1.000000
z271z272z1                    1.000000
z271z195z1                    1.000000
z134z187z1                    1.000000
z134z255z1                    1.000000
z134z195z1                    1.000000
z1z187z3                      1.000000
z1z12z1                       1.000000
z214z250z3                    1.000000
z233z261z1                    1.000000
z233z250z2                    1.000000
z51z105z1                     1.000000
z51z133z1                     1.000000
z293z71z2                     1.000000
z293z105z1                    1.000000
z245z133z1                    1.000000
z245z188z3                    1.000000
z220z12z2                     1.000000
z220z272z2                    1.000000
z137z261z3                    1.000000
All other variables in the range 1-4860 are 0.
