
Log started (V12.10.0.0) Fri Apr 23 08:35:42 2021


Problem 'asset.lp' read.
Read time = 0.01 sec. (0.38 ticks)
New value for default parallel thread count: 1
New value for time limit in seconds: 150
Version identifier: 12.10.0.0 | 2019-11-26 | 843d4de
CPXPARAM_Threads                                 1
CPXPARAM_TimeLimit                               150
Found incumbent of value 0.000000 after 0.00 sec. (0.10 ticks)
Tried aggregator 3 times.
MIP Presolve eliminated 1733 rows and 133 columns.
MIP Presolve modified 2305 coefficients.
Aggregator did 1072 substitutions.
Reduced MIP has 1223 rows, 1500 columns, and 6519 nonzeros.
Reduced MIP has 1331 binaries, 128 generals, 0 SOSs, and 0 indicators.
Presolve time = 0.02 sec. (14.20 ticks)
Probing fixed 135 vars, tightened 14 bounds.
Probing time = 0.01 sec. (8.19 ticks)
Cover probing fixed 0 vars, tightened 46 bounds.
Tried aggregator 1 time.
MIP Presolve eliminated 172 rows and 166 columns.
MIP Presolve modified 240 coefficients.
Reduced MIP has 1051 rows, 1334 columns, and 5540 nonzeros.
Reduced MIP has 1179 binaries, 114 generals, 0 SOSs, and 0 indicators.
Presolve time = 0.00 sec. (4.76 ticks)
Probing time = 0.00 sec. (2.73 ticks)
Tried aggregator 1 time.
Detecting symmetries...
MIP Presolve eliminated 1 rows and 1 columns.
MIP Presolve modified 446 coefficients.
Reduced MIP has 1050 rows, 1333 columns, and 5538 nonzeros.
Reduced MIP has 1178 binaries, 114 generals, 0 SOSs, and 0 indicators.
Presolve time = 0.00 sec. (3.60 ticks)
Probing time = 0.00 sec. (2.70 ticks)
Clique table members: 3630.
MIP emphasis: balance optimality and feasibility.
MIP search method: dynamic search.
Parallel mode: none, using 1 thread.
Root relaxation solution time = 0.01 sec. (16.29 ticks)

        Nodes                                         Cuts/
   Node  Left     Objective  IInf  Best Integer    Best Bound    ItCnt     Gap

*     0+    0                            0.0000      366.0000              --- 
      0     0      321.0000   197        0.0000      321.0000      602     --- 
      0     0      318.0000   197        0.0000     Cuts: 121     1006     --- 
      0     0      318.0000   197        0.0000     Cuts: 362     1363     --- 
      0     0      318.0000   197        0.0000     Cuts: 142     1607     --- 
      0     0      318.0000   197        0.0000     Cuts: 361     1946     --- 
*     0+    0                           12.0000      318.0000              --- 
      0     0        cutoff             12.0000      318.0000     1946     --- 
*     0+    0                           21.0000      318.0000              --- 
*     0+    0                           39.0000      318.0000           715.38%
      0     0        cutoff             39.0000      318.0000     1946  715.38%
Detecting symmetries...
      0     2      318.0000   180       39.0000      318.0000     1946  715.38%
Elapsed time = 0.47 sec. (592.87 ticks, tree = 0.01 MB, solutions = 3)
     20    22      315.0000   185       39.0000      318.0000     5505  715.38%
     80    82      277.3356   115       39.0000      318.0000     8726  715.38%
    158   149      290.3574   131       39.0000      318.0000    12144  715.38%
    249   202      314.8823   193       39.0000      318.0000    15762  715.38%
    360   313      306.7318   133       39.0000      318.0000    18489  715.38%
    460   413      227.4000    60       39.0000      318.0000    21884  715.38%
*   472+  423                          114.0000      318.0000           178.95%
*   473+  424                          144.0000      318.0000           120.83%
*   474+  425                          201.0000      318.0000            58.21%
*   474+  425                          204.0000      318.0000            55.88%
*   474+  425                          207.0000      318.0000            53.62%
    474   427      312.2803   199      207.0000      318.0000    23491   53.62%
    530   483      290.6745   140      207.0000      318.0000    26546   53.62%

Performing restart 1

Repeating presolve.
Tried aggregator 2 times.
MIP Presolve modified 1069 coefficients.
Aggregator did 3 substitutions.
Reduced MIP has 1047 rows, 1330 columns, and 4659 nonzeros.
Reduced MIP has 1175 binaries, 114 generals, 0 SOSs, and 0 indicators.
Presolve time = 0.01 sec. (5.61 ticks)
Tried aggregator 1 time.
Reduced MIP has 1047 rows, 1330 columns, and 4659 nonzeros.
Reduced MIP has 1175 binaries, 114 generals, 0 SOSs, and 0 indicators.
Presolve time = 0.00 sec. (3.43 ticks)
Represolve time = 0.03 sec. (23.49 ticks)
    584     0      294.4238   254      207.0000     Cuts: 361    30496   42.23%
    584     0      287.3911   254      207.0000     Cuts: 288    31561   38.84%
    584     0      281.0680   254      207.0000     Cuts: 245    33046   35.78%
    584     0      275.8646   254      207.0000     Cuts: 215    33529   33.27%
    584     0      272.8195   254      207.0000     Cuts: 201    34472   31.80%
    584     0      270.9586   254      207.0000     Cuts: 264    35128   30.90%
    584     0      270.6645   254      207.0000     Cuts: 242    35698   30.76%
    584     0      270.2916   254      207.0000     Cuts: 174    35877   30.58%
    584     0      268.8414   254      207.0000     Cuts: 133    36161   29.88%
    584     0      267.1722   254      207.0000     Cuts: 191    36463   29.07%
    584     0      267.0417   254      207.0000     Cuts: 119    36595   29.01%
    584     0      266.9652   254      207.0000     Cuts: 103    36716   28.97%
    584     0      266.8293   254      207.0000      Cuts: 81    36901   28.90%
    584     0      266.7797   254      207.0000      Cuts: 99    37015   28.88%
    584     0      266.4748   254      207.0000      Cuts: 64    37416   28.73%
    584     0      266.2093   254      207.0000     Cuts: 210    37671   28.60%
    584     0      265.8693   254      207.0000      Cuts: 90    37830   28.44%
    584     0      265.3015   254      207.0000     Cuts: 113    38259   28.16%
    584     0      265.1034   254      207.0000     Cuts: 129    38484   28.07%
    584     0      265.0102   254      207.0000     Cuts: 125    38651   28.02%
    584     0      264.8098   254      207.0000     Cuts: 122    38815   27.93%
    584     0      264.7548   254      207.0000     Cuts: 145    38987   27.90%
    584     0      264.7343   254      207.0000      Cuts: 99    39049   27.89%
    584     0      264.7277   254      207.0000      Cuts: 48    39121   27.89%
    584     0      264.7188   254      207.0000      Cuts: 57    39205   27.88%
    584     0      264.6661   254      207.0000      Cuts: 63    39345   27.86%
    584     0      264.5978   254      207.0000     Cuts: 104    39472   27.83%
    584     0      264.1828   254      207.0000     Cuts: 111    39576   27.62%
    584     0      263.8543   254      207.0000     Cuts: 124    39804   27.47%
    584     0      263.7908   254      207.0000     Cuts: 127    39964   27.44%
    584     0      263.7868   254      207.0000      Cuts: 81    40041   27.43%
*   584+    0                          228.0000      263.7868            15.70%
*   584+    0                          234.0000      263.7868            12.73%
*   584+    0                          237.0000      263.7868            11.30%
    584     0        cutoff            237.0000      263.7868    40041   11.30%
    584     2      263.7868   200      237.0000      263.7868    40041   11.30%
    598    16      257.2209   151      237.0000      263.7862    43145   11.30%
Elapsed time = 8.23 sec. (9988.14 ticks, tree = 0.04 MB, solutions = 11)
    660    71      258.0000   113      237.0000      263.1217    47007   11.02%
*   684+   87                          240.0000      263.1217             9.63%
    801   193      258.3964   125      240.0000      262.5921    50304    9.41%
    884   265      255.6944   151      240.0000      262.4731    52607    9.36%
   1074   440      260.8487   205      240.0000      261.0502    59608    8.77%
   1297   649      246.8750    75      240.0000      260.9149    67932    8.71%
   1534   870      258.4030   156      240.0000      260.8531    76836    8.69%
   1770  1077      258.5625   142      240.0000      260.4000    87022    8.50%
   1971  1259      257.6250   164      240.0000      260.2942    95624    8.46%
   2110  1379      254.6842   165      240.0000      260.0793   103741    8.37%
   2315  1549      257.2488   159      240.0000      259.8631   112359    8.28%
Elapsed time = 16.34 sec. (20663.98 ticks, tree = 11.89 MB, solutions = 12)
   2505  1718      251.4301   161      240.0000      259.7122   121084    8.21%
   2691  1877      255.2216   158      240.0000      259.6110   130301    8.17%
   2851  2026      250.5504   131      240.0000      259.3599   138531    8.07%
   3020  2159      256.3461   195      240.0000      259.2932   145814    8.04%
   3174  2280      249.4113   152      240.0000      259.1250   152739    7.97%
   3330  2396      255.4138   183      240.0000      259.0215   160781    7.93%
   3563  2594      254.6667   156      240.0000      259.0000   170034    7.92%
   3730  2733      253.2399   168      240.0000      258.7909   179659    7.83%
   3888  2876      245.5000    94      240.0000      258.6923   187684    7.79%
*  3984+ 1910                          246.0000      258.6607             5.15%
   3986  1911      256.3251   173      246.0000      258.5715   193606    5.11%
Elapsed time = 23.71 sec. (30443.73 ticks, tree = 16.09 MB, solutions = 13)
   4155  2046      256.9075   177      246.0000      258.5000   202266    5.08%
   4232  2112      254.1275   145      246.0000      258.5000   206466    5.08%
   4284  2156      253.8820   166      246.0000      258.5000   210431    5.08%
   4466  2322      251.1922   148      246.0000      258.4500   218795    5.06%
   4589  2416      255.6978   202      246.0000      258.4500   226549    5.06%
   4686  2498      252.7304   119      246.0000      258.4423   233886    5.06%
   4885  2669      250.9909    95      246.0000      258.4055   241550    5.04%
   4998  2749      255.1968   143      246.0000      258.3572   248620    5.02%
   5090  2805      256.4311   170      246.0000      258.2223   255337    4.97%
   5191  2876      252.5095   162      246.0000      258.1545   262863    4.94%
Elapsed time = 31.18 sec. (40379.14 ticks, tree = 25.97 MB, solutions = 13)
   5285  2928      256.0522   225      246.0000      258.0000   270678    4.88%
   5371  2994      251.8231   136      246.0000      258.0000   279145    4.88%
   5384  3003      254.3513   167      246.0000      258.0000   279853    4.88%
   5464  3064      258.0000   174      246.0000      258.0000   286584    4.88%
   5591  3171      252.4599   173      246.0000      258.0000   294590    4.88%
   5674  3228      251.6813   126      246.0000      258.0000   302715    4.88%
   5730  3269      254.7895   186      246.0000      258.0000   309912    4.88%
   5826  3349      257.4898   204      246.0000      258.0000   317951    4.88%
   5912  3422      250.5761   146      246.0000      258.0000   325428    4.88%
   6005  3497      250.0000   133      246.0000      258.0000   332871    4.88%
Elapsed time = 38.62 sec. (50472.72 ticks, tree = 31.98 MB, solutions = 13)
   6096  3553      249.0282   115      246.0000      258.0000   340480    4.88%
   6155  3588      254.0000   140      246.0000      257.9765   348048    4.87%
   6209  3624      257.8693   185      246.0000      257.9520   352931    4.86%
   6316  3706      255.2752   164      246.0000      257.9401   361225    4.85%
   6399  3769      250.5000   121      246.0000      257.9018   368364    4.84%
   6467  3816      250.1376   140      246.0000      257.8667   375599    4.82%
   6604  3934      250.0027   167      246.0000      257.8333   383504    4.81%
   6691  3994      254.1680   189      246.0000      257.7707   390434    4.78%
   6774  4038      252.4701   125      246.0000      257.7451   398196    4.77%
   6902  4133      249.9752   127      246.0000      257.6804   406591    4.75%
Elapsed time = 45.71 sec. (60140.34 ticks, tree = 38.80 MB, solutions = 13)
   6984  4177      252.0000   157      246.0000      257.6303   414251    4.73%
   7087  4241      249.0542   147      246.0000      257.5665   422517    4.70%
   7176  4294      254.9318   169      246.0000      257.5369   429881    4.69%
   7276  4356      252.7212   131      246.0000      257.5000   438855    4.67%
   7372  4421      252.8562   143      246.0000      257.4548   447808    4.66%
   7468  4485        cutoff            246.0000      257.4185   455475    4.64%
   7548  4529      250.2819   182      246.0000      257.3830   462964    4.63%
   7619  4559        cutoff            246.0000      257.3537   470928    4.62%
   7683  4594      251.9735   155      246.0000      257.3130   478246    4.60%
   7803  4682      251.1171   154      246.0000      257.2661   486558    4.58%
Elapsed time = 53.42 sec. (70507.65 ticks, tree = 43.07 MB, solutions = 13)
   7873  4731      251.6642   143      246.0000      257.2500   494534    4.57%
   7950  4775      255.3514   190      246.0000      257.1548   501585    4.53%
   8019  4818      255.0000   153      246.0000      257.1191   509117    4.52%
   8080  4865      251.9672   152      246.0000      257.0982   516716    4.51%
   8084  4869      250.5000   126      246.0000      257.0982   517064    4.51%
   8169  4917      253.6500   144      246.0000      257.0462   525135    4.49%
   8271  5000      249.3750   131      246.0000      257.0177   532888    4.48%
   8347  5044      254.8333   165      246.0000      256.9615   539440    4.46%
   8414  5076      255.6581   178      246.0000      256.9232   547648    4.44%
   8502  5122      253.0723   153      246.0000      256.8631   554925    4.42%
Elapsed time = 61.42 sec. (81102.37 ticks, tree = 47.90 MB, solutions = 13)
   8566  5147      252.6772   156      246.0000      256.8245   562563    4.40%
   8649  5187      254.3413   172      246.0000      256.7779   570274    4.38%
   8701  5205      253.0444   153      246.0000      256.7254   577710    4.36%
   8778  5240      254.6667   151      246.0000      256.6777   585900    4.34%
   8850  5288      251.8663   206      246.0000      256.6395   595158    4.32%
   8919  5324      252.2566   152      246.0000      256.5833   602895    4.30%
   9000  5368      251.2889   134      246.0000      256.5107   610231    4.27%
   9110  5435      254.5404   170      246.0000      256.5000   618369    4.27%
   9197  5483      251.9934   157      246.0000      256.5000   626928    4.27%
   9301  5545      252.2740   188      246.0000      256.4901   635095    4.26%
Elapsed time = 68.71 sec. (90924.34 ticks, tree = 51.32 MB, solutions = 13)
   9384  5582      249.7476   115      246.0000      256.4476   642671    4.25%
   9478  5628      252.7476   163      246.0000      256.4047   650934    4.23%
   9557  5669      249.6450   131      246.0000      256.3372   659135    4.20%
   9696  5764      249.2083   120      246.0000      256.3303   667793    4.20%
   9784  5813      249.6603   126      246.0000      256.3084   675874    4.19%
   9863  5844      251.5232   136      246.0000      256.2572   683911    4.17%
   9966  5886      255.9167   147      246.0000      256.2280   692193    4.16%
  10024  5920      253.4413   175      246.0000      256.2126   697676    4.15%
  10025  5921      251.9583   163      246.0000      256.2125   697913    4.15%
  10026  5922      254.3119   165      246.0000      256.2108   698033    4.15%
Elapsed time = 84.77 sec. (109238.11 ticks, tree = 54.20 MB, solutions = 13)
  10368  6088      249.0000   133      246.0000      256.0679   727808    4.09%
  10619  6198      252.9786   154      246.0000      256.0026   756461    4.07%
  10931  6352        cutoff            246.0000      255.8843   785114    4.02%
  11222  6455      250.6897   159      246.0000      255.7547   815720    3.97%
  11550  6589      253.0000   149      246.0000      255.6049   848146    3.90%
  11867  6711      251.9375   149      246.0000      255.4926   880526    3.86%
  12250  6883      250.4716   145      246.0000      255.3303   914015    3.79%
  12637  7085      252.6875   146      246.0000      255.2296   947776    3.75%
  13022  7253      252.5321   145      246.0000      255.0932   980438    3.70%
  13377  7412      250.5789   168      246.0000      255.0000  1012372    3.66%
Elapsed time = 113.98 sec. (147513.80 ticks, tree = 67.30 MB, solutions = 13)
  13679  7570      252.0776   174      246.0000      255.0000  1044013    3.66%
  13976  7673      250.5000    70      246.0000      254.9151  1073989    3.62%
  14272  7741      252.8348   170      246.0000      254.8226  1106513    3.59%
  14628  7863      250.5000    94      246.0000      254.7261  1139097    3.55%
  14958  7981      252.2500   116      246.0000      254.6452  1170245    3.51%
  15333  8123      253.2759   192      246.0000      254.5584  1202911    3.48%
  15665  8208      251.5342   158      246.0000      254.5000  1236268    3.46%
Starting limited solution polishing.
  16032  8363      251.1907   119      246.0000      254.4375  1269450    3.43%
  16413  8506      250.5000    91      246.0000      254.3732  1301295    3.40%
  16771  8598        cutoff            246.0000      254.2975  1331566    3.37%
Elapsed time = 143.18 sec. (185755.49 ticks, tree = 80.96 MB, solutions = 13)
  17149  8752      250.1848   172      246.0000      254.2227  1364418    3.34%
  17486  8879      249.1878   189      246.0000      254.1562  1393189    3.32%

GUB cover cuts applied:  137
Clique cuts applied:  78
Cover cuts applied:  65
Implied bound cuts applied:  150
Flow cuts applied:  30
Mixed integer rounding cuts applied:  224
Zero-half cuts applied:  108
Lift and project cuts applied:  16
Gomory fractional cuts applied:  14

Root node processing (before b&c):
  Real time             =    0.47 sec. (593.20 ticks)
Sequential b&c:
  Real time             =  149.53 sec. (194018.68 ticks)
                          ------------
Total (root+branch&cut) =  150.00 sec. (194611.88 ticks)

Solution pool: 14 solutions saved.

MIP - Time limit exceeded, integer feasible:  Objective =  2.4600000000e+02
Current MIP best bound =  2.5412592088e+02 (gap = 8.12592, 3.30%)
Solution time =  150.00 sec.  Iterations = 1402122  Nodes = 17612 (8930)
Deterministic time = 194611.89 ticks  (1297.41 ticks/sec)


Incumbent solution
Variable Name           Solution Value
F                           246.000000
y180                          1.000000
y43                           1.000000
y209                          1.000000
y53                           1.000000
y213                          1.000000
y48                           1.000000
y55                           1.000000
y189                          1.000000
y50                           1.000000
y17                           1.000000
y66                           1.000000
y105                          1.000000
y147                          1.000000
y237                          1.000000
y186                          1.000000
y145                          1.000000
y70                           1.000000
y240                          1.000000
y2                            1.000000
y7                            1.000000
y35                           1.000000
y172                          1.000000
y6                            1.000000
y192                          1.000000
y164                          1.000000
y199                          1.000000
x108x55x1                     1.000000
x200x50x1                     1.000000
x224x147x1                    1.000000
x61x43x1                      1.000000
x61x48x1                      1.000000
x196x180x1                    1.000000
x196x48x1                     1.000000
x142x43x1                     1.000000
x8x209x1                      1.000000
x224x213x2                    1.000000
x26x237x2                     1.000000
x88x53x2                      1.000000
x5x66x2                       1.000000
x109x17x2                     1.000000
x76x189x2                     1.000000
x8x237x2                      1.000000
x204x53x2                     1.000000
x204x189x2                    1.000000
x16x50x3                      1.000000
x16x147x3                     1.000000
x108x66x3                     1.000000
x125x55x3                     1.000000
x125x70x3                     1.000000
x200x213x3                    1.000000
x5x180x3                      1.000000
x109x209x3                    1.000000
x142x17x3                     1.000000
x180x105x1                    1.000000
x180x105x3                    1.000000
x43x35x1                      1.000000
x43x199x1                     1.000000
x209x6x1                      1.000000
x209x145x3                    1.000000
x53x145x2                     1.000000
x53x70x2                      1.000000
x213x0x2                      1.000000
x213x192x3                    1.000000
x48x186x1                     1.000000
x48x240x1                     1.000000
x55x6x1                       1.000000
x55x2x3                       1.000000
x189x2x2                      1.000000
x189x164x2                    1.000000
x50x0x1                       1.000000
x50x192x3                     1.000000
x17x164x2                     1.000000
x17x186x3                     1.000000
x66x240x2                     1.000000
x66x35x3                      1.000000
x105x0x1                      1.000000
x105x0x3                      1.000000
x147x0x1                      1.000000
x147x172x3                    1.000000
x237x7x2                      2.000000
x186x0x1                      1.000000
x186x0x3                      1.000000
x145x0x2                      1.000000
x145x0x3                      1.000000
x70x199x2                     1.000000
x70x172x3                     1.000000
x240x0x1                      1.000000
x240x0x2                      1.000000
x2x0x2                        1.000000
x2x0x3                        1.000000
x7x0x2                        2.000000
x35x0x1                       1.000000
x35x0x3                       1.000000
x172x0x3                      2.000000
x6x0x1                        2.000000
x192x0x3                      2.000000
x164x0x2                      2.000000
x199x0x1                      1.000000
x199x0x2                      1.000000
s16                           6.536523
s50                           7.909048
z16z50z3                      1.000000
s130                          7.950445
s90                           7.090000
s33                           8.120000
s37                           7.130000
s17                           7.435749
s66                           7.807629
s105                          8.307138
s147                          8.068601
z16z147z3                     1.000000
s148                          7.580000
s4                            8.700000
s186                          8.740000
s145                          8.647891
s219                          7.800000
s174                          8.810000
s78                           8.940000
s70                           8.170609
s81                           8.970000
s2                            9.110000
s35                           9.200000
s220                          9.230000
z16z220z3                     1.000000
s172                          9.240000
z16z172z3                     1.000000
s192                          9.320000
z16z192z3                     1.000000
s108                          6.359997
s118                          7.674177
s213                          7.785566
s48                           7.079890
s236                          7.795654
s32                           6.880000
s12                           7.824170
s55                           7.853655
z108z55z1                     1.000000
s156                          8.070000
s72                           7.150000
s103                          8.220000
z108z66z3                     1.000000
s240                          9.000000
z108z220z3                    1.000000
z108z172z3                    1.000000
s6                            9.310000
z108z6z1                      1.000000
z108z192z3                    1.000000
s199                          9.490000
s125                          6.494878
z125z55z3                     1.000000
z125z70z3                     1.000000
z125z220z3                    1.000000
z125z172z3                    1.000000
z125z192z3                    1.000000
s200                          6.568594
z200z213z3                    1.000000
z200z50z1                     1.000000
z200z220z3                    1.000000
z200z172z3                    1.000000
z200z6z1                      1.000000
z200z192z3                    1.000000
s224                          6.405829
s53                           6.771833
z224z213z2                    1.000000
s189                          6.990000
z224z147z1                    1.000000
s237                          7.600000
s42                           9.010000
z224z42z2                     1.000000
s69                           8.222297
s7                            9.120000
z224z7z2                      1.000000
z224z6z1                      1.000000
s164                          9.330000
z224z164z2                    1.000000
s26                           5.080760
s10                           7.159836
z26z237z2                     1.000000
z26z42z2                      1.000000
z26z69z2                      1.000000
z26z7z2                       1.000000
z26z164z2                     1.000000
s88                           4.951660
z88z53z2                      1.000000
z88z189z2                     1.000000
z88z237z2                     1.000000
z88z42z2                      1.000000
z88z69z2                      1.000000
z88z7z2                       1.000000
z88z164z2                     1.000000
s61                           5.142850
s64                           6.030000
s180                          6.840281
s43                           7.129119
z61z43z1                      1.000000
s209                          7.092953
z61z48z1                      1.000000
z61z6z1                       1.000000
s5                            5.175460
z5z180z3                      1.000000
s77                           7.290140
z5z33z3                       1.000000
z5z66z2                       1.000000
z5z148z3                      1.000000
z5z237z2                      1.000000
z5z219z3                      1.000000
z5z78z3                       1.000000
z5z42z2                       1.000000
z5z69z2                       1.000000
z5z7z2                        1.000000
z5z220z3                      1.000000
z5z172z3                      1.000000
z5z192z3                      1.000000
z5z164z2                      1.000000
s196                          5.479410
z196z180z1                    1.000000
z196z43z1                     1.000000
z196z48z1                     1.000000
z196z6z1                      1.000000
s109                          5.781680
z109z209z3                    1.000000
z109z17z2                     1.000000
z109z148z3                    1.000000
z109z237z2                    1.000000
z109z219z3                    1.000000
z109z78z3                     1.000000
z109z42z2                     1.000000
z109z69z2                     1.000000
z109z7z2                      1.000000
z109z220z3                    1.000000
z109z172z3                    1.000000
z109z192z3                    1.000000
z109z164z2                    1.000000
s142                          5.895070
z142z43z1                     1.000000
z142z17z3                     1.000000
z142z148z3                    1.000000
z142z219z3                    1.000000
z142z78z3                     1.000000
z142z220z3                    1.000000
z142z172z3                    1.000000
z142z6z1                      1.000000
z142z192z3                    1.000000
s76                           5.436510
z76z189z2                     1.000000
z76z237z2                     1.000000
z76z42z2                      1.000000
z76z69z2                      1.000000
z76z7z2                       1.000000
z76z164z2                     1.000000
s8                            5.830940
z8z209z1                      1.000000
z8z237z2                      1.000000
z8z42z2                       1.000000
z8z69z2                       1.000000
z8z7z2                        1.000000
z8z6z1                        1.000000
z8z164z2                      1.000000
s204                          5.309880
z204z53z2                     1.000000
z204z189z2                    1.000000
z204z237z2                    1.000000
z204z42z2                     1.000000
z204z69z2                     1.000000
z204z7z2                      1.000000
z204z164z2                    1.000000
z64z220z3                     1.000000
z64z172z3                     1.000000
z64z6z1                       1.000000
z64z192z3                     1.000000
z180z105z1                    1.000000
z180z105z3                    1.000000
z180z220z3                    1.000000
z180z172z3                    1.000000
z180z6z1                      1.000000
z180z192z3                    1.000000
z43z35z1                      1.000000
z43z6z1                       1.000000
z43z199z1                     1.000000
z10z220z3                     1.000000
z10z172z3                     1.000000
z10z192z3                     1.000000
z77z220z3                     1.000000
z77z172z3                     1.000000
z77z192z3                     1.000000
z209z145z3                    1.000000
z209z220z3                    1.000000
z209z172z3                    1.000000
z209z6z1                      1.000000
z209z192z3                    1.000000
z53z145z2                     1.000000
z53z70z2                      1.000000
z118z6z1                      1.000000
z213z192z3                    1.000000
z48z186z1                     1.000000
z48z240z1                     1.000000
z48z6z1                       1.000000
z236z220z3                    1.000000
z236z172z3                    1.000000
z236z192z3                    1.000000
z32z220z3                     1.000000
z32z172z3                     1.000000
z32z192z3                     1.000000
z12z220z3                     1.000000
z12z172z3                     1.000000
z12z192z3                     1.000000
z55z2z3                       1.000000
z55z220z3                     1.000000
z55z172z3                     1.000000
z55z6z1                       1.000000
z55z192z3                     1.000000
z189z42z2                     1.000000
z189z2z2                      1.000000
z189z164z2                    1.000000
z50z192z3                     1.000000
z90z220z3                     1.000000
z17z186z3                     1.000000
z17z164z2                     1.000000
z66z240z2                     1.000000
z66z35z3                      1.000000
z147z172z3                    1.000000
z237z7z2                      1.000000
z237z164z2                    1.000000
z70z172z3                     1.000000
z70z199z2                     1.000000
z69z164z2                     1.000000
All other variables in the range 1-2709 are 0.
