
Log started (V12.10.0.0) Fri Apr  2 17:51:02 2021


Problem 'asset.lp' read.
Read time = 0.01 sec. (0.29 ticks)
New value for default parallel thread count: 1
New value for time limit in seconds: 300
Version identifier: 12.10.0.0 | 2019-11-26 | 843d4de
CPXPARAM_Threads                                 1
CPXPARAM_TimeLimit                               300
Found incumbent of value 0.000000 after 0.00 sec. (0.08 ticks)
Tried aggregator 3 times.
MIP Presolve eliminated 432 rows and 151 columns.
MIP Presolve modified 2413 coefficients.
Aggregator did 838 substitutions.
Reduced MIP has 1401 rows, 1631 columns, and 6656 nonzeros.
Reduced MIP has 1253 binaries, 329 generals, 0 SOSs, and 0 indicators.
Presolve time = 0.02 sec. (14.20 ticks)
Probing fixed 53 vars, tightened 12 bounds.
Probing time = 0.01 sec. (7.24 ticks)
Cover probing fixed 0 vars, tightened 17 bounds.
Tried aggregator 1 time.
Detecting symmetries...
MIP Presolve eliminated 99 rows and 85 columns.
MIP Presolve modified 306 coefficients.
Reduced MIP has 1302 rows, 1546 columns, and 6048 nonzeros.
Reduced MIP has 1180 binaries, 317 generals, 0 SOSs, and 0 indicators.
Presolve time = 0.01 sec. (6.01 ticks)
Probing time = 0.00 sec. (2.86 ticks)
Clique table members: 4432.
MIP emphasis: balance optimality and feasibility.
MIP search method: dynamic search.
Parallel mode: none, using 1 thread.
Root relaxation solution time = 0.02 sec. (22.32 ticks)

        Nodes                                         Cuts/
   Node  Left     Objective  IInf  Best Integer    Best Bound    ItCnt     Gap

*     0+    0                            0.0000      453.0000              --- 
      0     0      404.5885   280        0.0000      404.5885      694     --- 
      0     0      400.4493   280        0.0000     Cuts: 425     1266     --- 
      0     0      397.3161   280        0.0000     Cuts: 425     2085     --- 
      0     0      396.5467   280        0.0000     Cuts: 371     2652     --- 
*     0+    0                           27.0000      396.5467              --- 
*     0+    0                           39.0000      396.5467           916.79%
      0     0        cutoff             39.0000      396.5467     2652  916.79%
      0     0      396.2533   280       39.0000     Cuts: 358     3149  916.03%
      0     0      394.6814   280       39.0000     Cuts: 349     3844  912.00%
Detecting symmetries...
      0     0      394.4682   280       39.0000     Cuts: 251     4178  911.46%
*     0+    0                           48.0000      394.4682           721.81%
*     0+    0                           66.0000      394.4682           497.68%
*     0+    0                           96.0000      394.4682           310.90%
      0     0        cutoff             96.0000      394.4682     4178  310.90%
      0     0      394.2953   280       96.0000     Cuts: 235     4473  310.72%
      0     0      394.0938   280       96.0000     Cuts: 339     4724  310.51%
      0     0      393.9037   280       96.0000     Cuts: 179     4857  310.32%
      0     0      393.6017   280       96.0000     Cuts: 220     5054  310.00%
      0     0      393.1136   280       96.0000     Cuts: 192     5439  309.49%
*     0+    0                          102.0000      393.1136           285.41%
      0     0      393.0271   280      102.0000     Cuts: 251     5803  285.32%
      0     0      392.6849   280      102.0000     Cuts: 207     6400  284.99%
      0     0      392.5198   280      102.0000     Cuts: 334     6635  284.82%
*     0+    0                          117.0000      392.5198           235.49%
      0     0        cutoff            117.0000      392.5198     6635  235.49%
      0     0      392.5073   280      117.0000     Cuts: 133     6778  235.48%
      0     0      391.8966   280      117.0000      Cuts: 73     7162  234.95%
      0     0      391.7843   280      117.0000     Cuts: 258     7501  234.86%
      0     0      391.6753   280      117.0000     Cuts: 230     7840  234.77%
      0     0      391.3892   280      117.0000     Cuts: 313     8063  234.52%
      0     0      391.2699   280      117.0000     Cuts: 195     8264  234.42%
      0     0      391.1722   280      117.0000     Cuts: 181     8471  234.34%
      0     0      391.0782   280      117.0000     Cuts: 234     8755  234.25%
      0     0      390.8790   280      117.0000     Cuts: 272     9039  234.08%
      0     0      390.6063   280      117.0000     Cuts: 242     9280  233.85%
      0     0      390.3829   280      117.0000     Cuts: 223     9544  233.66%
      0     0      390.2710   280      117.0000     Cuts: 170     9671  233.56%
      0     0      390.2364   280      117.0000     Cuts: 229     9833  233.54%
Detecting symmetries...
      0     2      390.2364   340      117.0000      390.2362     9833  233.54%
Elapsed time = 1.42 sec. (1655.98 ticks, tree = 0.01 MB, solutions = 7)
      8    10      374.1076   274      117.0000      389.1803    13617  232.63%
     20    22      386.8415   294      117.0000      389.1803    15389  232.63%
     40    42      359.1542   201      117.0000      389.1803    18343  232.63%
     90    88      289.0083   117      117.0000      389.1803    22132  232.63%
    138   121      369.0653   273      117.0000      389.1786    25255  232.63%
    146   129      355.7623   233      117.0000      389.1786    27004  232.63%
    205   182      226.5000    30      117.0000      389.1786    30615  232.63%
*   230+  196                          192.0000      389.1786           102.70%
    239   204      385.8260   295      192.0000      388.9788    33520  102.59%
    250   215      369.6542   226      192.0000      388.9788    35845  102.59%
*   398   345      integral     0      195.0000      388.9788    39011   99.48%
    479   425      319.7631   188      195.0000      388.9715    43840   99.47%
Elapsed time = 3.84 sec. (4832.79 ticks, tree = 1.95 MB, solutions = 9)
*   498+  436                          201.0000      388.9715            93.52%

Performing restart 1

Repeating presolve.
Tried aggregator 1 time.
MIP Presolve eliminated 3 rows and 3 columns.
MIP Presolve modified 1653 coefficients.
Reduced MIP has 1299 rows, 1543 columns, and 5309 nonzeros.
Reduced MIP has 1177 binaries, 317 generals, 0 SOSs, and 0 indicators.
Presolve time = 0.00 sec. (4.76 ticks)
Tried aggregator 1 time.
Reduced MIP has 1299 rows, 1543 columns, and 5309 nonzeros.
Reduced MIP has 1177 binaries, 317 generals, 0 SOSs, and 0 indicators.
Presolve time = 0.00 sec. (3.79 ticks)
Represolve time = 0.04 sec. (30.83 ticks)
    608     0      368.7875   327      201.0000     Cuts: 424    49508   83.48%
    608     0      364.0962   327      201.0000     Cuts: 295    50144   81.14%
    608     0      361.2336   327      201.0000     Cuts: 291    50641   79.72%
    608     0      356.7680   327      201.0000     Cuts: 264    51200   77.50%
    608     0      355.6922   327      201.0000     Cuts: 264    51737   76.96%
    608     0      354.8207   327      201.0000     Cuts: 248    52144   76.53%
*   608+    0                          213.0000      354.8207            66.58%
    608     0      354.1529   327      213.0000     Cuts: 239    52616   66.27%
    608     0      353.3805   327      213.0000     Cuts: 302    52927   65.91%
    608     0      352.1513   327      213.0000     Cuts: 235    53254   65.33%
    608     0      350.7502   327      213.0000     Cuts: 217    53794   64.67%
    608     0      350.1495   327      213.0000     Cuts: 295    54062   64.39%
    608     0      349.8794   327      213.0000     Cuts: 151    54333   64.26%
    608     0      349.3046   327      213.0000     Cuts: 183    54742   63.99%
    608     0      349.0813   327      213.0000     Cuts: 195    55139   63.89%
    608     0      348.6354   327      213.0000     Cuts: 277    55446   63.68%
    608     0      348.1300   327      213.0000     Cuts: 228    55663   63.44%
    608     0      347.8321   327      213.0000     Cuts: 147    55858   63.30%
    608     0      347.5111   327      213.0000     Cuts: 218    56096   63.15%
    608     0      347.2182   327      213.0000     Cuts: 174    56296   63.01%
    608     0      347.0427   327      213.0000     Cuts: 170    56443   62.93%
    608     0      346.8960   327      213.0000     Cuts: 155    56580   62.86%
    608     0      346.7865   327      213.0000     Cuts: 130    56735   62.81%
    608     0      346.3758   327      213.0000     Cuts: 133    56947   62.62%
    608     0      346.2394   327      213.0000     Cuts: 167    57204   62.55%
    608     0      346.1493   327      213.0000     Cuts: 184    57402   62.51%
    608     0      346.1148   327      213.0000     Cuts: 183    57493   62.50%
    608     0      346.0846   327      213.0000      Cuts: 27    57593   62.48%
    608     0      345.9241   327      213.0000     Cuts: 265    57851   62.41%
    608     0      345.8711   327      213.0000     Cuts: 195    58042   62.38%
    608     0      345.8318   327      213.0000      Cuts: 89    58184   62.36%
    608     2      345.8318   298      213.0000      345.8104    58184   62.35%
    616    10      336.1615   254      213.0000      343.2515    61433   61.15%
    630    24      334.6442   237      213.0000      343.2515    66398   61.15%
    686    76      298.4926   145      213.0000      343.2515    71970   61.15%
    802   179      329.0941   226      213.0000      342.6659    80552   60.88%
    949   311      263.4956    61      213.0000      341.1899    90773   60.18%
   1050   402      336.6751   255      213.0000      339.3708    98682   59.33%
   1168   498    infeasible            213.0000      339.0812   109463   59.19%
   1221   543      328.8346   239      213.0000      338.1289   117024   58.75%
   1327   630      311.1280   183      213.0000      338.1237   126691   58.74%
Elapsed time = 15.46 sec. (19747.95 ticks, tree = 0.77 MB, solutions = 11)
   1407   698      323.4138   220      213.0000      337.4099   136655   58.41%
   1488   766      329.8756   259      213.0000      337.2720   145603   58.34%
   1579   852      310.2712   214      213.0000      337.0399   156387   58.23%
*  1608+  876                          216.0000      337.0399            56.04%
   1669   933      293.0265   152      216.0000      337.0300   166519   56.03%
   1781  1027      319.4660   236      216.0000      336.8006   177512   55.93%
   1874  1114      305.0522   231      216.0000      336.7519   188599   55.90%
   1971  1200      285.0527   117      216.0000      336.7481   198034   55.90%
   2092  1305      324.1489   209      216.0000      336.6532   207809   55.86%
   2196  1398      266.4972    81      216.0000      336.6420   218202   55.85%
   2287  1474      310.5102   229      216.0000      336.6187   228633   55.84%
Elapsed time = 22.50 sec. (29423.55 ticks, tree = 1.72 MB, solutions = 12)
   2431  1601      325.1827   259      216.0000      336.4389   238546   55.76%
   2551  1709      314.4272   233      216.0000      336.3703   248273   55.73%
   2682  1819      280.6301   181      216.0000      336.2578   259112   55.67%
   2812  1926      240.6316    73      216.0000      336.1447   270432   55.62%
   2914  2010      321.3166   237      216.0000      336.1026   280321   55.60%
   3082  2162      240.5796   109      216.0000      336.0437   292461   55.58%
   3204  2259      282.5046   159      216.0000      336.0205   303891   55.57%
   3316  2345      335.4759   295      216.0000      335.9810   314167   55.55%
   3429  2446      307.1013   208      216.0000      335.9262   324436   55.52%
   3581  2583      329.4452   269      216.0000      335.7261   334739   55.43%
Elapsed time = 29.59 sec. (39098.80 ticks, tree = 3.04 MB, solutions = 12)
   3645  2643      313.6640   229      216.0000      335.5748   344012   55.36%
   3735  2728      243.0000    33      216.0000      335.5748   354429   55.36%
   3851  2829      328.5564   290      216.0000      335.4759   365471   55.31%
   3949  2921      300.9021   185      216.0000      335.4098   376595   55.28%
   4070  3032      324.8864   274      216.0000      335.4049   389857   55.28%
   4198  3152        cutoff            216.0000      335.4027   402968   55.28%
   4297  3236      329.7021   249      216.0000      335.3781   412949   55.27%
   4409  3340      284.6456   145      216.0000      335.3676   424502   55.26%
   4526  3439      325.5156   248      216.0000      335.1622   435419   55.17%
   4681  3570      321.9938   256      216.0000      335.0843   447002   55.13%
Elapsed time = 36.84 sec. (48988.68 ticks, tree = 4.13 MB, solutions = 12)
   4760  3644      300.5530   180      216.0000      334.9324   457366   55.06%
   4889  3756      329.5750   288      216.0000      334.8618   466208   55.03%
   4958  3817      325.7095   257      216.0000      334.8530   474853   55.02%
   5047  3902      315.5749   244      216.0000      334.8503   483861   55.02%
   5121  3970      290.7547   171      216.0000      334.8263   494077   55.01%
   5232  4071      280.1724   152      216.0000      334.8160   502556   55.01%
   5351  4178      328.0723   286      216.0000      334.7116   512165   54.96%
   5435  4256      319.4894   249      216.0000      334.6929   520446   54.95%
   5533  4348      271.5288   175      216.0000      334.6437   530107   54.93%
   5663  4457      332.5164   241      216.0000      334.6352   539484   54.92%
Elapsed time = 43.95 sec. (58685.77 ticks, tree = 5.19 MB, solutions = 12)
   5789  4577      267.2504    97      216.0000      334.5993   550826   54.91%
   5889  4661      301.7482   197      216.0000      334.5098   562449   54.87%
   6020  4778      327.6431   270      216.0000      334.3882   573828   54.81%
   6153  4896      333.5299   269      216.0000      334.3321   586161   54.78%
   6321  5047      331.7464   277      216.0000      334.1408   599893   54.69%
   6433  5151      283.4787   178      216.0000      334.1269   612278   54.69%
   6554  5262      291.4117   197      216.0000      334.0816   623239   54.67%
   6655  5356      263.7984   113      216.0000      334.0628   635097   54.66%
   6734  5421      321.5059   226      216.0000      333.9903   644465   54.63%
   6860  5538      330.4357   289      216.0000      333.9810   655667   54.62%
Elapsed time = 51.23 sec. (68535.98 ticks, tree = 6.52 MB, solutions = 12)
   6997  5667      295.9283   143      216.0000      333.9071   667136   54.59%
   7150  5798      326.7977   278      216.0000      333.8335   678329   54.55%
   7233  5875      294.9560   188      216.0000      333.7660   687466   54.52%
   7385  6003      326.7637   313      216.0000      333.7466   697618   54.51%
   7489  6099      299.7446   225      216.0000      333.5781   707887   54.43%
   7614  6210      328.3669   258      216.0000      333.5061   717909   54.40%
   7722  6311      310.9522   218      216.0000      333.3847   728841   54.34%
   7827  6407      270.6132   203      216.0000      333.3759   738758   54.34%
   7944  6509      286.8259   195      216.0000      333.3330   748570   54.32%
   8068  6619      302.0870   224      216.0000      333.2633   759381   54.29%
Elapsed time = 58.43 sec. (78280.69 ticks, tree = 7.70 MB, solutions = 12)
   8190  6730      270.8813   180      216.0000      333.2624   768692   54.29%
   8356  6882      328.9698   296      216.0000      333.2106   777825   54.26%
   8458  6979      271.0355   117      216.0000      333.1884   789014   54.25%
   8587  7090      253.1108   145      216.0000      333.1581   800631   54.24%
   8772  7258      329.8170   245      216.0000      333.0010   812892   54.17%
   8894  7370      291.5930   215      216.0000      332.9723   824871   54.15%
   9053  7517      307.4203   218      216.0000      332.9586   835879   54.15%
   9206  7644      309.9053   192      216.0000      332.8835   848146   54.11%
   9337  7764      292.7743   203      216.0000      332.8214   858887   54.08%
   9516  7921      253.5834   104      216.0000      332.7359   870657   54.04%
Elapsed time = 65.63 sec. (87995.01 ticks, tree = 9.11 MB, solutions = 12)
*  9608+ 7990                          219.0000      332.5399            51.84%
*  9608+ 7958                          222.0000      332.5399            49.79%
   9641  7981      314.9309   243      222.0000      332.5169   881370   49.78%
   9783  8106      300.6945   234      222.0000      332.5090   893288   49.78%
   9920  8229      329.0513   265      222.0000      332.4445   905565   49.75%
  10043  8345      296.0000   154      222.0000      332.4132   918968   49.74%
* 10148+ 8313                          228.0000      332.3475            45.77%
  10148  8315      297.6632   227      228.0000      332.3475   928008   45.77%
* 10149+ 8256                          231.0000      332.3475            43.87%
* 10149+ 8182                          234.0000      332.3475            42.03%
* 10149+ 8074                          237.0000      332.3475            40.23%
* 10149+ 7955                          240.0000      332.3475            38.48%
  10149  7957      328.9673   284      240.0000      332.2764   928647   38.45%
  10150  7958      331.8938   297      240.0000      332.2676   928811   38.44%
  10301  8098      273.1614   178      240.0000      332.2420   940838   38.43%
  10460  8238      304.6175   187      240.0000      332.1900   952607   38.41%
  10916  8659      296.2250   218      240.0000      332.0873   993585   38.37%
Elapsed time = 84.60 sec. (110141.19 ticks, tree = 10.17 MB, solutions = 19)
  11389  9086      277.0648   200      240.0000      331.8671  1035563   38.28%
  11794  9453      308.4315   201      240.0000      331.6952  1074553   38.21%
  12290  9894      309.9774   224      240.0000      331.6038  1119203   38.17%
  12898 10468      267.4929   175      240.0000      331.4201  1165998   38.09%
  13503 11024      297.3352   163      240.0000      331.2335  1215951   38.01%
  13962 11439      316.5067   220      240.0000      331.1460  1261430   37.98%
  14434 11874      309.7425   225      240.0000      331.0734  1307845   37.95%
  14837 12245      294.1270   208      240.0000      330.9965  1348238   37.92%
  15303 12669      277.8281   149      240.0000      330.9447  1389294   37.89%
  15801 13122      329.8598   289      240.0000      330.8600  1432228   37.86%
Elapsed time = 113.07 sec. (148385.06 ticks, tree = 15.03 MB, solutions = 19)
  16308 13588      319.6026   238      240.0000      330.8276  1476135   37.84%
  16797 14039      304.3645   210      240.0000      330.7523  1521477   37.81%
  17295 14494      322.2879   277      240.0000      330.6060  1566201   37.75%
  17782 14935      322.3403   241      240.0000      330.5127  1614519   37.71%
  18266 15379      281.4739   158      240.0000      330.4509  1660972   37.69%
  18663 15739      318.5523   213      240.0000      330.3323  1703826   37.64%
  19070 16108      284.2919   196      240.0000      330.2806  1742362   37.62%
  19492 16478      301.3450   173      240.0000      330.2292  1783364   37.60%
  19878 16820      318.8567   221      240.0000      330.1983  1824629   37.58%

Performing restart 2

Repeating presolve.
Tried aggregator 1 time.
MIP Presolve eliminated 107 rows and 0 columns.
Reduced MIP has 1192 rows, 1543 columns, and 11769 nonzeros.
Reduced MIP has 1177 binaries, 317 generals, 0 SOSs, and 0 indicators.
Presolve time = 0.01 sec. (6.24 ticks)
Tried aggregator 1 time.
Reduced MIP has 1192 rows, 1543 columns, and 11769 nonzeros.
Reduced MIP has 1177 binaries, 317 generals, 0 SOSs, and 0 indicators.
Presolve time = 0.01 sec. (6.87 ticks)
Represolve time = 0.09 sec. (69.88 ticks)
  19910     0      345.5504   370      240.0000      Cuts: 57  1831882   37.58%
  19910     0      345.4797   370      240.0000     Cuts: 138  1832228   37.58%
  19910     0      345.3772   370      240.0000     Cuts: 209  1832464   37.58%
  19910     0      345.3345   370      240.0000     Cuts: 222  1833007   37.58%
  19910     0      345.2401   370      240.0000     Cuts: 176  1833624   37.58%
  19910     0      344.9068   370      240.0000     Cuts: 287  1833988   37.58%
  19910     0      344.8038   370      240.0000     Cuts: 236  1834297   37.58%
  19910     0      344.7069   370      240.0000     Cuts: 321  1834480   37.58%
  19910     2      344.7069   314      240.0000      330.1983  1834480   37.58%
Elapsed time = 142.38 sec. (186823.72 ticks, tree = 0.01 MB, solutions = 19)
  20007    93      340.9928   262      240.0000      330.1983  1849246   37.58%
  20169   221      318.0421   229      240.0000      330.1983  1864016   37.58%
  20391   402      336.8447   274      240.0000      330.1983  1885843   37.58%
  20735   685      301.3089   200      240.0000      330.1983  1923590   37.58%
  21159  1052      276.5230   154      240.0000      330.1983  1959094   37.58%
  21581  1404      266.4037   130      240.0000      330.1983  2000235   37.58%
  21931  1706      277.1962   140      240.0000      330.1983  2043653   37.58%
  22438  2136      275.7896   161      240.0000      330.1983  2092178   37.58%
  22916  2547      332.3418   271      240.0000      330.1983  2138497   37.58%
  23171  2758      332.5958   267      240.0000      330.1983  2172583   37.58%
Elapsed time = 170.23 sec. (225219.88 ticks, tree = 3.08 MB, solutions = 19)
  23558  3087      318.1516   245      240.0000      330.1983  2217859   37.58%
  23876  3369      267.3951   109      240.0000      330.1983  2253625   37.58%
  24261  3707      300.3731   215      240.0000      330.1983  2297798   37.58%
  24685  4091      314.4822   240      240.0000      330.1983  2334142   37.58%
  25081  4440      322.0726   218      240.0000      330.1983  2375736   37.58%
  25542  4843      246.7090   153      240.0000      330.1983  2421689   37.58%
  25878  5135      325.3405   250      240.0000      330.1983  2460012   37.58%
  26281  5491      316.5715   213      240.0000      330.1983  2506141   37.58%
  26665  5838      303.3931   153      240.0000      330.1983  2547975   37.58%
  27047  6183      312.7404   210      240.0000      330.1983  2585286   37.58%
Elapsed time = 199.28 sec. (263517.26 ticks, tree = 6.79 MB, solutions = 19)
  27428  6524      283.9534   171      240.0000      330.1983  2630080   37.58%
  27841  6879      324.3949   248      240.0000      330.1983  2674415   37.58%
  28211  7210      262.5000   113      240.0000      330.1983  2713882   37.58%
  28611  7556      301.9581   218      240.0000      330.1983  2760922   37.58%
  28963  7865    infeasible            240.0000      330.1983  2804870   37.58%
  29314  8177      285.0562   159      240.0000      330.1983  2843128   37.58%
  29617  8441      306.0667   188      240.0000      330.1558  2880211   37.56%
  30027  8805      325.8281   244      240.0000      329.9620  2928549   37.48%
  30329  9061      300.8554   189      240.0000      329.8872  2971247   37.45%
  30615  9305      256.8679   102      240.0000      329.8536  3011195   37.44%
Elapsed time = 228.39 sec. (301985.75 ticks, tree = 11.49 MB, solutions = 19)
  30987  9606      257.9000   122      240.0000      329.7608  3053450   37.40%
  31410  9980      269.6130   123      240.0000      329.4686  3099253   37.28%
  31703 10226      289.0661   198      240.0000      329.3371  3140296   37.22%
  32037 10523      284.6214   201      240.0000      329.2155  3180684   37.17%
  32450 10883      329.1144   280      240.0000      329.1539  3226664   37.15%
  32853 11237      274.7584   161      240.0000      328.9861  3273148   37.08%
  33169 11504      303.2100   247      240.0000      328.9188  3312844   37.05%
  33447 11734      328.6732   281      240.0000      328.8480  3353548   37.02%
  33843 12078      283.5824   183      240.0000      328.6647  3399651   36.94%
  34184 12381      296.8713   202      240.0000      328.5538  3446422   36.90%
Elapsed time = 257.60 sec. (340281.14 ticks, tree = 14.80 MB, solutions = 19)
  34514 12676      326.4500   260      240.0000      328.4161  3486798   36.84%
  34811 12939      319.0452   272      240.0000      328.3108  3527601   36.80%
  35164 13257      253.7823   130      240.0000      328.1570  3574233   36.73%
  35512 13561      317.2305   256      240.0000      327.9726  3620387   36.66%
Starting limited solution polishing.
  35841 13848      315.7481   215      240.0000      327.8265  3663045   36.59%
  36120 14093      274.6797   174      240.0000      327.7717  3700080   36.57%
  36468 14407      273.5677   183      240.0000      327.6577  3741433   36.52%
  36816 14711      266.9851    84      240.0000      327.5908  3788815   36.50%
  37139 14993      268.3750   131      240.0000      327.5298  3829499   36.47%
* 37310+15105                          243.0000      327.5006            34.77%
  37410 15196      303.9778   156      243.0000      327.4806  3863052   34.77%
Elapsed time = 287.45 sec. (378786.36 ticks, tree = 17.95 MB, solutions = 20)
  37610 15370      300.7525   182      243.0000      327.4250  3886971   34.74%
  37849 15569      257.0000    82      243.0000      327.3652  3908949   34.72%
  38053 15740      296.5907   208      243.0000      327.2768  3936674   34.68%
  38310 15962      253.1250    90      243.0000      327.1948  3969658   34.65%

GUB cover cuts applied:  45
Clique cuts applied:  62
Cover cuts applied:  57
Implied bound cuts applied:  236
Flow cuts applied:  42
Mixed integer rounding cuts applied:  234
Zero-half cuts applied:  114
Lift and project cuts applied:  49
Gomory fractional cuts applied:  10

Root node processing (before b&c):
  Real time             =    1.42 sec. (1651.08 ticks)
Sequential b&c:
  Real time             =  298.58 sec. (392828.29 ticks)
                          ------------
Total (root+branch&cut) =  300.00 sec. (394479.36 ticks)

Solution pool: 21 solutions saved.

MIP - Time limit exceeded, integer feasible:  Objective =  2.4300000000e+02
Current MIP best bound =  3.2716797319e+02 (gap = 84.168, 34.64%)
Solution time =  300.00 sec.  Iterations = 3971376  Nodes = 38322 (15965)
Deterministic time = 394479.37 ticks  (1314.93 ticks/sec)


Incumbent solution
Variable Name           Solution Value
F                           243.000000
y177                          1.000000
y186                          1.000000
y216                          1.000000
y232                          1.000000
y146                          1.000000
y214                          1.000000
y62                           1.000000
y159                          1.000000
y108                          1.000000
y24                           1.000000
y251                          1.000000
y301                          1.000000
y156                          1.000000
y127                          1.000000
y172                          1.000000
y200                          1.000000
y46                           1.000000
y140                          1.000000
y274                          1.000000
y148                          1.000000
y98                           1.000000
y165                          1.000000
x217x274x1                    2.000000
x28x251x1                     2.000000
x282x301x1                    1.000000
x282x140x1                    1.000000
x75x140x1                     1.000000
x141x216x1                    1.000000
x1x216x1                      1.000000
x142x127x2                    2.000000
x23x24x2                      1.000000
x13x156x2                     1.000000
x13x172x2                     1.000000
x141x62x2                     1.000000
x1x177x2                      1.000000
x147x186x2                    2.000000
x258x214x3                    2.000000
x276x232x3                    2.000000
x23x108x3                     1.000000
x75x200x3                     1.000000
x135x177x3                    1.000000
x93x146x3                     2.000000
x177x172x2                    1.000000
x177x301x3                    1.000000
x186x24x2                     1.000000
x186x156x2                    1.000000
x216x62x1                     1.000000
x216x108x1                    1.000000
x232x46x3                     2.000000
x146x159x3                    2.000000
x214x148x3                    2.000000
x62x0x1                       1.000000
x62x0x2                       1.000000
x159x0x3                      2.000000
x108x0x1                      1.000000
x108x0x3                      1.000000
x24x0x2                       2.000000
x251x200x1                    1.000000
x251x98x1                     1.000000
x301x0x1                      1.000000
x301x0x3                      1.000000
x156x0x2                      2.000000
x127x0x2                      1.000000
x127x98x2                     1.000000
x172x0x2                      2.000000
x200x0x1                      1.000000
x200x0x3                      1.000000
x46x0x3                       2.000000
x140x0x1                      2.000000
x274x165x1                    2.000000
x148x0x3                      2.000000
x98x0x1                       1.000000
x98x0x2                       1.000000
x165x0x1                      2.000000
s258                          6.754004
s38                           6.980000
s43                           6.990000
s195                          7.000000
s39                           7.020000
s192                          8.005035
s232                          8.046598
s146                          7.193377
s214                          8.103261
z258z214z3                    1.000000
s159                          8.287658
s45                           7.410000
s158                          7.500000
s64                           8.530000
s209                          8.550000
s108                          8.570000
s279                          7.670000
s2                            7.760000
s176                          7.970000
s301                          8.903578
s205                          9.180000
s223                          9.370000
s200                          9.380000
s46                           9.390000
z258z46z3                     1.000000
s148                          9.440000
z258z148z3                    1.000000
s217                          6.861743
s285                          7.030000
s216                          7.156207
s213                          8.150000
z217z213z1                    1.000000
s250                          7.905495
s62                           8.350000
s27                           8.210152
z217z27z1                     1.000000
s251                          8.232920
s6                            8.259544
s52                           8.220000
s161                          9.280000
z217z161z1                    1.000000
s95                           8.290000
s140                          9.400000
z217z140z1                    1.000000
s274                          8.450572
z217z274z1                    1.000000
s98                           9.460000
s228                          9.460000
z217z228z1                    1.000000
s165                          9.470000
z217z165z1                    1.000000
s142                          6.816610
s186                          7.277585
s166                          7.493227
s227                          7.170000
s118                          8.007585
z142z118z2                    1.000000
s44                           7.430000
s11                           8.700000
z142z11z2                     1.000000
s24                           8.940000
z142z24z2                     1.000000
s81                           7.940000
s254                          8.000000
s54                           9.120000
z142z54z2                     1.000000
s156                          9.140000
s153                          8.200000
s127                          8.417836
z142z127z2                    1.000000
s172                          9.310000
z142z172z2                    1.000000
s28                           6.714772
s218                          7.913909
z28z213z1                     1.000000
z28z250z1                     1.000000
z28z251z1                     1.000000
z28z6z1                       1.000000
z28z161z1                     1.000000
z28z140z1                     1.000000
z28z274z1                     1.000000
z28z228z1                     1.000000
z28z165z1                     1.000000
s276                          6.973498
z276z232z3                    1.000000
z276z46z3                     1.000000
z276z148z3                    1.000000
s282                          7.571293
z282z301z1                    1.000000
z282z161z1                    1.000000
z282z140z1                    1.000000
z282z228z1                    1.000000
z282z165z1                    1.000000
s23                           7.045735
z23z108z3                     1.000000
z23z24z2                      1.000000
z23z54z2                      1.000000
z23z46z3                      1.000000
z23z148z3                     1.000000
s13                           7.588071
z13z54z2                      1.000000
z13z156z2                     1.000000
z13z172z2                     1.000000
s75                           7.413168
z75z161z1                     1.000000
z75z200z3                     1.000000
z75z46z3                      1.000000
z75z140z1                     1.000000
z75z148z3                     1.000000
z75z228z1                     1.000000
z75z165z1                     1.000000
s135                          5.993930
s281                          7.501888
s177                          7.513999
z135z177z3                    1.000000
z135z2z3                      1.000000
z135z46z3                     1.000000
z135z148z3                    1.000000
s141                          5.640000
s71                           6.880000
s91                           7.257212
s59                           6.990000
s244                          6.990000
z141z216z1                    1.000000
z141z166z2                    1.000000
z141z213z1                    1.000000
z141z250z1                    1.000000
z141z118z2                    1.000000
z141z62z2                     1.000000
z141z44z2                     1.000000
z141z11z2                     1.000000
z141z27z1                     1.000000
z141z24z2                     1.000000
z141z81z2                     1.000000
z141z254z2                    1.000000
z141z54z2                     1.000000
z141z251z1                    1.000000
z141z156z2                    1.000000
z141z6z1                      1.000000
z141z153z2                    1.000000
z141z52z1                     1.000000
z141z127z2                    1.000000
z141z161z1                    1.000000
z141z172z2                    1.000000
z141z140z1                    1.000000
z141z274z1                    1.000000
z141z228z1                    1.000000
z141z165z1                    1.000000
s93                           5.680000
z93z146z3                     1.000000
z93z214z3                     1.000000
z93z159z3                     1.000000
z93z64z3                      1.000000
z93z279z3                     1.000000
z93z2z3                       1.000000
z93z46z3                      1.000000
z93z148z3                     1.000000
s1                            5.780000
z1z177z2                      1.000000
z1z216z1                      1.000000
z1z250z1                      1.000000
z1z118z2                      1.000000
z1z44z2                       1.000000
z1z11z2                       1.000000
z1z27z1                       1.000000
z1z24z2                       1.000000
z1z81z2                       1.000000
z1z254z2                      1.000000
z1z54z2                       1.000000
z1z251z1                      1.000000
z1z156z2                      1.000000
z1z6z1                        1.000000
z1z153z2                      1.000000
z1z52z1                       1.000000
z1z127z2                      1.000000
z1z161z1                      1.000000
z1z172z2                      1.000000
z1z140z1                      1.000000
z1z274z1                      1.000000
z1z228z1                      1.000000
z1z165z1                      1.000000
s147                          5.890000
z147z186z2                    1.000000
z147z118z2                    1.000000
z147z44z2                     1.000000
z147z11z2                     1.000000
z147z24z2                     1.000000
z147z81z2                     1.000000
z147z254z2                    1.000000
z147z54z2                     1.000000
z147z156z2                    1.000000
z147z153z2                    1.000000
z147z127z2                    1.000000
z147z172z2                    1.000000
z71z54z2                      1.000000
z281z46z3                     1.000000
z281z140z1                    1.000000
z281z148z3                    1.000000
z281z228z1                    1.000000
z281z165z1                    1.000000
z177z301z3                    1.000000
z177z172z2                    1.000000
z177z46z3                     1.000000
z177z148z3                    1.000000
z91z54z2                      1.000000
z38z148z3                     1.000000
z186z24z2                     1.000000
z186z54z2                     1.000000
z186z156z2                    1.000000
z43z46z3                      1.000000
z43z148z3                     1.000000
z59z161z1                     1.000000
z59z140z1                     1.000000
z59z228z1                     1.000000
z59z165z1                     1.000000
z244z140z1                    1.000000
z244z228z1                    1.000000
z244z165z1                    1.000000
z195z148z3                    1.000000
z195z228z1                    1.000000
z218z140z1                    1.000000
z218z228z1                    1.000000
z218z165z1                    1.000000
z39z46z3                      1.000000
z39z165z1                     1.000000
z192z46z3                     1.000000
z192z148z3                    1.000000
z285z228z1                    1.000000
z216z62z1                     1.000000
z216z108z1                    1.000000
z216z161z1                    1.000000
z216z140z1                    1.000000
z216z228z1                    1.000000
z232z46z3                     1.000000
z166z11z2                     1.000000
z146z159z3                    1.000000
z146z64z3                     1.000000
z213z228z1                    1.000000
z250z228z1                    1.000000
z214z148z3                    1.000000
z251z200z1                    1.000000
z251z140z1                    1.000000
z251z98z1                     1.000000
z127z98z2                     1.000000
z274z165z1                    1.000000
All other variables in the range 1-2627 are 0.
