
Log started (V12.10.0.0) Fri Apr  2 18:01:04 2021

Warning, line 1837: Name 's23' does not exist.
Warning, line 1838: Name 's177' does not exist.
Warning, line 1839: Name 's79' does not exist.
Warning, line 1840: Name 's89' does not exist.

Problem 'asset.lp' read.
Read time = 0.00 sec. (0.15 ticks)
New value for default parallel thread count: 1
New value for time limit in seconds: 300
Version identifier: 12.10.0.0 | 2019-11-26 | 843d4de
CPXPARAM_Threads                                 1
CPXPARAM_TimeLimit                               300
Found incumbent of value 0.000000 after 0.00 sec. (0.05 ticks)
Tried aggregator 5 times.
MIP Presolve eliminated 935 rows and 823 columns.
MIP Presolve modified 1757 coefficients.
Aggregator did 240 substitutions.
Reduced MIP has 282 rows, 344 columns, and 1184 nonzeros.
Reduced MIP has 256 binaries, 74 generals, 0 SOSs, and 0 indicators.
Presolve time = 0.01 sec. (5.60 ticks)
Probing fixed 68 vars, tightened 14 bounds.
Probing time = 0.00 sec. (0.72 ticks)
Cover probing fixed 0 vars, tightened 24 bounds.
Tried aggregator 3 times.
MIP Presolve eliminated 187 rows and 139 columns.
MIP Presolve modified 69 coefficients.
Aggregator did 5 substitutions.
Reduced MIP has 90 rows, 194 columns, and 446 nonzeros.
Reduced MIP has 143 binaries, 49 generals, 0 SOSs, and 0 indicators.
Presolve time = 0.00 sec. (1.26 ticks)
Probing time = 0.00 sec. (0.33 ticks)
Tried aggregator 1 time.
Detecting symmetries...
Reduced MIP has 90 rows, 194 columns, and 446 nonzeros.
Reduced MIP has 143 binaries, 49 generals, 0 SOSs, and 0 indicators.
Presolve time = 0.00 sec. (0.35 ticks)
Probing time = 0.00 sec. (0.33 ticks)
Clique table members: 429.
MIP emphasis: balance optimality and feasibility.
MIP search method: dynamic search.
Parallel mode: none, using 1 thread.
Root relaxation solution time = 0.00 sec. (0.51 ticks)

        Nodes                                         Cuts/
   Node  Left     Objective  IInf  Best Integer    Best Bound    ItCnt     Gap

*     0+    0                            8.0000      154.0000              --- 
      0     0       75.5690    17        8.0000       75.5690       67  844.61%
*     0+    0                           40.0000       75.5690            88.92%
      0     0       69.7525    17       40.0000      Cuts: 32       89   74.38%
*     0+    0                           56.0000       69.7525            24.56%
      0     0       66.9575    17       56.0000      Cuts: 27      111   19.57%
      0     0       64.4062    17       56.0000      Cuts: 17      131   15.01%
      0     0       64.2427    17       56.0000      Cuts: 13      142   14.72%
      0     0       64.0000    17       56.0000       Cuts: 8      147   14.29%
      0     0       64.0000    17       56.0000      Cuts: 12      150   14.29%
      0     0       64.0000    17       56.0000       Cuts: 7      156   14.29%
*     0+    0                           58.0000       64.0000            10.34%
      0     2       64.0000    14       58.0000       64.0000      156   10.34%
Elapsed time = 0.04 sec. (19.01 ticks, tree = 0.01 MB, solutions = 4)
*    10     8      integral     0       60.0000       63.7617      251    6.27%

Clique cuts applied:  1
Cover cuts applied:  1
Implied bound cuts applied:  9
Flow cuts applied:  1
Mixed integer rounding cuts applied:  2
Zero-half cuts applied:  5
Gomory fractional cuts applied:  2

Root node processing (before b&c):
  Real time             =    0.04 sec. (19.09 ticks)
Sequential b&c:
  Real time             =    0.00 sec. (2.71 ticks)
                          ------------
Total (root+branch&cut) =    0.04 sec. (21.80 ticks)

Solution pool: 6 solutions saved.

MIP - Integer optimal solution:  Objective =  6.0000000000e+01
Solution time =    0.04 sec.  Iterations = 319  Nodes = 28
Deterministic time = 21.80 ticks  (546.73 ticks/sec)


Incumbent solution
Variable Name           Solution Value
F                            60.000000
y159                          1.000000
y75                           1.000000
y214                          1.000000
y186                          1.000000
y38                           1.000000
y165                          1.000000
y285                          1.000000
y213                          1.000000
y216                          1.000000
x218x213x1                    2.000000
x250x216x1                    2.000000
x259x285x1                    1.000000
x281x165x1                    1.000000
x217x75x1                     1.000000
x217x165x1                    1.000000
x283x285x2                    1.000000
x142x186x2                    2.000000
x258x38x3                     2.000000
x281x75x3                     1.000000
x93x159x3                     2.000000
x159x214x3                    2.000000
x75x0x1                       1.000000
x75x0x3                       1.000000
x214x0x3                      2.000000
x186x0x2                      2.000000
x38x0x3                       2.000000
x165x0x1                      2.000000
x285x0x1                      1.000000
x285x0x2                      1.000000
x213x0x1                      2.000000
x216x0x1                      2.000000
s258                          7.902286
s38                           9.210000
z258z38z3                     1.000000
s195                          9.280000
s279                          9.380000
z258z279z3                    1.000000
s218                          7.991416
s62                           9.300000
s210                          9.330000
z218z210z1                    1.000000
s285                          9.350000
s213                          9.360000
z218z213z1                    1.000000
s216                          9.390000
z218z216z1                    1.000000
s250                          8.008650
z250z210z1                    1.000000
z250z213z1                    1.000000
z250z216z1                    1.000000
s283                          8.111082
z283z285z2                    1.000000
s259                          7.269879
s275                          7.400000
s244                          7.580000
s125                          7.620000
s282                          7.620000
s75                           8.909592
s97                           7.960000
s176                          9.090000
s167                          9.140000
s59                           9.160000
s158                          9.160000
s301                          9.170000
s95                           8.180000
s200                          9.190000
s274                          9.210000
s251                          9.220000
s165                          9.230000
s52                           9.240000
s98                           8.250000
s108                          9.250000
s236                          9.290000
s6                            9.310000
z259z6z1                      1.000000
z259z210z1                    1.000000
s223                          9.340000
z259z285z1                    1.000000
z259z213z1                    1.000000
z259z216z1                    1.000000
s222                          8.115492
s281                          7.733065
z281z75z3                     1.000000
s214                          8.919555
s64                           8.215609
z281z165z1                    1.000000
s2                            9.300000
z281z6z1                      1.000000
z281z210z1                    1.000000
z281z213z1                    1.000000
z281z279z3                    1.000000
z281z216z1                    1.000000
s46                           9.400000
z281z46z3                     1.000000
s142                          7.868568
s71                           8.040000
s91                           9.170000
z142z91z2                     1.000000
s186                          9.180000
z142z186z2                    1.000000
s217                          7.503060
z217z75z1                     1.000000
z217z59z1                     1.000000
z217z274z1                    1.000000
z217z251z1                    1.000000
z217z165z1                    1.000000
z217z52z1                     1.000000
z217z236z1                    1.000000
z217z6z1                      1.000000
z217z210z1                    1.000000
z217z213z1                    1.000000
z217z216z1                    1.000000
s93                           5.680000
s183                          7.420000
s205                          7.570000
s159                          7.670000
z93z159z3                     1.000000
s102                          7.710000
z93z102z3                     1.000000
s192                          7.810000
s280                          7.820000
z93z214z3                     1.000000
z93z64z3                      1.000000
z93z38z3                      1.000000
z93z2z3                       1.000000
z93z279z3                     1.000000
z93z46z3                      1.000000
s3                            7.550000
s81                           8.090000
s127                          8.090000
s254                          8.170000
s172                          8.210000
s153                          8.220000
s156                          9.260000
s138                          9.360000
s11                           7.620000
z282z6z1                      1.000000
z282z210z1                    1.000000
z282z213z1                    1.000000
z282z216z1                    1.000000
z159z214z3                    1.000000
z159z38z3                     1.000000
z159z2z3                      1.000000
z159z279z3                    1.000000
z159z46z3                     1.000000
z102z38z3                     1.000000
z102z2z3                      1.000000
z102z279z3                    1.000000
z102z46z3                     1.000000
z64z46z3                      1.000000
All other variables in the range 1-1414 are 0.
