
Log started (V12.10.0.0) Mon Apr  5 23:41:50 2021


Problem 'asset.lp' read.
Read time = 0.02 sec. (1.54 ticks)
New value for default parallel thread count: 1
New value for time limit in seconds: 150
Version identifier: 12.10.0.0 | 2019-11-26 | 843d4de
CPXPARAM_Threads                                 1
CPXPARAM_TimeLimit                               150
Found incumbent of value -0.756513 after 0.00 sec. (0.68 ticks)
Tried aggregator 5 times.
MIP Presolve eliminated 2694 rows and 979 columns.
MIP Presolve modified 10703 coefficients.
Aggregator did 5049 substitutions.
Reduced MIP has 5320 rows, 6886 columns, and 32143 nonzeros.
Reduced MIP has 6034 binaries, 719 generals, 0 SOSs, and 0 indicators.
Presolve time = 0.08 sec. (83.53 ticks)
Probing fixed 33 vars, tightened 8 bounds.
Probing time = 0.06 sec. (40.42 ticks)
Tried aggregator 3 times.
Detecting symmetries...
MIP Presolve eliminated 254 rows and 87 columns.
MIP Presolve modified 819 coefficients.
Aggregator did 4 substitutions.
Reduced MIP has 5062 rows, 6795 columns, and 30239 nonzeros.
Reduced MIP has 5958 binaries, 710 generals, 0 SOSs, and 0 indicators.
Presolve time = 0.05 sec. (55.16 ticks)
Probing time = 0.01 sec. (4.17 ticks)
Clique table members: 18308.
MIP emphasis: balance optimality and feasibility.
MIP search method: dynamic search.
Parallel mode: none, using 1 thread.
Root relaxation solution time = 0.07 sec. (78.56 ticks)

        Nodes                                         Cuts/
   Node  Left     Objective  IInf  Best Integer    Best Bound    ItCnt     Gap

*     0+    0                           -0.7565     2996.4683              --- 
      0     0     2957.4118   678       -0.7565     2957.4118     1897     --- 
      0     0     2917.4982   678       -0.7565    Cuts: 1365     4178     --- 
      0     0     2895.3045   678       -0.7565    Cuts: 1365     7203     --- 
      0     0     2870.4782   678       -0.7565    Cuts: 1365     8765     --- 
*     0+    0                          266.3454     2870.4782           977.73%
*     0+    0                          395.7589     2870.4782           625.31%
      0     0        cutoff            395.7589     2870.4782     8765  625.31%
      0     0     2865.2748   678      395.7589    Cuts: 1365    10289  624.00%
      0     0     2863.3101   678      395.7589    Cuts: 1339    11866  623.50%
Detecting symmetries...
      0     0     2861.7777   678      395.7589    Cuts: 1067    13023  623.11%
*     0+    0                         1261.8404     2861.7777           126.79%
*     0+    0                         1261.8413     2861.7777           126.79%
      0     0        cutoff           1261.8413     2861.7777    13023  126.79%
      0     0     2860.7327   678     1261.8413     Cuts: 947    13700  126.71%
      0     0     2859.2473   678     1261.8413     Cuts: 783    14250  126.59%
      0     0     2858.8708   678     1261.8413     Cuts: 631    14701  126.56%
      0     0     2858.7196   678     1261.8413     Cuts: 652    15347  126.55%
      0     0     2858.2060   678     1261.8413     Cuts: 540    16192  126.51%
      0     0     2857.6339   678     1261.8413     Cuts: 833    16820  126.47%
      0     0     2857.2175   678     1261.8413     Cuts: 590    17546  126.43%
      0     0     2856.6019   678     1261.8413     Cuts: 589    17904  126.38%
      0     0     2856.5864   678     1261.8413     Cuts: 309    18171  126.38%
Detecting symmetries...
      0     2     2856.5864   916     1261.8413     2856.5113    18171  126.38%
Elapsed time = 10.27 sec. (13202.71 ticks, tree = 0.01 MB, solutions = 4)
      3     5     2852.2761   881     1261.8413     2856.4755    21736  126.37%
      7     9     2856.3243   879     1261.8413     2856.3270    22478  126.36%
     13    15     2856.3173   872     1261.8413     2856.3270    23762  126.36%
     15    17     2856.3192   843     1261.8413     2856.3270    24844  126.36%
     17    19     2856.0500   872     1261.8413     2856.3270    28251  126.36%
     19    21     2856.3140   895     1261.8413     2856.3270    29464  126.36%
     25    27     2837.2732   809     1261.8413     2856.3270    31545  126.36%
     27    29     2856.3070   858     1261.8413     2856.3270    32276  126.36%
     29    31     2854.2474   899     1261.8413     2856.3270    34893  126.36%
     34    36     2855.6335   878     1261.8413     2856.3270    39213  126.36%
Elapsed time = 14.42 sec. (18878.57 ticks, tree = 0.54 MB, solutions = 4)
     39    41     2850.0900   792     1261.8413     2856.3270    44023  126.36%
     53    55     2848.8436   785     1261.8413     2856.3270    47712  126.36%
     75    77     2788.1924   699     1261.8413     2856.3270    53886  126.36%
     80    82     2809.0003   729     1261.8413     2856.3270    55343  126.36%
     90    84     2856.2127   900     1261.8413     2856.3268    59591  126.36%
     98    92     2828.3678   803     1261.8413     2856.3268    62714  126.36%
    109   103     2856.1955   883     1261.8413     2856.3268    67402  126.36%
    113   107     2856.0402   882     1261.8413     2856.3268    70420  126.36%
    117   111     2854.8837   894     1261.8413     2856.3268    77320  126.36%
    119   113     2856.0962   881     1261.8413     2856.3268    81442  126.36%
Elapsed time = 23.12 sec. (30204.11 ticks, tree = 1.51 MB, solutions = 4)
    120   114     2855.9712   891     1261.8413     2856.3268    81736  126.36%
    125   119     2853.8200   816     1261.8413     2856.3268    86498  126.36%
    134   128     2852.4536   842     1261.8413     2856.3268    90802  126.36%
    139   133     2841.5278   795     1261.8413     2856.3268    95715  126.36%
    154   148     2833.2633   813     1261.8413     2856.3268   101105  126.36%
    160   154     2823.2087   803     1261.8413     2856.3268   103366  126.36%
    177   171     2790.5338   709     1261.8413     2856.3268   109842  126.36%
    191   185     2785.8872   670     1261.8413     2856.3268   116352  126.36%
    205   199     2773.5387   657     1261.8413     2856.3268   122320  126.36%
    220   212     2738.8928   606     1261.8413     2856.3268   128841  126.36%
Elapsed time = 31.28 sec. (41456.51 ticks, tree = 1.90 MB, solutions = 4)
    238   222     2707.7199   629     1261.8413     2856.3268   134952  126.36%
    256   240     2682.4379   622     1261.8413     2856.3268   141360  126.36%
    306   274     2569.1065   492     1261.8413     2856.3268   148393  126.36%
    329   293     2516.6608   428     1261.8413     2856.3268   156037  126.36%
    360   320     2523.9057   402     1261.8413     2856.3268   162021  126.36%
    404   344     2461.2484   389     1261.8413     2856.3268   169226  126.36%
    453   377     2372.6862   298     1261.8413     2856.3268   176435  126.36%
    593   457     2110.0665   204     1261.8413     2856.3268   183480  126.36%
    713   545     2856.0408   928     1261.8413     2856.3242   189102  126.36%
    736   568     2855.8683   917     1261.8413     2856.3241   192946  126.36%
Elapsed time = 38.70 sec. (51716.05 ticks, tree = 3.28 MB, solutions = 4)
    789   621     2851.7652   792     1261.8413     2856.3241   196947  126.36%
    800   632     2849.3900   799     1261.8413     2856.3241   201618  126.36%
    813   645     2855.5094   917     1261.8413     2856.3235   207955  126.36%
    817   649     2849.8535   857     1261.8413     2856.3235   213099  126.36%
    824   656     2847.1910   806     1261.8413     2856.3235   217450  126.36%
    826   658     2812.5188   774     1261.8413     2856.3235   223974  126.36%
    834   666     2846.4235   815     1261.8413     2856.3235   229067  126.36%
    838   670     2841.2447   809     1261.8413     2856.3235   235263  126.36%
    843   675     2839.0502   812     1261.8413     2856.3235   242065  126.36%
    851   683     2820.3887   760     1261.8413     2856.3235   248925  126.36%
Elapsed time = 47.96 sec. (64711.30 ticks, tree = 3.58 MB, solutions = 4)
    858   690     2840.9987   790     1261.8413     2856.3235   253800  126.36%
    861   693     2839.0668   789     1261.8413     2856.3235   259008  126.36%
    872   704     2836.6442   766     1261.8413     2856.3235   264732  126.36%
    879   711     2779.8426   714     1261.8413     2856.3235   271984  126.36%
    880   712     2832.7241   733     1261.8413     2856.3235   273162  126.36%
    889   721     2775.0516   699     1261.8413     2856.3235   279049  126.36%
    898   730     2811.5143   737     1261.8413     2856.3235   285248  126.36%
    909   741     2817.0254   746     1261.8413     2856.3235   291632  126.36%
    918   750     2802.1155   749     1261.8413     2856.3235   298008  126.36%
    942   772     2773.3105   713     1261.8413     2856.3235   304112  126.36%
Elapsed time = 55.66 sec. (75696.06 ticks, tree = 3.88 MB, solutions = 4)
    952   782     2679.4454   651     1261.8413     2856.3235   312647  126.36%
    973   803     2636.0977   584     1261.8413     2856.3235   320213  126.36%
   1000   828     2603.2834   543     1261.8413     2856.3235   326948  126.36%

Performing restart 1

Repeating presolve.
Tried aggregator 1 time.
MIP Presolve modified 6013 coefficients.
Reduced MIP has 5062 rows, 6795 columns, and 25804 nonzeros.
Reduced MIP has 5958 binaries, 710 generals, 0 SOSs, and 0 indicators.
Presolve time = 0.02 sec. (20.86 ticks)
Tried aggregator 1 time.
Reduced MIP has 5062 rows, 6795 columns, and 25804 nonzeros.
Reduced MIP has 5958 binaries, 710 generals, 0 SOSs, and 0 indicators.
Presolve time = 0.02 sec. (17.33 ticks)
Represolve time = 0.16 sec. (109.98 ticks)
   1002     0     2800.9305   967     1261.8413    Cuts: 1245   356558  121.97%
   1002     0     2777.7245   967     1261.8413     Cuts: 838   360945  120.13%
   1002     0     2766.2839   967     1261.8413     Cuts: 589   365407  119.23%
*  1002+    0                         1342.8739     2766.2839           106.00%
*  1002+    0                         1410.4402     2766.2839            96.13%
*  1002+    0                         1412.6519     2766.2839            95.82%
   1002     0     2756.9579   967     1412.6519     Cuts: 579   369013   95.16%
   1002     0     2746.7361   967     1412.6519     Cuts: 568   374084   94.44%
   1002     0     2739.1471   967     1412.6519     Cuts: 634   377934   93.90%
*  1002+    0                         1478.7718     2739.1471            85.23%
*  1002+    0                         1478.7719     2739.1471            85.23%
*  1002+    0                         1586.9708     2739.1471            72.60%
*  1002+    0                         1586.9709     2739.1471            72.60%
*  1002+    0                         1595.4714     2739.1471            71.68%
*  1002+    0                         1595.4714     2739.1471            71.68%
   1002     0        cutoff           1595.4714     2739.1471   377934   71.68%
   1002     0     2734.4469   967     1595.4714     Cuts: 593   381745   71.39%
   1002     0     2726.9214   967     1595.4714     Cuts: 575   385676   70.92%
   1002     0     2723.5710   967     1595.4714     Cuts: 845   390038   70.71%
   1002     0     2721.7823   967     1595.4714     Cuts: 471   393531   70.59%
   1002     0     2720.3314   967     1595.4714     Cuts: 443   395513   70.50%
   1002     0     2719.3464   967     1595.4714     Cuts: 440   397013   70.44%
   1002     0     2718.5600   967     1595.4714     Cuts: 486   398579   70.39%
   1002     0     2717.8803   967     1595.4714     Cuts: 315   400369   70.35%
   1002     0     2716.9767   967     1595.4714     Cuts: 359   402257   70.29%
   1002     0     2715.6232   967     1595.4714     Cuts: 334   404061   70.21%
   1002     0     2714.3718   967     1595.4714     Cuts: 375   406661   70.13%
   1002     0     2713.2568   967     1595.4714     Cuts: 334   407836   70.06%
   1002     0     2712.9755   967     1595.4714     Cuts: 312   408579   70.04%
   1002     0     2712.5552   967     1595.4714     Cuts: 274   410042   70.02%
   1002     0     2712.0442   967     1595.4714     Cuts: 283   411193   69.98%
   1002     0     2711.9426   967     1595.4714     Cuts: 278   411841   69.98%
   1002     0     2711.5100   967     1595.4714     Cuts: 166   413475   69.95%
   1002     0     2711.3155   967     1595.4714     Cuts: 345   414738   69.94%
   1002     0     2711.0836   967     1595.4714     Cuts: 250   415454   69.92%
   1002     0     2710.7592   967     1595.4714     Cuts: 284   417141   69.90%

GUB cover cuts applied:  107
Clique cuts applied:  338
Cover cuts applied:  23
Implied bound cuts applied:  162
Flow cuts applied:  26
Mixed integer rounding cuts applied:  395
Zero-half cuts applied:  122
Lift and project cuts applied:  14
Gomory fractional cuts applied:  15

Root node processing (before b&c):
  Real time             =   10.23 sec. (13177.33 ticks)
Sequential b&c:
  Real time             =  139.77 sec. (185526.12 ticks)
                          ------------
Total (root+branch&cut) =  150.00 sec. (198703.45 ticks)

Solution pool: 14 solutions saved.

MIP - Time limit exceeded, integer feasible:  Objective =  1.5954714319e+03
Current MIP best bound =  2.7107591751e+03 (gap = 1115.29, 69.90%)
Solution time =  150.00 sec.  Iterations = 419058  Nodes = 1002 (1)
Deterministic time = 198703.48 ticks  (1324.65 ticks/sec)


Incumbent solution
Variable Name           Solution Value
F                          1800.000000
f1                            0.794131
f2                          203.734437
y9                            1.000000
y12                           1.000000
y16                           1.000000
y17                           1.000000
y21                           1.000000
y23                           1.000000
y25                           1.000000
y31                           1.000000
y37                           1.000000
y44                           1.000000
y45                           1.000000
y49                           1.000000
y51                           1.000000
y65                           1.000000
y68                           1.000000
y93                           1.000000
y95                           1.000000
y97                           1.000000
y99                           1.000000
y100                          1.000000
y103                          1.000000
y108                          1.000000
y109                          1.000000
y131                          1.000000
y137                          1.000000
y140                          1.000000
y145                          1.000000
y153                          1.000000
y155                          1.000000
y157                          1.000000
y158                          1.000000
y166                          1.000000
y169                          1.000000
y172                          1.000000
y174                          1.000000
y175                          1.000000
y179                          1.000000
y195                          1.000000
y199                          1.000000
y200                          1.000000
y205                          1.000000
y207                          1.000000
y210                          1.000000
y213                          1.000000
y214                          1.000000
y215                          1.000000
y224                          1.000000
y225                          1.000000
y226                          1.000000
y230                          1.000000
y233                          1.000000
y234                          1.000000
y235                          1.000000
y242                          1.000000
y246                          1.000000
y249                          1.000000
y250                          1.000000
s6                            4.000000
s8                            3.930000
s9                            3.855464
s10                           3.940000
s12                           3.850000
s15                           4.150000
s16                           5.350000
s17                           5.560000
s19                           5.380000
s21                           3.944603
s23                           4.230772
s25                           1.390000
s31                           4.361801
s35                           3.900000
s37                           1.520000
s39                           3.610000
s40                           3.800000
s44                           0.839100
s45                           1.200000
s49                           1.510000
s50                           1.360000
s51                           4.509428
s52                           1.030000
s56                           3.200000
s57                           0.020000
s59                           1.340000
s60                           3.760000
s65                           4.276296
s66                           4.250000
s67                           4.460000
s68                           3.500000
s70                           1.800000
s71                           3.400000
s72                           0.030000
s73                           3.900000
s74                           5.400000
s75                           0.900000
s77                           3.030000
s80                           0.100000
s84                           3.970000
s85                           3.390000
s88                           1.050000
s89                           3.880000
s91                           1.320000
s93                           3.180000
s94                           3.640000
s95                           2.560770
s96                           2.750000
s97                           1.380000
s98                           3.340000
s99                           1.680000
s100                          4.713197
s103                          1.450000
s105                          4.690000
s106                          3.750000
s107                          3.710000
s108                          3.510000
s109                          2.415407
s110                          3.510000
s111                          3.760000
s114                          1.400000
s119                          1.460000
s120                          3.500000
s123                          1.670000
s125                          1.310000
s127                          4.470000
s128                          4.430000
s131                          2.369088
s132                          3.650000
s134                          1.440000
s136                          3.810000
s137                          2.490420
s139                          2.920000
s140                          0.820000
s143                          1.490000
s144                          3.780000
s145                          5.920092
s148                          1.390000
s153                          0.990129
s155                          5.650708
s157                          1.059349
s158                          2.341950
s159                          3.080000
s160                          3.790000
s164                          3.680000
s166                          5.890000
s169                          1.380000
s170                          3.740000
s172                          0.989029
s174                          3.160000
s175                          5.518308
s176                          5.450000
s179                          4.481846
s180                          1.130000
s182                          1.270000
s184                          1.300000
s187                          3.390000
s189                          3.770000
s190                          3.330000
s193                          3.240000
s194                          2.960000
s195                          5.471998
s198                          3.590000
s199                          4.137903
s200                          0.829672
s203                          1.590000
s205                          0.910000
s206                          3.960000
s207                          4.030000
s208                          3.500000
s209                          4.430000
s210                          0.959282
s211                          3.470000
s212                          3.440000
s213                          4.041082
s214                          1.250000
s215                          2.473571
s216                          3.640000
s218                          0.110000
s219                          3.320000
s220                          3.520000
s222                          1.570000
s223                          1.650000
s224                          5.855774
s225                          5.651618
s226                          5.162782
s230                          4.520000
s231                          3.830000
s233                          4.571433
s234                          2.923521
s235                          2.701082
s236                          1.310000
s239                          1.590000
s242                          3.020000
s243                          0.730000
s245                          3.880000
s246                          5.390000
s249                          1.939814
s250                          5.850000
s252                          1.230000
s253                          3.760000
x0x25x1                       1.000000
x0x37x1                       1.000000
x0x45x1                       2.000000
x0x49x1                       1.000000
x0x103x1                      1.000000
x0x140x1                      1.000000
x0x157x1                      2.000000
x0x172x1                      1.000000
x0x210x1                      2.000000
x0x37x2                       1.000000
x0x44x2                       1.000000
x0x49x2                       1.000000
x0x97x2                       1.000000
x0x99x2                       1.000000
x0x153x2                      2.000000
x0x200x2                      1.000000
x0x205x2                      1.000000
x0x214x2                      2.000000
x0x249x2                      1.000000
x0x25x3                       1.000000
x0x44x3                       1.000000
x0x97x3                       1.000000
x0x99x3                       1.000000
x0x103x3                      1.000000
x0x140x3                      1.000000
x0x169x3                      2.000000
x0x172x3                      1.000000
x0x200x3                      1.000000
x0x205x3                      1.000000
x0x215x3                      1.000000
x95x9x2                       2.000000
x9x226x2                      2.000000
x49x12x1                      1.000000
x12x0x1                       1.000000
x44x12x2                      1.000000
x12x155x2                     1.000000
x131x16x1                     1.000000
x16x0x1                       1.000000
x249x16x3                     1.000000
x16x0x3                       1.000000
x210x17x1                     1.000000
x17x0x1                       1.000000
x199x17x3                     1.000000
x17x0x3                       1.000000
x137x21x1                     1.000000
x234x21x1                     1.000000
x21x0x1                       1.000000
x21x195x1                     1.000000
x37x23x2                      1.000000
x23x225x2                     1.000000
x93x23x3                      1.000000
x23x250x3                     1.000000
x25x174x1                     1.000000
x25x93x3                      1.000000
x234x31x1                     1.000000
x31x145x1                     1.000000
x158x31x2                     1.000000
x31x0x2                       1.000000
x37x174x1                     1.000000
x44x235x3                     1.000000
x45x108x1                     1.000000
x45x109x1                     1.000000
x49x242x2                     1.000000
x68x51x2                      1.000000
x51x0x2                       1.000000
x68x51x3                      1.000000
x51x0x3                       1.000000
x137x65x1                     1.000000
x65x0x1                       1.000000
x158x65x2                     1.000000
x65x0x2                       1.000000
x153x68x2                     1.000000
x103x68x3                     1.000000
x99x93x3                      1.000000
x93x179x3                     1.000000
x97x95x2                      1.000000
x214x95x2                     1.000000
x97x215x3                     1.000000
x99x235x2                     1.000000
x108x100x1                    2.000000
x100x0x1                      2.000000
x103x234x1                    1.000000
x172x108x1                    1.000000
x109x213x1                    1.000000
x169x109x3                    1.000000
x109x199x3                    1.000000
x210x131x1                    1.000000
x172x131x3                    1.000000
x131x199x3                    1.000000
x157x137x1                    2.000000
x140x234x1                    1.000000
x140x0x3                      1.000000
x230x145x1                    1.000000
x145x0x1                      2.000000
x153x158x2                    1.000000
x213x155x2                    1.000000
x155x0x2                      2.000000
x214x158x2                    1.000000
x230x166x1                    1.000000
x166x0x1                      1.000000
x242x166x3                    1.000000
x166x0x3                      1.000000
x169x242x3                    1.000000
x174x230x1                    2.000000
x207x175x2                    1.000000
x175x0x2                      1.000000
x199x175x3                    1.000000
x175x0x3                      1.000000
x200x179x3                    1.000000
x179x224x3                    1.000000
x179x250x3                    1.000000
x213x195x1                    1.000000
x195x0x1                      2.000000
x200x207x2                    1.000000
x205x207x2                    1.000000
x205x249x3                    1.000000
x207x224x2                    1.000000
x242x213x2                    1.000000
x215x246x3                    2.000000
x224x0x2                      1.000000
x224x0x3                      1.000000
x249x225x2                    1.000000
x225x0x2                      2.000000
x226x0x2                      2.000000
x235x233x2                    1.000000
x233x0x2                      1.000000
x235x233x3                    1.000000
x233x0x3                      1.000000
x246x0x3                      2.000000
x250x0x3                      2.000000
z0z6z1                        1.000000
z0z9z2                        1.000000
z0z10z2                       1.000000
z0z15z1                       1.000000
z0z21z1                       1.000000
z0z25z1                       1.000000
z0z25z3                       1.000000
z0z37z1                       1.000000
z0z37z2                       1.000000
z0z39z2                       1.000000
z0z44z2                       1.000000
z0z44z3                       1.000000
z0z45z1                       1.000000
z0z49z1                       1.000000
z0z49z2                       1.000000
z0z50z3                       1.000000
z0z52z3                       1.000000
z0z56z2                       1.000000
z0z60z2                       1.000000
z0z73z1                       1.000000
z0z75z3                       1.000000
z0z77z1                       1.000000
z0z85z2                       1.000000
z0z89z2                       1.000000
z0z93z3                       1.000000
z0z94z2                       1.000000
z0z95z2                       1.000000
z0z96z1                       1.000000
z0z97z2                       1.000000
z0z97z3                       1.000000
z0z99z2                       1.000000
z0z99z3                       1.000000
z0z100z1                      1.000000
z0z103z1                      1.000000
z0z103z3                      1.000000
z0z107z1                      1.000000
z0z108z1                      1.000000
z0z125z3                      1.000000
z0z127z1                      1.000000
z0z137z1                      1.000000
z0z139z3                      1.000000
z0z140z1                      1.000000
z0z140z3                      1.000000
z0z145z1                      1.000000
z0z153z2                      1.000000
z0z155z2                      1.000000
z0z157z1                      1.000000
z0z158z2                      1.000000
z0z160z3                      1.000000
z0z169z3                      1.000000
z0z170z1                      1.000000
z0z172z1                      1.000000
z0z172z3                      1.000000
z0z174z1                      1.000000
z0z176z3                      1.000000
z0z179z3                      1.000000
z0z182z3                      1.000000
z0z187z2                      1.000000
z0z189z1                      1.000000
z0z193z2                      1.000000
z0z194z1                      1.000000
z0z195z1                      1.000000
z0z198z3                      1.000000
z0z199z3                      1.000000
z0z200z2                      1.000000
z0z200z3                      1.000000
z0z203z3                      1.000000
z0z205z2                      1.000000
z0z205z3                      1.000000
z0z206z3                      1.000000
z0z207z2                      1.000000
z0z208z3                      1.000000
z0z210z1                      1.000000
z0z212z2                      1.000000
z0z214z2                      1.000000
z0z215z3                      1.000000
z0z220z1                      1.000000
z0z225z2                      1.000000
z0z226z2                      1.000000
z0z230z1                      1.000000
z0z231z2                      1.000000
z0z234z1                      1.000000
z0z236z1                      1.000000
z0z239z2                      1.000000
z0z245z3                      1.000000
z0z246z3                      1.000000
z0z249z2                      1.000000
z0z250z3                      1.000000
z0z252z1                      1.000000
z0z253z1                      1.000000
z9z226z2                      1.000000
z12z155z2                     1.000000
z21z145z1                     1.000000
z21z195z1                     1.000000
z23z225z2                     1.000000
z23z250z3                     1.000000
z25z15z1                      1.000000
z25z93z3                      1.000000
z25z127z1                     1.000000
z25z145z1                     1.000000
z25z174z1                     1.000000
z25z176z3                     1.000000
z25z179z3                     1.000000
z25z195z1                     1.000000
z25z230z1                     1.000000
z25z246z3                     1.000000
z25z250z3                     1.000000
z31z145z1                     1.000000
z37z15z1                      1.000000
z37z23z2                      1.000000
z37z127z1                     1.000000
z37z145z1                     1.000000
z37z155z2                     1.000000
z37z174z1                     1.000000
z37z195z1                     1.000000
z37z225z2                     1.000000
z37z226z2                     1.000000
z37z230z1                     1.000000
z44z9z2                       1.000000
z44z10z2                      1.000000
z44z12z2                      1.000000
z44z56z2                      1.000000
z44z60z2                      1.000000
z44z85z2                      1.000000
z44z89z2                      1.000000
z44z155z2                     1.000000
z44z160z3                     1.000000
z44z176z3                     1.000000
z44z179z3                     1.000000
z44z187z2                     1.000000
z44z199z3                     1.000000
z44z206z3                     1.000000
z44z207z2                     1.000000
z44z225z2                     1.000000
z44z226z2                     1.000000
z44z231z2                     1.000000
z44z235z3                     1.000000
z44z245z3                     1.000000
z44z246z3                     1.000000
z44z250z3                     1.000000
z45z6z1                       1.000000
z45z15z1                      1.000000
z45z21z1                      1.000000
z45z73z1                      1.000000
z45z77z1                      1.000000
z45z96z1                      1.000000
z45z100z1                     1.000000
z45z107z1                     1.000000
z45z108z1                     1.000000
z45z109z1                     1.000000
z45z127z1                     1.000000
z45z137z1                     1.000000
z45z145z1                     1.000000
z45z170z1                     1.000000
z45z174z1                     1.000000
z45z189z1                     1.000000
z45z194z1                     1.000000
z45z195z1                     1.000000
z45z220z1                     1.000000
z45z230z1                     1.000000
z45z234z1                     1.000000
z45z253z1                     1.000000
z49z12z1                      1.000000
z49z15z1                      1.000000
z49z127z1                     1.000000
z49z145z1                     1.000000
z49z155z2                     1.000000
z49z195z1                     1.000000
z49z225z2                     1.000000
z49z226z2                     1.000000
z49z230z1                     1.000000
z49z242z2                     1.000000
z50z176z3                     1.000000
z50z179z3                     1.000000
z50z206z3                     1.000000
z50z246z3                     1.000000
z50z250z3                     1.000000
z52z176z3                     1.000000
z52z179z3                     1.000000
z52z206z3                     1.000000
z52z246z3                     1.000000
z52z250z3                     1.000000
z59z15z1                      1.000000
z59z127z1                     1.000000
z59z145z1                     1.000000
z59z155z2                     1.000000
z59z195z1                     1.000000
z59z225z2                     1.000000
z59z226z2                     1.000000
z59z230z1                     1.000000
z68z51z2                      1.000000
z68z51z3                      1.000000
z70z155z2                     1.000000
z70z176z3                     1.000000
z70z225z2                     1.000000
z70z226z2                     1.000000
z70z246z3                     1.000000
z70z250z3                     1.000000
z71z250z3                     1.000000
z75z176z3                     1.000000
z75z179z3                     1.000000
z75z199z3                     1.000000
z75z206z3                     1.000000
z75z246z3                     1.000000
z75z250z3                     1.000000
z80z9z2                       1.000000
z80z10z2                      1.000000
z80z39z2                      1.000000
z80z56z2                      1.000000
z80z60z2                      1.000000
z80z85z2                      1.000000
z80z89z2                      1.000000
z80z94z2                      1.000000
z80z95z2                      1.000000
z80z155z2                     1.000000
z80z187z2                     1.000000
z80z193z2                     1.000000
z80z207z2                     1.000000
z80z212z2                     1.000000
z80z225z2                     1.000000
z80z226z2                     1.000000
z80z231z2                     1.000000
z88z15z1                      1.000000
z88z127z1                     1.000000
z88z145z1                     1.000000
z88z176z3                     1.000000
z88z179z3                     1.000000
z88z195z1                     1.000000
z88z206z3                     1.000000
z88z230z1                     1.000000
z88z246z3                     1.000000
z88z250z3                     1.000000
z91z155z2                     1.000000
z91z176z3                     1.000000
z91z179z3                     1.000000
z91z206z3                     1.000000
z91z225z2                     1.000000
z91z226z2                     1.000000
z91z246z3                     1.000000
z91z250z3                     1.000000
z93z23z3                      1.000000
z93z179z3                     1.000000
z93z250z3                     1.000000
z95z9z2                       1.000000
z95z155z2                     1.000000
z95z225z2                     1.000000
z95z226z2                     1.000000
z96z145z1                     1.000000
z96z195z1                     1.000000
z97z95z2                      1.000000
z97z155z2                     1.000000
z97z176z3                     1.000000
z97z179z3                     1.000000
z97z215z3                     1.000000
z97z225z2                     1.000000
z97z226z2                     1.000000
z97z246z3                     1.000000
z97z250z3                     1.000000
z99z93z3                      1.000000
z99z155z2                     1.000000
z99z176z3                     1.000000
z99z225z2                     1.000000
z99z226z2                     1.000000
z99z235z2                     1.000000
z99z246z3                     1.000000
z99z250z3                     1.000000
z103z15z1                     1.000000
z103z68z3                     1.000000
z103z127z1                    1.000000
z103z145z1                    1.000000
z103z176z3                    1.000000
z103z179z3                    1.000000
z103z195z1                    1.000000
z103z206z3                    1.000000
z103z230z1                    1.000000
z103z234z1                    1.000000
z103z246z3                    1.000000
z103z250z3                    1.000000
z108z100z1                    1.000000
z109z15z1                     1.000000
z109z127z1                    1.000000
z109z145z1                    1.000000
z109z176z3                    1.000000
z109z179z3                    1.000000
z109z195z1                    1.000000
z109z199z3                    1.000000
z109z213z1                    1.000000
z109z230z1                    1.000000
z109z246z3                    1.000000
z109z250z3                    1.000000
z114z155z2                    1.000000
z114z176z3                    1.000000
z114z179z3                    1.000000
z114z206z3                    1.000000
z114z225z2                    1.000000
z114z226z2                    1.000000
z114z246z3                    1.000000
z114z250z3                    1.000000
z119z155z2                    1.000000
z119z176z3                    1.000000
z119z179z3                    1.000000
z119z225z2                    1.000000
z119z226z2                    1.000000
z119z246z3                    1.000000
z119z250z3                    1.000000
z123z155z2                    1.000000
z123z176z3                    1.000000
z123z225z2                    1.000000
z123z226z2                    1.000000
z123z246z3                    1.000000
z123z250z3                    1.000000
z125z176z3                    1.000000
z125z179z3                    1.000000
z125z206z3                    1.000000
z125z246z3                    1.000000
z125z250z3                    1.000000
z131z15z1                     1.000000
z131z16z1                     1.000000
z131z127z1                    1.000000
z131z145z1                    1.000000
z131z176z3                    1.000000
z131z179z3                    1.000000
z131z195z1                    1.000000
z131z199z3                    1.000000
z131z230z1                    1.000000
z131z246z3                    1.000000
z131z250z3                    1.000000
z134z15z1                     1.000000
z134z127z1                    1.000000
z134z145z1                    1.000000
z134z155z2                    1.000000
z134z195z1                    1.000000
z134z225z2                    1.000000
z134z226z2                    1.000000
z134z230z1                    1.000000
z137z21z1                     1.000000
z137z65z1                     1.000000
z137z127z1                    1.000000
z137z145z1                    1.000000
z137z195z1                    1.000000
z137z230z1                    1.000000
z139z176z3                    1.000000
z139z250z3                    1.000000
z140z6z1                      1.000000
z140z15z1                     1.000000
z140z100z1                    1.000000
z140z127z1                    1.000000
z140z145z1                    1.000000
z140z160z3                    1.000000
z140z176z3                    1.000000
z140z179z3                    1.000000
z140z195z1                    1.000000
z140z199z3                    1.000000
z140z206z3                    1.000000
z140z230z1                    1.000000
z140z234z1                    1.000000
z140z246z3                    1.000000
z140z250z3                    1.000000
z140z253z1                    1.000000
z143z15z1                     1.000000
z143z127z1                    1.000000
z143z145z1                    1.000000
z143z176z3                    1.000000
z143z179z3                    1.000000
z143z195z1                    1.000000
z143z230z1                    1.000000
z143z246z3                    1.000000
z143z250z3                    1.000000
z148z15z1                     1.000000
z148z127z1                    1.000000
z148z145z1                    1.000000
z148z176z3                    1.000000
z148z179z3                    1.000000
z148z195z1                    1.000000
z148z230z1                    1.000000
z148z246z3                    1.000000
z148z250z3                    1.000000
z153z9z2                      1.000000
z153z10z2                     1.000000
z153z39z2                     1.000000
z153z56z2                     1.000000
z153z60z2                     1.000000
z153z68z2                     1.000000
z153z85z2                     1.000000
z153z89z2                     1.000000
z153z94z2                     1.000000
z153z155z2                    1.000000
z153z158z2                    1.000000
z153z187z2                    1.000000
z153z193z2                    1.000000
z153z207z2                    1.000000
z153z212z2                    1.000000
z153z225z2                    1.000000
z153z226z2                    1.000000
z153z231z2                    1.000000
z157z6z1                      1.000000
z157z15z1                     1.000000
z157z21z1                     1.000000
z157z73z1                     1.000000
z157z77z1                     1.000000
z157z100z1                    1.000000
z157z107z1                    1.000000
z157z108z1                    1.000000
z157z127z1                    1.000000
z157z137z1                    1.000000
z157z145z1                    1.000000
z157z170z1                    1.000000
z157z174z1                    1.000000
z157z189z1                    1.000000
z157z194z1                    1.000000
z157z195z1                    1.000000
z157z220z1                    1.000000
z157z230z1                    1.000000
z157z234z1                    1.000000
z157z253z1                    1.000000
z158z31z2                     1.000000
z158z65z2                     1.000000
z158z155z2                    1.000000
z158z225z2                    1.000000
z158z226z2                    1.000000
z169z109z3                    1.000000
z169z176z3                    1.000000
z169z179z3                    1.000000
z169z206z3                    1.000000
z169z242z3                    1.000000
z169z246z3                    1.000000
z169z250z3                    1.000000
z172z6z1                      1.000000
z172z15z1                     1.000000
z172z21z1                     1.000000
z172z73z1                     1.000000
z172z77z1                     1.000000
z172z93z3                     1.000000
z172z100z1                    1.000000
z172z107z1                    1.000000
z172z108z1                    1.000000
z172z127z1                    1.000000
z172z131z3                    1.000000
z172z139z3                    1.000000
z172z145z1                    1.000000
z172z160z3                    1.000000
z172z170z1                    1.000000
z172z174z1                    1.000000
z172z176z3                    1.000000
z172z179z3                    1.000000
z172z189z1                    1.000000
z172z194z1                    1.000000
z172z195z1                    1.000000
z172z198z3                    1.000000
z172z199z3                    1.000000
z172z206z3                    1.000000
z172z208z3                    1.000000
z172z220z1                    1.000000
z172z230z1                    1.000000
z172z234z1                    1.000000
z172z245z3                    1.000000
z172z246z3                    1.000000
z172z250z3                    1.000000
z172z253z1                    1.000000
z174z230z1                    1.000000
z179z224z3                    1.000000
z179z250z3                    1.000000
z180z155z2                    1.000000
z180z176z3                    1.000000
z180z179z3                    1.000000
z180z206z3                    1.000000
z180z225z2                    1.000000
z180z226z2                    1.000000
z180z246z3                    1.000000
z180z250z3                    1.000000
z182z176z3                    1.000000
z182z179z3                    1.000000
z182z199z3                    1.000000
z182z206z3                    1.000000
z182z246z3                    1.000000
z182z250z3                    1.000000
z184z6z1                      1.000000
z184z15z1                     1.000000
z184z127z1                    1.000000
z184z145z1                    1.000000
z184z155z2                    1.000000
z184z195z1                    1.000000
z184z225z2                    1.000000
z184z226z2                    1.000000
z184z230z1                    1.000000
z190z250z3                    1.000000
z194z145z1                    1.000000
z199z17z3                     1.000000
z199z175z3                    1.000000
z200z9z2                      1.000000
z200z10z2                     1.000000
z200z60z2                     1.000000
z200z85z2                     1.000000
z200z89z2                     1.000000
z200z155z2                    1.000000
z200z160z3                    1.000000
z200z176z3                    1.000000
z200z179z3                    1.000000
z200z187z2                    1.000000
z200z199z3                    1.000000
z200z206z3                    1.000000
z200z207z2                    1.000000
z200z225z2                    1.000000
z200z226z2                    1.000000
z200z231z2                    1.000000
z200z246z3                    1.000000
z200z250z3                    1.000000
z203z176z3                    1.000000
z203z246z3                    1.000000
z203z250z3                    1.000000
z205z10z2                     1.000000
z205z85z2                     1.000000
z205z155z2                    1.000000
z205z176z3                    1.000000
z205z179z3                    1.000000
z205z187z2                    1.000000
z205z199z3                    1.000000
z205z206z3                    1.000000
z205z207z2                    1.000000
z205z225z2                    1.000000
z205z226z2                    1.000000
z205z246z3                    1.000000
z205z249z3                    1.000000
z205z250z3                    1.000000
z207z175z2                    1.000000
z207z224z2                    1.000000
z210z6z1                      1.000000
z210z15z1                     1.000000
z210z17z1                     1.000000
z210z21z1                     1.000000
z210z73z1                     1.000000
z210z77z1                     1.000000
z210z96z1                     1.000000
z210z100z1                    1.000000
z210z107z1                    1.000000
z210z108z1                    1.000000
z210z127z1                    1.000000
z210z131z1                    1.000000
z210z145z1                    1.000000
z210z170z1                    1.000000
z210z174z1                    1.000000
z210z189z1                    1.000000
z210z194z1                    1.000000
z210z195z1                    1.000000
z210z220z1                    1.000000
z210z230z1                    1.000000
z210z234z1                    1.000000
z210z253z1                    1.000000
z213z155z2                    1.000000
z213z195z1                    1.000000
z214z10z2                     1.000000
z214z95z2                     1.000000
z214z155z2                    1.000000
z214z158z2                    1.000000
z214z225z2                    1.000000
z214z226z2                    1.000000
z215z176z3                    1.000000
z215z246z3                    1.000000
z215z250z3                    1.000000
z222z155z2                    1.000000
z222z176z3                    1.000000
z222z225z2                    1.000000
z222z226z2                    1.000000
z222z246z3                    1.000000
z222z250z3                    1.000000
z223z127z1                    1.000000
z223z145z1                    1.000000
z223z176z3                    1.000000
z223z195z1                    1.000000
z223z230z1                    1.000000
z223z246z3                    1.000000
z223z250z3                    1.000000
z230z145z1                    1.000000
z230z166z1                    1.000000
z234z21z1                     1.000000
z234z31z1                     1.000000
z234z145z1                    1.000000
z235z155z2                    1.000000
z235z176z3                    1.000000
z235z225z2                    1.000000
z235z226z2                    1.000000
z235z233z2                    1.000000
z235z233z3                    1.000000
z235z246z3                    1.000000
z235z250z3                    1.000000
z236z15z1                     1.000000
z236z127z1                    1.000000
z236z145z1                    1.000000
z236z195z1                    1.000000
z236z230z1                    1.000000
z239z155z2                    1.000000
z239z225z2                    1.000000
z239z226z2                    1.000000
z242z166z3                    1.000000
z242z213z2                    1.000000
z242z250z3                    1.000000
z243z9z2                      1.000000
z243z10z2                     1.000000
z243z60z2                     1.000000
z243z85z2                     1.000000
z243z89z2                     1.000000
z243z155z2                    1.000000
z243z160z3                    1.000000
z243z176z3                    1.000000
z243z179z3                    1.000000
z243z187z2                    1.000000
z243z199z3                    1.000000
z243z206z3                    1.000000
z243z207z2                    1.000000
z243z225z2                    1.000000
z243z226z2                    1.000000
z243z231z2                    1.000000
z243z245z3                    1.000000
z243z246z3                    1.000000
z243z250z3                    1.000000
z249z16z3                     1.000000
z249z155z2                    1.000000
z249z176z3                    1.000000
z249z179z3                    1.000000
z249z206z3                    1.000000
z249z225z2                    1.000000
z249z226z2                    1.000000
z249z246z3                    1.000000
z249z250z3                    1.000000
z252z15z1                     1.000000
z252z127z1                    1.000000
z252z145z1                    1.000000
z252z195z1                    1.000000
z252z230z1                    1.000000
All other variables in the range 1-12921 are 0.
