
Log started (V12.10.0.0) Thu Apr 15 19:11:30 2021


Problem 'asset.lp' read.
Read time = 0.01 sec. (0.45 ticks)
New value for default parallel thread count: 1
New value for time limit in seconds: 150
Version identifier: 12.10.0.0 | 2019-11-26 | 843d4de
CPXPARAM_Threads                                 1
CPXPARAM_TimeLimit                               150
Found incumbent of value 0.000000 after 0.00 sec. (0.13 ticks)
Tried aggregator 3 times.
MIP Presolve eliminated 707 rows and 280 columns.
MIP Presolve modified 3275 coefficients.
Aggregator did 1613 substitutions.
Reduced MIP has 1705 rows, 2157 columns, and 9953 nonzeros.
Reduced MIP has 1909 binaries, 189 generals, 0 SOSs, and 0 indicators.
Presolve time = 0.02 sec. (17.26 ticks)
Probing time = 0.00 sec. (2.91 ticks)
Tried aggregator 1 time.
Detecting symmetries...
MIP Presolve eliminated 2 rows and 2 columns.
MIP Presolve modified 654 coefficients.
Reduced MIP has 1703 rows, 2155 columns, and 9949 nonzeros.
Reduced MIP has 1907 binaries, 189 generals, 0 SOSs, and 0 indicators.
Presolve time = 0.01 sec. (6.31 ticks)
Probing time = 0.00 sec. (2.80 ticks)
Clique table members: 6197.
MIP emphasis: balance optimality and feasibility.
MIP search method: dynamic search.
Parallel mode: none, using 1 thread.
Root relaxation solution time = 0.02 sec. (21.66 ticks)

        Nodes                                         Cuts/
   Node  Left     Objective  IInf  Best Integer    Best Bound    ItCnt     Gap

*     0+    0                            0.0000      260.0000              --- 
      0     0      258.0000   274        0.0000      258.0000      664     --- 
      0     0      258.0000   274        0.0000     Cuts: 190     1415     --- 
      0     0      258.0000   274        0.0000     Cuts: 160     1902     --- 
      0     0      258.0000   274        0.0000     Cuts: 525     3058     --- 
*     0+    0                           14.0000      258.0000              --- 
*     0+    0                           20.0000      258.0000              --- 
      0     0        cutoff             20.0000      258.0000     3058     --- 
*     0+    0                           48.0000      258.0000           437.50%
*     0+    0                          106.0000      258.0000           143.40%
*     0+    0                          112.0000      258.0000           130.36%
      0     2      258.0000   247      112.0000      258.0000     3058  130.36%
Elapsed time = 0.89 sec. (1187.00 ticks, tree = 0.01 MB, solutions = 5)
      9    11      256.0000   235      112.0000      256.0000     5406  128.57%
     14    16      245.7500   310      112.0000      256.0000     7719  128.57%
     20    22      256.0000   263      112.0000      256.0000    10091  128.57%
     31    33      249.8596   258      112.0000      256.0000    12824  128.57%
     41    41      253.9403   235      112.0000      256.0000    15506  128.57%
    110    88      227.8781   136      112.0000      256.0000    19270  128.57%
    179   135      256.0000   343      112.0000      256.0000    25273  128.57%
    185   141      253.4979   330      112.0000      256.0000    28112  128.57%
    198   154      253.6950   298      112.0000      256.0000    31635  128.57%
    220   176      256.0000   271      112.0000      256.0000    39918  128.57%
Elapsed time = 3.61 sec. (5205.84 ticks, tree = 0.46 MB, solutions = 5)
    240   196      252.0000   317      112.0000      256.0000    48853  128.57%
    258   214      243.8402   262      112.0000      256.0000    58922  128.57%
    322   268    infeasible            112.0000      256.0000    72735  128.57%
    396   321      256.0000   325      112.0000      256.0000    83176  128.57%
    402   327      253.9226   319      112.0000      256.0000    88359  128.57%

Performing restart 1

Repeating presolve.
Tried aggregator 1 time.
MIP Presolve modified 1890 coefficients.
Reduced MIP has 1703 rows, 2155 columns, and 8243 nonzeros.
Reduced MIP has 1907 binaries, 189 generals, 0 SOSs, and 0 indicators.
Presolve time = 0.01 sec. (7.13 ticks)
Tried aggregator 1 time.
Reduced MIP has 1703 rows, 2155 columns, and 8243 nonzeros.
Reduced MIP has 1907 binaries, 189 generals, 0 SOSs, and 0 indicators.
Presolve time = 0.01 sec. (5.79 ticks)
Represolve time = 0.04 sec. (32.42 ticks)
    482     0      255.1567   469      112.0000     Cuts: 494   110401  127.82%
    482     0      254.2662   469      112.0000     Cuts: 396   117581  127.02%
    482     0      253.3532   469      112.0000     Cuts: 342   119425  126.21%
    482     0      253.0979   469      112.0000     Cuts: 235   121029  125.98%
    482     0      252.8150   469      112.0000     Cuts: 235   123001  125.73%
    482     0      252.6896   469      112.0000     Cuts: 234   124035  125.62%
*   482+    0                          114.0000      252.6896           121.66%
*   482+    0                          120.0000      252.6896           110.57%
    482     0      252.4750   469      120.0000     Cuts: 165   125519  110.40%
    482     0      252.2464   469      120.0000     Cuts: 179   126836  110.21%
    482     0      251.8995   469      120.0000     Cuts: 220   129002  109.92%
*   482+    0                          130.0000      251.8995            93.77%
    482     0        cutoff            130.0000      251.8995   129002   93.77%
    482     0      251.6849   469      130.0000     Cuts: 206   130356   93.60%
    482     0      251.5610   469      130.0000     Cuts: 230   131450   93.51%
    482     0      251.4696   469      130.0000     Cuts: 182   132474   93.44%
    482     0      251.3917   469      130.0000     Cuts: 166   133105   93.38%
    482     0      251.2988   469      130.0000     Cuts: 142   134004   93.31%
    482     0      251.2409   469      130.0000     Cuts: 233   135555   93.26%
*   482+    0                          140.0000      251.2409            79.46%
    482     0      251.2112   469      140.0000     Cuts: 199   136267   79.44%
    482     0      251.0969   469      140.0000     Cuts: 150   137948   79.35%
    482     0      251.0019   469      140.0000     Cuts: 228   138758   79.29%
    482     0      250.8958   469      140.0000     Cuts: 222   139644   79.21%
    482     0      250.7833   469      140.0000     Cuts: 206   140931   79.13%
    482     0      250.4608   469      140.0000     Cuts: 196   142940   78.90%
*   482+    0                          148.0000      250.4608            69.23%
    482     0      250.3274   469      148.0000     Cuts: 179   144031   69.14%
    482     0      250.1048   469      148.0000     Cuts: 190   145196   68.99%
    482     0      250.0496   469      148.0000     Cuts: 204   145851   68.95%
    482     0      249.8631   469      148.0000     Cuts: 150   146839   68.83%
    482     0      249.7482   469      148.0000     Cuts: 233   148244   68.75%
    482     0      249.6523   469      148.0000     Cuts: 201   149631   68.68%
    482     0      249.5431   469      148.0000     Cuts: 126   150397   68.61%
    482     0      249.4454   469      148.0000     Cuts: 169   150994   68.54%
    482     0      249.3861   469      148.0000     Cuts: 200   151668   68.50%
    482     0      249.3275   469      148.0000     Cuts: 113   152677   68.46%
    482     0      249.2622   469      148.0000     Cuts: 140   153874   68.42%
    482     0      249.0727   469      148.0000     Cuts: 143   155004   68.29%
    482     0      249.0277   469      148.0000     Cuts: 191   155580   68.26%
    482     0      248.9681   469      148.0000     Cuts: 160   156784   68.22%
    482     0      248.9561   469      148.0000     Cuts: 126   157039   68.21%
    482     0      248.9460   469      148.0000     Cuts: 131   157213   68.21%
    482     2      248.9460   350      148.0000      248.9441   157213   68.21%
    485     5      248.6149   356      148.0000      248.6149   160871   67.98%
    488     8      248.2648   360      148.0000      248.2648   167107   67.75%
    491    11      247.9970   360      148.0000      248.2648   171484   67.75%
    495    15      247.8786   357      148.0000      248.2648   175474   67.75%
Elapsed time = 24.87 sec. (32771.92 ticks, tree = 0.05 MB, solutions = 10)
    500    20      243.2279   311      148.0000      248.2648   182549   67.75%
    505    25      247.7978   348      148.0000      248.2648   187059   67.75%
    511    31      240.5665   313      148.0000      248.2648   192573   67.75%
    518    38      247.2704   342      148.0000      248.2648   197357   67.75%
    524    44      244.8601   301      148.0000      248.2648   201731   67.75%
    529    49      245.6150   319      148.0000      248.2648   207935   67.75%
    533    53      242.3689   325      148.0000      248.2648   211878   67.75%
    539    59      242.4868   299      148.0000      248.2648   218963   67.75%
    547    67      241.2425   313      148.0000      248.2648   224783   67.75%
    553    73      241.0566   316      148.0000      248.2648   227616   67.75%
Elapsed time = 31.81 sec. (43515.17 ticks, tree = 0.32 MB, solutions = 10)
    561    81      238.1917   301      148.0000      248.2648   233550   67.75%
    573    93      240.1358   306      148.0000      248.2648   235566   67.75%
    584   104      239.3545   294      148.0000      248.2648   238385   67.75%
    592   112      236.9892   277      148.0000      248.2648   242125   67.75%
    606   126      231.8229   252      148.0000      248.2648   245292   67.75%
    631   151      233.4074   249      148.0000      248.2648   250370   67.75%
    642   162      231.5524   248      148.0000      248.2648   256706   67.75%
    678   196      219.2078   182      148.0000      248.2648   262918   67.75%
    700   214      229.6067   223      148.0000      248.2648   269165   67.75%
    721   231      228.8807   226      148.0000      248.2648   276340   67.75%
Elapsed time = 38.28 sec. (53457.07 ticks, tree = 2.71 MB, solutions = 10)
    742   248      227.6316   224      148.0000      248.2648   283148   67.75%
    782   280      225.1609   232      148.0000      248.2648   287391   67.75%
    793   287      246.9963   343      148.0000      248.1533   290418   67.67%
    801   295      235.3272   261      148.0000      248.1533   295011   67.67%
    808   302      239.7571   270      148.0000      248.1533   298881   67.67%
    824   318      239.2775   274      148.0000      248.1533   305368   67.67%
    839   333      236.4098   248      148.0000      248.1533   312268   67.67%
    868   362      236.1686   246      148.0000      248.1533   318780   67.67%
    884   378      233.1767   253      148.0000      248.1533   325677   67.67%
    911   405      221.8043   183      148.0000      248.1533   332895   67.67%
Elapsed time = 45.26 sec. (63718.63 ticks, tree = 5.72 MB, solutions = 10)
    926   418      221.4129   190      148.0000      248.1533   341001   67.67%
    944   430      245.7278   338      148.0000      248.1056   346301   67.64%
    962   448      227.3251   265      148.0000      248.1056   350008   67.64%
   1003   489      206.5600   181      148.0000      248.1056   356116   67.64%
   1025   505      245.9150   342      148.0000      248.1055   361087   67.64%
   1040   520      243.1000   345      148.0000      248.1055   365736   67.64%
   1052   532      241.2706   325      148.0000      248.1055   368302   67.64%
   1090   568      231.7052   251      148.0000      248.1055   373222   67.64%
   1132   598        cutoff            148.0000      248.1055   381004   67.64%
   1137   603      242.8199   303      148.0000      247.8988   387577   67.50%
Elapsed time = 52.93 sec. (74717.46 ticks, tree = 8.66 MB, solutions = 10)
   1147   613      237.1142   263      148.0000      247.8988   393669   67.50%
   1158   624      236.3390   250      148.0000      247.8988   399482   67.50%
   1166   632      234.7733   252      148.0000      247.8988   406022   67.50%
   1179   645      232.8814   249      148.0000      247.8988   413700   67.50%
   1202   668      231.0378   246      148.0000      247.8988   418748   67.50%
   1228   694      224.3018   200      148.0000      247.8988   426454   67.50%
   1251   713      224.7181   210      148.0000      247.8988   434727   67.50%
   1258   718      220.4402   222      148.0000      247.8988   443878   67.50%
   1278   738      215.2644   204      148.0000      247.8988   452476   67.50%
   1291   747        cutoff            148.0000      247.8988   457440   67.50%
Elapsed time = 60.27 sec. (85234.95 ticks, tree = 11.04 MB, solutions = 10)
   1298   748      246.7877   353      148.0000      247.8776   462276   67.48%
   1325   775      242.0371   292      148.0000      247.8776   468375   67.48%
   1351   801      230.9351   241      148.0000      247.8776   476071   67.48%
   1368   814      246.6169   328      148.0000      247.8775   480152   67.48%
   1390   836      242.2893   293      148.0000      247.8775   485568   67.48%
   1431   877      232.8372   253      148.0000      247.8775   491490   67.48%
   1439   883      230.2719   238      148.0000      247.8775   499360   67.48%
   1447   891      217.0700   199      148.0000      247.8775   502372   67.48%
   1451   891      246.8109   346      148.0000      247.8185   508292   67.44%
   1468   908      243.7013   319      148.0000      247.8185   512934   67.44%
Elapsed time = 67.45 sec. (95583.03 ticks, tree = 12.63 MB, solutions = 10)
*  1482+  920                          152.0000      247.8185            63.04%
   1503   943      238.0245   273      152.0000      247.8185   518160   63.04%
   1547   987      219.6721   210      152.0000      247.8185   523993   63.04%
   1576  1012      246.0713   328      152.0000      247.7975   530145   63.02%
   1593  1029      239.0438   278      152.0000      247.7975   536327   63.02%
   1625  1061      233.0349   254      152.0000      247.7975   543238   63.02%
   1642  1074      223.9273   238      152.0000      247.7975   550924   63.02%
   1679  1105      246.3081   348      152.0000      247.5344   561174   62.85%
   1689  1115      232.3539   263      152.0000      247.5344   568769   62.85%
   1698  1124      238.6235   267      152.0000      247.5344   575172   62.85%
   1710  1136      236.9915   296      152.0000      247.5344   582535   62.85%
Elapsed time = 74.89 sec. (106133.88 ticks, tree = 14.90 MB, solutions = 11)
   1722  1148      225.6792   239      152.0000      247.5344   590995   62.85%
   1739  1161    infeasible            152.0000      247.5344   598831   62.85%
   1775  1183    infeasible            152.0000      247.5344   607395   62.85%
   1814  1220      228.4297   279      152.0000      247.4294   614133   62.78%
   1852  1258      220.3933   233      152.0000      247.4294   620471   62.78%
   1861  1263      242.0532   310      152.0000      247.4211   626131   62.78%
   1881  1283      236.5566   290      152.0000      247.4211   633709   62.78%
   1914  1316      229.9416   246      152.0000      247.4211   641024   62.78%
   1929  1329      218.9734   236      152.0000      247.4211   647312   62.78%
   1995  1381      235.0340   284      152.0000      247.3191   674035   62.71%
Elapsed time = 84.02 sec. (119184.12 ticks, tree = 17.51 MB, solutions = 11)
   2053  1431    infeasible            152.0000      247.3191   692341   62.71%
   2141  1508      228.9512   249      152.0000      247.2412   717895   62.66%
   2246  1607      221.2849   219      152.0000      247.1670   737669   62.61%
   2280  1635      229.6873   226      152.0000      247.1664   762122   62.61%
*  2409  1756      integral     0      160.0000      247.1664   780610   54.48%
   2422  1769      242.3931   305      160.0000      247.1664   786704   54.48%
*  2482+ 1826                          162.0000      247.1664            52.57%
*  2482+ 1818                          168.0000      247.1664            47.12%
   2535  1869      228.4898   271      168.0000      247.1648   809670   47.12%
   2648  1968      229.0409   284      168.0000      246.9809   837611   47.01%
   2800  2109      219.1511   251      168.0000      246.8685   865545   46.95%
   2931  2225      240.4460   275      168.0000      246.8563   892122   46.94%
   2979  2273      229.0699   256      168.0000      246.8563   921476   46.94%
Elapsed time = 110.97 sec. (157818.01 ticks, tree = 27.64 MB, solutions = 14)
   3077  2355      239.3657   275      168.0000      246.8497   948932   46.93%
   3152  2420      238.0622   281      168.0000      246.8389   976567   46.93%
   3251  2508      224.5193   270      168.0000      246.8097  1002150   46.91%
   3338  2588      207.9126   140      168.0000      246.8073  1026482   46.91%
   3462  2694      224.5681   247      168.0000      246.7837  1049904   46.90%
   3552  2771        cutoff            168.0000      246.7757  1078409   46.89%
   3616  2835      218.4148   245      168.0000      246.7426  1103465   46.87%
   3693  2906      219.2409   251      168.0000      246.6920  1128229   46.84%
   3813  3004      220.9837   221      168.0000      246.6699  1155509   46.83%
Starting limited solution polishing.
   3891  3072      242.5957   319      168.0000      246.6534  1183055   46.82%
Elapsed time = 137.81 sec. (196499.35 ticks, tree = 40.84 MB, solutions = 14)
*  3982+ 3149                          172.0000      246.6528            43.40%
   3982  3151      235.3881   273      172.0000      246.6528  1206501   43.40%
   4063  3228      242.0013   303      172.0000      246.6518  1233117   43.40%
   4152  3315    infeasible            172.0000      246.6518  1261751   43.40%
   4191  3350      229.5533   322      172.0000      246.6210  1286916   43.38%

GUB cover cuts applied:  208
Clique cuts applied:  121
Cover cuts applied:  24
Implied bound cuts applied:  94
Flow cuts applied:  15
Mixed integer rounding cuts applied:  97
Zero-half cuts applied:  111
Gomory fractional cuts applied:  3

Root node processing (before b&c):
  Real time             =    0.88 sec. (1179.85 ticks)
Sequential b&c:
  Real time             =  149.12 sec. (212049.06 ticks)
                          ------------
Total (root+branch&cut) =  150.00 sec. (213228.91 ticks)

Solution pool: 16 solutions saved.

MIP - Time limit exceeded, integer feasible:  Objective =  1.7200000000e+02
Current MIP best bound =  2.4662096292e+02 (gap = 74.621, 43.38%)
Solution time =  150.00 sec.  Iterations = 1292322  Nodes = 4202 (3360)
Deterministic time = 213228.92 ticks  (1421.51 ticks/sec)


Incumbent solution
Variable Name           Solution Value
F                           172.000000
y5                            1.000000
y6                            1.000000
y7                            1.000000
y8                            1.000000
y11                           1.000000
y13                           1.000000
y20                           1.000000
y22                           1.000000
y24                           1.000000
y48                           1.000000
y53                           1.000000
y82                           1.000000
y93                           1.000000
y103                          1.000000
y110                          1.000000
y113                          1.000000
y115                          1.000000
y128                          1.000000
y130                          1.000000
y132                          1.000000
y137                          1.000000
y143                          1.000000
y159                          1.000000
y166                          1.000000
y169                          1.000000
y180                          1.000000
y189                          1.000000
y198                          1.000000
y199                          1.000000
y201                          1.000000
x4x13x1                       2.000000
x35x113x1                     1.000000
x42x11x1                      1.000000
x46x53x1                      1.000000
x60x53x1                      1.000000
x60x110x1                     1.000000
x177x115x1                    1.000000
x15x103x2                     1.000000
x26x20x2                      1.000000
x26x132x2                     1.000000
x42x20x2                      1.000000
x108x113x2                    1.000000
x156x115x2                    1.000000
x156x166x2                    1.000000
x174x166x2                    1.000000
x15x198x3                     1.000000
x46x7x3                       0.000000
x46x93x3                      1.000000
x46x110x3                    -0.000000
x112x7x3                     -0.000000
x112x11x3                     1.000000
x112x93x3                     1.000000
x112x181x3                    0.000000
x138x169x3                    1.000000
x153x110x3                    1.000000
x153x169x3                    1.000000
x153x181x3                   -0.000000
x177x189x3                    1.000000
x13x5x1                       1.000000
x110x5x1                      1.000000
x5x22x1                       2.000000
x20x6x2                       1.000000
x132x6x2                      1.000000
b6b0b2                        2.000000
x115x7x1                      1.000000
b7b0b1                        1.000000
x11x7x3                       1.000000
b7b0b3                        1.000000
x103x8x2                      2.000000
b8b0b2                        2.000000
x11x130x1                     1.000000
x13x180x1                     1.000000
x20x201x2                     1.000000
b22b0b1                       2.000000
x53x24x1                      2.000000
x24x128x1                     1.000000
x24x143x1                     1.000000
x180x48x1                     1.000000
b48b0b1                       1.000000
x159x48x2                     1.000000
b48b0b2                       1.000000
x93x82x3                      1.000000
x180x82x3                     1.000000
b82b0b3                       2.000000
x93x159x3                     1.000000
x115x103x2                    1.000000
x110x132x3                    1.000000
x113x128x1                    1.000000
x113x198x2                    1.000000
b128b0b1                      2.000000
b130b0b1                      1.000000
x166x130x2                    1.000000
b130b0b2                      1.000000
x132x201x3                    1.000000
x198x137x2                    1.000000
b137b0b2                      1.000000
x198x137x3                    1.000000
b137b0b3                      1.000000
b143b0b1                      1.000000
x159x143x3                    1.000000
b143b0b3                      1.000000
x166x159x2                    1.000000
x169x180x3                    1.000000
x169x189x3                    1.000000
x189x199x3                    2.000000
b199b0b3                      2.000000
b201b0b2                      1.000000
b201b0b3                      1.000000
s4                            4.280000
s2                            6.610000
s5                            7.500000
z4z5z1                        1.000000
s7                            8.220000
s9                            6.602277
z4z9z1                        1.000000
s11                           6.679494
s13                           6.000000
z4z13z1                       1.000000
s22                           8.860000
z4z22z1                       1.000000
s24                           8.028131
z4z24z1                       1.000000
s29                           8.571630
z4z29z1                       1.000000
s30                           7.620000
z4z30z1                       1.000000
s41                           8.630000
s48                           9.240000
s53                           6.420000
z4z53z1                       1.000000
s55                           8.450000
s56                           7.790000
z4z56z1                       1.000000
s72                           6.765790
s76                           7.230000
z4z76z1                       1.000000
s80                           7.440000
s87                           8.830000
s96                           9.380000
z4z96z1                       1.000000
s110                          6.000000
s113                          6.620000
s115                          6.660000
s125                          7.640000
z4z125z1                      1.000000
s126                          6.520000
s128                          9.360000
z4z128z1                      1.000000
s130                          8.109584
s135                          9.250000
s143                          9.130000
s148                          6.574101
z4z148z1                      1.000000
s161                          9.430000
z4z161z1                      1.000000
s176                          9.350000
s180                          7.314466
s181                          6.000000
s193                          6.630000
s15                           5.200052
s6                            8.666244
z15z6z2                       1.000000
s8                            9.140000
z15z8z2                       1.000000
s16                           8.200000
s20                           6.908796
s37                           7.260000
s52                           7.670000
s64                           7.780000
s66                           8.020000
s82                           8.580000
z15z82z3                      1.000000
s92                           7.980000
s93                           6.619446
s103                          8.087499
z15z103z2                     1.000000
s127                          7.990000
z15z127z3                     1.000000
s132                          7.319513
s137                          9.091562
s158                          8.490000
z15z158z3                     1.000000
s159                          7.700000
s166                          6.660000
s168                          9.380000
s169                          6.059733
s178                          7.810000
z15z178z2                     1.000000
s187                          7.720000
z15z187z3                     1.000000
s188                          6.570000
s189                          7.469068
z15z189z3                     1.000000
s198                          7.987211
z15z198z3                     1.000000
s199                          8.604058
z15z199z3                     1.000000
s201                          8.440000
s26                           4.390000
z26z6z2                       1.000000
z26z8z2                       1.000000
z26z20z2                      1.000000
z26z103z2                     1.000000
z26z132z2                     1.000000
z26z166z2                     1.000000
z26z178z2                     1.000000
s35                           3.746158
z35z5z1                       1.000000
z35z9z1                       1.000000
z35z13z1                      1.000000
z35z22z1                      1.000000
z35z24z1                      1.000000
z35z29z1                      1.000000
z35z30z1                      1.000000
z35z53z1                      1.000000
z35z56z1                      1.000000
z35z76z1                      1.000000
z35z96z1                      1.000000
z35z113z1                     1.000000
z35z125z1                     1.000000
z35z128z1                     1.000000
z35z148z1                     1.000000
z35z161z1                     1.000000
s42                           5.240000
z42z5z1                       1.000000
z42z6z2                       1.000000
z42z8z2                       1.000000
z42z11z1                      1.000000
z42z20z2                      1.000000
z42z22z1                      1.000000
z42z24z1                      1.000000
z42z29z1                      1.000000
z42z30z1                      1.000000
z42z56z1                      1.000000
z42z76z1                      1.000000
z42z96z1                      1.000000
z42z103z2                     1.000000
z42z125z1                     1.000000
z42z128z1                     1.000000
z42z161z1                     1.000000
z42z178z2                     1.000000
s46                           4.450000
z46z5z1                       1.000000
z46z7z3                       0.000000
z46z22z1                      1.000000
z46z24z1                      1.000000
z46z29z1                      1.000000
z46z30z1                      1.000000
z46z53z1                      1.000000
z46z56z1                      1.000000
z46z76z1                      1.000000
z46z82z3                      1.000000
z46z93z3                      1.000000
z46z96z1                      1.000000
z46z110z3                    -0.000000
z46z125z1                     1.000000
z46z127z3                     1.000000
z46z128z1                     1.000000
z46z158z3                     1.000000
z46z161z1                     1.000000
z46z187z3                     1.000000
z46z189z3                     1.000000
z46z199z3                     1.000000
s60                           3.542114
z60z5z1                       1.000000
z60z9z1                       1.000000
z60z13z1                      1.000000
z60z22z1                      1.000000
z60z24z1                      1.000000
z60z29z1                      1.000000
z60z30z1                      1.000000
z60z53z1                      1.000000
z60z56z1                      1.000000
z60z76z1                      1.000000
z60z96z1                      1.000000
z60z110z1                     1.000000
z60z125z1                     1.000000
z60z128z1                     1.000000
z60z148z1                     1.000000
z60z161z1                     1.000000
s108                          3.715232
z108z6z2                      1.000000
z108z8z2                      1.000000
z108z20z2                     1.000000
z108z103z2                    1.000000
z108z113z2                    1.000000
z108z166z2                    1.000000
z108z178z2                    1.000000
s112                          4.430000
z112z7z3                     -0.000000
z112z11z3                     1.000000
z112z82z3                     1.000000
z112z93z3                     1.000000
z112z127z3                    1.000000
z112z158z3                    1.000000
z112z181z3                    0.000000
z112z187z3                    1.000000
z112z189z3                    1.000000
z112z199z3                    1.000000
s138                          3.995547
z138z82z3                     1.000000
z138z93z3                     1.000000
z138z127z3                    1.000000
z138z158z3                    1.000000
z138z169z3                    1.000000
z138z187z3                    1.000000
z138z189z3                    1.000000
z138z199z3                    1.000000
s153                          3.430000
z153z82z3                     1.000000
z153z93z3                     1.000000
z153z110z3                    1.000000
z153z127z3                    1.000000
z153z158z3                    1.000000
z153z169z3                    1.000000
z153z181z3                   -0.000000
z153z187z3                    1.000000
z153z189z3                    1.000000
z153z199z3                    1.000000
s156                          4.500000
z156z6z2                      1.000000
z156z8z2                      1.000000
z156z20z2                     1.000000
z156z103z2                    1.000000
z156z115z2                    1.000000
z156z166z2                    1.000000
z156z178z2                    1.000000
s174                          4.090000
z174z6z2                      1.000000
z174z8z2                      1.000000
z174z20z2                     1.000000
z174z103z2                    1.000000
z174z166z2                    1.000000
z174z178z2                    1.000000
s177                          5.140000
z177z5z1                      1.000000
z177z22z1                     1.000000
z177z24z1                     1.000000
z177z29z1                     1.000000
z177z30z1                     1.000000
z177z53z1                     1.000000
z177z56z1                     1.000000
z177z76z1                     1.000000
z177z82z3                     1.000000
z177z96z1                     1.000000
z177z115z1                    1.000000
z177z125z1                    1.000000
z177z127z3                    1.000000
z177z128z1                    1.000000
z177z158z3                    1.000000
z177z161z1                    1.000000
z177z187z3                    1.000000
z177z189z3                    1.000000
z177z199z3                    1.000000
z2z161z1                      1.000000
z5z22z1                       1.000000
z9z96z1                       1.000000
z9z161z1                      1.000000
z11z7z3                       1.000000
z11z130z1                     1.000000
z11z161z1                     1.000000
z13z5z1                       1.000000
z13z96z1                      1.000000
z13z161z1                     1.000000
z13z180z1                     1.000000
z20z6z2                       1.000000
z20z201z2                     1.000000
z24z128z1                     1.000000
z24z143z1                     1.000000
z53z22z1                      1.000000
z53z24z1                      1.000000
z53z161z1                     1.000000
z72z161z1                     1.000000
z76z29z1                      1.000000
z93z82z3                      1.000000
z93z159z3                     1.000000
z103z8z2                      1.000000
z110z5z1                      1.000000
z110z132z3                    1.000000
z110z161z1                    1.000000
z113z128z1                    1.000000
z113z161z1                    1.000000
z113z198z2                    1.000000
z115z7z1                      1.000000
z115z103z2                    1.000000
z115z161z1                    1.000000
z126z161z1                    1.000000
z132z6z2                      1.000000
z132z201z3                    1.000000
z148z161z1                    1.000000
z159z48z2                     1.000000
z159z143z3                    1.000000
z166z130z2                    1.000000
z166z159z2                    1.000000
z169z180z3                    1.000000
z169z189z3                    1.000000
z180z48z1                     1.000000
z180z82z3                     1.000000
z180z161z1                    1.000000
z181z161z1                    1.000000
z189z199z3                    1.000000
z193z161z1                    1.000000
z198z137z2                    1.000000
z198z137z3                    1.000000
All other variables in the range 1-4050 are 0.
