
Log started (V12.10.0.0) Fri Apr 23 07:43:28 2021


Problem 'asset.lp' read.
Read time = 0.01 sec. (0.62 ticks)
New value for default parallel thread count: 1
New value for time limit in seconds: 150
Version identifier: 12.10.0.0 | 2019-11-26 | 843d4de
CPXPARAM_Threads                                 1
CPXPARAM_TimeLimit                               150
Found incumbent of value -0.615070 after 0.00 sec. (0.26 ticks)
Tried aggregator 14 times.
MIP Presolve eliminated 2548 rows and 241 columns.
MIP Presolve modified 6204 coefficients.
Aggregator did 1831 substitutions.
Reduced MIP has 1936 rows, 2170 columns, and 10213 nonzeros.
Reduced MIP has 1888 binaries, 219 generals, 0 SOSs, and 0 indicators.
Presolve time = 0.06 sec. (66.46 ticks)
Probing fixed 26 vars, tightened 13 bounds.
Probing time = 0.02 sec. (12.94 ticks)
Tried aggregator 3 times.
Detecting symmetries...
MIP Presolve eliminated 216 rows and 80 columns.
MIP Presolve modified 984 coefficients.
Aggregator did 13 substitutions.
Reduced MIP has 1707 rows, 2077 columns, and 9178 nonzeros.
Reduced MIP has 1825 binaries, 201 generals, 0 SOSs, and 0 indicators.
Presolve time = 0.02 sec. (19.12 ticks)
Probing time = 0.00 sec. (2.84 ticks)
Clique table members: 5751.
MIP emphasis: balance optimality and feasibility.
MIP search method: dynamic search.
Parallel mode: none, using 1 thread.
Root relaxation solution time = 0.03 sec. (39.00 ticks)

        Nodes                                         Cuts/
   Node  Left     Objective  IInf  Best Integer    Best Bound    ItCnt     Gap

*     0+    0                           -0.6151     1616.5487              --- 
      0     0     1582.1110   424       -0.6151     1582.1110     1228     --- 
      0     0     1579.5076   424       -0.6151     Cuts: 526     2039     --- 
      0     0     1579.4960   424       -0.6151     Cuts: 526     2771     --- 
      0     0     1579.4861   424       -0.6151     Cuts: 526     3283     --- 
*     0+    0                          419.3088     1579.4861           276.69%
*     0+    0                          584.9854     1579.4861           170.00%
      0     0        cutoff            584.9854     1579.4861     3283  170.00%
*     0+    0                          619.6415     1579.4861           154.90%
*     0+    0                          648.3760     1579.4861           143.61%
      0     0        cutoff            648.3760     1579.4861     3283  143.61%
Detecting symmetries...
      0     2     1579.4861   523      648.3760     1579.4861     3283  143.61%
Elapsed time = 0.75 sec. (976.26 ticks, tree = 0.01 MB, solutions = 4)
     18    20     1569.6395   490      648.3760     1579.4861     5930  143.61%
     30    32     1579.4769   523      648.3760     1579.4861     7305  143.61%
     42    44     1569.6462   488      648.3760     1579.4861     8959  143.61%
     50    52     1572.1506   468      648.3760     1579.4861    10280  143.61%
     70    72     1573.2830   464      648.3760     1579.4861    13084  143.61%
     84    86     1566.7305   444      648.3760     1579.4861    15732  143.61%
    103   105     1563.3985   448      648.3760     1579.4861    18733  143.61%
    108   110     1572.1667   480      648.3760     1579.4861    21740  143.61%
    135   137     1560.7118   430      648.3760     1579.4861    25273  143.61%
    256   258     1448.3740   287      648.3760     1579.4861    39722  143.61%
Elapsed time = 3.19 sec. (4371.93 ticks, tree = 0.54 MB, solutions = 4)
*   430+  380                         1116.7316     1579.4861            41.44%
    460   406     1579.4749   501     1116.7316     1579.4817    46448   41.44%
    510   456     1574.1176   379     1116.7316     1579.4817    54269   41.44%
*   540+  484                         1116.7423     1579.4817            41.44%
*   541+  456                         1169.0655     1579.4817            35.11%
*   541+  446                         1198.5640     1579.4817            31.78%
*   541+  444                         1199.1218     1579.4817            31.72%
*   541+  444                         1199.1247     1579.4817            31.72%
*   541+  444                         1199.6995     1579.4817            31.66%
*   541+  444                         1199.7015     1579.4817            31.66%
    541   446     1575.8136   539     1199.7015     1579.4816    59735   31.66%
*   542+  445                         1199.7036     1579.4816            31.66%
*   542+  445                         1199.7036     1579.4816            31.66%
*   542+  445                         1199.7038     1579.4816            31.66%

Performing restart 1

Repeating presolve.
Tried aggregator 2 times.
MIP Presolve modified 2090 coefficients.
Aggregator did 8 substitutions.
Reduced MIP has 1699 rows, 2069 columns, and 7642 nonzeros.
Reduced MIP has 1817 binaries, 201 generals, 0 SOSs, and 0 indicators.
Presolve time = 0.01 sec. (8.75 ticks)
Tried aggregator 1 time.
Reduced MIP has 1699 rows, 2069 columns, and 7642 nonzeros.
Reduced MIP has 1817 binaries, 201 generals, 0 SOSs, and 0 indicators.
Presolve time = 0.01 sec. (5.54 ticks)
Represolve time = 0.04 sec. (37.03 ticks)
    652     0     1577.5080   443     1199.7038     Cuts: 412    76510   31.49%
    652     0     1572.0929   443     1199.7038     Cuts: 430    78553   31.04%
    652     0     1558.9622   443     1199.7038     Cuts: 406    81525   29.95%
*   652+    0                         1199.7040     1558.9622            29.95%
    652     0        cutoff           1199.7040     1558.9622    81525   29.95%
    652     0     1546.9607   443     1199.7040     Cuts: 348    83347   28.95%
    652     0     1535.1950   443     1199.7040     Cuts: 403    85371   27.96%
    652     0     1528.1049   443     1199.7040     Cuts: 284    86885   27.37%
*   652+    0                         1209.5084     1528.1049            26.34%
    652     0     1523.4390   443     1209.5084     Cuts: 335    88278   25.96%
    652     0     1521.5526   443     1209.5084     Cuts: 276    89764   25.80%
    652     0     1517.3610   443     1209.5084     Cuts: 276    91120   25.45%
*   652+    0                         1232.1783     1517.3610            23.14%
*   652+    0                         1232.1786     1517.3610            23.14%
    652     0        cutoff           1232.1786     1517.3610    91120   23.14%
    652     0     1513.5534   443     1232.1786     Cuts: 237    92446   22.84%
    652     0     1510.6012   443     1232.1786     Cuts: 190    94004   22.60%
    652     0     1509.0343   443     1232.1786     Cuts: 228    95075   22.47%
    652     0     1508.2939   443     1232.1786     Cuts: 154    95898   22.41%
    652     0     1506.9358   443     1232.1786     Cuts: 160    96429   22.30%
    652     0     1506.4941   443     1232.1786     Cuts: 158    96999   22.26%
*   652+    0                         1232.1795     1506.4941            22.26%
    652     0        cutoff           1232.1795     1506.4941    96999   22.26%
    652     0     1505.6863   443     1232.1795     Cuts: 158    97537   22.20%
    652     0     1505.0578   443     1232.1795     Cuts: 150    98287   22.15%
    652     0     1505.0022   443     1232.1795     Cuts: 137    98563   22.14%
*   652+    0                         1242.2711     1505.0022            21.15%
    652     0        cutoff           1242.2711     1505.0022    98563   21.15%
    652     0     1504.2678   443     1242.2711     Cuts: 115    99041   21.09%
    652     0     1504.0229   443     1242.2711     Cuts: 155    99587   21.07%
    652     0     1503.7215   443     1242.2711     Cuts: 125   100311   21.05%
*   652+    0                         1242.2713     1503.7215            21.05%
*   652+    0                         1242.2726     1503.7215            21.05%
    652     0        cutoff           1242.2726     1503.7215   100311   21.05%
    652     0     1503.6176   443     1242.2726     Cuts: 118   100951   21.04%
    652     0     1503.4854   443     1242.2726     Cuts: 136   101368   21.03%
    652     0     1503.1414   443     1242.2726      Cuts: 89   102191   21.00%
*   652+    0                         1242.2734     1503.1414            21.00%
*   652+    0                         1242.2752     1503.1414            21.00%
    652     0     1502.8092   443     1242.2752     Cuts: 104   102906   20.97%
    652     0     1502.6094   443     1242.2752     Cuts: 148   103438   20.96%
    652     2     1502.6094   456     1242.2752     1502.6001   103438   20.96%
    656     6     1502.2298   430     1242.2752     1502.2294   105089   20.93%
    659     9     1500.4568   395     1242.2752     1502.2270   108135   20.93%
    661    11     1478.2458   371     1242.2752     1502.2270   111903   20.93%
    664    14     1498.1752   405     1242.2752     1502.2270   115012   20.93%
    670    20     1472.0987   362     1242.2752     1502.2270   119727   20.93%
    678    28     1486.4459   372     1242.2752     1502.2270   124410   20.93%
Elapsed time = 25.91 sec. (34710.13 ticks, tree = 0.24 MB, solutions = 25)
    682    32     1484.6410   356     1242.2752     1502.2270   127185   20.93%
    690    40     1479.8388   352     1242.2752     1502.2270   131346   20.93%
    699    49     1464.2174   315     1242.2752     1502.2270   136790   20.93%
    709    59     1469.0518   323     1242.2752     1502.2270   140630   20.93%
    721    71     1467.4898   282     1242.2752     1502.2270   146303   20.93%
    730    80     1466.1216   293     1242.2752     1502.2270   152254   20.93%
    752   102     1458.6407   337     1242.2752     1502.2270   158833   20.93%
    805   152     1369.7871   264     1242.2752     1502.2270   166203   20.93%
    888   213     1484.8733   428     1242.2752     1502.0606   171978   20.91%
    896   221     1468.3815   359     1242.2752     1502.0606   177375   20.91%
Elapsed time = 33.09 sec. (45299.77 ticks, tree = 0.69 MB, solutions = 25)
    908   233     1452.2203   372     1242.2752     1502.0606   184890   20.91%
    923   248     1451.4094   330     1242.2752     1502.0606   192919   20.91%
    956   281     1438.9291   283     1242.2752     1502.0606   200017   20.91%
   1006   329     1371.5582   274     1242.2752     1502.0606   209517   20.91%
   1027   342     1497.8364   402     1242.2752     1502.0073   215312   20.91%
   1039   354     1479.9642   398     1242.2752     1502.0073   221823   20.91%
   1054   369     1496.0889   417     1242.2752     1501.9974   228077   20.91%
   1064   379     1488.8664   397     1242.2752     1501.9974   234158   20.91%
   1072   387     1480.9849   384     1242.2752     1501.9974   238797   20.91%
   1090   405     1431.9257   317     1242.2752     1501.9974   246396   20.91%
Elapsed time = 40.34 sec. (55518.82 ticks, tree = 0.93 MB, solutions = 25)
   1123   434     1496.0459   412     1242.2752     1500.8912   254011   20.82%
   1135   446     1479.8029   377     1242.2752     1500.8912   259665   20.82%
   1156   467     1449.5445   307     1242.2752     1500.8912   266011   20.82%
   1186   497     1408.9646   311     1242.2752     1500.8912   272403   20.82%
   1212   519     1486.7872   428     1242.2752     1500.4296   278571   20.78%
   1226   533     1475.2295   345     1242.2752     1500.4296   286013   20.78%
   1245   552     1443.6147   334     1242.2752     1500.4296   293871   20.78%
   1270   577     1422.2415   302     1242.2752     1500.4296   302781   20.78%
   1298   605     1384.5550   290     1242.2752     1500.4296   310793   20.78%
   1352   636     1499.2064   456     1242.2752     1500.3958   316577   20.78%
Elapsed time = 48.03 sec. (66277.33 ticks, tree = 1.22 MB, solutions = 25)
   1362   646     1483.1866   405     1242.2752     1500.3958   323610   20.78%
   1382   666     1461.6832   361     1242.2752     1500.3958   329675   20.78%
   1413   697     1363.0986   291     1242.2752     1500.3958   336419   20.78%
   1441   717     1492.9967   427     1242.2752     1499.1793   341484   20.68%
   1450   726     1471.9968   399     1242.2752     1499.1793   347421   20.68%
   1456   732     1470.2684   365     1242.2752     1499.1793   350185   20.68%
   1479   755     1450.7590   342     1242.2752     1499.1793   356938   20.68%
   1519   779     1462.2270   402     1242.2752     1499.1780   367526   20.68%
   1539   799     1436.7539   348     1242.2752     1499.1780   373126   20.68%
   1567   825     1323.2132   251     1242.2752     1499.1780   379735   20.68%
Elapsed time = 55.84 sec. (77218.71 ticks, tree = 1.43 MB, solutions = 25)
   1601   848     1493.7331   428     1242.2752     1498.7545   383399   20.65%
   1612   859     1466.4499   363     1242.2752     1498.7545   389378   20.65%
   1630   877     1447.2029   332     1242.2752     1498.7545   396678   20.65%
   1649   896     1381.8112   335     1242.2752     1498.7545   403783   20.65%
   1701   940     1463.2813   375     1242.2752     1498.0860   410990   20.59%
   1722   961     1416.3704   316     1242.2752     1498.0860   419967   20.59%
   1758   997     1362.3455   287     1242.2752     1498.0860   428769   20.59%
   1860  1083     1244.6388    99     1242.2752     1498.0860   435223   20.59%
   1877  1092     1465.6332   343     1242.2752     1498.0849   441078   20.59%
   1913  1128     1354.7036   275     1242.2752     1498.0849   450729   20.59%
Elapsed time = 63.34 sec. (87607.99 ticks, tree = 1.85 MB, solutions = 25)
   1932  1143     1487.8356   393     1242.2752     1497.7499   456252   20.57%
   1949  1160     1462.5252   330     1242.2752     1497.7499   465806   20.57%
   1997  1208     1412.5966   309     1242.2752     1497.7499   474861   20.57%
   2049  1249     1494.1388   395     1242.2752     1497.6790   481032   20.56%
   2064  1264     1456.7081   358     1242.2752     1497.6790   489176   20.56%
   2106  1298     1489.5432   405     1242.2752     1497.5943   497787   20.55%
   2129  1321     1464.7966   363     1242.2752     1497.5943   504289   20.55%
   2183  1373     1308.0217   229     1242.2752     1497.5943   510775   20.55%
   2204  1385     1483.7182   393     1242.2752     1497.2628   515121   20.53%
   2214  1395     1446.0930   346     1242.2752     1497.2628   522841   20.53%
Elapsed time = 70.74 sec. (97913.01 ticks, tree = 2.17 MB, solutions = 25)
   2229  1410     1433.8698   314     1242.2752     1497.2628   531448   20.53%
   2261  1442     1397.3749   301     1242.2752     1497.2628   538981   20.53%
   2349  1505     1494.9070   412     1242.2752     1497.1768   547536   20.52%
   2362  1518     1468.2021   365     1242.2752     1497.1768   554754   20.52%
   2382  1538     1416.6017   327     1242.2752     1497.1768   561703   20.52%
   2441  1591     1497.1474   443     1242.2752     1497.1455   567438   20.52%
   2450  1600     1469.7950   384     1242.2752     1497.1455   574959   20.52%
   2470  1620     1429.8886   336     1242.2752     1497.1455   583231   20.52%
   2527  1672     1487.4635   411     1242.2752     1497.1045   591412   20.51%
   2538  1683     1438.4575   394     1242.2752     1497.1045   599683   20.51%
Elapsed time = 78.32 sec. (108372.85 ticks, tree = 2.54 MB, solutions = 25)
   2576  1721     1403.9388   276     1242.2752     1497.1045   608146   20.51%
*  2652+ 1718                         1255.1385     1497.1045            19.28%
   2695  1759     1483.8055   412     1255.1385     1497.0348   616343   19.27%
   2714  1778     1446.7673   352     1255.1385     1497.0348   624786   19.27%
   2750  1812     1301.6225   249     1255.1385     1497.0348   633805   19.27%
*  2752+ 1812                         1255.1385     1497.0348            19.27%
   2768  1822     1482.1863   420     1255.1385     1496.8137   640511   19.25%
   2782  1836     1460.4397   329     1255.1385     1496.8137   648939   19.25%
   2813  1866     1361.5281   290     1255.1385     1496.8137   658093   19.25%
   2876  1915     1464.4388   347     1255.1385     1496.5984   665454   19.24%
   2902  1937     1465.4044   393     1255.1385     1496.4440   674423   19.23%
   3049  2064     1459.3203   412     1255.1385     1496.0721   708304   19.20%
Elapsed time = 88.10 sec. (121813.70 ticks, tree = 3.11 MB, solutions = 27)
   3167  2170     1421.8763   365     1255.1385     1496.0416   737840   19.19%
   3346  2344     1486.0607   426     1255.1385     1495.5331   761891   19.15%
   3432  2425     1472.1657   413     1255.1385     1495.5265   789158   19.15%
   3525  2508     1418.9756   339     1255.1385     1495.0447   814696   19.11%
   3623  2591     1483.9382   431     1255.1385     1494.9031   839944   19.10%
   3770  2721     1451.8286   333     1255.1385     1494.3277   868984   19.06%
   3864  2810     1396.9158   301     1255.1385     1494.3051   891857   19.05%
   4047  2976     1491.7308   393     1255.1385     1494.0904   920012   19.04%
   4155  3079     1369.9471   256     1255.1385     1494.0583   953353   19.04%
   4325  3236     1445.5152   372     1255.1385     1493.8483   979818   19.02%
Elapsed time = 116.60 sec. (160724.50 ticks, tree = 4.64 MB, solutions = 27)
   4451  3349     1492.0238   426     1255.1385     1493.7056  1011302   19.01%
   4515  3406     1443.1250   340     1255.1385     1493.2462  1037501   18.97%
   4617  3496     1443.1193   293     1255.1385     1493.2318  1064574   18.97%
*  4652+ 3518                         1255.1391     1493.1237            18.96%
   4706  3568     1426.3700   333     1255.1391     1493.0629  1089807   18.96%
   4870  3715     1482.8025   399     1255.1391     1492.9119  1115965   18.94%
   4965  3804     1376.4943   247     1255.1391     1492.9119  1147913   18.94%
Starting limited solution polishing.
*  5052+ 3637                         1283.3741     1492.6431            16.31%
*  5052+ 3637                         1283.3741     1492.6431            16.31%
*  5052+ 3637                         1283.3745     1492.6431            16.31%
*  5052+ 3637                         1283.3746     1492.6431            16.31%
   5054  3641     1420.7598   349     1283.3746     1492.6431  1162817   16.31%
   5152  3731     1395.3038   313     1283.3746     1492.5891  1192679   16.30%
*  5252+ 3621                         1302.5642     1492.4855            14.58%
*  5252+ 3621                         1302.5649     1492.4855            14.58%
*  5252+ 3621                         1302.5651     1492.4855            14.58%
   5252  3623     1364.8889   296     1302.5651     1492.4855  1221994   14.58%
*  5352+ 3644                         1306.5728     1492.4073            14.22%
*  5352+ 3300                         1330.8302     1492.4073            12.14%
*  5352+ 3300                         1330.8307     1492.4073            12.14%
*  5352+ 3300                         1330.8311     1492.4073            12.14%
   5352  3299     1330.8311     0     1330.8311     1492.4073  1250710   12.14%
Elapsed time = 148.40 sec. (203303.57 ticks, tree = 4.67 MB, solutions = 39)

GUB cover cuts applied:  144
Clique cuts applied:  130
Cover cuts applied:  7
Implied bound cuts applied:  94
Flow cuts applied:  35
Mixed integer rounding cuts applied:  289
Zero-half cuts applied:  87
Lift and project cuts applied:  15
Gomory fractional cuts applied:  4

Root node processing (before b&c):
  Real time             =    0.74 sec. (968.84 ticks)
Sequential b&c:
  Real time             =  149.26 sec. (204531.13 ticks)
                          ------------
Total (root+branch&cut) =  150.00 sec. (205499.97 ticks)

Solution pool: 40 solutions saved.

MIP - Time limit exceeded, integer feasible:  Objective =  1.3308310968e+03
Current MIP best bound =  1.4923892770e+03 (gap = 161.558, 12.14%)
Solution time =  150.00 sec.  Iterations = 1266286  Nodes = 5391 (3333)
Deterministic time = 205499.98 ticks  (1369.98 ticks/sec)


Incumbent solution
Variable Name           Solution Value
F                          1420.000000
f1                            0.748903
f2                           88.420000
y209                          1.000000
y223                          1.000000
y183                          1.000000
y265                          1.000000
y258                          1.000000
y123                          1.000000
y29                           1.000000
y124                          1.000000
y82                           1.000000
y256                          1.000000
y253                          1.000000
y63                           1.000000
y140                          1.000000
y93                           1.000000
y122                          1.000000
y242                          1.000000
y180                          1.000000
y104                          1.000000
y85                           1.000000
y178                          1.000000
y219                          1.000000
y20                           1.000000
y211                          1.000000
y62                           1.000000
y97                           1.000000
y174                          1.000000
y87                           1.000000
y55                           1.000000
y166                          1.000000
y273                          1.000000
y81                           1.000000
y173                          1.000000
y203                          1.000000
y44                           1.000000
y184                          1.000000
y1                            1.000000
y220                          1.000000
y31                           1.000000
y94                           1.000000
y52                           1.000000
y18                           1.000000
y243                          1.000000
y141                          1.000000
y34                           1.000000
y127                          1.000000
y56                           1.000000
y95                           1.000000
s209                          0.976274
s223                          0.985811
s142                          0.060000
s33                           0.190000
s183                          0.996080
s234                          0.240000
s265                          0.893557
s258                          0.888168
s42                           0.470000
s123                          0.852421
s157                          0.530000
s29                           0.946314
s124                          0.841639
s208                          0.720000
s82                           0.891340
s49                           0.760000
s45                           0.770000
s229                          0.850000
s256                          0.850000
s253                          0.986712
s266                          0.890000
s23                           0.940000
s65                           0.960000
s63                           1.050000
s140                          1.060000
s93                           1.120000
s122                          1.958526
s242                          1.230000
s180                          2.055995
s104                          2.099088
s85                           2.181655
s275                          1.420000
s178                          1.500000
s73                           1.640000
s119                          1.670000
s219                          2.121882
s199                          1.760000
s20                           2.337970
s211                          2.464513
s210                          1.850000
s4                            1.880000
s62                           2.127295
s97                           2.480687
s198                          2.000000
s239                          2.020000
s174                          2.030000
s87                           2.698188
s55                           2.206961
s110                          2.140000
s166                          3.111377
s273                          2.450197
s81                           2.387822
s173                          2.629847
s203                          3.209757
s191                          2.220000
s245                          2.270000
s107                          2.340000
s44                           3.233076
s184                          3.197066
s1                            3.269432
s220                          3.388069
s31                           3.415877
s125                          2.570000
s94                           3.501351
s52                           3.439722
s18                           2.742705
s243                          3.668037
s141                          3.616831
s34                           3.765821
s127                          3.812307
s56                           3.634588
s12                           2.890000
s95                           3.717197
s201                          2.920000
x0x183x1                      1.000000
x0x258x1                      2.000000
x0x123x1                      1.000000
x0x29x1                       2.000000
x0x124x1                      1.000000
x0x82x1                       1.000000
x0x253x1                      1.000000
x0x140x1                      1.000000
x0x93x1                       1.000000
x0x178x1                      1.000000
x0x223x2                      1.000000
x0x265x2                      1.000000
x0x124x2                      1.000000
x0x82x2                       1.000000
x0x253x2                      1.000000
x0x63x2                       2.000000
x0x93x2                       1.000000
x0x180x2                      1.000000
x0x85x2                       1.000000
x0x178x2                      1.000000
x0x174x2                      1.000000
x0x209x3                      2.000000
x0x223x3                      1.000000
x0x183x3                      1.000000
x0x265x3                      1.000000
x0x123x3                      1.000000
x0x256x3                      2.000000
x0x140x3                      1.000000
x0x242x3                      2.000000
x0x174x3                      1.000000
x209x211x3                    1.000000
x209x184x3                    1.000000
x223x18x2                     1.000000
x223x211x3                    1.000000
x183x273x1                    1.000000
x183x97x3                     1.000000
x265x55x2                     1.000000
x265x97x3                     1.000000
x258x219x1                    2.000000
x123x62x1                     1.000000
x123x104x3                    1.000000
x29x273x1                     1.000000
x29x31x1                      1.000000
x124x62x1                     1.000000
x124x55x2                     1.000000
x82x180x1                     1.000000
x82x104x2                     1.000000
x256x122x3                    2.000000
x253x81x1                     1.000000
x253x18x2                     1.000000
x63x173x2                     2.000000
x140x85x1                     1.000000
x140x81x3                     1.000000
x93x20x1                      1.000000
x93x20x2                      1.000000
x122x44x3                     2.000000
x242x87x3                     2.000000
x180x1x1                      1.000000
x180x1x2                      1.000000
x104x31x2                     1.000000
x104x94x3                     1.000000
x85x141x1                     1.000000
x85x95x2                      1.000000
x178x203x1                    1.000000
x178x166x2                    1.000000
x219x52x1                     2.000000
x20x243x1                     1.000000
x20x56x2                      1.000000
x211x0x3                      1.000000
x211x243x3                    1.000000
x62x203x1                     1.000000
x62x127x1                     1.000000
x97x0x3                       2.000000
x174x166x2                    1.000000
x174x184x3                    1.000000
x87x0x3                       2.000000
x55x220x2                     2.000000
x166x0x2                      2.000000
x273x56x1                     1.000000
x273x95x1                     1.000000
x81x141x1                     1.000000
x81x94x3                      1.000000
x173x34x2                     2.000000
x203x0x1                      2.000000
x44x0x3                       2.000000
x184x0x3                      2.000000
x1x0x1                        1.000000
x1x0x2                        1.000000
x220x0x2                      2.000000
x31x0x1                       1.000000
x31x0x2                       1.000000
x94x0x3                       2.000000
x52x0x1                       2.000000
x18x0x2                       1.000000
x18x127x2                     1.000000
x243x0x1                      1.000000
x243x0x3                      1.000000
x141x0x1                      2.000000
x34x0x2                       2.000000
x127x0x1                      1.000000
x127x0x2                      1.000000
x56x0x1                       1.000000
x56x0x2                       1.000000
x95x0x1                       1.000000
x95x0x2                       1.000000
z0z209z3                      1.000000
z0z223z2                      1.000000
z0z223z3                      1.000000
z0z183z1                      1.000000
z0z183z3                      1.000000
z0z265z2                      1.000000
z0z265z3                      1.000000
z0z258z1                      1.000000
z0z123z1                      1.000000
z0z123z3                      1.000000
z0z29z1                       1.000000
z0z124z1                      1.000000
z0z124z2                      1.000000
z0z82z1                       1.000000
z0z82z2                       1.000000
z0z256z3                      1.000000
z0z253z1                      1.000000
z0z253z2                      1.000000
z0z65z1                       1.000000
z0z63z2                       1.000000
z0z140z1                      1.000000
z0z140z3                      1.000000
z0z93z1                       1.000000
z0z93z2                       1.000000
z0z122z3                      1.000000
z0z242z3                      1.000000
z0z180z2                      1.000000
z0z85z2                       1.000000
z0z178z1                      1.000000
z0z178z2                      1.000000
z0z219z1                      1.000000
z0z199z3                      1.000000
z0z211z3                      1.000000
z0z62z1                       1.000000
z0z97z3                       1.000000
z0z239z2                      1.000000
z0z174z2                      1.000000
z0z174z3                      1.000000
z0z87z3                       1.000000
z0z55z2                       1.000000
z0z166z2                      1.000000
z0z273z1                      1.000000
z0z173z2                      1.000000
z0z203z1                      1.000000
z0z191z2                      1.000000
z0z245z2                      1.000000
z0z107z2                      1.000000
z0z44z3                       1.000000
z0z184z3                      1.000000
z0z220z2                      1.000000
z0z94z3                       1.000000
z0z52z1                       1.000000
z0z18z2                       1.000000
z0z141z1                      1.000000
z0z34z2                       1.000000
z0z12z2                       1.000000
z209z211z3                    1.000000
z209z87z3                     1.000000
z209z184z3                    1.000000
z209z94z3                     1.000000
z223z211z3                    1.000000
z223z18z2                     1.000000
z223z34z2                     1.000000
z223z12z2                     1.000000
z142z52z1                     1.000000
z142z34z2                     1.000000
z183z97z3                     1.000000
z183z273z1                    1.000000
z234z52z1                     1.000000
z265z97z3                     1.000000
z265z55z2                     1.000000
z258z219z1                    1.000000
z258z52z1                     1.000000
z258z141z1                    1.000000
z123z104z3                    1.000000
z123z62z1                     1.000000
z157z245z2                    1.000000
z157z220z2                    1.000000
z157z18z2                     1.000000
z157z34z2                     1.000000
z157z12z2                     1.000000
z29z273z1                     1.000000
z29z31z1                      1.000000
z29z52z1                      1.000000
z29z141z1                     1.000000
z124z62z1                     1.000000
z124z55z2                     1.000000
z208z273z1                    1.000000
z208z203z1                    1.000000
z208z52z1                     1.000000
z208z141z1                    1.000000
z82z180z1                     1.000000
z82z104z2                     1.000000
z256z122z3                    1.000000
z256z44z3                     1.000000
z256z184z3                    1.000000
z256z94z3                     1.000000
z253z81z1                     1.000000
z253z18z2                     1.000000
z65z52z1                      1.000000
z65z141z1                     1.000000
z63z166z2                     1.000000
z63z173z2                     1.000000
z63z34z2                      1.000000
z140z85z1                     1.000000
z140z81z3                     1.000000
z93z20z1                      1.000000
z93z20z2                      1.000000
z122z44z3                     1.000000
z242z87z3                     1.000000
z180z1z1                      1.000000
z180z1z2                      1.000000
z104z31z2                     1.000000
z104z94z3                     1.000000
z85z141z1                     1.000000
z85z95z2                      1.000000
z178z166z2                    1.000000
z178z203z1                    1.000000
z219z52z1                     1.000000
z199z94z3                     1.000000
z20z243z1                     1.000000
z20z56z2                      1.000000
z211z243z3                    1.000000
z62z203z1                     1.000000
z62z52z1                      1.000000
z62z127z1                     1.000000
z174z166z2                    1.000000
z174z184z3                    1.000000
z55z220z2                     1.000000
z273z56z1                     1.000000
z273z95z1                     1.000000
z81z94z3                      1.000000
z81z141z1                     1.000000
z173z34z2                     1.000000
z18z127z2                     1.000000
All other variables in the range 1-4245 are 0.
