
Log started (V12.10.0.0) Sun Apr  4 13:24:51 2021


Problem 'asset.lp' read.
Read time = 0.01 sec. (0.32 ticks)
New value for default parallel thread count: 1
New value for time limit in seconds: 300
Version identifier: 12.10.0.0 | 2019-11-26 | 843d4de
CPXPARAM_Threads                                 1
CPXPARAM_TimeLimit                               300
Found incumbent of value -0.757472 after 0.00 sec. (0.14 ticks)
Tried aggregator 3 times.
MIP Presolve eliminated 1649 rows and 499 columns.
MIP Presolve modified 2303 coefficients.
Aggregator did 724 substitutions.
Reduced MIP has 982 rows, 1032 columns, and 4403 nonzeros.
Reduced MIP has 897 binaries, 95 generals, 0 SOSs, and 0 indicators.
Presolve time = 0.01 sec. (11.20 ticks)
Probing fixed 140 vars, tightened 13 bounds.
Probing time = 0.01 sec. (3.89 ticks)
Cover probing fixed 0 vars, tightened 7 bounds.
Tried aggregator 1 time.
MIP Presolve eliminated 200 rows and 195 columns.
MIP Presolve modified 8 coefficients.
Reduced MIP has 782 rows, 832 columns, and 3054 nonzeros.
Reduced MIP has 715 binaries, 77 generals, 0 SOSs, and 0 indicators.
Presolve time = 0.00 sec. (3.17 ticks)
Probing time = 0.00 sec. (2.34 ticks)
Tried aggregator 1 time.
Detecting symmetries...
MIP Presolve modified 74 coefficients.
Reduced MIP has 782 rows, 832 columns, and 3054 nonzeros.
Reduced MIP has 715 binaries, 77 generals, 0 SOSs, and 0 indicators.
Presolve time = 0.00 sec. (2.26 ticks)
Probing time = 0.00 sec. (2.37 ticks)
Clique table members: 2016.
MIP emphasis: balance optimality and feasibility.
MIP search method: dynamic search.
Parallel mode: none, using 1 thread.
Root relaxation solution time = 0.01 sec. (13.89 ticks)

        Nodes                                         Cuts/
   Node  Left     Objective  IInf  Best Integer    Best Bound    ItCnt     Gap

*     0+    0                           -0.7575      984.1183              --- 
      0     0      756.9383   280       -0.7575      756.9383      717     --- 
      0     0      746.2576   280       -0.7575     Cuts: 295     1225     --- 
      0     0      744.3990   280       -0.7575     Cuts: 286     1698     --- 
      0     0      741.5414   280       -0.7575     Cuts: 222     2205     --- 
      0     0      739.7187   280       -0.7575     Cuts: 208     2447     --- 
*     0+    0                           54.4239      739.7187              --- 
*     0+    0                          208.7879      739.7187           254.29%
*     0+    0                          409.8593      739.7187            80.48%
*     0+    0                          446.7359      739.7187            65.58%
      0     0        cutoff            446.7359      739.7187     2447   65.58%
      0     0      737.5691   280      446.7359     Cuts: 219     2866   65.10%
Detecting symmetries...
      0     0      735.7869   280      446.7359     Cuts: 205     3201   64.70%
      0     0      734.7200   280      446.7359     Cuts: 154     3372   64.46%
      0     0      733.5123   280      446.7359     Cuts: 181     3593   64.19%
      0     0      730.8051   280      446.7359     Cuts: 120     4014   63.59%
*     0+    0                          509.1450      730.8051            43.54%
*     0+    0                          545.8020      730.8051            33.90%
*     0+    0                          545.8020      730.8051            33.90%
      0     0        cutoff            545.8020      730.8051     4014   33.90%
      0     0      729.7342   280      545.8020     Cuts: 177     4291   33.70%
      0     0      729.6907   280      545.8020     Cuts: 150     4449   33.69%
      0     0      728.7181   280      545.8020      Cuts: 99     4576   33.51%
      0     0      728.6170   280      545.8020      Cuts: 77     4665   33.49%
      0     0      728.4512   280      545.8020      Cuts: 74     4780   33.46%
      0     0      728.4066   280      545.8020      Cuts: 97     4869   33.46%
*     0+    0                          545.8025      728.4066            33.46%
*     0+    0                          545.8028      728.4066            33.46%
*     0+    0                          574.8072      728.4066            26.72%
      0     0        cutoff            574.8072      728.4066     4869   26.72%
Detecting symmetries...
      0     2      728.4066   252      574.8072      728.3260     4869   26.71%
Elapsed time = 0.52 sec. (560.81 ticks, tree = 0.01 MB, solutions = 10)
*    10+   10                          585.6715      726.9293            24.12%
     50    46      663.3593   171      585.6715      726.4604     9639   24.04%
*    60+   54                          594.6677      726.4604            22.16%
*   160+  134                          628.1078      726.0170            15.59%
*   160+  132                          640.7866      726.0170            13.30%
*   160+  131                          641.0730      726.0170            13.25%
    167   137      719.9124   233      641.0730      725.7761    13639   13.21%
    315   282      703.1765   137      641.0730      725.3946    16945   13.15%

Performing restart 1

Repeating presolve.
Tried aggregator 1 time.
MIP Presolve modified 225 coefficients.
Reduced MIP has 782 rows, 832 columns, and 2889 nonzeros.
Reduced MIP has 715 binaries, 77 generals, 0 SOSs, and 0 indicators.
Presolve time = 0.00 sec. (2.50 ticks)
Tried aggregator 1 time.
Reduced MIP has 782 rows, 832 columns, and 2889 nonzeros.
Reduced MIP has 715 binaries, 77 generals, 0 SOSs, and 0 indicators.
Presolve time = 0.00 sec. (2.25 ticks)
Represolve time = 0.02 sec. (13.51 ticks)
    478     0      721.2786   202      641.0730     Cuts: 138    23142   12.51%
    478     0      720.1502   202      641.0730     Cuts: 152    23321   12.34%
    478     0      716.5136   202      641.0730     Cuts: 121    23685   11.77%
    478     0      716.4252   202      641.0730     Cuts: 136    23898   11.75%
    478     0      715.3025   202      641.0730     Cuts: 102    24098   11.58%
    478     0      713.4298   202      641.0730      Cuts: 91    24276   11.29%
*   478+    0                          641.0779      713.4298            11.29%
*   478+    0                          641.0785      713.4298            11.29%
    478     0        cutoff            641.0785      713.4298    24276   11.29%
    478     0      713.3272   202      641.0785     Cuts: 110    24384   11.27%
    478     0      713.3108   202      641.0785     Cuts: 110    24514   11.27%
    478     0      712.2621   202      641.0785     Cuts: 139    24609   11.10%
    478     0      708.9534   202      641.0785     Cuts: 103    24831   10.59%
    478     0      707.0937   202      641.0785      Cuts: 88    24938   10.30%
    478     0      704.9714   202      641.0785      Cuts: 66    25285    9.97%
    478     0      703.2996   202      641.0785      Cuts: 95    25452    9.71%
    478     0      703.1881   202      641.0785      Cuts: 65    25520    9.69%
    478     0      703.1677   202      641.0785      Cuts: 39    25553    9.69%
    478     0      703.1633   202      641.0785      Cuts: 26    25586    9.68%
*   478+    0                          641.0786      703.1633             9.68%
*   478+    0                          641.0791      703.1633             9.68%
*   478+    0                          641.0793      703.1633             9.68%
    478     0        cutoff            641.0793      703.1633    25586    9.68%
    478     0      703.1196   202      641.0793      Cuts: 41    25648    9.68%
    478     0      703.1165   202      641.0793      Cuts: 46    25688    9.68%
*   478+    0                          641.0798      703.1165             9.68%
*   478+    0                          641.0800      703.1165             9.68%
*   478+    0                          641.0804      703.1165             9.68%
*   478+    0                          641.0805      703.1165             9.68%
    478     0        cutoff            641.0805      703.1165    25688    9.68%
    478     2      703.1165   188      641.0805      702.7738    25688    9.62%
    481     5      700.3321   177      641.0805      700.5782    25864    9.28%
    487    11      692.1460   161      641.0805      700.5782    26864    9.28%
    498    19      671.4111   157      641.0805      700.5782    27136    9.28%
    516    26      667.8471   159      641.0805      697.5333    27746    8.81%
    558    54      656.5381   140      641.0805      692.1749    29421    7.97%
    745   189      662.8750   137      641.0805      687.0603    38118    7.17%
Elapsed time = 4.29 sec. (5209.41 ticks, tree = 0.62 MB, solutions = 24)
*   778+  189                          647.6342      686.9899             6.08%
*   788+  199                          647.6343      686.9899             6.08%
*   788+  199                          647.6353      686.9899             6.08%
*   798+  209                          647.6360      686.9899             6.08%
*   898+  286                          647.6368      685.8574             5.90%
    951   317      670.5739   158      647.6368      682.7556    50067    5.42%
   1123   414  -1.00000e+75   130      647.6368      678.0299    59868    4.69%
   1402   600      670.8846   148      647.6368      676.5955    70133    4.47%
   1682   763      661.4591   129      647.6368      674.2850    81890    4.11%
*  1798+  804                          647.6373      673.0272             3.92%
*  1828+  834                          647.6377      673.0272             3.92%
*  1838+  841                          647.6385      673.0272             3.92%
*  1898+  888                          647.6386      672.9740             3.91%
*  1928   913      integral     0      647.6388      672.9740    89261    3.91%
   1978   915      667.1708   145      647.6388      672.6136    91936    3.86%
*  2028+  954                          647.6390      672.5076             3.84%
*  2128+  994                          647.6398      672.1913             3.79%
   2267  1020      668.8476   132      647.6398      670.9951   101874    3.61%
   2619  1214      661.8174   146      647.6398      669.6190   113067    3.39%
   2850  1250      665.0871   138      647.6398      668.4404   124675    3.21%
   3098  1310      651.6804   125      647.6398      667.0324   135850    2.99%
   3435  1377        cutoff            647.6398      665.7494   147361    2.80%
Elapsed time = 11.71 sec. (14817.02 ticks, tree = 1.46 MB, solutions = 36)
   3675  1303      653.2206   136      647.6398      663.8258   159603    2.50%
   3963  1278        cutoff            647.6398      662.5239   172042    2.30%
   4286  1226      643.3924   134      647.6398      661.1327   184787    2.08%
   4805   906      649.7852   121      647.6398      655.2534   197266    1.18%
   5472  1355      647.6469    88      647.6398      653.9760   208091    0.98%
*  5478+ 1323                          647.6402      653.9760             0.98%
*  5578+ 1404                          647.6402      653.9759             0.98%
   6177  1892      651.6789   121      647.6402      653.9743   218534    0.98%
*  6478+ 2065                          647.6406      653.9739             0.98%
*  6578+ 2152                          647.6406      653.9739             0.98%
   6864  2357        cutoff            647.6406      653.9056   230658    0.97%
   7344  2178        cutoff            647.6406      652.6893   246822    0.78%

GUB cover cuts applied:  3
Clique cuts applied:  35
Implied bound cuts applied:  157
Flow cuts applied:  31
Mixed integer rounding cuts applied:  73
Zero-half cuts applied:  17
Multi commodity flow cuts applied:  1
Lift and project cuts applied:  24
Gomory fractional cuts applied:  16

Root node processing (before b&c):
  Real time             =    0.52 sec. (559.66 ticks)
Sequential b&c:
  Real time             =   17.62 sec. (22340.92 ticks)
                          ------------
Total (root+branch&cut) =   18.13 sec. (22900.58 ticks)

Solution pool: 41 solutions saved.

MIP - Integer optimal, tolerance (0.0001/1e-06):  Objective =  6.4764064911e+02
Current MIP best bound =  6.4765247987e+02 (gap = 0.0118308, 0.00%)
Solution time =   18.13 sec.  Iterations = 251269  Nodes = 7729 (2054)
Deterministic time = 22900.58 ticks  (1262.82 ticks/sec)


Incumbent solution
Variable Name           Solution Value
F                           700.000000
f1                            0.819351
f2                           51.540000
y137                          1.000000
y96                           1.000000
y234                          1.000000
y194                          1.000000
y242                          1.000000
y93                           1.000000
y56                           1.000000
y190                          1.000000
y9                            1.000000
y71                           1.000000
y68                           1.000000
y208                          1.000000
y108                          1.000000
y51                           1.000000
y220                          1.000000
y23                           1.000000
y216                          1.000000
y132                          1.000000
y106                          1.000000
y60                           1.000000
s223                          1.650000
s123                          1.670000
s99                           1.680000
s137                          2.500772
s95                           1.690000
s235                          1.760000
s70                           1.800000
s96                           3.646584
s139                          2.920000
s234                          3.784058
s194                          3.934925
s21                           2.970000
s242                          3.849478
s77                           3.030000
s213                          3.070000
s159                          3.080000
s174                          3.160000
s93                           3.508276
s56                           3.337880
s193                          3.240000
s219                          3.320000
s190                          3.397873
s98                           3.340000
s9                            3.932653
s85                           3.390000
s187                          3.390000
s71                           4.367694
s212                          3.440000
s211                          3.470000
s68                           4.042454
s120                          3.500000
s208                          4.145767
s108                          4.362996
s110                          3.510000
s51                           4.047995
s220                          4.323826
s23                           4.386414
s198                          3.590000
s39                           3.610000
s94                           3.640000
s216                          3.892353
s132                          4.094133
s164                          3.680000
s107                          3.710000
s170                          3.740000
s106                          4.091278
s60                           4.030000
x157x137x1                    1.000000
x184x96x1                     1.000000
x236x108x1                    2.000000
x25x220x1                     1.000000
x134x96x1                     1.000000
x103x137x1                    1.000000
x109x234x1                    1.000000
x143x194x1                    1.000000
x49x106x1                     1.000000
x37x132x1                     1.000000
x131x234x1                    1.000000
x180x190x2                    1.000000
x184x216x2                    1.000000
x158x68x2                     1.000000
x158x60x2                     1.000000
x97x60x2                      1.000000
x114x51x2                     1.000000
x134x56x2                     1.000000
x49x242x2                     1.000000
x37x106x2                     1.000000
x222x56x2                     1.000000
x239x9x2                      2.000000
x180x190x3                    1.000000
x97x132x3                     1.000000
x169x208x3                    2.000000
x25x23x3                      1.000000
x114x68x3                     1.000000
x109x242x3                    1.000000
x143x71x3                     1.000000
x215x93x3                     2.000000
x131x51x3                     1.000000
x222x216x3                    1.000000
x137x194x1                    1.000000
x137x220x1                    1.000000
x96x0x1                       2.000000
x234x0x1                      2.000000
x194x0x1                      2.000000
x242x0x2                      1.000000
x242x0x3                      1.000000
x93x0x3                       2.000000
x56x71x2                      1.000000
x56x23x2                      1.000000
x190x0x2                      1.000000
x190x0x3                      1.000000
x9x0x2                        2.000000
x71x0x2                       1.000000
x71x0x3                       1.000000
x68x0x2                       1.000000
x68x0x3                       1.000000
x208x0x3                      2.000000
x108x0x1                      2.000000
x51x0x2                       1.000000
x51x0x3                       1.000000
x220x0x1                      2.000000
x23x0x2                       1.000000
x23x0x3                       1.000000
x216x0x2                      1.000000
x216x0x3                      1.000000
x132x0x1                      1.000000
x132x0x3                      1.000000
x106x0x1                      1.000000
x106x0x2                      1.000000
x60x0x2                       2.000000
s157                          1.059349
z157z137z1                    1.000000
z157z234z1                    1.000000
z157z194z1                    1.000000
z157z21z1                     1.000000
z157z77z1                     1.000000
z157z174z1                    1.000000
z157z108z1                    1.000000
z157z220z1                    1.000000
z157z107z1                    1.000000
z157z170z1                    1.000000
s180                          1.954721
z180z190z2                    1.000000
z180z190z3                    1.000000
z180z85z2                     1.000000
z180z187z2                    1.000000
s184                          2.264907
z184z96z1                     1.000000
z184z216z2                    1.000000
s236                          2.279629
z236z108z1                    1.000000
s158                          2.341950
z158z68z2                     1.000000
z158z60z2                     1.000000
s97                           2.117349
z97z132z3                     1.000000
z97z60z2                      1.000000
s169                          2.341082
z169z208z3                    1.000000
s25                           2.257487
z25z220z1                     1.000000
z25z23z3                      1.000000
s114                          2.380000
z114z68z3                     1.000000
z114z51z2                     1.000000
s134                          1.938198
z134z96z1                     1.000000
z134z56z2                     1.000000
z134z9z2                      1.000000
z134z85z2                     1.000000
z134z187z2                    1.000000
s103                          1.450000
z103z137z1                    1.000000
z103z194z1                    1.000000
z103z21z1                     1.000000
z103z77z1                     1.000000
z103z174z1                    1.000000
z103z108z1                    1.000000
z103z220z1                    1.000000
z103z107z1                    1.000000
z103z170z1                    1.000000
s109                          2.315151
z109z234z1                    1.000000
z109z242z3                    1.000000
s143                          2.463333
z143z194z1                    1.000000
z143z71z3                     1.000000
s49                           2.357712
z49z242z2                     1.000000
z49z106z1                     1.000000
s37                           2.382164
z37z132z1                     1.000000
z37z106z2                     1.000000
s215                          2.202517
z215z93z3                     1.000000
s131                          2.412068
z131z234z1                    1.000000
z131z51z3                     1.000000
s222                          2.043605
z222z56z2                     1.000000
z222z85z2                     1.000000
z222z187z2                    1.000000
z222z216z3                    1.000000
s239                          2.543742
z239z9z2                      1.000000
z137z194z1                    1.000000
z137z220z1                    1.000000
z56z71z2                      1.000000
z56z23z2                      1.000000
All other variables in the range 1-2261 are 0.
