
Log started (V12.10.0.0) Tue Apr 20 04:01:27 2021


Problem 'asset.lp' read.
Read time = 0.01 sec. (0.32 ticks)
New value for default parallel thread count: 1
New value for time limit in seconds: 150
Version identifier: 12.10.0.0 | 2019-11-26 | 843d4de
CPXPARAM_Threads                                 1
CPXPARAM_TimeLimit                               150
Found incumbent of value -0.586060 after 0.00 sec. (0.14 ticks)
Tried aggregator 7 times.
MIP Presolve eliminated 1234 rows and 45 columns.
MIP Presolve modified 2746 coefficients.
Aggregator did 950 substitutions.
Reduced MIP has 1119 rows, 1228 columns, and 5645 nonzeros.
Reduced MIP has 1085 binaries, 91 generals, 0 SOSs, and 0 indicators.
Presolve time = 0.02 sec. (19.89 ticks)
Probing time = 0.00 sec. (2.64 ticks)
Tried aggregator 1 time.
Detecting symmetries...
MIP Presolve modified 178 coefficients.
Reduced MIP has 1119 rows, 1228 columns, and 5645 nonzeros.
Reduced MIP has 1085 binaries, 91 generals, 0 SOSs, and 0 indicators.
Presolve time = 0.00 sec. (3.67 ticks)
Probing time = 0.00 sec. (2.58 ticks)
Clique table members: 3558.
MIP emphasis: balance optimality and feasibility.
MIP search method: dynamic search.
Parallel mode: none, using 1 thread.
Root relaxation solution time = 0.03 sec. (38.70 ticks)

        Nodes                                         Cuts/
   Node  Left     Objective  IInf  Best Integer    Best Bound    ItCnt     Gap

*     0+    0                           -0.5861     1264.2697              --- 
      0     0     1256.0209   281       -0.5861     1256.0209     1149     --- 
      0     0     1230.9931   281       -0.5861     Cuts: 379     2145     --- 
      0     0     1198.3746   281       -0.5861     Cuts: 379     3114     --- 
      0     0     1189.0085   281       -0.5861     Cuts: 379     3746     --- 
      0     0     1181.7653   281       -0.5861     Cuts: 379     4199     --- 
      0     0     1175.7219   281       -0.5861     Cuts: 379     4612     --- 
Detecting symmetries...
      0     0     1171.1892   281       -0.5861     Cuts: 379     4935     --- 
      0     0     1168.7511   281       -0.5861     Cuts: 379     5306     --- 
      0     0     1167.7848   281       -0.5861     Cuts: 337     5519     --- 
      0     0     1167.2608   281       -0.5861     Cuts: 305     5677     --- 
      0     0     1166.3427   281       -0.5861     Cuts: 177     5880     --- 
      0     0     1165.6677   281       -0.5861     Cuts: 268     6136     --- 
      0     0     1165.3935   281       -0.5861     Cuts: 333     6250     --- 
      0     0     1163.7772   281       -0.5861     Cuts: 233     6436     --- 
      0     0     1163.0983   281       -0.5861     Cuts: 379     6608     --- 
      0     0     1162.6117   281       -0.5861     Cuts: 164     6712     --- 
      0     0     1162.2941   281       -0.5861     Cuts: 143     6806     --- 
      0     0     1162.1597   281       -0.5861     Cuts: 155     6890     --- 
      0     0     1161.8542   281       -0.5861     Cuts: 241     7101     --- 
      0     0     1161.4815   281       -0.5861     Cuts: 263     7307     --- 
      0     0     1161.2031   281       -0.5861     Cuts: 255     7438     --- 
      0     0     1160.7875   281       -0.5861     Cuts: 224     7590     --- 
      0     0     1160.6034   281       -0.5861     Cuts: 291     7710     --- 
      0     0     1160.4737   281       -0.5861     Cuts: 208     7801     --- 
*     0+    0                          128.3297     1160.4737           804.29%
*     0+    0                          184.1738     1160.4737           530.10%
*     0+    0                          328.1508     1160.4737           253.64%
      0     0        cutoff            328.1508     1160.4737     7801  253.64%
Detecting symmetries...
      0     2     1160.4737   319      328.1508     1160.4667     7801  253.64%
Elapsed time = 1.09 sec. (1330.33 ticks, tree = 0.01 MB, solutions = 3)
*    10+   10                          670.6849     1159.9189            72.95%
     10    12     1154.8037   261      670.6849     1159.9189    10661   72.95%
     20    22     1138.5640   235      670.6849     1159.9189    13758   72.95%
     30    32     1152.1344   254      670.6849     1159.9189    15717   72.95%
     49    51     1141.9342   227      670.6849     1159.9189    19442   72.95%
     66    68     1131.5286   236      670.6849     1159.9189    22550   72.95%
     85    87     1101.8745   208      670.6849     1159.9189    26272   72.95%
    100   102     1075.4568   212      670.6849     1159.9189    29236   72.95%
    120   120     1055.7783   186      670.6849     1159.9189    31868   72.95%
    159   159      966.3705   131      670.6849     1159.9189    35355   72.95%
*   160+  158                          684.8020     1159.9189            69.38%
*   230+  226                          735.2853     1159.9189            57.75%
*   250+  242                          735.2855     1159.9189            57.75%
*   251   242      integral     0      735.2857     1159.9189    38944   57.75%
Elapsed time = 2.98 sec. (4038.44 ticks, tree = 2.12 MB, solutions = 8)
    300   291     1125.4231   246      735.2857     1158.1361    45374   57.51%
*   351+  339                          735.2860     1158.1361            57.51%
    488   458     1118.9686   260      735.2860     1157.3018    56501   57.39%

Performing restart 1

Repeating presolve.
Tried aggregator 2 times.
MIP Presolve modified 1065 coefficients.
Aggregator did 15 substitutions.
Reduced MIP has 1104 rows, 1213 columns, and 4770 nonzeros.
Reduced MIP has 1070 binaries, 91 generals, 0 SOSs, and 0 indicators.
Presolve time = 0.01 sec. (6.05 ticks)
Tried aggregator 1 time.
Reduced MIP has 1104 rows, 1213 columns, and 4770 nonzeros.
Reduced MIP has 1070 binaries, 91 generals, 0 SOSs, and 0 indicators.
Presolve time = 0.00 sec. (3.56 ticks)
Represolve time = 0.03 sec. (26.47 ticks)
    506     0     1053.2020   304      735.2860     Cuts: 376    61435   43.24%
    506     0     1009.9551   304      735.2860     Cuts: 237    61979   37.36%
    506     0      990.3898   304      735.2860     Cuts: 214    62334   34.69%
*   506+    0                          792.5604      990.3898            24.96%
*   506+    0                          817.7208      990.3898            21.12%
    506     0        cutoff            817.7208      990.3898    62334   21.12%
    506     0      979.3824   304      817.7208     Cuts: 275    62708   19.77%
    506     0      976.0358   304      817.7208     Cuts: 128    62890   19.36%
    506     0      971.0898   304      817.7208     Cuts: 114    63177   18.76%
*   506+    0                          820.2208      971.0898            18.39%
*   506+    0                          820.2219      971.0898            18.39%
    506     0        cutoff            820.2219      971.0898    63177   18.39%
    506     0      967.9591   304      820.2219     Cuts: 128    63399   18.01%
    506     0      964.1608   304      820.2219     Cuts: 166    63619   17.55%
    506     0      963.5679   304      820.2219     Cuts: 100    63756   17.48%
    506     0      961.4864   304      820.2219     Cuts: 105    63995   17.22%
*   506+    0                          820.4874      961.4864            17.18%
*   506+    0                          829.9110      961.4864            15.85%
*   506+    0                          829.9128      961.4864            15.85%
*   506+    0                          829.9132      961.4864            15.85%
    506     0      960.5976   304      829.9132      Cuts: 62    64181   15.75%
    506     0      959.9988   304      829.9132     Cuts: 104    64349   15.67%
    506     0      959.6766   304      829.9132      Cuts: 50    64479   15.64%
    506     0      959.3296   304      829.9132      Cuts: 77    64604   15.59%
    506     0      959.1687   304      829.9132      Cuts: 59    64689   15.57%
    506     0      958.9027   304      829.9132      Cuts: 38    64772   15.54%
*   506+    0                          829.9141      958.9027            15.54%
*   506+    0                          829.9141      958.9027            15.54%
*   506+    0                          829.9155      958.9027            15.54%
    506     0        cutoff            829.9155      958.9027    64772   15.54%
    506     0      958.5839   304      829.9155      Cuts: 37    64845   15.50%
    506     0      958.4180   304      829.9155      Cuts: 50    64906   15.48%
    506     0      958.1911   304      829.9155      Cuts: 49    65017   15.46%
    506     0      957.5767   304      829.9155      Cuts: 77    65188   15.38%
    506     0      956.8197   304      829.9155      Cuts: 85    65325   15.29%
    506     0      956.5826   304      829.9155      Cuts: 61    65395   15.26%
    506     0      956.4959   304      829.9155      Cuts: 38    65444   15.25%
    506     0      956.2625   304      829.9155      Cuts: 22    65519   15.22%
*   506+    0                          832.0839      956.2625            14.92%
*   506+    0                          832.0839      956.2625            14.92%
*   506+    0                          834.5853      956.2625            14.58%
*   506+    0                          836.7264      956.2625            14.29%
    506     0        cutoff            836.7264      956.2625    65519   14.29%
    506     0      956.0071   304      836.7264      Cuts: 58    65591   14.26%
    506     0      955.8976   304      836.7264      Cuts: 25    65665   14.24%
    506     0      955.7453   304      836.7264      Cuts: 79    65744   14.22%
    506     0      955.5165   304      836.7264      Cuts: 23    65856   14.20%
    506     0      955.3495   304      836.7264      Cuts: 28    65935   14.18%
*   506+    0                          836.7277      955.3495            14.18%
*   506+    0                          836.7297      955.3495            14.18%
    506     2      955.3495   281      836.7297      955.2907    65935   14.17%
    514    10      946.5589   240      836.7297      949.7318    67956   13.51%
    525    21      941.7354   245      836.7297      949.7318    72586   13.51%
    556    52      909.1821   185      836.7297      949.7318    77521   13.51%
    644   134      930.5757   238      836.7297      947.8610    86044   13.28%
    736   217      946.3007   265      836.7297      947.4474    95852   13.23%
    818   294      943.7828   219      836.7297      946.4984   103173   13.12%
    897   369      938.7361   225      836.7297      946.2380   110761   13.09%
Elapsed time = 14.49 sec. (19131.36 ticks, tree = 0.41 MB, solutions = 26)
    985   450      913.3978   177      836.7297      944.5842   118878   12.89%
   1077   542      855.4644    98      836.7297      944.5842   128782   12.89%
   1190   637      837.6387   108      836.7297      944.0259   139091   12.82%
   1282   717    infeasible            836.7297      943.6800   148647   12.78%
   1371   804      837.1247    68      836.7297      943.6484   158389   12.78%
   1472   882      916.6596   204      836.7297      942.1949   168122   12.60%
   1561   960      836.7346    82      836.7297      941.8511   177588   12.56%
   1637  1019      907.0288   183      836.7297      940.8303   186309   12.44%
   1780  1146      938.2526   238      836.7297      940.5676   195762   12.41%
*  1853  1217      integral     0      836.7301      940.5676   200405   12.41%
Elapsed time = 20.93 sec. (28239.13 ticks, tree = 1.19 MB, solutions = 27)
   1912  1272      861.8229   140      836.7301      940.0112   209690   12.34%
*  1953+ 1299                          836.7302      939.9646            12.34%
   1990  1334      892.2726   189      836.7302      939.4659   218506   12.28%
   2106  1440      928.0724   216      836.7302      938.8057   226752   12.20%
   2186  1516      855.0721   119      836.7302      938.6986   236895   12.19%
   2301  1607      890.3753   153      836.7302      938.2868   247152   12.14%
   2438  1732      930.6056   239      836.7302      938.2261   257850   12.13%
   2531  1820      868.0719   139      836.7302      938.1952   268384   12.13%
   2611  1888      934.3205   242      836.7302      937.9288   278154   12.09%
   2707  1977      874.1282   117      836.7302      937.7232   287440   12.07%
   2801  2058      880.1475   188      836.7302      937.3431   297084   12.02%
Elapsed time = 27.71 sec. (37970.19 ticks, tree = 1.99 MB, solutions = 28)
   2923  2161      917.7755   230      836.7302      937.0630   306826   11.99%
   3024  2253      914.2884   192      836.7302      936.6538   316258   11.94%
   3129  2347      840.6113   119      836.7302      936.6532   326224   11.94%
   3228  2432      927.6706   241      836.7302      935.2646   336985   11.78%
   3373  2568      903.0457   204      836.7302      935.1530   348194   11.76%
   3483  2666      910.1881   179      836.7302      934.9220   359965   11.74%
*  3506+ 2490                          844.5656      934.9220            10.70%
*  3506+ 2490                          844.5672      934.9220            10.70%
*  3506+ 2490                          844.5673      934.9220            10.70%
*  3506+ 2490                          844.5673      934.9220            10.70%
*  3506+ 2490                          844.5675      934.9220            10.70%
   3570  2550      888.6512   152      844.5675      934.9061   366775   10.70%
*  3606+ 2582                          844.5683      934.9061            10.70%
   3698  2664        cutoff            844.5683      934.6758   378204   10.67%
   3801  2759      889.7335   146      844.5683      934.2823   388211   10.62%
   3912  2852      922.6784   216      844.5683      933.7663   398465   10.56%
Elapsed time = 34.66 sec. (47609.92 ticks, tree = 2.73 MB, solutions = 34)
   4057  2992      874.1005   147      844.5683      933.7618   407439   10.56%
   4166  3080      873.1712   161      844.5683      933.5676   417429   10.54%
   4300  3198      927.5147   250      844.5683      933.4148   427628   10.52%
   4376  3270      873.4042   187      844.5683      933.3195   436634   10.51%
   4470  3348      899.3747   201      844.5683      932.7080   445974   10.44%
   4586  3458      913.4558   238      844.5683      932.6397   455316   10.43%
   4719  3573      912.8481   214      844.5683      931.9455   467201   10.35%
   4864  3704      892.2871   176      844.5683      931.9094   478494   10.34%
   5008  3839      893.5601   199      844.5683      931.6252   490927   10.31%
   5130  3945      914.4326   209      844.5683      931.3236   502670   10.27%
Elapsed time = 41.47 sec. (57279.66 ticks, tree = 3.69 MB, solutions = 34)
   5284  4081      846.0185    88      844.5683      931.2417   514878   10.26%
   5416  4203      863.4905   122      844.5683      931.0820   526525   10.24%
   5529  4294      919.8032   249      844.5683      930.9188   537780   10.22%
   5683  4434        cutoff            844.5683      930.7193   549556   10.20%
   5787  4518      853.1785   121      844.5683      930.5712   561250   10.18%
   5890  4607      875.0217   145      844.5683      930.2728   572994   10.15%
   6000  4703      923.0728   239      844.5683      930.0906   583438   10.13%
   6096  4795      860.5094   109      844.5683      930.0079   593667   10.12%
   6209  4893      915.9235   211      844.5683      929.9060   602567   10.10%
   6356  5033      888.0275   165      844.5683      929.8212   612393   10.09%
Elapsed time = 48.25 sec. (66901.87 ticks, tree = 4.74 MB, solutions = 34)
   6465  5129      860.6747   109      844.5683      929.7625   622640   10.09%
*  6506+ 5028                          847.1779      929.6719             9.74%
   6608  5124      890.4952   191      847.1779      929.4128   632295    9.71%
   6688  5196      897.7089   159      847.1779      929.3680   642005    9.70%
   6779  5279      866.9057   138      847.1779      929.1376   652380    9.67%
   6873  5364      848.1036   109      847.1779      929.0835   663574    9.67%
   6998  5476      868.8992   132      847.1779      928.8899   675266    9.65%
   7107  5559      882.5791   164      847.1779      928.7316   687094    9.63%
   7264  5699        cutoff            847.1779      928.5531   699921    9.61%
   7376  5795      912.8620   200      847.1779      928.4299   711713    9.59%
   7480  5885      860.3092   144      847.1779      928.3624   724626    9.58%
Elapsed time = 55.03 sec. (76493.30 ticks, tree = 5.45 MB, solutions = 35)
   7627  6018      911.7935   207      847.1779      928.2092   737018    9.56%
   7739  6120      861.4862   137      847.1779      928.1084   747755    9.55%
   7887  6258      862.3423    52      847.1779      928.0448   760302    9.55%
   8015  6365      893.4263   156      847.1779      927.9601   772686    9.54%
   8153  6487      919.0620   216      847.1779      927.8510   785015    9.52%
   8250  6572      912.1049   207      847.1779      927.6928   796111    9.50%
   8339  6644      883.7970   182      847.1779      927.5878   806089    9.49%
   8463  6754      894.6604   227      847.1779      927.5571   816879    9.49%
*  8506+ 6791                          847.1780      927.5345             9.49%
*  8506+ 6791                          847.1784      927.5345             9.49%
   8559  6841      858.7996   145      847.1784      927.4998   827617    9.48%
   8648  6918      888.7388   190      847.1784      927.4228   838099    9.47%
Elapsed time = 61.83 sec. (86111.05 ticks, tree = 6.34 MB, solutions = 37)
   8745  6997      890.4759   177      847.1784      927.3480   848352    9.46%
   8856  7098      869.0751   150      847.1784      927.2209   858566    9.45%
   8971  7197      879.7880   170      847.1784      927.0446   869277    9.43%
   9075  7293      855.9363   108      847.1784      926.9952   877428    9.42%
   9202  7398      893.4460   183      847.1784      926.8732   885405    9.41%
   9377  7553      920.8685   221      847.1784      926.8132   893024    9.40%
   9491  7655      861.3386    72      847.1784      926.5168   901236    9.37%
*  9506+ 7662                          847.1799      926.4683             9.36%
   9609  7758      888.5650   158      847.1799      926.3972   907964    9.35%
   9705  7842      894.2373   179      847.1799      926.3023   915339    9.34%
  10326  8385      904.3739   217      847.1799      926.0307   948262    9.31%
Elapsed time = 70.87 sec. (98576.71 ticks, tree = 16.12 MB, solutions = 38)
* 10626+ 8653                          847.1799      925.8833             9.29%
* 10626+ 8653                          847.1803      925.8833             9.29%
* 10626+ 8653                          847.1812      925.8833             9.29%
* 10626+ 8653                          847.1813      925.8833             9.29%
* 10627+ 8654                          847.1816      925.8833             9.29%
* 10627+ 8654                          847.1816      925.8833             9.29%
  10627  8656      911.0186   205      847.1816      925.8777   967532    9.29%
* 10628+ 8655                          847.1816      925.8777             9.29%
  10628  8657      905.6247   186      847.1816      925.8765   968065    9.29%
  11203  9154      876.9951   178      847.1816      925.3953  1001400    9.23%
  11753  9647      918.4367   208      847.1816      925.1189  1032663    9.20%
  12318 10155      907.0110   208      847.1816      924.7181  1065871    9.15%
  12851 10636      891.3919   161      847.1816      924.2044  1097824    9.09%
  13389 11106      862.7775   140      847.1816      923.6530  1129068    9.03%
  13886 11546      855.4311   151      847.1816      923.2702  1159159    8.98%
  14358 11949      886.1512   169      847.1816      922.8574  1190709    8.93%
  14894 12409      876.8084   141      847.1816      922.5375  1223723    8.89%
Elapsed time = 113.42 sec. (152658.96 ticks, tree = 50.19 MB, solutions = 45)
  15503 12931      858.9197   125      847.1816      922.1213  1257430    8.85%
  16048 13422      856.2071    87      847.1816      921.8130  1291496    8.81%
  16656 13960      891.7941   181      847.1816      921.4664  1326196    8.77%
  17210 14431      875.3301   129      847.1816      921.0268  1359370    8.72%
  17727 14881      904.7691   198      847.1816      920.8255  1391269    8.69%
  18303 15393      888.1510   199      847.1816      920.5174  1423692    8.66%
  18921 15938      859.7764    91      847.1816      920.2361  1455389    8.62%
Starting limited solution polishing.
  19522 16460      904.3832   199      847.1816      919.9473  1488109    8.59%
  20065 16923      877.3238   145      847.1816      919.6450  1515487    8.55%
  20422 17225      880.9625   184      847.1816      919.5220  1534805    8.54%
Elapsed time = 141.83 sec. (190859.34 ticks, tree = 90.53 MB, solutions = 45)
  20806 17556      877.0793   163      847.1816      919.3863  1554406    8.52%

Performing restart 2

Repeating presolve.
Tried aggregator 1 time.
MIP Presolve eliminated 98 rows and 0 columns.
MIP Presolve modified 204 coefficients.
Reduced MIP has 1006 rows, 1213 columns, and 15572 nonzeros.
Reduced MIP has 1070 binaries, 91 generals, 0 SOSs, and 0 indicators.
Presolve time = 0.01 sec. (8.80 ticks)
Tried aggregator 1 time.
Reduced MIP has 1006 rows, 1213 columns, and 15572 nonzeros.
Reduced MIP has 1070 binaries, 91 generals, 0 SOSs, and 0 indicators.
Presolve time = 0.01 sec. (9.52 ticks)
Represolve time = 0.09 sec. (75.85 ticks)
  20970     0      942.1886   286      847.1816     Cuts: 107  1567205    8.51%
  20970     0      940.2481   286      847.1816      Cuts: 87  1567346    8.51%
  20970     0      937.1165   286      847.1816     Cuts: 150  1567492    8.51%
  20970     0      935.9624   286      847.1816      Cuts: 60  1567581    8.51%
  20970     0      934.9325   286      847.1816      Cuts: 93  1567722    8.51%
  20970     0      934.3332   286      847.1816      Cuts: 79  1567835    8.51%
  20970     0      933.6394   286      847.1816      Cuts: 79  1567982    8.51%
  20970     0      933.2386   286      847.1816     Cuts: 116  1568074    8.51%
  20970     0      932.7825   286      847.1816      Cuts: 39  1568165    8.51%
  20970     0      932.5524   286      847.1816      Cuts: 63  1568223    8.51%
  20970     0      932.2841   286      847.1816      Cuts: 55  1568274    8.51%
  20970     0      931.8401   286      847.1816      Cuts: 61  1568352    8.51%
  20970     2      931.8401   276      847.1816      919.2460  1568352    8.51%

GUB cover cuts applied:  2
Clique cuts applied:  93
Cover cuts applied:  1
Implied bound cuts applied:  83
Mixed integer rounding cuts applied:  22
Zero-half cuts applied:  37
Lift and project cuts applied:  22
Gomory fractional cuts applied:  2

Root node processing (before b&c):
  Real time             =    1.08 sec. (1326.61 ticks)
Sequential b&c:
  Real time             =  148.92 sec. (199612.50 ticks)
                          ------------
Total (root+branch&cut) =  150.00 sec. (200939.11 ticks)

Solution pool: 46 solutions saved.

MIP - Time limit exceeded, integer feasible:  Objective =  8.4718164303e+02
Current MIP best bound =  9.1924600246e+02 (gap = 72.0644, 8.51%)
Solution time =  150.00 sec.  Iterations = 1570644  Nodes = 20987 (18)
Deterministic time = 200939.11 ticks  (1339.58 ticks/sec)


Incumbent solution
Variable Name           Solution Value
F                           930.000000
f1                            0.658357
f2                           82.160000
y123                          1.000000
y24                           1.000000
y56                           1.000000
y207                          1.000000
y99                           1.000000
y208                          1.000000
y172                          1.000000
y57                           1.000000
y251                          1.000000
y47                           1.000000
y148                          1.000000
y190                          1.000000
y260                          1.000000
y122                          1.000000
y202                          1.000000
y270                          1.000000
y221                          1.000000
y128                          1.000000
y187                          1.000000
y5                            1.000000
y53                           1.000000
y252                          1.000000
y66                           1.000000
y28                           1.000000
y147                          1.000000
y220                          1.000000
s153                          0.590000
s92                           0.660000
s37                           0.800000
s123                          0.855440
s200                          0.820000
s24                           0.920000
s8                            0.980000
s215                          1.000000
s56                           1.080000
s207                          1.100000
s136                          1.160000
s99                           1.170000
s208                          1.180000
s172                          1.190000
s78                           1.200000
s245                          1.210000
s19                           1.230000
s57                           2.185409
s165                          1.260000
s25                           1.290000
s70                           1.290000
s251                          1.946116
s87                           1.350000
s4                            1.360000
s242                          1.380000
s47                           1.390000
s148                          1.400000
s190                          1.400000
s260                          1.410000
s21                           1.440000
s122                          2.030353
s202                          1.440000
s270                          1.440000
s32                           1.470000
s221                          2.222068
s188                          1.530000
s128                          2.490772
s247                          1.570000
s65                           1.580000
s177                          1.610000
s125                          1.670000
s187                          2.526789
s30                           1.690000
s5                            2.271104
s53                           2.397665
s126                          1.700000
s243                          1.700000
s15                           1.710000
s252                          2.656976
s61                           1.760000
s6                            1.800000
s66                           2.665169
s267                          1.830000
s163                          1.840000
s63                           1.880000
s162                          1.880000
s28                           2.713577
s147                          2.592813
s220                          2.908888
x0x24x1                       1.000000
x0x207x1                      1.000000
x0x172x1                      2.000000
x0x47x1                       1.000000
x0x260x1                      1.000000
x0x202x1                      2.000000
x0x270x1                      1.000000
x0x56x2                       1.000000
x0x207x2                      1.000000
x0x99x2                       1.000000
x0x208x2                      1.000000
x0x148x2                      1.000000
x0x190x2                      1.000000
x0x260x2                      1.000000
x0x270x2                      1.000000
x0x53x2                       1.000000
x0x123x3                      2.000000
x0x24x3                       1.000000
x0x56x3                       1.000000
x0x99x3                       1.000000
x0x208x3                      1.000000
x0x47x3                       1.000000
x0x148x3                      1.000000
x0x190x3                      1.000000
x123x251x3                    2.000000
x24x122x1                     1.000000
x24x122x3                     1.000000
x56x147x2                     1.000000
x56x57x3                      1.000000
x207x221x1                    1.000000
x207x252x2                    1.000000
x99x221x2                     1.000000
x99x57x3                      1.000000
x208x53x2                     1.000000
x208x147x3                    1.000000
x172x5x1                      2.000000
x57x0x3                       2.000000
x251x0x3                      2.000000
x47x187x1                     1.000000
x47x220x3                     1.000000
x148x0x2                      1.000000
x148x187x3                    1.000000
x190x66x2                     1.000000
x190x28x3                     1.000000
x260x252x1                    1.000000
x260x66x2                     1.000000
x122x0x1                      1.000000
x122x0x3                      1.000000
x202x128x1                    1.000000
x202x28x1                     1.000000
x270x220x1                    1.000000
x270x128x2                    1.000000
x221x0x1                      1.000000
x221x0x2                      1.000000
x128x0x1                      1.000000
x128x0x2                      1.000000
x187x0x1                      1.000000
x187x0x3                      1.000000
x5x0x1                        2.000000
x53x0x2                       2.000000
x252x0x1                      1.000000
x252x0x2                      1.000000
x66x0x2                       2.000000
x28x0x1                       1.000000
x28x0x3                       1.000000
x147x0x2                      1.000000
x147x0x3                      1.000000
x220x0x1                      1.000000
x220x0x3                      1.000000
z0z123z3                      1.000000
z0z24z1                       1.000000
z0z24z3                       1.000000
z0z56z2                       1.000000
z0z56z3                       1.000000
z0z207z1                      1.000000
z0z207z2                      1.000000
z0z136z2                      1.000000
z0z99z2                       1.000000
z0z99z3                       1.000000
z0z208z2                      1.000000
z0z208z3                      1.000000
z0z172z1                      1.000000
z0z78z1                       1.000000
z0z57z3                       1.000000
z0z165z2                      1.000000
z0z251z3                      1.000000
z0z4z3                        1.000000
z0z242z3                      1.000000
z0z47z1                       1.000000
z0z47z3                       1.000000
z0z148z2                      1.000000
z0z148z3                      1.000000
z0z190z2                      1.000000
z0z190z3                      1.000000
z0z260z1                      1.000000
z0z260z2                      1.000000
z0z202z1                      1.000000
z0z270z1                      1.000000
z0z270z2                      1.000000
z0z32z3                       1.000000
z0z247z2                      1.000000
z0z65z3                       1.000000
z0z177z3                      1.000000
z0z30z3                       1.000000
z0z5z1                        1.000000
z0z53z2                       1.000000
z0z15z2                       1.000000
z0z66z2                       1.000000
z0z267z1                      1.000000
z0z163z2                      1.000000
z123z251z3                    1.000000
z24z122z1                     1.000000
z24z122z3                     1.000000
z56z57z3                      1.000000
z56z147z2                     1.000000
z207z221z1                    1.000000
z207z252z2                    1.000000
z99z57z3                      1.000000
z99z221z2                     1.000000
z208z53z2                     1.000000
z208z147z3                    1.000000
z172z5z1                      1.000000
z47z187z1                     1.000000
z47z220z3                     1.000000
z148z187z3                    1.000000
z190z66z2                     1.000000
z190z28z3                     1.000000
z260z252z1                    1.000000
z260z66z2                     1.000000
z202z128z1                    1.000000
z202z28z1                     1.000000
z270z128z2                    1.000000
z270z220z1                    1.000000
All other variables in the range 1-2225 are 0.
